Scenario - learning_JJ_english
Logfile written - 10/14/2021 11:59:52

Subject	Trial	Event Type	Code	Time	TTime	Uncertainty	Duration	Uncertainty	ReqTime	ReqDur	Stim Type	Pair Index

p0013	0	Pulse	255	0	0	NA
p0013	1	Picture	instruct_trial	10333	0	1	3087237	1	0	next	other	0
p0013	1	Pulse	255	30000	19667	NA
p0013	1	Pulse	255	60000	49667	NA
p0013	1	Pulse	255	90000	79667	NA
p0013	1	Pulse	255	120000	109667	NA
p0013	1	Pulse	255	150000	139667	NA
p0013	1	Pulse	255	180000	169667	NA
p0013	1	Pulse	255	210000	199667	NA
p0013	1	Pulse	255	240000	229667	NA
p0013	1	Pulse	255	270000	259667	NA
p0013	1	Pulse	255	300000	289667	NA
p0013	1	Pulse	255	330000	319667	NA
p0013	1	Pulse	255	360000	349667	NA
p0013	1	Pulse	255	390000	379667	NA
p0013	1	Pulse	255	420000	409667	NA
p0013	1	Pulse	255	450000	439667	NA
p0013	1	Pulse	255	480000	469667	NA
p0013	1	Pulse	255	510000	499667	NA
p0013	1	Pulse	255	540000	529667	NA
p0013	1	Pulse	255	570000	559667	NA
p0013	1	Pulse	255	600000	589667	NA
p0013	1	Pulse	255	630000	619667	NA
p0013	1	Pulse	255	660000	649667	NA
p0013	1	Pulse	255	690000	679667	NA
p0013	1	Pulse	255	720000	709667	NA
p0013	1	Pulse	255	750000	739667	NA
p0013	1	Pulse	255	780000	769667	NA
p0013	1	Pulse	255	810000	799667	NA
p0013	1	Pulse	255	840000	829667	NA
p0013	1	Pulse	255	870000	859667	NA
p0013	1	Pulse	255	900000	889667	NA
p0013	1	Pulse	255	930000	919667	NA
p0013	1	Pulse	255	960000	949667	NA
p0013	1	Pulse	255	990000	979667	NA
p0013	1	Pulse	255	1020000	1009667	NA
p0013	1	Pulse	255	1050000	1039667	NA
p0013	1	Pulse	255	1080000	1069667	NA
p0013	1	Pulse	255	1110000	1099667	NA
p0013	1	Pulse	255	1140000	1129667	NA
p0013	1	Pulse	255	1170000	1159667	NA
p0013	1	Pulse	255	1200000	1189667	NA
p0013	1	Pulse	255	1230000	1219667	NA
p0013	1	Pulse	255	1260000	1249667	NA
p0013	1	Pulse	255	1290000	1279667	NA
p0013	1	Pulse	255	1320000	1309667	NA
p0013	1	Pulse	255	1350000	1339667	NA
p0013	1	Pulse	255	1380000	1369667	NA
p0013	1	Pulse	255	1410000	1399667	NA
p0013	1	Pulse	255	1440000	1429667	NA
p0013	1	Pulse	255	1470000	1459667	NA
p0013	1	Pulse	255	1500000	1489667	NA
p0013	1	Pulse	255	1530000	1519667	NA
p0013	1	Pulse	255	1560000	1549667	NA
p0013	1	Pulse	255	1590000	1579667	NA
p0013	1	Pulse	255	1620000	1609667	NA
p0013	1	Pulse	255	1650000	1639667	NA
p0013	1	Pulse	255	1680000	1669667	NA
p0013	1	Pulse	255	1710000	1699667	NA
p0013	1	Pulse	255	1740000	1729667	NA
p0013	1	Pulse	255	1770000	1759667	NA
p0013	1	Pulse	255	1800000	1789667	NA
p0013	1	Pulse	255	1830000	1819667	NA
p0013	1	Pulse	255	1860000	1849667	NA
p0013	1	Pulse	255	1890000	1879667	NA
p0013	1	Pulse	255	1920000	1909667	NA
p0013	1	Pulse	255	1950000	1939667	NA
p0013	1	Pulse	255	1980000	1969667	NA
p0013	1	Pulse	255	2010000	1999667	NA
p0013	1	Pulse	255	2040000	2029667	NA
p0013	1	Pulse	255	2070000	2059667	NA
p0013	1	Pulse	255	2100000	2089667	NA
p0013	1	Pulse	255	2130000	2119667	NA
p0013	1	Pulse	255	2160000	2149667	NA
p0013	1	Pulse	255	2190000	2179667	NA
p0013	1	Pulse	255	2220000	2209667	NA
p0013	1	Pulse	255	2250000	2239667	NA
p0013	1	Pulse	255	2280000	2269667	NA
p0013	1	Pulse	255	2310000	2299667	NA
p0013	1	Pulse	255	2340000	2329667	NA
p0013	1	Pulse	255	2370000	2359667	NA
p0013	1	Pulse	255	2400000	2389667	NA
p0013	1	Pulse	255	2430000	2419667	NA
p0013	1	Pulse	255	2460000	2449667	NA
p0013	1	Pulse	255	2490000	2479667	NA
p0013	1	Pulse	255	2520000	2509667	NA
p0013	1	Pulse	255	2550000	2539667	NA
p0013	1	Pulse	255	2580000	2569667	NA
p0013	1	Pulse	255	2610000	2599667	NA
p0013	1	Pulse	255	2640000	2629667	NA
p0013	1	Pulse	255	2670000	2659667	NA
p0013	1	Pulse	255	2700000	2689667	NA
p0013	1	Pulse	255	2730000	2719667	NA
p0013	1	Pulse	255	2760000	2749667	NA
p0013	1	Pulse	255	2790000	2779667	NA
p0013	1	Pulse	255	2820000	2809667	NA
p0013	1	Pulse	255	2850000	2839667	NA
p0013	1	Pulse	255	2880000	2869667	NA
p0013	1	Pulse	255	2910000	2899667	NA
p0013	1	Pulse	255	2940000	2929667	NA
p0013	1	Pulse	255	2970000	2959667	NA
p0013	1	Pulse	255	3000000	2989667	NA
p0013	1	Pulse	255	3030000	3019667	NA
p0013	1	Pulse	255	3060000	3049667	NA
p0013	1	Pulse	255	3090000	3079667	NA
p0013	1	Response	100	3097338	3087006	1
p0013	1	Pulse	255	3120000	3109667	NA
p0013	2	Pulse	255	3150000	29765	NA
p0013	2	Pulse	255	3180000	59765	NA
p0013	2	Response	101	3201018	80783	1
p0013	3	Pulse	255	3210000	8772	NA
p0013	5	Pulse	255	3240000	8275	NA
p0013	6	Pulse	255	3270000	28109	NA
p0013	6	Response	101	3285418	43527	1
p0013	8	Pulse	255	3300000	4113	NA
p0013	10	Pulse	255	3330000	3783	NA
p0013	10	Pulse	255	3360000	33783	NA
p0013	10	Response	101	3377499	51281	1
p0013	12	Pulse	255	3390000	2121	NA
p0013	14	Pulse	255	3420000	1790	NA
p0013	14	Response	100	3430699	12489	1
p0013	16	Pulse	255	3450000	8792	NA
p0013	18	Pulse	255	3480000	8462	NA
p0013	18	Response	100	3495338	23800	1
p0013	20	Pulse	255	3510000	4131	NA
p0013	22	Pulse	255	3540000	3801	NA
p0013	22	Response	100	3557578	21378	1
p0013	24	Pulse	255	3570000	1970	NA
p0013	26	Pulse	255	3600000	1639	NA
p0013	26	Pulse	255	3630000	31639	NA
p0013	26	Response	101	3630779	32418	1
p0013	28	Pulse	255	3660000	18809	NA
p0013	30	Pulse	255	3690000	18479	NA
p0013	30	Response	100	3690937	19415	1
p0013	32	Pulse	255	3720000	18648	NA
p0013	34	Response	101	3749739	18056	1
p0013	35	Pulse	255	3750000	152	NA
p0013	36	Pulse	255	3780000	19820	NA
p0013	38	Response	100	3805418	14907	1
p0013	39	Pulse	255	3810000	4490	NA
p0013	41	Pulse	255	3840000	3993	NA
p0013	42	Pulse	255	3870000	23827	NA
p0013	42	Response	100	3875418	29245	1
p0013	44	Pulse	255	3900000	14164	NA
p0013	46	Pulse	255	3930000	13833	NA
p0013	46	Response	100	3943742	27575	1
p0013	48	Pulse	255	3960000	5836	NA
p0013	50	Pulse	255	3990000	5505	NA
p0013	50	Response	100	3998378	13884	1
p0013	52	Pulse	255	4020000	11174	NA
p0013	54	Pulse	255	4050000	10843	NA
p0013	54	Response	100	4063097	23940	1
p0013	56	Pulse	255	4080000	6513	NA
p0013	58	Pulse	255	4110000	6182	NA
p0013	58	Response	101	4122138	18320	1
p0013	60	Pulse	255	4140000	7351	NA
p0013	62	Pulse	255	4170000	7020	NA
p0013	62	Response	100	4177656	14676	1
p0013	64	Pulse	255	4200000	11856	NA
p0013	66	Pulse	255	4230000	11525	NA
p0013	66	Response	100	4231734	13259	1
p0013	68	Pulse	255	4260000	17861	NA
p0013	70	Response	100	4285819	13349	1
p0013	71	Pulse	255	4290000	4031	NA
p0013	73	Pulse	255	4320000	3534	NA
p0013	74	Pulse	255	4350000	23368	NA
p0013	74	Response	101	4355497	28865	1
p0013	76	Pulse	255	4380000	14038	NA
p0013	78	Response	100	4407177	10884	1
p0013	79	Pulse	255	4410000	2708	NA
p0013	81	Pulse	255	4440000	2211	NA
p0013	82	Response	100	4461337	13382	1
p0013	83	Pulse	255	4470000	8546	NA
p0013	85	Pulse	255	4500000	8048	NA
p0013	86	Response	100	4517419	15301	1
p0013	88	Pulse	255	4530000	2052	NA
p0013	90	Pulse	255	4560000	1721	NA
p0013	90	Response	101	4572299	14020	1
p0013	92	Pulse	255	4590000	7223	NA
p0013	94	Pulse	255	4620000	6892	NA
p0013	94	Response	100	4632700	19592	1
p0013	96	Pulse	255	4650000	6895	NA
p0013	98	Pulse	255	4680000	6564	NA
p0013	98	Response	100	4688699	15263	1
p0013	100	Pulse	255	4710000	10899	NA
p0013	102	Response	100	4739580	10148	1
p0013	103	Pulse	255	4740000	236	NA
p0013	104	Pulse	255	4770000	19904	NA
p0013	106	Response	100	4793422	12995	1
p0013	107	Pulse	255	4800000	6407	NA
p0013	109	Pulse	255	4830000	5910	NA
p0013	110	Response	100	4849259	15003	1
p0013	112	Pulse	255	4860000	246	NA
p0013	113	Pulse	255	4890000	10081	NA
p0013	114	Response	101	4902056	11971	1
p0013	116	Pulse	255	4920000	7418	NA
p0013	118	Pulse	255	4950000	7087	NA
p0013	118	Response	100	4954057	11144	1
p0013	120	Pulse	255	4980000	15422	NA
p0013	122	Pulse	255	5010000	15091	NA
p0013	122	Response	100	5012698	17789	1
p0013	124	Pulse	255	5040000	16760	NA
p0013	126	Response	100	5069260	15689	1
p0013	127	Pulse	255	5070000	598	NA
p0013	129	Pulse	255	5100000	100	NA
p0013	130	Response	100	5119496	9431	1
p0013	132	Pulse	255	5130000	103	NA
p0013	133	Pulse	255	5160000	9938	NA
p0013	134	Response	100	5173978	13750	1
p0013	136	Pulse	255	5190000	5607	NA
p0013	138	Pulse	255	5220000	5277	NA
p0013	138	Response	100	5242299	27576	1
p0013	139	Pulse	255	5250000	7612	NA
p0013	141	Pulse	255	5280000	7115	NA
p0013	142	Response	100	5289658	6607	1
p0013	144	Pulse	255	5310000	9951	NA
p0013	146	Response	100	5335021	4641	1
p0013	147	Pulse	255	5340000	4787	NA
p0013	149	Pulse	255	5370000	4289	NA
p0013	150	Response	100	5385898	10022	1
p0013	152	Pulse	255	5400000	3625	NA
p0013	152	Response	101	5416056	19682	1
p0013	154	Pulse	255	5430000	3295	NA
p0013	154	Response	100	5440777	14072	1
p0013	156	Pulse	255	5460000	8797	NA
p0013	158	Pulse	255	5490000	8466	NA
p0013	158	Response	100	5490458	8924	1
p0013	160	Pulse	255	5520000	19134	NA
p0013	162	Response	100	5536856	5660	1
p0013	164	Pulse	255	5550000	2638	NA
p0013	166	Pulse	255	5580000	2307	NA
p0013	166	Response	100	5590061	12369	1
p0013	168	Pulse	255	5610000	9476	NA
p0013	170	Response	101	5637419	6564	1
p0013	171	Pulse	255	5640000	2479	NA
p0013	173	Pulse	255	5670000	1982	NA
p0013	174	Response	101	5686138	7954	1
p0013	176	Pulse	255	5700000	3484	NA
p0013	178	Pulse	255	5730000	3153	NA
p0013	178	Response	100	5735179	8333	1
p0013	180	Pulse	255	5760000	14322	NA
p0013	182	Response	101	5786382	10373	1
p0013	183	Pulse	255	5790000	3492	NA
p0013	185	Pulse	255	5820000	2994	NA
p0013	186	Response	100	5837419	10247	1
p0013	188	Pulse	255	5850000	2164	NA
p0013	190	Pulse	255	5880000	1833	NA
p0013	190	Response	101	5894382	16215	1
p0013	192	Pulse	255	5910000	5169	NA
p0013	194	Pulse	255	5940000	4838	NA
p0013	194	Response	101	5946062	10899	1
p0013	196	Pulse	255	5970000	13506	NA
p0013	198	Response	101	5995182	8357	1
p0013	199	Pulse	255	6000000	4676	NA
p0013	201	Pulse	255	6030000	4179	NA
p0013	202	Response	100	6040862	4875	1
p0013	204	Pulse	255	6060000	8681	NA
p0013	206	Response	101	6088141	6491	1
p0013	207	Pulse	255	6090000	1684	NA
p0013	209	Pulse	255	6120000	1187	NA
p0013	210	Response	101	6140140	11161	1
p0013	211	Pulse	255	6150000	9689	NA
p0013	213	Pulse	255	6180000	9191	NA
p0013	214	Response	101	6193022	12047	1
p0013	216	Pulse	255	6210000	6527	NA
p0013	218	Pulse	255	6240000	6197	NA
p0013	218	Response	100	6246618	12815	1
p0013	220	Pulse	255	6270000	12865	NA
p0013	222	Pulse	255	6300000	12534	NA
p0013	222	Response	101	6302218	14752	1
p0013	224	Pulse	255	6330000	17370	NA
p0013	226	Pulse	255	6360000	17039	NA
p0013	226	Response	100	6381982	39021	1
p0013	227	Pulse	255	6390000	7876	NA
p0013	229	Pulse	255	6420000	7378	NA
p0013	230	Response	100	6437579	14792	1
p0013	232	Pulse	255	6450000	1881	NA
p0013	234	Pulse	255	6480000	1551	NA
p0013	234	Response	100	6491899	13450	1
p0013	236	Pulse	255	6510000	7719	NA
p0013	238	Pulse	255	6540000	7389	NA
p0013	238	Response	101	6559183	26572	1
p0013	240	Pulse	255	6570000	392	NA
p0013	242	Picture	instruct_trial	6599939	0	1	84493	1	0	next	other	0
p0013	242	Pulse	255	6600000	61	NA
p0013	242	Pulse	255	6630000	30061	NA
p0013	242	Pulse	255	6660000	60061	NA
p0013	242	Response	100	6684379	84440	1
p0013	243	Pulse	255	6690000	5402	NA
p0013	243	Pulse	255	6720000	35402	NA
p0013	243	Response	100	6727662	43063	1
p0013	245	Pulse	255	6750000	11906	NA
p0013	247	Pulse	255	6780000	11575	NA
p0013	247	Response	101	6789499	21074	1
p0013	249	Pulse	255	6810000	10078	NA
p0013	251	Pulse	255	6840000	9747	NA
p0013	251	Response	100	6858460	28208	1
p0013	253	Pulse	255	6870000	1084	NA
p0013	255	Pulse	255	6900000	753	NA
p0013	255	Response	101	6921181	21934	1
p0013	256	Pulse	255	6930000	8755	NA
p0013	258	Pulse	255	6960000	8258	NA
p0013	259	Response	101	6974862	12954	1
p0013	261	Pulse	255	6990000	4761	NA
p0013	263	Pulse	255	7020000	4430	NA
p0013	263	Response	101	7034461	18890	1
p0013	265	Pulse	255	7050000	5099	NA
p0013	267	Pulse	255	7080000	4768	NA
p0013	267	Response	101	7098460	23228	1
p0013	269	Pulse	255	7110000	1104	NA
p0013	271	Pulse	255	7140000	774	NA
p0013	271	Response	100	7153584	14357	1
p0013	273	Pulse	255	7170000	5942	NA
p0013	275	Pulse	255	7200000	5612	NA
p0013	275	Response	100	7221093	26705	1
p0013	276	Pulse	255	7230000	8781	NA
p0013	278	Pulse	255	7260000	8283	NA
p0013	279	Response	100	7283340	21457	1
p0013	280	Pulse	255	7290000	6453	NA
p0013	282	Pulse	255	7320000	5955	NA
p0013	283	Pulse	255	7350000	25789	NA
p0013	283	Response	101	7356221	32010	1
p0013	285	Pulse	255	7380000	13293	NA
p0013	287	Pulse	255	7410000	12962	NA
p0013	287	Response	100	7412060	15022	1
p0013	289	Pulse	255	7440000	17464	NA
p0013	291	Response	100	7465339	12473	1
p0013	292	Pulse	255	7470000	4468	NA
p0013	294	Pulse	255	7500000	3971	NA
p0013	295	Pulse	255	7530000	23805	NA
p0013	295	Response	100	7535422	29227	1
p0013	297	Pulse	255	7560000	14141	NA
p0013	299	Pulse	255	7590000	13811	NA
p0013	299	Response	101	7608460	32271	1
p0013	301	Pulse	255	7620000	1148	NA
p0013	303	Pulse	255	7650000	817	NA
p0013	303	Response	100	7660618	11435	1
p0013	305	Pulse	255	7680000	8985	NA
p0013	307	Pulse	255	7710000	8655	NA
p0013	307	Response	101	7726863	25518	1
p0013	309	Pulse	255	7740000	2658	NA
p0013	311	Pulse	255	7770000	2327	NA
p0013	311	Response	100	7782542	14869	1
p0013	313	Pulse	255	7800000	6996	NA
p0013	315	Pulse	255	7830000	6665	NA
p0013	315	Pulse	255	7860000	36665	NA
p0013	315	Response	101	7860143	36808	1
p0013	317	Pulse	255	7890000	19336	NA
p0013	319	Response	100	7911901	10906	1
p0013	320	Pulse	255	7920000	8006	NA
p0013	322	Pulse	255	7950000	7509	NA
p0013	323	Response	100	7979741	27084	1
p0013	324	Pulse	255	7980000	178	NA
p0013	325	Pulse	255	8010000	19846	NA
p0013	327	Response	100	8031261	10777	1
p0013	328	Pulse	255	8040000	8683	NA
p0013	330	Pulse	255	8070000	8185	NA
p0013	331	Pulse	255	8100000	28020	NA
p0013	331	Response	100	8105019	33039	1
p0013	333	Pulse	255	8130000	14523	NA
p0013	335	Pulse	255	8160000	14193	NA
p0013	335	Response	100	8160542	14734	1
p0013	337	Pulse	255	8190000	19028	NA
p0013	339	Response	100	8215181	13878	1
p0013	340	Pulse	255	8220000	4698	NA
p0013	342	Pulse	255	8250000	4201	NA
p0013	343	Response	100	8267661	11696	1
p0013	345	Pulse	255	8280000	1870	NA
p0013	347	Pulse	255	8310000	1540	NA
p0013	347	Pulse	255	8340000	31540	NA
p0013	347	Response	100	8345181	36720	1
p0013	349	Pulse	255	8370000	14377	NA
p0013	351	Response	100	8397903	11949	1
p0013	352	Pulse	255	8400000	2047	NA
p0013	354	Pulse	255	8430000	1550	NA
p0013	355	Response	100	8452701	14085	1
p0013	356	Pulse	255	8460000	7219	NA
p0013	358	Pulse	255	8490000	6721	NA
p0013	359	Response	100	8504140	10696	1
p0013	361	Pulse	255	8520000	5391	NA
p0013	363	Pulse	255	8550000	5060	NA
p0013	363	Response	101	8571825	26885	1
p0013	364	Pulse	255	8580000	8062	NA
p0013	366	Pulse	255	8610000	7565	NA
p0013	367	Response	100	8628134	15533	1
p0013	369	Pulse	255	8640000	1401	NA
p0013	371	Pulse	255	8670000	1070	NA
p0013	371	Response	100	8678693	9764	1
p0013	373	Pulse	255	8700000	10905	NA
p0013	375	Response	100	8729984	10559	1
p0013	375	Pulse	255	8730000	10575	NA
p0013	377	Pulse	255	8760000	19576	NA
p0013	379	Pulse	255	8790000	19246	NA
p0013	379	Pulse	255	8820000	49246	NA
p0013	379	Response	101	8841660	70906	1
p0013	380	Pulse	255	8850000	8252	NA
p0013	382	Pulse	255	8880000	7754	NA
p0013	383	Response	100	8893979	11568	1
p0013	385	Pulse	255	8910000	5590	NA
p0013	387	Pulse	255	8940000	5260	NA
p0013	387	Pulse	255	8970000	35260	NA
p0013	387	Response	100	8975422	40682	1
p0013	389	Pulse	255	9000000	14097	NA
p0013	391	Response	100	9026544	10311	1
p0013	392	Pulse	255	9030000	3268	NA
p0013	394	Pulse	255	9060000	2770	NA
p0013	395	Pulse	255	9090000	22604	NA
p0013	395	Response	101	9116221	48825	1
p0013	396	Pulse	255	9120000	3608	NA
p0013	398	Pulse	255	9150000	3111	NA
p0013	399	Response	100	9168862	11807	1
p0013	401	Pulse	255	9180000	614	NA
p0013	403	Pulse	255	9210000	283	NA
p0013	403	Response	100	9220381	10664	1
p0013	405	Pulse	255	9240000	9118	NA
p0013	407	Pulse	255	9270000	8787	NA
p0013	407	Response	101	9297986	36774	1
p0013	408	Pulse	255	9300000	1957	NA
p0013	410	Pulse	255	9330000	1460	NA
p0013	411	Response	100	9350542	11836	1
p0013	412	Pulse	255	9360000	9295	NA
p0013	414	Pulse	255	9390000	8798	NA
p0013	415	Response	101	9400942	9574	1
p0013	417	Pulse	255	9420000	8633	NA
p0013	419	Pulse	255	9450000	8303	NA
p0013	419	Response	101	9468301	26603	1
p0013	421	Pulse	255	9480000	1306	NA
p0013	423	Pulse	255	9510000	975	NA
p0013	423	Response	101	9520300	11276	1
p0013	425	Pulse	255	9540000	9310	NA
p0013	427	Pulse	255	9570000	8980	NA
p0013	427	Response	100	9588381	27361	1
p0013	429	Pulse	255	9600000	1149	NA
p0013	431	Pulse	255	9630000	819	NA
p0013	431	Response	100	9641184	12002	1
p0013	433	Pulse	255	9660000	8321	NA
p0013	435	Response	101	9686944	4934	1
p0013	436	Pulse	255	9690000	2990	NA
p0013	438	Pulse	255	9720000	2493	NA
p0013	439	Response	101	9736623	8950	1
p0013	441	Pulse	255	9750000	2995	NA
p0013	443	Pulse	255	9780000	2665	NA
p0013	443	Response	101	9792863	15528	1
p0013	445	Pulse	255	9810000	6667	NA
p0013	447	Pulse	255	9840000	6336	NA
p0013	447	Response	101	9845182	11518	1
p0013	449	Pulse	255	9870000	14338	NA
p0013	451	Response	101	9893821	7828	1
p0013	452	Pulse	255	9900000	6008	NA
p0013	454	Pulse	255	9930000	5510	NA
p0013	455	Response	101	9939503	4848	1
p0013	457	Pulse	255	9960000	10013	NA
p0013	459	Pulse	255	9990000	9682	NA
p0013	459	Response	100	9994545	14227	1
p0013	461	Pulse	255	10020000	15017	NA
p0013	463	Response	100	10045263	9949	1
p0013	464	Pulse	255	10050000	4687	NA
p0013	466	Pulse	255	10080000	4190	NA
p0013	467	Response	101	10093743	7767	1
p0013	469	Pulse	255	10110000	5859	NA
p0013	471	Pulse	255	10140000	5528	NA
p0013	471	Response	100	10153181	18710	1
p0013	473	Pulse	255	10170000	6364	NA
p0013	475	Pulse	255	10200000	6033	NA
p0013	475	Response	101	10203174	9207	1
p0013	477	Pulse	255	10230000	16368	NA
p0013	479	Pulse	255	10260000	16038	NA
p0013	479	Response	100	10261181	17219	1
p0013	481	Pulse	255	10290000	18373	NA
p0013	483	Picture	instruct_trial	10301957	0	1	15165	1	0	next	other	0
p0013	483	Response	100	10316944	14987	1
p0013	484	Pulse	255	10320000	2711	NA
p0013	484	Response	101	10347503	30213	1
p0013	485	Pulse	255	10350000	2380	NA
p0013	487	Pulse	255	10380000	1882	NA
p0013	488	Pulse	255	10410000	21717	NA
p0013	488	Response	100	10429582	41298	1
p0013	489	Pulse	255	10440000	10220	NA
p0013	491	Pulse	255	10470000	9723	NA
p0013	492	Response	101	10482382	11939	1
p0013	494	Pulse	255	10500000	7225	NA
p0013	496	Pulse	255	10530000	6895	NA
p0013	496	Response	100	10533264	10158	1
p0013	498	Pulse	255	10560000	16230	NA
p0013	500	Response	100	10581103	7002	1
p0013	501	Pulse	255	10590000	8733	NA
p0013	503	Pulse	255	10620000	8236	NA
p0013	504	Response	100	10632063	10133	1
p0013	506	Pulse	255	10650000	7405	NA
p0013	508	Pulse	255	10680000	7074	NA
p0013	508	Response	101	10683183	10258	1
p0013	510	Pulse	255	10710000	16409	NA
p0013	512	Response	101	10731743	7821	1
p0013	513	Pulse	255	10740000	8079	NA
p0013	515	Pulse	255	10770000	7582	NA
p0013	516	Response	101	10783501	10917	1
p0013	518	Pulse	255	10800000	6084	NA
p0013	520	Pulse	255	10830000	5754	NA
p0013	520	Response	100	10832221	7975	1
p0013	522	Pulse	255	10860000	17255	NA
p0013	524	Response	100	10886625	13549	1
p0013	525	Pulse	255	10890000	3259	NA
p0013	527	Pulse	255	10920000	2762	NA
p0013	528	Response	101	10935184	7780	1
p0013	530	Pulse	255	10950000	4431	NA
p0013	532	Pulse	255	10980000	4100	NA
p0013	532	Response	100	10983981	8081	1
p0013	534	Pulse	255	11010000	15601	NA
p0013	536	Response	101	11038623	13894	1
p0013	537	Pulse	255	11040000	1272	NA
p0013	539	Pulse	255	11070000	774	NA
p0013	540	Response	100	11095265	15873	1
p0013	541	Pulse	255	11100000	4610	NA
p0013	543	Pulse	255	11130000	4113	NA
p0013	544	Response	101	11143344	7291	1
p0013	546	Pulse	255	11160000	6115	NA
p0013	548	Pulse	255	11190000	5784	NA
p0013	548	Response	101	11191743	7527	1
p0013	550	Pulse	255	11220000	17786	NA
p0013	552	Response	100	11239185	6640	1
p0013	554	Pulse	255	11250000	290	NA
p0013	555	Pulse	255	11280000	10125	NA
p0013	556	Response	100	11297583	17542	1
p0013	558	Pulse	255	11310000	1961	NA
p0013	560	Pulse	255	11340000	1631	NA
p0013	560	Response	100	11345101	6732	1
p0013	562	Pulse	255	11370000	14465	NA
p0013	564	Response	100	11392463	6598	1
p0013	565	Pulse	255	11400000	7469	NA
p0013	567	Pulse	255	11430000	6971	NA
p0013	568	Response	101	11438222	5027	1
p0013	570	Pulse	255	11460000	11307	NA
p0013	572	Response	101	11487101	8077	1
p0013	573	Pulse	255	11490000	2810	NA
p0013	575	Pulse	255	11520000	2313	NA
p0013	576	Response	100	11533667	5813	1
p0013	578	Pulse	255	11550000	5815	NA
p0013	580	Response	101	11579817	5301	1
p0013	580	Pulse	255	11580000	5484	NA
p0013	582	Pulse	255	11610000	19652	NA
p0013	584	Response	100	11626063	5385	1
p0013	586	Pulse	255	11640000	3489	NA
p0013	588	Pulse	255	11670000	3159	NA
p0013	588	Response	100	11676543	9701	1
p0013	590	Pulse	255	11700000	12994	NA
p0013	592	Response	101	11722462	5125	1
p0013	593	Pulse	255	11730000	7330	NA
p0013	595	Pulse	255	11760000	6833	NA
p0013	596	Response	100	11774388	11055	1
p0013	598	Pulse	255	11790000	5169	NA
p0013	600	Pulse	255	11820000	4838	NA
p0013	600	Response	100	11823182	8020	1
p0013	602	Pulse	255	11850000	16339	NA
p0013	604	Pulse	255	11880000	16009	NA
p0013	604	Pulse	255	11910000	46009	NA
p0013	604	Pulse	255	11940000	76009	NA
p0013	604	Response	101	11940382	76391	1
p0013	606	Pulse	255	11970000	19183	NA
p0013	608	Response	100	11991421	10273	1
p0013	609	Pulse	255	12000000	8520	NA
p0013	611	Pulse	255	12030000	8022	NA
p0013	612	Response	100	12044223	12079	1
p0013	614	Pulse	255	12060000	5358	NA
p0013	616	Pulse	255	12090000	5028	NA
p0013	616	Response	101	12094223	9250	1
p0013	618	Pulse	255	12120000	15363	NA
p0013	620	Pulse	255	12150000	15032	NA
p0013	620	Response	100	12165985	31017	1
p0013	622	Pulse	255	12180000	3535	NA
p0013	624	Pulse	255	12210000	3205	NA
p0013	624	Response	100	12216144	9349	1
p0013	626	Pulse	255	12240000	13373	NA
p0013	628	Pulse	255	12270000	13042	NA
p0013	628	Response	100	12291183	34225	1
p0013	629	Pulse	255	12300000	8712	NA
p0013	631	Pulse	255	12330000	8214	NA
p0013	632	Response	101	12344863	12911	1
p0013	634	Pulse	255	12360000	4717	NA
p0013	636	Pulse	255	12390000	4386	NA
p0013	636	Response	101	12399506	13892	1
p0013	638	Pulse	255	12420000	10055	NA
p0013	640	Response	101	12449583	9308	1
p0013	641	Pulse	255	12450000	225	NA
p0013	642	Pulse	255	12480000	19893	NA
p0013	644	Response	100	12501423	10985	1
p0013	645	Pulse	255	12510000	8396	NA
p0013	647	Pulse	255	12540000	7899	NA
p0013	648	Pulse	255	12570000	27733	NA
p0013	648	Response	101	12593824	51557	1
p0013	649	Pulse	255	12600000	6071	NA
p0013	651	Pulse	255	12630000	5573	NA
p0013	652	Response	101	12646547	11955	1
p0013	654	Pulse	255	12660000	3076	NA
p0013	656	Pulse	255	12690000	2745	NA
p0013	656	Response	101	12706783	19529	1
p0013	658	Pulse	255	12720000	2748	NA
p0013	660	Pulse	255	12750000	2417	NA
p0013	660	Pulse	255	12780000	32417	NA
p0013	660	Response	100	12782142	34560	1
p0013	662	Pulse	255	12810000	17421	NA
p0013	664	Response	101	12833179	10269	1
p0013	665	Pulse	255	12840000	6758	NA
p0013	667	Pulse	255	12870000	6260	NA
p0013	668	Pulse	255	12900000	26095	NA
p0013	668	Pulse	255	12930000	56095	NA
p0013	668	Response	101	12942063	68158	1
p0013	670	Pulse	255	12960000	7435	NA
p0013	672	Pulse	255	12990000	7104	NA
p0013	672	Response	100	13000626	17730	1
p0013	674	Pulse	255	13020000	8940	NA
p0013	676	Response	100	13049339	7948	1
p0013	677	Pulse	255	13050000	610	NA
p0013	679	Pulse	255	13080000	112	NA
p0013	680	Response	101	13099264	9210	1
p0013	682	Pulse	255	13110000	281	NA
p0013	683	Pulse	255	13140000	10116	NA
p0013	684	Pulse	255	13170000	29951	NA
p0013	684	Pulse	255	13200000	59951	NA
p0013	684	Response	100	13200226	60177	1
p0013	686	Pulse	255	13230000	19290	NA
p0013	688	Pulse	255	13260000	18959	NA
p0013	688	Response	100	13262946	21905	1
p0013	690	Pulse	255	13290000	16629	NA
p0013	692	Response	100	13316383	12681	1
p0013	693	Pulse	255	13320000	3466	NA
p0013	695	Pulse	255	13350000	2968	NA
p0013	696	Response	100	13367346	10148	1
p0013	698	Pulse	255	13380000	2137	NA
p0013	700	Pulse	255	13410000	1807	NA
p0013	700	Response	100	13420305	12112	1
p0013	702	Pulse	255	13440000	9309	NA
p0013	704	Pulse	255	13470000	8978	NA
p0013	704	Response	101	13470144	9122	1
p0013	706	Pulse	255	13500000	19313	NA
p0013	708	Response	100	13521585	10567	1
p0013	709	Pulse	255	13530000	8316	NA
p0013	711	Pulse	255	13560000	7819	NA
p0013	712	Response	100	13573264	10917	1
p0013	714	Pulse	255	13590000	6322	NA
p0013	716	Pulse	255	13620000	5991	NA
p0013	716	Response	101	13629908	15899	1
p0013	718	Pulse	255	13650000	9660	NA
p0013	720	Pulse	255	13680000	9329	NA
p0013	720	Response	101	13680617	9946	1
p0013	722	Pulse	255	13710000	18997	NA
p0013	724	Picture	instruct_trial	13721333	0	1	40163	1	0	next	other	0
p0013	724	Pulse	255	13740000	18667	NA
