Scenario - learning_JJ_english
Logfile written - 06/29/2021 12:43:16

Subject	Trial	Event Type	Code	Time	TTime	Uncertainty	Duration	Uncertainty	ReqTime	ReqDur	Stim Type	Pair Index

p001v2	0	Pulse	255	0	0	NA
p001v2	1	Picture	instruct_trial	10333	0	1	179818	1	0	next	other	0
p001v2	1	Pulse	255	30000	19667	NA
p001v2	1	Pulse	255	60000	49667	NA
p001v2	1	Pulse	255	90000	79667	NA
p001v2	1	Pulse	255	120000	109667	NA
p001v2	1	Pulse	255	150000	139667	NA
p001v2	1	Pulse	255	180000	169667	NA
p001v2	1	Response	101	189942	179609	1
p001v2	1	Pulse	255	210000	199667	NA
p001v2	2	Response	100	231707	21558	1
p001v2	3	Pulse	255	240000	8186	NA
p001v2	5	Pulse	255	270000	7689	NA
p001v2	6	Response	100	278502	6025	1
p001v2	8	Pulse	255	300000	11025	NA
p001v2	10	Response	101	327863	8557	1
p001v2	11	Pulse	255	330000	2028	NA
p001v2	13	Pulse	255	360000	1531	NA
p001v2	14	Response	101	377383	8747	1
p001v2	16	Pulse	255	390000	2200	NA
p001v2	18	Pulse	255	420000	1869	NA
p001v2	18	Response	101	425621	7490	1
p001v2	20	Pulse	255	450000	13871	NA
p001v2	22	Response	100	472742	6282	1
p001v2	23	Pulse	255	480000	7207	NA
p001v2	25	Pulse	255	510000	6710	NA
p001v2	26	Response	101	521703	8247	1
p001v2	28	Pulse	255	540000	7879	NA
p001v2	30	Response	101	569862	7410	1
p001v2	31	Pulse	255	570000	49	NA
p001v2	32	Pulse	255	600000	19717	NA
p001v2	34	Response	101	618582	7968	1
p001v2	36	Pulse	255	630000	888	NA
p001v2	36	Response	101	635862	6749	1
p001v2	38	Pulse	255	660000	557	NA
p001v2	38	Response	100	666183	6740	1
p001v2	40	Response	100	684022	7414	1
p001v2	40	Pulse	255	690000	13392	NA
p001v2	42	Response	100	715542	8603	1
p001v2	43	Pulse	255	720000	4395	NA
p001v2	45	Pulse	255	750000	3898	NA
p001v2	46	Response	101	761542	5274	1
p001v2	48	Pulse	255	780000	8067	NA
p001v2	50	Pulse	255	810000	7736	NA
p001v2	50	Response	100	823141	20877	1
p001v2	52	Pulse	255	840000	6405	NA
p001v2	54	Pulse	255	870000	6075	NA
p001v2	54	Response	100	871862	7937	1
p001v2	56	Response	100	886901	4644	1
p001v2	56	Pulse	255	900000	17743	NA
p001v2	58	Response	101	919461	6874	1
p001v2	60	Pulse	255	930000	80	NA
p001v2	61	Pulse	255	960000	9916	NA
p001v2	62	Response	101	966421	6171	1
p001v2	64	Pulse	255	990000	13085	NA
p001v2	66	Response	101	1013141	5895	1
p001v2	67	Pulse	255	1020000	6754	NA
p001v2	69	Pulse	255	1050000	6257	NA
p001v2	70	Response	100	1068101	14193	1
p001v2	72	Pulse	255	1080000	1427	NA
p001v2	74	Pulse	255	1110000	1096	NA
p001v2	74	Response	100	1115703	6799	1
p001v2	76	Pulse	255	1140000	13764	NA
p001v2	78	Response	100	1164821	8255	1
p001v2	79	Pulse	255	1170000	5101	NA
p001v2	81	Pulse	255	1200000	4604	NA
p001v2	82	Response	100	1218901	13339	1
p001v2	84	Pulse	255	1230000	607	NA
p001v2	86	Pulse	255	1260000	276	NA
p001v2	86	Response	101	1284981	25257	1
p001v2	87	Pulse	255	1290000	4945	NA
p001v2	89	Pulse	255	1320000	4447	NA
p001v2	90	Response	101	1330582	4863	1
p001v2	92	Pulse	255	1350000	8950	NA
p001v2	94	Response	101	1376180	4799	1
p001v2	95	Pulse	255	1380000	3619	NA
p001v2	97	Pulse	255	1410000	3122	NA
p001v2	98	Response	101	1427221	10177	1
p001v2	100	Pulse	255	1440000	2291	NA
p001v2	102	Pulse	255	1470000	1961	NA
p001v2	102	Response	100	1477062	9023	1
p001v2	104	Pulse	255	1500000	12462	NA
p001v2	106	Response	100	1525060	7192	1
p001v2	107	Pulse	255	1530000	4799	NA
p001v2	109	Pulse	255	1560000	4302	NA
p001v2	110	Response	101	1576581	10717	1
p001v2	112	Pulse	255	1590000	2971	NA
p001v2	114	Pulse	255	1620000	2640	NA
p001v2	114	Response	101	1628340	10981	1
p001v2	116	Pulse	255	1650000	11142	NA
p001v2	118	Pulse	255	1680000	10812	NA
p001v2	118	Response	100	1681701	12512	1
p001v2	120	Pulse	255	1710000	17814	NA
p001v2	122	Response	100	1730341	7824	1
p001v2	123	Response	101	1733938	3421	1
p001v2	123	Pulse	255	1740000	9484	NA
p001v2	125	Pulse	255	1770000	8986	NA
p001v2	126	Response	101	1773140	1961	1
p001v2	128	Pulse	255	1800000	16321	NA
p001v2	130	Response	100	1820741	6732	1
p001v2	131	Pulse	255	1830000	9158	NA
p001v2	133	Pulse	255	1860000	8661	NA
p001v2	134	Response	101	1875381	13875	1
p001v2	136	Pulse	255	1890000	4164	NA
p001v2	138	Pulse	255	1920000	3833	NA
p001v2	138	Response	101	1920420	4253	1
p001v2	140	Pulse	255	1950000	19168	NA
p001v2	142	Response	100	1970981	9818	1
p001v2	143	Pulse	255	1980000	8838	NA
p001v2	145	Pulse	255	2010000	8340	NA
p001v2	146	Response	100	2022100	10274	1
p001v2	148	Pulse	255	2040000	7510	NA
p001v2	148	Response	101	2045779	13289	1
p001v2	150	Pulse	255	2070000	7179	NA
p001v2	150	Response	101	2071939	9118	1
p001v2	152	Pulse	255	2100000	17681	NA
p001v2	154	Response	101	2121700	9050	1
p001v2	155	Pulse	255	2130000	8184	NA
p001v2	157	Pulse	255	2160000	7687	NA
p001v2	158	Response	101	2170260	7781	1
p001v2	160	Pulse	255	2190000	9356	NA
p001v2	162	Response	100	2219380	8405	1
p001v2	163	Pulse	255	2220000	526	NA
p001v2	165	Pulse	255	2250000	29	NA
p001v2	166	Pulse	255	2280000	19863	NA
p001v2	166	Response	100	2293700	33563	1
p001v2	168	Pulse	255	2310000	5867	NA
p001v2	170	Pulse	255	2340000	5536	NA
p001v2	170	Response	101	2340740	6276	1
p001v2	172	Pulse	255	2370000	18871	NA
p001v2	174	Response	101	2388979	7519	1
p001v2	176	Pulse	255	2400000	542	NA
p001v2	178	Pulse	255	2430000	211	NA
p001v2	178	Response	101	2443622	13833	1
p001v2	180	Pulse	255	2460000	5880	NA
p001v2	182	Response	101	2487699	3248	1
p001v2	183	Pulse	255	2490000	2216	NA
p001v2	185	Pulse	255	2520000	1719	NA
p001v2	186	Response	100	2536819	8372	1
p001v2	188	Pulse	255	2550000	2721	NA
p001v2	190	Pulse	255	2580000	2391	NA
p001v2	190	Response	101	2590739	13130	1
p001v2	192	Pulse	255	2610000	8726	NA
p001v2	194	Pulse	255	2640000	8395	NA
p001v2	194	Response	100	2640179	8575	1
p001v2	196	Response	100	2658259	7656	1
p001v2	196	Pulse	255	2670000	19397	NA
p001v2	198	Pulse	255	2700000	19066	NA
p001v2	198	Response	101	2719141	38207	1
p001v2	200	Pulse	255	2730000	404	NA
p001v2	200	Response	101	2738579	8983	1
p001v2	202	Pulse	255	2760000	73	NA
p001v2	202	Pulse	255	2790000	30073	NA
p001v2	202	Pulse	255	2820000	60073	NA
p001v2	202	Pulse	255	2850000	90073	NA
p001v2	202	Response	100	2853778	93852	1
p001v2	204	Pulse	255	2880000	15749	NA
p001v2	206	Response	101	2899698	5117	1
p001v2	207	Pulse	255	2910000	10252	NA
p001v2	209	Pulse	255	2940000	9755	NA
p001v2	210	Response	100	2948982	8571	1
p001v2	212	Pulse	255	2970000	10591	NA
p001v2	214	Response	100	2994979	5239	1
p001v2	215	Pulse	255	3000000	4927	NA
p001v2	217	Pulse	255	3030000	4430	NA
p001v2	218	Response	100	3042099	6363	1
p001v2	220	Pulse	255	3060000	7432	NA
p001v2	222	Response	101	3088739	5840	1
p001v2	223	Pulse	255	3090000	1102	NA
p001v2	225	Pulse	255	3120000	605	NA
p001v2	226	Response	100	3138019	8457	1
p001v2	228	Pulse	255	3150000	1440	NA
p001v2	230	Pulse	255	3180000	1110	NA
p001v2	230	Response	100	3185780	6890	1
p001v2	232	Pulse	255	3210000	13778	NA
p001v2	234	Response	101	3234098	7545	1
p001v2	235	Pulse	255	3240000	5781	NA
p001v2	237	Pulse	255	3270000	5284	NA
p001v2	238	Response	101	3283697	8815	1
p001v2	240	Pulse	255	3300000	5786	NA
p001v2	242	Picture	instruct_trial	3324544	0	1	20832	1	0	next	other	0
p001v2	242	Pulse	255	3330000	5456	NA
p001v2	242	Response	100	3345217	20673	1
p001v2	243	Pulse	255	3360000	14458	NA
p001v2	243	Response	101	3363137	17595	1
p001v2	245	Pulse	255	3390000	16460	NA
p001v2	247	Response	101	3418499	14629	1
p001v2	248	Pulse	255	3420000	1297	NA
p001v2	250	Pulse	255	3450000	800	NA
p001v2	251	Response	100	3472738	13373	1
p001v2	252	Pulse	255	3480000	7135	NA
p001v2	254	Pulse	255	3510000	6638	NA
p001v2	255	Response	101	3525778	12251	1
p001v2	257	Pulse	255	3540000	3808	NA
p001v2	259	Pulse	255	3570000	3477	NA
p001v2	259	Response	100	3575858	9335	1
p001v2	261	Pulse	255	3600000	13645	NA
p001v2	263	Response	101	3627538	10853	1
p001v2	264	Pulse	255	3630000	2315	NA
p001v2	266	Pulse	255	3660000	1818	NA
p001v2	267	Response	100	3682018	13671	1
p001v2	268	Pulse	255	3690000	7820	NA
p001v2	270	Pulse	255	3720000	7323	NA
p001v2	271	Response	100	3748657	25814	1
p001v2	272	Pulse	255	3750000	1159	NA
p001v2	274	Pulse	255	3780000	662	NA
p001v2	275	Response	100	3797458	7954	1
p001v2	277	Pulse	255	3810000	1998	NA
p001v2	277	Response	100	3814497	6495	1
p001v2	279	Pulse	255	3840000	1667	NA
p001v2	279	Response	101	3851697	13364	1
p001v2	281	Pulse	255	3870000	7836	NA
p001v2	283	Pulse	255	3900000	7505	NA
p001v2	283	Response	101	3902177	9683	1
p001v2	285	Pulse	255	3930000	17340	NA
p001v2	287	Pulse	255	3960000	17010	NA
p001v2	287	Response	100	3960656	17666	1
p001v2	289	Pulse	255	3990000	18845	NA
p001v2	291	Response	101	4011778	10292	1
p001v2	292	Pulse	255	4020000	8016	NA
p001v2	294	Pulse	255	4050000	7518	NA
p001v2	295	Response	101	4060657	8009	1
p001v2	297	Pulse	255	4080000	8854	NA
p001v2	299	Response	100	4108577	7101	1
p001v2	300	Pulse	255	4110000	1357	NA
p001v2	301	Response	100	4128337	9362	1
p001v2	302	Pulse	255	4140000	860	NA
p001v2	303	Response	100	4157857	8551	1
p001v2	305	Pulse	255	4170000	1696	NA
p001v2	307	Pulse	255	4200000	1365	NA
p001v2	307	Response	100	4206497	7863	1
p001v2	309	Pulse	255	4230000	13034	NA
p001v2	311	Pulse	255	4260000	12703	NA
p001v2	311	Response	101	4281218	33921	1
p001v2	312	Pulse	255	4290000	8706	NA
p001v2	314	Pulse	255	4320000	8208	NA
p001v2	315	Pulse	255	4350000	28043	NA
p001v2	315	Response	101	4368337	46380	1
p001v2	317	Pulse	255	4380000	1214	NA
p001v2	319	Pulse	255	4410000	884	NA
p001v2	319	Response	101	4420096	10979	1
p001v2	321	Pulse	255	4440000	9385	NA
p001v2	323	Response	101	4469057	8112	1
p001v2	324	Pulse	255	4470000	889	NA
p001v2	326	Pulse	255	4500000	391	NA
p001v2	327	Response	100	4522662	12888	1
p001v2	328	Pulse	255	4530000	7227	NA
p001v2	330	Pulse	255	4560000	6729	NA
p001v2	331	Pulse	255	4590000	26564	NA
p001v2	331	Pulse	255	4620000	56564	NA
p001v2	331	Pulse	255	4650000	86564	NA
p001v2	331	Pulse	255	4680000	116564	NA
p001v2	331	Response	100	4705056	141620	1
p001v2	332	Pulse	255	4710000	4743	NA
p001v2	334	Pulse	255	4740000	4245	NA
p001v2	335	Response	100	4752336	6416	1
p001v2	337	Pulse	255	4770000	7248	NA
p001v2	339	Pulse	255	4800000	6917	NA
p001v2	339	Response	100	4802497	9414	1
p001v2	341	Pulse	255	4830000	17085	NA
p001v2	343	Response	101	4851056	7810	1
p001v2	344	Pulse	255	4860000	8755	NA
p001v2	346	Pulse	255	4890000	8258	NA
p001v2	347	Response	101	4904975	13067	1
p001v2	349	Pulse	255	4920000	4594	NA
p001v2	351	Pulse	255	4950000	4264	NA
p001v2	351	Response	100	4976255	30519	1
p001v2	352	Pulse	255	4980000	3600	NA
p001v2	354	Pulse	255	5010000	3102	NA
p001v2	355	Response	100	5026255	9191	1
p001v2	357	Pulse	255	5040000	3272	NA
p001v2	359	Pulse	255	5070000	2941	NA
p001v2	359	Pulse	255	5100000	32941	NA
p001v2	359	Response	101	5116735	49676	1
p001v2	361	Pulse	255	5130000	2780	NA
p001v2	363	Pulse	255	5160000	2449	NA
p001v2	363	Response	101	5167855	10304	1
p001v2	365	Pulse	255	5190000	11617	NA
p001v2	367	Response	101	5213696	4982	1
p001v2	368	Pulse	255	5220000	6120	NA
p001v2	370	Pulse	255	5250000	5623	NA
p001v2	371	Response	101	5272655	18112	1
p001v2	372	Pulse	255	5280000	7292	NA
p001v2	374	Pulse	255	5310000	6795	NA
p001v2	375	Response	100	5323055	9684	1
p001v2	377	Pulse	255	5340000	6464	NA
p001v2	379	Pulse	255	5370000	6133	NA
p001v2	379	Response	100	5385135	21269	1
p001v2	381	Pulse	255	5400000	4470	NA
p001v2	383	Pulse	255	5430000	4139	NA
p001v2	383	Pulse	255	5460000	34139	NA
p001v2	383	Response	101	5485618	59756	1
p001v2	384	Pulse	255	5490000	4311	NA
p001v2	386	Pulse	255	5520000	3813	NA
p001v2	387	Response	101	5538337	11984	1
p001v2	389	Pulse	255	5550000	1150	NA
p001v2	391	Pulse	255	5580000	819	NA
p001v2	391	Pulse	255	5610000	30819	NA
p001v2	391	Response	100	5619936	40755	1
p001v2	393	Pulse	255	5640000	9657	NA
p001v2	395	Pulse	255	5670000	9326	NA
p001v2	395	Response	100	5679455	18781	1
p001v2	397	Pulse	255	5700000	10162	NA
p001v2	399	Pulse	255	5730000	9831	NA
p001v2	399	Pulse	255	5760000	39831	NA
p001v2	399	Response	100	5786015	65846	1
p001v2	400	Pulse	255	5790000	3837	NA
p001v2	402	Pulse	255	5820000	3340	NA
p001v2	403	Response	101	5835534	8708	1
p001v2	405	Pulse	255	5850000	4009	NA
p001v2	407	Pulse	255	5880000	3678	NA
p001v2	407	Response	101	5884495	8173	1
p001v2	409	Pulse	255	5910000	15013	NA
p001v2	411	Response	100	5932015	6697	1
p001v2	412	Pulse	255	5940000	7850	NA
p001v2	414	Pulse	255	5970000	7352	NA
p001v2	415	Response	100	5979775	6961	1
p001v2	417	Pulse	255	6000000	9688	NA
p001v2	419	Response	100	6026815	6172	1
p001v2	420	Pulse	255	6030000	3025	NA
p001v2	422	Pulse	255	6060000	2527	NA
p001v2	423	Pulse	255	6090000	22361	NA
p001v2	423	Response	100	6090015	22376	1
p001v2	425	Pulse	255	6120000	19531	NA
p001v2	427	Response	101	6139613	8814	1
p001v2	428	Pulse	255	6150000	10201	NA
p001v2	430	Pulse	255	6180000	9704	NA
p001v2	431	Pulse	255	6210000	29538	NA
p001v2	431	Pulse	255	6240000	59538	NA
p001v2	431	Pulse	255	6270000	89538	NA
p001v2	431	Pulse	255	6300000	119538	NA
p001v2	431	Response	100	6306415	125953	1
p001v2	433	Pulse	255	6330000	13050	NA
p001v2	435	Pulse	255	6360000	12719	NA
p001v2	435	Response	101	6366975	19694	1
p001v2	437	Pulse	255	6390000	12555	NA
p001v2	439	Pulse	255	6420000	12224	NA
p001v2	439	Response	100	6427135	19359	1
p001v2	441	Pulse	255	6450000	12394	NA
p001v2	443	Response	101	6474734	6797	1
p001v2	444	Pulse	255	6480000	5064	NA
p001v2	446	Pulse	255	6510000	4566	NA
p001v2	447	Response	100	6521614	6014	1
p001v2	449	Pulse	255	6540000	7902	NA
p001v2	451	Pulse	255	6570000	7571	NA
p001v2	451	Response	101	6570413	7985	1
p001v2	453	Pulse	255	6600000	19073	NA
p001v2	455	Pulse	255	6630000	18742	NA
p001v2	455	Response	101	6641934	30676	1
p001v2	457	Pulse	255	6660000	7579	NA
p001v2	459	Pulse	255	6690000	7248	NA
p001v2	459	Response	101	6695613	12861	1
p001v2	461	Pulse	255	6720000	13917	NA
p001v2	463	Response	100	6744813	8399	1
p001v2	464	Pulse	255	6750000	5087	NA
p001v2	466	Pulse	255	6780000	4590	NA
p001v2	467	Response	101	6793213	7637	1
p001v2	469	Pulse	255	6810000	6259	NA
p001v2	471	Pulse	255	6840000	5928	NA
p001v2	471	Response	101	6843213	9141	1
p001v2	473	Pulse	255	6870000	16263	NA
p001v2	475	Pulse	255	6900000	15933	NA
p001v2	475	Response	100	6901613	17546	1
p001v2	477	Pulse	255	6930000	17935	NA
p001v2	479	Response	100	6949693	7297	1
p001v2	480	Pulse	255	6960000	10105	NA
p001v2	482	Pulse	255	6990000	9608	NA
p001v2	483	Picture	instruct_trial	6990558	0	1	16165	1	0	next	other	0
p001v2	483	Response	101	7006572	16014	1
p001v2	484	Pulse	255	7020000	13110	NA
p001v2	484	Response	100	7037693	30803	1
p001v2	486	Pulse	255	7050000	1780	NA
p001v2	486	Response	100	7055852	7633	1
p001v2	488	Pulse	255	7080000	1450	NA
p001v2	488	Response	101	7086652	8102	1
p001v2	490	Response	101	7104573	7524	1
p001v2	490	Pulse	255	7110000	12951	NA
p001v2	492	Response	100	7135133	7754	1
p001v2	493	Pulse	255	7140000	4788	NA
p001v2	495	Pulse	255	7170000	4290	NA
p001v2	496	Response	100	7185772	9897	1
p001v2	498	Pulse	255	7200000	3793	NA
p001v2	498	Response	100	7201533	5326	1
p001v2	500	Pulse	255	7230000	3462	NA
p001v2	500	Response	100	7233132	6595	1
p001v2	502	Response	100	7252573	9036	1
p001v2	502	Pulse	255	7260000	16464	NA
p001v2	504	Response	100	7282412	8545	1
p001v2	505	Pulse	255	7290000	7467	NA
p001v2	506	Response	100	7299372	6507	1
p001v2	507	Pulse	255	7320000	6970	NA
p001v2	508	Response	100	7331693	8497	1
p001v2	510	Response	100	7348812	6618	1
p001v2	510	Pulse	255	7350000	7806	NA
p001v2	512	Response	101	7378972	6447	1
p001v2	513	Pulse	255	7380000	976	NA
p001v2	515	Pulse	255	7410000	478	NA
p001v2	516	Response	100	7430092	10404	1
p001v2	517	Pulse	255	7440000	9814	NA
p001v2	519	Pulse	255	7470000	9316	NA
p001v2	520	Pulse	255	7500000	29150	NA
p001v2	520	Response	100	7522092	51242	1
p001v2	521	Pulse	255	7530000	7822	NA
p001v2	523	Pulse	255	7560000	7324	NA
p001v2	524	Response	101	7568734	5892	1
p001v2	526	Pulse	255	7590000	10827	NA
p001v2	528	Response	100	7614812	5308	1
p001v2	529	Pulse	255	7620000	4996	NA
p001v2	531	Pulse	255	7650000	4499	NA
p001v2	532	Response	100	7661231	5564	1
p001v2	534	Pulse	255	7680000	8335	NA
p001v2	536	Pulse	255	7710000	8004	NA
p001v2	536	Response	101	7713451	11455	1
p001v2	538	Pulse	255	7740000	16006	NA
p001v2	540	Response	100	7764012	9687	1
p001v2	541	Pulse	255	7770000	5843	NA
p001v2	543	Pulse	255	7800000	5345	NA
p001v2	544	Response	101	7812331	7511	1
p001v2	546	Pulse	255	7830000	7181	NA
p001v2	546	Response	100	7835291	12473	1
p001v2	548	Pulse	255	7860000	6850	NA
p001v2	548	Response	100	7860172	7022	1
p001v2	550	Pulse	255	7890000	19352	NA
p001v2	552	Response	101	7904651	3672	1
p001v2	554	Pulse	255	7920000	4856	NA
p001v2	556	Pulse	255	7950000	4525	NA
p001v2	556	Response	101	7958972	13497	1
p001v2	558	Pulse	255	7980000	10527	NA
p001v2	560	Pulse	255	8010000	10196	NA
p001v2	560	Response	101	8014251	14448	1
p001v2	562	Pulse	255	8040000	15365	NA
p001v2	564	Response	101	8064730	9765	1
p001v2	565	Pulse	255	8070000	5202	NA
p001v2	567	Pulse	255	8100000	4705	NA
p001v2	568	Response	100	8119932	14471	1
p001v2	569	Pulse	255	8130000	9874	NA
p001v2	571	Pulse	255	8160000	9376	NA
p001v2	572	Response	100	8167451	6662	1
p001v2	574	Pulse	255	8190000	12045	NA
p001v2	576	Pulse	255	8220000	11715	NA
p001v2	576	Response	100	8220092	11807	1
p001v2	578	Pulse	255	8250000	19383	NA
p001v2	580	Response	100	8278332	17384	1
p001v2	581	Pulse	255	8280000	1554	NA
p001v2	583	Pulse	255	8310000	1057	NA
p001v2	584	Response	100	8327531	8422	1
p001v2	586	Pulse	255	8340000	2059	NA
p001v2	586	Response	100	8342570	4629	1
p001v2	588	Pulse	255	8370000	1729	NA
p001v2	588	Response	101	8377048	8777	1
p001v2	590	Pulse	255	8400000	12564	NA
p001v2	592	Response	101	8427931	10164	1
p001v2	593	Pulse	255	8430000	1900	NA
p001v2	595	Pulse	255	8460000	1403	NA
p001v2	596	Response	100	8475851	7088	1
p001v2	598	Pulse	255	8490000	3739	NA
p001v2	600	Pulse	255	8520000	3408	NA
p001v2	600	Pulse	255	8550000	33408	NA
p001v2	600	Response	101	8560171	43579	1
p001v2	602	Pulse	255	8580000	9413	NA
p001v2	604	Response	101	8608491	7574	1
p001v2	605	Pulse	255	8610000	1416	NA
p001v2	607	Pulse	255	8640000	919	NA
p001v2	608	Response	101	8655770	6523	1
p001v2	610	Pulse	255	8670000	3755	NA
p001v2	612	Pulse	255	8700000	3424	NA
p001v2	612	Response	101	8704411	7835	1
p001v2	614	Pulse	255	8730000	15092	NA
p001v2	616	Pulse	255	8760000	14761	NA
p001v2	616	Response	100	8778251	33012	1
p001v2	618	Pulse	255	8790000	1265	NA
p001v2	620	Pulse	255	8820000	934	NA
p001v2	620	Pulse	255	8850000	30934	NA
p001v2	620	Pulse	255	8880000	60934	NA
p001v2	620	Response	100	8904491	85425	1
p001v2	621	Pulse	255	8910000	5442	NA
p001v2	623	Pulse	255	8940000	4945	NA
p001v2	624	Response	101	8956250	11029	1
p001v2	626	Pulse	255	8970000	3281	NA
p001v2	628	Pulse	255	9000000	2950	NA
p001v2	628	Response	101	9002889	5839	1
p001v2	630	Pulse	255	9030000	16618	NA
p001v2	632	Response	100	9052170	8457	1
p001v2	633	Pulse	255	9060000	7622	NA
p001v2	635	Pulse	255	9090000	7124	NA
p001v2	636	Response	100	9099850	6809	1
p001v2	638	Pulse	255	9120000	9627	NA
p001v2	640	Pulse	255	9150000	9296	NA
p001v2	640	Response	100	9152330	11626	1
p001v2	642	Pulse	255	9180000	17131	NA
p001v2	644	Response	101	9202089	8890	1
p001v2	645	Pulse	255	9210000	7801	NA
p001v2	647	Pulse	255	9240000	7304	NA
p001v2	648	Response	101	9252014	9152	1
p001v2	650	Pulse	255	9270000	7473	NA
p001v2	652	Pulse	255	9300000	7142	NA
p001v2	652	Response	100	9300250	7392	1
p001v2	654	Pulse	255	9330000	19311	NA
p001v2	656	Response	100	9349293	8273	1
p001v2	658	Pulse	255	9360000	315	NA
p001v2	659	Pulse	255	9390000	10150	NA
p001v2	660	Response	100	9416569	26553	1
p001v2	661	Pulse	255	9420000	3320	NA
p001v2	663	Pulse	255	9450000	2823	NA
p001v2	664	Response	100	9468650	11306	1
p001v2	666	Pulse	255	9480000	825	NA
p001v2	668	Pulse	255	9510000	495	NA
p001v2	668	Response	100	9520889	11384	1
p001v2	670	Pulse	255	9540000	8663	NA
p001v2	672	Pulse	255	9570000	8333	NA
p001v2	672	Response	100	9570251	8584	1
p001v2	674	Pulse	255	9600000	19334	NA
p001v2	676	Pulse	255	9630000	19004	NA
p001v2	676	Response	101	9654491	43495	1
p001v2	677	Pulse	255	9660000	5341	NA
p001v2	679	Pulse	255	9690000	4843	NA
p001v2	680	Response	100	9705528	10206	1
p001v2	682	Pulse	255	9720000	4013	NA
p001v2	684	Pulse	255	9750000	3682	NA
p001v2	684	Response	101	9753129	6811	1
p001v2	686	Pulse	255	9780000	16350	NA
p001v2	688	Response	100	9809609	15628	1
p001v2	689	Pulse	255	9810000	188	NA
p001v2	690	Pulse	255	9840000	19855	NA
p001v2	692	Response	101	9862490	12014	1
p001v2	693	Pulse	255	9870000	7359	NA
p001v2	695	Pulse	255	9900000	6861	NA
p001v2	696	Response	101	9908409	5104	1
p001v2	698	Pulse	255	9930000	11197	NA
p001v2	700	Response	101	9954489	5355	1
p001v2	701	Pulse	255	9960000	5367	NA
p001v2	703	Pulse	255	9990000	4869	NA
p001v2	704	Response	100	10000890	5593	1
p001v2	705	Response	101	10003769	2806	1
p001v2	706	Pulse	255	10020000	8705	NA
p001v2	708	Pulse	255	10050000	8374	NA
p001v2	708	Response	101	10050249	8623	1
p001v2	710	Pulse	255	10080000	19209	NA
p001v2	712	Response	101	10099928	8807	1
p001v2	713	Pulse	255	10110000	9880	NA
p001v2	715	Pulse	255	10140000	9382	NA
p001v2	716	Response	100	10150409	9626	1
p001v2	718	Pulse	255	10170000	9051	NA
p001v2	720	Pulse	255	10200000	8721	NA
p001v2	720	Pulse	255	10230000	38721	NA
p001v2	720	Pulse	255	10260000	68721	NA
p001v2	720	Pulse	255	10290000	98721	NA
p001v2	720	Response	100	10299608	108329	1
p001v2	722	Response	100	10316329	6227	1
p001v2	722	Pulse	255	10320000	9898	NA
p001v2	724	Picture	instruct_trial	10340433	0	1	40163	1	0	next	other	0
p001v2	724	Pulse	255	10350000	9567	NA
p001v2	724	Response	101	10368489	28056	1
p001v2	724	Pulse	255	10380000	39567	NA
