Scenario - learning_JJ_english
Logfile written - 06/22/2021 12:27:31

Subject	Trial	Event Type	Code	Time	TTime	Uncertainty	Duration	Uncertainty	ReqTime	ReqDur	Stim Type	Pair Index

p001	0	Pulse	255	0	0	NA
p001	1	Picture	instruct_trial	10333	0	1	199816	1	0	next	other	0
p001	1	Pulse	255	30000	19667	NA
p001	1	Pulse	255	60000	49667	NA
p001	1	Pulse	255	90000	79667	NA
p001	1	Pulse	255	120000	109667	NA
p001	1	Pulse	255	150000	139667	NA
p001	1	Pulse	255	180000	169667	NA
p001	1	Response	101	209995	199662	1
p001	1	Pulse	255	210000	199667	NA
p001	1	Pulse	255	240000	229667	NA
p001	2	Pulse	255	270000	29854	NA
p001	2	Pulse	255	300000	59854	NA
p001	2	Pulse	255	330000	89854	NA
p001	2	Pulse	255	360000	119854	NA
p001	2	Pulse	255	390000	149854	NA
p001	2	Pulse	255	420000	179854	NA
p001	2	Response	100	433279	193132	1
p001	4	Pulse	255	450000	6205	NA
p001	6	Pulse	255	480000	5874	NA
p001	6	Pulse	255	510000	35874	NA
p001	6	Response	100	515995	41869	1
p001	8	Pulse	255	540000	13545	NA
p001	10	Pulse	255	570000	13215	NA
p001	10	Response	101	581114	24329	1
p001	12	Pulse	255	600000	8384	NA
p001	14	Pulse	255	630000	8054	NA
p001	14	Response	100	632072	10126	1
p001	16	Pulse	255	660000	17389	NA
p001	18	Response	100	688780	15838	15
p001	19	Pulse	255	690000	1059	NA
p001	21	Pulse	255	720000	562	NA
p001	22	Response	101	746635	17031	1
p001	23	Pulse	255	750000	3231	NA
p001	25	Pulse	255	780000	2734	NA
p001	26	Response	101	804558	17126	1
p001	27	Pulse	255	810000	5236	NA
p001	29	Pulse	255	840000	4739	NA
p001	30	Pulse	255	870000	24573	NA
p001	30	Response	100	881274	35847	1
p001	32	Pulse	255	900000	8244	NA
p001	34	Pulse	255	930000	7913	NA
p001	34	Pulse	255	960000	37913	NA
p001	34	Response	100	973836	51749	1
p001	36	Pulse	255	990000	5752	NA
p001	38	Pulse	255	1020000	5421	NA
p001	38	Response	101	1033193	18614	1
p001	40	Pulse	255	1050000	6424	NA
p001	42	Pulse	255	1080000	6093	NA
p001	42	Response	101	1086553	12646	1
p001	44	Pulse	255	1110000	12928	NA
p001	46	Pulse	255	1140000	12598	NA
p001	46	Pulse	255	1170000	42598	NA
p001	46	Pulse	255	1200000	72598	NA
p001	46	Pulse	255	1230000	102598	NA
p001	46	Pulse	255	1260000	132598	NA
p001	46	Response	100	1277913	150511	1
p001	48	Pulse	255	1290000	1612	NA
p001	48	Response	100	1302795	14407	1
p001	50	Pulse	255	1320000	1281	NA
p001	50	Pulse	255	1350000	31281	NA
p001	50	Response	100	1377353	58634	1
p001	51	Pulse	255	1380000	2453	NA
p001	52	Response	100	1398152	10272	1
p001	53	Pulse	255	1410000	1955	NA
p001	54	Response	101	1431833	13622	1
p001	55	Pulse	255	1440000	7958	NA
p001	57	Pulse	255	1470000	7460	NA
p001	58	Response	100	1483433	10727	1
p001	60	Pulse	255	1500000	6130	NA
p001	62	Pulse	255	1530000	5799	NA
p001	62	Response	100	1551275	27074	1
p001	63	Pulse	255	1560000	8635	NA
p001	64	Response	100	1571033	9335	1
p001	65	Pulse	255	1590000	8137	NA
p001	66	Pulse	255	1620000	27972	NA
p001	66	Pulse	255	1650000	57972	NA
p001	66	Response	100	1655033	63004	1
p001	68	Pulse	255	1680000	14478	NA
p001	70	Pulse	255	1710000	14147	NA
p001	70	Response	101	1711513	15660	1
p001	72	Pulse	255	1740000	17983	NA
p001	73	Response	101	1742873	691	1
p001	74	Pulse	255	1770000	17652	NA
p001	74	Response	101	1773673	21325	1
p001	76	Pulse	255	1800000	15822	NA
p001	76	Response	101	1802072	17894	1
p001	78	Pulse	255	1830000	15491	NA
p001	78	Pulse	255	1860000	45491	NA
p001	78	Response	101	1861352	46843	1
p001	80	Response	101	1878792	6955	1
p001	80	Pulse	255	1890000	18163	NA
p001	82	Pulse	255	1920000	17832	NA
p001	82	Response	100	1949672	47504	1
p001	83	Pulse	255	1950000	169	NA
p001	84	Response	100	1974072	13909	1
p001	84	Pulse	255	1980000	19837	NA
p001	86	Response	100	1998950	8456	1
p001	88	Pulse	255	2010000	508	NA
p001	90	Pulse	255	2040000	177	NA
p001	90	Response	100	2050872	11049	1
p001	92	Response	100	2068144	6823	8
p001	92	Pulse	255	2070000	8679	NA
p001	94	Pulse	255	2100000	8348	NA
p001	94	Pulse	255	2130000	38348	NA
p001	94	Pulse	255	2160000	68348	NA
p001	94	Pulse	255	2190000	98348	NA
p001	94	Response	100	2190149	98497	1
p001	96	Pulse	255	2220000	19358	NA
p001	98	Response	100	2243109	12136	1
p001	99	Pulse	255	2250000	6695	NA
p001	101	Pulse	255	2280000	6198	NA
p001	102	Pulse	255	2310000	26032	NA
p001	102	Response	100	2328071	44103	1
p001	104	Pulse	255	2340000	1537	NA
p001	104	Response	101	2354472	16008	1
p001	106	Pulse	255	2370000	1206	NA
p001	106	Response	101	2380229	11434	1
p001	108	Pulse	255	2400000	9375	NA
p001	110	Pulse	255	2430000	9044	NA
p001	110	Response	101	2431030	10074	1
p001	112	Response	100	2449111	7657	1
p001	112	Pulse	255	2460000	18546	NA
p001	114	Response	100	2483269	11484	1
p001	115	Pulse	255	2490000	6549	NA
p001	117	Pulse	255	2520000	6052	NA
p001	118	Response	101	2531108	6995	1
p001	120	Pulse	255	2550000	8388	NA
p001	120	Response	100	2553590	11978	1
p001	122	Response	101	2578870	6927	1
p001	123	Pulse	255	2580000	1058	NA
p001	125	Pulse	255	2610000	560	NA
p001	126	Response	100	2626630	7025	1
p001	128	Pulse	255	2640000	2896	NA
p001	130	Pulse	255	2670000	2565	NA
p001	130	Response	101	2683033	15598	1
p001	132	Pulse	255	2700000	6568	NA
p001	134	Response	100	2728956	5192	1
p001	135	Pulse	255	2730000	904	NA
p001	136	Response	101	2745911	6482	1
p001	137	Pulse	255	2760000	407	NA
p001	138	Pulse	255	2790000	20241	NA
p001	138	Response	101	2807831	38071	1
p001	140	Pulse	255	2820000	1745	NA
p001	140	Response	101	2828791	10536	1
p001	142	Pulse	255	2850000	1414	NA
p001	142	Response	101	2855911	7325	1
p001	144	Response	101	2873432	7014	1
p001	144	Pulse	255	2880000	13583	NA
p001	146	Response	101	2902070	5322	1
p001	147	Pulse	255	2910000	7752	NA
p001	148	Response	101	2921031	8451	1
p001	149	Pulse	255	2940000	7255	NA
p001	150	Response	101	2946551	3640	1
p001	152	Response	101	2964712	7636	1
p001	152	Pulse	255	2970000	12924	NA
p001	154	Response	100	2992150	4744	1
p001	155	Pulse	255	3000000	7760	NA
p001	156	Response	100	3011191	8618	1
p001	157	Pulse	255	3030000	7263	NA
p001	158	Response	100	3052551	19648	1
p001	159	Pulse	255	3060000	7265	NA
p001	160	Response	100	3069270	6203	1
p001	161	Pulse	255	3090000	6768	NA
p001	162	Response	101	3100470	7073	1
p001	164	Response	101	3117833	6937	1
p001	164	Pulse	255	3120000	9104	NA
p001	166	Pulse	255	3150000	8773	NA
p001	166	Response	101	3152790	11563	1
p001	168	Pulse	255	3180000	16775	NA
p001	168	Response	101	3180391	17166	1
p001	170	Pulse	255	3210000	16444	NA
p001	170	Response	101	3220230	26675	1
p001	172	Pulse	255	3240000	9281	NA
p001	172	Response	101	3241191	10472	1
p001	174	Pulse	255	3270000	8950	NA
p001	174	Response	100	3274311	13262	1
p001	176	Response	101	3290870	6156	1
p001	176	Pulse	255	3300000	15286	NA
p001	178	Response	100	3320792	5747	1
p001	179	Pulse	255	3330000	9122	NA
p001	180	Response	100	3339350	8139	1
p001	181	Pulse	255	3360000	8625	NA
p001	182	Pulse	255	3390000	28459	NA
p001	182	Response	100	3391030	29490	1
p001	184	Response	101	3412790	11252	1
p001	184	Pulse	255	3420000	18463	NA
p001	186	Pulse	255	3450000	18132	NA
p001	186	Response	101	3451190	19321	1
p001	188	Response	101	3469189	7490	1
p001	188	Pulse	255	3480000	18301	NA
p001	190	Pulse	255	3510000	17970	NA
p001	190	Pulse	255	3540000	47970	NA
p001	190	Pulse	255	3570000	77970	NA
p001	190	Response	100	3596231	104201	1
p001	191	Pulse	255	3600000	3646	NA
p001	193	Pulse	255	3630000	3149	NA
p001	194	Response	101	3651590	14573	1
p001	195	Pulse	255	3660000	8318	NA
p001	196	Response	101	3669910	7895	1
p001	197	Pulse	255	3690000	7820	NA
p001	198	Response	101	3710473	18127	1
p001	199	Pulse	255	3720000	9323	NA
p001	200	Response	101	3727509	6500	1
p001	201	Pulse	255	3750000	8825	NA
p001	202	Response	101	3762069	10729	1
p001	204	Response	101	3779031	6525	1
p001	204	Pulse	255	3780000	7495	NA
p001	206	Response	100	3807750	4915	1
p001	207	Pulse	255	3810000	2165	NA
p001	208	Response	100	3824869	6702	1
p001	209	Pulse	255	3840000	1667	NA
p001	210	Pulse	255	3870000	21501	NA
p001	210	Response	100	3871270	22771	1
p001	212	Response	101	3888709	7046	1
p001	212	Pulse	255	3900000	18338	NA
p001	214	Response	101	3929828	17835	1
p001	215	Pulse	255	3930000	9	NA
p001	216	Response	101	3946869	6545	1
p001	216	Pulse	255	3960000	19676	NA
p001	218	Response	101	3983750	13096	1
p001	219	Pulse	255	3990000	6180	NA
p001	220	Response	101	4001510	7357	1
p001	221	Pulse	255	4020000	5683	NA
p001	222	Response	100	4038790	14307	1
p001	224	Pulse	255	4050000	686	NA
p001	224	Response	100	4055909	6595	1
p001	226	Pulse	255	4080000	355	NA
p001	226	Response	100	4098869	19224	1
p001	228	Pulse	255	4110000	691	NA
p001	228	Response	100	4116629	7320	1
p001	230	Pulse	255	4140000	360	NA
p001	230	Response	101	4160789	21149	1
p001	231	Pulse	255	4170000	9029	NA
p001	232	Response	101	4177829	6525	1
p001	233	Pulse	255	4200000	8531	NA
p001	234	Response	100	4211028	9394	1
p001	236	Response	100	4227109	5643	1
p001	236	Pulse	255	4230000	8534	NA
p001	238	Pulse	255	4260000	8203	NA
p001	238	Response	100	4282549	30752	1
p001	239	Pulse	255	4290000	7373	NA
p001	240	Response	101	4299910	6950	1
p001	241	Pulse	255	4320000	6875	NA
p001	242	Picture	instruct_trial	4323291	0	1	29331	1	0	next	other	0
p001	242	Pulse	255	4350000	26710	NA
p001	242	Response	101	4352548	29258	1
p001	243	Pulse	255	4380000	27212	NA
p001	243	Response	100	4385349	32561	1
p001	245	Pulse	255	4410000	14220	NA
p001	247	Pulse	255	4440000	13885	NA
p001	247	Response	101	4452388	26273	1
p001	249	Pulse	255	4470000	7222	NA
p001	249	Response	101	4472468	9690	1
p001	251	Pulse	255	4500000	6891	NA
p001	251	Response	101	4514789	21680	1
p001	253	Pulse	255	4530000	4727	NA
p001	253	Response	101	4538629	13356	1
p001	255	Pulse	255	4560000	4396	NA
p001	255	Pulse	255	4590000	34396	NA
p001	255	Response	100	4594387	38784	1
p001	257	Response	100	4613109	8343	1
p001	257	Pulse	255	4620000	15234	NA
p001	259	Response	100	4645668	10571	1
p001	260	Pulse	255	4650000	4238	NA
p001	261	Response	100	4664708	8613	1
p001	262	Pulse	255	4680000	3740	NA
p001	263	Response	101	4696389	9963	1
p001	265	Pulse	255	4710000	3076	NA
p001	265	Response	101	4712948	6024	1
p001	267	Pulse	255	4740000	2746	NA
p001	267	Response	100	4746228	8974	1
p001	269	Response	100	4762789	6036	1
p001	269	Pulse	255	4770000	13247	NA
p001	271	Response	100	4797827	10744	1
p001	272	Pulse	255	4800000	2084	NA
p001	273	Response	100	4813910	5662	1
p001	274	Pulse	255	4830000	1587	NA
p001	275	Response	100	4844148	5569	1
p001	277	Pulse	255	4860000	5422	NA
p001	277	Response	100	4860390	5813	1
p001	279	Pulse	255	4890000	5092	NA
p001	279	Pulse	255	4920000	35092	NA
p001	279	Pulse	255	4950000	65092	NA
p001	279	Pulse	255	4980000	95092	NA
p001	279	Pulse	255	5010000	125092	NA
p001	279	Response	100	5011508	126600	1
p001	281	Pulse	255	5040000	18104	NA
p001	282	Response	100	5047430	5369	1
p001	283	Response	101	5061108	8881	1
p001	284	Pulse	255	5070000	8774	NA
p001	286	Pulse	255	5100000	8276	NA
p001	287	Response	100	5111426	9537	1
p001	289	Pulse	255	5130000	8112	NA
p001	291	Pulse	255	5160000	7782	NA
p001	291	Response	101	5162227	10009	1
p001	293	Pulse	255	5190000	17284	NA
p001	295	Response	101	5208388	5341	1
p001	297	Pulse	255	5220000	1121	NA
p001	299	Pulse	255	5250000	790	NA
p001	299	Response	100	5260709	11499	1
p001	301	Pulse	255	5280000	8792	NA
p001	303	Pulse	255	5310000	8461	NA
p001	303	Response	101	5322627	21088	1
p001	305	Pulse	255	5340000	6964	NA
p001	307	Pulse	255	5370000	6633	NA
p001	307	Response	100	5370627	7261	1
p001	309	Pulse	255	5400000	18968	NA
p001	311	Response	101	5423187	11825	1
p001	312	Pulse	255	5430000	6639	NA
p001	314	Pulse	255	5460000	6141	NA
p001	315	Response	101	5468146	4122	1
p001	317	Pulse	255	5490000	11310	NA
p001	319	Response	101	5517828	8808	1
p001	320	Pulse	255	5520000	1980	NA
p001	322	Pulse	255	5550000	1483	NA
p001	323	Response	101	5564467	5785	1
p001	325	Pulse	255	5580000	4985	NA
p001	327	Pulse	255	5610000	4655	NA
p001	327	Response	100	5612150	6804	1
p001	329	Pulse	255	5640000	17323	NA
p001	331	Response	100	5658467	5460	1
p001	333	Pulse	255	5670000	993	NA
p001	335	Pulse	255	5700000	663	NA
p001	335	Response	100	5705108	5770	1
p001	337	Pulse	255	5730000	14498	NA
p001	339	Response	100	5754387	8554	1
p001	340	Pulse	255	5760000	5501	NA
p001	342	Pulse	255	5790000	5004	NA
p001	343	Response	101	5801984	6822	1
p001	345	Pulse	255	5820000	7506	NA
p001	347	Response	101	5846467	3642	1
p001	348	Pulse	255	5850000	3342	NA
p001	350	Pulse	255	5880000	2845	NA
p001	351	Response	100	5895188	7867	1
p001	353	Pulse	255	5910000	4347	NA
p001	355	Pulse	255	5940000	4017	NA
p001	355	Response	100	5941746	5762	1
p001	357	Pulse	255	5970000	17851	NA
p001	359	Response	101	5991587	9108	1
p001	360	Pulse	255	6000000	8355	NA
p001	362	Pulse	255	6030000	7858	NA
p001	363	Response	101	6037107	4799	1
p001	365	Pulse	255	6060000	12360	NA
p001	367	Response	101	6084946	6975	1
p001	368	Pulse	255	6090000	4863	NA
p001	370	Pulse	255	6120000	4366	NA
p001	371	Response	101	6133107	7307	1
p001	373	Pulse	255	6150000	6368	NA
p001	375	Response	100	6179106	5144	1
p001	376	Pulse	255	6180000	705	NA
p001	378	Pulse	255	6210000	207	NA
p001	379	Response	100	6226066	6108	1
p001	381	Pulse	255	6240000	3543	NA
p001	383	Pulse	255	6270000	3212	NA
p001	383	Response	101	6273667	6879	1
p001	385	Pulse	255	6300000	15880	NA
p001	387	Response	101	6319746	5296	1
p001	388	Pulse	255	6330000	10050	NA
p001	390	Pulse	255	6360000	9553	NA
p001	391	Response	100	6366466	5853	1
p001	393	Pulse	255	6390000	13055	NA
p001	395	Response	100	6411426	4150	1
p001	396	Pulse	255	6420000	8391	NA
p001	398	Pulse	255	6450000	7894	NA
p001	399	Response	100	6472946	20674	1
p001	400	Pulse	255	6480000	6897	NA
p001	402	Pulse	255	6510000	6399	NA
p001	403	Response	101	6521107	7341	1
p001	405	Pulse	255	6540000	8402	NA
p001	407	Response	101	6567026	5097	1
p001	408	Pulse	255	6570000	2905	NA
p001	410	Pulse	255	6600000	2408	NA
p001	411	Response	100	6614066	6307	1
p001	413	Pulse	255	6630000	5410	NA
p001	415	Pulse	255	6660000	5079	NA
p001	415	Response	100	6660147	5227	1
p001	417	Pulse	255	6690000	19414	NA
p001	419	Response	100	6707585	6668	1
p001	421	Pulse	255	6720000	1918	NA
p001	423	Pulse	255	6750000	1587	NA
p001	423	Response	100	6753506	5094	1
p001	425	Pulse	255	6780000	16089	NA
p001	427	Response	101	6799505	5263	1
p001	429	Pulse	255	6810000	93	NA
p001	430	Pulse	255	6840000	9928	NA
p001	431	Response	100	6847345	7107	1
p001	433	Pulse	255	6870000	12264	NA
p001	435	Response	101	6896545	8478	1
p001	436	Pulse	255	6900000	3267	NA
p001	438	Pulse	255	6930000	2770	NA
p001	439	Response	100	6943666	6270	1
p001	441	Pulse	255	6960000	5939	NA
p001	443	Response	101	6989506	5114	1
p001	444	Pulse	255	6990000	442	NA
p001	445	Pulse	255	7020000	20109	NA
p001	447	Response	100	7044545	14324	1
p001	448	Pulse	255	7050000	5280	NA
p001	450	Pulse	255	7080000	4783	NA
p001	451	Response	101	7090945	5562	1
p001	453	Pulse	255	7110000	8618	NA
p001	455	Response	101	7136705	4993	1
p001	456	Pulse	255	7140000	3121	NA
p001	458	Pulse	255	7170000	2624	NA
p001	459	Response	101	7182144	4602	1
p001	461	Pulse	255	7200000	7460	NA
p001	463	Response	100	7228544	5673	1
p001	464	Pulse	255	7230000	1296	NA
p001	466	Pulse	255	7260000	799	NA
p001	467	Response	101	7279505	10138	1
p001	468	Pulse	255	7290000	10300	NA
p001	470	Pulse	255	7320000	9803	NA
p001	471	Response	101	7323904	3542	1
p001	473	Pulse	255	7350000	15639	NA
p001	475	Response	100	7368626	3934	1
p001	477	Pulse	255	7380000	976	NA
p001	479	Pulse	255	7410000	645	NA
p001	479	Pulse	255	7440000	30645	NA
p001	479	Pulse	255	7470000	60645	NA
p001	479	Pulse	255	7500000	90645	NA
p001	479	Pulse	255	7530000	120645	NA
p001	479	Response	100	7543185	133830	1
p001	481	Pulse	255	7560000	6324	NA
p001	483	Picture	instruct_trial	7584006	0	1	25331	1	0	next	other	0
p001	483	Pulse	255	7590000	5994	NA
p001	483	Response	101	7609265	25258	1
p001	484	Pulse	255	7620000	10496	NA
p001	484	Response	100	7626705	17200	1
p001	486	Pulse	255	7650000	12832	NA
p001	488	Pulse	255	7680000	12501	NA
p001	488	Response	101	7689584	22085	1
p001	490	Pulse	255	7710000	10004	NA
p001	492	Pulse	255	7740000	9673	NA
p001	492	Response	101	7744785	14458	1
p001	494	Pulse	255	7770000	14675	NA
p001	496	Pulse	255	7800000	14345	NA
p001	496	Response	100	7800544	14888	1
p001	498	Pulse	255	7830000	19013	NA
p001	500	Pulse	255	7860000	18683	NA
p001	500	Response	100	7873665	32348	1
p001	502	Pulse	255	7890000	5853	NA
p001	502	Response	100	7892785	8638	1
p001	504	Pulse	255	7920000	5522	NA
p001	504	Response	101	7929663	15186	1
p001	506	Pulse	255	7950000	9858	NA
p001	508	Pulse	255	7980000	9527	NA
p001	508	Response	100	7990223	19750	1
p001	510	Pulse	255	8010000	9363	NA
p001	512	Pulse	255	8040000	9033	NA
p001	512	Response	100	8052303	21336	1
p001	514	Pulse	255	8070000	7202	NA
p001	516	Pulse	255	8100000	6871	NA
p001	516	Response	100	8100625	7496	1
p001	518	Pulse	255	8130000	18873	NA
p001	520	Response	101	8147424	5966	1
p001	522	Pulse	255	8160000	2044	NA
p001	524	Pulse	255	8190000	1713	NA
p001	524	Response	101	8199266	10979	1
p001	526	Pulse	255	8220000	10215	NA
p001	528	Response	100	8243663	3547	1
p001	529	Pulse	255	8250000	6218	NA
p001	530	Response	100	8262223	8108	1
p001	531	Pulse	255	8280000	5720	NA
p001	532	Response	101	8291984	7539	1
p001	534	Pulse	255	8310000	7556	NA
p001	536	Response	101	8338303	5529	1
p001	537	Pulse	255	8340000	1559	NA
p001	539	Pulse	255	8370000	1062	NA
p001	540	Response	100	8383743	4639	1
p001	542	Pulse	255	8400000	5731	NA
p001	544	Pulse	255	8430000	5400	NA
p001	544	Response	100	8436543	11943	1
p001	546	Pulse	255	8460000	13069	NA
p001	548	Response	100	8482783	5521	1
p001	549	Pulse	255	8490000	7072	NA
p001	551	Pulse	255	8520000	6575	NA
p001	552	Response	101	8533822	10231	1
p001	554	Pulse	255	8550000	5744	NA
p001	556	Pulse	255	8580000	5413	NA
p001	556	Response	101	8580703	6116	1
p001	558	Pulse	255	8610000	18915	NA
p001	560	Response	101	8627264	5848	1
p001	562	Pulse	255	8640000	2252	NA
p001	564	Pulse	255	8670000	1921	NA
p001	564	Response	101	8672943	4864	1
p001	566	Pulse	255	8700000	16589	NA
p001	568	Response	100	8720702	6961	1
p001	569	Pulse	255	8730000	9093	NA
p001	571	Pulse	255	8760000	8595	NA
p001	572	Response	100	8767022	5452	1
p001	574	Pulse	255	8790000	12431	NA
p001	576	Response	100	8811663	3764	1
p001	577	Pulse	255	8820000	8267	NA
p001	579	Pulse	255	8850000	7770	NA
p001	580	Response	100	8859502	7107	1
p001	582	Pulse	255	8880000	10106	NA
p001	584	Response	101	8906382	6157	1
p001	585	Pulse	255	8910000	3442	NA
p001	587	Pulse	255	8940000	2945	NA
p001	588	Response	101	8963502	16282	1
p001	589	Pulse	255	8970000	6447	NA
p001	591	Pulse	255	9000000	5950	NA
p001	592	Response	100	9011503	7287	1
p001	594	Pulse	255	9030000	7952	NA
p001	596	Response	100	9059423	7044	1
p001	597	Pulse	255	9060000	456	NA
p001	598	Pulse	255	9090000	20123	NA
p001	600	Response	101	9109423	9216	1
p001	602	Pulse	255	9120000	127	NA
p001	603	Pulse	255	9150000	9963	NA
p001	604	Response	101	9155102	4899	1
p001	606	Pulse	255	9180000	14465	NA
p001	608	Response	101	9199902	4036	1
p001	609	Pulse	255	9210000	9968	NA
p001	611	Pulse	255	9240000	9470	NA
p001	612	Response	101	9251342	10647	1
p001	614	Pulse	255	9270000	8140	NA
p001	616	Response	100	9297821	5631	1
p001	617	Pulse	255	9300000	1976	NA
p001	619	Pulse	255	9330000	1479	NA
p001	620	Response	100	9344942	6255	1
p001	622	Pulse	255	9360000	4648	NA
p001	624	Pulse	255	9390000	4317	NA
p001	624	Response	101	9395981	10298	1
p001	626	Pulse	255	9420000	13486	NA
p001	628	Response	100	9443342	6497	1
p001	629	Pulse	255	9450000	6489	NA
p001	631	Pulse	255	9480000	5992	NA
p001	632	Response	100	9495102	10927	1
p001	634	Pulse	255	9510000	4494	NA
p001	634	Response	100	9513181	7676	1
p001	636	Pulse	255	9540000	4164	NA
p001	636	Response	101	9551661	15825	1
p001	638	Pulse	255	9570000	7833	NA
p001	640	Pulse	255	9600000	7502	NA
p001	640	Response	100	9604462	11964	1
p001	642	Pulse	255	9630000	15004	NA
p001	644	Pulse	255	9660000	14673	NA
p001	644	Pulse	255	9690000	44673	NA
p001	644	Response	101	9691022	45695	1
p001	646	Pulse	255	9720000	18512	NA
p001	648	Response	100	9742701	10882	1
p001	649	Pulse	255	9750000	7182	NA
p001	651	Pulse	255	9780000	6684	NA
p001	652	Response	100	9789422	5940	1
p001	654	Pulse	255	9810000	10187	NA
p001	656	Response	100	9837501	7357	1
p001	657	Pulse	255	9840000	2357	NA
p001	659	Pulse	255	9870000	1859	NA
p001	660	Response	100	9887662	9355	1
p001	662	Pulse	255	9900000	1862	NA
p001	664	Pulse	255	9930000	1531	NA
p001	664	Response	100	9941421	12952	1
p001	666	Pulse	255	9960000	8033	NA
p001	668	Response	101	9987420	5123	1
p001	669	Pulse	255	9990000	2370	NA
p001	671	Pulse	255	10020000	1872	NA
p001	672	Response	100	10034461	6167	1
p001	674	Pulse	255	10050000	5041	NA
p001	676	Pulse	255	10080000	4711	NA
p001	676	Response	101	10094858	19569	1
p001	678	Pulse	255	10110000	4713	NA
p001	680	Pulse	255	10140000	4383	NA
p001	680	Response	100	10141900	6283	1
p001	682	Pulse	255	10170000	17717	NA
p001	684	Response	101	10194061	11448	1
p001	685	Pulse	255	10200000	5888	NA
p001	687	Pulse	255	10230000	5390	NA
p001	688	Response	100	10240621	5846	1
p001	690	Pulse	255	10260000	8893	NA
p001	692	Response	101	10285181	3743	1
p001	693	Pulse	255	10290000	4729	NA
p001	695	Pulse	255	10320000	4232	NA
p001	696	Response	101	10330621	4687	1
p001	698	Pulse	255	10350000	8901	NA
p001	700	Response	101	10376700	5270	1
p001	701	Pulse	255	10380000	3237	NA
p001	703	Pulse	255	10410000	2740	NA
p001	704	Response	100	10423900	6474	1
p001	706	Pulse	255	10440000	5575	NA
p001	708	Pulse	255	10470000	5245	NA
p001	708	Response	101	10473260	8505	1
p001	710	Pulse	255	10500000	16246	NA
p001	712	Response	101	10518380	4296	1
p001	714	Pulse	255	10530000	1084	NA
p001	716	Pulse	255	10560000	753	NA
p001	716	Response	101	10567820	8573	1
p001	718	Pulse	255	10590000	11755	NA
p001	720	Response	100	10617582	9006	1
p001	721	Pulse	255	10620000	2258	NA
p001	723	Pulse	255	10650000	1761	NA
p001	724	Picture	instruct_trial	10658405	0	1	40163	1	0	next	other	0
p001	724	Pulse	255	10680000	21595	NA
