Scenario - learning_JJ_english
Logfile written - 10/15/2021 12:27:00

Subject	Trial	Event Type	Code	Time	TTime	Uncertainty	Duration	Uncertainty	ReqTime	ReqDur	Stim Type	Pair Index

P0012v2	0	Pulse	255	0	0	NA
P0012v2	1	Picture	instruct_trial	10333	0	1	566785	1	0	next	other	0
P0012v2	1	Pulse	255	30000	19667	NA
P0012v2	1	Pulse	255	60000	49667	NA
P0012v2	1	Pulse	255	90000	79667	NA
P0012v2	1	Pulse	255	120000	109667	NA
P0012v2	1	Pulse	255	150000	139667	NA
P0012v2	1	Pulse	255	180000	169667	NA
P0012v2	1	Pulse	255	210000	199667	NA
P0012v2	1	Pulse	255	240000	229667	NA
P0012v2	1	Pulse	255	270000	259667	NA
P0012v2	1	Pulse	255	300000	289667	NA
P0012v2	1	Pulse	255	330000	319667	NA
P0012v2	1	Pulse	255	360000	349667	NA
P0012v2	1	Pulse	255	390000	379667	NA
P0012v2	1	Pulse	255	420000	409667	NA
P0012v2	1	Pulse	255	450000	439667	NA
P0012v2	1	Pulse	255	480000	469667	NA
P0012v2	1	Pulse	255	510000	499667	NA
P0012v2	1	Pulse	255	540000	529667	NA
P0012v2	1	Pulse	255	570000	559667	NA
P0012v2	1	Response	101	576918	566585	1
P0012v2	1	Pulse	255	600000	589667	NA
P0012v2	2	Pulse	255	630000	29884	NA
P0012v2	2	Response	100	646031	45915	1
P0012v2	4	Pulse	255	660000	3556	NA
P0012v2	6	Pulse	255	690000	3225	NA
P0012v2	6	Response	100	706032	19257	1
P0012v2	8	Pulse	255	720000	3561	NA
P0012v2	10	Pulse	255	750000	3230	NA
P0012v2	10	Response	100	755551	8781	1
P0012v2	12	Pulse	255	780000	14065	NA
P0012v2	14	Response	101	805471	9206	1
P0012v2	15	Pulse	255	810000	4402	NA
P0012v2	17	Pulse	255	840000	3904	NA
P0012v2	18	Response	101	857391	11130	1
P0012v2	20	Pulse	255	870000	2073	NA
P0012v2	22	Pulse	255	900000	1743	NA
P0012v2	22	Response	100	907232	8975	1
P0012v2	24	Pulse	255	930000	12244	NA
P0012v2	26	Response	101	958109	10023	1
P0012v2	27	Pulse	255	960000	1748	NA
P0012v2	29	Pulse	255	990000	1250	NA
P0012v2	30	Response	100	1007072	8157	1
P0012v2	32	Pulse	255	1020000	2420	NA
P0012v2	34	Pulse	255	1050000	2089	NA
P0012v2	34	Response	101	1055474	7563	1
P0012v2	36	Pulse	255	1080000	14090	NA
P0012v2	38	Response	101	1105631	9391	1
P0012v2	39	Pulse	255	1110000	4260	NA
P0012v2	41	Pulse	255	1140000	3763	NA
P0012v2	42	Response	100	1154352	7949	1
P0012v2	44	Pulse	255	1170000	5265	NA
P0012v2	46	Pulse	255	1200000	4935	NA
P0012v2	46	Response	100	1201391	6325	1
P0012v2	48	Pulse	255	1230000	18103	NA
P0012v2	50	Response	101	1249793	7565	1
P0012v2	51	Pulse	255	1260000	10106	NA
P0012v2	53	Pulse	255	1290000	9609	NA
P0012v2	54	Response	100	1300350	9793	1
P0012v2	56	Pulse	255	1320000	9111	NA
P0012v2	58	Response	101	1348432	7213	1
P0012v2	59	Pulse	255	1350000	1448	NA
P0012v2	61	Pulse	255	1380000	950	NA
P0012v2	62	Response	100	1396192	6976	1
P0012v2	64	Pulse	255	1410000	3286	NA
P0012v2	66	Pulse	255	1440000	2955	NA
P0012v2	66	Response	101	1443553	6508	1
P0012v2	68	Pulse	255	1470000	15957	NA
P0012v2	70	Response	101	1493552	9178	1
P0012v2	71	Pulse	255	1500000	6293	NA
P0012v2	73	Pulse	255	1530000	5796	NA
P0012v2	74	Pulse	255	1560000	25630	NA
P0012v2	74	Response	101	1560833	26463	1
P0012v2	76	Pulse	255	1590000	18633	NA
P0012v2	78	Response	101	1607792	6095	1
P0012v2	80	Pulse	255	1620000	1804	NA
P0012v2	82	Pulse	255	1650000	1473	NA
P0012v2	82	Response	101	1657956	9429	1
P0012v2	84	Pulse	255	1680000	11642	NA
P0012v2	86	Response	100	1704992	6303	1
P0012v2	87	Pulse	255	1710000	4811	NA
P0012v2	89	Pulse	255	1740000	4314	NA
P0012v2	90	Response	101	1752513	6661	1
P0012v2	92	Pulse	255	1770000	6983	NA
P0012v2	94	Pulse	255	1800000	6652	NA
P0012v2	94	Response	101	1804031	10683	1
P0012v2	96	Pulse	255	1830000	15487	NA
P0012v2	98	Response	101	1848591	3748	1
P0012v2	100	Pulse	255	1860000	991	NA
P0012v2	102	Pulse	255	1890000	660	NA
P0012v2	102	Response	101	1891472	2132	1
P0012v2	104	Pulse	255	1920000	17995	NA
P0012v2	106	Response	101	1934912	2576	1
P0012v2	108	Pulse	255	1950000	4665	NA
P0012v2	110	Response	100	1977952	2286	1
P0012v2	111	Pulse	255	1980000	2001	NA
P0012v2	113	Pulse	255	2010000	1504	NA
P0012v2	113	Response	100	2017073	8577	1
P0012v2	114	Response	100	2019791	1129	1
P0012v2	115	Response	100	2021631	1636	1
P0012v2	116	Pulse	255	2040000	9672	NA
P0012v2	117	Response	100	2052273	1780	1
P0012v2	117	Response	100	2058672	8180	1
P0012v2	118	Response	100	2060912	254	1
P0012v2	119	Response	100	2062993	2001	1
P0012v2	119	Pulse	255	2070000	9008	NA
P0012v2	121	Response	100	2094112	2623	1
P0012v2	121	Pulse	255	2100000	8511	NA
P0012v2	122	Response	101	2101952	297	1
P0012v2	124	Pulse	255	2130000	17513	NA
P0012v2	126	Response	100	2149872	7054	1
P0012v2	127	Pulse	255	2160000	10016	NA
P0012v2	129	Pulse	255	2190000	9518	NA
P0012v2	130	Response	101	2193312	2665	1
P0012v2	132	Pulse	255	2220000	16187	NA
P0012v2	134	Response	100	2235071	928	1
P0012v2	136	Pulse	255	2250000	4524	NA
P0012v2	138	Pulse	255	2280000	4193	NA
P0012v2	138	Response	101	2286193	10386	1
P0012v2	140	Pulse	255	2310000	13362	NA
P0012v2	142	Response	101	2333953	6984	1
P0012v2	143	Pulse	255	2340000	5865	NA
P0012v2	145	Pulse	255	2370000	5367	NA
P0012v2	146	Response	100	2381634	6835	1
P0012v2	148	Pulse	255	2400000	7870	NA
P0012v2	150	Response	100	2427073	4612	1
P0012v2	151	Pulse	255	2430000	2873	NA
P0012v2	153	Pulse	255	2460000	2375	NA
P0012v2	154	Response	101	2471312	3522	1
P0012v2	156	Pulse	255	2490000	8211	NA
P0012v2	157	Response	100	2505393	3439	1
P0012v2	157	Response	101	2509233	7279	1
P0012v2	158	Response	101	2512592	472	1
P0012v2	159	Response	100	2513485	698	1
P0012v2	159	Response	100	2515394	2608	1
P0012v2	159	Response	101	2516844	4057	1
P0012v2	159	Response	100	2517161	4374	1
P0012v2	159	Response	101	2518284	5497	1
P0012v2	159	Response	100	2518911	6124	1
P0012v2	159	Response	101	2519872	7085	1
P0012v2	159	Pulse	255	2520000	7213	NA
P0012v2	160	Response	100	2524191	1072	1
P0012v2	160	Response	101	2525632	2513	1
P0012v2	160	Response	100	2526922	3803	1
P0012v2	160	Response	101	2528040	4921	1
P0012v2	160	Response	100	2529072	5953	1
P0012v2	160	Response	101	2530202	7083	1
P0012v2	160	Response	100	2531243	8124	1
P0012v2	160	Response	101	2532112	8993	1
P0012v2	160	Response	100	2532911	9792	1
P0012v2	160	Response	101	2534911	11792	1
P0012v2	160	Response	100	2534992	11873	1
P0012v2	161	Pulse	255	2550000	6716	NA
P0012v2	162	Response	100	2557630	4180	1
P0012v2	164	Pulse	255	2580000	11885	NA
P0012v2	166	Response	101	2605153	6707	1
P0012v2	167	Pulse	255	2610000	4721	NA
P0012v2	169	Pulse	255	2640000	4224	NA
P0012v2	170	Response	100	2650112	4170	1
P0012v2	172	Pulse	255	2670000	9393	NA
P0012v2	174	Response	100	2699793	8855	1
P0012v2	175	Pulse	255	2700000	63	NA
P0012v2	176	Pulse	255	2730000	19730	NA
P0012v2	178	Response	101	2747232	6632	1
P0012v2	180	Pulse	255	2760000	2234	NA
P0012v2	182	Pulse	255	2790000	1903	NA
P0012v2	182	Response	101	2793393	5297	1
P0012v2	184	Pulse	255	2820000	16071	NA
P0012v2	186	Response	101	2841233	6973	1
P0012v2	187	Pulse	255	2850000	8575	NA
P0012v2	189	Pulse	255	2880000	8077	NA
P0012v2	190	Response	100	2886113	4025	1
P0012v2	192	Pulse	255	2910000	13413	NA
P0012v2	192	Response	101	2913713	17126	1
P0012v2	194	Response	100	2931073	4155	1
P0012v2	195	Pulse	255	2940000	8749	NA
P0012v2	197	Response	100	2967393	5645	1
P0012v2	197	Response	100	2969953	8205	1
P0012v2	197	Pulse	255	2970000	8252	NA
P0012v2	198	Response	100	2972193	278	1
P0012v2	199	Response	100	2974368	2121	1
P0012v2	200	Pulse	255	3000000	17420	NA
P0012v2	202	Response	100	3020354	7443	1
P0012v2	203	Pulse	255	3030000	9590	NA
P0012v2	205	Pulse	255	3060000	9092	NA
P0012v2	206	Response	101	3068913	7840	1
P0012v2	208	Pulse	255	3090000	10595	NA
P0012v2	210	Response	100	3116113	6377	1
P0012v2	211	Pulse	255	3120000	3765	NA
P0012v2	213	Pulse	255	3150000	3267	NA
P0012v2	214	Response	100	3163554	6655	1
P0012v2	216	Pulse	255	3180000	5936	NA
P0012v2	218	Pulse	255	3210000	5606	NA
P0012v2	218	Response	100	3213073	8679	1
P0012v2	220	Pulse	255	3240000	16441	NA
P0012v2	222	Response	101	3259955	6065	1
P0012v2	223	Pulse	255	3270000	9944	NA
P0012v2	225	Pulse	255	3300000	9446	NA
P0012v2	226	Response	100	3307234	6514	1
P0012v2	228	Pulse	255	3330000	12282	NA
P0012v2	230	Response	100	3354193	6144	1
P0012v2	231	Pulse	255	3360000	5618	NA
P0012v2	233	Pulse	255	3390000	5121	NA
P0012v2	234	Response	100	3408993	13948	1
P0012v2	236	Pulse	255	3420000	624	NA
P0012v2	238	Pulse	255	3450000	293	NA
P0012v2	238	Response	101	3454193	4486	1
P0012v2	240	Pulse	255	3480000	15294	NA
P0012v2	242	Picture	instruct_trial	3495036	0	1	13166	1	0	next	other	0
P0012v2	242	Response	101	3508113	13077	1
P0012v2	243	Pulse	255	3510000	1631	NA
P0012v2	243	Response	100	3520674	12306	1
P0012v2	245	Pulse	255	3540000	8800	NA
P0012v2	247	Pulse	255	3570000	8469	NA
P0012v2	247	Response	101	3574194	12663	1
P0012v2	249	Pulse	255	3600000	15305	NA
P0012v2	251	Response	100	3626434	11408	1
P0012v2	252	Pulse	255	3630000	3475	NA
P0012v2	254	Pulse	255	3660000	2977	NA
P0012v2	255	Response	101	3676913	9725	1
P0012v2	257	Pulse	255	3690000	2647	NA
P0012v2	259	Pulse	255	3720000	2316	NA
P0012v2	259	Response	101	3724433	6749	1
P0012v2	261	Pulse	255	3750000	15151	NA
P0012v2	263	Response	100	3777874	12693	1
P0012v2	264	Pulse	255	3780000	1988	NA
P0012v2	266	Pulse	255	3810000	1490	NA
P0012v2	267	Response	100	3825874	7199	1
P0012v2	269	Pulse	255	3840000	3659	NA
P0012v2	271	Pulse	255	3870000	3329	NA
P0012v2	271	Response	100	3872993	6322	1
P0012v2	273	Pulse	255	3900000	16497	NA
P0012v2	275	Pulse	255	3930000	16166	NA
P0012v2	275	Response	101	3935153	21319	1
P0012v2	277	Pulse	255	3960000	14335	NA
P0012v2	279	Response	101	3982674	6678	1
P0012v2	280	Pulse	255	3990000	7172	NA
P0012v2	282	Pulse	255	4020000	6674	NA
P0012v2	283	Response	100	4029954	6462	1
P0012v2	285	Pulse	255	4050000	9510	NA
P0012v2	287	Response	100	4076354	5533	1
P0012v2	288	Pulse	255	4080000	3513	NA
P0012v2	290	Pulse	255	4110000	3016	NA
P0012v2	291	Response	101	4122595	5445	1
P0012v2	293	Pulse	255	4140000	7018	NA
P0012v2	295	Response	100	4168994	5681	1
P0012v2	296	Pulse	255	4170000	854	NA
P0012v2	298	Pulse	255	4200000	357	NA
P0012v2	299	Response	101	4217475	7666	1
P0012v2	300	Response	101	4218433	792	1
P0012v2	301	Pulse	255	4230000	2026	NA
P0012v2	303	Pulse	255	4260000	1695	NA
P0012v2	303	Response	100	4263554	5249	1
P0012v2	305	Pulse	255	4290000	16030	NA
P0012v2	307	Response	100	4311714	7413	1
P0012v2	308	Pulse	255	4320000	8200	NA
P0012v2	310	Pulse	255	4350000	7702	NA
P0012v2	311	Response	100	4355474	3010	1
P0012v2	313	Pulse	255	4380000	14038	NA
P0012v2	315	Pulse	255	4410000	13707	NA
P0012v2	315	Response	101	4410194	13901	1
P0012v2	317	Pulse	255	4440000	19376	NA
P0012v2	319	Response	100	4458754	7799	1
P0012v2	321	Pulse	255	4470000	713	NA
P0012v2	323	Pulse	255	4500000	382	NA
P0012v2	323	Response	100	4509954	10336	1
P0012v2	325	Pulse	255	4530000	9551	NA
P0012v2	327	Pulse	255	4560000	9220	NA
P0012v2	327	Response	101	4562597	11817	1
P0012v2	329	Pulse	255	4590000	16889	NA
P0012v2	331	Response	101	4612833	9391	1
P0012v2	332	Pulse	255	4620000	7059	NA
P0012v2	334	Pulse	255	4650000	6561	NA
P0012v2	335	Response	101	4661235	7631	1
P0012v2	337	Pulse	255	4680000	8230	NA
P0012v2	339	Response	101	4709794	7693	1
P0012v2	340	Pulse	255	4710000	67	NA
P0012v2	341	Pulse	255	4740000	19734	NA
P0012v2	343	Response	100	4758754	8158	1
P0012v2	345	Pulse	255	4770000	739	NA
P0012v2	347	Pulse	255	4800000	408	NA
P0012v2	347	Response	100	4809954	10362	1
P0012v2	349	Pulse	255	4830000	9576	NA
P0012v2	351	Pulse	255	4860000	9246	NA
P0012v2	351	Response	101	4868356	17602	1
P0012v2	353	Pulse	255	4890000	11248	NA
P0012v2	355	Pulse	255	4920000	10917	NA
P0012v2	355	Response	100	4923074	13992	1
P0012v2	357	Pulse	255	4950000	16419	NA
P0012v2	359	Response	100	4976516	12605	1
P0012v2	360	Pulse	255	4980000	3423	NA
P0012v2	362	Pulse	255	5010000	2926	NA
P0012v2	363	Response	100	5025316	8076	1
P0012v2	365	Pulse	255	5040000	4261	NA
P0012v2	367	Pulse	255	5070000	3931	NA
P0012v2	367	Response	100	5072754	6684	1
P0012v2	369	Pulse	255	5100000	16765	NA
P0012v2	371	Response	100	5119954	6389	1
P0012v2	372	Pulse	255	5130000	9935	NA
P0012v2	374	Pulse	255	5160000	9438	NA
P0012v2	375	Response	100	5168915	8187	1
P0012v2	377	Pulse	255	5190000	10607	NA
P0012v2	379	Pulse	255	5220000	10276	NA
P0012v2	379	Response	100	5245714	35990	1
P0012v2	380	Pulse	255	5250000	4112	NA
P0012v2	381	Response	101	5266354	10134	1
P0012v2	381	Response	101	5268035	11815	1
P0012v2	382	Pulse	255	5280000	3615	NA
P0012v2	383	Response	100	5302674	16123	1
P0012v2	384	Pulse	255	5310000	7117	NA
P0012v2	386	Pulse	255	5340000	6620	NA
P0012v2	387	Response	101	5356118	12572	1
P0012v2	389	Pulse	255	5370000	3456	NA
P0012v2	391	Pulse	255	5400000	3125	NA
P0012v2	391	Response	100	5405155	8281	1
P0012v2	393	Pulse	255	5430000	14460	NA
P0012v2	395	Response	101	5457234	11364	1
P0012v2	396	Pulse	255	5460000	2630	NA
P0012v2	398	Pulse	255	5490000	2133	NA
P0012v2	399	Response	100	5502915	4882	1
P0012v2	401	Pulse	255	5520000	6635	NA
P0012v2	403	Pulse	255	5550000	6304	NA
P0012v2	403	Response	101	5562839	19143	1
P0012v2	405	Pulse	255	5580000	6640	NA
P0012v2	407	Pulse	255	5610000	6310	NA
P0012v2	407	Response	100	5610754	7064	1
P0012v2	409	Pulse	255	5640000	18811	NA
P0012v2	411	Response	100	5656675	5155	1
P0012v2	413	Pulse	255	5670000	2815	NA
P0012v2	415	Pulse	255	5700000	2484	NA
P0012v2	415	Response	101	5704835	7319	1
P0012v2	417	Pulse	255	5730000	14652	NA
P0012v2	419	Response	101	5753315	7637	1
P0012v2	420	Pulse	255	5760000	6489	NA
P0012v2	422	Pulse	255	5790000	5992	NA
P0012v2	423	Response	100	5800355	6181	1
P0012v2	425	Pulse	255	5820000	9161	NA
P0012v2	427	Response	100	5846356	5185	1
P0012v2	428	Pulse	255	5850000	3497	NA
P0012v2	430	Pulse	255	5880000	2999	NA
P0012v2	431	Response	100	5896276	9109	1
P0012v2	433	Pulse	255	5910000	3335	NA
P0012v2	435	Pulse	255	5940000	3005	NA
P0012v2	435	Response	101	5943155	6160	1
P0012v2	437	Pulse	255	5970000	16339	NA
P0012v2	439	Response	100	5991555	7564	1
P0012v2	440	Pulse	255	6000000	8343	NA
P0012v2	442	Pulse	255	6030000	7845	NA
P0012v2	443	Response	101	6037476	5155	1
P0012v2	445	Pulse	255	6060000	12014	NA
P0012v2	447	Response	100	6082674	4357	1
P0012v2	448	Pulse	255	6090000	7184	NA
P0012v2	450	Pulse	255	6120000	6686	NA
P0012v2	451	Response	101	6129636	6157	1
P0012v2	453	Pulse	255	6150000	9855	NA
P0012v2	455	Response	101	6174995	4519	1
P0012v2	456	Pulse	255	6180000	4858	NA
P0012v2	458	Pulse	255	6210000	4361	NA
P0012v2	459	Response	100	6219077	3272	1
P0012v2	461	Pulse	255	6240000	10529	NA
P0012v2	463	Response	100	6264675	4874	1
P0012v2	464	Pulse	255	6270000	5199	NA
P0012v2	466	Pulse	255	6300000	4702	NA
P0012v2	467	Response	101	6310755	5291	1
P0012v2	469	Pulse	255	6330000	8704	NA
P0012v2	471	Response	100	6359555	7928	1
P0012v2	472	Pulse	255	6360000	374	NA
P0012v2	473	Pulse	255	6390000	20041	NA
P0012v2	475	Response	101	6408835	8545	1
P0012v2	477	Pulse	255	6420000	712	NA
P0012v2	479	Pulse	255	6450000	382	NA
P0012v2	479	Response	100	6456756	7137	1
P0012v2	481	Pulse	255	6480000	12716	NA
P0012v2	483	Picture	instruct_trial	6497614	0	1	10666	1	0	next	other	0
P0012v2	483	Response	100	6508206	10591	1
P0012v2	484	Pulse	255	6510000	1553	NA
P0012v2	484	Pulse	255	6540000	31553	NA
P0012v2	484	Response	101	6543957	35511	1
P0012v2	486	Response	100	6560596	6153	1
P0012v2	486	Response	101	6563155	8712	1
P0012v2	486	Pulse	255	6570000	15557	NA
P0012v2	488	Pulse	255	6600000	15226	NA
P0012v2	488	Response	101	6601795	17022	1
P0012v2	490	Pulse	255	6630000	17729	NA
P0012v2	492	Response	101	6655955	13353	1
P0012v2	493	Pulse	255	6660000	3899	NA
P0012v2	495	Pulse	255	6690000	3402	NA
P0012v2	496	Response	101	6719077	22313	1
P0012v2	497	Pulse	255	6720000	738	NA
P0012v2	499	Pulse	255	6750000	240	NA
P0012v2	500	Response	100	6775796	15871	1
P0012v2	501	Pulse	255	6780000	4076	NA
P0012v2	503	Pulse	255	6810000	3579	NA
P0012v2	504	Response	101	6822916	6328	1
P0012v2	506	Pulse	255	6840000	6581	NA
P0012v2	508	Pulse	255	6870000	6250	NA
P0012v2	508	Response	100	6871237	7487	1
P0012v2	510	Pulse	255	6900000	18252	NA
P0012v2	512	Response	101	6919555	7476	1
P0012v2	513	Pulse	255	6930000	10255	NA
P0012v2	515	Pulse	255	6960000	9757	NA
P0012v2	516	Response	100	6965955	5547	1
P0012v2	518	Pulse	255	6990000	13593	NA
P0012v2	520	Response	101	7018036	11298	1
P0012v2	521	Pulse	255	7020000	1763	NA
P0012v2	523	Pulse	255	7050000	1266	NA
P0012v2	524	Response	100	7067876	8976	1
P0012v2	526	Pulse	255	7080000	1602	NA
P0012v2	528	Pulse	255	7110000	1271	NA
P0012v2	528	Response	100	7113156	4427	1
P0012v2	530	Pulse	255	7140000	16439	NA
P0012v2	532	Response	100	7157957	4065	1
P0012v2	534	Pulse	255	7170000	1609	NA
P0012v2	536	Pulse	255	7200000	1279	NA
P0012v2	536	Response	101	7203636	4914	1
P0012v2	538	Pulse	255	7230000	15947	NA
P0012v2	540	Response	100	7248676	4291	1
P0012v2	542	Pulse	255	7260000	784	NA
P0012v2	544	Pulse	255	7290000	453	NA
P0012v2	544	Response	101	7296517	6969	1
P0012v2	546	Pulse	255	7320000	12954	NA
P0012v2	548	Response	100	7344117	6741	1
P0012v2	549	Pulse	255	7350000	5791	NA
P0012v2	551	Pulse	255	7380000	5294	NA
P0012v2	552	Response	101	7391077	6205	1
P0012v2	554	Pulse	255	7410000	8462	NA
P0012v2	556	Response	101	7439637	7768	1
P0012v2	557	Pulse	255	7440000	299	NA
P0012v2	558	Pulse	255	7470000	19967	NA
P0012v2	560	Response	101	7486437	6072	1
P0012v2	562	Pulse	255	7500000	3137	NA
P0012v2	564	Pulse	255	7530000	2806	NA
P0012v2	564	Response	101	7532757	5563	1
P0012v2	566	Pulse	255	7560000	16808	NA
P0012v2	568	Response	100	7578519	4996	1
P0012v2	570	Pulse	255	7590000	978	NA
P0012v2	572	Pulse	255	7620000	648	NA
P0012v2	572	Response	100	7623078	3725	1
P0012v2	574	Pulse	255	7650000	16482	NA
P0012v2	576	Response	100	7669557	5708	1
P0012v2	577	Pulse	255	7680000	10319	NA
P0012v2	579	Pulse	255	7710000	9821	NA
P0012v2	580	Response	100	7738596	28251	1
P0012v2	581	Pulse	255	7740000	1324	NA
P0012v2	583	Pulse	255	7770000	827	NA
P0012v2	584	Response	101	7784277	4938	1
P0012v2	586	Pulse	255	7800000	5329	NA
P0012v2	588	Response	100	7828517	3516	1
P0012v2	589	Pulse	255	7830000	1332	NA
P0012v2	591	Pulse	255	7860000	835	NA
P0012v2	592	Response	100	7874037	4705	1
P0012v2	594	Pulse	255	7890000	5504	NA
P0012v2	596	Response	100	7918198	3371	1
P0012v2	597	Pulse	255	7920000	1673	NA
P0012v2	599	Pulse	255	7950000	1176	NA
P0012v2	600	Response	101	7965317	6327	1
P0012v2	602	Pulse	255	7980000	4178	NA
P0012v2	604	Pulse	255	8010000	3847	NA
P0012v2	604	Response	100	8010035	3883	1
P0012v2	606	Pulse	255	8040000	19515	NA
P0012v2	608	Response	100	8057636	6820	1
P0012v2	610	Pulse	255	8070000	1852	NA
P0012v2	612	Pulse	255	8100000	1522	NA
P0012v2	612	Response	100	8106756	8278	1
P0012v2	614	Pulse	255	8130000	12857	NA
P0012v2	616	Response	100	8159476	12002	1
P0012v2	617	Pulse	255	8160000	360	NA
P0012v2	618	Pulse	255	8190000	20028	NA
P0012v2	620	Response	101	8209237	8934	1
P0012v2	622	Pulse	255	8220000	365	NA
P0012v2	624	Pulse	255	8250000	35	NA
P0012v2	624	Response	100	8255396	5431	1
P0012v2	626	Pulse	255	8280000	14203	NA
P0012v2	628	Response	100	8304357	8229	1
P0012v2	629	Pulse	255	8310000	5539	NA
P0012v2	631	Pulse	255	8340000	5042	NA
P0012v2	632	Response	101	8349558	4434	1
P0012v2	634	Pulse	255	8370000	10044	NA
P0012v2	636	Response	101	8398357	8070	1
P0012v2	637	Pulse	255	8400000	1547	NA
P0012v2	639	Pulse	255	8430000	1050	NA
P0012v2	640	Response	101	8442437	3321	1
P0012v2	642	Pulse	255	8460000	7052	NA
P0012v2	644	Response	101	8489797	6518	1
P0012v2	645	Pulse	255	8490000	55	NA
P0012v2	646	Pulse	255	8520000	19723	NA
P0012v2	648	Response	100	8534279	3671	1
P0012v2	650	Pulse	255	8550000	5226	NA
P0012v2	652	Response	100	8575395	290	1
P0012v2	653	Pulse	255	8580000	4396	NA
P0012v2	655	Pulse	255	8610000	3898	NA
P0012v2	656	Response	101	8618197	1929	1
P0012v2	658	Pulse	255	8640000	11400	NA
P0012v2	660	Response	100	8659877	946	1
P0012v2	661	Pulse	255	8670000	10069	NA
P0012v2	663	Pulse	255	8700000	9572	NA
P0012v2	664	Response	100	8708357	7764	1
P0012v2	666	Pulse	255	8730000	11241	NA
P0012v2	668	Response	101	8755076	5986	1
P0012v2	669	Pulse	255	8760000	4744	NA
P0012v2	671	Pulse	255	8790000	4247	NA
P0012v2	672	Response	100	8800998	5079	1
P0012v2	674	Pulse	255	8820000	8582	NA
P0012v2	676	Response	100	8849318	7570	1
P0012v2	677	Pulse	255	8850000	586	NA
P0012v2	679	Pulse	255	8880000	88	NA
P0012v2	680	Response	101	8903878	13800	1
P0012v2	681	Pulse	255	8910000	5924	NA
P0012v2	683	Pulse	255	8940000	5426	NA
P0012v2	684	Response	101	8949798	5058	1
P0012v2	686	Pulse	255	8970000	9762	NA
P0012v2	688	Response	100	8995956	5387	1
P0012v2	689	Pulse	255	9000000	3931	NA
P0012v2	691	Pulse	255	9030000	3434	NA
P0012v2	692	Response	100	9042757	6025	1
P0012v2	694	Pulse	255	9060000	6770	NA
P0012v2	696	Pulse	255	9090000	6439	NA
P0012v2	696	Response	100	9090837	7276	1
P0012v2	698	Pulse	255	9120000	18774	NA
P0012v2	700	Response	101	9135638	4081	1
P0012v2	702	Pulse	255	9150000	3944	NA
P0012v2	704	Pulse	255	9180000	3613	NA
P0012v2	704	Response	100	9182038	5651	1
P0012v2	706	Pulse	255	9210000	17448	NA
P0012v2	708	Response	100	9228117	5234	1
P0012v2	710	Pulse	255	9240000	1452	NA
P0012v2	712	Pulse	255	9270000	1121	NA
P0012v2	712	Response	101	9277637	8758	1
P0012v2	714	Pulse	255	9300000	11956	NA
P0012v2	716	Response	100	9323078	4704	1
P0012v2	717	Pulse	255	9330000	6793	NA
P0012v2	719	Pulse	255	9360000	6295	NA
P0012v2	720	Response	101	9369797	5926	1
P0012v2	722	Pulse	255	9390000	9797	NA
P0012v2	724	Picture	instruct_trial	9410533	0	1	40163	1	0	next	other	0
P0012v2	724	Pulse	255	9420000	9467	NA
P0012v2	724	Pulse	255	9450000	39467	NA
