Scenario - learning_JJ_english
Logfile written - 10/20/2021 11:59:21

Subject	Trial	Event Type	Code	Time	TTime	Uncertainty	Duration	Uncertainty	ReqTime	ReqDur	Stim Type	Pair Index

p0015	0	Pulse	255	0	0	NA
p0015	1	Picture	instruct_trial	10333	0	1	2548950	1	0	next	other	0
p0015	1	Pulse	255	30000	19667	NA
p0015	1	Pulse	255	60000	49667	NA
p0015	1	Pulse	255	90000	79667	NA
p0015	1	Pulse	255	120000	109667	NA
p0015	1	Pulse	255	150000	139667	NA
p0015	1	Pulse	255	180000	169667	NA
p0015	1	Pulse	255	210000	199667	NA
p0015	1	Pulse	255	240000	229667	NA
p0015	1	Pulse	255	270000	259667	NA
p0015	1	Pulse	255	300000	289667	NA
p0015	1	Pulse	255	330000	319667	NA
p0015	1	Pulse	255	360000	349667	NA
p0015	1	Pulse	255	390000	379667	NA
p0015	1	Pulse	255	420000	409667	NA
p0015	1	Pulse	255	450000	439667	NA
p0015	1	Pulse	255	480000	469667	NA
p0015	1	Pulse	255	510000	499667	NA
p0015	1	Pulse	255	540000	529667	NA
p0015	1	Pulse	255	570000	559667	NA
p0015	1	Pulse	255	600000	589667	NA
p0015	1	Pulse	255	630000	619667	NA
p0015	1	Pulse	255	660000	649667	NA
p0015	1	Pulse	255	690000	679667	NA
p0015	1	Pulse	255	720000	709667	NA
p0015	1	Pulse	255	750000	739667	NA
p0015	1	Pulse	255	780000	769667	NA
p0015	1	Pulse	255	810000	799667	NA
p0015	1	Pulse	255	840000	829667	NA
p0015	1	Pulse	255	870000	859667	NA
p0015	1	Pulse	255	900000	889667	NA
p0015	1	Pulse	255	930000	919667	NA
p0015	1	Pulse	255	960000	949667	NA
p0015	1	Pulse	255	990000	979667	NA
p0015	1	Pulse	255	1020000	1009667	NA
p0015	1	Pulse	255	1050000	1039667	NA
p0015	1	Pulse	255	1080000	1069667	NA
p0015	1	Pulse	255	1110000	1099667	NA
p0015	1	Pulse	255	1140000	1129667	NA
p0015	1	Pulse	255	1170000	1159667	NA
p0015	1	Pulse	255	1200000	1189667	NA
p0015	1	Pulse	255	1230000	1219667	NA
p0015	1	Pulse	255	1260000	1249667	NA
p0015	1	Pulse	255	1290000	1279667	NA
p0015	1	Pulse	255	1320000	1309667	NA
p0015	1	Pulse	255	1350000	1339667	NA
p0015	1	Pulse	255	1380000	1369667	NA
p0015	1	Pulse	255	1410000	1399667	NA
p0015	1	Pulse	255	1440000	1429667	NA
p0015	1	Pulse	255	1470000	1459667	NA
p0015	1	Pulse	255	1500000	1489667	NA
p0015	1	Pulse	255	1530000	1519667	NA
p0015	1	Pulse	255	1560000	1549667	NA
p0015	1	Pulse	255	1590000	1579667	NA
p0015	1	Pulse	255	1620000	1609667	NA
p0015	1	Pulse	255	1650000	1639667	NA
p0015	1	Pulse	255	1680000	1669667	NA
p0015	1	Pulse	255	1710000	1699667	NA
p0015	1	Pulse	255	1740000	1729667	NA
p0015	1	Pulse	255	1770000	1759667	NA
p0015	1	Pulse	255	1800000	1789667	NA
p0015	1	Pulse	255	1830000	1819667	NA
p0015	1	Pulse	255	1860000	1849667	NA
p0015	1	Pulse	255	1890000	1879667	NA
p0015	1	Pulse	255	1920000	1909667	NA
p0015	1	Pulse	255	1950000	1939667	NA
p0015	1	Pulse	255	1980000	1969667	NA
p0015	1	Pulse	255	2010000	1999667	NA
p0015	1	Pulse	255	2040000	2029667	NA
p0015	1	Pulse	255	2070000	2059667	NA
p0015	1	Pulse	255	2100000	2089667	NA
p0015	1	Pulse	255	2130000	2119667	NA
p0015	1	Pulse	255	2160000	2149667	NA
p0015	1	Pulse	255	2190000	2179667	NA
p0015	1	Pulse	255	2220000	2209667	NA
p0015	1	Pulse	255	2250000	2239667	NA
p0015	1	Pulse	255	2280000	2269667	NA
p0015	1	Pulse	255	2310000	2299667	NA
p0015	1	Pulse	255	2340000	2329667	NA
p0015	1	Pulse	255	2370000	2359667	NA
p0015	1	Pulse	255	2400000	2389667	NA
p0015	1	Pulse	255	2430000	2419667	NA
p0015	1	Pulse	255	2460000	2449667	NA
p0015	1	Pulse	255	2490000	2479667	NA
p0015	1	Pulse	255	2520000	2509667	NA
p0015	1	Pulse	255	2550000	2539667	NA
p0015	1	Response	101	2559122	2548789	1
p0015	1	Pulse	255	2580000	2569667	NA
p0015	2	Response	100	2606482	26368	1
p0015	3	Pulse	255	2610000	3388	NA
p0015	5	Pulse	255	2640000	2890	NA
p0015	6	Response	100	2669841	22565	1
p0015	7	Pulse	255	2670000	60	NA
p0015	8	Pulse	255	2700000	19727	NA
p0015	10	Response	101	2718560	7956	1
p0015	12	Pulse	255	2730000	898	NA
p0015	14	Pulse	255	2760000	567	NA
p0015	14	Response	100	2776320	16887	1
p0015	16	Pulse	255	2790000	3236	NA
p0015	18	Pulse	255	2820000	2906	NA
p0015	18	Response	101	2828000	10906	1
p0015	20	Pulse	255	2850000	11574	NA
p0015	22	Pulse	255	2880000	11243	NA
p0015	22	Response	101	2887921	19164	1
p0015	24	Pulse	255	2910000	11579	NA
p0015	26	Pulse	255	2940000	11249	NA
p0015	26	Response	100	2942800	14048	1
p0015	28	Pulse	255	2970000	16751	NA
p0015	30	Response	100	2995520	11939	1
p0015	31	Pulse	255	3000000	4421	NA
p0015	33	Pulse	255	3030000	3923	NA
p0015	34	Response	101	3048961	12718	1
p0015	36	Pulse	255	3060000	593	NA
p0015	38	Pulse	255	3090000	262	NA
p0015	38	Response	101	3111122	21384	1
p0015	39	Pulse	255	3120000	8764	NA
p0015	41	Pulse	255	3150000	8267	NA
p0015	42	Response	101	3171201	19301	1
p0015	43	Pulse	255	3180000	8602	NA
p0015	45	Pulse	255	3210000	8105	NA
p0015	46	Response	100	3226641	14580	1
p0015	48	Pulse	255	3240000	2941	NA
p0015	50	Pulse	255	3270000	2611	NA
p0015	50	Response	101	3292642	25252	1
p0015	51	Pulse	255	3300000	7279	NA
p0015	53	Pulse	255	3330000	6782	NA
p0015	54	Response	101	3347122	13738	1
p0015	56	Pulse	255	3360000	2452	NA
p0015	58	Pulse	255	3390000	2121	NA
p0015	58	Response	101	3399281	11402	1
p0015	60	Pulse	255	3420000	10289	NA
p0015	62	Pulse	255	3450000	9959	NA
p0015	62	Response	100	3456159	16118	1
p0015	64	Pulse	255	3480000	13294	NA
p0015	66	Pulse	255	3510000	12963	NA
p0015	66	Response	101	3515761	18725	1
p0015	68	Pulse	255	3540000	13799	NA
p0015	70	Response	100	3567441	10909	1
p0015	71	Pulse	255	3570000	2470	NA
p0015	73	Pulse	255	3600000	1972	NA
p0015	74	Response	100	3620962	12768	1
p0015	75	Pulse	255	3630000	8974	NA
p0015	77	Pulse	255	3660000	8477	NA
p0015	78	Response	101	3676321	14632	1
p0015	80	Pulse	255	3690000	3146	NA
p0015	82	Pulse	255	3720000	2816	NA
p0015	82	Response	100	3727761	10577	1
p0015	84	Pulse	255	3750000	11817	NA
p0015	86	Response	100	3778881	10367	1
p0015	87	Pulse	255	3780000	987	NA
p0015	89	Pulse	255	3810000	490	NA
p0015	90	Response	101	3830161	10485	1
p0015	91	Pulse	255	3840000	9659	NA
p0015	93	Pulse	255	3870000	9161	NA
p0015	94	Response	101	3882641	11636	1
p0015	96	Pulse	255	3900000	6831	NA
p0015	98	Pulse	255	3930000	6500	NA
p0015	98	Response	100	3937681	14181	1
p0015	100	Pulse	255	3960000	11835	NA
p0015	102	Pulse	255	3990000	11504	NA
p0015	102	Response	100	3990642	12146	1
p0015	104	Pulse	255	4020000	18840	NA
p0015	106	Response	101	4045922	14431	1
p0015	107	Pulse	255	4050000	4010	NA
p0015	109	Pulse	255	4080000	3513	NA
p0015	110	Response	101	4101202	14549	1
p0015	111	Pulse	255	4110000	8682	NA
p0015	113	Pulse	255	4140000	8184	NA
p0015	114	Response	101	4160001	18020	1
p0015	115	Pulse	255	4170000	9853	NA
p0015	117	Pulse	255	4200000	9356	NA
p0015	118	Response	101	4214162	13352	1
p0015	120	Pulse	255	4230000	5359	NA
p0015	122	Pulse	255	4260000	5028	NA
p0015	122	Response	100	4264962	9990	1
p0015	124	Pulse	255	4290000	14530	NA
p0015	126	Response	101	4319121	13320	1
p0015	127	Pulse	255	4320000	700	NA
p0015	129	Pulse	255	4350000	203	NA
p0015	130	Response	100	4366322	6359	1
p0015	132	Pulse	255	4380000	3205	NA
p0015	134	Pulse	255	4410000	2874	NA
p0015	134	Response	101	4423041	15916	1
p0015	136	Pulse	255	4440000	6543	NA
p0015	138	Response	100	4468722	4934	1
p0015	139	Pulse	255	4470000	1213	NA
p0015	141	Pulse	255	4500000	715	NA
p0015	142	Response	101	4516883	7432	1
p0015	144	Pulse	255	4530000	2718	NA
p0015	146	Pulse	255	4560000	2387	NA
p0015	146	Response	101	4562245	4632	1
p0015	148	Pulse	255	4590000	17222	NA
p0015	150	Response	101	4619521	16412	1
p0015	151	Pulse	255	4620000	392	NA
p0015	152	Pulse	255	4650000	20060	NA
p0015	154	Response	101	4677202	16931	1
p0015	155	Pulse	255	4680000	2731	NA
p0015	157	Pulse	255	4710000	2233	NA
p0015	158	Response	100	4731923	13990	1
p0015	159	Pulse	255	4740000	7902	NA
p0015	161	Pulse	255	4770000	7404	NA
p0015	162	Response	101	4786882	14120	1
p0015	164	Pulse	255	4800000	2574	NA
p0015	166	Pulse	255	4830000	2243	NA
p0015	166	Response	101	4838322	10565	1
p0015	168	Pulse	255	4860000	11245	NA
p0015	170	Pulse	255	4890000	10914	NA
p0015	170	Response	100	4911602	32517	1
p0015	171	Pulse	255	4920000	8250	NA
p0015	173	Pulse	255	4950000	7753	NA
p0015	174	Pulse	255	4980000	27587	NA
p0015	174	Response	101	4983043	30630	1
p0015	176	Pulse	255	5010000	16424	NA
p0015	178	Pulse	255	5040000	16093	NA
p0015	178	Response	100	5048963	25056	1
p0015	180	Pulse	255	5070000	10596	NA
p0015	182	Pulse	255	5100000	10266	NA
p0015	182	Response	100	5119603	29869	1
p0015	183	Pulse	255	5130000	10268	NA
p0015	185	Pulse	255	5160000	9771	NA
p0015	186	Pulse	255	5190000	29605	NA
p0015	186	Response	101	5193762	33367	1
p0015	188	Pulse	255	5220000	15775	NA
p0015	190	Response	101	5241363	6808	1
p0015	191	Pulse	255	5250000	8445	NA
p0015	193	Pulse	255	5280000	7948	NA
p0015	194	Response	100	5306962	24744	1
p0015	195	Pulse	255	5310000	2951	NA
p0015	197	Pulse	255	5340000	2453	NA
p0015	198	Pulse	255	5370000	22288	NA
p0015	198	Response	100	5379364	31652	1
p0015	200	Pulse	255	5400000	10124	NA
p0015	202	Pulse	255	5430000	9794	NA
p0015	202	Response	101	5444482	24276	1
p0015	204	Pulse	255	5460000	5130	NA
p0015	206	Pulse	255	5490000	4799	NA
p0015	206	Response	101	5511122	25921	1
p0015	207	Pulse	255	5520000	8801	NA
p0015	209	Pulse	255	5550000	8304	NA
p0015	210	Pulse	255	5580000	28138	NA
p0015	210	Response	101	5587522	35660	1
p0015	212	Pulse	255	5610000	11976	NA
p0015	214	Pulse	255	5640000	11645	NA
p0015	214	Response	100	5641922	13567	1
p0015	216	Pulse	255	5670000	17647	NA
p0015	218	Pulse	255	5700000	17316	NA
p0015	218	Response	100	5703762	21078	1
p0015	220	Pulse	255	5730000	15819	NA
p0015	222	Response	101	5752722	8210	1
p0015	223	Pulse	255	5760000	7155	NA
p0015	225	Pulse	255	5790000	6658	NA
p0015	226	Response	100	5799524	6016	1
p0015	228	Pulse	255	5820000	9994	NA
p0015	230	Response	101	5847282	6945	1
p0015	231	Pulse	255	5850000	2663	NA
p0015	233	Pulse	255	5880000	2166	NA
p0015	234	Response	100	5897844	9844	1
p0015	236	Pulse	255	5910000	1669	NA
p0015	238	Pulse	255	5940000	1338	NA
p0015	238	Response	101	5944803	6141	1
p0015	240	Pulse	255	5970000	14673	NA
p0015	242	Picture	instruct_trial	5985658	0	1	130656	1	0	next	other	0
p0015	242	Pulse	255	6000000	14342	NA
p0015	242	Pulse	255	6030000	44342	NA
p0015	242	Pulse	255	6060000	74342	NA
p0015	242	Pulse	255	6090000	104342	NA
p0015	242	Response	100	6116244	130586	1
p0015	243	Pulse	255	6120000	3520	NA
p0015	243	Pulse	255	6150000	33520	NA
p0015	243	Response	100	6153282	36802	1
p0015	245	Pulse	255	6180000	16190	NA
p0015	247	Pulse	255	6210000	15860	NA
p0015	247	Response	101	6219683	25543	1
p0015	249	Pulse	255	6240000	9863	NA
p0015	251	Pulse	255	6270000	9532	NA
p0015	251	Response	100	6277763	17295	1
p0015	253	Pulse	255	6300000	11701	NA
p0015	255	Pulse	255	6330000	11370	NA
p0015	255	Response	101	6332564	13934	1
p0015	257	Pulse	255	6360000	17039	NA
p0015	259	Response	100	6382404	9112	1
p0015	260	Pulse	255	6390000	7542	NA
p0015	262	Pulse	255	6420000	7045	NA
p0015	263	Response	101	6433924	10803	1
p0015	265	Pulse	255	6450000	5547	NA
p0015	267	Pulse	255	6480000	5217	NA
p0015	267	Response	100	6486324	11541	1
p0015	269	Pulse	255	6510000	13219	NA
p0015	271	Response	100	6537523	10411	1
p0015	272	Pulse	255	6540000	2389	NA
p0015	274	Pulse	255	6570000	1891	NA
p0015	275	Response	101	6588883	10608	1
p0015	277	Pulse	255	6600000	727	NA
p0015	279	Pulse	255	6630000	397	NA
p0015	279	Response	101	6640244	10641	1
p0015	281	Pulse	255	6660000	9232	NA
p0015	283	Response	100	6689763	8664	1
p0015	284	Pulse	255	6690000	68	NA
p0015	285	Pulse	255	6720000	19736	NA
p0015	287	Response	100	6749442	18848	1
p0015	288	Pulse	255	6750000	407	NA
p0015	289	Pulse	255	6780000	20074	NA
p0015	291	Response	100	6807924	17667	1
p0015	292	Pulse	255	6810000	1912	NA
p0015	294	Pulse	255	6840000	1414	NA
p0015	295	Response	101	6864403	15652	1
p0015	296	Pulse	255	6870000	5417	NA
p0015	298	Pulse	255	6900000	4919	NA
p0015	299	Response	101	6925603	20356	1
p0015	300	Pulse	255	6930000	4255	NA
p0015	302	Pulse	255	6960000	3758	NA
p0015	303	Pulse	255	6990000	23592	NA
p0015	303	Response	101	7005604	39196	1
p0015	305	Pulse	255	7020000	3929	NA
p0015	307	Pulse	255	7050000	3599	NA
p0015	307	Pulse	255	7080000	33599	NA
p0015	307	Response	100	7083204	36803	1
p0015	309	Pulse	255	7110000	16269	NA
p0015	311	Response	100	7139283	15222	1
p0015	312	Pulse	255	7140000	607	NA
p0015	314	Pulse	255	7170000	109	NA
p0015	315	Response	101	7189605	9548	1
p0015	316	Pulse	255	7200000	10278	NA
p0015	318	Pulse	255	7230000	9780	NA
p0015	319	Response	101	7240165	9779	1
p0015	321	Pulse	255	7260000	9449	NA
p0015	323	Response	100	7289044	8162	1
p0015	324	Pulse	255	7290000	786	NA
p0015	326	Pulse	255	7320000	289	NA
p0015	327	Response	100	7346005	16127	1
p0015	328	Pulse	255	7350000	3791	NA
p0015	330	Pulse	255	7380000	3293	NA
p0015	331	Response	101	7398644	11772	1
p0015	333	Pulse	255	7410000	963	NA
p0015	335	Pulse	255	7440000	632	NA
p0015	335	Response	101	7452563	13195	1
p0015	337	Pulse	255	7470000	6968	NA
p0015	339	Pulse	255	7500000	6637	NA
p0015	339	Response	101	7507364	14001	1
p0015	341	Pulse	255	7530000	12139	NA
p0015	343	Response	100	7558084	9892	1
p0015	344	Pulse	255	7560000	1809	NA
p0015	346	Pulse	255	7590000	1311	NA
p0015	347	Response	100	7605125	6270	1
p0015	349	Pulse	255	7620000	4480	NA
p0015	351	Pulse	255	7650000	4150	NA
p0015	351	Response	101	7668244	22394	1
p0015	353	Pulse	255	7680000	1319	NA
p0015	355	Pulse	255	7710000	988	NA
p0015	355	Response	101	7732325	23313	1
p0015	356	Pulse	255	7740000	7490	NA
p0015	358	Pulse	255	7770000	6993	NA
p0015	359	Response	101	7784885	11712	1
p0015	361	Pulse	255	7800000	4662	NA
p0015	363	Pulse	255	7830000	4332	NA
p0015	363	Response	100	7836003	10335	1
p0015	365	Pulse	255	7860000	13500	NA
p0015	367	Response	101	7882884	6053	1
p0015	368	Pulse	255	7890000	7003	NA
p0015	370	Pulse	255	7920000	6506	NA
p0015	371	Response	100	7931045	7384	1
p0015	373	Pulse	255	7950000	8508	NA
p0015	375	Pulse	255	7980000	8177	NA
p0015	375	Response	100	7986884	15062	1
p0015	377	Pulse	255	8010000	12680	NA
p0015	379	Response	101	8035684	8033	1
p0015	380	Pulse	255	8040000	4183	NA
p0015	382	Pulse	255	8070000	3685	NA
p0015	383	Response	100	8086165	9685	1
p0015	385	Pulse	255	8100000	3355	NA
p0015	387	Pulse	255	8130000	3024	NA
p0015	387	Response	101	8141205	14229	1
p0015	389	Pulse	255	8160000	8359	NA
p0015	391	Pulse	255	8190000	8029	NA
p0015	391	Response	100	8194724	12753	1
p0015	393	Pulse	255	8220000	14864	NA
p0015	395	Response	101	8246645	11179	1
p0015	396	Pulse	255	8250000	3201	NA
p0015	398	Pulse	255	8280000	2703	NA
p0015	399	Response	101	8292727	5264	1
p0015	401	Pulse	255	8310000	6872	NA
p0015	403	Pulse	255	8340000	6541	NA
p0015	403	Response	101	8353683	20224	1
p0015	405	Pulse	255	8370000	5877	NA
p0015	407	Pulse	255	8400000	5547	NA
p0015	407	Response	100	8401444	6991	1
p0015	409	Pulse	255	8430000	18048	NA
p0015	411	Response	100	8458725	16442	1
p0015	412	Pulse	255	8460000	1219	NA
p0015	414	Pulse	255	8490000	721	NA
p0015	415	Response	101	8515847	16402	1
p0015	416	Pulse	255	8520000	4057	NA
p0015	418	Pulse	255	8550000	3560	NA
p0015	419	Response	101	8574565	17959	1
p0015	420	Pulse	255	8580000	5229	NA
p0015	422	Pulse	255	8610000	4731	NA
p0015	423	Response	101	8625605	10170	1
p0015	425	Pulse	255	8640000	3901	NA
p0015	427	Pulse	255	8670000	3570	NA
p0015	427	Pulse	255	8700000	33570	NA
p0015	427	Response	101	8705285	38855	1
p0015	429	Pulse	255	8730000	14241	NA
p0015	431	Pulse	255	8760000	13910	NA
p0015	431	Response	100	8766006	19916	1
p0015	432	Response	101	8771365	5277	1
p0015	432	Response	101	8774404	8316	1
p0015	433	Pulse	255	8790000	13579	NA
p0015	435	Response	100	8819926	13174	1
p0015	435	Pulse	255	8820000	13248	NA
p0015	437	Pulse	255	8850000	19584	NA
p0015	439	Response	100	8876326	15579	1
p0015	440	Pulse	255	8880000	3588	NA
p0015	442	Pulse	255	8910000	3090	NA
p0015	443	Response	101	8928084	11009	1
p0015	445	Pulse	255	8940000	1426	NA
p0015	447	Pulse	255	8970000	1096	NA
p0015	447	Response	101	8980165	11261	1
p0015	449	Pulse	255	9000000	9431	NA
p0015	451	Response	101	9029527	8627	1
p0015	452	Pulse	255	9030000	267	NA
p0015	453	Pulse	255	9060000	19935	NA
p0015	455	Response	100	9079925	9529	1
p0015	456	Pulse	255	9090000	9938	NA
p0015	458	Pulse	255	9120000	9441	NA
p0015	459	Response	101	9130245	9520	1
p0015	461	Pulse	255	9150000	9277	NA
p0015	463	Pulse	255	9180000	8946	NA
p0015	463	Response	100	9188085	17031	1
p0015	465	Pulse	255	9210000	11448	NA
p0015	467	Pulse	255	9240000	11118	NA
p0015	467	Response	100	9248647	19764	1
p0015	469	Pulse	255	9270000	10954	NA
p0015	471	Response	100	9298165	8788	1
p0015	472	Pulse	255	9300000	1624	NA
p0015	474	Pulse	255	9330000	1126	NA
p0015	475	Pulse	255	9360000	20960	NA
p0015	475	Response	100	9361366	22326	1
p0015	477	Pulse	255	9390000	18130	NA
p0015	479	Response	101	9406086	3885	1
p0015	481	Pulse	255	9420000	3467	NA
p0015	483	Picture	instruct_trial	9446864	0	1	115823	1	0	next	other	0
p0015	483	Pulse	255	9450000	3136	NA
p0015	483	Pulse	255	9480000	33136	NA
p0015	483	Pulse	255	9510000	63136	NA
p0015	483	Pulse	255	9540000	93136	NA
p0015	483	Response	100	9562565	115701	1
p0015	484	Pulse	255	9570000	7146	NA
p0015	484	Response	100	9596325	33471	1
p0015	485	Pulse	255	9600000	3482	NA
p0015	487	Pulse	255	9630000	2985	NA
p0015	488	Pulse	255	9660000	22819	NA
p0015	488	Response	101	9685526	48345	1
p0015	489	Pulse	255	9690000	4323	NA
p0015	491	Pulse	255	9720000	3826	NA
p0015	492	Response	100	9743286	16946	1
p0015	493	Pulse	255	9750000	6661	NA
p0015	495	Pulse	255	9780000	6164	NA
p0015	496	Response	100	9802966	18964	1
p0015	497	Pulse	255	9810000	6833	NA
p0015	499	Pulse	255	9840000	6336	NA
p0015	500	Response	100	9851046	7216	1
p0015	502	Pulse	255	9870000	8505	NA
p0015	504	Pulse	255	9900000	8174	NA
p0015	504	Response	100	9911606	19780	1
p0015	506	Pulse	255	9930000	8010	NA
p0015	508	Pulse	255	9960000	7679	NA
p0015	508	Response	101	9962965	10645	1
p0015	510	Pulse	255	9990000	16514	NA
p0015	512	Response	101	10019686	15870	1
p0015	513	Pulse	255	10020000	185	NA
p0015	514	Pulse	255	10050000	19852	NA
p0015	516	Response	101	10070166	9688	1
p0015	517	Pulse	255	10080000	9689	NA
p0015	519	Pulse	255	10110000	9192	NA
p0015	520	Pulse	255	10140000	29026	NA
p0015	520	Response	101	10150406	39432	1
p0015	522	Pulse	255	10170000	9197	NA
p0015	524	Pulse	255	10200000	8866	NA
p0015	524	Response	101	10220569	29435	1
p0015	525	Pulse	255	10230000	9369	NA
p0015	527	Pulse	255	10260000	8871	NA
p0015	528	Pulse	255	10290000	28705	NA
p0015	528	Pulse	255	10320000	58705	NA
p0015	528	Pulse	255	10350000	88705	NA
p0015	528	Response	100	10355927	94632	1
p0015	530	Pulse	255	10380000	13548	NA
p0015	532	Pulse	255	10410000	13217	NA
p0015	532	Response	100	10419288	22505	1
p0015	534	Pulse	255	10440000	10220	NA
p0015	536	Pulse	255	10470000	9889	NA
p0015	536	Response	101	10479447	19336	1
p0015	538	Pulse	255	10500000	10058	NA
p0015	540	Response	101	10524966	4694	1
p0015	541	Pulse	255	10530000	4895	NA
p0015	543	Pulse	255	10560000	4397	NA
p0015	544	Response	101	10572406	6638	1
p0015	546	Pulse	255	10590000	7066	NA
p0015	548	Response	101	10618406	5141	1
p0015	549	Pulse	255	10620000	1402	NA
p0015	551	Pulse	255	10650000	905	NA
p0015	552	Response	100	10661927	2666	1
p0015	554	Pulse	255	10680000	7574	NA
p0015	556	Response	101	10707207	4450	1
p0015	557	Pulse	255	10710000	2743	NA
p0015	559	Pulse	255	10740000	2246	NA
p0015	560	Response	101	10751047	3127	1
p0015	562	Pulse	255	10770000	8415	NA
p0015	564	Pulse	255	10800000	8084	NA
p0015	564	Response	100	10801686	9770	1
p0015	566	Pulse	255	10830000	17919	NA
p0015	568	Response	101	10845366	2955	1
p0015	570	Pulse	255	10860000	4089	NA
p0015	572	Response	101	10889686	3445	1
p0015	573	Pulse	255	10890000	259	NA
p0015	574	Pulse	255	10920000	19926	NA
p0015	576	Response	101	10934886	4482	1
p0015	578	Pulse	255	10950000	4597	NA
p0015	580	Pulse	255	10980000	4266	NA
p0015	580	Response	100	10982247	6513	1
p0015	582	Pulse	255	11010000	17268	NA
p0015	584	Response	101	11026652	3589	1
p0015	586	Pulse	255	11040000	2938	NA
p0015	588	Pulse	255	11070000	2607	NA
p0015	588	Response	101	11070971	3578	1
p0015	590	Pulse	255	11100000	18609	NA
p0015	592	Response	101	11118407	6685	1
p0015	594	Pulse	255	11130000	1113	NA
p0015	596	Pulse	255	11160000	782	NA
p0015	596	Response	100	11162646	3428	1
p0015	598	Pulse	255	11190000	16950	NA
p0015	600	Response	101	11213287	9906	1
p0015	601	Pulse	255	11220000	6620	NA
p0015	603	Pulse	255	11250000	6122	NA
p0015	604	Response	101	11260726	6683	1
p0015	606	Pulse	255	11280000	8791	NA
p0015	608	Pulse	255	11310000	8461	NA
p0015	608	Response	101	11314486	12947	1
p0015	610	Pulse	255	11340000	15129	NA
p0015	612	Response	101	11359126	3925	1
p0015	614	Pulse	255	11370000	466	NA
p0015	616	Pulse	255	11400000	136	NA
p0015	616	Response	100	11406568	6703	1
p0015	618	Pulse	255	11430000	12970	NA
p0015	620	Response	101	11449927	2566	1
p0015	621	Pulse	255	11460000	9973	NA
p0015	623	Pulse	255	11490000	9476	NA
p0015	624	Response	101	11493207	2517	1
p0015	626	Pulse	255	11520000	16311	NA
p0015	628	Response	100	11538647	4627	1
p0015	630	Pulse	255	11550000	815	NA
p0015	632	Pulse	255	11580000	484	NA
p0015	632	Response	101	11586167	6651	1
p0015	634	Pulse	255	11610000	13319	NA
p0015	636	Response	100	11630807	3796	1
p0015	637	Pulse	255	11640000	8989	NA
p0015	639	Pulse	255	11670000	8491	NA
p0015	640	Response	100	11677848	6173	1
p0015	642	Pulse	255	11700000	11660	NA
p0015	644	Response	101	11727767	9096	1
p0015	645	Pulse	255	11730000	2163	NA
p0015	647	Pulse	255	11760000	1666	NA
p0015	648	Response	101	11777608	9108	1
p0015	650	Pulse	255	11790000	2002	NA
p0015	652	Pulse	255	11820000	1671	NA
p0015	652	Response	101	11822887	4558	1
p0015	654	Pulse	255	11850000	16672	NA
p0015	656	Response	100	11867847	4189	1
p0015	658	Pulse	255	11880000	1676	NA
p0015	660	Pulse	255	11910000	1346	NA
p0015	660	Response	101	11913128	4473	1
p0015	662	Pulse	255	11940000	16347	NA
p0015	664	Response	100	11957687	3703	1
p0015	666	Pulse	255	11970000	1851	NA
p0015	668	Pulse	255	12000000	1520	NA
p0015	668	Response	101	12002887	4407	1
p0015	670	Pulse	255	12030000	16688	NA
p0015	672	Response	101	12050408	6765	1
p0015	673	Pulse	255	12060000	9524	NA
p0015	675	Pulse	255	12090000	9027	NA
p0015	676	Response	100	12100169	9030	1
p0015	678	Pulse	255	12120000	9363	NA
p0015	680	Response	100	12147449	6481	1
p0015	681	Pulse	255	12150000	2366	NA
p0015	683	Pulse	255	12180000	1868	NA
p0015	684	Response	101	12195049	6752	1
p0015	686	Pulse	255	12210000	4537	NA
p0015	688	Pulse	255	12240000	4207	NA
p0015	688	Response	100	12240167	4373	1
p0015	690	Pulse	255	12270000	19375	NA
p0015	692	Response	101	12285769	4813	1
p0015	694	Pulse	255	12300000	3712	NA
p0015	696	Response	101	12329448	2829	1
p0015	697	Pulse	255	12330000	381	NA
p0015	698	Pulse	255	12360000	20049	NA
p0015	700	Response	100	12374807	4526	1
p0015	702	Pulse	255	12390000	4719	NA
p0015	704	Response	101	12419128	3517	1
p0015	705	Pulse	255	12420000	722	NA
p0015	707	Pulse	255	12450000	225	NA
p0015	708	Response	100	12462487	2547	1
p0015	710	Pulse	255	12480000	7060	NA
p0015	712	Response	101	12505848	2578	1
p0015	713	Pulse	255	12510000	4063	NA
p0015	715	Pulse	255	12540000	3566	NA
p0015	716	Response	100	12553129	6528	1
p0015	718	Pulse	255	12570000	6401	NA
p0015	720	Pulse	255	12600000	6070	NA
p0015	720	Response	100	12605208	11279	1
p0015	722	Pulse	255	12630000	14406	NA
p0015	724	Picture	instruct_trial	12645925	0	1	40163	1	0	next	other	0
p0015	724	Pulse	255	12660000	14075	NA
