Scenario - learning_JJ_english
Logfile written - 10/07/2021 12:09:55

Subject	Trial	Event Type	Code	Time	TTime	Uncertainty	Duration	Uncertainty	ReqTime	ReqDur	Stim Type	Pair Index

p0012	0	Pulse	255	0	0	NA
p0012	1	Picture	instruct_trial	10333	0	1	4002993	1	0	next	other	0
p0012	1	Pulse	255	30000	19667	NA
p0012	1	Pulse	255	60000	49667	NA
p0012	1	Pulse	255	90000	79667	NA
p0012	1	Pulse	255	120000	109667	NA
p0012	1	Pulse	255	150000	139667	NA
p0012	1	Pulse	255	180000	169667	NA
p0012	1	Pulse	255	210000	199667	NA
p0012	1	Pulse	255	240000	229667	NA
p0012	1	Pulse	255	270000	259667	NA
p0012	1	Pulse	255	300000	289667	NA
p0012	1	Pulse	255	330000	319667	NA
p0012	1	Pulse	255	360000	349667	NA
p0012	1	Pulse	255	390000	379667	NA
p0012	1	Pulse	255	420000	409667	NA
p0012	1	Pulse	255	450000	439667	NA
p0012	1	Pulse	255	480000	469667	NA
p0012	1	Pulse	255	510000	499667	NA
p0012	1	Pulse	255	540000	529667	NA
p0012	1	Pulse	255	570000	559667	NA
p0012	1	Pulse	255	600000	589667	NA
p0012	1	Pulse	255	630000	619667	NA
p0012	1	Pulse	255	660000	649667	NA
p0012	1	Pulse	255	690000	679667	NA
p0012	1	Pulse	255	720000	709667	NA
p0012	1	Pulse	255	750000	739667	NA
p0012	1	Pulse	255	780000	769667	NA
p0012	1	Pulse	255	810000	799667	NA
p0012	1	Pulse	255	840000	829667	NA
p0012	1	Pulse	255	870000	859667	NA
p0012	1	Pulse	255	900000	889667	NA
p0012	1	Pulse	255	930000	919667	NA
p0012	1	Pulse	255	960000	949667	NA
p0012	1	Pulse	255	990000	979667	NA
p0012	1	Pulse	255	1020000	1009667	NA
p0012	1	Pulse	255	1050000	1039667	NA
p0012	1	Pulse	255	1080000	1069667	NA
p0012	1	Pulse	255	1110000	1099667	NA
p0012	1	Pulse	255	1140000	1129667	NA
p0012	1	Pulse	255	1170000	1159667	NA
p0012	1	Pulse	255	1200000	1189667	NA
p0012	1	Pulse	255	1230000	1219667	NA
p0012	1	Pulse	255	1260000	1249667	NA
p0012	1	Pulse	255	1290000	1279667	NA
p0012	1	Pulse	255	1320000	1309667	NA
p0012	1	Pulse	255	1350000	1339667	NA
p0012	1	Pulse	255	1380000	1369667	NA
p0012	1	Pulse	255	1410000	1399667	NA
p0012	1	Pulse	255	1440000	1429667	NA
p0012	1	Pulse	255	1470000	1459667	NA
p0012	1	Pulse	255	1500000	1489667	NA
p0012	1	Pulse	255	1530000	1519667	NA
p0012	1	Pulse	255	1560000	1549667	NA
p0012	1	Pulse	255	1590000	1579667	NA
p0012	1	Pulse	255	1620000	1609667	NA
p0012	1	Pulse	255	1650000	1639667	NA
p0012	1	Pulse	255	1680000	1669667	NA
p0012	1	Pulse	255	1710000	1699667	NA
p0012	1	Pulse	255	1740000	1729667	NA
p0012	1	Pulse	255	1770000	1759667	NA
p0012	1	Pulse	255	1800000	1789667	NA
p0012	1	Pulse	255	1830000	1819667	NA
p0012	1	Pulse	255	1860000	1849667	NA
p0012	1	Pulse	255	1890000	1879667	NA
p0012	1	Pulse	255	1920000	1909667	NA
p0012	1	Pulse	255	1950000	1939667	NA
p0012	1	Pulse	255	1980000	1969667	NA
p0012	1	Pulse	255	2010000	1999667	NA
p0012	1	Pulse	255	2040000	2029667	NA
p0012	1	Pulse	255	2070000	2059667	NA
p0012	1	Pulse	255	2100000	2089667	NA
p0012	1	Pulse	255	2130000	2119667	NA
p0012	1	Pulse	255	2160000	2149667	NA
p0012	1	Pulse	255	2190000	2179667	NA
p0012	1	Pulse	255	2220000	2209667	NA
p0012	1	Pulse	255	2250000	2239667	NA
p0012	1	Pulse	255	2280000	2269667	NA
p0012	1	Pulse	255	2310000	2299667	NA
p0012	1	Pulse	255	2340000	2329667	NA
p0012	1	Pulse	255	2370000	2359667	NA
p0012	1	Pulse	255	2400000	2389667	NA
p0012	1	Pulse	255	2430000	2419667	NA
p0012	1	Pulse	255	2460000	2449667	NA
p0012	1	Pulse	255	2490000	2479667	NA
p0012	1	Pulse	255	2520000	2509667	NA
p0012	1	Pulse	255	2550000	2539667	NA
p0012	1	Pulse	255	2580000	2569667	NA
p0012	1	Pulse	255	2610000	2599667	NA
p0012	1	Pulse	255	2640000	2629667	NA
p0012	1	Pulse	255	2670000	2659667	NA
p0012	1	Pulse	255	2700000	2689667	NA
p0012	1	Pulse	255	2730000	2719667	NA
p0012	1	Pulse	255	2760000	2749667	NA
p0012	1	Pulse	255	2790000	2779667	NA
p0012	1	Pulse	255	2820000	2809667	NA
p0012	1	Pulse	255	2850000	2839667	NA
p0012	1	Pulse	255	2880000	2869667	NA
p0012	1	Pulse	255	2910000	2899667	NA
p0012	1	Pulse	255	2940000	2929667	NA
p0012	1	Pulse	255	2970000	2959667	NA
p0012	1	Pulse	255	3000000	2989667	NA
p0012	1	Pulse	255	3030000	3019667	NA
p0012	1	Pulse	255	3060000	3049667	NA
p0012	1	Pulse	255	3090000	3079667	NA
p0012	1	Pulse	255	3120000	3109667	NA
p0012	1	Pulse	255	3150000	3139667	NA
p0012	1	Pulse	255	3180000	3169667	NA
p0012	1	Pulse	255	3210000	3199667	NA
p0012	1	Pulse	255	3240000	3229667	NA
p0012	1	Pulse	255	3270000	3259667	NA
p0012	1	Pulse	255	3300000	3289667	NA
p0012	1	Pulse	255	3330000	3319667	NA
p0012	1	Pulse	255	3360000	3349667	NA
p0012	1	Pulse	255	3390000	3379667	NA
p0012	1	Pulse	255	3420000	3409667	NA
p0012	1	Pulse	255	3450000	3439667	NA
p0012	1	Pulse	255	3480000	3469667	NA
p0012	1	Pulse	255	3510000	3499667	NA
p0012	1	Pulse	255	3540000	3529667	NA
p0012	1	Pulse	255	3570000	3559667	NA
p0012	1	Pulse	255	3600000	3589667	NA
p0012	1	Pulse	255	3630000	3619667	NA
p0012	1	Pulse	255	3660000	3649667	NA
p0012	1	Pulse	255	3690000	3679667	NA
p0012	1	Pulse	255	3720000	3709667	NA
p0012	1	Pulse	255	3750000	3739667	NA
p0012	1	Pulse	255	3780000	3769667	NA
p0012	1	Pulse	255	3810000	3799667	NA
p0012	1	Pulse	255	3840000	3829667	NA
p0012	1	Pulse	255	3870000	3859667	NA
p0012	1	Pulse	255	3900000	3889667	NA
p0012	1	Pulse	255	3930000	3919667	NA
p0012	1	Pulse	255	3960000	3949667	NA
p0012	1	Pulse	255	3990000	3979667	NA
p0012	1	Response	101	4013086	4002753	1
p0012	1	Pulse	255	4020000	4009667	NA
p0012	2	Pulse	255	4050000	29842	NA
p0012	2	Pulse	255	4080000	59842	NA
p0012	2	Pulse	255	4110000	89842	NA
p0012	2	Pulse	255	4140000	119842	NA
p0012	2	Response	100	4153643	133485	1
p0012	4	Pulse	255	4170000	5854	NA
p0012	6	Pulse	255	4200000	5523	NA
p0012	6	Pulse	255	4230000	35523	NA
p0012	6	Pulse	255	4260000	65523	NA
p0012	6	Pulse	255	4290000	95523	NA
p0012	6	Response	101	4292125	97648	1
p0012	8	Pulse	255	4320000	17366	NA
p0012	10	Pulse	255	4350000	17035	NA
p0012	10	Response	101	4358125	25160	1
p0012	12	Pulse	255	4380000	11371	NA
p0012	14	Pulse	255	4410000	11041	NA
p0012	14	Response	101	4419165	20205	1
p0012	16	Pulse	255	4440000	10376	NA
p0012	18	Pulse	255	4470000	10046	NA
p0012	18	Pulse	255	4500000	40046	NA
p0012	18	Response	100	4521085	61131	1
p0012	19	Pulse	255	4530000	8718	NA
p0012	21	Pulse	255	4560000	8220	NA
p0012	22	Pulse	255	4590000	28054	NA
p0012	22	Response	100	4614366	52420	1
p0012	23	Pulse	255	4620000	5559	NA
p0012	25	Pulse	255	4650000	5061	NA
p0012	26	Response	101	4669406	14301	1
p0012	28	Pulse	255	4680000	64	NA
p0012	29	Pulse	255	4710000	9899	NA
p0012	30	Response	100	4732206	21939	1
p0012	31	Pulse	255	4740000	7736	NA
p0012	33	Pulse	255	4770000	7238	NA
p0012	34	Response	101	4785565	12638	1
p0012	36	Pulse	255	4800000	3908	NA
p0012	38	Pulse	255	4830000	3577	NA
p0012	38	Response	100	4843406	16983	1
p0012	40	Pulse	255	4860000	6079	NA
p0012	42	Pulse	255	4890000	5748	NA
p0012	42	Response	100	4897407	13156	1
p0012	44	Pulse	255	4920000	12084	NA
p0012	46	Response	100	4949806	11559	1
p0012	47	Pulse	255	4950000	87	NA
p0012	48	Pulse	255	4980000	19755	NA
p0012	50	Response	100	5008845	18269	1
p0012	51	Pulse	255	5010000	1092	NA
p0012	53	Pulse	255	5040000	595	NA
p0012	54	Response	100	5063484	13914	1
p0012	55	Pulse	255	5070000	6430	NA
p0012	57	Pulse	255	5100000	5933	NA
p0012	58	Response	100	5115885	11653	1
p0012	60	Pulse	255	5130000	3602	NA
p0012	62	Pulse	255	5160000	3272	NA
p0012	62	Response	101	5177725	20996	1
p0012	64	Pulse	255	5190000	1774	NA
p0012	66	Pulse	255	5220000	1444	NA
p0012	66	Response	100	5233006	14450	1
p0012	68	Pulse	255	5250000	6612	NA
p0012	70	Pulse	255	5280000	6282	NA
p0012	70	Response	100	5287725	14007	1
p0012	72	Pulse	255	5310000	11784	NA
p0012	74	Pulse	255	5340000	11453	NA
p0012	74	Response	101	5346206	17659	1
p0012	76	Pulse	255	5370000	13289	NA
p0012	78	Pulse	255	5400000	12958	NA
p0012	78	Response	101	5402766	15724	1
p0012	80	Pulse	255	5430000	16793	NA
p0012	82	Response	101	5459966	16429	1
p0012	82	Pulse	255	5460000	16463	NA
p0012	84	Pulse	255	5490000	19632	NA
p0012	86	Pulse	255	5520000	19301	NA
p0012	86	Response	100	5537884	37185	1
p0012	88	Pulse	255	5550000	1638	NA
p0012	90	Pulse	255	5580000	1308	NA
p0012	90	Response	100	5586365	7673	1
p0012	92	Pulse	255	5610000	13142	NA
p0012	94	Response	101	5635486	8298	1
p0012	95	Pulse	255	5640000	4312	NA
p0012	97	Pulse	255	5670000	3815	NA
p0012	98	Response	100	5689806	13455	1
p0012	99	Pulse	255	5700000	9984	NA
p0012	101	Pulse	255	5730000	9486	NA
p0012	102	Response	100	5750365	19685	1
p0012	103	Pulse	255	5760000	9489	NA
p0012	105	Pulse	255	5790000	8991	NA
p0012	106	Response	100	5807566	16392	1
p0012	108	Pulse	255	5820000	1995	NA
p0012	110	Pulse	255	5850000	1664	NA
p0012	110	Response	101	5862846	14510	1
p0012	112	Pulse	255	5880000	6666	NA
p0012	114	Pulse	255	5910000	6335	NA
p0012	114	Response	101	5923965	20300	1
p0012	116	Pulse	255	5940000	5504	NA
p0012	118	Pulse	255	5970000	5174	NA
p0012	118	Response	101	5971249	6423	1
p0012	120	Pulse	255	6000000	18342	NA
p0012	122	Response	100	6027007	15018	1
p0012	123	Pulse	255	6030000	2846	NA
p0012	125	Pulse	255	6060000	2348	NA
p0012	126	Response	101	6076444	8627	1
p0012	128	Pulse	255	6090000	3017	NA
p0012	130	Pulse	255	6120000	2687	NA
p0012	130	Response	100	6132846	15533	1
p0012	132	Pulse	255	6150000	6689	NA
p0012	134	Pulse	255	6180000	6358	NA
p0012	134	Response	100	6188606	14964	1
p0012	136	Pulse	255	6210000	10860	NA
p0012	138	Pulse	255	6240000	10530	NA
p0012	138	Response	101	6241327	11856	1
p0012	140	Pulse	255	6270000	18198	NA
p0012	142	Response	101	6296366	14233	1
p0012	143	Pulse	255	6300000	3535	NA
p0012	145	Pulse	255	6330000	3038	NA
p0012	146	Response	100	6345326	8198	1
p0012	148	Pulse	255	6360000	4207	NA
p0012	150	Pulse	255	6390000	3876	NA
p0012	150	Response	100	6419647	33523	1
p0012	151	Pulse	255	6420000	212	NA
p0012	152	Pulse	255	6450000	19880	NA
p0012	154	Response	101	6470526	10075	1
p0012	155	Pulse	255	6480000	9383	NA
p0012	157	Pulse	255	6510000	8886	NA
p0012	158	Response	100	6521165	9885	1
p0012	160	Pulse	255	6540000	8389	NA
p0012	162	Response	101	6567807	5865	1
p0012	163	Pulse	255	6570000	2058	NA
p0012	165	Pulse	255	6600000	1561	NA
p0012	166	Response	100	6615246	6641	1
p0012	168	Pulse	255	6630000	4230	NA
p0012	170	Pulse	255	6660000	3899	NA
p0012	170	Response	100	6660286	4185	1
p0012	172	Pulse	255	6690000	19234	NA
p0012	174	Response	100	6704687	3590	1
p0012	176	Pulse	255	6720000	4904	NA
p0012	178	Response	101	6748686	3259	1
p0012	179	Pulse	255	6750000	1240	NA
p0012	181	Pulse	255	6780000	743	NA
p0012	182	Response	100	6797012	7589	1
p0012	184	Pulse	255	6810000	2579	NA
p0012	186	Pulse	255	6840000	2248	NA
p0012	186	Response	101	6845407	7654	1
p0012	188	Pulse	255	6870000	14083	NA
p0012	190	Pulse	255	6900000	13752	NA
p0012	190	Response	100	6900528	14280	1
p0012	192	Pulse	255	6930000	19087	NA
p0012	194	Response	100	6951326	10083	1
p0012	195	Pulse	255	6960000	8591	NA
p0012	197	Pulse	255	6990000	8093	NA
p0012	198	Response	100	7005407	13335	1
p0012	200	Pulse	255	7020000	4096	NA
p0012	202	Pulse	255	7050000	3766	NA
p0012	202	Response	101	7052847	6613	1
p0012	204	Pulse	255	7080000	16767	NA
p0012	206	Response	100	7100766	7203	1
p0012	207	Pulse	255	7110000	9104	NA
p0012	209	Pulse	255	7140000	8606	NA
p0012	210	Response	100	7150446	8887	1
p0012	212	Pulse	255	7170000	9109	NA
p0012	214	Response	101	7196526	5304	1
p0012	215	Pulse	255	7200000	3278	NA
p0012	217	Pulse	255	7230000	2781	NA
p0012	218	Response	101	7243807	6423	1
p0012	220	Pulse	255	7260000	5783	NA
p0012	222	Pulse	255	7290000	5453	NA
p0012	222	Response	100	7298047	13500	1
p0012	224	Pulse	255	7320000	11455	NA
p0012	226	Response	101	7348846	9970	1
p0012	227	Pulse	255	7350000	958	NA
p0012	229	Pulse	255	7380000	461	NA
p0012	230	Response	101	7399246	9541	1
p0012	232	Pulse	255	7410000	297	NA
p0012	233	Pulse	255	7440000	10132	NA
p0012	234	Response	101	7449247	9213	1
p0012	236	Pulse	255	7470000	10301	NA
p0012	238	Pulse	255	7500000	9970	NA
p0012	238	Response	101	7506926	16896	1
p0012	240	Pulse	255	7530000	12639	NA
p0012	242	Picture	instruct_trial	7547692	0	1	14832	1	0	next	other	0
p0012	242	Pulse	255	7560000	12308	NA
p0012	242	Response	101	7562448	14756	1
p0012	243	Pulse	255	7590000	27310	NA
p0012	243	Pulse	255	7620000	57310	NA
p0012	243	Pulse	255	7650000	87310	NA
p0012	243	Response	101	7657648	94957	1
p0012	245	Pulse	255	7680000	11819	NA
p0012	247	Pulse	255	7710000	11488	NA
p0012	247	Pulse	255	7740000	41488	NA
p0012	247	Response	100	7754768	56256	1
p0012	249	Pulse	255	7770000	4827	NA
p0012	251	Pulse	255	7800000	4496	NA
p0012	251	Response	101	7813326	17822	1
p0012	253	Pulse	255	7830000	6165	NA
p0012	255	Pulse	255	7860000	5834	NA
p0012	255	Response	101	7874768	20602	1
p0012	257	Pulse	255	7890000	4837	NA
p0012	259	Pulse	255	7920000	4506	NA
p0012	259	Response	100	7939727	24234	1
p0012	260	Pulse	255	7950000	10175	NA
p0012	262	Pulse	255	7980000	9678	NA
p0012	263	Response	101	7987488	7000	1
p0012	265	Pulse	255	8010000	12013	NA
p0012	267	Response	100	8037966	9649	1
p0012	268	Pulse	255	8040000	1850	NA
p0012	270	Pulse	255	8070000	1353	NA
p0012	271	Response	100	8091567	12754	1
p0012	272	Pulse	255	8100000	8355	NA
p0012	274	Pulse	255	8130000	7857	NA
p0012	275	Response	100	8139327	7019	1
p0012	277	Pulse	255	8160000	10193	NA
p0012	279	Pulse	255	8190000	9862	NA
p0012	279	Response	101	8196851	16713	1
p0012	281	Pulse	255	8220000	12698	NA
p0012	283	Pulse	255	8250000	12367	NA
p0012	283	Response	101	8252287	14654	1
p0012	285	Pulse	255	8280000	17202	NA
p0012	287	Response	100	8303007	9878	1
p0012	288	Pulse	255	8310000	6873	NA
p0012	290	Pulse	255	8340000	6375	NA
p0012	291	Response	100	8351651	7860	1
p0012	293	Pulse	255	8370000	7878	NA
p0012	295	Pulse	255	8400000	7547	NA
p0012	295	Response	101	8402206	9753	1
p0012	297	Pulse	255	8430000	17382	NA
p0012	299	Response	101	8453726	10778	1
p0012	300	Pulse	255	8460000	6219	NA
p0012	302	Pulse	255	8490000	5721	NA
p0012	303	Response	101	8505248	10804	1
p0012	305	Pulse	255	8520000	4224	NA
p0012	307	Pulse	255	8550000	3893	NA
p0012	307	Response	100	8551568	5461	1
p0012	309	Pulse	255	8580000	17895	NA
p0012	311	Response	101	8602208	9772	1
p0012	312	Pulse	255	8610000	7731	NA
p0012	314	Pulse	255	8640000	7234	NA
p0012	315	Response	101	8649407	6475	1
p0012	317	Pulse	255	8670000	10070	NA
p0012	319	Response	100	8697488	7226	1
p0012	320	Pulse	255	8700000	2406	NA
p0012	322	Pulse	255	8730000	1909	NA
p0012	323	Response	101	8745008	6751	1
p0012	325	Pulse	255	8760000	4578	NA
p0012	327	Pulse	255	8790000	4247	NA
p0012	327	Response	100	8791809	6055	1
p0012	329	Pulse	255	8820000	17748	NA
p0012	331	Response	100	8840209	7626	1
p0012	332	Pulse	255	8850000	9585	NA
p0012	334	Pulse	255	8880000	9087	NA
p0012	335	Response	100	8905808	24730	1
p0012	336	Pulse	255	8910000	4090	NA
p0012	338	Pulse	255	8940000	3593	NA
p0012	339	Pulse	255	8970000	23427	NA
p0012	339	Response	100	8979567	32994	1
p0012	341	Pulse	255	9000000	9931	NA
p0012	343	Response	100	9028848	8448	1
p0012	344	Pulse	255	9030000	1101	NA
p0012	346	Pulse	255	9060000	604	NA
p0012	347	Response	101	9079407	9844	1
p0012	349	Pulse	255	9090000	106	NA
p0012	350	Pulse	255	9120000	9941	NA
p0012	351	Response	100	9129088	8863	1
p0012	353	Pulse	255	9150000	10444	NA
p0012	355	Response	100	9177568	7681	1
p0012	356	Pulse	255	9180000	2280	NA
p0012	358	Pulse	255	9210000	1783	NA
p0012	359	Response	101	9226927	8544	1
p0012	361	Pulse	255	9240000	2619	NA
p0012	363	Pulse	255	9270000	2288	NA
p0012	363	Response	101	9276289	8576	1
p0012	365	Pulse	255	9300000	13290	NA
p0012	367	Response	101	9327408	10366	1
p0012	368	Pulse	255	9330000	2460	NA
p0012	370	Pulse	255	9360000	1962	NA
p0012	371	Response	100	9379169	10965	1
p0012	373	Pulse	255	9390000	298	NA
p0012	374	Pulse	255	9420000	10133	NA
p0012	375	Response	101	9434528	14495	1
p0012	377	Pulse	255	9450000	4970	NA
p0012	379	Pulse	255	9480000	4639	NA
p0012	379	Response	100	9482048	6687	1
p0012	381	Pulse	255	9510000	17474	NA
p0012	383	Response	101	9534945	12088	1
p0012	384	Pulse	255	9540000	4977	NA
p0012	386	Pulse	255	9570000	4480	NA
p0012	387	Response	101	9582449	6763	1
p0012	389	Pulse	255	9600000	7149	NA
p0012	391	Pulse	255	9630000	6818	NA
p0012	391	Response	100	9630848	7666	1
p0012	393	Pulse	255	9660000	18653	NA
p0012	395	Response	100	9678048	6371	1
p0012	397	Pulse	255	9690000	1490	NA
p0012	399	Pulse	255	9720000	1160	NA
p0012	399	Response	100	9725170	6329	1
p0012	401	Pulse	255	9750000	14328	NA
p0012	403	Response	101	9771170	5167	1
p0012	404	Pulse	255	9780000	8664	NA
p0012	406	Pulse	255	9810000	8167	NA
p0012	407	Response	100	9816768	4769	1
p0012	408	Response	101	9822287	5455	1
p0012	409	Pulse	255	9840000	12835	NA
p0012	411	Response	100	9865808	8312	1
p0012	412	Pulse	255	9870000	4005	NA
p0012	414	Pulse	255	9900000	3508	NA
p0012	415	Response	100	9915569	8911	1
p0012	417	Pulse	255	9930000	4011	NA
p0012	419	Pulse	255	9960000	3680	NA
p0012	419	Response	100	9963330	7010	1
p0012	421	Pulse	255	9990000	16181	NA
p0012	423	Response	100	10011329	7179	1
p0012	424	Pulse	255	10020000	8518	NA
p0012	426	Pulse	255	10050000	8020	NA
p0012	427	Response	101	10057089	4944	1
p0012	429	Pulse	255	10080000	12523	NA
p0012	431	Response	101	10103412	5604	1
p0012	432	Pulse	255	10110000	6526	NA
p0012	434	Pulse	255	10140000	6028	NA
p0012	435	Response	100	10152770	8632	1
p0012	437	Pulse	255	10170000	6697	NA
p0012	439	Pulse	255	10200000	6367	NA
p0012	439	Response	100	10206850	13216	1
p0012	441	Pulse	255	10230000	12702	NA
p0012	443	Response	101	10254448	6819	1
p0012	444	Pulse	255	10260000	5372	NA
p0012	446	Pulse	255	10290000	4874	NA
p0012	447	Response	101	10298929	3638	1
p0012	449	Pulse	255	10320000	10543	NA
p0012	451	Pulse	255	10350000	10212	NA
p0012	451	Response	100	10350769	10982	1
p0012	453	Pulse	255	10380000	18714	NA
p0012	455	Response	101	10408129	16512	1
p0012	456	Pulse	255	10410000	1718	NA
p0012	458	Pulse	255	10440000	1221	NA
p0012	459	Response	100	10457248	8303	1
p0012	461	Pulse	255	10470000	2223	NA
p0012	463	Pulse	255	10500000	1893	NA
p0012	463	Response	100	10507569	9462	1
p0012	465	Pulse	255	10530000	11894	NA
p0012	467	Pulse	255	10560000	11567	NA
p0012	467	Response	101	10561810	13378	1
p0012	469	Pulse	255	10590000	17732	NA
p0012	471	Response	100	10612690	10091	1
p0012	472	Pulse	255	10620000	7236	NA
p0012	474	Pulse	255	10650000	6738	NA
p0012	475	Response	101	10661568	8141	1
p0012	477	Pulse	255	10680000	7907	NA
p0012	479	Pulse	255	10710000	7577	NA
p0012	479	Response	100	10717649	15226	1
p0012	481	Pulse	255	10740000	11912	NA
p0012	483	Picture	instruct_trial	10758419	0	1	10499	1	0	next	other	0
p0012	483	Response	101	10768850	10431	1
p0012	484	Pulse	255	10770000	916	NA
p0012	484	Pulse	255	10800000	30916	NA
p0012	484	Response	100	10818769	49684	1
p0012	486	Pulse	255	10830000	754	NA
p0012	488	Pulse	255	10860000	423	NA
p0012	488	Response	100	10879810	20233	1
p0012	489	Pulse	255	10890000	10092	NA
p0012	491	Pulse	255	10920000	9594	NA
p0012	492	Response	101	10928289	7717	1
p0012	494	Pulse	255	10950000	11263	NA
p0012	496	Response	100	10979970	10903	1
p0012	496	Pulse	255	10980000	10933	NA
p0012	498	Pulse	255	11010000	19601	NA
p0012	500	Response	100	11029969	9240	1
p0012	501	Pulse	255	11040000	9938	NA
p0012	503	Pulse	255	11070000	9440	NA
p0012	504	Response	101	11078770	8045	1
p0012	506	Pulse	255	11100000	10776	NA
p0012	508	Response	100	11128371	8816	1
p0012	509	Pulse	255	11130000	1446	NA
p0012	511	Pulse	255	11160000	949	NA
p0012	512	Response	100	11174610	5393	1
p0012	514	Pulse	255	11190000	4951	NA
p0012	516	Pulse	255	11220000	4620	NA
p0012	516	Response	100	11224616	9236	1
p0012	518	Pulse	255	11250000	14955	NA
p0012	520	Response	101	11275809	10434	1
p0012	521	Pulse	255	11280000	4125	NA
p0012	523	Pulse	255	11310000	3628	NA
p0012	524	Response	101	11324530	7992	1
p0012	526	Pulse	255	11340000	4964	NA
p0012	528	Response	100	11369970	4603	1
p0012	528	Pulse	255	11370000	4633	NA
p0012	530	Pulse	255	11400000	19634	NA
p0012	532	Response	101	11416770	6074	1
p0012	534	Pulse	255	11430000	2805	NA
p0012	536	Pulse	255	11460000	2474	NA
p0012	536	Response	101	11464370	6844	1
p0012	538	Pulse	255	11490000	15142	NA
p0012	540	Response	101	11515809	10621	1
p0012	541	Pulse	255	11520000	3979	NA
p0012	543	Pulse	255	11550000	3482	NA
p0012	544	Response	100	11573810	17125	1
p0012	545	Pulse	255	11580000	5984	NA
p0012	547	Pulse	255	11610000	5487	NA
p0012	548	Response	101	11623010	8331	1
p0012	550	Pulse	255	11640000	6489	NA
p0012	552	Pulse	255	11670000	6158	NA
p0012	552	Response	100	11691970	28129	1
p0012	553	Pulse	255	11700000	7827	NA
p0012	555	Pulse	255	11730000	7330	NA
p0012	556	Response	100	11742770	9934	1
p0012	558	Pulse	255	11760000	6833	NA
p0012	560	Response	101	11787491	3993	1
p0012	561	Pulse	255	11790000	2336	NA
p0012	563	Pulse	255	11820000	1838	NA
p0012	564	Response	100	11834530	6203	1
p0012	566	Pulse	255	11850000	5007	NA
p0012	568	Response	100	11878850	3527	1
p0012	569	Pulse	255	11880000	1010	NA
p0012	571	Pulse	255	11910000	513	NA
p0012	572	Response	101	11926450	6797	1
p0012	574	Pulse	255	11940000	3015	NA
p0012	576	Pulse	255	11970000	2684	NA
p0012	576	Response	101	11977331	10015	1
p0012	578	Pulse	255	12000000	12186	NA
p0012	580	Response	100	12024050	5905	1
p0012	581	Pulse	255	12030000	5856	NA
p0012	583	Pulse	255	12060000	5358	NA
p0012	584	Response	100	12070691	5883	1
p0012	586	Pulse	255	12090000	8860	NA
p0012	588	Response	100	12117731	6260	1
p0012	589	Pulse	255	12120000	2197	NA
p0012	591	Pulse	255	12150000	1700	NA
p0012	592	Response	100	12164370	5904	1
p0012	594	Pulse	255	12180000	5202	NA
p0012	596	Pulse	255	12210000	4871	NA
p0012	596	Response	101	12211171	6042	1
p0012	598	Pulse	255	12240000	18372	NA
p0012	600	Pulse	255	12270000	18042	NA
p0012	600	Response	101	12293411	41452	1
p0012	601	Pulse	255	12300000	6379	NA
p0012	603	Pulse	255	12330000	5881	NA
p0012	604	Response	100	12341010	6725	1
p0012	606	Pulse	255	12360000	8550	NA
p0012	608	Response	100	12387970	6189	1
p0012	609	Pulse	255	12390000	1887	NA
p0012	611	Pulse	255	12420000	1389	NA
p0012	612	Response	100	12436611	7834	1
p0012	614	Pulse	255	12450000	2892	NA
p0012	616	Pulse	255	12480000	2561	NA
p0012	616	Response	100	12484370	6931	1
p0012	618	Pulse	255	12510000	15229	NA
p0012	620	Response	101	12533971	8870	1
p0012	621	Pulse	255	12540000	5899	NA
p0012	623	Pulse	255	12570000	5402	NA
p0012	624	Response	101	12581490	6726	1
p0012	626	Pulse	255	12600000	8071	NA
p0012	628	Response	100	12629970	7710	1
p0012	628	Pulse	255	12630000	7740	NA
p0012	630	Pulse	255	12660000	19575	NA
p0012	632	Response	100	12677410	6654	1
p0012	634	Pulse	255	12690000	2079	NA
p0012	636	Pulse	255	12720000	1748	NA
p0012	636	Response	101	12723491	5239	1
p0012	638	Pulse	255	12750000	16083	NA
p0012	640	Response	100	12768771	4523	1
p0012	642	Pulse	255	12780000	753	NA
p0012	644	Pulse	255	12810000	422	NA
p0012	644	Response	100	12824611	15033	1
p0012	646	Pulse	255	12840000	4925	NA
p0012	648	Pulse	255	12870000	4594	NA
p0012	648	Response	100	12871811	6405	1
p0012	650	Pulse	255	12900000	17762	NA
p0012	652	Response	100	12917410	4841	1
p0012	654	Pulse	255	12930000	2099	NA
p0012	656	Pulse	255	12960000	1768	NA
p0012	656	Response	100	12964767	6535	4
p0012	658	Pulse	255	12990000	14770	NA
p0012	660	Response	101	13013250	7690	1
p0012	661	Pulse	255	13020000	6606	NA
p0012	663	Pulse	255	13050000	6109	NA
p0012	664	Response	100	13059971	5914	1
p0012	666	Pulse	255	13080000	9611	NA
p0012	668	Response	100	13109652	8932	1
p0012	669	Pulse	255	13110000	281	NA
p0012	670	Pulse	255	13140000	19949	NA
p0012	672	Response	100	13158691	8309	1
p0012	674	Pulse	255	13170000	786	NA
p0012	676	Pulse	255	13200000	456	NA
p0012	676	Response	101	13205652	6107	1
p0012	678	Pulse	255	13230000	13957	NA
p0012	680	Response	101	13253250	6876	1
p0012	681	Pulse	255	13260000	6627	NA
p0012	683	Pulse	255	13290000	6129	NA
p0012	684	Response	101	13298291	4254	1
p0012	686	Pulse	255	13320000	11298	NA
p0012	688	Response	100	13346131	7099	1
p0012	689	Pulse	255	13350000	3801	NA
p0012	691	Pulse	255	13380000	3304	NA
p0012	692	Response	100	13395811	8950	1
p0012	694	Pulse	255	13410000	3807	NA
p0012	696	Pulse	255	13440000	3476	NA
p0012	696	Response	101	13443491	6967	1
p0012	698	Pulse	255	13470000	15977	NA
p0012	700	Response	101	13490212	5859	1
p0012	701	Pulse	255	13500000	9647	NA
p0012	703	Pulse	255	13530000	9150	NA
p0012	704	Response	100	13543572	12555	1
p0012	706	Pulse	255	13560000	5986	NA
p0012	708	Pulse	255	13590000	5655	NA
p0012	708	Response	101	13596291	11946	1
p0012	710	Pulse	255	13620000	13324	NA
p0012	712	Response	101	13642212	5204	1
p0012	713	Pulse	255	13650000	7660	NA
p0012	715	Pulse	255	13680000	7163	NA
p0012	716	Response	100	13688851	5848	1
p0012	718	Pulse	255	13710000	10665	NA
p0012	720	Response	100	13736531	6865	1
p0012	721	Pulse	255	13740000	3335	NA
p0012	723	Pulse	255	13770000	2837	NA
p0012	724	Picture	instruct_trial	13777329	0	1	40163	1	0	next	other	0
p0012	724	Pulse	255	13800000	22671	NA
