Scenario - learning_JJ_english
Logfile written - 07/06/2021 12:28:31

Subject	Trial	Event Type	Code	Time	TTime	Uncertainty	Duration	Uncertainty	ReqTime	ReqDur	Stim Type	Pair Index

p002v2	0	Pulse	255	0	0	NA
p002v2	1	Picture	instruct_trial	10333	0	1	318472	1	0	next	other	0
p002v2	1	Pulse	255	30000	19667	NA
p002v2	1	Pulse	255	60000	49667	NA
p002v2	1	Pulse	255	90000	79667	NA
p002v2	1	Pulse	255	120000	109667	NA
p002v2	1	Pulse	255	150000	139667	NA
p002v2	1	Pulse	255	180000	169667	NA
p002v2	1	Pulse	255	210000	199667	NA
p002v2	1	Pulse	255	240000	229667	NA
p002v2	1	Pulse	255	270000	259667	NA
p002v2	1	Pulse	255	300000	289667	NA
p002v2	1	Response	100	328727	318394	1
p002v2	1	Pulse	255	330000	319667	NA
p002v2	2	Response	100	351446	21308	1
p002v2	3	Pulse	255	360000	8363	NA
p002v2	5	Pulse	255	390000	7866	NA
p002v2	6	Response	101	402727	10427	1
p002v2	8	Pulse	255	420000	6869	NA
p002v2	10	Response	100	449127	5665	1
p002v2	11	Pulse	255	450000	705	NA
p002v2	13	Pulse	255	480000	208	NA
p002v2	14	Response	101	496087	6129	1
p002v2	16	Pulse	255	510000	3377	NA
p002v2	18	Pulse	255	540000	3046	NA
p002v2	18	Response	100	540807	3853	1
p002v2	19	Response	101	541206	253	1
p002v2	20	Pulse	255	570000	18714	NA
p002v2	22	Response	100	590086	8469	1
p002v2	23	Pulse	255	600000	9717	NA
p002v2	25	Pulse	255	630000	9220	NA
p002v2	26	Response	100	637929	6983	1
p002v2	28	Pulse	255	660000	11556	NA
p002v2	30	Response	100	683207	4432	1
p002v2	31	Pulse	255	690000	6726	NA
p002v2	33	Pulse	255	720000	6228	NA
p002v2	34	Response	101	728886	4949	1
p002v2	36	Pulse	255	750000	10730	NA
p002v2	38	Pulse	255	780000	10400	NA
p002v2	38	Response	100	781926	12326	1
p002v2	40	Pulse	255	810000	17568	NA
p002v2	42	Response	100	831128	8366	1
p002v2	43	Pulse	255	840000	8738	NA
p002v2	45	Pulse	255	870000	8241	NA
p002v2	46	Response	101	876646	4722	1
p002v2	48	Pulse	255	900000	12910	NA
p002v2	50	Response	100	925926	8506	1
p002v2	51	Pulse	255	930000	3913	NA
p002v2	53	Pulse	255	960000	3416	NA
p002v2	54	Response	101	972886	6136	1
p002v2	56	Pulse	255	990000	6585	NA
p002v2	58	Response	100	1017766	4020	1
p002v2	59	Pulse	255	1020000	2088	NA
p002v2	61	Pulse	255	1050000	1591	NA
p002v2	62	Response	101	1064166	5591	1
p002v2	64	Response	101	1078097	3524	1
p002v2	64	Pulse	255	1080000	5426	NA
p002v2	64	Response	100	1082967	8393	1
p002v2	64	Response	101	1088246	13673	1
p002v2	64	Response	100	1090246	15673	1
p002v2	64	Response	101	1094164	19591	1
p002v2	66	Response	101	1108726	3821	1
p002v2	67	Pulse	255	1110000	1096	NA
p002v2	69	Pulse	255	1140000	599	NA
p002v2	70	Response	100	1156006	6439	1
p002v2	72	Pulse	255	1170000	3601	NA
p002v2	74	Pulse	255	1200000	3270	NA
p002v2	74	Response	101	1202966	6236	1
p002v2	76	Pulse	255	1230000	16605	NA
p002v2	78	Response	100	1247927	4201	1
p002v2	80	Pulse	255	1260000	1609	NA
p002v2	82	Pulse	255	1290000	1278	NA
p002v2	82	Response	101	1293766	5044	1
p002v2	84	Pulse	255	1320000	15780	NA
p002v2	86	Response	101	1338166	3615	1
p002v2	88	Pulse	255	1350000	1450	NA
p002v2	90	Pulse	255	1380000	1120	NA
p002v2	90	Response	100	1383846	4966	1
p002v2	92	Pulse	255	1410000	15621	NA
p002v2	94	Response	100	1432328	7618	1
p002v2	95	Pulse	255	1440000	7624	NA
p002v2	97	Pulse	255	1470000	7127	NA
p002v2	98	Response	101	1477286	4247	1
p002v2	100	Pulse	255	1500000	12296	NA
p002v2	102	Response	101	1520645	2610	1
p002v2	103	Pulse	255	1530000	9299	NA
p002v2	105	Pulse	255	1560000	8801	NA
p002v2	106	Response	101	1564885	3521	1
p002v2	108	Pulse	255	1590000	14637	NA
p002v2	110	Response	100	1609206	3511	1
p002v2	112	Pulse	255	1620000	307	NA
p002v2	113	Pulse	255	1650000	10142	NA
p002v2	114	Response	101	1655846	5822	1
p002v2	116	Pulse	255	1680000	13645	NA
p002v2	118	Response	101	1698085	1399	1
p002v2	120	Pulse	255	1710000	1482	NA
p002v2	120	Response	101	1726965	18447	1
p002v2	122	Pulse	255	1740000	1151	NA
p002v2	122	Response	101	1744004	5154	1
p002v2	124	Pulse	255	1770000	15486	NA
p002v2	124	Response	101	1774245	19730	1
p002v2	125	Response	101	1782645	7965	1
p002v2	126	Response	101	1786085	1240	1
p002v2	128	Pulse	255	1800000	3489	NA
p002v2	128	Response	101	1815288	18777	1
p002v2	129	Response	101	1817924	1248	1
p002v2	129	Response	101	1821925	5249	1
p002v2	130	Pulse	255	1830000	3159	NA
p002v2	130	Response	101	1831524	4683	1
p002v2	132	Pulse	255	1860000	17993	NA
p002v2	133	Response	101	1865845	3673	1
p002v2	133	Response	101	1868645	6473	1
p002v2	133	Response	101	1871684	9513	1
p002v2	134	Response	101	1874724	2387	1
p002v2	136	Pulse	255	1890000	4830	NA
p002v2	136	Response	101	1898405	13235	1
p002v2	136	Response	101	1901782	16612	1
p002v2	137	Response	101	1911364	6030	1
p002v2	138	Response	101	1919444	3944	1
p002v2	139	Pulse	255	1920000	500	NA
p002v2	141	Pulse	255	1950000	3	NA
p002v2	141	Response	101	1951925	1927	1
p002v2	141	Response	101	1955284	5287	1
p002v2	141	Response	101	1957844	7847	1
p002v2	142	Response	101	1968804	8641	1
p002v2	144	Pulse	255	1980000	672	NA
p002v2	145	Response	101	2001044	1551	1
p002v2	146	Pulse	255	2010000	341	NA
p002v2	146	Response	101	2011045	1387	1
p002v2	148	Pulse	255	2040000	18509	NA
p002v2	150	Response	101	2056405	4583	1
p002v2	152	Pulse	255	2070000	3179	NA
p002v2	154	Pulse	255	2100000	2849	NA
p002v2	154	Response	101	2100805	3653	1
p002v2	156	Pulse	255	2130000	18683	NA
p002v2	158	Response	101	2146325	4678	1
p002v2	160	Pulse	255	2160000	3187	NA
p002v2	162	Response	101	2189684	2541	1
p002v2	163	Pulse	255	2190000	190	NA
p002v2	164	Pulse	255	2220000	19858	NA
p002v2	166	Response	101	2231127	654	1
p002v2	168	Pulse	255	2250000	8361	NA
p002v2	169	Response	101	2266005	4201	1
p002v2	169	Response	101	2269366	7563	1
p002v2	170	Response	101	2273205	1235	1
p002v2	171	Pulse	255	2280000	6697	NA
p002v2	173	Response	101	2308564	4764	1
p002v2	173	Pulse	255	2310000	6200	NA
p002v2	174	Response	101	2325844	11878	1
p002v2	176	Pulse	255	2340000	3703	NA
p002v2	177	Response	101	2359364	2902	1
p002v2	178	Pulse	255	2370000	3372	NA
p002v2	178	Response	101	2374006	7378	1
p002v2	180	Pulse	255	2400000	15540	NA
p002v2	182	Response	101	2415524	734	1
p002v2	184	Pulse	255	2430000	4044	NA
p002v2	186	Response	101	2458964	2678	1
p002v2	187	Pulse	255	2460000	880	NA
p002v2	189	Pulse	255	2490000	383	NA
p002v2	189	Response	101	2490164	547	1
p002v2	189	Response	101	2491685	2068	1
p002v2	189	Response	101	2493763	4146	1
p002v2	190	Response	101	2506883	7101	1
p002v2	191	Response	101	2510324	3375	1
p002v2	192	Pulse	255	2520000	2719	NA
p002v2	193	Response	101	2540484	3038	1
p002v2	193	Response	101	2542803	5357	1
p002v2	193	Response	101	2544963	7517	1
p002v2	193	Response	101	2547123	9677	1
p002v2	194	Response	101	2549043	1431	1
p002v2	195	Pulse	255	2550000	888	NA
p002v2	195	Response	101	2551125	2013	1
p002v2	197	Pulse	255	2580000	391	NA
p002v2	198	Response	101	2594243	4468	1
p002v2	200	Pulse	255	2610000	5226	NA
p002v2	202	Pulse	255	2640000	4896	NA
p002v2	202	Response	101	2652724	17620	1
p002v2	203	Response	101	2655128	2192	1
p002v2	203	Response	101	2658324	5388	1
p002v2	204	Response	101	2663684	415	1
p002v2	204	Response	101	2665923	2654	1
p002v2	204	Response	101	2668164	4895	1
p002v2	204	Pulse	255	2670000	6731	NA
p002v2	204	Response	101	2672566	9297	1
p002v2	204	Response	101	2674803	11535	1
p002v2	204	Response	101	2677283	14014	1
p002v2	204	Response	101	2679684	16416	1
p002v2	204	Response	101	2682244	18975	1
p002v2	205	Response	101	2683925	492	1
p002v2	205	Response	101	2693283	9850	1
p002v2	206	Response	101	2696163	2564	1
p002v2	207	Response	101	2699844	3579	1
p002v2	207	Pulse	255	2700000	3734	NA
p002v2	207	Response	101	2702484	6218	1
p002v2	207	Response	101	2705843	9578	1
p002v2	208	Response	101	2708804	2205	1
p002v2	208	Response	101	2711844	5246	1
p002v2	208	Response	101	2715524	8925	1
p002v2	208	Response	101	2718322	11724	1
p002v2	208	Response	101	2721204	14605	1
p002v2	208	Response	101	2724082	17484	1
p002v2	209	Response	101	2727044	281	1
p002v2	209	Response	101	2729523	2760	1
p002v2	209	Pulse	255	2730000	3237	NA
p002v2	209	Response	101	2732004	5241	1
p002v2	209	Response	101	2733843	7080	1
p002v2	209	Response	101	2736563	9800	1
p002v2	210	Response	101	2740802	3873	1
p002v2	211	Response	101	2743043	2114	1
p002v2	212	Response	101	2755843	4582	1
p002v2	212	Pulse	255	2760000	8739	NA
p002v2	212	Response	101	2767682	16421	1
p002v2	212	Response	101	2771043	19782	1
p002v2	213	Response	101	2773844	2418	1
p002v2	213	Response	101	2777123	5698	1
p002v2	214	Response	101	2782563	972	1
p002v2	215	Response	101	2788484	5725	1
p002v2	215	Pulse	255	2790000	7242	NA
p002v2	215	Response	101	2791523	8765	1
p002v2	216	Response	101	2793363	279	1
p002v2	216	Response	101	2797604	4520	1
p002v2	216	Response	101	2800324	7240	1
p002v2	216	Response	101	2802163	9079	1
p002v2	216	Response	101	2804568	11485	1
p002v2	216	Response	101	2809763	16680	1
p002v2	216	Response	101	2811764	18680	1
p002v2	217	Response	101	2814643	1387	1
p002v2	217	Response	101	2817602	4347	1
p002v2	217	Response	101	2819923	6668	1
p002v2	217	Pulse	255	2820000	6745	NA
p002v2	217	Response	101	2822644	9388	1
p002v2	218	Response	101	2825284	1863	1
p002v2	219	Response	101	2827763	2342	1
p002v2	219	Response	101	2829924	4502	1
p002v2	219	Response	101	2834562	9141	1
p002v2	220	Response	101	2838244	2490	1
p002v2	220	Response	101	2840723	4969	1
p002v2	220	Pulse	255	2850000	14246	NA
p002v2	220	Response	101	2852006	16252	1
p002v2	221	Response	101	2857203	1285	1
p002v2	221	Response	101	2861043	5125	1
p002v2	221	Response	101	2865363	9445	1
p002v2	222	Response	101	2868963	2879	1
p002v2	224	Pulse	255	2880000	584	NA
p002v2	224	Response	101	2889284	9868	1
p002v2	225	Response	101	2907844	8262	1
p002v2	226	Pulse	255	2910000	253	NA
p002v2	226	Response	101	2913124	3377	1
p002v2	227	Response	101	2917202	3956	1
p002v2	228	Response	101	2930963	7383	1
p002v2	228	Response	101	2938083	14504	1
p002v2	228	Pulse	255	2940000	16421	NA
p002v2	228	Response	101	2943524	19944	1
p002v2	229	Response	101	2948084	4339	1
p002v2	229	Response	101	2953282	9537	1
p002v2	230	Response	101	2958643	4733	1
p002v2	231	Response	101	2963443	4701	1
p002v2	231	Response	101	2968324	9581	1
p002v2	232	Pulse	255	2970000	925	NA
p002v2	232	Response	101	2973683	4608	1
p002v2	232	Response	101	2978884	9809	1
p002v2	232	Response	101	2983843	14768	1
p002v2	232	Response	101	2987763	18688	1
p002v2	233	Response	101	2992883	3643	1
p002v2	233	Response	101	2997124	7884	1
p002v2	234	Pulse	255	3000000	594	NA
p002v2	234	Response	101	3002323	2917	1
p002v2	235	Response	101	3007448	5043	1
p002v2	235	Response	101	3011603	9198	1
p002v2	236	Response	101	3017524	4785	1
p002v2	236	Pulse	255	3030000	17262	NA
p002v2	237	Response	101	3037363	4460	1
p002v2	238	Response	101	3043203	134	1
p002v2	239	Response	101	3049204	5802	1
p002v2	240	Response	101	3053922	187	1
p002v2	240	Pulse	255	3060000	6265	NA
p002v2	240	Response	101	3064244	10510	1
p002v2	240	Response	101	3070004	16270	1
p002v2	241	Response	101	3074403	504	1
p002v2	241	Response	101	3079284	5384	1
p002v2	242	Picture	instruct_trial	3084065	0	1	667	1	0	next	other	0
p002v2	242	Response	101	3084643	578	1
p002v2	243	Pulse	255	3090000	5102	NA
p002v2	243	Response	101	3106483	21584	1
p002v2	244	Response	101	3111603	5040	1
p002v2	244	Response	101	3116327	9764	1
p002v2	245	Pulse	255	3120000	3104	NA
p002v2	245	Response	101	3120805	3909	1
p002v2	245	Response	101	3125923	9027	1
p002v2	245	Response	101	3134403	17507	1
p002v2	246	Response	101	3139523	2462	1
p002v2	246	Response	101	3143123	6062	1
p002v2	246	Response	101	3145522	8462	1
p002v2	246	Response	101	3147123	10062	1
p002v2	247	Pulse	255	3150000	2774	NA
p002v2	247	Response	101	3151763	4537	1
p002v2	248	Response	101	3155204	3311	1
p002v2	248	Response	101	3160404	8511	1
p002v2	249	Pulse	255	3180000	17775	NA
p002v2	249	Response	101	3181842	19617	1
p002v2	250	Response	101	3186643	4253	1
p002v2	250	Response	101	3190723	8333	1
p002v2	251	Response	101	3194883	2327	1
p002v2	252	Response	101	3199524	4469	1
p002v2	253	Response	101	3205763	375	1
p002v2	253	Pulse	255	3210000	4612	NA
p002v2	253	Response	101	3222963	17575	1
p002v2	254	Response	101	3227363	1810	1
p002v2	254	Response	101	3232083	6530	1
p002v2	255	Response	101	3237443	1724	1
p002v2	256	Pulse	255	3240000	2448	NA
p002v2	256	Response	101	3247552	10000	51
p002v2	257	Response	101	3265203	17318	1
p002v2	258	Pulse	255	3270000	1951	NA
p002v2	258	Response	101	3270323	2273	1
p002v2	258	Response	101	3275443	7394	1
p002v2	259	Response	101	3279443	1228	1
p002v2	260	Response	101	3285126	5578	1
p002v2	261	Response	101	3290483	603	1
p002v2	261	Pulse	255	3300000	10119	NA
p002v2	263	Response	101	3326883	6671	1
p002v2	264	Pulse	255	3330000	2956	NA
p002v2	264	Response	101	3330403	3359	1
p002v2	264	Response	101	3335122	8078	1
p002v2	265	Response	101	3338883	1506	1
p002v2	265	Response	101	3343443	6066	1
p002v2	265	Response	101	3348324	10947	1
p002v2	265	Response	101	3353202	15826	1
p002v2	266	Response	101	3357683	141	1
p002v2	266	Pulse	255	3360000	2459	NA
p002v2	266	Response	101	3365202	7661	1
p002v2	267	Response	101	3370403	2695	1
p002v2	268	Response	101	3375203	4662	1
p002v2	268	Response	101	3378803	8262	1
p002v2	269	Response	101	3383764	2891	1
p002v2	269	Response	101	3388083	7210	1
p002v2	269	Pulse	255	3390000	9127	NA
p002v2	269	Response	101	3392883	12010	1
p002v2	271	Pulse	255	3420000	8797	NA
p002v2	271	Response	101	3420084	8880	1
p002v2	273	Response	101	3435682	5147	1
p002v2	273	Response	101	3438563	8028	1
p002v2	273	Response	101	3440962	10427	1
p002v2	273	Response	101	3443762	13227	1
p002v2	273	Response	101	3446721	16186	1
p002v2	273	Pulse	255	3450000	19465	NA
p002v2	275	Response	100	3472962	12096	1
p002v2	276	Pulse	255	3480000	6969	NA
p002v2	276	Response	100	3480562	7531	1
p002v2	276	Response	100	3482402	9371	1
p002v2	277	Response	100	3484642	1279	1
p002v2	277	Response	100	3487362	3998	1
p002v2	277	Response	100	3490244	6880	1
p002v2	277	Response	100	3492802	9439	1
p002v2	277	Response	100	3495763	12399	1
p002v2	277	Response	100	3498163	14799	1
p002v2	277	Response	100	3500562	17199	1
p002v2	277	Response	100	3503443	20079	1
p002v2	278	Response	100	3506163	2635	1
p002v2	278	Response	100	3508882	5354	1
p002v2	278	Pulse	255	3510000	6471	NA
p002v2	278	Response	100	3511684	8155	1
p002v2	279	Response	100	3514562	868	1
p002v2	280	Response	100	3517122	2428	1
p002v2	280	Response	100	3519602	4908	1
p002v2	280	Response	100	3524563	9869	1
p002v2	281	Response	100	3527282	2255	1
p002v2	281	Response	100	3529442	4415	1
p002v2	281	Response	100	3533842	8815	1
p002v2	281	Response	100	3537283	12256	1
p002v2	281	Response	100	3539283	14256	1
p002v2	281	Pulse	255	3540000	14973	NA
p002v2	281	Response	100	3542563	17536	1
p002v2	282	Response	100	3545922	731	1
p002v2	282	Response	100	3549202	4011	1
p002v2	283	Response	100	3556802	1445	1
p002v2	284	Response	100	3559922	3065	1
p002v2	284	Response	100	3563042	6185	1
p002v2	284	Response	100	3565921	9064	1
p002v2	285	Response	100	3568722	1533	1
p002v2	285	Pulse	255	3570000	2810	NA
p002v2	285	Response	100	3571523	4333	1
p002v2	285	Response	100	3574963	7773	1
p002v2	285	Response	100	3577843	10653	1
p002v2	285	Response	100	3582483	15293	1
p002v2	285	Response	100	3586242	19052	1
p002v2	286	Response	100	3595522	8167	1
p002v2	287	Response	100	3599203	1683	1
p002v2	288	Pulse	255	3600000	646	NA
p002v2	288	Response	100	3602161	2807	1
p002v2	288	Response	100	3606562	7208	1
p002v2	289	Response	100	3610482	796	1
p002v2	289	Response	100	3615602	5916	1
p002v2	289	Response	100	3620483	10797	1
p002v2	289	Response	100	3626243	16557	1
p002v2	290	Pulse	255	3630000	149	NA
p002v2	290	Response	100	3631843	1992	1
p002v2	290	Response	100	3636722	6871	1
p002v2	291	Response	100	3640480	464	1
p002v2	292	Response	100	3644563	3879	1
p002v2	292	Response	100	3649602	8919	1
p002v2	293	Response	100	3653762	2746	1
p002v2	293	Response	100	3657842	6826	1
p002v2	293	Pulse	255	3660000	8984	NA
p002v2	293	Response	100	3662162	11147	1
p002v2	293	Response	100	3666001	14985	1
p002v2	293	Response	100	3670081	19066	1
p002v2	294	Response	100	3673681	2501	1
p002v2	294	Response	100	3677683	6502	1
p002v2	295	Response	100	3681442	96	1
p002v2	296	Response	100	3684881	3368	1
p002v2	296	Response	100	3688082	6569	1
p002v2	296	Pulse	255	3690000	8487	NA
p002v2	297	Response	100	3692401	556	1
p002v2	297	Response	100	3700242	8396	1
p002v2	297	Response	100	3708642	16796	1
p002v2	297	Response	100	3712002	20156	1
p002v2	298	Response	100	3715602	3591	1
p002v2	298	Response	100	3718883	6872	1
p002v2	298	Pulse	255	3720000	7989	NA
p002v2	299	Response	100	3722243	66	1
p002v2	300	Response	100	3726242	3899	1
p002v2	300	Response	100	3729281	6938	1
p002v2	301	Response	100	3741362	8686	1
p002v2	301	Response	100	3745202	12526	1
p002v2	301	Pulse	255	3750000	17325	NA
p002v2	301	Response	100	3751380	18704	1
p002v2	302	Response	100	3756162	3322	1
p002v2	302	Response	100	3759522	6682	1
p002v2	302	Response	100	3762641	9801	1
p002v2	303	Response	100	3766642	3636	1
p002v2	305	Response	100	3778882	1710	1
p002v2	305	Pulse	255	3780000	2829	NA
p002v2	305	Response	100	3782643	5471	1
p002v2	305	Response	100	3786483	9312	1
p002v2	305	Response	100	3790081	12910	1
p002v2	305	Response	100	3794162	16991	1
p002v2	306	Response	100	3797362	26	1
p002v2	306	Response	100	3800323	2987	1
p002v2	306	Response	100	3802243	4906	1
p002v2	306	Response	100	3805523	8187	1
p002v2	307	Response	100	3809041	1539	1
p002v2	308	Pulse	255	3810000	831	NA
p002v2	308	Response	100	3813280	4111	1
p002v2	308	Response	100	3816961	7793	1
p002v2	309	Response	100	3820081	580	1
p002v2	309	Response	100	3824321	4820	1
p002v2	309	Response	100	3827442	7941	1
p002v2	309	Response	100	3832161	12660	1
p002v2	309	Response	100	3835762	16261	1
p002v2	310	Pulse	255	3840000	334	NA
p002v2	310	Response	100	3840002	336	1
p002v2	310	Response	100	3844482	4816	1
p002v2	310	Response	100	3848641	8975	1
p002v2	311	Response	100	3853927	4095	1
p002v2	313	Response	100	3869602	5271	1
p002v2	313	Pulse	255	3870000	5669	NA
p002v2	313	Response	100	3873042	8711	1
p002v2	314	Response	100	3885762	1266	1
p002v2	314	Response	100	3893202	8706	1
p002v2	315	Pulse	255	3900000	5339	NA
p002v2	315	Response	100	3901363	6702	1
p002v2	316	Response	100	3910480	8986	1
p002v2	317	Response	100	3914881	3055	1
p002v2	317	Response	100	3920722	8895	1
p002v2	317	Response	100	3925202	13375	1
p002v2	317	Response	100	3929683	17856	1
p002v2	317	Pulse	255	3930000	18174	NA
p002v2	318	Response	100	3934241	2250	1
p002v2	318	Response	100	3938403	6412	1
p002v2	319	Response	100	3946881	4724	1
p002v2	320	Response	100	3952241	5251	1
p002v2	320	Response	100	3955362	8372	1
p002v2	321	Pulse	255	3960000	2678	NA
p002v2	321	Response	100	3961603	4280	1
p002v2	322	Response	100	3977762	275	1
p002v2	322	Response	100	3981043	3556	1
p002v2	322	Response	100	3985362	7875	1
p002v2	323	Pulse	255	3990000	2361	NA
p002v2	323	Response	100	3990001	2363	1
p002v2	324	Response	100	3992962	2809	1
p002v2	325	Response	100	4008642	8157	1
p002v2	325	Response	100	4014242	13756	1
p002v2	325	Pulse	255	4020000	19515	NA
p002v2	326	Response	100	4023042	2392	1
p002v2	326	Response	100	4028802	8151	1
p002v2	327	Response	100	4034962	4146	1
p002v2	328	Response	100	4041521	6372	1
p002v2	329	Response	100	4047041	1560	1
p002v2	329	Pulse	255	4050000	4519	NA
p002v2	329	Response	100	4052322	6840	1
p002v2	329	Response	100	4060082	14600	1
p002v2	329	Response	100	4065041	19559	1
p002v2	330	Response	100	4070002	4355	1
p002v2	330	Response	100	4075282	9635	1
p002v2	331	Response	100	4079922	4109	1
p002v2	332	Pulse	255	4080000	22	NA
p002v2	332	Response	100	4089682	9703	1
p002v2	333	Response	100	4095681	5370	1
p002v2	333	Response	100	4107763	17452	1
p002v2	333	Pulse	255	4110000	19689	NA
p002v2	334	Response	100	4114802	4326	1
p002v2	334	Response	100	4119042	8566	1
p002v2	335	Response	100	4124323	3681	1
p002v2	337	Pulse	255	4140000	5193	NA
p002v2	337	Response	100	4148402	13595	1
p002v2	337	Response	100	4153283	18476	1
p002v2	338	Response	100	4158641	3670	1
p002v2	338	Response	100	4161763	6791	1
p002v2	339	Response	100	4168082	2944	1
p002v2	340	Pulse	255	4170000	1863	NA
p002v2	340	Response	100	4172241	4104	1
p002v2	340	Response	100	4176322	8184	1
p002v2	341	Response	100	4181282	2813	1
p002v2	341	Response	100	4185201	6731	1
p002v2	341	Response	100	4189762	11292	1
p002v2	341	Response	100	4193443	14973	1
p002v2	341	Response	100	4197122	18652	1
p002v2	342	Pulse	255	4200000	1365	NA
p002v2	342	Response	100	4200642	2007	1
p002v2	342	Response	100	4205039	6405	1
p002v2	343	Response	100	4209121	320	1
p002v2	344	Response	100	4212481	3181	1
p002v2	344	Response	100	4216961	7661	1
p002v2	345	Pulse	255	4230000	10367	NA
p002v2	347	Response	100	4254402	4438	1
p002v2	348	Pulse	255	4260000	5537	NA
p002v2	348	Response	100	4261202	6739	1
p002v2	349	Response	100	4273601	8806	1
p002v2	349	Response	100	4284481	19686	1
p002v2	350	Response	100	4287362	2402	1
p002v2	350	Response	100	4289922	4962	1
p002v2	350	Pulse	255	4290000	5039	NA
p002v2	351	Response	100	4297042	1915	1
p002v2	353	Pulse	255	4320000	12541	NA
p002v2	354	Response	100	4337602	9978	1
p002v2	355	Response	100	4339601	1812	1
p002v2	356	Pulse	255	4350000	10211	NA
p002v2	357	Response	100	4358003	7881	1
p002v2	358	Response	100	4375841	5555	1
p002v2	358	Pulse	255	4380000	9714	NA
p002v2	359	Response	100	4392321	11869	1
p002v2	360	Response	100	4397681	5230	1
p002v2	361	Response	100	4408884	6100	1
p002v2	361	Pulse	255	4410000	7216	NA
p002v2	361	Response	100	4419202	16418	1
p002v2	362	Response	100	4430162	7214	1
p002v2	363	Response	100	4437201	4087	1
p002v2	364	Pulse	255	4440000	2719	NA
p002v2	366	Pulse	255	4470000	2222	NA
p002v2	366	Response	100	4473202	5424	1
p002v2	366	Response	100	4475205	7427	1
p002v2	366	Response	100	4477361	9583	1
p002v2	367	Response	100	4478960	1016	1
p002v2	368	Response	100	4481041	1930	1
p002v2	368	Response	100	4482000	2890	1
p002v2	369	Pulse	255	4500000	10557	NA
p002v2	370	Response	100	4514801	5193	1
p002v2	371	Pulse	255	4530000	10227	NA
p002v2	371	Response	100	4540321	20547	1
p002v2	372	Response	100	4543121	2683	1
p002v2	372	Response	100	4545442	5003	1
p002v2	372	Response	100	4547602	7164	1
p002v2	373	Response	100	4558481	7710	1
p002v2	373	Pulse	255	4560000	9229	NA
p002v2	373	Response	100	4569281	18510	1
p002v2	375	Pulse	255	4590000	8899	NA
p002v2	375	Response	100	4593521	12419	1
p002v2	377	Pulse	255	4620000	16067	NA
p002v2	378	Response	100	4628641	4544	1
p002v2	379	Response	100	4638642	4378	1
p002v2	381	Pulse	255	4650000	904	NA
p002v2	381	Response	100	4662081	12986	1
p002v2	383	Pulse	255	4680000	574	NA
p002v2	383	Response	100	4685121	5695	1
p002v2	385	Response	100	4701761	6169	1
p002v2	385	Pulse	255	4710000	14409	NA
p002v2	385	Response	100	4715441	19850	1
p002v2	386	Response	100	4717761	2004	1
p002v2	386	Response	100	4719441	3685	1
p002v2	386	Response	100	4721360	5604	1
p002v2	386	Response	100	4725523	9766	1
p002v2	387	Response	100	4727920	1998	1
p002v2	388	Response	100	4729921	1833	1
p002v2	388	Response	100	4731841	3753	1
p002v2	388	Response	100	4734000	5911	1
p002v2	389	Pulse	255	4740000	1579	NA
p002v2	389	Response	101	4756081	17659	1
p002v2	389	Response	101	4758321	19900	1
p002v2	390	Response	101	4760162	1576	1
p002v2	390	Response	101	4762480	3894	1
p002v2	390	Response	101	4764000	5414	1
p002v2	390	Response	101	4767040	8454	1
p002v2	391	Pulse	255	4770000	1248	NA
p002v2	391	Response	101	4775679	6928	1
p002v2	393	Pulse	255	4800000	13916	NA
p002v2	395	Pulse	255	4830000	13586	NA
p002v2	395	Response	101	4834801	18387	1
p002v2	396	Response	101	4838482	3569	1
p002v2	397	Response	101	4850881	5635	1
p002v2	397	Response	101	4855681	10436	1
p002v2	397	Response	101	4859202	13956	1
p002v2	397	Pulse	255	4860000	14755	NA
p002v2	399	Response	101	4877761	2186	1
p002v2	400	Response	101	4880080	2171	1
p002v2	400	Response	101	4882001	4092	1
p002v2	401	Pulse	255	4890000	1759	NA
p002v2	401	Response	101	4896565	8323	1
p002v2	401	Response	101	4899440	11199	1
p002v2	401	Response	101	4901200	12959	1
p002v2	401	Response	101	4904160	15919	1
p002v2	402	Response	101	4909840	1434	1
p002v2	402	Response	101	4914800	6394	1
p002v2	403	Response	101	4919441	869	1
p002v2	404	Pulse	255	4920000	428	NA
p002v2	404	Response	101	4923440	3868	1
p002v2	404	Response	101	4926721	7149	1
p002v2	405	Response	101	4930480	576	1
p002v2	405	Response	101	4933760	3856	1
p002v2	405	Response	101	4935840	5935	1
p002v2	405	Response	101	4937680	7776	1
p002v2	405	Response	101	4940800	10896	1
p002v2	405	Response	101	4942802	12898	1
p002v2	405	Response	101	4947286	17382	1
p002v2	405	Response	101	4949279	19375	1
p002v2	405	Pulse	255	4950000	20096	NA
p002v2	406	Response	101	4951121	1051	1
p002v2	406	Response	101	4952800	2731	1
p002v2	406	Response	101	4955520	5451	1
p002v2	407	Pulse	255	4980000	19765	NA
p002v2	407	Pulse	255	5010000	49765	NA
p002v2	407	Response	101	5017281	57046	1
p002v2	409	Pulse	255	5040000	12271	NA
p002v2	411	Pulse	255	5070000	11940	NA
p002v2	411	Response	101	5072000	13940	1
p002v2	413	Pulse	255	5100000	17609	NA
p002v2	415	Response	100	5116401	3679	1
p002v2	417	Pulse	255	5130000	3113	NA
p002v2	418	Response	101	5150720	3668	1
p002v2	419	Pulse	255	5160000	2782	NA
p002v2	419	Response	101	5163041	5823	1
p002v2	420	Response	100	5171760	8543	1
p002v2	421	Pulse	255	5190000	16450	NA
p002v2	423	Response	101	5206963	3082	1
p002v2	425	Pulse	255	5220000	2621	NA
p002v2	427	Pulse	255	5250000	2290	NA
p002v2	427	Response	101	5251361	3651	1
p002v2	429	Pulse	255	5280000	18125	NA
p002v2	430	Response	101	5286160	4120	1
p002v2	431	Response	101	5296080	3874	1
p002v2	433	Pulse	255	5310000	3462	NA
p002v2	435	Pulse	255	5340000	3131	NA
p002v2	435	Response	101	5342881	6012	1
p002v2	437	Pulse	255	5370000	16633	NA
p002v2	439	Pulse	255	5400000	16302	NA
p002v2	439	Response	101	5414961	31263	1
p002v2	441	Pulse	255	5430000	4639	NA
p002v2	441	Response	101	5436159	10797	1
p002v2	442	Response	101	5450480	4953	1
p002v2	443	Pulse	255	5460000	4308	NA
p002v2	443	Response	101	5483200	27508	1
p002v2	444	Pulse	255	5490000	6644	NA
p002v2	446	Pulse	255	5520000	6147	NA
p002v2	447	Response	101	5531040	7021	1
p002v2	449	Pulse	255	5550000	8482	NA
p002v2	451	Response	101	5577679	5830	1
p002v2	452	Pulse	255	5580000	2152	NA
p002v2	454	Pulse	255	5610000	1655	NA
p002v2	455	Pulse	255	5640000	21489	NA
p002v2	455	Pulse	255	5670000	51489	NA
p002v2	455	Response	101	5671200	52689	1
p002v2	456	Response	101	5675920	4581	1
p002v2	457	Pulse	255	5700000	18328	NA
p002v2	459	Response	101	5715602	3599	1
p002v2	461	Response	101	5729839	3838	1
p002v2	461	Pulse	255	5730000	3998	NA
p002v2	462	Response	101	5747760	1593	1
p002v2	462	Response	101	5750319	4152	1
p002v2	462	Response	101	5752157	5991	1
p002v2	462	Response	101	5754640	8473	1
p002v2	462	Response	101	5756319	10152	1
p002v2	463	Response	101	5759040	2708	1
p002v2	464	Pulse	255	5760000	835	NA
p002v2	464	Response	101	5767999	8833	1
p002v2	465	Response	101	5772479	2981	1
p002v2	465	Response	101	5778879	9381	1
p002v2	466	Pulse	255	5790000	337	NA
p002v2	467	Response	101	5806160	6332	1
p002v2	469	Response	101	5819279	2619	1
p002v2	469	Pulse	255	5820000	3340	NA
p002v2	469	Response	101	5824239	7579	1
p002v2	471	Response	101	5847440	448	1
p002v2	472	Response	101	5849759	2268	1
p002v2	472	Pulse	255	5850000	2509	NA
p002v2	474	Pulse	255	5880000	2012	NA
p002v2	474	Response	101	5880080	2091	1
p002v2	475	Response	101	5905199	17045	1
p002v2	476	Pulse	255	5910000	4681	NA
p002v2	478	Pulse	255	5940000	4183	NA
p002v2	478	Response	101	5941519	5703	1
p002v2	478	Response	101	5944479	8662	1
p002v2	479	Response	101	5964559	18576	1
p002v2	480	Pulse	255	5970000	5352	NA
p002v2	482	Pulse	255	6000000	4855	NA
p002v2	483	Picture	instruct_trial	6005311	0	1	19665	1	0	next	other	0
p002v2	483	Response	101	6024879	19568	1
p002v2	484	Pulse	255	6030000	4858	NA
p002v2	484	Response	101	6033039	7897	1
p002v2	486	Pulse	255	6060000	16526	NA
p002v2	487	Response	101	6072079	8440	1
p002v2	488	Pulse	255	6090000	16195	NA
p002v2	488	Response	101	6102639	28834	1
p002v2	490	Pulse	255	6120000	6865	NA
p002v2	491	Response	101	6138159	4859	1
p002v2	492	Pulse	255	6150000	6535	NA
p002v2	492	Response	101	6150465	6999	15
p002v2	494	Pulse	255	6180000	19036	NA
p002v2	496	Response	101	6195599	4304	1
p002v2	498	Pulse	255	6210000	3873	NA
p002v2	498	Response	101	6211199	5072	1
p002v2	498	Response	101	6219119	12992	1
p002v2	499	Response	101	6228959	2668	1
p002v2	500	Pulse	255	6240000	3543	NA
p002v2	500	Response	101	6243439	6982	1
p002v2	501	Response	101	6245119	1496	1
p002v2	501	Response	101	6246878	3255	1
p002v2	501	Response	101	6249918	6295	1
p002v2	501	Response	101	6252799	9176	1
p002v2	502	Pulse	255	6270000	16044	NA
p002v2	503	Response	101	6279119	4998	1
p002v2	503	Response	101	6283918	9798	1
p002v2	504	Response	101	6295518	11232	1
p002v2	505	Pulse	255	6300000	4381	NA
p002v2	506	Response	101	6311679	5728	1
p002v2	507	Pulse	255	6330000	3884	NA
p002v2	508	Response	101	6337999	1718	1
p002v2	509	Response	101	6340719	2604	1
p002v2	510	Pulse	255	6360000	11553	NA
p002v2	512	Pulse	255	6390000	11222	NA
p002v2	512	Response	101	6402638	23860	1
p002v2	514	Response	101	6419198	6089	1
p002v2	514	Pulse	255	6420000	6892	NA
p002v2	515	Response	101	6442717	9443	1
p002v2	516	Response	101	6446079	2640	1
p002v2	517	Pulse	255	6450000	3728	NA
p002v2	518	Response	101	6463597	6992	1
p002v2	518	Response	101	6473678	17074	1
p002v2	519	Response	101	6477681	911	1
p002v2	519	Pulse	255	6480000	3230	NA
p002v2	520	Pulse	255	6510000	23065	NA
p002v2	520	Response	101	6515039	28103	1
p002v2	522	Pulse	255	6540000	14568	NA
p002v2	523	Response	101	6552798	7201	1
p002v2	524	Response	101	6569839	14076	1
p002v2	525	Pulse	255	6570000	72	NA
p002v2	526	Pulse	255	6600000	19739	NA
p002v2	528	Response	101	6611198	607	1
p002v2	530	Pulse	255	6630000	8410	NA
p002v2	532	Response	101	6652878	957	1
p002v2	533	Response	101	6655438	2350	1
p002v2	533	Response	101	6658558	5471	1
p002v2	533	Pulse	255	6660000	6912	NA
p002v2	535	Pulse	255	6690000	6415	NA
p002v2	535	Response	101	6692718	9133	1
p002v2	536	Response	101	6695758	2007	1
p002v2	537	Response	101	6698797	2880	1
p002v2	537	Response	101	6702158	6241	1
p002v2	537	Response	101	6704878	8961	1
p002v2	538	Response	101	6709117	2868	1
p002v2	538	Response	101	6712318	6068	1
p002v2	538	Response	101	6715918	9669	1
p002v2	538	Pulse	255	6720000	13750	NA
p002v2	539	Response	101	6726879	464	1
p002v2	540	Response	101	6743758	7177	1
p002v2	541	Pulse	255	6750000	6087	NA
p002v2	542	Response	101	6759920	5675	1
p002v2	543	Pulse	255	6780000	5590	NA
p002v2	544	Response	101	6785037	461	1
p002v2	545	Response	101	6790238	4995	1
p002v2	546	Pulse	255	6810000	14425	NA
p002v2	547	Response	101	6817918	2178	1
p002v2	547	Response	101	6820158	4418	1
p002v2	547	Response	101	6822318	6578	1
p002v2	547	Response	101	6824321	8581	1
p002v2	548	Response	101	6826397	492	1
p002v2	550	Pulse	255	6840000	3095	NA
p002v2	550	Response	101	6849838	12934	1
p002v2	550	Response	101	6852239	15334	1
p002v2	552	Pulse	255	6870000	2764	NA
p002v2	552	Response	101	6874238	7003	1
p002v2	553	Response	101	6876717	2316	1
p002v2	553	Response	101	6879037	4635	1
p002v2	554	Pulse	255	6900000	15266	NA
p002v2	554	Response	101	6903677	18943	1
p002v2	555	Response	101	6905916	1017	1
p002v2	555	Response	101	6913757	8859	1
p002v2	556	Pulse	255	6930000	14935	NA
p002v2	556	Pulse	255	6960000	44935	NA
p002v2	556	Response	101	6979197	64133	1
p002v2	558	Pulse	255	6990000	275	NA
p002v2	559	Pulse	255	7020000	10110	NA
p002v2	560	Response	101	7039837	19782	1
p002v2	561	Pulse	255	7050000	10113	NA
p002v2	562	Response	101	7054638	4419	1
p002v2	563	Response	101	7076397	6013	1
p002v2	563	Response	101	7078478	8094	1
p002v2	563	Pulse	255	7080000	9615	NA
p002v2	563	Response	101	7080317	9932	1
p002v2	564	Pulse	255	7110000	29450	NA
p002v2	564	Response	101	7110877	30327	1
p002v2	566	Response	101	7122237	857	1
p002v2	566	Response	101	7125117	3737	1
p002v2	566	Pulse	255	7140000	18620	NA
p002v2	568	Response	101	7155837	4127	1
p002v2	569	Response	101	7158477	2433	1
p002v2	570	Pulse	255	7170000	3624	NA
p002v2	570	Response	101	7180957	14581	1
p002v2	572	Pulse	255	7200000	3293	NA
p002v2	572	Response	101	7208397	11691	1
p002v2	573	Response	101	7213121	4582	1
p002v2	573	Response	101	7216557	8018	1
p002v2	574	Pulse	255	7230000	11128	NA
p002v2	575	Response	101	7247837	8801	1
p002v2	576	Pulse	255	7260000	10798	NA
p002v2	576	Response	101	7272077	22875	1
p002v2	577	Response	101	7278558	6358	1
p002v2	577	Response	101	7281517	9317	1
p002v2	578	Pulse	255	7290000	7467	NA
p002v2	578	Response	101	7297517	14984	1
p002v2	580	Response	101	7316637	3774	1
p002v2	581	Pulse	255	7320000	3304	NA
p002v2	583	Response	101	7348558	1364	1
p002v2	583	Pulse	255	7350000	2806	NA
p002v2	583	Response	101	7351678	4484	1
p002v2	584	Response	101	7368718	11359	1
p002v2	586	Pulse	255	7380000	809	NA
p002v2	586	Response	101	7381757	2566	1
p002v2	588	Pulse	255	7410000	478	NA
p002v2	588	Response	101	7433198	23676	1
p002v2	589	Pulse	255	7440000	6647	NA
p002v2	591	Pulse	255	7470000	6150	NA
p002v2	592	Pulse	255	7500000	25984	NA
p002v2	592	Pulse	255	7530000	55984	NA
p002v2	592	Response	101	7531997	57981	1
p002v2	594	Pulse	255	7560000	17490	NA
p002v2	595	Response	101	7564557	1882	1
p002v2	596	Pulse	255	7590000	17159	NA
p002v2	596	Response	101	7608557	35717	1
p002v2	597	Response	101	7615037	6366	1
p002v2	598	Pulse	255	7620000	997	NA
p002v2	599	Response	101	7640157	989	1
p002v2	600	Response	101	7649918	584	1
p002v2	600	Pulse	255	7650000	666	NA
p002v2	602	Response	101	7666238	5904	1
p002v2	602	Pulse	255	7680000	19667	NA
p002v2	604	Response	101	7692956	2293	1
p002v2	606	Pulse	255	7710000	6504	NA
p002v2	608	Response	101	7737037	3210	1
p002v2	609	Pulse	255	7740000	2840	NA
p002v2	610	Response	101	7753357	5865	1
p002v2	611	Pulse	255	7770000	2343	NA
p002v2	612	Response	101	7780477	2654	1
p002v2	614	Pulse	255	7800000	9012	NA
p002v2	614	Response	101	7801436	10448	1
p002v2	616	Response	101	7825997	4678	1
p002v2	617	Pulse	255	7830000	3848	NA
p002v2	619	Pulse	255	7860000	3351	NA
p002v2	620	Response	101	7870797	3981	1
p002v2	622	Pulse	255	7890000	8686	NA
p002v2	622	Response	101	7890238	8924	1
p002v2	624	Response	101	7917996	6352	1
p002v2	625	Pulse	255	7920000	1856	NA
p002v2	627	Pulse	255	7950000	1359	NA
p002v2	628	Response	101	7962797	3990	1
p002v2	630	Pulse	255	7980000	6694	NA
p002v2	632	Response	101	8007437	3800	1
p002v2	633	Pulse	255	8010000	2364	NA
p002v2	635	Pulse	255	8040000	1866	NA
p002v2	636	Response	101	8053116	4817	1
p002v2	638	Pulse	255	8070000	6369	NA
p002v2	640	Response	101	8098076	4114	1
p002v2	641	Pulse	255	8100000	1872	NA
p002v2	641	Response	101	8106799	8671	1
p002v2	643	Pulse	255	8130000	1374	NA
p002v2	643	Response	101	8136156	7531	1
p002v2	644	Response	101	8140717	1925	1
p002v2	646	Response	101	8156476	5353	1
p002v2	646	Pulse	255	8160000	8876	NA
p002v2	647	Response	101	8172318	1029	1
p002v2	647	Response	101	8177436	6147	1
p002v2	648	Response	101	8182556	1102	1
p002v2	649	Pulse	255	8190000	7379	NA
p002v2	650	Response	101	8202876	9922	1
p002v2	650	Response	101	8205675	12722	1
p002v2	650	Response	101	8208075	15122	1
p002v2	650	Response	101	8211837	18884	1
p002v2	651	Response	101	8215677	2559	1
p002v2	651	Pulse	255	8220000	6882	NA
p002v2	652	Response	101	8224076	792	1
p002v2	654	Response	101	8245756	11140	1
p002v2	654	Pulse	255	8250000	15384	NA
p002v2	654	Response	101	8250557	15941	1
p002v2	654	Response	101	8253756	19139	1
p002v2	655	Response	101	8257037	2256	1
p002v2	655	Response	101	8262557	7775	1
p002v2	655	Response	101	8264317	9535	1
p002v2	656	Response	101	8268238	3291	1
p002v2	658	Pulse	255	8280000	1221	NA
p002v2	658	Response	101	8286476	7696	1
p002v2	658	Response	101	8288875	10096	1
p002v2	658	Response	101	8291676	12896	1
p002v2	658	Response	101	8293275	14496	1
p002v2	658	Response	101	8294875	16096	1
p002v2	658	Response	101	8297115	18336	1
p002v2	659	Response	101	8299515	571	1
p002v2	659	Response	101	8301354	2410	1
p002v2	659	Response	101	8304155	5211	1
p002v2	659	Response	101	8307915	8971	1
p002v2	660	Response	101	8309756	646	1
p002v2	661	Pulse	255	8310000	57	NA
p002v2	661	Response	101	8310875	931	1
p002v2	662	Response	101	8333836	13560	1
p002v2	662	Response	101	8339196	18921	1
p002v2	662	Pulse	255	8340000	19724	NA
p002v2	663	Response	101	8341759	1318	1
p002v2	663	Response	101	8343755	3315	1
p002v2	663	Response	101	8345755	5315	1
p002v2	664	Response	101	8361755	11149	1
p002v2	665	Response	101	8363917	1978	1
p002v2	665	Response	101	8366316	4378	1
p002v2	665	Response	101	8368317	6378	1
p002v2	665	Pulse	255	8370000	8061	NA
p002v2	665	Response	101	8370395	8457	1
p002v2	666	Response	101	8376476	4205	1
p002v2	666	Response	101	8382156	9884	1
p002v2	666	Response	101	8385915	13644	1
p002v2	666	Response	101	8389356	17085	1
p002v2	667	Pulse	255	8400000	7564	NA
p002v2	667	Response	101	8400796	8360	1
p002v2	668	Response	101	8411756	9154	1
p002v2	669	Response	101	8413996	2061	1
p002v2	669	Response	101	8419275	7341	1
p002v2	670	Response	101	8422555	288	1
p002v2	670	Pulse	255	8430000	7733	NA
p002v2	670	Response	101	8430476	8209	1
p002v2	670	Response	101	8433195	10929	1
p002v2	671	Response	101	8443195	763	1
p002v2	671	Response	101	8448317	5885	1
p002v2	672	Pulse	255	8460000	7403	NA
p002v2	672	Response	101	8476319	23721	1
p002v2	674	Pulse	255	8490000	3239	NA
p002v2	674	Response	101	8492716	5955	1
p002v2	674	Response	101	8497116	10355	1
p002v2	674	Response	101	8504716	17955	1
p002v2	676	Pulse	255	8520000	2908	NA
p002v2	676	Response	101	8532715	15624	1
p002v2	677	Response	101	8535675	2751	1
p002v2	678	Pulse	255	8550000	6744	NA
p002v2	678	Response	101	8550155	6899	1
p002v2	678	Response	101	8552155	8899	1
p002v2	678	Response	101	8554476	11219	1
p002v2	678	Response	101	8555994	12738	1
p002v2	678	Response	101	8557915	14659	1
p002v2	678	Response	101	8559595	16339	1
p002v2	678	Response	101	8561995	18739	1
p002v2	678	Response	101	8563357	20101	1
p002v2	679	Response	101	8564714	1293	1
p002v2	679	Response	101	8566075	2654	1
p002v2	679	Response	101	8567515	4094	1
p002v2	679	Response	101	8568714	5292	1
p002v2	679	Response	101	8570159	6738	1
p002v2	679	Response	101	8571514	8093	1
p002v2	679	Response	101	8572875	9453	1
p002v2	680	Response	101	8574075	488	1
p002v2	681	Response	101	8575435	1181	1
p002v2	681	Response	101	8576476	2223	1
p002v2	681	Response	101	8577594	3340	1
p002v2	681	Response	101	8579195	4942	1
p002v2	681	Pulse	255	8580000	5747	NA
p002v2	681	Response	101	8580875	6622	1
p002v2	681	Response	101	8581674	7421	1
p002v2	682	Response	101	8586395	1809	1
p002v2	682	Response	101	8588235	3649	1
p002v2	682	Response	101	8589914	5328	1
p002v2	682	Response	101	8591275	6689	1
p002v2	682	Response	101	8592874	8288	1
p002v2	682	Response	101	8594715	10129	1
p002v2	682	Response	101	8596395	11809	1
p002v2	682	Response	101	8598075	13489	1
p002v2	682	Response	101	8599835	15250	1
p002v2	682	Response	101	8601355	16769	1
p002v2	682	Response	101	8602474	17888	1
p002v2	682	Response	101	8604555	19969	1
p002v2	683	Response	101	8606475	1724	1
p002v2	683	Response	101	8608236	3485	1
p002v2	683	Pulse	255	8610000	5249	NA
p002v2	683	Response	101	8610074	5323	1
p002v2	683	Response	101	8612153	7402	1
p002v2	683	Response	101	8613834	9083	1
p002v2	684	Response	101	8615515	598	1
p002v2	685	Response	101	8617034	1451	1
p002v2	685	Response	101	8618635	3052	1
p002v2	685	Response	101	8619995	4412	1
p002v2	685	Response	101	8621595	6011	1
p002v2	685	Response	101	8623114	7531	1
p002v2	685	Response	101	8624474	8891	1
p002v2	686	Response	101	8626154	239	1
p002v2	686	Response	101	8627514	1598	1
p002v2	686	Response	101	8629194	3278	1
p002v2	686	Response	101	8630634	4719	1
p002v2	686	Response	101	8632635	6719	1
p002v2	686	Response	101	8635835	9919	1
p002v2	686	Response	101	8637755	11840	1
p002v2	686	Pulse	255	8640000	14084	NA
p002v2	686	Response	101	8640876	14960	1
p002v2	686	Response	101	8643995	18079	1
p002v2	687	Response	101	8649116	3035	1
p002v2	687	Response	101	8650634	4554	1
p002v2	687	Response	101	8652476	6395	1
p002v2	687	Response	101	8654555	8475	1
p002v2	688	Response	101	8656476	229	1
p002v2	689	Response	101	8658154	1575	1
p002v2	689	Response	101	8659915	3335	1
p002v2	689	Response	101	8666074	9494	1
p002v2	690	Response	101	8667995	1083	1
p002v2	690	Response	101	8669675	2763	1
p002v2	690	Pulse	255	8670000	3088	NA
p002v2	690	Response	101	8671194	4282	1
p002v2	690	Response	101	8674236	7324	1
p002v2	690	Response	101	8681036	14123	1
p002v2	690	Response	101	8682636	15724	1
p002v2	690	Response	101	8687036	20124	1
p002v2	691	Response	101	8688715	1638	1
p002v2	691	Response	101	8692716	5639	1
p002v2	691	Response	101	8695435	8359	1
p002v2	691	Response	101	8696394	9317	1
p002v2	692	Response	101	8699995	2753	1
p002v2	692	Pulse	255	8700000	2757	NA
p002v2	694	Response	101	8723836	13428	1
p002v2	694	Response	101	8727436	17028	1
p002v2	694	Response	101	8728874	18466	1
p002v2	694	Pulse	255	8730000	19592	NA
p002v2	694	Response	101	8730475	20067	1
p002v2	695	Response	101	8732156	1583	1
p002v2	695	Response	101	8733674	3101	1
p002v2	695	Response	101	8735201	4628	1
p002v2	695	Response	101	8736714	6141	1
p002v2	695	Response	101	8740155	9582	1
p002v2	696	Pulse	255	8760000	19261	NA
p002v2	696	Pulse	255	8790000	49261	NA
p002v2	696	Pulse	255	8820000	79261	NA
p002v2	696	Pulse	255	8850000	109261	NA
p002v2	696	Pulse	255	8880000	139261	NA
p002v2	696	Pulse	255	8910000	169261	NA
p002v2	696	Response	101	8929676	188937	1
p002v2	697	Pulse	255	8940000	10111	NA
p002v2	699	Pulse	255	8970000	9614	NA
p002v2	700	Pulse	255	9000000	29448	NA
p002v2	700	Response	101	9001355	30802	1
p002v2	702	Pulse	255	9030000	18118	NA
p002v2	703	Response	101	9040794	8748	1
p002v2	704	Response	101	9045755	3543	1
p002v2	705	Response	101	9047835	1956	1
p002v2	705	Response	101	9050155	4276	1
p002v2	706	Response	101	9058155	1944	1
p002v2	706	Pulse	255	9060000	3789	NA
p002v2	706	Response	101	9060155	3944	1
p002v2	707	Response	101	9083994	7618	1
p002v2	707	Response	101	9086074	9698	1
p002v2	708	Response	101	9087833	1291	1
p002v2	709	Pulse	255	9090000	1958	NA
p002v2	709	Response	101	9090154	2112	1
p002v2	710	Response	101	9109916	11541	1
p002v2	710	Response	101	9112474	14100	1
p002v2	711	Pulse	255	9120000	1461	NA
p002v2	711	Response	101	9124074	5535	1
p002v2	712	Response	101	9132795	4090	1
p002v2	713	Response	101	9136714	3843	1
p002v2	713	Response	101	9139754	6882	1
p002v2	714	Pulse	255	9150000	6796	NA
p002v2	715	Response	101	9167435	4066	1
p002v2	716	Response	101	9179035	5500	1
p002v2	717	Pulse	255	9180000	799	NA
p002v2	718	Response	101	9196317	6783	1
p002v2	719	Pulse	255	9210000	302	NA
p002v2	719	Response	101	9210234	536	1
p002v2	719	Response	101	9217035	7337	1
p002v2	720	Response	101	9231755	11891	1
p002v2	721	Pulse	255	9240000	8137	NA
p002v2	722	Response	101	9250155	7960	1
p002v2	723	Pulse	255	9270000	7640	NA
p002v2	724	Picture	instruct_trial	9272526	0	1	40163	1	0	next	other	0
p002v2	724	Response	101	9274955	2429	1
p002v2	724	Response	101	9284716	12190	1
p002v2	724	Response	101	9296955	24429	1
p002v2	724	Response	101	9299354	26828	1
p002v2	724	Pulse	255	9300000	27474	NA
p002v2	724	Response	101	9303754	31228	1
p002v2	724	Response	101	9305595	33069	1
p002v2	724	Response	101	9307673	35147	1
p002v2	724	Response	101	9309514	36988	1
p002v2	724	Response	101	9311355	38829	1
