Scenario - learning_JJ_english
Logfile written - 06/28/2021 11:48:55

Subject	Trial	Event Type	Code	Time	TTime	Uncertainty	Duration	Uncertainty	ReqTime	ReqDur	Stim Type	Pair Index

p002	0	Pulse	255	0	0	NA
p002	1	Picture	instruct_trial	10333	0	1	580949	1	0	next	other	0
p002	1	Pulse	255	30000	19667	NA
p002	1	Pulse	255	60000	49667	NA
p002	1	Pulse	255	90000	79667	NA
p002	1	Pulse	255	120000	109667	NA
p002	1	Pulse	255	150000	139667	NA
p002	1	Pulse	255	180000	169667	NA
p002	1	Pulse	255	210000	199667	NA
p002	1	Pulse	255	240000	229667	NA
p002	1	Pulse	255	270000	259667	NA
p002	1	Pulse	255	300000	289667	NA
p002	1	Pulse	255	330000	319667	NA
p002	1	Pulse	255	360000	349667	NA
p002	1	Pulse	255	390000	379667	NA
p002	1	Pulse	255	420000	409667	NA
p002	1	Pulse	255	450000	439667	NA
p002	1	Pulse	255	480000	469667	NA
p002	1	Pulse	255	510000	499667	NA
p002	1	Pulse	255	540000	529667	NA
p002	1	Pulse	255	570000	559667	NA
p002	1	Response	100	591133	580800	1
p002	1	Pulse	255	600000	589667	NA
p002	2	Pulse	255	630000	29885	NA
p002	2	Pulse	255	660000	59885	NA
p002	2	Pulse	255	690000	89885	NA
p002	2	Pulse	255	720000	119885	NA
p002	2	Response	100	733773	133658	1
p002	3	Response	101	742413	8476	1
p002	4	Pulse	255	750000	5731	NA
p002	5	Response	100	771854	7420	1
p002	6	Pulse	255	780000	5400	NA
p002	6	Pulse	255	810000	35400	NA
p002	6	Response	100	824892	50293	1
p002	7	Response	101	833612	8517	1
p002	8	Pulse	255	840000	4572	NA
p002	10	Pulse	255	870000	4241	NA
p002	10	Response	100	880172	14414	1
p002	11	Response	100	883051	2794	1
p002	12	Pulse	255	900000	9410	NA
p002	14	Pulse	255	930000	9080	NA
p002	14	Response	101	937612	16692	1
p002	15	Response	101	940172	2420	1
p002	16	Pulse	255	960000	11915	NA
p002	18	Response	101	987692	9277	1
p002	19	Pulse	255	990000	2252	NA
p002	19	Response	101	990253	2505	1
p002	21	Pulse	255	1020000	1755	NA
p002	22	Response	100	1049454	21043	1
p002	23	Pulse	255	1050000	424	NA
p002	23	Response	100	1054251	4675	1
p002	24	Pulse	255	1080000	20092	NA
p002	26	Response	100	1096172	5933	1
p002	27	Response	100	1098652	2414	1
p002	28	Pulse	255	1110000	3429	NA
p002	30	Pulse	255	1140000	3098	NA
p002	30	Response	101	1146411	9510	1
p002	31	Response	101	1148811	2244	1
p002	32	Pulse	255	1170000	13100	NA
p002	34	Response	101	1194492	7262	1
p002	35	Response	101	1197212	2649	1
p002	35	Pulse	255	1200000	5437	NA
p002	36	Response	100	1206492	1597	1
p002	37	Pulse	255	1230000	4939	NA
p002	38	Response	100	1250812	15585	1
p002	39	Response	100	1253612	2721	1
p002	39	Pulse	255	1260000	9108	NA
p002	41	Pulse	255	1290000	8611	NA
p002	42	Response	101	1302171	10616	1
p002	43	Response	101	1303771	1550	1
p002	44	Pulse	255	1320000	7447	NA
p002	46	Pulse	255	1350000	7116	NA
p002	46	Response	101	1360651	17768	1
p002	47	Response	101	1363452	2736	1
p002	48	Pulse	255	1380000	8952	NA
p002	50	Pulse	255	1410000	8621	NA
p002	50	Response	100	1416411	15033	1
p002	51	Response	100	1419213	2669	1
p002	52	Pulse	255	1440000	13124	NA
p002	54	Response	101	1464731	7524	1
p002	55	Response	101	1467532	2659	1
p002	55	Pulse	255	1470000	5127	NA
p002	57	Pulse	255	1500000	4630	NA
p002	58	Response	100	1516256	10720	1
p002	59	Response	100	1518411	2043	1
p002	60	Pulse	255	1530000	3299	NA
p002	62	Pulse	255	1560000	2968	NA
p002	62	Response	100	1566411	9379	1
p002	63	Response	100	1568090	1560	1
p002	64	Pulse	255	1590000	13137	NA
p002	66	Response	100	1615371	8177	1
p002	67	Response	100	1617771	2244	1
p002	67	Pulse	255	1620000	4473	NA
p002	69	Pulse	255	1650000	3976	NA
p002	70	Response	100	1664410	8220	1
p002	71	Response	101	1666170	1648	1
p002	71	Response	101	1668171	3648	1
p002	71	Response	101	1670174	5652	1
p002	71	Response	101	1671850	7328	1
p002	71	Response	101	1673211	8688	1
p002	72	Response	101	1675050	196	1
p002	72	Pulse	255	1680000	5145	NA
p002	74	Pulse	255	1710000	4815	NA
p002	74	Response	101	1712970	7785	1
p002	75	Response	100	1715451	2433	1
p002	75	Response	101	1716410	3392	1
p002	75	Response	101	1722491	9473	1
p002	76	Response	101	1724251	900	1
p002	76	Pulse	255	1740000	16650	NA
p002	78	Response	101	1762572	8891	1
p002	79	Response	101	1764250	1570	1
p002	79	Response	101	1766090	3410	1
p002	79	Pulse	255	1770000	7320	NA
p002	81	Pulse	255	1800000	6822	NA
p002	82	Response	101	1808972	5629	1
p002	83	Response	101	1811291	2115	1
p002	84	Pulse	255	1830000	10491	NA
p002	86	Response	101	1856171	6332	1
p002	87	Response	100	1859131	2793	1
p002	87	Pulse	255	1860000	3661	NA
p002	87	Response	100	1861051	4712	1
p002	89	Pulse	255	1890000	3164	NA
p002	90	Response	100	1902971	5969	1
p002	91	Response	100	1905690	2522	1
p002	92	Pulse	255	1920000	6499	NA
p002	94	Pulse	255	1950000	6169	NA
p002	94	Response	100	1955292	11460	1
p002	96	Pulse	255	1980000	14171	NA
p002	98	Response	100	2003210	7050	1
p002	99	Response	100	2007611	4285	1
p002	99	Pulse	255	2010000	6674	NA
p002	101	Pulse	255	2040000	6177	NA
p002	102	Response	100	2052250	8261	1
p002	103	Response	101	2055050	2729	1
p002	104	Pulse	255	2070000	7346	NA
p002	106	Response	101	2098010	5025	1
p002	107	Pulse	255	2100000	1849	NA
p002	109	Pulse	255	2130000	1352	NA
p002	110	Response	100	2147051	8237	1
p002	112	Pulse	255	2160000	2521	NA
p002	114	Pulse	255	2190000	2190	NA
p002	114	Response	100	2191930	4120	1
p002	116	Pulse	255	2220000	17525	NA
p002	118	Response	101	2243210	10404	1
p002	119	Pulse	255	2250000	6695	NA
p002	121	Pulse	255	2280000	6198	NA
p002	122	Response	101	2290810	6841	1
p002	124	Pulse	255	2310000	8700	NA
p002	126	Response	101	2336251	4620	1
p002	127	Pulse	255	2340000	3536	NA
p002	129	Pulse	255	2370000	3039	NA
p002	130	Response	101	2384810	7683	1
p002	132	Pulse	255	2400000	4708	NA
p002	134	Pulse	255	2430000	4377	NA
p002	134	Response	101	2437210	11588	1
p002	136	Pulse	255	2460000	12379	NA
p002	138	Response	100	2482090	4138	1
p002	139	Pulse	255	2490000	7716	NA
p002	141	Pulse	255	2520000	7218	NA
p002	142	Response	101	2530250	7302	1
p002	144	Pulse	255	2550000	9221	NA
p002	146	Response	101	2575850	4740	1
p002	147	Pulse	255	2580000	4057	NA
p002	149	Pulse	255	2610000	3560	NA
p002	150	Response	101	2624969	8363	1
p002	152	Pulse	255	2640000	4562	NA
p002	154	Response	100	2669608	3840	1
p002	155	Pulse	255	2670000	232	NA
p002	156	Pulse	255	2700000	19900	NA
p002	158	Response	100	2715689	5257	1
p002	160	Pulse	255	2730000	3904	NA
p002	162	Pulse	255	2760000	3573	NA
p002	162	Response	101	2764010	7583	1
p002	164	Pulse	255	2790000	15574	NA
p002	166	Response	101	2809049	4293	1
p002	168	Pulse	255	2820000	412	NA
p002	170	Pulse	255	2850000	81	NA
p002	170	Response	100	2861369	11450	1
p002	172	Pulse	255	2880000	8250	NA
p002	174	Pulse	255	2910000	7919	NA
p002	174	Response	100	2911529	9448	1
p002	176	Pulse	255	2940000	18087	NA
p002	178	Response	100	2959049	6806	1
p002	180	Pulse	255	2970000	425	NA
p002	182	Pulse	255	3000000	94	NA
p002	182	Response	100	3007449	7543	1
p002	184	Pulse	255	3030000	12096	NA
p002	186	Response	101	3052650	4415	1
p002	187	Pulse	255	3060000	7265	NA
p002	189	Pulse	255	3090000	6768	NA
p002	190	Response	100	3097129	3731	1
p002	192	Pulse	255	3120000	12437	NA
p002	194	Response	101	3144970	7076	1
p002	195	Pulse	255	3150000	4940	NA
p002	197	Pulse	255	3180000	4443	NA
p002	198	Response	101	3193531	7808	1
p002	200	Pulse	255	3210000	5945	NA
p002	202	Response	101	3238249	3863	1
p002	203	Pulse	255	3240000	1615	NA
p002	205	Pulse	255	3270000	1118	NA
p002	206	Response	100	3284649	5601	1
p002	208	Pulse	255	3300000	4953	NA
p002	208	Response	101	3304009	8962	1
p002	209	Response	100	3317368	2157	1
p002	210	Response	101	3328008	2630	1
p002	211	Pulse	255	3330000	1789	NA
p002	213	Pulse	255	3360000	1292	NA
p002	214	Response	101	3372888	4015	1
p002	216	Pulse	255	3390000	6628	NA
p002	218	Response	101	3419528	5825	1
p002	219	Pulse	255	3420000	297	NA
p002	220	Pulse	255	3450000	19965	NA
p002	222	Response	101	3468887	8522	1
p002	224	Pulse	255	3480000	636	NA
p002	226	Pulse	255	3510000	305	NA
p002	226	Response	101	3514648	4953	1
p002	228	Pulse	255	3540000	14806	NA
p002	230	Response	101	3559448	3923	1
p002	232	Pulse	255	3570000	144	NA
p002	233	Pulse	255	3600000	9979	NA
p002	234	Response	100	3604968	4781	1
p002	236	Pulse	255	3630000	14648	NA
p002	238	Response	101	3651928	6245	1
p002	239	Pulse	255	3660000	7984	NA
p002	241	Pulse	255	3690000	7487	NA
p002	242	Picture	instruct_trial	3692679	0	1	50829	1	0	next	other	0
p002	242	Pulse	255	3720000	27321	NA
p002	242	Response	101	3743368	50689	1
p002	243	Pulse	255	3750000	6326	NA
p002	243	Response	100	3754088	10413	1
p002	245	Pulse	255	3780000	15494	NA
p002	247	Response	100	3806248	11411	1
p002	248	Pulse	255	3810000	3664	NA
p002	250	Pulse	255	3840000	3167	NA
p002	251	Response	100	3862807	15809	1
p002	252	Pulse	255	3870000	7003	NA
p002	254	Pulse	255	3900000	6505	NA
p002	255	Response	101	3912888	9227	1
p002	257	Pulse	255	3930000	6675	NA
p002	259	Pulse	255	3960000	6344	NA
p002	259	Response	101	3965368	11712	1
p002	261	Pulse	255	3990000	14179	NA
p002	263	Response	100	4011207	5056	1
p002	264	Pulse	255	4020000	8682	NA
p002	266	Pulse	255	4050000	8185	NA
p002	267	Response	101	4061847	9866	1
p002	269	Pulse	255	4080000	7688	NA
p002	271	Pulse	255	4110000	7357	NA
p002	271	Response	100	4113048	10405	1
p002	273	Pulse	255	4140000	16525	NA
p002	275	Response	101	4159048	5243	1
p002	277	Pulse	255	4170000	529	NA
p002	279	Pulse	255	4200000	199	NA
p002	279	Pulse	255	4230000	30199	NA
p002	279	Response	101	4238087	38286	1
p002	280	Response	101	4239457	1159	1
p002	280	Response	101	4246008	7710	1
p002	281	Pulse	255	4260000	11370	NA
p002	283	Response	101	4284167	5206	1
p002	284	Pulse	255	4290000	5706	NA
p002	286	Pulse	255	4320000	5209	NA
p002	287	Response	100	4332807	7850	1
p002	289	Pulse	255	4350000	6711	NA
p002	291	Pulse	255	4380000	6381	NA
p002	291	Response	100	4387133	13513	1
p002	293	Pulse	255	4410000	12383	NA
p002	295	Response	100	4435527	7579	1
p002	296	Pulse	255	4440000	4386	NA
p002	298	Pulse	255	4470000	3889	NA
p002	299	Response	101	4485126	8849	1
p002	301	Pulse	255	4500000	4391	NA
p002	303	Response	101	4529768	3828	1
p002	304	Pulse	255	4530000	61	NA
p002	305	Pulse	255	4560000	19728	NA
p002	307	Response	101	4579047	8444	1
p002	309	Pulse	255	4590000	566	NA
p002	311	Pulse	255	4620000	235	NA
p002	311	Response	100	4627128	7363	1
p002	313	Pulse	255	4650000	12403	NA
p002	315	Response	101	4673687	5759	1
p002	316	Pulse	255	4680000	6240	NA
p002	318	Pulse	255	4710000	5743	NA
p002	319	Response	100	4721846	7423	1
p002	321	Pulse	255	4740000	7745	NA
p002	323	Pulse	255	4770000	7414	NA
p002	323	Response	100	4771127	8541	1
p002	325	Pulse	255	4800000	18416	NA
p002	327	Response	101	4816006	4092	1
p002	329	Pulse	255	4830000	3587	NA
p002	331	Pulse	255	4860000	3256	NA
p002	331	Response	101	4863607	6863	1
p002	333	Pulse	255	4890000	15924	NA
p002	335	Response	101	4909445	5039	1
p002	337	Pulse	255	4920000	95	NA
p002	338	Pulse	255	4950000	9930	NA
p002	339	Response	100	4955206	4970	1
p002	340	Response	101	4958886	3484	1
p002	341	Pulse	255	4980000	14265	NA
p002	343	Response	101	5001366	5301	1
p002	344	Pulse	255	5010000	8435	NA
p002	346	Pulse	255	5040000	7938	NA
p002	347	Response	101	5051366	9138	1
p002	349	Pulse	255	5070000	8107	NA
p002	351	Response	101	5098966	6742	1
p002	352	Pulse	255	5100000	944	NA
p002	354	Pulse	255	5130000	446	NA
p002	355	Response	101	5147445	7725	1
p002	357	Pulse	255	5160000	2115	NA
p002	359	Pulse	255	5190000	1785	NA
p002	359	Response	101	5193206	4991	1
p002	360	Response	100	5196806	3424	1
p002	361	Pulse	255	5220000	16286	NA
p002	363	Response	100	5243686	9641	1
p002	364	Pulse	255	5250000	6123	NA
p002	366	Pulse	255	5280000	5626	NA
p002	367	Response	100	5292966	8425	1
p002	369	Pulse	255	5310000	6628	NA
p002	371	Pulse	255	5340000	6297	NA
p002	371	Response	100	5340086	6383	1
p002	373	Pulse	255	5370000	19466	NA
p002	375	Response	101	5387205	6340	1
p002	377	Pulse	255	5400000	2303	NA
p002	379	Pulse	255	5430000	1972	NA
p002	379	Response	101	5435207	7179	1
p002	381	Pulse	255	5460000	14307	NA
p002	383	Response	100	5482166	6143	1
p002	384	Pulse	255	5490000	7644	NA
p002	386	Pulse	255	5520000	7146	NA
p002	387	Response	100	5531125	8106	1
p002	389	Pulse	255	5550000	8482	NA
p002	391	Response	101	5577526	5678	1
p002	392	Pulse	255	5580000	2319	NA
p002	394	Pulse	255	5610000	1821	NA
p002	395	Response	100	5624725	6381	1
p002	397	Pulse	255	5640000	4824	NA
p002	399	Response	101	5669205	3698	1
p002	400	Pulse	255	5670000	660	NA
p002	402	Pulse	255	5700000	163	NA
p002	403	Response	101	5714565	4562	1
p002	405	Pulse	255	5730000	4998	NA
p002	407	Response	100	5759526	4194	1
p002	408	Pulse	255	5760000	335	NA
p002	409	Pulse	255	5790000	20002	NA
p002	411	Response	101	5803526	3198	1
p002	413	Pulse	255	5820000	6006	NA
p002	415	Response	100	5847925	3600	1
p002	416	Pulse	255	5850000	2009	NA
p002	418	Pulse	255	5880000	1512	NA
p002	419	Response	101	5892005	3351	1
p002	421	Pulse	255	5910000	7514	NA
p002	423	Response	100	5936566	3749	1
p002	424	Pulse	255	5940000	3350	NA
p002	426	Pulse	255	5970000	2853	NA
p002	427	Response	101	5981205	3892	1
p002	429	Pulse	255	6000000	8355	NA
p002	431	Response	101	6027525	5549	1
p002	432	Pulse	255	6030000	2358	NA
p002	434	Pulse	255	6060000	1861	NA
p002	435	Response	101	6074085	5780	1
p002	437	Pulse	255	6090000	5530	NA
p002	439	Pulse	255	6120000	5199	NA
p002	439	Response	101	6121133	6332	1
p002	441	Pulse	255	6150000	18367	NA
p002	443	Response	101	6167445	5481	1
p002	445	Pulse	255	6180000	2038	NA
p002	447	Pulse	255	6210000	1707	NA
p002	447	Response	101	6220645	12352	1
p002	449	Pulse	255	6240000	8876	NA
p002	451	Response	100	6269044	7589	1
p002	452	Pulse	255	6270000	879	NA
p002	453	Response	101	6284964	5511	1
p002	453	Response	100	6294164	14711	1
p002	454	Pulse	255	6300000	382	NA
p002	455	Response	100	6317284	7500	1
p002	457	Pulse	255	6330000	2217	NA
p002	459	Pulse	255	6360000	1887	NA
p002	459	Response	101	6365925	7811	1
p002	461	Pulse	255	6390000	13555	NA
p002	463	Response	101	6412244	5468	1
p002	464	Pulse	255	6420000	7558	NA
p002	466	Pulse	255	6450000	7061	NA
p002	467	Response	100	6462485	9380	1
p002	469	Pulse	255	6480000	7063	NA
p002	471	Response	100	6509684	6416	1
p002	472	Pulse	255	6510000	233	NA
p002	473	Pulse	255	6540000	19901	NA
p002	475	Response	100	6555686	5256	1
p002	477	Pulse	255	6570000	3905	NA
p002	479	Pulse	255	6600000	3574	NA
p002	479	Response	100	6601764	5338	1
p002	480	Response	101	6603444	1519	1
p002	481	Pulse	255	6630000	17742	NA
p002	483	Picture	instruct_trial	6642588	0	1	20998	1	0	next	other	0
p002	483	Pulse	255	6660000	17412	NA
p002	483	Response	101	6663444	20855	1
p002	484	Response	100	6679526	15772	1
p002	486	Pulse	255	6690000	82	NA
p002	487	Pulse	255	6720000	9917	NA
p002	488	Response	100	6730324	10075	1
p002	490	Pulse	255	6750000	9253	NA
p002	492	Pulse	255	6780000	8923	NA
p002	492	Response	101	6785604	14527	1
p002	494	Pulse	255	6810000	13925	NA
p002	496	Response	101	6832484	6079	1
p002	497	Pulse	255	6840000	7428	NA
p002	499	Pulse	255	6870000	6931	NA
p002	500	Response	100	6880484	7249	1
p002	502	Pulse	255	6900000	9100	NA
p002	504	Response	101	6929844	8613	1
p002	505	Pulse	255	6930000	103	NA
p002	506	Pulse	255	6960000	19771	NA
p002	508	Response	100	6980003	9444	1
p002	509	Pulse	255	6990000	9941	NA
p002	511	Pulse	255	7020000	9444	NA
p002	512	Response	101	7029603	8881	1
p002	514	Pulse	255	7050000	9946	NA
p002	516	Response	100	7077923	7539	1
p002	517	Pulse	255	7080000	1949	NA
p002	519	Pulse	255	7110000	1452	NA
p002	520	Response	101	7127922	9209	1
p002	522	Pulse	255	7140000	1621	NA
p002	524	Pulse	255	7170000	1291	NA
p002	524	Response	101	7177606	8896	1
p002	526	Pulse	255	7200000	11959	NA
p002	528	Response	100	7229922	11551	1
p002	528	Pulse	255	7230000	11628	NA
p002	530	Pulse	255	7260000	19630	NA
p002	532	Response	101	7283044	12343	1
p002	533	Pulse	255	7290000	6801	NA
p002	535	Pulse	255	7320000	6303	NA
p002	536	Response	101	7329123	5260	1
p002	538	Pulse	255	7350000	10472	NA
p002	540	Response	100	7375604	5745	1
p002	541	Pulse	255	7380000	4309	NA
p002	543	Pulse	255	7410000	3811	NA
p002	544	Response	101	7421843	5488	1
p002	545	Response	100	7424082	2061	1
p002	545	Response	100	7427042	5022	1
p002	546	Pulse	255	7440000	7647	NA
p002	548	Response	100	7469283	6599	1
p002	549	Pulse	255	7470000	650	NA
p002	551	Pulse	255	7500000	153	NA
p002	552	Response	101	7517203	7190	1
p002	554	Pulse	255	7530000	2322	NA
p002	556	Pulse	255	7560000	1991	NA
p002	556	Response	101	7564562	6553	1
p002	558	Pulse	255	7590000	14993	NA
p002	560	Response	101	7612246	6908	1
p002	561	Pulse	255	7620000	7663	NA
p002	563	Pulse	255	7650000	7165	NA
p002	564	Response	101	7658882	5882	1
p002	566	Pulse	255	7680000	10668	NA
p002	568	Response	100	7705522	5859	1
p002	569	Pulse	255	7710000	4337	NA
p002	571	Pulse	255	7740000	3840	NA
p002	572	Response	100	7752962	6637	1
p002	574	Pulse	255	7770000	6509	NA
p002	576	Response	100	7798242	4420	1
p002	577	Pulse	255	7800000	1679	NA
p002	579	Pulse	255	7830000	1182	NA
p002	580	Response	100	7845604	6620	1
p002	582	Pulse	255	7860000	3851	NA
p002	584	Pulse	255	7890000	3520	NA
p002	584	Response	101	7892563	6083	1
p002	586	Pulse	255	7920000	17021	NA
p002	588	Response	101	7939922	6613	1
p002	589	Pulse	255	7950000	10025	NA
p002	591	Pulse	255	7980000	9527	NA
p002	592	Response	100	7986162	5524	1
p002	594	Pulse	255	8010000	13363	NA
p002	596	Response	100	8032404	5436	1
p002	597	Pulse	255	8040000	7533	NA
p002	599	Pulse	255	8070000	7035	NA
p002	600	Response	101	8079922	6791	1
p002	602	Pulse	255	8100000	9538	NA
p002	604	Response	100	8125925	5132	1
p002	605	Response	101	8128002	1876	1
p002	605	Response	101	8129682	3556	1
p002	605	Pulse	255	8130000	3874	NA
p002	605	Response	101	8130961	4835	1
p002	605	Response	101	8132242	6116	1
p002	605	Response	101	8133601	7475	1
p002	605	Response	101	8134961	8836	1
p002	605	Response	101	8136401	10275	1
p002	606	Response	101	8137761	1302	1
p002	607	Pulse	255	8160000	3377	NA
p002	608	Response	101	8172881	6092	1
p002	610	Pulse	255	8190000	6712	NA
p002	612	Response	101	8219841	6223	1
p002	613	Pulse	255	8220000	49	NA
p002	614	Pulse	255	8250000	19717	NA
p002	616	Response	100	8268642	8028	1
p002	618	Pulse	255	8280000	887	NA
p002	620	Pulse	255	8310000	557	NA
p002	620	Response	100	8316001	6558	1
p002	622	Pulse	255	8340000	13558	NA
p002	624	Response	101	8362081	5309	1
p002	625	Pulse	255	8370000	7728	NA
p002	627	Pulse	255	8400000	7231	NA
p002	628	Response	101	8409042	6107	1
p002	630	Pulse	255	8430000	10566	NA
p002	632	Response	100	8455281	5517	1
p002	633	Pulse	255	8460000	4570	NA
p002	635	Pulse	255	8490000	4072	NA
p002	636	Response	100	8501842	5749	1
p002	638	Pulse	255	8520000	7741	NA
p002	640	Response	100	8548082	5492	1
p002	641	Pulse	255	8550000	1744	NA
p002	643	Pulse	255	8580000	1247	NA
p002	644	Response	101	8594161	5242	1
p002	646	Pulse	255	8610000	5416	NA
p002	648	Pulse	255	8640000	5085	NA
p002	648	Response	101	8640801	5886	1
p002	650	Pulse	255	8670000	18753	NA
p002	652	Response	100	8688481	6903	1
p002	654	Pulse	255	8700000	1091	NA
p002	656	Pulse	255	8730000	760	NA
p002	656	Response	100	8735121	5881	1
p002	658	Pulse	255	8760000	14428	NA
p002	660	Response	100	8780561	4658	1
p002	661	Pulse	255	8790000	9265	NA
p002	663	Pulse	255	8820000	8767	NA
p002	664	Response	100	8827601	6202	1
p002	666	Pulse	255	8850000	11936	NA
p002	668	Response	101	8875121	6726	1
p002	669	Pulse	255	8880000	4773	NA
p002	670	Response	100	8894641	9081	1
p002	670	Response	101	8897041	11481	1
p002	670	Response	100	8900000	14440	1
p002	670	Response	101	8902001	16441	1
p002	671	Pulse	255	8910000	4275	NA
p002	672	Response	100	8921521	5630	1
p002	674	Pulse	255	8940000	7944	NA
p002	674	Response	101	8941520	9464	1
p002	676	Response	101	8968801	6415	1
p002	677	Pulse	255	8970000	1114	NA
p002	679	Pulse	255	9000000	617	NA
p002	680	Response	100	9015282	5733	1
p002	682	Pulse	255	9030000	4286	NA
p002	684	Pulse	255	9060000	3955	NA
p002	684	Response	101	9062560	6516	1
p002	686	Pulse	255	9090000	16957	NA
p002	688	Response	100	9108001	4627	1
p002	690	Pulse	255	9120000	1461	NA
p002	690	Response	101	9123040	4501	1
p002	690	Response	100	9124959	6420	1
p002	690	Response	101	9135280	16741	1
p002	692	Pulse	255	9150000	1130	NA
p002	692	Response	101	9159599	10729	1
p002	693	Response	101	9161365	1662	1
p002	694	Pulse	255	9180000	9965	NA
p002	696	Response	101	9204962	4597	1
p002	697	Pulse	255	9210000	4968	NA
p002	699	Pulse	255	9240000	4471	NA
p002	700	Response	101	9251201	5506	1
p002	702	Pulse	255	9270000	8306	NA
p002	704	Response	100	9297760	5736	1
p002	705	Pulse	255	9300000	2143	NA
p002	707	Pulse	255	9330000	1646	NA
p002	708	Response	101	9344640	6119	1
p002	710	Pulse	255	9360000	4981	NA
p002	712	Pulse	255	9390000	4651	NA
p002	712	Response	101	9390960	5610	1
p002	714	Pulse	255	9420000	18652	NA
p002	716	Response	100	9436960	5281	1
p002	718	Pulse	255	9450000	2656	NA
p002	720	Pulse	255	9480000	2325	NA
p002	720	Response	100	9484720	7045	1
p002	722	Pulse	255	9510000	14827	NA
p002	724	Picture	instruct_trial	9525504	0	1	40163	1	0	next	other	0
p002	724	Pulse	255	9540000	14496	NA
