Scenario - learning_JJ_english
Logfile written - 07/12/2021 13:52:20

Subject	Trial	Event Type	Code	Time	TTime	Uncertainty	Duration	Uncertainty	ReqTime	ReqDur	Stim Type	Pair Index

p003v2	0	Pulse	255	0	0	NA
p003v2	1	Picture	instruct_trial	10333	0	1	516622	1	0	next	other	0
p003v2	1	Pulse	255	30000	19667	NA
p003v2	1	Pulse	255	60000	49667	NA
p003v2	1	Pulse	255	90000	79667	NA
p003v2	1	Pulse	255	120000	109667	NA
p003v2	1	Pulse	255	150000	139667	NA
p003v2	1	Pulse	255	180000	169667	NA
p003v2	1	Pulse	255	210000	199667	NA
p003v2	1	Pulse	255	240000	229667	NA
p003v2	1	Pulse	255	270000	259667	NA
p003v2	1	Pulse	255	300000	289667	NA
p003v2	1	Pulse	255	330000	319667	NA
p003v2	1	Pulse	255	360000	349667	NA
p003v2	1	Pulse	255	390000	379667	NA
p003v2	1	Pulse	255	420000	409667	NA
p003v2	1	Pulse	255	450000	439667	NA
p003v2	1	Pulse	255	480000	469667	NA
p003v2	1	Pulse	255	510000	499667	NA
p003v2	1	Response	101	526835	516502	1
p003v2	1	Pulse	255	540000	529667	NA
p003v2	2	Response	100	567714	27594	1
p003v2	3	Pulse	255	570000	2215	NA
p003v2	5	Pulse	255	600000	1718	NA
p003v2	6	Pulse	255	630000	21552	NA
p003v2	6	Response	101	630114	21666	1
p003v2	8	Pulse	255	660000	19388	NA
p003v2	10	Pulse	255	690000	19058	NA
p003v2	10	Response	101	698034	27092	1
p003v2	12	Pulse	255	720000	11561	NA
p003v2	14	Response	101	746835	8065	1
p003v2	15	Pulse	255	750000	3064	NA
p003v2	17	Pulse	255	780000	2567	NA
p003v2	18	Response	101	795953	8354	1
p003v2	20	Pulse	255	810000	3569	NA
p003v2	22	Pulse	255	840000	3239	NA
p003v2	22	Response	100	851074	14313	1
p003v2	24	Pulse	255	870000	8408	NA
p003v2	26	Response	101	899634	7711	1
p003v2	27	Pulse	255	900000	244	NA
p003v2	28	Pulse	255	930000	19912	NA
p003v2	30	Response	100	946113	5694	1
p003v2	32	Pulse	255	960000	3416	NA
p003v2	34	Pulse	255	990000	3085	NA
p003v2	34	Response	101	992674	5759	1
p003v2	36	Pulse	255	1020000	16920	NA
p003v2	38	Response	101	1039873	6462	1
p003v2	39	Pulse	255	1050000	9923	NA
p003v2	41	Pulse	255	1080000	9426	NA
p003v2	42	Response	101	1089392	8652	1
p003v2	44	Pulse	255	1110000	10095	NA
p003v2	46	Response	100	1136033	5798	1
p003v2	47	Pulse	255	1140000	3765	NA
p003v2	49	Pulse	255	1170000	3267	NA
p003v2	50	Response	101	1183712	6814	1
p003v2	52	Pulse	255	1200000	5770	NA
p003v2	54	Response	100	1229313	4752	1
p003v2	55	Pulse	255	1230000	606	NA
p003v2	57	Pulse	255	1260000	109	NA
p003v2	58	Response	101	1276912	6855	1
p003v2	60	Pulse	255	1290000	2611	NA
p003v2	62	Pulse	255	1320000	2281	NA
p003v2	62	Response	100	1322592	4873	1
p003v2	64	Pulse	255	1350000	16949	NA
p003v2	66	Response	101	1369394	6011	1
p003v2	68	Pulse	255	1380000	119	NA
p003v2	69	Pulse	255	1410000	9954	NA
p003v2	70	Response	100	1419073	8862	1
p003v2	72	Pulse	255	1440000	10457	NA
p003v2	74	Response	101	1467714	7840	1
p003v2	75	Pulse	255	1470000	2127	NA
p003v2	77	Pulse	255	1500000	1630	NA
p003v2	78	Response	101	1518192	9656	1
p003v2	80	Pulse	255	1530000	1299	NA
p003v2	82	Pulse	255	1560000	968	NA
p003v2	82	Response	100	1562512	3480	1
p003v2	84	Pulse	255	1590000	16969	NA
p003v2	86	Response	101	1613393	10032	1
p003v2	87	Pulse	255	1620000	6473	NA
p003v2	89	Pulse	255	1650000	5976	NA
p003v2	90	Response	101	1668992	14802	1
p003v2	92	Pulse	255	1680000	479	NA
p003v2	94	Pulse	255	1710000	148	NA
p003v2	94	Response	100	1719233	9381	1
p003v2	96	Pulse	255	1740000	10316	NA
p003v2	98	Response	101	1767955	7940	1
p003v2	99	Pulse	255	1770000	1986	NA
p003v2	101	Pulse	255	1800000	1489	NA
p003v2	102	Response	101	1818913	10236	1
p003v2	104	Pulse	255	1830000	658	NA
p003v2	106	Pulse	255	1860000	328	NA
p003v2	106	Response	100	1865151	5479	1
p003v2	108	Pulse	255	1890000	14329	NA
p003v2	110	Response	101	1911953	5951	1
p003v2	111	Pulse	255	1920000	7999	NA
p003v2	113	Pulse	255	1950000	7502	NA
p003v2	114	Response	101	1956273	3609	1
p003v2	116	Pulse	255	1980000	13337	NA
p003v2	118	Response	101	2001392	4398	1
p003v2	119	Pulse	255	2010000	8507	NA
p003v2	121	Pulse	255	2040000	8009	NA
p003v2	122	Response	100	2056353	14196	1
p003v2	124	Pulse	255	2070000	3179	NA
p003v2	125	Response	101	2089712	2726	1
p003v2	126	Pulse	255	2100000	2848	NA
p003v2	126	Response	101	2100511	3359	1
p003v2	128	Pulse	255	2130000	19016	NA
p003v2	130	Response	100	2145472	4157	1
p003v2	132	Pulse	255	2160000	4020	NA
p003v2	134	Pulse	255	2190000	3689	NA
p003v2	134	Response	101	2190192	3882	1
p003v2	136	Pulse	255	2220000	19357	NA
p003v2	138	Pulse	255	2250000	19027	NA
p003v2	138	Response	101	2269073	38100	1
p003v2	140	Pulse	255	2280000	531	NA
p003v2	142	Pulse	255	2310000	200	NA
p003v2	142	Response	101	2315793	5993	1
p003v2	144	Pulse	255	2340000	13702	NA
p003v2	146	Response	100	2366273	9644	1
p003v2	147	Pulse	255	2370000	3538	NA
p003v2	149	Pulse	255	2400000	3041	NA
p003v2	150	Response	100	2416990	9865	1
p003v2	152	Pulse	255	2430000	2544	NA
p003v2	154	Pulse	255	2460000	2213	NA
p003v2	154	Response	101	2462991	5204	1
p003v2	156	Pulse	255	2490000	16548	NA
p003v2	158	Response	100	2515712	11929	1
p003v2	159	Pulse	255	2520000	4218	NA
p003v2	161	Pulse	255	2550000	3721	NA
p003v2	162	Pulse	255	2580000	23555	NA
p003v2	162	Response	101	2587473	31027	1
p003v2	164	Pulse	255	2610000	12058	NA
p003v2	166	Pulse	255	2640000	11728	NA
p003v2	166	Response	101	2643395	15123	1
p003v2	168	Pulse	255	2670000	16063	NA
p003v2	170	Pulse	255	2700000	15733	NA
p003v2	170	Response	100	2710592	26324	1
p003v2	172	Pulse	255	2730000	8903	NA
p003v2	174	Response	101	2754910	3482	1
p003v2	175	Pulse	255	2760000	4905	NA
p003v2	177	Pulse	255	2790000	4408	NA
p003v2	178	Response	100	2799792	4034	1
p003v2	180	Pulse	255	2820000	9744	NA
p003v2	182	Response	101	2844512	3925	1
p003v2	183	Pulse	255	2850000	5413	NA
p003v2	185	Pulse	255	2880000	4916	NA
p003v2	186	Response	101	2889312	4062	1
p003v2	188	Pulse	255	2910000	10251	NA
p003v2	190	Response	100	2934272	4193	1
p003v2	191	Pulse	255	2940000	5588	NA
p003v2	193	Pulse	255	2970000	5090	NA
p003v2	194	Response	101	2989550	14475	1
p003v2	195	Pulse	255	3000000	10259	NA
p003v2	197	Pulse	255	3030000	9762	NA
p003v2	198	Response	101	3035231	4827	1
p003v2	200	Pulse	255	3060000	14264	NA
p003v2	202	Response	101	3078751	2684	1
p003v2	204	Pulse	255	3090000	768	NA
p003v2	206	Pulse	255	3120000	437	NA
p003v2	206	Response	101	3126912	7349	1
p003v2	208	Pulse	255	3150000	12605	NA
p003v2	210	Response	100	3176190	8465	1
p003v2	211	Pulse	255	3180000	3609	NA
p003v2	213	Pulse	255	3210000	3111	NA
p003v2	214	Response	100	3219871	2816	1
p003v2	216	Pulse	255	3240000	9613	NA
p003v2	218	Response	100	3265711	4993	1
p003v2	219	Pulse	255	3270000	4117	NA
p003v2	221	Pulse	255	3300000	3619	NA
p003v2	222	Response	100	3309236	2689	1
p003v2	224	Pulse	255	3330000	10288	NA
p003v2	226	Response	101	3353071	3028	1
p003v2	227	Pulse	255	3360000	6791	NA
p003v2	229	Pulse	255	3390000	6294	NA
p003v2	230	Response	101	3397392	3520	1
p003v2	232	Pulse	255	3420000	12129	NA
p003v2	234	Response	100	3440910	2709	1
p003v2	235	Pulse	255	3450000	8965	NA
p003v2	237	Pulse	255	3480000	8468	NA
p003v2	238	Response	101	3484271	2573	1
p003v2	240	Pulse	255	3510000	15303	NA
p003v2	242	Picture	instruct_trial	3525028	0	1	16165	1	0	next	other	0
p003v2	242	Pulse	255	3540000	14972	NA
p003v2	242	Response	100	3540991	15964	1
p003v2	243	Pulse	255	3570000	28640	NA
p003v2	243	Pulse	255	3600000	58640	NA
p003v2	243	Response	101	3618830	77470	1
p003v2	245	Pulse	255	3630000	648	NA
p003v2	247	Pulse	255	3660000	317	NA
p003v2	247	Pulse	255	3690000	30317	NA
p003v2	247	Pulse	255	3720000	60317	NA
p003v2	247	Response	100	3735871	76188	1
p003v2	249	Pulse	255	3750000	3658	NA
p003v2	251	Pulse	255	3780000	3328	NA
p003v2	251	Response	100	3796751	20078	1
p003v2	253	Pulse	255	3810000	2830	NA
p003v2	255	Pulse	255	3840000	2500	NA
p003v2	255	Response	100	3848430	10929	1
p003v2	257	Pulse	255	3870000	11168	NA
p003v2	259	Response	100	3897070	7907	1
p003v2	260	Pulse	255	3900000	2838	NA
p003v2	262	Pulse	255	3930000	2341	NA
p003v2	263	Response	101	3947631	9806	1
p003v2	265	Pulse	255	3960000	1843	NA
p003v2	267	Pulse	255	3990000	1513	NA
p003v2	267	Response	100	3996671	8183	1
p003v2	269	Pulse	255	4020000	12848	NA
p003v2	271	Response	101	4048350	10867	1
p003v2	272	Pulse	255	4050000	1518	NA
p003v2	274	Pulse	255	4080000	1021	NA
p003v2	275	Response	101	4098590	9445	1
p003v2	277	Pulse	255	4110000	1023	NA
p003v2	279	Pulse	255	4140000	692	NA
p003v2	279	Response	100	4144189	4882	1
p003v2	281	Pulse	255	4170000	15360	NA
p003v2	283	Response	101	4188510	3540	1
p003v2	285	Pulse	255	4200000	1031	NA
p003v2	287	Pulse	255	4230000	700	NA
p003v2	287	Response	100	4233150	3850	1
p003v2	289	Pulse	255	4260000	16368	NA
p003v2	291	Response	100	4277550	3588	1
p003v2	293	Pulse	255	4290000	2039	NA
p003v2	295	Pulse	255	4320000	1708	NA
p003v2	295	Response	100	4321869	3577	1
p003v2	297	Pulse	255	4350000	17709	NA
p003v2	299	Response	101	4366432	3811	1
p003v2	301	Pulse	255	4380000	3046	NA
p003v2	303	Pulse	255	4410000	2716	NA
p003v2	303	Response	101	4411470	4185	1
p003v2	305	Pulse	255	4440000	18050	NA
p003v2	306	Response	101	4448271	6156	1
p003v2	307	Response	101	4454990	2709	1
p003v2	309	Pulse	255	4470000	4554	NA
p003v2	311	Pulse	255	4500000	4223	NA
p003v2	311	Response	100	4523069	27293	1
p003v2	312	Pulse	255	4530000	6726	NA
p003v2	314	Pulse	255	4560000	6228	NA
p003v2	315	Response	100	4571949	8012	1
p003v2	317	Pulse	255	4590000	7564	NA
p003v2	319	Pulse	255	4620000	7234	NA
p003v2	319	Response	101	4622989	10223	1
p003v2	321	Pulse	255	4650000	16569	NA
p003v2	323	Response	100	4667790	4028	1
p003v2	325	Pulse	255	4680000	1739	NA
p003v2	326	Response	100	4702188	3763	1
p003v2	327	Pulse	255	4710000	1409	NA
p003v2	327	Response	100	4711389	2797	1
p003v2	329	Pulse	255	4740000	18076	NA
p003v2	331	Response	101	4756108	3854	1
p003v2	333	Pulse	255	4770000	3414	NA
p003v2	335	Pulse	255	4800000	3083	NA
p003v2	335	Response	100	4805868	8951	1
p003v2	337	Pulse	255	4830000	13751	NA
p003v2	339	Response	100	4850750	4170	1
p003v2	340	Pulse	255	4860000	9088	NA
p003v2	342	Pulse	255	4890000	8590	NA
p003v2	343	Response	100	4895469	3893	1
p003v2	345	Pulse	255	4920000	14092	NA
p003v2	347	Response	100	4940032	3794	1
p003v2	348	Pulse	255	4950000	9762	NA
p003v2	349	Response	100	4957870	7299	1
p003v2	350	Pulse	255	4980000	9265	NA
p003v2	351	Response	100	4984509	3608	1
p003v2	353	Pulse	255	5010000	15100	NA
p003v2	355	Response	101	5034108	8878	1
p003v2	356	Pulse	255	5040000	5770	NA
p003v2	358	Pulse	255	5070000	5273	NA
p003v2	359	Response	100	5077548	2655	1
p003v2	361	Pulse	255	5100000	11942	NA
p003v2	363	Response	100	5121949	3560	1
p003v2	364	Pulse	255	5130000	7944	NA
p003v2	366	Response	100	5155469	2916	1
p003v2	366	Pulse	255	5160000	7447	NA
p003v2	367	Response	100	5165309	2590	1
p003v2	369	Pulse	255	5190000	14282	NA
p003v2	371	Response	101	5209626	3578	1
p003v2	372	Pulse	255	5220000	10285	NA
p003v2	374	Pulse	255	5250000	9788	NA
p003v2	375	Response	100	5255946	5569	1
p003v2	377	Pulse	255	5280000	13624	NA
p003v2	379	Response	101	5302589	5882	1
p003v2	380	Pulse	255	5310000	7294	NA
p003v2	382	Pulse	255	5340000	6796	NA
p003v2	383	Response	101	5355869	12500	1
p003v2	385	Pulse	255	5370000	3632	NA
p003v2	387	Pulse	255	5400000	3302	NA
p003v2	387	Response	100	5400510	3812	1
p003v2	389	Pulse	255	5430000	18970	NA
p003v2	391	Response	101	5458188	16827	1
p003v2	392	Pulse	255	5460000	1640	NA
p003v2	394	Pulse	255	5490000	1143	NA
p003v2	395	Response	101	5502829	3806	1
p003v2	397	Pulse	255	5520000	6645	NA
p003v2	399	Response	100	5549548	5862	1
p003v2	400	Pulse	255	5550000	315	NA
p003v2	401	Pulse	255	5580000	19983	NA
p003v2	403	Response	101	5594990	4641	1
p003v2	405	Pulse	255	5610000	4487	NA
p003v2	407	Pulse	255	5640000	4156	NA
p003v2	407	Response	101	5642988	7144	1
p003v2	409	Pulse	255	5670000	16491	NA
p003v2	411	Response	101	5695467	11627	1
p003v2	412	Pulse	255	5700000	4328	NA
p003v2	414	Pulse	255	5730000	3830	NA
p003v2	415	Response	101	5744108	7773	1
p003v2	417	Pulse	255	5760000	5499	NA
p003v2	419	Pulse	255	5790000	5169	NA
p003v2	419	Response	101	5793468	8637	1
p003v2	421	Pulse	255	5820000	16004	NA
p003v2	423	Response	100	5844027	9700	1
p003v2	424	Pulse	255	5850000	5841	NA
p003v2	426	Pulse	255	5880000	5343	NA
p003v2	427	Response	100	5895228	10405	1
p003v2	429	Pulse	255	5910000	4346	NA
p003v2	431	Pulse	255	5940000	4015	NA
p003v2	431	Response	101	5945307	9323	1
p003v2	433	Pulse	255	5970000	14184	NA
p003v2	435	Response	100	5993868	7721	1
p003v2	436	Pulse	255	6000000	6020	NA
p003v2	438	Pulse	255	6030000	5523	NA
p003v2	439	Response	101	6044268	9625	1
p003v2	441	Pulse	255	6060000	5192	NA
p003v2	443	Pulse	255	6090000	4862	NA
p003v2	443	Response	101	6091627	6489	1
p003v2	445	Pulse	255	6120000	17863	NA
p003v2	447	Response	100	6137547	5080	1
p003v2	449	Pulse	255	6150000	2034	NA
p003v2	451	Pulse	255	6180000	1703	NA
p003v2	451	Response	100	6199467	21170	1
p003v2	453	Pulse	255	6210000	39	NA
p003v2	454	Pulse	255	6240000	9874	NA
p003v2	455	Response	100	6260348	20056	1
p003v2	456	Pulse	255	6270000	9543	NA
p003v2	458	Pulse	255	6300000	9046	NA
p003v2	459	Response	100	6314187	13068	1
p003v2	461	Pulse	255	6330000	5382	NA
p003v2	463	Pulse	255	6360000	5052	NA
p003v2	463	Response	100	6361145	6197	1
p003v2	465	Pulse	255	6390000	18386	NA
p003v2	467	Response	101	6407547	5602	1
p003v2	469	Pulse	255	6420000	2057	NA
p003v2	471	Pulse	255	6450000	1726	NA
p003v2	471	Response	100	6454666	6393	1
p003v2	473	Pulse	255	6480000	14895	NA
p003v2	475	Response	101	6501067	5631	1
p003v2	476	Pulse	255	6510000	8731	NA
p003v2	478	Pulse	255	6540000	8234	NA
p003v2	479	Response	100	6546267	4335	1
p003v2	481	Pulse	255	6570000	13236	NA
p003v2	483	Picture	instruct_trial	6587095	0	1	32997	1	0	next	other	0
p003v2	483	Pulse	255	6600000	12905	NA
p003v2	483	Response	101	6620027	32932	1
p003v2	484	Pulse	255	6630000	9741	NA
p003v2	484	Pulse	255	6660000	39741	NA
p003v2	484	Pulse	255	6690000	69741	NA
p003v2	484	Response	101	6695706	75447	1
p003v2	486	Pulse	255	6720000	13915	NA
p003v2	488	Pulse	255	6750000	13585	NA
p003v2	488	Response	101	6774827	38412	1
p003v2	489	Pulse	255	6780000	5088	NA
p003v2	491	Pulse	255	6810000	4591	NA
p003v2	492	Response	101	6829066	13491	1
p003v2	494	Pulse	255	6840000	427	NA
p003v2	496	Pulse	255	6870000	96	NA
p003v2	496	Response	100	6888667	18763	1
p003v2	498	Pulse	255	6900000	932	NA
p003v2	500	Pulse	255	6930000	602	NA
p003v2	500	Response	101	6941066	11668	1
p003v2	502	Pulse	255	6960000	8437	NA
p003v2	504	Response	100	6984986	3092	1
p003v2	505	Pulse	255	6990000	4940	NA
p003v2	507	Pulse	255	7020000	4442	NA
p003v2	508	Response	101	7030507	4784	1
p003v2	510	Pulse	255	7050000	9111	NA
p003v2	511	Response	100	7064347	3294	1
p003v2	512	Response	100	7074027	2807	1
p003v2	513	Pulse	255	7080000	5781	NA
p003v2	515	Pulse	255	7110000	5283	NA
p003v2	516	Response	100	7122907	8025	1
p003v2	518	Pulse	255	7140000	6619	NA
p003v2	520	Response	101	7167147	3436	1
p003v2	521	Pulse	255	7170000	2789	NA
p003v2	523	Pulse	255	7200000	2292	NA
p003v2	524	Pulse	255	7230000	22126	NA
p003v2	524	Response	100	7245626	37752	1
p003v2	526	Pulse	255	7260000	3963	NA
p003v2	528	Pulse	255	7290000	3633	NA
p003v2	528	Response	101	7293867	7499	1
p003v2	530	Pulse	255	7320000	15634	NA
p003v2	532	Response	100	7347866	13169	1
p003v2	533	Pulse	255	7350000	1971	NA
p003v2	535	Pulse	255	7380000	1474	NA
p003v2	536	Response	100	7398346	9654	1
p003v2	538	Pulse	255	7410000	1143	NA
p003v2	540	Pulse	255	7440000	813	NA
p003v2	540	Response	101	7449867	10679	1
p003v2	542	Pulse	255	7470000	9648	NA
p003v2	544	Pulse	255	7500000	9317	NA
p003v2	544	Response	101	7508746	18063	1
p003v2	546	Pulse	255	7530000	10819	NA
p003v2	548	Response	101	7557068	7556	1
p003v2	549	Pulse	255	7560000	2823	NA
p003v2	551	Pulse	255	7590000	2325	NA
p003v2	552	Pulse	255	7620000	22160	NA
p003v2	552	Response	100	7623306	25466	1
p003v2	554	Pulse	255	7650000	16163	NA
p003v2	556	Response	100	7672185	8017	1
p003v2	557	Pulse	255	7680000	7666	NA
p003v2	559	Pulse	255	7710000	7169	NA
p003v2	560	Response	100	7719785	6788	1
p003v2	562	Pulse	255	7740000	9671	NA
p003v2	564	Response	100	7766347	5687	1
p003v2	565	Pulse	255	7770000	3508	NA
p003v2	567	Pulse	255	7800000	3010	NA
p003v2	568	Response	100	7812186	5031	1
p003v2	570	Pulse	255	7830000	7346	NA
p003v2	572	Response	100	7859065	6080	1
p003v2	573	Pulse	255	7860000	849	NA
p003v2	575	Pulse	255	7890000	352	NA
p003v2	576	Response	100	7902426	2612	1
p003v2	578	Pulse	255	7920000	7187	NA
p003v2	580	Response	100	7946425	3281	1
p003v2	581	Pulse	255	7950000	3523	NA
p003v2	583	Pulse	255	7980000	3026	NA
p003v2	584	Response	100	7993465	6326	1
p003v2	586	Pulse	255	8010000	6028	NA
p003v2	588	Response	100	8039704	5402	1
p003v2	589	Pulse	255	8040000	198	NA
p003v2	590	Pulse	255	8070000	19866	NA
p003v2	592	Response	101	8083546	3081	1
p003v2	594	Pulse	255	8100000	6036	NA
p003v2	596	Response	101	8128025	3731	1
p003v2	597	Pulse	255	8130000	1872	NA
p003v2	599	Pulse	255	8160000	1375	NA
p003v2	599	Response	101	8164026	5401	1
p003v2	600	Response	101	8172504	3714	1
p003v2	602	Pulse	255	8190000	7044	NA
p003v2	604	Response	100	8218666	5379	1
p003v2	605	Pulse	255	8220000	1214	NA
p003v2	607	Pulse	255	8250000	716	NA
p003v2	608	Response	101	8263384	3935	1
p003v2	610	Pulse	255	8280000	6218	NA
p003v2	612	Response	100	8307386	3273	1
p003v2	613	Pulse	255	8310000	2555	NA
p003v2	615	Pulse	255	8340000	2057	NA
p003v2	616	Response	101	8353865	5756	1
p003v2	618	Pulse	255	8370000	5726	NA
p003v2	620	Pulse	255	8400000	5396	NA
p003v2	620	Response	101	8400824	6220	1
p003v2	622	Pulse	255	8430000	18730	NA
p003v2	624	Response	100	8448826	7225	1
p003v2	626	Pulse	255	8460000	734	NA
p003v2	628	Pulse	255	8490000	404	NA
p003v2	628	Response	101	8495305	5709	1
p003v2	630	Pulse	255	8520000	14239	NA
p003v2	632	Response	101	8542504	6412	1
p003v2	633	Pulse	255	8550000	7408	NA
p003v2	635	Pulse	255	8580000	6911	NA
p003v2	636	Response	101	8587704	4449	1
p003v2	638	Pulse	255	8610000	11913	NA
p003v2	640	Response	101	8634504	6087	1
p003v2	641	Pulse	255	8640000	5416	NA
p003v2	643	Pulse	255	8670000	4919	NA
p003v2	644	Response	100	8683065	7818	1
p003v2	646	Pulse	255	8700000	6422	NA
p003v2	648	Response	101	8728345	4435	1
p003v2	649	Pulse	255	8730000	1591	NA
p003v2	651	Pulse	255	8760000	1094	NA
p003v2	652	Response	101	8776424	7352	1
p003v2	654	Pulse	255	8790000	3096	NA
p003v2	656	Pulse	255	8820000	2766	NA
p003v2	656	Response	101	8820585	3350	1
p003v2	658	Pulse	255	8850000	18933	NA
p003v2	660	Response	100	8869624	8227	1
p003v2	661	Pulse	255	8880000	10270	NA
p003v2	663	Pulse	255	8910000	9773	NA
p003v2	664	Response	101	8917385	6992	1
p003v2	666	Pulse	255	8940000	12109	NA
p003v2	668	Response	101	8962504	4282	1
p003v2	669	Pulse	255	8970000	7445	NA
p003v2	671	Pulse	255	9000000	6948	NA
p003v2	672	Response	100	9012504	9286	1
p003v2	674	Pulse	255	9030000	7117	NA
p003v2	676	Pulse	255	9060000	6786	NA
p003v2	676	Response	100	9063864	10650	1
p003v2	678	Pulse	255	9090000	15621	NA
p003v2	680	Response	101	9110905	6195	1
p003v2	681	Pulse	255	9120000	8958	NA
p003v2	683	Pulse	255	9150000	8460	NA
p003v2	684	Response	100	9155305	3599	1
p003v2	686	Pulse	255	9180000	14296	NA
p003v2	688	Response	101	9203704	7669	1
p003v2	689	Pulse	255	9210000	6133	NA
p003v2	691	Pulse	255	9240000	5635	NA
p003v2	692	Response	100	9251944	7414	1
p003v2	694	Pulse	255	9270000	7638	NA
p003v2	696	Response	100	9298984	6291	1
p003v2	697	Pulse	255	9300000	807	NA
p003v2	699	Pulse	255	9330000	310	NA
p003v2	700	Response	100	9355463	15608	1
p003v2	701	Pulse	255	9360000	4479	NA
p003v2	703	Pulse	255	9390000	3982	NA
p003v2	704	Response	101	9404264	8080	1
p003v2	706	Pulse	255	9420000	5318	NA
p003v2	708	Pulse	255	9450000	4987	NA
p003v2	708	Response	100	9450425	5412	1
p003v2	710	Pulse	255	9480000	19155	NA
p003v2	712	Response	100	9498024	6848	1
p003v2	714	Pulse	255	9510000	1492	NA
p003v2	716	Pulse	255	9540000	1162	NA
p003v2	716	Response	101	9543303	4465	1
p003v2	718	Pulse	255	9570000	16163	NA
p003v2	720	Response	100	9587864	3696	1
p003v2	722	Pulse	255	9600000	1667	NA
p003v2	724	Picture	instruct_trial	9628664	0	1	40163	1	0	next	other	0
p003v2	724	Pulse	255	9630000	1336	NA
p003v2	724	Pulse	255	9660000	31336	NA
