Scenario - learning_JJ_english
Logfile written - 07/16/2021 12:39:08

Subject	Trial	Event Type	Code	Time	TTime	Uncertainty	Duration	Uncertainty	ReqTime	ReqDur	Stim Type	Pair Index

p004v2	0	Pulse	255	0	0	NA
p004v2	1	Picture	instruct_trial	10333	0	1	437129	1	0	next	other	0
p004v2	1	Pulse	255	30000	19667	NA
p004v2	1	Pulse	255	60000	49667	NA
p004v2	1	Pulse	255	90000	79667	NA
p004v2	1	Pulse	255	120000	109667	NA
p004v2	1	Pulse	255	150000	139667	NA
p004v2	1	Pulse	255	180000	169667	NA
p004v2	1	Pulse	255	210000	199667	NA
p004v2	1	Pulse	255	240000	229667	NA
p004v2	1	Pulse	255	270000	259667	NA
p004v2	1	Pulse	255	300000	289667	NA
p004v2	1	Pulse	255	330000	319667	NA
p004v2	1	Pulse	255	360000	349667	NA
p004v2	1	Pulse	255	390000	379667	NA
p004v2	1	Pulse	255	420000	409667	NA
p004v2	1	Response	101	447325	436992	1
p004v2	1	Pulse	255	450000	439667	NA
p004v2	2	Response	100	472447	22319	1
p004v2	3	Pulse	255	480000	7374	NA
p004v2	5	Pulse	255	510000	6877	NA
p004v2	6	Response	101	517326	4037	1
p004v2	8	Pulse	255	540000	12212	NA
p004v2	10	Response	100	562607	4489	1
p004v2	11	Pulse	255	570000	7215	NA
p004v2	13	Pulse	255	600000	6718	NA
p004v2	14	Response	101	609167	5719	1
p004v2	16	Pulse	255	630000	10387	NA
p004v2	18	Response	100	658928	8984	1
p004v2	19	Pulse	255	660000	890	NA
p004v2	21	Pulse	255	690000	393	NA
p004v2	22	Response	100	705086	5313	1
p004v2	24	Pulse	255	720000	4395	NA
p004v2	26	Response	101	749965	4030	1
p004v2	26	Pulse	255	750000	4064	NA
p004v2	28	Pulse	255	780000	19566	NA
p004v2	30	Response	101	798366	7601	1
p004v2	32	Pulse	255	810000	1237	NA
p004v2	34	Pulse	255	840000	906	NA
p004v2	34	Response	100	847405	8311	1
p004v2	36	Pulse	255	870000	12074	NA
p004v2	38	Response	100	891327	3071	1
p004v2	39	Pulse	255	900000	8577	NA
p004v2	41	Pulse	255	930000	8080	NA
p004v2	42	Response	100	941566	9480	1
p004v2	44	Pulse	255	960000	7916	NA
p004v2	46	Pulse	255	990000	7585	NA
p004v2	46	Response	100	990286	7871	1
p004v2	48	Pulse	255	1020000	19253	NA
p004v2	50	Response	101	1035406	4328	1
p004v2	52	Pulse	255	1050000	4090	NA
p004v2	54	Response	100	1079806	3566	1
p004v2	55	Pulse	255	1080000	93	NA
p004v2	56	Pulse	255	1110000	19761	NA
p004v2	58	Response	100	1124765	4195	1
p004v2	60	Pulse	255	1140000	4765	NA
p004v2	62	Response	101	1169645	4079	1
p004v2	63	Pulse	255	1170000	268	NA
p004v2	64	Pulse	255	1200000	19935	NA
p004v2	66	Response	100	1214767	4372	1
p004v2	68	Pulse	255	1230000	4773	NA
p004v2	70	Pulse	255	1260000	4442	NA
p004v2	70	Response	100	1265325	9767	1
p004v2	72	Pulse	255	1290000	14277	NA
p004v2	74	Response	101	1312450	6396	1
p004v2	75	Pulse	255	1320000	7447	NA
p004v2	77	Pulse	255	1350000	6950	NA
p004v2	78	Response	101	1358685	5469	1
p004v2	80	Pulse	255	1380000	10785	NA
p004v2	82	Pulse	255	1410000	10455	NA
p004v2	82	Response	100	1437166	37620	1
p004v2	83	Pulse	255	1440000	2625	NA
p004v2	85	Pulse	255	1470000	2127	NA
p004v2	86	Response	101	1484846	6808	1
p004v2	88	Pulse	255	1500000	4630	NA
p004v2	90	Response	100	1528685	2983	1
p004v2	91	Pulse	255	1530000	1132	NA
p004v2	93	Pulse	255	1560000	635	NA
p004v2	94	Response	100	1572844	3314	1
p004v2	96	Pulse	255	1590000	6637	NA
p004v2	98	Pulse	255	1620000	6306	NA
p004v2	98	Response	100	1623405	9711	1
p004v2	100	Pulse	255	1650000	16142	NA
p004v2	102	Response	101	1666526	2336	1
p004v2	104	Pulse	255	1680000	2979	NA
p004v2	106	Pulse	255	1710000	2648	NA
p004v2	106	Response	101	1711646	4294	1
p004v2	108	Pulse	255	1740000	17816	NA
p004v2	110	Response	100	1759804	7289	1
p004v2	111	Pulse	255	1770000	9986	NA
p004v2	113	Pulse	255	1800000	9489	NA
p004v2	114	Response	101	1806850	6172	1
p004v2	116	Pulse	255	1830000	12658	NA
p004v2	118	Response	100	1853883	6210	1
p004v2	119	Pulse	255	1860000	5994	NA
p004v2	121	Pulse	255	1890000	5497	NA
p004v2	122	Response	101	1903885	9216	1
p004v2	124	Pulse	255	1920000	5666	NA
p004v2	126	Response	101	1949005	4340	1
p004v2	127	Pulse	255	1950000	836	NA
p004v2	129	Pulse	255	1980000	338	NA
p004v2	130	Response	101	1999326	9499	1
p004v2	132	Pulse	255	2010000	174	NA
p004v2	133	Pulse	255	2040000	10009	NA
p004v2	134	Response	100	2048206	8050	1
p004v2	136	Pulse	255	2070000	11345	NA
p004v2	138	Response	101	2092204	3219	1
p004v2	139	Pulse	255	2100000	7681	NA
p004v2	141	Pulse	255	2130000	7184	NA
p004v2	142	Response	101	2140685	7704	1
p004v2	144	Pulse	255	2160000	8853	NA
p004v2	146	Response	101	2186045	4567	1
p004v2	147	Pulse	255	2190000	3856	NA
p004v2	149	Pulse	255	2220000	3359	NA
p004v2	150	Response	101	2231645	4838	1
p004v2	152	Pulse	255	2250000	7861	NA
p004v2	154	Response	100	2275004	2534	1
p004v2	155	Pulse	255	2280000	4864	NA
p004v2	157	Pulse	255	2310000	4367	NA
p004v2	158	Response	101	2320364	4565	1
p004v2	160	Pulse	255	2340000	9202	NA
p004v2	162	Response	100	2364444	3316	1
p004v2	163	Pulse	255	2370000	5372	NA
p004v2	165	Pulse	255	2400000	4874	NA
p004v2	166	Response	100	2408044	2752	1
p004v2	168	Pulse	255	2430000	11543	NA
p004v2	170	Response	100	2452763	3976	1
p004v2	171	Pulse	255	2460000	7046	NA
p004v2	173	Pulse	255	2490000	6549	NA
p004v2	174	Response	100	2497004	3386	1
p004v2	176	Pulse	255	2520000	12551	NA
p004v2	178	Response	100	2539003	1223	1
p004v2	180	Pulse	255	2550000	555	NA
p004v2	182	Pulse	255	2580000	224	NA
p004v2	182	Response	100	2583404	3627	1
p004v2	184	Pulse	255	2610000	16058	NA
p004v2	186	Response	100	2631403	7130	1
p004v2	187	Pulse	255	2640000	8395	NA
p004v2	189	Pulse	255	2670000	7898	NA
p004v2	190	Response	100	2674604	2335	1
p004v2	192	Pulse	255	2700000	14900	NA
p004v2	194	Response	100	2718765	3333	1
p004v2	196	Pulse	255	2730000	737	NA
p004v2	198	Pulse	255	2760000	406	NA
p004v2	198	Response	100	2762283	2690	1
p004v2	200	Pulse	255	2790000	17241	NA
p004v2	202	Response	100	2806203	3113	1
p004v2	204	Pulse	255	2820000	3411	NA
p004v2	206	Response	100	2849723	2803	1
p004v2	207	Pulse	255	2850000	81	NA
p004v2	208	Pulse	255	2880000	19748	NA
p004v2	210	Response	100	2893562	2980	1
p004v2	212	Response	100	2909802	5721	1
p004v2	212	Pulse	255	2910000	5919	NA
p004v2	214	Response	100	2936443	2031	1
p004v2	215	Pulse	255	2940000	3421	NA
p004v2	217	Pulse	255	2970000	2924	NA
p004v2	218	Response	100	2980203	2961	1
p004v2	220	Pulse	255	3000000	9259	NA
p004v2	222	Response	100	3021963	892	1
p004v2	223	Pulse	255	3030000	7929	NA
p004v2	225	Pulse	255	3060000	7432	NA
p004v2	226	Response	100	3065484	2750	1
p004v2	228	Pulse	255	3090000	14100	NA
p004v2	230	Response	100	3115643	9412	1
p004v2	231	Pulse	255	3120000	4270	NA
p004v2	233	Pulse	255	3150000	3773	NA
p004v2	234	Response	100	3167884	11491	1
p004v2	236	Pulse	255	3180000	1609	NA
p004v2	238	Pulse	255	3210000	1278	NA
p004v2	238	Response	100	3212923	4201	1
p004v2	240	Response	100	3229163	5776	1
p004v2	240	Pulse	255	3240000	16613	NA
p004v2	241	Response	100	3246763	3211	1
p004v2	242	Picture	instruct_trial	3253718	0	1	3000	1	0	next	other	0
p004v2	242	Response	100	3256604	2886	1
p004v2	243	Response	100	3265962	9078	1
p004v2	244	Pulse	255	3270000	3950	NA
p004v2	246	Pulse	255	3300000	3453	NA
p004v2	246	Response	101	3306044	9496	1
p004v2	247	Response	101	3311002	4289	1
p004v2	249	Pulse	255	3330000	8455	NA
p004v2	251	Response	100	3356044	4168	1
p004v2	252	Pulse	255	3360000	3791	NA
p004v2	254	Pulse	255	3390000	3294	NA
p004v2	255	Response	100	3400761	3890	1
p004v2	257	Pulse	255	3420000	8796	NA
p004v2	259	Response	100	3444603	3068	1
p004v2	260	Pulse	255	3450000	5299	NA
p004v2	262	Pulse	255	3480000	4802	NA
p004v2	263	Response	100	3487882	2518	1
p004v2	265	Pulse	255	3510000	11637	NA
p004v2	267	Response	100	3533401	4708	1
p004v2	268	Pulse	255	3540000	6473	NA
p004v2	270	Pulse	255	3570000	5976	NA
p004v2	271	Response	100	3575643	1453	1
p004v2	273	Pulse	255	3600000	13978	NA
p004v2	274	Response	100	3615321	9134	1
p004v2	275	Response	100	3619163	2811	1
p004v2	277	Pulse	255	3630000	315	NA
p004v2	278	Response	100	3659482	9632	1
p004v2	278	Pulse	255	3660000	10150	NA
p004v2	279	Response	100	3666602	6586	1
p004v2	281	Pulse	255	3690000	12986	NA
p004v2	283	Response	100	3709962	2617	1
p004v2	284	Pulse	255	3720000	9989	NA
p004v2	286	Pulse	255	3750000	9491	NA
p004v2	287	Response	100	3752604	1929	1
p004v2	289	Pulse	255	3780000	16993	NA
p004v2	291	Response	100	3796121	2784	1
p004v2	293	Pulse	255	3810000	3497	NA
p004v2	295	Response	100	3838604	1770	1
p004v2	296	Pulse	255	3840000	1333	NA
p004v2	298	Pulse	255	3870000	836	NA
p004v2	299	Response	101	3883482	4152	1
p004v2	301	Pulse	255	3900000	6005	NA
p004v2	303	Pulse	255	3930000	5674	NA
p004v2	303	Response	100	3931242	6916	1
p004v2	305	Pulse	255	3960000	18342	NA
p004v2	307	Response	101	3975401	3413	1
p004v2	309	Pulse	255	3990000	4179	NA
p004v2	311	Pulse	255	4020000	3849	NA
p004v2	311	Response	101	4022203	6052	1
p004v2	313	Pulse	255	4050000	17350	NA
p004v2	315	Response	100	4067402	4422	1
p004v2	317	Pulse	255	4080000	2187	NA
p004v2	319	Pulse	255	4110000	1857	NA
p004v2	319	Response	101	4111882	3739	1
p004v2	321	Pulse	255	4140000	17691	NA
p004v2	323	Response	100	4157643	5003	1
p004v2	325	Pulse	255	4170000	1862	NA
p004v2	327	Pulse	255	4200000	1531	NA
p004v2	327	Response	100	4204042	5573	1
p004v2	329	Pulse	255	4230000	15533	NA
p004v2	331	Response	101	4249401	4603	1
p004v2	333	Pulse	255	4260000	203	NA
p004v2	334	Pulse	255	4290000	10038	NA
p004v2	335	Response	100	4292602	2474	1
p004v2	337	Pulse	255	4320000	16874	NA
p004v2	339	Response	100	4338602	5145	1
p004v2	341	Pulse	255	4350000	878	NA
p004v2	343	Pulse	255	4380000	547	NA
p004v2	343	Response	100	4387959	8506	1
p004v2	345	Pulse	255	4410000	11548	NA
p004v2	347	Response	100	4435402	6619	1
p004v2	348	Pulse	255	4440000	4385	NA
p004v2	350	Pulse	255	4470000	3888	NA
p004v2	351	Response	101	4482521	6243	1
p004v2	353	Pulse	255	4500000	7057	NA
p004v2	355	Response	101	4527641	4367	1
p004v2	356	Pulse	255	4530000	2226	NA
p004v2	358	Pulse	255	4560000	1729	NA
p004v2	359	Response	101	4574762	6325	1
p004v2	361	Pulse	255	4590000	4731	NA
p004v2	363	Pulse	255	4620000	4401	NA
p004v2	363	Response	100	4621564	5965	1
p004v2	365	Pulse	255	4650000	17902	NA
p004v2	367	Response	101	4672601	10172	1
p004v2	368	Pulse	255	4680000	7239	NA
p004v2	370	Pulse	255	4710000	6742	NA
p004v2	371	Response	100	4721401	7977	1
p004v2	373	Pulse	255	4740000	8077	NA
p004v2	375	Pulse	255	4770000	7747	NA
p004v2	375	Response	101	4772441	10188	1
p004v2	377	Pulse	255	4800000	17082	NA
p004v2	379	Response	101	4818681	5432	1
p004v2	381	Pulse	255	4830000	919	NA
p004v2	383	Pulse	255	4860000	589	NA
p004v2	383	Response	100	4871720	12308	1
p004v2	385	Pulse	255	4890000	7757	NA
p004v2	387	Response	100	4919722	7149	1
p004v2	388	Pulse	255	4920000	94	NA
p004v2	389	Pulse	255	4950000	19761	NA
p004v2	391	Response	101	4964842	4273	1
p004v2	393	Pulse	255	4980000	4765	NA
p004v2	395	Pulse	255	5010000	4435	NA
p004v2	395	Response	100	5012121	6556	1
p004v2	397	Pulse	255	5040000	17436	NA
p004v2	399	Response	101	5056360	3465	1
p004v2	401	Pulse	255	5070000	3107	NA
p004v2	403	Pulse	255	5100000	2776	NA
p004v2	403	Response	101	5103641	6416	1
p004v2	405	Pulse	255	5130000	15944	NA
p004v2	407	Response	100	5152442	8055	1
p004v2	408	Pulse	255	5160000	7447	NA
p004v2	410	Pulse	255	5190000	6950	NA
p004v2	411	Response	101	5204280	11064	1
p004v2	413	Pulse	255	5220000	5286	NA
p004v2	415	Pulse	255	5250000	4955	NA
p004v2	415	Response	101	5254600	9555	1
p004v2	417	Pulse	255	5280000	14957	NA
p004v2	419	Response	101	5301801	6428	1
p004v2	420	Pulse	255	5310000	8135	NA
p004v2	422	Pulse	255	5340000	7630	NA
p004v2	423	Response	100	5346522	3986	1
p004v2	425	Pulse	255	5370000	12965	NA
p004v2	427	Response	100	5393722	6356	1
p004v2	428	Pulse	255	5400000	6135	NA
p004v2	430	Pulse	255	5430000	5638	NA
p004v2	431	Response	101	5438200	3672	1
p004v2	433	Pulse	255	5460000	11306	NA
p004v2	435	Response	100	5483721	4696	1
p004v2	436	Pulse	255	5490000	6143	NA
p004v2	438	Pulse	255	5520000	5645	NA
p004v2	439	Response	101	5526840	2320	1
p004v2	441	Pulse	255	5550000	12647	NA
p004v2	443	Response	101	5570041	2357	1
p004v2	444	Pulse	255	5580000	9817	NA
p004v2	446	Pulse	255	5610000	9320	NA
p004v2	447	Response	100	5613001	2155	1
p004v2	449	Pulse	255	5640000	16488	NA
p004v2	451	Response	101	5657240	3397	1
p004v2	453	Pulse	255	5670000	2325	NA
p004v2	455	Pulse	255	5700000	1995	NA
p004v2	455	Response	100	5701719	3713	1
p004v2	457	Pulse	255	5730000	17829	NA
p004v2	459	Response	100	5745240	2739	1
p004v2	461	Pulse	255	5760000	4333	NA
p004v2	463	Response	101	5788199	2202	1
p004v2	464	Pulse	255	5790000	1669	NA
p004v2	466	Pulse	255	5820000	1172	NA
p004v2	467	Response	101	5832201	3207	1
p004v2	469	Pulse	255	5850000	7341	NA
p004v2	471	Response	101	5876921	3931	1
p004v2	472	Pulse	255	5880000	3010	NA
p004v2	474	Pulse	255	5910000	2513	NA
p004v2	475	Response	100	5920519	2867	1
p004v2	477	Pulse	255	5940000	9015	NA
p004v2	479	Response	101	5963479	2163	1
p004v2	480	Pulse	255	5970000	6351	NA
p004v2	482	Pulse	255	6000000	5854	NA
p004v2	483	Picture	instruct_trial	6004312	0	1	650277	1	0	next	other	0
p004v2	483	Pulse	255	6030000	25688	NA
p004v2	483	Pulse	255	6060000	55688	NA
p004v2	483	Pulse	255	6090000	85688	NA
p004v2	483	Pulse	255	6120000	115688	NA
p004v2	483	Pulse	255	6150000	145688	NA
p004v2	483	Pulse	255	6180000	175688	NA
p004v2	483	Pulse	255	6210000	205688	NA
p004v2	483	Pulse	255	6240000	235688	NA
p004v2	483	Pulse	255	6270000	265688	NA
p004v2	483	Pulse	255	6300000	295688	NA
p004v2	483	Pulse	255	6330000	325688	NA
p004v2	483	Pulse	255	6360000	355688	NA
p004v2	483	Pulse	255	6390000	385688	NA
p004v2	483	Pulse	255	6420000	415688	NA
p004v2	483	Pulse	255	6450000	445688	NA
p004v2	483	Pulse	255	6480000	475688	NA
p004v2	483	Pulse	255	6510000	505688	NA
p004v2	483	Pulse	255	6540000	535688	NA
p004v2	483	Pulse	255	6570000	565688	NA
p004v2	483	Pulse	255	6600000	595688	NA
p004v2	483	Pulse	255	6630000	625688	NA
p004v2	483	Response	101	6654439	650127	1
p004v2	484	Pulse	255	6660000	5245	NA
p004v2	484	Response	101	6667640	12884	1
p004v2	486	Pulse	255	6690000	11913	NA
p004v2	488	Response	101	6718198	9781	1
p004v2	489	Pulse	255	6720000	1750	NA
p004v2	491	Pulse	255	6750000	1253	NA
p004v2	492	Response	100	6765079	6166	1
p004v2	494	Pulse	255	6780000	4422	NA
p004v2	496	Pulse	255	6810000	4091	NA
p004v2	496	Response	100	6811159	5250	1
p004v2	498	Pulse	255	6840000	18426	NA
p004v2	500	Response	100	6855958	4053	1
p004v2	502	Pulse	255	6870000	3596	NA
p004v2	504	Pulse	255	6900000	3266	NA
p004v2	504	Response	100	6901638	4903	1
p004v2	506	Pulse	255	6930000	17934	NA
p004v2	508	Response	101	6945881	3484	1
p004v2	510	Pulse	255	6960000	3604	NA
p004v2	512	Pulse	255	6990000	3273	NA
p004v2	512	Response	100	6992919	6192	1
p004v2	514	Pulse	255	7020000	16608	NA
p004v2	516	Response	101	7038918	5196	1
p004v2	518	Pulse	255	7050000	612	NA
p004v2	520	Pulse	255	7080000	282	NA
p004v2	520	Response	100	7085398	5679	1
p004v2	522	Pulse	255	7110000	14116	NA
p004v2	524	Response	101	7130600	4385	1
p004v2	525	Pulse	255	7140000	9286	NA
p004v2	527	Pulse	255	7170000	8789	NA
p004v2	528	Response	101	7178518	7141	1
p004v2	530	Pulse	255	7200000	10958	NA
p004v2	532	Response	100	7223158	3785	1
p004v2	533	Pulse	255	7230000	6794	NA
p004v2	535	Pulse	255	7260000	6297	NA
p004v2	536	Response	100	7270998	7129	1
p004v2	538	Pulse	255	7290000	8466	NA
p004v2	540	Response	100	7319317	7452	1
p004v2	541	Pulse	255	7320000	469	NA
p004v2	542	Pulse	255	7350000	20137	NA
p004v2	544	Response	101	7366519	6325	1
p004v2	546	Pulse	255	7380000	2974	NA
p004v2	548	Pulse	255	7410000	2643	NA
p004v2	548	Response	101	7414119	6762	1
p004v2	550	Pulse	255	7440000	15478	NA
p004v2	552	Response	100	7461479	6626	1
p004v2	553	Pulse	255	7470000	8315	NA
p004v2	555	Pulse	255	7500000	7817	NA
p004v2	556	Response	101	7507478	5130	1
p004v2	558	Pulse	255	7530000	11986	NA
p004v2	560	Response	100	7555478	7134	1
p004v2	561	Pulse	255	7560000	4323	NA
p004v2	563	Pulse	255	7590000	3826	NA
p004v2	564	Response	100	7599158	2818	1
p004v2	566	Pulse	255	7620000	10328	NA
p004v2	568	Response	101	7645238	5235	1
p004v2	569	Pulse	255	7650000	4664	NA
p004v2	571	Pulse	255	7680000	4167	NA
p004v2	572	Response	101	7694838	8838	1
p004v2	574	Pulse	255	7710000	4669	NA
p004v2	576	Pulse	255	7740000	4338	NA
p004v2	576	Response	100	7743078	7417	1
p004v2	578	Pulse	255	7770000	16507	NA
p004v2	580	Response	101	7787958	4134	1
p004v2	582	Pulse	255	7800000	1511	NA
p004v2	584	Pulse	255	7830000	1180	NA
p004v2	584	Response	100	7833397	4577	1
p004v2	586	Pulse	255	7860000	16181	NA
p004v2	588	Response	101	7880517	6367	1
p004v2	589	Pulse	255	7890000	9351	NA
p004v2	591	Pulse	255	7920000	8854	NA
p004v2	592	Response	101	7925397	4085	1
p004v2	594	Pulse	255	7950000	14189	NA
p004v2	596	Response	100	7976517	10375	1
p004v2	597	Pulse	255	7980000	3359	NA
p004v2	599	Pulse	255	8010000	2862	NA
p004v2	600	Response	100	8023557	6254	1
p004v2	602	Pulse	255	8040000	6031	NA
p004v2	604	Pulse	255	8070000	5700	NA
p004v2	604	Response	101	8071556	7256	1
p004v2	606	Pulse	255	8100000	18035	NA
p004v2	608	Response	100	8116597	4302	1
p004v2	610	Pulse	255	8130000	2873	NA
p004v2	612	Pulse	255	8160000	2542	NA
p004v2	612	Response	100	8162517	5059	1
p004v2	614	Pulse	255	8190000	17043	NA
p004v2	616	Response	101	8208837	5550	1
p004v2	618	Pulse	255	8220000	714	NA
p004v2	620	Pulse	255	8250000	383	NA
p004v2	620	Response	101	8254676	5060	1
p004v2	622	Pulse	255	8280000	14885	NA
p004v2	624	Response	100	8299876	4430	1
p004v2	625	Pulse	255	8310000	10054	NA
p004v2	627	Pulse	255	8340000	9557	NA
p004v2	628	Response	100	8361876	21267	1
p004v2	629	Pulse	255	8370000	8060	NA
p004v2	631	Pulse	255	8400000	7562	NA
p004v2	632	Response	101	8408437	5833	1
p004v2	634	Pulse	255	8430000	11065	NA
p004v2	636	Response	101	8452757	3491	1
p004v2	637	Pulse	255	8460000	7068	NA
p004v2	639	Pulse	255	8490000	6570	NA
p004v2	640	Response	101	8501717	8121	1
p004v2	642	Pulse	255	8520000	7739	NA
p004v2	644	Response	100	8549717	7126	1
p004v2	645	Pulse	255	8550000	76	NA
p004v2	646	Pulse	255	8580000	19743	NA
p004v2	648	Response	100	8594196	3609	1
p004v2	650	Pulse	255	8610000	5414	NA
p004v2	652	Response	101	8638995	4079	1
p004v2	653	Pulse	255	8640000	917	NA
p004v2	655	Pulse	255	8670000	420	NA
p004v2	656	Response	101	8683077	3331	1
p004v2	658	Pulse	255	8700000	6422	NA
p004v2	660	Pulse	255	8730000	6091	NA
p004v2	660	Response	100	8730597	6688	1
p004v2	662	Pulse	255	8760000	18926	NA
p004v2	664	Response	101	8775476	4071	1
p004v2	666	Pulse	255	8790000	4096	NA
p004v2	668	Pulse	255	8820000	3766	NA
p004v2	668	Response	101	8822997	6762	1
p004v2	670	Pulse	255	8850000	16601	NA
p004v2	672	Response	101	8873955	10225	1
p004v2	673	Pulse	255	8880000	5937	NA
p004v2	675	Pulse	255	8910000	5440	NA
p004v2	676	Response	100	8919715	4990	1
p004v2	678	Pulse	255	8940000	9776	NA
p004v2	680	Response	101	8964516	3961	1
p004v2	681	Pulse	255	8970000	5279	NA
p004v2	683	Pulse	255	9000000	4781	NA
p004v2	684	Response	100	9011715	6331	1
p004v2	686	Pulse	255	9030000	7784	NA
p004v2	688	Response	101	9056596	4049	1
p004v2	689	Pulse	255	9060000	3287	NA
p004v2	691	Pulse	255	9090000	2789	NA
p004v2	692	Response	100	9103557	6181	1
p004v2	694	Pulse	255	9120000	5958	NA
p004v2	696	Response	100	9149557	5184	1
p004v2	697	Pulse	255	9150000	295	NA
p004v2	698	Pulse	255	9180000	19962	NA
p004v2	700	Response	100	9195317	4949	1
p004v2	702	Pulse	255	9210000	4300	NA
p004v2	704	Pulse	255	9240000	3969	NA
p004v2	704	Response	101	9241475	5444	1
p004v2	706	Pulse	255	9270000	18137	NA
p004v2	708	Response	100	9288277	6083	1
p004v2	710	Pulse	255	9300000	1308	NA
p004v2	712	Pulse	255	9330000	977	NA
p004v2	712	Response	100	9332996	3973	1
p004v2	714	Pulse	255	9360000	16478	NA
p004v2	716	Response	101	9374835	983	1
p004v2	718	Pulse	255	9390000	4649	NA
p004v2	720	Pulse	255	9420000	4318	NA
p004v2	720	Response	101	9424595	8913	1
p004v2	722	Pulse	255	9450000	14986	NA
p004v2	724	Picture	instruct_trial	9465345	0	1	40163	1	0	next	other	0
p004v2	724	Pulse	255	9480000	14655	NA
