Scenario - learning_JJ_english
Logfile written - 07/20/2021 12:25:09

Subject	Trial	Event Type	Code	Time	TTime	Uncertainty	Duration	Uncertainty	ReqTime	ReqDur	Stim Type	Pair Index

p005v2	0	Pulse	255	0	0	NA
p005v2	1	Picture	instruct_trial	10333	0	1	640611	1	0	next	other	0
p005v2	1	Pulse	255	30000	19667	NA
p005v2	1	Pulse	255	60000	49667	NA
p005v2	1	Pulse	255	90000	79667	NA
p005v2	1	Pulse	255	120000	109667	NA
p005v2	1	Pulse	255	150000	139667	NA
p005v2	1	Pulse	255	180000	169667	NA
p005v2	1	Pulse	255	210000	199667	NA
p005v2	1	Pulse	255	240000	229667	NA
p005v2	1	Pulse	255	270000	259667	NA
p005v2	1	Pulse	255	300000	289667	NA
p005v2	1	Pulse	255	330000	319667	NA
p005v2	1	Pulse	255	360000	349667	NA
p005v2	1	Pulse	255	390000	379667	NA
p005v2	1	Pulse	255	420000	409667	NA
p005v2	1	Pulse	255	450000	439667	NA
p005v2	1	Pulse	255	480000	469667	NA
p005v2	1	Pulse	255	510000	499667	NA
p005v2	1	Pulse	255	540000	529667	NA
p005v2	1	Pulse	255	570000	559667	NA
p005v2	1	Pulse	255	600000	589667	NA
p005v2	1	Pulse	255	630000	619667	NA
p005v2	1	Response	100	650832	640499	1
p005v2	1	Pulse	255	660000	649667	NA
p005v2	2	Response	100	668273	7996	1
p005v2	4	Pulse	255	690000	11225	NA
p005v2	6	Pulse	255	720000	10895	NA
p005v2	6	Response	101	721231	12126	1
p005v2	8	Pulse	255	750000	18230	NA
p005v2	10	Response	100	776271	14171	1
p005v2	11	Pulse	255	780000	3567	NA
p005v2	13	Pulse	255	810000	3070	NA
p005v2	14	Response	101	829313	12217	1
p005v2	16	Pulse	255	840000	239	NA
p005v2	17	Pulse	255	870000	10074	NA
p005v2	18	Response	101	880113	10022	1
p005v2	20	Pulse	255	900000	9410	NA
p005v2	22	Pulse	255	930000	9080	NA
p005v2	22	Response	101	934592	13671	1
p005v2	24	Pulse	255	960000	14915	NA
p005v2	26	Pulse	255	990000	14584	NA
p005v2	26	Response	101	990751	15336	1
p005v2	28	Pulse	255	1020000	18753	NA
p005v2	30	Response	101	1048272	16695	1
p005v2	31	Pulse	255	1050000	1591	NA
p005v2	33	Pulse	255	1080000	1093	NA
p005v2	34	Response	101	1102192	13119	1
p005v2	35	Pulse	255	1110000	7595	NA
p005v2	37	Pulse	255	1140000	7098	NA
p005v2	38	Response	101	1153072	10004	1
p005v2	40	Pulse	255	1170000	6434	NA
p005v2	42	Pulse	255	1200000	6103	NA
p005v2	42	Response	101	1227872	33975	1
p005v2	43	Pulse	255	1230000	1940	NA
p005v2	45	Pulse	255	1260000	1442	NA
p005v2	46	Response	101	1278350	9627	1
p005v2	48	Pulse	255	1290000	1112	NA
p005v2	50	Pulse	255	1320000	781	NA
p005v2	50	Response	101	1325951	6732	1
p005v2	52	Pulse	255	1350000	13616	NA
p005v2	54	Pulse	255	1380000	13285	NA
p005v2	54	Pulse	255	1410000	43285	NA
p005v2	54	Response	100	1410992	44277	1
p005v2	56	Pulse	255	1440000	18623	NA
p005v2	58	Response	100	1461072	9365	1
p005v2	59	Pulse	255	1470000	8793	NA
p005v2	61	Pulse	255	1500000	8296	NA
p005v2	62	Response	100	1512111	10241	1
p005v2	64	Pulse	255	1530000	7465	NA
p005v2	66	Pulse	255	1560000	7135	NA
p005v2	66	Response	101	1571311	18446	1
p005v2	68	Pulse	255	1590000	8304	NA
p005v2	70	Pulse	255	1620000	7973	NA
p005v2	70	Response	100	1630752	18725	1
p005v2	72	Pulse	255	1650000	8809	NA
p005v2	74	Pulse	255	1680000	8478	NA
p005v2	74	Response	101	1686911	15389	1
p005v2	76	Pulse	255	1710000	12647	NA
p005v2	78	Response	101	1738030	10346	1
p005v2	79	Pulse	255	1740000	1817	NA
p005v2	81	Pulse	255	1770000	1320	NA
p005v2	82	Response	100	1783870	5025	1
p005v2	84	Pulse	255	1800000	5656	NA
p005v2	86	Pulse	255	1830000	5325	NA
p005v2	86	Response	100	1835950	11275	1
p005v2	88	Pulse	255	1860000	13660	NA
p005v2	90	Pulse	255	1890000	13329	NA
p005v2	90	Response	101	1891472	14801	1
p005v2	92	Pulse	255	1920000	17998	NA
p005v2	94	Response	101	1938350	6018	1
p005v2	96	Pulse	255	1950000	1169	NA
p005v2	98	Pulse	255	1980000	838	NA
p005v2	98	Response	101	1986835	7673	1
p005v2	100	Pulse	255	2010000	12673	NA
p005v2	102	Pulse	255	2040000	12343	NA
p005v2	102	Response	101	2041871	14213	1
p005v2	104	Pulse	255	2070000	17678	NA
p005v2	106	Response	100	2091150	8497	1
p005v2	107	Pulse	255	2100000	8681	NA
p005v2	109	Pulse	255	2130000	8184	NA
p005v2	110	Response	100	2141151	9169	1
p005v2	112	Pulse	255	2160000	8353	NA
p005v2	114	Pulse	255	2190000	8023	NA
p005v2	114	Response	101	2193870	11893	1
p005v2	116	Pulse	255	2220000	15691	NA
p005v2	118	Pulse	255	2250000	15360	NA
p005v2	118	Response	101	2260589	25949	1
p005v2	120	Pulse	255	2280000	9030	NA
p005v2	122	Pulse	255	2310000	8700	NA
p005v2	122	Response	101	2323951	22651	1
p005v2	124	Pulse	255	2340000	5536	NA
p005v2	126	Pulse	255	2370000	5205	NA
p005v2	126	Response	101	2379390	14595	1
p005v2	128	Pulse	255	2400000	10207	NA
p005v2	130	Response	101	2427471	7348	1
p005v2	131	Pulse	255	2430000	2377	NA
p005v2	133	Pulse	255	2460000	1880	NA
p005v2	134	Response	100	2488670	20384	1
p005v2	135	Pulse	255	2490000	1216	NA
p005v2	137	Pulse	255	2520000	719	NA
p005v2	138	Response	101	2547310	17863	1
p005v2	139	Pulse	255	2550000	2554	NA
p005v2	141	Pulse	255	2580000	2057	NA
p005v2	142	Pulse	255	2610000	21891	NA
p005v2	142	Pulse	255	2640000	51891	NA
p005v2	142	Response	100	2647391	59283	1
p005v2	144	Pulse	255	2670000	12231	NA
p005v2	146	Pulse	255	2700000	11900	NA
p005v2	146	Response	101	2702268	14168	1
p005v2	148	Pulse	255	2730000	17235	NA
p005v2	150	Pulse	255	2760000	16905	NA
p005v2	150	Response	101	2789150	46054	1
p005v2	151	Pulse	255	2790000	742	NA
p005v2	153	Pulse	255	2820000	245	NA
p005v2	154	Pulse	255	2850000	20079	NA
p005v2	154	Response	100	2853710	23789	1
p005v2	156	Pulse	255	2880000	15749	NA
p005v2	158	Response	100	2909550	14967	1
p005v2	159	Pulse	255	2910000	253	NA
p005v2	160	Pulse	255	2940000	19920	NA
p005v2	162	Response	101	2965870	15459	1
p005v2	163	Pulse	255	2970000	3924	NA
p005v2	165	Pulse	255	3000000	3427	NA
p005v2	166	Response	100	3026030	19291	1
p005v2	167	Pulse	255	3030000	3763	NA
p005v2	169	Pulse	255	3060000	3265	NA
p005v2	170	Response	100	3085470	18570	1
p005v2	171	Pulse	255	3090000	4434	NA
p005v2	173	Pulse	255	3120000	3937	NA
p005v2	174	Pulse	255	3150000	23771	NA
p005v2	174	Response	100	3152589	26361	1
p005v2	176	Pulse	255	3180000	16941	NA
p005v2	178	Response	101	3208430	15040	1
p005v2	179	Pulse	255	3210000	1445	NA
p005v2	181	Pulse	255	3240000	948	NA
p005v2	182	Pulse	255	3270000	20782	NA
p005v2	182	Response	100	3292189	42971	1
p005v2	183	Pulse	255	3300000	7626	NA
p005v2	185	Pulse	255	3330000	7122	NA
p005v2	186	Response	101	3357789	24745	1
p005v2	187	Pulse	255	3360000	2125	NA
p005v2	189	Pulse	255	3390000	1627	NA
p005v2	190	Response	100	3419309	20771	1
p005v2	191	Pulse	255	3420000	630	NA
p005v2	193	Pulse	255	3450000	133	NA
p005v2	194	Response	101	3472508	12475	1
p005v2	195	Pulse	255	3480000	7301	NA
p005v2	197	Pulse	255	3510000	6804	NA
p005v2	198	Response	100	3524508	11147	1
p005v2	200	Pulse	255	3540000	4974	NA
p005v2	202	Pulse	255	3570000	4643	NA
p005v2	202	Response	101	3589789	24432	1
p005v2	203	Pulse	255	3600000	10145	NA
p005v2	205	Pulse	255	3630000	9648	NA
p005v2	206	Response	100	3645468	14950	1
p005v2	208	Pulse	255	3660000	3984	NA
p005v2	210	Pulse	255	3690000	3653	NA
p005v2	210	Response	101	3706748	20402	1
p005v2	212	Pulse	255	3720000	2823	NA
p005v2	214	Pulse	255	3750000	2492	NA
p005v2	214	Response	101	3770349	22841	1
p005v2	215	Pulse	255	3780000	9494	NA
p005v2	217	Pulse	255	3810000	8997	NA
p005v2	218	Pulse	255	3840000	28831	NA
p005v2	218	Response	101	3847149	35979	1
p005v2	220	Pulse	255	3870000	12335	NA
p005v2	222	Pulse	255	3900000	12004	NA
p005v2	222	Response	100	3907149	19153	1
p005v2	224	Pulse	255	3930000	12340	NA
p005v2	226	Pulse	255	3960000	12009	NA
p005v2	226	Response	100	3966428	18437	1
p005v2	228	Pulse	255	3990000	13179	NA
p005v2	230	Pulse	255	4020000	12848	NA
p005v2	230	Pulse	255	4050000	42848	NA
p005v2	230	Response	100	4061628	54476	1
p005v2	232	Pulse	255	4080000	7854	NA
p005v2	234	Pulse	255	4110000	7523	NA
p005v2	234	Response	100	4117868	15391	1
p005v2	236	Pulse	255	4140000	11692	NA
p005v2	238	Response	101	4168028	9389	1
p005v2	239	Pulse	255	4170000	1862	NA
p005v2	241	Pulse	255	4200000	1365	NA
p005v2	242	Picture	instruct_trial	4208801	0	1	17499	1	0	next	other	0
p005v2	242	Response	100	4226107	17306	1
p005v2	243	Pulse	255	4230000	3534	NA
p005v2	243	Response	101	4256428	29962	1
p005v2	244	Pulse	255	4260000	3370	NA
p005v2	246	Pulse	255	4290000	2872	NA
p005v2	247	Response	101	4315708	18414	1
p005v2	248	Pulse	255	4320000	4208	NA
p005v2	250	Pulse	255	4350000	3711	NA
p005v2	251	Response	100	4367547	11092	1
p005v2	253	Pulse	255	4380000	2047	NA
p005v2	255	Pulse	255	4410000	1716	NA
p005v2	255	Response	100	4417868	9584	1
p005v2	257	Pulse	255	4440000	11718	NA
p005v2	259	Response	100	4468907	10295	1
p005v2	260	Pulse	255	4470000	888	NA
p005v2	262	Pulse	255	4500000	391	NA
p005v2	263	Pulse	255	4530000	20225	NA
p005v2	263	Response	101	4532429	22653	1
p005v2	265	Pulse	255	4560000	17061	NA
p005v2	267	Response	101	4588348	15079	1
p005v2	268	Pulse	255	4590000	1565	NA
p005v2	270	Pulse	255	4620000	1068	NA
p005v2	271	Response	101	4645867	16769	1
p005v2	272	Pulse	255	4650000	4070	NA
p005v2	274	Pulse	255	4680000	3573	NA
p005v2	275	Response	101	4701387	14794	1
p005v2	276	Pulse	255	4710000	8408	NA
p005v2	278	Pulse	255	4740000	7911	NA
p005v2	279	Response	100	4756188	13933	1
p005v2	281	Pulse	255	4770000	3414	NA
p005v2	283	Pulse	255	4800000	3083	NA
p005v2	283	Response	100	4807627	10710	1
p005v2	285	Pulse	255	4830000	11918	NA
p005v2	287	Response	101	4858508	10096	1
p005v2	288	Pulse	255	4860000	1422	NA
p005v2	290	Pulse	255	4890000	924	NA
p005v2	291	Response	100	4913628	14387	1
p005v2	292	Pulse	255	4920000	6260	NA
p005v2	294	Pulse	255	4950000	5763	NA
p005v2	295	Response	100	4967867	13464	1
p005v2	297	Pulse	255	4980000	1599	NA
p005v2	299	Pulse	255	5010000	1268	NA
p005v2	299	Response	100	5015868	7136	1
p005v2	301	Pulse	255	5040000	13603	NA
p005v2	303	Response	101	5062748	6021	1
p005v2	304	Pulse	255	5070000	7106	NA
p005v2	306	Pulse	255	5100000	6609	NA
p005v2	307	Response	100	5119788	16231	1
p005v2	308	Pulse	255	5130000	10111	NA
p005v2	310	Pulse	255	5160000	9614	NA
p005v2	311	Response	100	5172826	12275	1
p005v2	313	Pulse	255	5190000	6783	NA
p005v2	315	Pulse	255	5220000	6453	NA
p005v2	315	Response	101	5221387	7840	1
p005v2	317	Pulse	255	5250000	18121	NA
p005v2	319	Response	100	5266507	4297	1
p005v2	321	Pulse	255	5280000	2958	NA
p005v2	323	Pulse	255	5310000	2628	NA
p005v2	323	Response	100	5314266	6894	1
p005v2	325	Pulse	255	5340000	15296	NA
p005v2	327	Response	101	5361628	6593	1
p005v2	328	Pulse	255	5370000	8299	NA
p005v2	330	Pulse	255	5400000	7802	NA
p005v2	331	Response	101	5416106	13742	1
p005v2	333	Pulse	255	5430000	3471	NA
p005v2	335	Pulse	255	5460000	3141	NA
p005v2	335	Response	101	5476186	19327	1
p005v2	337	Pulse	255	5490000	3310	NA
p005v2	339	Pulse	255	5520000	2979	NA
p005v2	339	Response	101	5523146	6125	1
p005v2	341	Pulse	255	5550000	16314	NA
p005v2	343	Response	100	5575948	11932	1
p005v2	344	Pulse	255	5580000	3984	NA
p005v2	346	Pulse	255	5610000	3487	NA
p005v2	347	Pulse	255	5640000	23321	NA
p005v2	347	Response	100	5648346	31667	1
p005v2	349	Pulse	255	5670000	11158	NA
p005v2	351	Response	101	5694346	5173	1
p005v2	352	Pulse	255	5700000	5494	NA
p005v2	354	Pulse	255	5730000	4997	NA
p005v2	355	Response	101	5748666	13497	1
p005v2	357	Pulse	255	5760000	833	NA
p005v2	359	Pulse	255	5790000	503	NA
p005v2	359	Response	100	5793625	4128	1
p005v2	361	Pulse	255	5820000	15837	NA
p005v2	363	Response	101	5849785	15292	1
p005v2	364	Pulse	255	5850000	8	NA
p005v2	365	Pulse	255	5880000	19676	NA
p005v2	367	Response	101	5898106	7451	1
p005v2	369	Pulse	255	5910000	1513	NA
p005v2	371	Pulse	255	5940000	1182	NA
p005v2	371	Response	100	5942988	4171	1
p005v2	373	Pulse	255	5970000	16517	NA
p005v2	375	Response	101	5989466	5652	1
p005v2	377	Pulse	255	6000000	21	NA
p005v2	378	Pulse	255	6030000	9856	NA
p005v2	379	Response	100	6049386	19077	1
p005v2	381	Pulse	255	6060000	193	NA
p005v2	382	Pulse	255	6090000	10028	NA
p005v2	383	Response	100	6096425	6287	1
p005v2	385	Pulse	255	6120000	13030	NA
p005v2	387	Response	100	6145866	8566	1
p005v2	388	Pulse	255	6150000	4034	NA
p005v2	390	Pulse	255	6180000	3536	NA
p005v2	391	Response	101	6193626	6997	1
p005v2	393	Pulse	255	6210000	5872	NA
p005v2	395	Pulse	255	6240000	5541	NA
p005v2	395	Response	101	6244586	10127	1
p005v2	397	Pulse	255	6270000	14877	NA
p005v2	399	Response	101	6290026	4572	1
p005v2	400	Pulse	255	6300000	9880	NA
p005v2	402	Pulse	255	6330000	9382	NA
p005v2	403	Response	100	6337546	6762	1
p005v2	405	Pulse	255	6360000	12051	NA
p005v2	407	Pulse	255	6390000	11721	NA
p005v2	407	Response	100	6391145	12866	1
p005v2	409	Pulse	255	6420000	18389	NA
p005v2	411	Response	101	6438905	6963	1
p005v2	413	Pulse	255	6450000	560	NA
p005v2	415	Pulse	255	6480000	229	NA
p005v2	415	Response	101	6495785	16014	1
p005v2	417	Pulse	255	6510000	3732	NA
p005v2	419	Pulse	255	6540000	3401	NA
p005v2	419	Response	101	6557945	21346	1
p005v2	421	Pulse	255	6570000	1570	NA
p005v2	423	Pulse	255	6600000	1240	NA
p005v2	423	Response	101	6603465	4705	1
p005v2	425	Pulse	255	6630000	16074	NA
p005v2	427	Response	101	6659144	14888	1
p005v2	428	Pulse	255	6660000	745	NA
p005v2	430	Pulse	255	6690000	248	NA
p005v2	431	Response	100	6704585	4666	4
p005v2	433	Pulse	255	6720000	4917	NA
p005v2	435	Pulse	255	6750000	4586	NA
p005v2	435	Response	100	6752029	6614	1
p005v2	437	Pulse	255	6780000	17587	NA
p005v2	439	Response	101	6799706	6962	1
p005v2	440	Pulse	255	6810000	10091	NA
p005v2	442	Pulse	255	6840000	9593	NA
p005v2	443	Response	100	6850264	9692	1
p005v2	445	Pulse	255	6870000	9263	NA
p005v2	447	Response	101	6896586	5517	1
p005v2	448	Pulse	255	6900000	3266	NA
p005v2	450	Pulse	255	6930000	2768	NA
p005v2	451	Response	100	6943384	5987	1
p005v2	453	Pulse	255	6960000	6104	NA
p005v2	455	Pulse	255	6990000	5773	NA
p005v2	455	Response	101	6995385	11158	1
p005v2	457	Pulse	255	7020000	14108	NA
p005v2	459	Pulse	255	7050000	13778	NA
p005v2	459	Response	101	7059065	22842	1
p005v2	461	Pulse	255	7080000	10447	NA
p005v2	463	Response	101	7107304	7421	1
p005v2	464	Pulse	255	7110000	2617	NA
p005v2	466	Pulse	255	7140000	2120	NA
p005v2	467	Response	101	7161226	13180	1
p005v2	468	Pulse	255	7170000	8622	NA
p005v2	470	Pulse	255	7200000	8125	NA
p005v2	471	Response	101	7220745	18704	1
p005v2	472	Pulse	255	7230000	9127	NA
p005v2	474	Pulse	255	7260000	8630	NA
p005v2	475	Response	101	7269784	8248	1
p005v2	477	Pulse	255	7290000	9799	NA
p005v2	479	Response	101	7319224	8693	1
p005v2	480	Pulse	255	7320000	636	NA
p005v2	482	Pulse	255	7350000	138	NA
p005v2	483	Picture	instruct_trial	7360027	0	1	23498	1	0	next	other	0
p005v2	483	Pulse	255	7380000	19973	NA
p005v2	483	Response	100	7383387	23359	1
p005v2	484	Response	101	7401944	18252	1
p005v2	485	Pulse	255	7410000	7976	NA
p005v2	487	Pulse	255	7440000	7479	NA
p005v2	488	Response	100	7466264	23577	1
p005v2	489	Pulse	255	7470000	3649	NA
p005v2	491	Pulse	255	7500000	3151	NA
p005v2	492	Response	101	7518826	11812	1
p005v2	494	Pulse	255	7530000	654	NA
p005v2	496	Pulse	255	7560000	323	NA
p005v2	496	Response	100	7572505	12828	1
p005v2	498	Pulse	255	7590000	6992	NA
p005v2	500	Pulse	255	7620000	6661	NA
p005v2	500	Response	100	7625386	12047	1
p005v2	502	Pulse	255	7650000	14163	NA
p005v2	504	Response	100	7675704	9537	1
p005v2	505	Pulse	255	7680000	4167	NA
p005v2	507	Pulse	255	7710000	3669	NA
p005v2	508	Pulse	255	7740000	23504	NA
p005v2	508	Response	101	7740744	24248	1
p005v2	510	Pulse	255	7770000	18840	NA
p005v2	512	Response	100	7796424	14933	1
p005v2	513	Pulse	255	7800000	3510	NA
p005v2	515	Pulse	255	7830000	3013	NA
p005v2	516	Pulse	255	7860000	22847	NA
p005v2	516	Response	100	7861064	23911	1
p005v2	518	Pulse	255	7890000	18517	NA
p005v2	520	Pulse	255	7920000	18186	NA
p005v2	520	Response	101	7941706	39892	1
p005v2	521	Pulse	255	7950000	8190	NA
p005v2	523	Pulse	255	7980000	7692	NA
p005v2	524	Response	101	8002264	19790	1
p005v2	525	Pulse	255	8010000	7528	NA
p005v2	527	Pulse	255	8040000	7031	NA
p005v2	528	Response	101	8058263	15128	1
p005v2	530	Pulse	255	8070000	1201	NA
p005v2	532	Pulse	255	8100000	870	NA
p005v2	532	Pulse	255	8130000	30870	NA
p005v2	532	Response	101	8152743	53613	1
p005v2	533	Pulse	255	8160000	7208	NA
p005v2	535	Pulse	255	8190000	6711	NA
p005v2	536	Response	100	8208663	15208	1
p005v2	538	Pulse	255	8220000	881	NA
p005v2	540	Pulse	255	8250000	550	NA
p005v2	540	Response	101	8276983	27533	1
p005v2	541	Pulse	255	8280000	2886	NA
p005v2	543	Pulse	255	8310000	2388	NA
p005v2	544	Pulse	255	8340000	22222	NA
p005v2	544	Response	101	8340744	22966	1
p005v2	546	Pulse	255	8370000	18725	NA
p005v2	548	Response	101	8399383	17778	1
p005v2	549	Pulse	255	8400000	563	NA
p005v2	551	Pulse	255	8430000	66	NA
p005v2	552	Pulse	255	8460000	19900	NA
p005v2	552	Response	101	8462263	22163	1
p005v2	554	Pulse	255	8490000	17236	NA
p005v2	556	Pulse	255	8520000	16905	NA
p005v2	556	Response	101	8523463	20369	1
p005v2	558	Pulse	255	8550000	16075	NA
p005v2	560	Response	100	8576663	12406	1
p005v2	561	Pulse	255	8580000	3245	NA
p005v2	563	Pulse	255	8610000	2748	NA
p005v2	564	Response	100	8626023	8605	1
p005v2	566	Pulse	255	8640000	3583	NA
p005v2	568	Pulse	255	8670000	3253	NA
p005v2	568	Response	101	8686422	19675	1
p005v2	570	Pulse	255	8700000	3089	NA
p005v2	572	Pulse	255	8730000	2758	NA
p005v2	572	Response	101	8731544	4302	1
p005v2	574	Pulse	255	8760000	17926	NA
p005v2	576	Response	100	8788266	15862	1
p005v2	577	Pulse	255	8790000	1597	NA
p005v2	579	Pulse	255	8820000	1099	NA
p005v2	580	Pulse	255	8850000	20934	NA
p005v2	580	Response	101	8854743	25676	1
p005v2	582	Pulse	255	8880000	14770	NA
p005v2	584	Pulse	255	8910000	14439	NA
p005v2	584	Response	101	8913064	17503	1
p005v2	586	Pulse	255	8940000	16442	NA
p005v2	588	Response	101	8966263	12374	1
p005v2	589	Pulse	255	8970000	3612	NA
p005v2	591	Pulse	255	9000000	3115	NA
p005v2	592	Response	101	9012983	5932	1
p005v2	594	Pulse	255	9030000	6617	NA
p005v2	596	Pulse	255	9060000	6286	NA
p005v2	596	Response	101	9062664	8950	1
p005v2	598	Pulse	255	9090000	16788	NA
p005v2	600	Pulse	255	9120000	16457	NA
p005v2	600	Response	100	9125703	22161	1
p005v2	602	Pulse	255	9150000	13794	NA
p005v2	604	Pulse	255	9180000	13463	NA
p005v2	604	Response	100	9185862	19325	1
p005v2	606	Pulse	255	9210000	13632	NA
p005v2	608	Pulse	255	9240000	13301	NA
p005v2	608	Response	101	9245946	19248	1
p005v2	610	Pulse	255	9270000	13637	NA
p005v2	612	Response	100	9293062	6368	1
p005v2	613	Pulse	255	9300000	6807	NA
p005v2	615	Pulse	255	9330000	6310	NA
p005v2	616	Pulse	255	9360000	26144	NA
p005v2	616	Response	101	9382182	48326	1
p005v2	617	Pulse	255	9390000	7648	NA
p005v2	619	Pulse	255	9420000	7151	NA
p005v2	620	Response	101	9439223	16208	1
p005v2	622	Pulse	255	9450000	321	NA
p005v2	623	Pulse	255	9480000	10156	NA
p005v2	624	Response	100	9507862	27853	1
p005v2	625	Pulse	255	9510000	1993	NA
p005v2	627	Pulse	255	9540000	1495	NA
p005v2	628	Response	101	9562582	13912	1
p005v2	629	Pulse	255	9570000	7331	NA
p005v2	631	Pulse	255	9600000	6833	NA
p005v2	632	Response	101	9627062	23729	1
p005v2	633	Pulse	255	9630000	2836	NA
p005v2	635	Pulse	255	9660000	2339	NA
p005v2	636	Response	101	9675862	8035	1
p005v2	638	Pulse	255	9690000	3675	NA
p005v2	640	Pulse	255	9720000	3344	NA
p005v2	640	Response	100	9730342	13686	1
p005v2	642	Pulse	255	9750000	9179	NA
p005v2	644	Response	100	9776582	5431	1
p005v2	645	Pulse	255	9780000	3349	NA
p005v2	647	Pulse	255	9810000	2852	NA
p005v2	648	Pulse	255	9840000	22686	NA
p005v2	648	Pulse	255	9870000	52686	NA
p005v2	648	Response	100	9878101	60787	1
p005v2	650	Pulse	255	9900000	11359	NA
p005v2	652	Pulse	255	9930000	11028	NA
p005v2	652	Response	101	9941061	22089	1
p005v2	654	Pulse	255	9960000	8531	NA
p005v2	656	Pulse	255	9990000	8200	NA
p005v2	656	Response	100	9992260	10460	1
p005v2	658	Pulse	255	10020000	17202	NA
p005v2	660	Response	101	10044021	10892	1
p005v2	661	Pulse	255	10050000	5872	NA
p005v2	663	Pulse	255	10080000	5375	NA
p005v2	664	Pulse	255	10110000	25209	NA
p005v2	664	Response	101	10123623	38832	1
p005v2	666	Pulse	255	10140000	5880	NA
p005v2	668	Pulse	255	10170000	5550	NA
p005v2	668	Response	101	10172743	8293	1
p005v2	670	Pulse	255	10200000	16718	NA
p005v2	672	Response	100	10223382	9770	1
p005v2	673	Pulse	255	10230000	6555	NA
p005v2	675	Pulse	255	10260000	6057	NA
p005v2	676	Response	101	10286821	22713	1
p005v2	677	Pulse	255	10290000	3060	NA
p005v2	679	Pulse	255	10320000	2563	NA
p005v2	680	Pulse	255	10350000	22397	NA
p005v2	680	Response	100	10351940	24337	1
p005v2	682	Pulse	255	10380000	17567	NA
p005v2	684	Pulse	255	10410000	17236	NA
p005v2	684	Response	100	10419221	26457	1
p005v2	686	Pulse	255	10440000	10239	NA
p005v2	688	Response	100	10467701	7610	1
p005v2	689	Pulse	255	10470000	2243	NA
p005v2	691	Pulse	255	10500000	1745	NA
p005v2	692	Response	100	10527380	18959	1
p005v2	693	Pulse	255	10530000	2415	NA
p005v2	695	Pulse	255	10560000	1917	NA
p005v2	696	Response	100	10578900	10651	1
p005v2	698	Pulse	255	10590000	587	NA
p005v2	700	Pulse	255	10620000	256	NA
p005v2	700	Response	100	10632260	12516	1
p005v2	702	Pulse	255	10650000	7258	NA
p005v2	704	Pulse	255	10680000	6927	NA
p005v2	704	Response	100	10683779	10706	1
p005v2	706	Pulse	255	10710000	15762	NA
p005v2	708	Pulse	255	10740000	15432	NA
p005v2	708	Response	101	10749380	24812	1
p005v2	710	Pulse	255	10770000	10101	NA
p005v2	712	Pulse	255	10800000	9771	NA
p005v2	712	Response	101	10805060	14831	1
p005v2	714	Pulse	255	10830000	14440	NA
p005v2	716	Response	101	10854660	8769	1
p005v2	717	Pulse	255	10860000	5276	NA
p005v2	719	Pulse	255	10890000	4779	NA
p005v2	720	Pulse	255	10920000	24613	NA
p005v2	720	Response	101	10923222	27835	1
p005v2	722	Pulse	255	10950000	16283	NA
p005v2	724	Picture	instruct_trial	10964048	0	1	40163	1	0	next	other	0
p005v2	724	Pulse	255	10980000	15952	NA
p005v2	724	Response	101	10999060	35012	1
