Scenario - learning_JJ_english
Logfile written - 07/21/2021 13:52:32

Subject	Trial	Event Type	Code	Time	TTime	Uncertainty	Duration	Uncertainty	ReqTime	ReqDur	Stim Type	Pair Index

p006v2	0	Pulse	255	0	0	NA
p006v2	1	Picture	instruct_trial	10333	0	1	1724683	1	0	next	other	0
p006v2	1	Pulse	255	30000	19667	NA
p006v2	1	Pulse	255	60000	49667	NA
p006v2	1	Pulse	255	90000	79667	NA
p006v2	1	Pulse	255	120000	109667	NA
p006v2	1	Pulse	255	150000	139667	NA
p006v2	1	Pulse	255	180000	169667	NA
p006v2	1	Pulse	255	210000	199667	NA
p006v2	1	Pulse	255	240000	229667	NA
p006v2	1	Pulse	255	270000	259667	NA
p006v2	1	Pulse	255	300000	289667	NA
p006v2	1	Pulse	255	330000	319667	NA
p006v2	1	Pulse	255	360000	349667	NA
p006v2	1	Pulse	255	390000	379667	NA
p006v2	1	Pulse	255	420000	409667	NA
p006v2	1	Pulse	255	450000	439667	NA
p006v2	1	Pulse	255	480000	469667	NA
p006v2	1	Pulse	255	510000	499667	NA
p006v2	1	Pulse	255	540000	529667	NA
p006v2	1	Pulse	255	570000	559667	NA
p006v2	1	Pulse	255	600000	589667	NA
p006v2	1	Pulse	255	630000	619667	NA
p006v2	1	Pulse	255	660000	649667	NA
p006v2	1	Pulse	255	690000	679667	NA
p006v2	1	Pulse	255	720000	709667	NA
p006v2	1	Pulse	255	750000	739667	NA
p006v2	1	Pulse	255	780000	769667	NA
p006v2	1	Pulse	255	810000	799667	NA
p006v2	1	Pulse	255	840000	829667	NA
p006v2	1	Pulse	255	870000	859667	NA
p006v2	1	Pulse	255	900000	889667	NA
p006v2	1	Pulse	255	930000	919667	NA
p006v2	1	Pulse	255	960000	949667	NA
p006v2	1	Pulse	255	990000	979667	NA
p006v2	1	Pulse	255	1020000	1009667	NA
p006v2	1	Pulse	255	1050000	1039667	NA
p006v2	1	Pulse	255	1080000	1069667	NA
p006v2	1	Pulse	255	1110000	1099667	NA
p006v2	1	Pulse	255	1140000	1129667	NA
p006v2	1	Pulse	255	1170000	1159667	NA
p006v2	1	Pulse	255	1200000	1189667	NA
p006v2	1	Pulse	255	1230000	1219667	NA
p006v2	1	Pulse	255	1260000	1249667	NA
p006v2	1	Pulse	255	1290000	1279667	NA
p006v2	1	Pulse	255	1320000	1309667	NA
p006v2	1	Pulse	255	1350000	1339667	NA
p006v2	1	Pulse	255	1380000	1369667	NA
p006v2	1	Pulse	255	1410000	1399667	NA
p006v2	1	Pulse	255	1440000	1429667	NA
p006v2	1	Pulse	255	1470000	1459667	NA
p006v2	1	Pulse	255	1500000	1489667	NA
p006v2	1	Pulse	255	1530000	1519667	NA
p006v2	1	Pulse	255	1560000	1549667	NA
p006v2	1	Pulse	255	1590000	1579667	NA
p006v2	1	Pulse	255	1620000	1609667	NA
p006v2	1	Pulse	255	1650000	1639667	NA
p006v2	1	Pulse	255	1680000	1669667	NA
p006v2	1	Pulse	255	1710000	1699667	NA
p006v2	1	Response	101	1734879	1724546	1
p006v2	1	Pulse	255	1740000	1729667	NA
p006v2	2	Response	100	1755039	14856	1
p006v2	4	Pulse	255	1770000	4486	NA
p006v2	6	Pulse	255	1800000	4155	NA
p006v2	6	Response	100	1811040	15196	1
p006v2	8	Pulse	255	1830000	8491	NA
p006v2	10	Pulse	255	1860000	8160	NA
p006v2	10	Response	101	1860558	8719	1
p006v2	12	Pulse	255	1890000	18995	NA
p006v2	14	Response	100	1913358	12022	1
p006v2	15	Pulse	255	1920000	6499	NA
p006v2	17	Pulse	255	1950000	6002	NA
p006v2	18	Response	100	1970958	16794	1
p006v2	19	Pulse	255	1980000	8837	NA
p006v2	21	Pulse	255	2010000	8340	NA
p006v2	22	Response	101	2018399	6574	1
p006v2	24	Pulse	255	2040000	11176	NA
p006v2	26	Response	100	2065199	6044	1
p006v2	27	Pulse	255	2070000	4679	NA
p006v2	29	Pulse	255	2100000	4182	NA
p006v2	30	Response	100	2122080	16095	1
p006v2	31	Pulse	255	2130000	7850	NA
p006v2	33	Pulse	255	2160000	7353	NA
p006v2	34	Response	100	2168559	5747	1
p006v2	36	Pulse	255	2190000	11022	NA
p006v2	38	Pulse	255	2220000	10691	NA
p006v2	38	Response	100	2228400	19091	1
p006v2	40	Pulse	255	2250000	11194	NA
p006v2	42	Response	100	2277999	8862	1
p006v2	43	Pulse	255	2280000	1864	NA
p006v2	45	Pulse	255	2310000	1367	NA
p006v2	46	Pulse	255	2340000	21201	NA
p006v2	46	Response	100	2343520	24720	1
p006v2	48	Pulse	255	2370000	16037	NA
p006v2	50	Response	101	2391919	7626	1
p006v2	51	Pulse	255	2400000	7874	NA
p006v2	53	Pulse	255	2430000	7377	NA
p006v2	54	Response	101	2453599	20810	1
p006v2	55	Pulse	255	2460000	6213	NA
p006v2	57	Pulse	255	2490000	5715	NA
p006v2	58	Response	100	2501678	7228	1
p006v2	60	Pulse	255	2520000	7884	NA
p006v2	62	Pulse	255	2550000	7554	NA
p006v2	62	Response	101	2555758	13312	1
p006v2	64	Pulse	255	2580000	13722	NA
p006v2	66	Response	100	2601759	5151	1
p006v2	67	Pulse	255	2610000	8059	NA
p006v2	69	Pulse	255	2640000	7561	NA
p006v2	70	Response	100	2648558	5954	1
p006v2	72	Pulse	255	2670000	11064	NA
p006v2	74	Pulse	255	2700000	10733	NA
p006v2	74	Response	101	2700958	11691	1
p006v2	76	Pulse	255	2730000	18568	NA
p006v2	78	Response	101	2747118	5355	1
p006v2	80	Pulse	255	2760000	2406	NA
p006v2	82	Pulse	255	2790000	2075	NA
p006v2	82	Response	101	2798399	10474	1
p006v2	84	Pulse	255	2820000	11077	NA
p006v2	86	Pulse	255	2850000	10746	NA
p006v2	86	Response	100	2867198	27944	1
p006v2	88	Pulse	255	2880000	2416	NA
p006v2	90	Pulse	255	2910000	2085	NA
p006v2	90	Response	100	2915997	8083	1
p006v2	92	Pulse	255	2940000	13587	NA
p006v2	94	Response	100	2963278	6534	1
p006v2	95	Pulse	255	2970000	6590	NA
p006v2	97	Pulse	255	3000000	6093	NA
p006v2	98	Response	101	3028398	24325	1
p006v2	99	Pulse	255	3030000	1429	NA
p006v2	101	Pulse	255	3060000	932	NA
p006v2	102	Response	101	3085918	16684	1
p006v2	103	Pulse	255	3090000	3934	NA
p006v2	105	Pulse	255	3120000	3437	NA
p006v2	106	Response	101	3132877	6148	1
p006v2	108	Pulse	255	3150000	6606	NA
p006v2	110	Pulse	255	3180000	6275	NA
p006v2	110	Response	100	3184957	11233	1
p006v2	112	Pulse	255	3210000	14610	NA
p006v2	114	Response	100	3237038	11318	1
p006v2	115	Pulse	255	3240000	2781	NA
p006v2	117	Pulse	255	3270000	2283	NA
p006v2	118	Response	101	3290078	12195	1
p006v2	119	Pulse	255	3300000	9785	NA
p006v2	121	Pulse	255	3330000	9288	NA
p006v2	122	Response	101	3336957	6079	1
p006v2	124	Pulse	255	3360000	12624	NA
p006v2	126	Response	101	3384558	6851	1
p006v2	127	Pulse	255	3390000	5294	NA
p006v2	129	Pulse	255	3420000	4796	NA
p006v2	130	Pulse	255	3450000	24630	NA
p006v2	130	Response	100	3469597	44228	1
p006v2	131	Pulse	255	3480000	10301	NA
p006v2	133	Pulse	255	3510000	9804	NA
p006v2	134	Response	100	3520797	10435	1
p006v2	136	Pulse	255	3540000	8806	NA
p006v2	138	Response	100	3569283	7758	1
p006v2	139	Pulse	255	3570000	643	NA
p006v2	141	Pulse	255	3600000	146	NA
p006v2	142	Response	101	3625597	15577	1
p006v2	143	Pulse	255	3630000	4314	NA
p006v2	145	Pulse	255	3660000	3817	NA
p006v2	146	Response	101	3675918	9569	1
p006v2	148	Pulse	255	3690000	3653	NA
p006v2	150	Pulse	255	3720000	3322	NA
p006v2	150	Response	100	3742801	26123	1
p006v2	151	Pulse	255	3750000	6991	NA
p006v2	153	Pulse	255	3780000	6494	NA
p006v2	154	Response	100	3790638	6966	1
p006v2	156	Pulse	255	3810000	8830	NA
p006v2	158	Pulse	255	3840000	8499	NA
p006v2	158	Response	101	3843198	11697	1
p006v2	160	Pulse	255	3870000	16334	NA
p006v2	162	Response	101	3893197	9201	1
p006v2	163	Pulse	255	3900000	6671	NA
p006v2	165	Pulse	255	3930000	6174	NA
p006v2	166	Response	101	3941997	8005	1
p006v2	168	Pulse	255	3960000	7510	NA
p006v2	170	Pulse	255	3990000	7179	NA
p006v2	170	Response	100	3998397	15576	1
p006v2	172	Pulse	255	4020000	11181	NA
p006v2	174	Response	100	4046477	7328	1
p006v2	175	Pulse	255	4050000	3351	NA
p006v2	177	Pulse	255	4080000	2854	NA
p006v2	178	Response	100	4095117	7805	1
p006v2	180	Pulse	255	4110000	4356	NA
p006v2	182	Pulse	255	4140000	4025	NA
p006v2	182	Response	100	4153596	17622	1
p006v2	184	Pulse	255	4170000	5861	NA
p006v2	186	Pulse	255	4200000	5531	NA
p006v2	186	Response	101	4202317	7848	1
p006v2	188	Pulse	255	4230000	17199	NA
p006v2	190	Response	100	4251356	8224	1
p006v2	191	Pulse	255	4260000	8536	NA
p006v2	193	Pulse	255	4290000	8038	NA
p006v2	194	Response	101	4304077	11949	1
p006v2	196	Pulse	255	4320000	5541	NA
p006v2	198	Pulse	255	4350000	5210	NA
p006v2	198	Response	100	4362556	17766	1
p006v2	200	Pulse	255	4380000	7046	NA
p006v2	202	Pulse	255	4410000	6715	NA
p006v2	202	Response	101	4412076	8792	1
p006v2	204	Pulse	255	4440000	17384	NA
p006v2	206	Response	100	4461917	8970	1
p006v2	207	Pulse	255	4470000	7887	NA
p006v2	209	Pulse	255	4500000	7390	NA
p006v2	210	Response	101	4515837	13061	1
p006v2	212	Pulse	255	4530000	3726	NA
p006v2	214	Pulse	255	4560000	3395	NA
p006v2	214	Response	101	4567836	11232	1
p006v2	216	Pulse	255	4590000	11731	NA
p006v2	218	Response	101	4616395	7795	1
p006v2	219	Pulse	255	4620000	3401	NA
p006v2	221	Pulse	255	4650000	2903	NA
p006v2	222	Response	100	4678396	21133	1
p006v2	223	Pulse	255	4680000	1406	NA
p006v2	225	Pulse	255	4710000	909	NA
p006v2	226	Response	101	4728158	8900	1
p006v2	228	Pulse	255	4740000	1411	NA
p006v2	230	Pulse	255	4770000	1080	NA
p006v2	230	Response	101	4775036	6117	1
p006v2	232	Pulse	255	4800000	14415	NA
p006v2	234	Response	100	4821916	6000	1
p006v2	235	Pulse	255	4830000	7918	NA
p006v2	237	Pulse	255	4860000	7421	NA
p006v2	238	Response	100	4873916	11171	1
p006v2	240	Pulse	255	4890000	5591	NA
p006v2	242	Picture	instruct_trial	4914740	0	1	167652	1	0	next	other	0
p006v2	242	Pulse	255	4920000	5260	NA
p006v2	242	Pulse	255	4950000	35260	NA
p006v2	242	Pulse	255	4980000	65260	NA
p006v2	242	Pulse	255	5010000	95260	NA
p006v2	242	Pulse	255	5040000	125260	NA
p006v2	242	Pulse	255	5070000	155260	NA
p006v2	242	Response	101	5082317	167577	1
p006v2	243	Response	101	5099115	16556	1
p006v2	244	Pulse	255	5100000	776	NA
p006v2	246	Pulse	255	5130000	279	NA
p006v2	247	Pulse	255	5160000	20113	NA
p006v2	247	Response	100	5163196	23309	1
p006v2	249	Pulse	255	5190000	16282	NA
p006v2	251	Response	100	5218077	14028	1
p006v2	252	Pulse	255	5220000	1786	NA
p006v2	254	Pulse	255	5250000	1289	NA
p006v2	255	Response	100	5267277	8400	1
p006v2	257	Pulse	255	5280000	2291	NA
p006v2	259	Pulse	255	5310000	1961	NA
p006v2	259	Response	100	5317115	9076	1
p006v2	261	Pulse	255	5340000	12462	NA
p006v2	263	Response	100	5367515	9646	1
p006v2	264	Pulse	255	5370000	2299	NA
p006v2	266	Pulse	255	5400000	1802	NA
p006v2	267	Response	101	5425835	17471	1
p006v2	268	Pulse	255	5430000	3971	NA
p006v2	270	Pulse	255	5460000	3474	NA
p006v2	271	Response	101	5480232	13540	1
p006v2	272	Pulse	255	5490000	9642	NA
p006v2	274	Pulse	255	5520000	9145	NA
p006v2	275	Response	101	5533275	12254	1
p006v2	277	Pulse	255	5550000	6314	NA
p006v2	279	Pulse	255	5580000	5984	NA
p006v2	279	Response	100	5582715	8699	1
p006v2	281	Pulse	255	5610000	16819	NA
p006v2	283	Pulse	255	5640000	16488	NA
p006v2	283	Response	100	5642555	19043	1
p006v2	285	Pulse	255	5670000	16991	NA
p006v2	287	Response	101	5697835	14495	1
p006v2	288	Pulse	255	5700000	1995	NA
p006v2	290	Pulse	255	5730000	1497	NA
p006v2	291	Response	100	5750395	11727	1
p006v2	292	Pulse	255	5760000	9499	NA
p006v2	294	Pulse	255	5790000	9002	NA
p006v2	295	Pulse	255	5820000	28836	NA
p006v2	295	Response	100	5827115	35951	1
p006v2	297	Pulse	255	5850000	12340	NA
p006v2	299	Pulse	255	5880000	12009	NA
p006v2	299	Response	101	5892875	24884	1
p006v2	301	Pulse	255	5910000	6679	NA
p006v2	303	Pulse	255	5940000	6348	NA
p006v2	303	Response	101	5943035	9383	1
p006v2	305	Pulse	255	5970000	16517	NA
p006v2	307	Pulse	255	6000000	16186	NA
p006v2	307	Response	101	6005114	21300	1
p006v2	309	Pulse	255	6030000	14356	NA
p006v2	311	Response	100	6058156	12181	1
p006v2	312	Pulse	255	6060000	1693	NA
p006v2	314	Pulse	255	6090000	1195	NA
p006v2	315	Response	101	6112796	13825	1
p006v2	316	Pulse	255	6120000	7031	NA
p006v2	318	Pulse	255	6150000	6533	NA
p006v2	319	Response	100	6160315	6682	1
p006v2	321	Pulse	255	6180000	9202	NA
p006v2	323	Pulse	255	6210000	8872	NA
p006v2	323	Response	100	6215434	14305	1
p006v2	325	Pulse	255	6240000	14040	NA
p006v2	327	Response	101	6269276	12986	1
p006v2	328	Pulse	255	6270000	544	NA
p006v2	330	Pulse	255	6300000	47	NA
p006v2	331	Pulse	255	6330000	19881	NA
p006v2	331	Response	101	6342714	32595	1
p006v2	333	Pulse	255	6360000	6885	NA
p006v2	335	Pulse	255	6390000	6554	NA
p006v2	335	Pulse	255	6420000	36554	NA
p006v2	335	Pulse	255	6450000	66554	NA
p006v2	335	Response	100	6459035	75589	1
p006v2	337	Pulse	255	6480000	10562	NA
p006v2	339	Response	101	6506634	6864	1
p006v2	340	Pulse	255	6510000	3231	NA
p006v2	342	Pulse	255	6540000	2734	NA
p006v2	343	Response	100	6554075	6644	1
p006v2	345	Pulse	255	6570000	5403	NA
p006v2	347	Pulse	255	6600000	5072	NA
p006v2	347	Response	100	6607514	12587	1
p006v2	349	Pulse	255	6630000	12074	NA
p006v2	351	Response	101	6656954	8698	1
p006v2	352	Pulse	255	6660000	2911	NA
p006v2	354	Pulse	255	6690000	2414	NA
p006v2	355	Response	101	6718795	21043	1
p006v2	356	Pulse	255	6720000	1083	NA
p006v2	358	Pulse	255	6750000	586	NA
p006v2	359	Response	100	6765914	6334	1
p006v2	361	Pulse	255	6780000	3588	NA
p006v2	363	Pulse	255	6810000	3258	NA
p006v2	363	Response	100	6822631	15888	1
p006v2	365	Pulse	255	6840000	6927	NA
p006v2	367	Pulse	255	6870000	6596	NA
p006v2	367	Response	100	6875274	11870	1
p006v2	369	Pulse	255	6900000	14264	NA
p006v2	371	Response	100	6923993	7926	1
p006v2	372	Pulse	255	6930000	5934	NA
p006v2	374	Pulse	255	6960000	5437	NA
p006v2	375	Response	101	6971913	7184	1
p006v2	377	Pulse	255	6990000	7606	NA
p006v2	379	Pulse	255	7020000	7275	NA
p006v2	379	Pulse	255	7050000	37275	NA
p006v2	379	Response	101	7055994	43269	1
p006v2	381	Pulse	255	7080000	13613	NA
p006v2	383	Response	100	7104473	7756	1
p006v2	384	Pulse	255	7110000	5450	NA
p006v2	386	Pulse	255	7140000	4953	NA
p006v2	387	Response	100	7167674	22461	1
p006v2	388	Pulse	255	7170000	2122	NA
p006v2	390	Pulse	255	7200000	1625	NA
p006v2	391	Response	101	7222474	13933	1
p006v2	392	Pulse	255	7230000	7460	NA
p006v2	394	Pulse	255	7260000	6963	NA
p006v2	395	Response	101	7279273	16071	1
p006v2	397	Pulse	255	7290000	300	NA
p006v2	398	Pulse	255	7320000	10135	NA
p006v2	399	Response	101	7327673	7642	1
p006v2	401	Pulse	255	7350000	11804	NA
p006v2	403	Response	100	7375673	7146	1
p006v2	404	Pulse	255	7380000	4141	NA
p006v2	406	Pulse	255	7410000	3643	NA
p006v2	407	Response	101	7431354	14831	1
p006v2	408	Pulse	255	7440000	8479	NA
p006v2	410	Pulse	255	7470000	7981	NA
p006v2	411	Response	101	7480793	8608	1
p006v2	413	Pulse	255	7500000	8817	NA
p006v2	415	Pulse	255	7530000	8486	NA
p006v2	415	Response	101	7541032	19518	1
p006v2	417	Pulse	255	7560000	8489	NA
p006v2	419	Pulse	255	7590000	8158	NA
p006v2	419	Response	101	7609512	27670	1
p006v2	420	Pulse	255	7620000	10327	NA
p006v2	422	Pulse	255	7650000	9830	NA
p006v2	423	Response	101	7660151	9815	1
p006v2	425	Pulse	255	7680000	9333	NA
p006v2	427	Pulse	255	7710000	9002	NA
p006v2	427	Response	100	7734073	33075	1
p006v2	427	Response	101	7734085	33087	1
p006v2	428	Pulse	255	7740000	5838	NA
p006v2	430	Pulse	255	7770000	5341	NA
p006v2	431	Response	100	7796153	21328	1
p006v2	431	Response	101	7796157	21332	6
p006v2	432	Pulse	255	7800000	3677	NA
p006v2	434	Pulse	255	7830000	3180	NA
p006v2	435	Response	100	7843836	6850	1
p006v2	437	Pulse	255	7860000	5682	NA
p006v2	439	Pulse	255	7890000	5351	NA
p006v2	439	Response	101	7891752	7103	1
p006v2	441	Pulse	255	7920000	17853	NA
p006v2	443	Response	100	7944395	11917	1
p006v2	444	Pulse	255	7950000	5523	NA
p006v2	446	Pulse	255	7980000	5026	NA
p006v2	447	Response	101	8007433	22293	1
p006v2	448	Pulse	255	8010000	2362	NA
p006v2	450	Pulse	255	8040000	1865	NA
p006v2	451	Response	100	8055352	7051	1
p006v2	453	Pulse	255	8070000	4200	NA
p006v2	455	Pulse	255	8100000	3870	NA
p006v2	455	Response	100	8103273	7142	1
p006v2	457	Pulse	255	8130000	16204	NA
p006v2	459	Response	100	8151033	6906	1
p006v2	460	Pulse	255	8160000	8874	NA
p006v2	462	Pulse	255	8190000	8377	NA
p006v2	463	Response	101	8203513	11724	1
p006v2	465	Pulse	255	8220000	6047	NA
p006v2	467	Pulse	255	8250000	5716	NA
p006v2	467	Response	100	8251992	7708	1
p006v2	469	Pulse	255	8280000	17551	NA
p006v2	471	Pulse	255	8310000	17220	NA
p006v2	471	Response	100	8315912	23132	1
p006v2	473	Pulse	255	8340000	13556	NA
p006v2	475	Response	101	8365752	8978	1
p006v2	476	Pulse	255	8370000	4060	NA
p006v2	478	Pulse	255	8400000	3562	NA
p006v2	479	Response	101	8415992	9389	1
p006v2	481	Pulse	255	8430000	3565	NA
p006v2	483	Picture	instruct_trial	8456766	0	1	344970	1	0	next	other	0
p006v2	483	Pulse	255	8460000	3234	NA
p006v2	483	Pulse	255	8490000	33234	NA
p006v2	483	Pulse	255	8520000	63234	NA
p006v2	483	Pulse	255	8550000	93234	NA
p006v2	483	Pulse	255	8580000	123234	NA
p006v2	483	Pulse	255	8610000	153234	NA
p006v2	483	Pulse	255	8640000	183234	NA
p006v2	483	Pulse	255	8670000	213234	NA
p006v2	483	Pulse	255	8700000	243234	NA
p006v2	483	Pulse	255	8730000	273234	NA
p006v2	483	Pulse	255	8760000	303234	NA
p006v2	483	Pulse	255	8790000	333234	NA
p006v2	483	Response	100	8801671	344905	1
p006v2	484	Pulse	255	8820000	18098	NA
p006v2	484	Response	100	8822871	20968	1
p006v2	486	Pulse	255	8850000	16600	NA
p006v2	488	Response	100	8879991	16261	1
p006v2	488	Pulse	255	8880000	16270	NA
p006v2	490	Pulse	255	8910000	19605	NA
p006v2	492	Response	101	8928312	7586	1
p006v2	494	Pulse	255	8940000	1276	NA
p006v2	496	Pulse	255	8970000	945	NA
p006v2	496	Response	100	8984471	15417	1
p006v2	498	Pulse	255	9000000	5114	NA
p006v2	500	Pulse	255	9030000	4784	NA
p006v2	500	Response	100	9033190	7973	1
p006v2	502	Pulse	255	9060000	16285	NA
p006v2	504	Response	101	9081991	7946	1
p006v2	505	Pulse	255	9090000	7955	NA
p006v2	507	Pulse	255	9120000	7458	NA
p006v2	508	Response	100	9127911	5203	1
p006v2	510	Pulse	255	9150000	11627	NA
p006v2	512	Pulse	255	9180000	11296	NA
p006v2	512	Response	100	9198391	29687	1
p006v2	514	Pulse	255	9210000	1133	NA
p006v2	516	Pulse	255	9240000	802	NA
p006v2	516	Response	100	9246951	7753	1
p006v2	518	Pulse	255	9270000	12637	NA
p006v2	520	Pulse	255	9300000	12306	NA
p006v2	520	Response	100	9302391	14698	1
p006v2	522	Pulse	255	9330000	17142	NA
p006v2	524	Response	101	9349589	6401	1
p006v2	525	Pulse	255	9360000	10312	NA
p006v2	527	Pulse	255	9390000	9815	NA
p006v2	528	Response	101	9411590	21238	1
p006v2	529	Pulse	255	9420000	8317	NA
p006v2	531	Pulse	255	9450000	7820	NA
p006v2	532	Pulse	255	9480000	27654	NA
p006v2	532	Response	101	9480070	27724	1
p006v2	534	Pulse	255	9510000	19491	NA
p006v2	536	Response	101	9526629	5789	1
p006v2	538	Pulse	255	9540000	2828	NA
p006v2	540	Pulse	255	9570000	2497	NA
p006v2	540	Response	100	9572390	4887	1
p006v2	542	Pulse	255	9600000	17165	NA
p006v2	544	Pulse	255	9630000	16835	NA
p006v2	544	Response	100	9635750	22585	1
p006v2	546	Pulse	255	9660000	13838	NA
p006v2	548	Response	100	9681750	5257	1
p006v2	549	Pulse	255	9690000	8174	NA
p006v2	551	Pulse	255	9720000	7677	NA
p006v2	552	Response	101	9737110	14621	1
p006v2	554	Pulse	255	9750000	2346	NA
p006v2	556	Pulse	255	9780000	2016	NA
p006v2	556	Response	101	9784231	6246	1
p006v2	558	Pulse	255	9810000	15351	NA
p006v2	560	Response	100	9830151	5171	1
p006v2	561	Pulse	255	9840000	9687	NA
p006v2	563	Pulse	255	9870000	9190	NA
p006v2	564	Response	101	9877030	6054	1
p006v2	566	Pulse	255	9900000	12525	NA
p006v2	568	Pulse	255	9930000	12195	NA
p006v2	568	Pulse	255	9960000	42195	NA
p006v2	568	Response	100	9964390	46585	1
p006v2	570	Pulse	255	9990000	15200	NA
p006v2	572	Response	100	10011430	6299	1
p006v2	573	Pulse	255	10020000	8369	NA
p006v2	575	Pulse	255	10050000	7872	NA
p006v2	576	Response	100	10057829	5536	1
p006v2	578	Pulse	255	10080000	11708	NA
p006v2	580	Response	100	10109030	10407	1
p006v2	581	Pulse	255	10110000	878	NA
p006v2	583	Pulse	255	10140000	381	NA
p006v2	584	Pulse	255	10170000	20215	NA
p006v2	584	Response	101	10176869	27084	1
p006v2	586	Pulse	255	10200000	12718	NA
p006v2	588	Response	101	10222949	5336	1
p006v2	589	Pulse	255	10230000	6888	NA
p006v2	591	Pulse	255	10260000	6390	NA
p006v2	592	Response	100	10287750	23975	1
p006v2	593	Pulse	255	10290000	2060	NA
p006v2	595	Pulse	255	10320000	1563	NA
p006v2	596	Response	100	10334870	6267	1
p006v2	598	Pulse	255	10350000	4732	NA
p006v2	600	Pulse	255	10380000	4401	NA
p006v2	600	Pulse	255	10410000	34401	NA
p006v2	600	Response	101	10414471	38872	1
p006v2	602	Pulse	255	10440000	15072	NA
p006v2	604	Response	101	10462150	6891	1
p006v2	605	Pulse	255	10470000	7742	NA
p006v2	607	Pulse	255	10500000	7245	NA
p006v2	608	Response	101	10508470	5548	1
p006v2	610	Pulse	255	10530000	11080	NA
p006v2	612	Pulse	255	10560000	10749	NA
p006v2	612	Response	101	10569750	20499	1
p006v2	614	Pulse	255	10590000	9752	NA
p006v2	616	Pulse	255	10620000	9421	NA
p006v2	616	Response	101	10625910	15331	1
p006v2	618	Pulse	255	10650000	13590	NA
p006v2	620	Pulse	255	10680000	13260	NA
p006v2	620	Response	100	10706150	39409	1
p006v2	621	Pulse	255	10710000	3763	NA
p006v2	623	Pulse	255	10740000	3266	NA
p006v2	624	Response	100	10769346	22446	1
p006v2	625	Pulse	255	10770000	602	NA
p006v2	627	Pulse	255	10800000	105	NA
p006v2	628	Response	101	10816393	6332	1
p006v2	630	Pulse	255	10830000	3107	NA
p006v2	632	Pulse	255	10860000	2776	NA
p006v2	632	Response	100	10872549	15325	1
p006v2	634	Pulse	255	10890000	6945	NA
p006v2	636	Response	100	10919190	5804	1
p006v2	637	Pulse	255	10920000	615	NA
p006v2	639	Pulse	255	10950000	118	NA
p006v2	640	Response	100	10974468	14420	1
p006v2	641	Pulse	255	10980000	5453	NA
p006v2	643	Pulse	255	11010000	4956	NA
p006v2	644	Response	101	11023108	7898	1
p006v2	646	Pulse	255	11040000	6458	NA
p006v2	648	Response	101	11069591	5718	1
p006v2	649	Pulse	255	11070000	295	NA
p006v2	650	Pulse	255	11100000	19962	NA
p006v2	652	Pulse	255	11130000	19632	NA
p006v2	652	Response	100	11137270	26901	1
p006v2	654	Pulse	255	11160000	12301	NA
p006v2	656	Response	100	11185029	7000	1
p006v2	657	Pulse	255	11190000	4805	NA
p006v2	659	Pulse	255	11220000	4307	NA
p006v2	660	Response	100	11230468	4610	1
p006v2	662	Pulse	255	11250000	9143	NA
p006v2	664	Pulse	255	11280000	8812	NA
p006v2	664	Response	100	11290068	18880	1
p006v2	666	Pulse	255	11310000	9481	NA
p006v2	668	Response	101	11335829	4980	1
p006v2	669	Pulse	255	11340000	3985	NA
p006v2	671	Pulse	255	11370000	3487	NA
p006v2	672	Response	100	11383508	6829	1
p006v2	674	Pulse	255	11400000	5990	NA
p006v2	676	Pulse	255	11430000	5659	NA
p006v2	676	Response	101	11433348	9007	1
p006v2	678	Pulse	255	11460000	16161	NA
p006v2	680	Pulse	255	11490000	15830	NA
p006v2	680	Response	100	11491349	17179	1
p006v2	682	Pulse	255	11520000	18166	NA
p006v2	684	Response	101	11537109	4944	1
p006v2	686	Pulse	255	11550000	2503	NA
p006v2	688	Pulse	255	11580000	2172	NA
p006v2	688	Response	100	11583508	5681	1
p006v2	690	Pulse	255	11610000	16007	NA
p006v2	692	Response	101	11632708	8384	1
p006v2	693	Pulse	255	11640000	7177	NA
p006v2	695	Pulse	255	11670000	6680	NA
p006v2	696	Response	101	11683591	10105	1
p006v2	698	Pulse	255	11700000	6016	NA
p006v2	700	Pulse	255	11730000	5685	NA
p006v2	700	Response	101	11730148	5833	1
p006v2	702	Pulse	255	11760000	19353	NA
p006v2	704	Response	100	11779028	8050	1
p006v2	706	Pulse	255	11790000	524	NA
p006v2	708	Pulse	255	11820000	193	NA
p006v2	708	Response	101	11844387	24580	1
p006v2	709	Pulse	255	11850000	5529	NA
p006v2	711	Pulse	255	11880000	5031	NA
p006v2	712	Response	101	11890948	5813	1
p006v2	714	Pulse	255	11910000	8534	NA
p006v2	716	Response	100	11936468	4671	1
p006v2	717	Pulse	255	11940000	3370	NA
p006v2	719	Pulse	255	11970000	2873	NA
p006v2	720	Response	100	11984147	6854	1
p006v2	722	Pulse	255	12000000	5375	NA
p006v2	724	Picture	instruct_trial	12024956	0	1	40163	1	0	next	other	0
p006v2	724	Pulse	255	12030000	5044	NA
p006v2	724	Pulse	255	12060000	35044	NA
