Scenario - learning_JJ_english
Logfile written - 08/11/2021 10:22:28

Subject	Trial	Event Type	Code	Time	TTime	Uncertainty	Duration	Uncertainty	ReqTime	ReqDur	Stim Type	Pair Index

p007v2	0	Pulse	255	0	0	NA
p007v2	1	Picture	instruct_trial	10333	0	1	548286	1	0	next	other	0
p007v2	1	Pulse	255	30000	19667	NA
p007v2	1	Pulse	255	60000	49667	NA
p007v2	1	Pulse	255	90000	79667	NA
p007v2	1	Pulse	255	120000	109667	NA
p007v2	1	Pulse	255	150000	139667	NA
p007v2	1	Pulse	255	180000	169667	NA
p007v2	1	Pulse	255	210000	199667	NA
p007v2	1	Pulse	255	240000	229667	NA
p007v2	1	Pulse	255	270000	259667	NA
p007v2	1	Pulse	255	300000	289667	NA
p007v2	1	Pulse	255	330000	319667	NA
p007v2	1	Pulse	255	360000	349667	NA
p007v2	1	Pulse	255	390000	379667	NA
p007v2	1	Pulse	255	420000	409667	NA
p007v2	1	Pulse	255	450000	439667	NA
p007v2	1	Pulse	255	480000	469667	NA
p007v2	1	Pulse	255	510000	499667	NA
p007v2	1	Pulse	255	540000	529667	NA
p007v2	1	Response	101	558429	548096	1
p007v2	1	Pulse	255	570000	559667	NA
p007v2	2	Response	101	585309	15191	1
p007v2	4	Pulse	255	600000	4218	NA
p007v2	6	Pulse	255	630000	3887	NA
p007v2	6	Pulse	255	660000	33887	NA
p007v2	6	Response	101	662909	36796	1
p007v2	8	Pulse	255	690000	16558	NA
p007v2	10	Response	100	717550	13777	1
p007v2	11	Pulse	255	720000	2395	NA
p007v2	13	Pulse	255	750000	1897	NA
p007v2	14	Response	100	762589	4321	1
p007v2	16	Pulse	255	780000	6899	NA
p007v2	18	Response	100	807870	4439	1
p007v2	19	Pulse	255	810000	2069	NA
p007v2	21	Pulse	255	840000	1572	NA
p007v2	22	Response	100	854509	5915	1
p007v2	24	Pulse	255	870000	5074	NA
p007v2	26	Pulse	255	900000	4743	NA
p007v2	26	Response	101	902348	7092	1
p007v2	28	Pulse	255	930000	17245	NA
p007v2	30	Response	101	949309	6224	1
p007v2	32	Pulse	255	960000	249	NA
p007v2	33	Pulse	255	990000	10084	NA
p007v2	34	Response	101	999629	9547	1
p007v2	36	Pulse	255	1020000	9920	NA
p007v2	38	Pulse	255	1050000	9589	NA
p007v2	38	Response	100	1050189	9779	1
p007v2	40	Pulse	255	1080000	19424	NA
p007v2	42	Response	101	1099229	8323	1
p007v2	44	Pulse	255	1110000	262	NA
p007v2	45	Pulse	255	1140000	10097	NA
p007v2	46	Response	101	1144110	4041	1
p007v2	48	Pulse	255	1170000	15432	NA
p007v2	50	Response	100	1192749	7851	1
p007v2	51	Pulse	255	1200000	7102	NA
p007v2	53	Pulse	255	1230000	6605	NA
p007v2	54	Response	100	1244989	11428	1
p007v2	56	Pulse	255	1260000	4608	NA
p007v2	58	Pulse	255	1290000	4277	NA
p007v2	58	Response	101	1294509	8786	1
p007v2	60	Pulse	255	1320000	14945	NA
p007v2	62	Response	101	1341387	6002	1
p007v2	63	Pulse	255	1350000	8449	NA
p007v2	65	Pulse	255	1380000	2118	NA
p007v2	66	Response	101	1394588	6541	1
p007v2	68	Pulse	255	1410000	4954	NA
p007v2	70	Pulse	255	1440000	4623	NA
p007v2	70	Response	100	1441949	6572	1
p007v2	72	Pulse	255	1470000	17625	NA
p007v2	74	Pulse	255	1500000	17294	NA
p007v2	74	Response	100	1500910	18204	1
p007v2	76	Pulse	255	1530000	18630	NA
p007v2	78	Response	100	1546588	4887	1
p007v2	80	Pulse	255	1560000	2967	NA
p007v2	82	Pulse	255	1590000	2636	NA
p007v2	82	Response	101	1592828	5465	1
p007v2	84	Pulse	255	1620000	16638	NA
p007v2	86	Response	101	1641387	7694	1
p007v2	87	Pulse	255	1650000	8474	NA
p007v2	89	Pulse	255	1680000	7977	NA
p007v2	90	Response	100	1709388	27200	1
p007v2	91	Pulse	255	1710000	480	NA
p007v2	92	Pulse	255	1740000	20148	NA
p007v2	94	Response	101	1760828	10645	1
p007v2	95	Pulse	255	1770000	8985	NA
p007v2	97	Pulse	255	1800000	8487	NA
p007v2	98	Response	101	1807707	6029	1
p007v2	100	Pulse	255	1830000	11823	NA
p007v2	102	Pulse	255	1860000	11492	NA
p007v2	102	Response	100	1874748	26240	1
p007v2	104	Pulse	255	1890000	4829	NA
p007v2	106	Pulse	255	1920000	4498	NA
p007v2	106	Pulse	255	1950000	34498	NA
p007v2	106	Pulse	255	1980000	64498	NA
p007v2	106	Response	100	1984188	68686	1
p007v2	108	Pulse	255	2010000	15338	NA
p007v2	110	Response	101	2031148	6156	1
p007v2	111	Pulse	255	2040000	8675	NA
p007v2	113	Pulse	255	2070000	8177	NA
p007v2	114	Pulse	255	2100000	28012	NA
p007v2	114	Response	101	2107949	35960	1
p007v2	116	Pulse	255	2130000	11516	NA
p007v2	118	Response	100	2153387	4572	1
p007v2	119	Pulse	255	2160000	6519	NA
p007v2	121	Pulse	255	2190000	6021	NA
p007v2	122	Response	101	2202750	8605	1
p007v2	124	Pulse	255	2220000	6857	NA
p007v2	126	Pulse	255	2250000	6526	NA
p007v2	126	Pulse	255	2280000	36526	NA
p007v2	126	Response	101	2296107	52634	1
p007v2	128	Pulse	255	2310000	3365	NA
p007v2	130	Pulse	255	2340000	3035	NA
p007v2	130	Response	100	2344348	7383	1
p007v2	132	Pulse	255	2370000	15203	NA
p007v2	134	Response	101	2395466	10338	1
p007v2	135	Pulse	255	2400000	4373	NA
p007v2	137	Pulse	255	2430000	3876	NA
p007v2	138	Response	100	2443388	7098	1
p007v2	140	Pulse	255	2460000	6211	NA
p007v2	142	Pulse	255	2490000	5881	NA
p007v2	142	Response	100	2490909	6789	1
p007v2	144	Pulse	255	2520000	18549	NA
p007v2	146	Response	100	2543707	11925	1
p007v2	147	Pulse	255	2550000	6219	NA
p007v2	149	Pulse	255	2580000	5722	NA
p007v2	150	Response	101	2587948	3504	1
p007v2	152	Pulse	255	2610000	11557	NA
p007v2	154	Response	101	2634908	6135	1
p007v2	155	Pulse	255	2640000	4894	NA
p007v2	157	Pulse	255	2670000	4396	NA
p007v2	158	Response	101	2679148	3379	1
p007v2	160	Pulse	255	2700000	10398	NA
p007v2	162	Response	100	2728907	8975	1
p007v2	163	Pulse	255	2730000	902	NA
p007v2	165	Pulse	255	2760000	404	NA
p007v2	166	Response	100	2781545	11783	1
p007v2	167	Pulse	255	2790000	8406	NA
p007v2	169	Pulse	255	2820000	7909	NA
p007v2	170	Response	101	2828108	5851	1
p007v2	172	Pulse	255	2850000	11411	NA
p007v2	174	Pulse	255	2880000	11080	NA
p007v2	174	Response	100	2882588	13669	1
p007v2	176	Pulse	255	2910000	16916	NA
p007v2	178	Response	100	2928429	5014	1
p007v2	180	Pulse	255	2940000	1087	NA
p007v2	182	Pulse	255	2970000	756	NA
p007v2	182	Response	101	2979067	9823	1
p007v2	184	Pulse	255	3000000	10424	NA
p007v2	186	Pulse	255	3030000	10094	NA
p007v2	186	Pulse	255	3060000	40094	NA
p007v2	186	Response	100	3065625	45718	1
p007v2	188	Pulse	255	3090000	13932	NA
p007v2	190	Response	100	3112186	5787	1
p007v2	191	Pulse	255	3120000	7768	NA
p007v2	193	Pulse	255	3150000	7271	NA
p007v2	194	Response	100	3158587	5692	1
p007v2	196	Pulse	255	3180000	10940	NA
p007v2	198	Response	101	3206508	7117	1
p007v2	199	Pulse	255	3210000	3443	NA
p007v2	201	Pulse	255	3240000	2946	NA
p007v2	202	Response	101	3252668	5448	1
p007v2	204	Pulse	255	3270000	6948	NA
p007v2	206	Pulse	255	3300000	6617	NA
p007v2	206	Response	100	3312028	18645	1
p007v2	208	Pulse	255	3330000	7453	NA
p007v2	210	Pulse	255	3360000	7122	NA
p007v2	210	Response	100	3362508	9630	1
p007v2	212	Pulse	255	3390000	16957	NA
p007v2	214	Response	100	3417148	13774	1
p007v2	215	Pulse	255	3420000	2794	NA
p007v2	217	Pulse	255	3450000	2297	NA
p007v2	218	Response	100	3473549	15680	1
p007v2	219	Pulse	255	3480000	6299	NA
p007v2	221	Pulse	255	3510000	5802	NA
p007v2	222	Response	101	3521873	7509	1
p007v2	224	Pulse	255	3540000	7638	NA
p007v2	226	Response	100	3569468	6775	1
p007v2	227	Pulse	255	3570000	474	NA
p007v2	228	Pulse	255	3600000	20142	NA
p007v2	230	Pulse	255	3630000	19811	NA
p007v2	230	Response	100	3638108	27919	1
p007v2	232	Pulse	255	3660000	11481	NA
p007v2	234	Response	101	3689307	10458	1
p007v2	235	Pulse	255	3690000	485	NA
p007v2	236	Pulse	255	3720000	20152	NA
p007v2	238	Response	101	3735789	5611	1
p007v2	240	Pulse	255	3750000	3823	NA
p007v2	242	Picture	instruct_trial	3776508	0	1	26998	1	0	next	other	0
p007v2	242	Pulse	255	3780000	3492	NA
p007v2	242	Response	100	3803387	26879	1
p007v2	243	Pulse	255	3810000	6328	NA
p007v2	243	Response	100	3825147	21475	1
p007v2	245	Pulse	255	3840000	4331	NA
p007v2	247	Pulse	255	3870000	4000	NA
p007v2	247	Pulse	255	3900000	34000	NA
p007v2	247	Response	101	3919387	53387	1
p007v2	249	Pulse	255	3930000	172	NA
p007v2	250	Pulse	255	3960000	10007	NA
p007v2	251	Response	101	3973307	13148	1
p007v2	252	Response	100	3976667	3177	1
p007v2	253	Pulse	255	3990000	6177	NA
p007v2	255	Pulse	255	4020000	5846	NA
p007v2	255	Response	101	4029629	15475	1
p007v2	257	Pulse	255	4050000	9848	NA
p007v2	259	Pulse	255	4080000	9518	NA
p007v2	259	Response	101	4100267	29784	1
p007v2	260	Pulse	255	4110000	9520	NA
p007v2	262	Pulse	255	4140000	9023	NA
p007v2	263	Response	101	4152186	11043	1
p007v2	265	Pulse	255	4170000	7359	NA
p007v2	267	Pulse	255	4200000	7028	NA
p007v2	267	Response	100	4204828	11856	1
p007v2	269	Pulse	255	4230000	14697	NA
p007v2	271	Pulse	255	4260000	14366	NA
p007v2	271	Response	100	4267787	22153	1
p007v2	273	Pulse	255	4290000	11702	NA
p007v2	275	Response	100	4318906	10278	1
p007v2	276	Pulse	255	4320000	1039	NA
p007v2	278	Pulse	255	4350000	542	NA
p007v2	279	Response	100	4376667	17043	1
p007v2	280	Pulse	255	4380000	3211	NA
p007v2	282	Pulse	255	4410000	2713	NA
p007v2	283	Response	101	4427625	10172	1
p007v2	285	Pulse	255	4440000	1883	NA
p007v2	287	Pulse	255	4470000	1552	NA
p007v2	287	Response	101	4484106	15658	1
p007v2	289	Pulse	255	4500000	5388	NA
p007v2	291	Pulse	255	4530000	5057	NA
p007v2	291	Response	101	4558027	33084	1
p007v2	292	Pulse	255	4560000	1893	NA
p007v2	294	Pulse	255	4590000	1396	NA
p007v2	295	Response	101	4613787	15017	1
p007v2	296	Pulse	255	4620000	6065	NA
p007v2	298	Pulse	255	4650000	5567	NA
p007v2	299	Response	100	4669787	15188	1
p007v2	300	Pulse	255	4680000	10069	NA
p007v2	302	Pulse	255	4710000	9572	NA
p007v2	303	Response	100	4714507	3913	1
p007v2	305	Pulse	255	4740000	15074	NA
p007v2	307	Pulse	255	4770000	14743	NA
p007v2	307	Pulse	255	4800000	44743	NA
p007v2	307	Pulse	255	4830000	74743	NA
p007v2	307	Response	100	4834666	79410	1
p007v2	309	Pulse	255	4860000	14918	NA
p007v2	311	Response	101	4889787	14374	1
p007v2	312	Pulse	255	4890000	88	NA
p007v2	313	Pulse	255	4920000	19756	NA
p007v2	315	Response	101	4939627	9052	1
p007v2	316	Pulse	255	4950000	10259	NA
p007v2	318	Pulse	255	4980000	9762	NA
p007v2	319	Response	100	4992108	11704	1
p007v2	321	Pulse	255	5010000	7431	NA
p007v2	323	Pulse	255	5040000	7101	NA
p007v2	323	Response	101	5050906	18007	1
p007v2	325	Pulse	255	5070000	8603	NA
p007v2	327	Pulse	255	5100000	8272	NA
p007v2	327	Response	100	5119227	27500	1
p007v2	329	Pulse	255	5130000	276	NA
p007v2	330	Pulse	255	5160000	10111	NA
p007v2	331	Pulse	255	5190000	29945	NA
p007v2	331	Response	100	5206266	46211	1
p007v2	333	Pulse	255	5220000	3283	NA
p007v2	335	Pulse	255	5250000	2952	NA
p007v2	335	Response	100	5268511	21463	1
p007v2	337	Pulse	255	5280000	955	NA
p007v2	339	Pulse	255	5310000	625	NA
p007v2	339	Pulse	255	5340000	30625	NA
p007v2	339	Response	100	5342906	33531	1
p007v2	341	Pulse	255	5370000	16628	NA
p007v2	343	Pulse	255	5400000	16298	NA
p007v2	343	Response	101	5412186	28484	1
p007v2	345	Pulse	255	5430000	7301	NA
p007v2	347	Pulse	255	5460000	6970	NA
p007v2	347	Response	101	5467706	14677	1
p007v2	349	Pulse	255	5490000	11806	NA
p007v2	351	Pulse	255	5520000	11475	NA
p007v2	351	Response	100	5524027	15502	1
p007v2	353	Pulse	255	5550000	15477	NA
p007v2	355	Response	100	5573626	8772	1
p007v2	356	Pulse	255	5580000	6314	NA
p007v2	358	Pulse	255	5610000	5817	NA
p007v2	359	Response	101	5619066	4716	1
p007v2	361	Pulse	255	5640000	10486	NA
p007v2	363	Pulse	255	5670000	10155	NA
p007v2	363	Response	101	5678025	18180	1
p007v2	365	Pulse	255	5700000	11491	NA
p007v2	367	Pulse	255	5730000	11160	NA
p007v2	367	Response	101	5732747	13906	1
p007v2	369	Pulse	255	5760000	16829	NA
p007v2	371	Pulse	255	5790000	16498	NA
p007v2	371	Response	101	5797066	23564	1
p007v2	373	Pulse	255	5820000	12501	NA
p007v2	375	Pulse	255	5850000	12170	NA
p007v2	375	Response	100	5853226	15396	1
p007v2	377	Pulse	255	5880000	16339	NA
p007v2	379	Pulse	255	5910000	16008	NA
p007v2	379	Pulse	255	5940000	46008	NA
p007v2	379	Response	100	5941786	47795	1
p007v2	381	Pulse	255	5970000	17680	NA
p007v2	383	Response	101	5990986	8336	1
p007v2	384	Pulse	255	6000000	8850	NA
p007v2	386	Pulse	255	6030000	8353	NA
p007v2	387	Response	101	6039627	7814	1
p007v2	389	Pulse	255	6060000	9855	NA
p007v2	391	Response	100	6085466	4990	1
p007v2	392	Pulse	255	6090000	4358	NA
p007v2	394	Pulse	255	6120000	3861	NA
p007v2	395	Response	100	6135386	9082	1
p007v2	397	Pulse	255	6150000	4197	NA
p007v2	399	Pulse	255	6180000	3866	NA
p007v2	399	Response	101	6187147	11013	1
p007v2	401	Pulse	255	6210000	12368	NA
p007v2	403	Pulse	255	6240000	12037	NA
p007v2	403	Response	100	6249225	21262	1
p007v2	405	Pulse	255	6270000	10373	NA
p007v2	407	Response	101	6296827	6870	1
p007v2	408	Pulse	255	6300000	3043	NA
p007v2	410	Pulse	255	6330000	2546	NA
p007v2	411	Response	100	6358507	20887	1
p007v2	412	Pulse	255	6360000	1382	NA
p007v2	414	Pulse	255	6390000	884	NA
p007v2	415	Response	100	6418666	19384	1
p007v2	416	Pulse	255	6420000	1220	NA
p007v2	418	Pulse	255	6450000	723	NA
p007v2	419	Response	100	6472347	12904	1
p007v2	420	Pulse	255	6480000	7558	NA
p007v2	422	Pulse	255	6510000	7061	NA
p007v2	423	Pulse	255	6540000	26895	NA
p007v2	423	Pulse	255	6570000	56895	NA
p007v2	423	Response	100	6570186	57081	1
p007v2	425	Pulse	255	6600000	19401	NA
p007v2	427	Response	101	6620426	9496	1
p007v2	428	Pulse	255	6630000	9404	NA
p007v2	430	Pulse	255	6660000	8907	NA
p007v2	431	Response	100	6676505	15247	1
p007v2	433	Pulse	255	6690000	3077	NA
p007v2	435	Pulse	255	6720000	2746	NA
p007v2	435	Response	100	6724026	6772	1
p007v2	437	Pulse	255	6750000	15581	NA
p007v2	439	Response	100	6772025	7276	1
p007v2	440	Pulse	255	6780000	7917	NA
p007v2	442	Pulse	255	6810000	7420	NA
p007v2	443	Response	101	6825386	12640	1
p007v2	445	Pulse	255	6840000	4090	NA
p007v2	447	Pulse	255	6870000	3759	NA
p007v2	447	Response	100	6874346	8104	1
p007v2	449	Pulse	255	6900000	15261	NA
p007v2	451	Response	101	6925306	10236	1
p007v2	452	Pulse	255	6930000	4597	NA
p007v2	454	Pulse	255	6960000	4100	NA
p007v2	455	Response	101	6976105	10040	1
p007v2	457	Pulse	255	6990000	3436	NA
p007v2	459	Pulse	255	7020000	3105	NA
p007v2	459	Response	101	7026825	9930	1
p007v2	461	Pulse	255	7050000	12774	NA
p007v2	463	Pulse	255	7080000	12443	NA
p007v2	463	Response	101	7082265	14708	1
p007v2	465	Pulse	255	7110000	17279	NA
p007v2	467	Pulse	255	7140000	16948	NA
p007v2	467	Response	100	7140427	17375	1
p007v2	469	Pulse	255	7170000	19117	NA
p007v2	471	Response	101	7190506	9292	1
p007v2	472	Pulse	255	7200000	9287	NA
p007v2	474	Pulse	255	7230000	8790	NA
p007v2	475	Response	100	7244665	13289	1
p007v2	477	Pulse	255	7260000	4793	NA
p007v2	479	Pulse	255	7290000	4462	NA
p007v2	479	Response	100	7307465	21927	1
p007v2	481	Pulse	255	7320000	2131	NA
p007v2	483	Picture	instruct_trial	7348199	0	1	46996	1	0	next	other	0
p007v2	483	Pulse	255	7350000	1801	NA
p007v2	483	Pulse	255	7380000	31801	NA
p007v2	483	Response	100	7395065	46866	1
p007v2	484	Response	101	7401944	6582	1
p007v2	485	Pulse	255	7410000	7972	NA
p007v2	487	Pulse	255	7440000	7475	NA
p007v2	488	Response	100	7466105	23414	1
p007v2	489	Pulse	255	7470000	3811	NA
p007v2	491	Pulse	255	7500000	3313	NA
p007v2	492	Response	101	7516584	9732	5
p007v2	494	Pulse	255	7530000	2983	NA
p007v2	496	Pulse	255	7560000	2652	NA
p007v2	496	Response	101	7562905	5557	1
p007v2	498	Pulse	255	7590000	16653	NA
p007v2	500	Pulse	255	7620000	16323	NA
p007v2	500	Response	100	7631545	27868	1
p007v2	502	Pulse	255	7650000	7993	NA
p007v2	504	Pulse	255	7680000	7662	NA
p007v2	504	Response	101	7684669	12331	1
p007v2	506	Pulse	255	7710000	14831	NA
p007v2	508	Response	100	7735545	10045	1
p007v2	509	Pulse	255	7740000	4334	NA
p007v2	511	Pulse	255	7770000	3837	NA
p007v2	512	Pulse	255	7800000	23671	NA
p007v2	512	Response	101	7803786	27457	1
p007v2	514	Pulse	255	7830000	15674	NA
p007v2	516	Pulse	255	7860000	15343	NA
p007v2	516	Pulse	255	7890000	45343	NA
p007v2	516	Pulse	255	7920000	75343	NA
p007v2	516	Response	100	7937303	92647	1
p007v2	518	Pulse	255	7950000	2186	NA
p007v2	520	Pulse	255	7980000	1855	NA
p007v2	520	Response	100	7998986	20841	1
p007v2	522	Pulse	255	8010000	524	NA
p007v2	524	Pulse	255	8040000	194	NA
p007v2	524	Pulse	255	8070000	30194	NA
p007v2	524	Response	101	8098185	58379	1
p007v2	525	Pulse	255	8100000	1699	NA
p007v2	527	Pulse	255	8130000	1201	NA
p007v2	528	Response	101	8154584	15620	1
p007v2	529	Pulse	255	8160000	5204	NA
p007v2	531	Pulse	255	8190000	4706	NA
p007v2	532	Response	100	8212025	16565	1
p007v2	533	Pulse	255	8220000	7875	NA
p007v2	535	Pulse	255	8250000	7378	NA
p007v2	536	Response	101	8260665	7877	1
p007v2	538	Pulse	255	8280000	8880	NA
p007v2	540	Pulse	255	8310000	8550	NA
p007v2	540	Response	100	8313944	12494	1
p007v2	542	Pulse	255	8340000	15552	NA
p007v2	544	Pulse	255	8370000	15221	NA
p007v2	544	Pulse	255	8400000	45221	NA
p007v2	544	Response	100	8412184	57405	1
p007v2	546	Pulse	255	8430000	7393	NA
p007v2	548	Pulse	255	8460000	7063	NA
p007v2	548	Response	100	8467308	14370	1
p007v2	550	Pulse	255	8490000	12231	NA
p007v2	552	Pulse	255	8520000	11901	NA
p007v2	552	Response	101	8531465	23365	1
p007v2	554	Pulse	255	8550000	8070	NA
p007v2	556	Pulse	255	8580000	7740	NA
p007v2	556	Response	101	8590906	18645	1
p007v2	558	Pulse	255	8610000	8575	NA
p007v2	560	Pulse	255	8640000	8245	NA
p007v2	560	Response	100	8661465	29710	1
p007v2	561	Pulse	255	8670000	8414	NA
p007v2	563	Pulse	255	8700000	7917	NA
p007v2	564	Response	101	8710504	8255	1
p007v2	566	Pulse	255	8730000	9086	NA
p007v2	568	Pulse	255	8760000	8755	NA
p007v2	568	Pulse	255	8790000	38755	NA
p007v2	568	Response	101	8801945	50700	1
p007v2	570	Pulse	255	8820000	7594	NA
p007v2	572	Pulse	255	8850000	7263	NA
p007v2	572	Response	100	8852745	10008	1
p007v2	574	Pulse	255	8880000	16765	NA
p007v2	576	Response	100	8906105	12539	1
p007v2	577	Pulse	255	8910000	3768	NA
p007v2	579	Pulse	255	8940000	3271	NA
p007v2	580	Response	100	8950344	3449	1
p007v2	582	Pulse	255	8970000	9273	NA
p007v2	584	Pulse	255	9000000	8942	NA
p007v2	584	Pulse	255	9030000	38942	NA
p007v2	584	Response	101	9037385	46327	1
p007v2	586	Pulse	255	9060000	12114	NA
p007v2	588	Response	101	9088184	9968	1
p007v2	589	Pulse	255	9090000	1618	NA
p007v2	591	Pulse	255	9120000	1120	NA
p007v2	592	Response	100	9133064	4018	1
p007v2	594	Pulse	255	9150000	6456	NA
p007v2	596	Response	100	9179463	5588	1
p007v2	597	Pulse	255	9180000	459	NA
p007v2	598	Pulse	255	9210000	20126	NA
p007v2	600	Response	101	9225944	5739	1
p007v2	602	Pulse	255	9240000	3630	NA
p007v2	604	Pulse	255	9270000	3300	NA
p007v2	604	Response	101	9282743	16042	1
p007v2	606	Pulse	255	9300000	6802	NA
p007v2	608	Pulse	255	9330000	6471	NA
p007v2	608	Response	101	9330984	7455	1
p007v2	610	Pulse	255	9360000	18473	NA
p007v2	612	Response	101	9375064	3206	1
p007v2	614	Pulse	255	9390000	4477	NA
p007v2	616	Pulse	255	9420000	4146	NA
p007v2	616	Pulse	255	9450000	34146	NA
p007v2	616	Response	100	9464744	48890	1
p007v2	618	Pulse	255	9480000	4818	NA
p007v2	620	Pulse	255	9510000	4487	NA
p007v2	620	Response	100	9511862	6349	1
p007v2	622	Pulse	255	9540000	17655	NA
p007v2	624	Response	101	9556504	3828	1
p007v2	626	Pulse	255	9570000	2992	NA
p007v2	628	Pulse	255	9600000	2661	NA
p007v2	628	Response	100	9606184	8845	1
p007v2	629	Response	101	9612502	6164	1
p007v2	630	Pulse	255	9630000	13330	NA
p007v2	632	Pulse	255	9660000	12999	NA
p007v2	632	Response	100	9665783	18782	1
p007v2	634	Pulse	255	9690000	13835	NA
p007v2	636	Response	100	9713303	6808	1
p007v2	637	Pulse	255	9720000	6505	NA
p007v2	639	Pulse	255	9750000	6007	NA
p007v2	640	Response	100	9767944	13786	1
p007v2	642	Pulse	255	9780000	1510	NA
p007v2	644	Pulse	255	9810000	1180	NA
p007v2	644	Response	101	9819543	10722	1
p007v2	646	Pulse	255	9840000	10015	NA
p007v2	648	Response	100	9866182	5867	1
p007v2	649	Pulse	255	9870000	3685	NA
p007v2	651	Pulse	255	9900000	3187	NA
p007v2	652	Response	100	9929865	22886	1
p007v2	653	Pulse	255	9930000	24	NA
p007v2	654	Pulse	255	9960000	19691	NA
p007v2	656	Response	101	9975463	4823	1
p007v2	658	Pulse	255	9990000	4028	NA
p007v2	660	Pulse	255	10020000	3698	NA
p007v2	660	Response	100	10024743	8441	1
p007v2	662	Pulse	255	10050000	14866	NA
p007v2	664	Response	100	10072344	6879	1
p007v2	665	Pulse	255	10080000	7536	NA
p007v2	667	Pulse	255	10110000	7038	NA
p007v2	668	Response	100	10118425	5298	1
p007v2	670	Pulse	255	10140000	11041	NA
p007v2	672	Pulse	255	10170000	10710	NA
p007v2	672	Response	101	10198263	38973	1
p007v2	673	Pulse	255	10200000	1547	NA
p007v2	675	Pulse	255	10230000	1049	NA
p007v2	676	Response	101	10251623	12507	1
p007v2	677	Pulse	255	10260000	8218	NA
p007v2	679	Pulse	255	10290000	7721	NA
p007v2	680	Response	100	10302582	10137	1
p007v2	682	Pulse	255	10320000	6890	NA
p007v2	684	Pulse	255	10350000	6559	NA
p007v2	684	Response	101	10350583	7143	1
p007v2	686	Pulse	255	10380000	18894	NA
p007v2	688	Response	100	10400184	8747	1
p007v2	689	Pulse	255	10410000	9731	NA
p007v2	691	Pulse	255	10440000	9233	NA
p007v2	692	Response	101	10449864	8932	1
p007v2	694	Pulse	255	10470000	9736	NA
p007v2	696	Response	101	10497783	7189	1
p007v2	697	Pulse	255	10500000	2073	NA
p007v2	699	Pulse	255	10530000	1575	NA
p007v2	700	Response	101	10545062	6472	1
p007v2	702	Pulse	255	10560000	4411	NA
p007v2	704	Pulse	255	10590000	4080	NA
p007v2	704	Response	100	10590423	4503	1
p007v2	706	Pulse	255	10620000	19081	NA
p007v2	708	Response	101	10636103	4855	1
p007v2	710	Pulse	255	10650000	3419	NA
p007v2	712	Pulse	255	10680000	3088	NA
p007v2	712	Response	101	10681783	4871	1
p007v2	714	Pulse	255	10710000	17756	NA
p007v2	716	Response	100	10739223	16648	1
p007v2	717	Pulse	255	10740000	593	NA
p007v2	719	Pulse	255	10770000	96	NA
p007v2	720	Response	100	10794022	13953	1
p007v2	721	Pulse	255	10800000	5765	NA
p007v2	723	Pulse	255	10830000	5267	NA
p007v2	724	Picture	instruct_trial	10834898	0	1	40163	1	0	next	other	0
p007v2	724	Pulse	255	10860000	25102	NA
