Scenario - learning_JJ_english
Logfile written - 08/04/2021 12:13:45

Subject	Trial	Event Type	Code	Time	TTime	Uncertainty	Duration	Uncertainty	ReqTime	ReqDur	Stim Type	Pair Index

p007	0	Pulse	255	0	0	NA
p007	1	Picture	instruct_trial	10333	0	1	1926666	1	0	next	other	0
p007	1	Pulse	255	30000	19667	NA
p007	1	Pulse	255	60000	49667	NA
p007	1	Pulse	255	90000	79667	NA
p007	1	Pulse	255	120000	109667	NA
p007	1	Pulse	255	150000	139667	NA
p007	1	Pulse	255	180000	169667	NA
p007	1	Pulse	255	210000	199667	NA
p007	1	Pulse	255	240000	229667	NA
p007	1	Pulse	255	270000	259667	NA
p007	1	Pulse	255	300000	289667	NA
p007	1	Pulse	255	330000	319667	NA
p007	1	Pulse	255	360000	349667	NA
p007	1	Pulse	255	390000	379667	NA
p007	1	Pulse	255	420000	409667	NA
p007	1	Pulse	255	450000	439667	NA
p007	1	Pulse	255	480000	469667	NA
p007	1	Pulse	255	510000	499667	NA
p007	1	Pulse	255	540000	529667	NA
p007	1	Pulse	255	570000	559667	NA
p007	1	Pulse	255	600000	589667	NA
p007	1	Pulse	255	630000	619667	NA
p007	1	Pulse	255	660000	649667	NA
p007	1	Pulse	255	690000	679667	NA
p007	1	Pulse	255	720000	709667	NA
p007	1	Pulse	255	750000	739667	NA
p007	1	Pulse	255	780000	769667	NA
p007	1	Pulse	255	810000	799667	NA
p007	1	Pulse	255	840000	829667	NA
p007	1	Pulse	255	870000	859667	NA
p007	1	Pulse	255	900000	889667	NA
p007	1	Pulse	255	930000	919667	NA
p007	1	Pulse	255	960000	949667	NA
p007	1	Pulse	255	990000	979667	NA
p007	1	Pulse	255	1020000	1009667	NA
p007	1	Pulse	255	1050000	1039667	NA
p007	1	Pulse	255	1080000	1069667	NA
p007	1	Pulse	255	1110000	1099667	NA
p007	1	Pulse	255	1140000	1129667	NA
p007	1	Pulse	255	1170000	1159667	NA
p007	1	Pulse	255	1200000	1189667	NA
p007	1	Pulse	255	1230000	1219667	NA
p007	1	Pulse	255	1260000	1249667	NA
p007	1	Pulse	255	1290000	1279667	NA
p007	1	Pulse	255	1320000	1309667	NA
p007	1	Pulse	255	1350000	1339667	NA
p007	1	Pulse	255	1380000	1369667	NA
p007	1	Pulse	255	1410000	1399667	NA
p007	1	Pulse	255	1440000	1429667	NA
p007	1	Pulse	255	1470000	1459667	NA
p007	1	Pulse	255	1500000	1489667	NA
p007	1	Pulse	255	1530000	1519667	NA
p007	1	Pulse	255	1560000	1549667	NA
p007	1	Pulse	255	1590000	1579667	NA
p007	1	Pulse	255	1620000	1609667	NA
p007	1	Pulse	255	1650000	1639667	NA
p007	1	Pulse	255	1680000	1669667	NA
p007	1	Pulse	255	1710000	1699667	NA
p007	1	Pulse	255	1740000	1729667	NA
p007	1	Pulse	255	1770000	1759667	NA
p007	1	Pulse	255	1800000	1789667	NA
p007	1	Pulse	255	1830000	1819667	NA
p007	1	Pulse	255	1860000	1849667	NA
p007	1	Pulse	255	1890000	1879667	NA
p007	1	Pulse	255	1920000	1909667	NA
p007	1	Response	101	1936843	1926510	1
p007	1	Pulse	255	1950000	1939667	NA
p007	2	Pulse	255	1980000	29836	NA
p007	2	Response	100	1985244	35079	1
p007	4	Pulse	255	2010000	14340	NA
p007	6	Pulse	255	2040000	14009	NA
p007	6	Pulse	255	2070000	44009	NA
p007	6	Pulse	255	2100000	74009	NA
p007	6	Response	101	2116763	90772	1
p007	8	Pulse	255	2130000	2851	NA
p007	10	Pulse	255	2160000	2520	NA
p007	10	Response	101	2173402	15922	1
p007	12	Pulse	255	2190000	6189	NA
p007	14	Pulse	255	2220000	5858	NA
p007	14	Pulse	255	2250000	35858	NA
p007	14	Response	100	2258922	44781	1
p007	16	Pulse	255	2280000	10697	NA
p007	18	Response	100	2307882	8248	1
p007	19	Pulse	255	2310000	2033	NA
p007	21	Pulse	255	2340000	1536	NA
p007	22	Response	101	2356042	7412	1
p007	23	Response	100	2359402	3273	1
p007	23	Response	100	2362922	6792	1
p007	24	Pulse	255	2370000	3538	NA
p007	26	Pulse	255	2400000	3208	NA
p007	26	Response	100	2413243	16451	1
p007	28	Pulse	255	2430000	6377	NA
p007	30	Pulse	255	2460000	6046	NA
p007	30	Response	101	2463642	9688	1
p007	32	Pulse	255	2490000	15881	NA
p007	34	Response	101	2508202	3753	1
p007	36	Pulse	255	2520000	1385	NA
p007	38	Pulse	255	2550000	1054	NA
p007	38	Response	101	2561322	12376	1
p007	40	Pulse	255	2580000	8223	NA
p007	42	Pulse	255	2610000	7892	NA
p007	42	Response	101	2611642	9534	1
p007	44	Pulse	255	2640000	17894	NA
p007	46	Response	101	2660363	7926	1
p007	47	Pulse	255	2670000	9564	NA
p007	49	Pulse	255	2700000	9067	NA
p007	50	Response	101	2707001	5902	1
p007	52	Pulse	255	2730000	12569	NA
p007	54	Response	101	2751963	4201	1
p007	55	Pulse	255	2760000	7905	NA
p007	57	Pulse	255	2790000	7408	NA
p007	58	Response	100	2797481	4723	1
p007	60	Pulse	255	2820000	12077	NA
p007	62	Response	101	2844281	6028	1
p007	63	Pulse	255	2850000	5580	NA
p007	65	Pulse	255	2880000	5083	NA
p007	66	Response	100	2888361	3278	1
p007	68	Pulse	255	2910000	11251	NA
p007	70	Response	101	2933961	4882	1
p007	71	Response	100	2936041	1962	1
p007	71	Pulse	255	2940000	5921	NA
p007	73	Pulse	255	2970000	5424	NA
p007	74	Response	101	2981801	7059	1
p007	76	Pulse	255	3000000	7759	NA
p007	78	Response	100	3027721	5150	1
p007	79	Pulse	255	3030000	2096	NA
p007	81	Pulse	255	3060000	1599	NA
p007	82	Response	100	3073881	5314	1
p007	84	Pulse	255	3090000	5601	NA
p007	86	Response	101	3117642	2912	1
p007	87	Pulse	255	3120000	2270	NA
p007	89	Pulse	255	3150000	1773	NA
p007	90	Response	101	3162283	3890	1
p007	92	Pulse	255	3180000	7275	NA
p007	94	Response	100	3206121	3066	1
p007	95	Pulse	255	3210000	3778	NA
p007	97	Pulse	255	3240000	3281	NA
p007	98	Response	100	3252202	5317	1
p007	100	Pulse	255	3270000	7283	NA
p007	102	Response	101	3297081	4033	1
p007	103	Pulse	255	3300000	2786	NA
p007	105	Pulse	255	3330000	2289	NA
p007	106	Response	101	3341160	3283	1
p007	108	Pulse	255	3360000	8457	NA
p007	110	Response	101	3386362	4489	1
p007	111	Pulse	255	3390000	3460	NA
p007	113	Pulse	255	3420000	2963	NA
p007	114	Response	101	3431321	4118	1
p007	116	Pulse	255	3450000	8299	NA
p007	118	Response	100	3475641	3609	1
p007	119	Pulse	255	3480000	4301	NA
p007	121	Pulse	255	3510000	3804	NA
p007	122	Response	100	3520120	3759	1
p007	124	Pulse	255	3540000	9473	NA
p007	126	Response	100	3564922	4064	1
p007	127	Pulse	255	3570000	4976	NA
p007	129	Pulse	255	3600000	4479	NA
p007	130	Response	100	3614525	8838	1
p007	132	Pulse	255	3630000	4981	NA
p007	134	Pulse	255	3660000	4650	NA
p007	134	Response	101	3661801	6451	1
p007	136	Pulse	255	3690000	17819	NA
p007	138	Response	101	3708520	6008	1
p007	140	Pulse	255	3720000	989	NA
p007	142	Pulse	255	3750000	659	NA
p007	142	Response	100	3754601	5259	1
p007	144	Pulse	255	3780000	14993	NA
p007	146	Response	100	3799400	4063	1
p007	148	Pulse	255	3810000	164	NA
p007	149	Pulse	255	3840000	9999	NA
p007	150	Response	101	3843802	3635	1
p007	152	Pulse	255	3870000	15668	NA
p007	154	Response	101	3889480	4817	1
p007	156	Pulse	255	3900000	5	NA
p007	157	Pulse	255	3930000	9840	NA
p007	158	Response	101	3934040	3715	1
p007	160	Pulse	255	3960000	15509	NA
p007	162	Response	101	3980280	5459	1
p007	163	Response	100	3986280	5792	1
p007	163	Pulse	255	3990000	9512	NA
p007	165	Pulse	255	4020000	9015	NA
p007	166	Response	101	4032601	11450	1
p007	168	Pulse	255	4050000	7017	NA
p007	170	Response	101	4077880	4566	1
p007	171	Pulse	255	4080000	2020	NA
p007	173	Pulse	255	4110000	1523	NA
p007	174	Response	101	4124840	6197	1
p007	176	Pulse	255	4140000	4692	NA
p007	178	Pulse	255	4170000	4361	NA
p007	178	Response	101	4179160	13521	1
p007	180	Pulse	255	4200000	10363	NA
p007	182	Response	101	4227720	7753	1
p007	183	Pulse	255	4230000	2200	NA
p007	185	Pulse	255	4260000	1703	NA
p007	186	Pulse	255	4290000	21537	NA
p007	186	Response	101	4296360	27897	1
p007	188	Pulse	255	4320000	13207	NA
p007	190	Response	100	4342201	5078	1
p007	191	Pulse	255	4350000	7710	NA
p007	193	Pulse	255	4380000	7213	NA
p007	194	Response	101	4387560	4607	1
p007	196	Pulse	255	4410000	12048	NA
p007	198	Pulse	255	4440000	11718	NA
p007	198	Response	101	4444200	15918	1
p007	200	Pulse	255	4470000	15387	NA
p007	202	Response	101	4488919	3975	1
p007	204	Pulse	255	4500000	557	NA
p007	206	Pulse	255	4530000	226	NA
p007	206	Response	100	4542679	12905	1
p007	208	Pulse	255	4560000	6895	NA
p007	210	Pulse	255	4590000	6564	NA
p007	210	Response	100	4593959	10523	1
p007	212	Pulse	255	4620000	15566	NA
p007	214	Response	100	4642999	8235	1
p007	215	Pulse	255	4650000	6903	NA
p007	217	Pulse	255	4680000	6406	NA
p007	218	Response	101	4692840	9079	1
p007	220	Pulse	255	4710000	6741	NA
p007	222	Pulse	255	4740000	6411	NA
p007	222	Response	100	4740599	7010	1
p007	224	Pulse	255	4770000	18912	NA
p007	226	Response	101	4791559	10141	1
p007	227	Pulse	255	4800000	8249	NA
p007	229	Pulse	255	4830000	7752	NA
p007	230	Response	100	4837879	5466	1
p007	232	Pulse	255	4860000	11587	NA
p007	234	Pulse	255	4890000	11257	NA
p007	234	Response	101	4890120	11377	1
p007	236	Pulse	255	4920000	19425	NA
p007	238	Response	101	4937961	7055	1
p007	240	Pulse	255	4950000	1596	NA
p007	242	Picture	instruct_trial	4978735	0	1	17832	1	0	next	other	0
p007	242	Pulse	255	4980000	1265	NA
p007	242	Response	100	4996360	17625	1
p007	243	Pulse	255	5010000	13267	NA
p007	243	Response	101	5027401	30668	1
p007	245	Pulse	255	5040000	2104	NA
p007	247	Pulse	255	5070000	1773	NA
p007	247	Pulse	255	5100000	31773	NA
p007	247	Pulse	255	5130000	61773	NA
p007	247	Pulse	255	5160000	91773	NA
p007	247	Response	101	5182279	114052	1
p007	248	Pulse	255	5190000	7616	NA
p007	250	Pulse	255	5220000	7119	NA
p007	251	Pulse	255	5250000	26953	NA
p007	251	Response	101	5252519	29472	1
p007	253	Pulse	255	5280000	16957	NA
p007	255	Pulse	255	5310000	16626	NA
p007	255	Response	101	5332199	38825	1
p007	256	Pulse	255	5340000	7629	NA
p007	258	Pulse	255	5370000	7132	NA
p007	259	Response	100	5379800	6766	1
p007	261	Pulse	255	5400000	9801	NA
p007	263	Pulse	255	5430000	9470	NA
p007	263	Response	100	5431399	10869	1
p007	265	Pulse	255	5460000	18139	NA
p007	267	Pulse	255	5490000	17808	NA
p007	267	Response	100	5515558	43366	1
p007	268	Pulse	255	5520000	4312	NA
p007	270	Pulse	255	5550000	3815	NA
p007	271	Response	101	5571958	15606	1
p007	272	Response	101	5577878	5861	1
p007	272	Pulse	255	5580000	7984	NA
p007	274	Pulse	255	5610000	7486	NA
p007	275	Response	100	5627958	15278	1
p007	277	Pulse	255	5640000	1656	NA
p007	279	Pulse	255	5670000	1325	NA
p007	279	Pulse	255	5700000	31325	NA
p007	279	Response	101	5710918	42244	1
p007	281	Pulse	255	5730000	8663	NA
p007	283	Pulse	255	5760000	8333	NA
p007	283	Response	101	5773558	21891	1
p007	285	Pulse	255	5790000	6002	NA
p007	287	Pulse	255	5820000	5671	NA
p007	287	Pulse	255	5850000	35671	NA
p007	287	Response	100	5854358	40030	1
p007	289	Pulse	255	5880000	15176	NA
p007	291	Response	101	5906118	10963	1
p007	292	Pulse	255	5910000	3679	NA
p007	294	Pulse	255	5940000	3182	NA
p007	295	Response	101	5962358	15374	1
p007	296	Pulse	255	5970000	7518	NA
p007	298	Pulse	255	6000000	7020	NA
p007	299	Response	100	6020918	17772	1
p007	300	Pulse	255	6030000	9023	NA
p007	302	Pulse	255	6060000	8525	NA
p007	303	Response	100	6065798	4158	1
p007	305	Pulse	255	6090000	13694	NA
p007	307	Pulse	255	6120000	13363	NA
p007	307	Response	101	6139078	32441	1
p007	309	Pulse	255	6150000	534	NA
p007	311	Pulse	255	6180000	203	NA
p007	311	Response	101	6208438	28641	1
p007	312	Pulse	255	6210000	1372	NA
p007	314	Pulse	255	6240000	875	NA
p007	315	Pulse	255	6270000	20709	NA
p007	315	Response	101	6296117	46827	1
p007	316	Pulse	255	6300000	3713	NA
p007	318	Pulse	255	6330000	3216	NA
p007	319	Response	101	6346678	9728	1
p007	321	Pulse	255	6360000	2885	NA
p007	323	Pulse	255	6390000	2554	NA
p007	323	Pulse	255	6420000	32554	NA
p007	323	Response	101	6420918	33472	1
p007	325	Response	101	6436997	5555	1
p007	325	Pulse	255	6450000	18558	NA
p007	327	Pulse	255	6480000	18228	NA
p007	327	Response	101	6496837	35065	1
p007	329	Pulse	255	6510000	2732	NA
p007	331	Pulse	255	6540000	2401	NA
p007	331	Response	100	6543157	5558	1
p007	333	Pulse	255	6570000	16402	NA
p007	335	Response	101	6599877	15949	1
p007	336	Pulse	255	6600000	73	NA
p007	337	Pulse	255	6630000	19741	NA
p007	339	Pulse	255	6660000	19410	NA
p007	339	Response	101	6662837	22247	1
p007	341	Pulse	255	6690000	16746	NA
p007	343	Response	101	6711557	7972	1
p007	344	Pulse	255	6720000	8249	NA
p007	346	Pulse	255	6750000	7752	NA
p007	347	Pulse	255	6780000	27586	NA
p007	347	Pulse	255	6810000	57586	NA
p007	347	Response	101	6823157	70743	1
p007	349	Pulse	255	6840000	6427	NA
p007	351	Pulse	255	6870000	6096	NA
p007	351	Pulse	255	6900000	36096	NA
p007	351	Response	101	6902917	39013	1
p007	353	Pulse	255	6930000	16600	NA
p007	355	Response	101	6950037	6306	1
p007	356	Pulse	255	6960000	9770	NA
p007	358	Pulse	255	6990000	9273	NA
p007	359	Response	100	7002998	12105	1
p007	361	Pulse	255	7020000	6609	NA
p007	363	Pulse	255	7050000	6278	NA
p007	363	Response	100	7053077	9355	1
p007	365	Pulse	255	7080000	16447	NA
p007	367	Response	101	7097158	3273	1
p007	369	Pulse	255	7110000	2450	NA
p007	371	Pulse	255	7140000	2120	NA
p007	371	Response	100	7142918	5038	1
p007	373	Pulse	255	7170000	16621	NA
p007	375	Response	101	7186197	2488	1
p007	377	Pulse	255	7200000	3291	NA
p007	379	Response	101	7228759	1720	1
p007	380	Pulse	255	7230000	1128	NA
p007	382	Pulse	255	7260000	630	NA
p007	383	Response	101	7278116	8581	1
p007	385	Pulse	255	7290000	1466	NA
p007	387	Pulse	255	7320000	1135	NA
p007	387	Response	100	7322756	3892	1
p007	389	Pulse	255	7350000	16803	NA
p007	391	Response	100	7366916	3389	1
p007	393	Pulse	255	7380000	2640	NA
p007	395	Pulse	255	7410000	2310	NA
p007	395	Response	101	7416996	9306	1
p007	397	Pulse	255	7440000	12478	NA
p007	399	Response	100	7460037	2185	1
p007	400	Pulse	255	7470000	9814	NA
p007	402	Pulse	255	7500000	9317	NA
p007	402	Response	101	7500837	10154	1
p007	403	Response	101	7503076	2227	1
p007	405	Pulse	255	7530000	16486	NA
p007	407	Response	100	7545316	1471	1
p007	409	Pulse	255	7560000	4156	NA
p007	411	Response	101	7586516	341	1
p007	412	Pulse	255	7590000	3325	NA
p007	414	Pulse	255	7620000	2828	NA
p007	415	Response	100	7629157	1819	1
p007	417	Pulse	255	7650000	10330	NA
p007	418	Response	100	7669397	9562	1
p007	419	Response	100	7671876	1875	1
p007	420	Pulse	255	7680000	7999	NA
p007	422	Pulse	255	7710000	7502	NA
p007	423	Response	100	7716278	3614	1
p007	423	Response	101	7716288	3625	1
p007	425	Pulse	255	7740000	13338	NA
p007	427	Response	101	7758996	2002	1
p007	429	Pulse	255	7770000	508	NA
p007	431	Pulse	255	7800000	177	NA
p007	431	Response	100	7801156	1333	1
p007	433	Pulse	255	7830000	18345	NA
p007	435	Response	100	7843396	1411	1
p007	437	Pulse	255	7860000	6182	NA
p007	439	Response	101	7885956	1807	1
p007	440	Pulse	255	7890000	3851	NA
p007	442	Pulse	255	7920000	3354	NA
p007	443	Pulse	255	7950000	23188	NA
p007	443	Response	101	7952435	25624	1
p007	445	Pulse	255	7980000	17025	NA
p007	447	Response	100	7998995	5689	1
p007	449	Pulse	255	8010000	529	NA
p007	451	Pulse	255	8040000	198	NA
p007	451	Response	101	8040595	794	1
p007	453	Pulse	255	8070000	18866	NA
p007	455	Response	100	8083316	1851	1
p007	457	Pulse	255	8100000	6203	NA
p007	458	Response	101	8124116	10154	1
p007	459	Pulse	255	8130000	5872	NA
p007	459	Response	101	8131316	7188	1
p007	461	Pulse	255	8160000	18207	NA
p007	463	Response	100	8187395	15272	1
p007	464	Pulse	255	8190000	2544	NA
p007	466	Pulse	255	8220000	2047	NA
p007	467	Response	101	8236595	8476	1
p007	469	Pulse	255	8250000	2883	NA
p007	471	Pulse	255	8280000	2552	NA
p007	471	Response	100	8301555	24107	1
p007	472	Pulse	255	8310000	8387	NA
p007	474	Pulse	255	8340000	7890	NA
p007	475	Response	100	8345714	3439	1
p007	477	Pulse	255	8370000	13892	NA
p007	478	Response	101	8385476	9204	1
p007	479	Response	101	8388675	2236	1
p007	481	Pulse	255	8400000	896	NA
p007	483	Picture	instruct_trial	8429435	0	1	579450	1	0	next	other	0
p007	483	Pulse	255	8430000	565	NA
p007	483	Pulse	255	8460000	30565	NA
p007	483	Pulse	255	8490000	60565	NA
p007	483	Pulse	255	8520000	90565	NA
p007	483	Pulse	255	8550000	120565	NA
p007	483	Pulse	255	8580000	150565	NA
p007	483	Pulse	255	8610000	180565	NA
p007	483	Pulse	255	8640000	210565	NA
p007	483	Pulse	255	8670000	240565	NA
p007	483	Pulse	255	8700000	270565	NA
p007	483	Pulse	255	8730000	300565	NA
p007	483	Pulse	255	8760000	330565	NA
p007	483	Pulse	255	8790000	360565	NA
p007	483	Pulse	255	8820000	390565	NA
p007	483	Pulse	255	8850000	420565	NA
p007	483	Pulse	255	8880000	450565	NA
p007	483	Pulse	255	8910000	480565	NA
p007	483	Pulse	255	8940000	510565	NA
p007	483	Pulse	255	8970000	540565	NA
p007	483	Pulse	255	9000000	570565	NA
p007	483	Response	101	9008677	579242	1
p007	484	Pulse	255	9030000	20949	NA
p007	484	Pulse	255	9060000	50949	NA
p007	484	Pulse	255	9090000	80949	NA
p007	484	Response	101	9093075	84024	1
p007	486	Pulse	255	9120000	16457	NA
p007	488	Pulse	255	9150000	16126	NA
p007	488	Pulse	255	9180000	46126	NA
p007	488	Response	100	9195154	61280	1
p007	490	Pulse	255	9210000	4466	NA
p007	492	Pulse	255	9240000	4135	NA
p007	492	Pulse	255	9270000	34135	NA
p007	492	Response	100	9297795	61930	1
p007	493	Pulse	255	9300000	2141	NA
p007	495	Pulse	255	9330000	1643	NA
p007	496	Pulse	255	9360000	21478	NA
p007	496	Pulse	255	9390000	51478	NA
p007	496	Response	101	9413955	75433	1
p007	497	Pulse	255	9420000	5984	NA
p007	499	Pulse	255	9450000	5487	NA
p007	500	Pulse	255	9480000	25321	NA
p007	500	Response	100	9491159	36480	1
p007	502	Pulse	255	9510000	8325	NA
p007	504	Pulse	255	9540000	7994	NA
p007	504	Pulse	255	9570000	37994	NA
p007	504	Response	101	9598754	66748	1
p007	505	Pulse	255	9600000	1167	NA
p007	507	Pulse	255	9630000	670	NA
p007	508	Pulse	255	9660000	20504	NA
p007	508	Response	100	9682914	43418	1
p007	509	Pulse	255	9690000	7008	NA
p007	511	Pulse	255	9720000	6510	NA
p007	512	Pulse	255	9750000	26344	NA
p007	512	Pulse	255	9780000	56344	NA
p007	512	Pulse	255	9810000	86344	NA
p007	512	Pulse	255	9840000	116344	NA
p007	512	Response	100	9864594	140938	1
p007	513	Pulse	255	9870000	5357	NA
p007	515	Pulse	255	9900000	4859	NA
p007	516	Response	100	9929153	23847	1
p007	517	Pulse	255	9930000	696	NA
p007	519	Pulse	255	9960000	198	NA
p007	520	Pulse	255	9990000	20032	NA
p007	520	Pulse	255	10020000	50032	NA
p007	520	Response	100	10042673	72705	1
p007	521	Pulse	255	10050000	7205	NA
p007	523	Pulse	255	10080000	6708	NA
p007	524	Response	100	10091960	8502	1
p007	526	Pulse	255	10110000	7544	NA
p007	528	Pulse	255	10140000	7213	NA
p007	528	Response	101	10140353	7566	1
p007	530	Pulse	255	10170000	19215	NA
p007	532	Response	100	10183714	2599	1
p007	534	Pulse	255	10200000	5885	NA
p007	536	Pulse	255	10230000	5555	NA
p007	536	Response	101	10251473	27028	1
p007	537	Pulse	255	10260000	8390	NA
p007	539	Pulse	255	10290000	7893	NA
p007	540	Response	101	10295892	3619	1
p007	542	Pulse	255	10320000	13728	NA
p007	544	Response	100	10340914	4312	1
p007	545	Pulse	255	10350000	8898	NA
p007	547	Pulse	255	10380000	8401	NA
p007	548	Response	101	10385073	3308	1
p007	550	Pulse	255	10410000	14403	NA
p007	552	Response	101	10435075	9147	1
p007	553	Pulse	255	10440000	4740	NA
p007	555	Pulse	255	10470000	4242	NA
p007	556	Response	101	10478433	2509	1
p007	558	Pulse	255	10500000	11078	NA
p007	560	Response	100	10522433	3180	1
p007	561	Pulse	255	10530000	7414	NA
p007	563	Pulse	255	10560000	6916	NA
p007	564	Response	100	10565953	2703	1
p007	566	Pulse	255	10590000	13585	NA
p007	568	Response	100	10611314	4568	1
p007	569	Pulse	255	10620000	8588	NA
p007	571	Pulse	255	10650000	8091	NA
p007	572	Response	101	10654273	2198	1
p007	574	Pulse	255	10680000	15260	NA
p007	576	Response	101	10700113	5042	1
p007	577	Pulse	255	10710000	9763	NA
p007	579	Pulse	255	10740000	9265	NA
p007	580	Response	100	10746592	5692	1
p007	582	Pulse	255	10770000	12934	NA
p007	584	Response	101	10789553	2156	1
p007	585	Pulse	255	10800000	10270	NA
p007	587	Pulse	255	10830000	9773	NA
p007	588	Response	100	10832593	2200	1
p007	590	Pulse	255	10860000	16942	NA
p007	592	Response	101	10884993	11604	1
p007	593	Pulse	255	10890000	4945	NA
p007	595	Pulse	255	10920000	4448	NA
p007	596	Response	101	10935872	10154	1
p007	598	Pulse	255	10950000	3617	NA
p007	600	Pulse	255	10980000	3287	NA
p007	600	Response	100	10984512	7799	1
p007	602	Pulse	255	11010000	14955	NA
p007	604	Response	101	11028513	3137	1
p007	606	Pulse	255	11040000	959	NA
p007	608	Pulse	255	11070000	628	NA
p007	608	Response	101	11071632	2260	1
p007	610	Pulse	255	11100000	17962	NA
p007	612	Response	101	11117712	5343	1
p007	614	Pulse	255	11130000	1800	NA
p007	616	Pulse	255	11160000	1469	NA
p007	616	Response	100	11160672	2141	1
p007	618	Pulse	255	11190000	18804	NA
p007	620	Response	101	11207552	6025	1
p007	622	Pulse	255	11220000	1974	NA
p007	624	Pulse	255	11250000	1644	NA
p007	624	Response	100	11251713	3356	1
p007	626	Pulse	255	11280000	17811	NA
p007	628	Response	101	11294437	1918	1
p007	630	Pulse	255	11310000	5148	NA
p007	632	Response	101	11338352	3170	1
p007	633	Pulse	255	11340000	1485	NA
p007	635	Pulse	255	11370000	987	NA
p007	635	Response	100	11377871	8859	1
p007	636	Response	100	11380832	1653	1
p007	638	Pulse	255	11400000	8656	NA
p007	640	Response	100	11422512	837	1
p007	641	Pulse	255	11430000	7325	NA
p007	643	Pulse	255	11460000	6828	NA
p007	644	Response	100	11466033	2695	1
p007	646	Pulse	255	11490000	13497	NA
p007	648	Response	101	11510834	4000	1
p007	649	Pulse	255	11520000	9000	NA
p007	651	Pulse	255	11550000	8502	NA
p007	652	Response	101	11552679	1015	1
p007	654	Pulse	255	11580000	16838	NA
p007	656	Response	100	11598032	4539	1
p007	658	Pulse	255	11610000	1508	NA
p007	660	Pulse	255	11640000	1177	NA
p007	660	Response	100	11640271	1449	1
p007	662	Pulse	255	11670000	19345	NA
p007	664	Response	101	11685877	4891	1
p007	666	Pulse	255	11700000	3682	NA
p007	668	Pulse	255	11730000	3352	NA
p007	668	Response	100	11731312	4664	1
p007	670	Pulse	255	11760000	18186	NA
p007	672	Response	101	11775791	3647	1
p007	674	Pulse	255	11790000	3690	NA
p007	676	Response	100	11817312	671	1
p007	677	Pulse	255	11820000	2526	NA
p007	679	Pulse	255	11850000	2029	NA
p007	680	Response	101	11861231	3095	1
p007	682	Pulse	255	11880000	8364	NA
p007	684	Response	100	11904591	2625	1
p007	685	Pulse	255	11910000	5201	NA
p007	687	Pulse	255	11940000	4703	NA
p007	688	Response	101	11954832	9369	1
p007	690	Pulse	255	11970000	4706	NA
p007	692	Pulse	255	12000000	4375	NA
p007	692	Response	101	12004911	9286	1
p007	694	Pulse	255	12030000	14544	NA
p007	696	Response	101	12053871	8084	1
p007	697	Pulse	255	12060000	6047	NA
p007	699	Pulse	255	12090000	5550	NA
p007	700	Response	100	12103151	8535	1
p007	702	Pulse	255	12120000	6385	NA
p007	704	Pulse	255	12150000	6055	NA
p007	704	Response	100	12164751	20806	1
p007	706	Pulse	255	12180000	4724	NA
p007	708	Response	101	12209951	4344	1
p007	708	Pulse	255	12210000	4393	NA
p007	710	Pulse	255	12240000	19561	NA
p007	712	Response	100	12252432	1663	1
p007	714	Pulse	255	12270000	7065	NA
p007	716	Response	101	12297471	4205	1
p007	717	Pulse	255	12300000	2401	NA
p007	719	Pulse	255	12330000	1904	NA
p007	720	Response	100	12342430	4169	1
p007	722	Pulse	255	12360000	7073	NA
p007	724	Picture	instruct_trial	12383258	0	1	40163	1	0	next	other	0
p007	724	Response	101	12385151	1894	1
p007	724	Pulse	255	12390000	6742	NA
p007	724	Pulse	255	12420000	36742	NA
