Scenario - learning_JJ_english
Logfile written - 08/13/2021 11:55:32

Subject	Trial	Event Type	Code	Time	TTime	Uncertainty	Duration	Uncertainty	ReqTime	ReqDur	Stim Type	Pair Index

p008v2	0	Pulse	255	0	0	NA
p008v2	1	Picture	instruct_trial	10333	0	1	600448	1	0	next	other	0
p008v2	1	Pulse	255	30000	19667	NA
p008v2	1	Pulse	255	60000	49667	NA
p008v2	1	Pulse	255	90000	79667	NA
p008v2	1	Pulse	255	120000	109667	NA
p008v2	1	Pulse	255	150000	139667	NA
p008v2	1	Pulse	255	180000	169667	NA
p008v2	1	Pulse	255	210000	199667	NA
p008v2	1	Pulse	255	240000	229667	NA
p008v2	1	Pulse	255	270000	259667	NA
p008v2	1	Pulse	255	300000	289667	NA
p008v2	1	Pulse	255	330000	319667	NA
p008v2	1	Pulse	255	360000	349667	NA
p008v2	1	Pulse	255	390000	379667	NA
p008v2	1	Pulse	255	420000	409667	NA
p008v2	1	Pulse	255	450000	439667	NA
p008v2	1	Pulse	255	480000	469667	NA
p008v2	1	Pulse	255	510000	499667	NA
p008v2	1	Pulse	255	540000	529667	NA
p008v2	1	Pulse	255	570000	559667	NA
p008v2	1	Pulse	255	600000	589667	NA
p008v2	1	Response	101	610672	600339	1
p008v2	1	Pulse	255	630000	619667	NA
p008v2	2	Response	100	646832	16720	1
p008v2	4	Pulse	255	660000	2723	NA
p008v2	6	Pulse	255	690000	2392	NA
p008v2	6	Response	101	697471	9864	1
p008v2	8	Pulse	255	720000	12061	NA
p008v2	10	Pulse	255	750000	11730	NA
p008v2	10	Response	100	758591	20321	1
p008v2	12	Pulse	255	780000	10899	NA
p008v2	14	Pulse	255	810000	10568	NA
p008v2	14	Response	100	811712	12280	1
p008v2	16	Pulse	255	840000	17904	NA
p008v2	18	Pulse	255	870000	17573	NA
p008v2	18	Response	101	870280	17853	1
p008v2	20	Pulse	255	900000	19242	NA
p008v2	22	Response	100	924913	13824	1
p008v2	23	Pulse	255	930000	4913	NA
p008v2	25	Pulse	255	960000	4415	NA
p008v2	26	Response	101	980113	14363	1
p008v2	27	Pulse	255	990000	9751	NA
p008v2	29	Pulse	255	1020000	9253	NA
p008v2	30	Response	101	1030114	9201	1
p008v2	32	Pulse	255	1050000	9423	NA
p008v2	34	Pulse	255	1080000	9092	NA
p008v2	34	Response	101	1080512	9604	1
p008v2	36	Pulse	255	1110000	19094	NA
p008v2	38	Response	100	1129391	8154	1
p008v2	40	Pulse	255	1140000	98	NA
p008v2	41	Pulse	255	1170000	9933	NA
p008v2	42	Response	101	1179232	8999	1
p008v2	44	Pulse	255	1200000	10269	NA
p008v2	46	Response	101	1224272	4210	1
p008v2	47	Pulse	255	1230000	5605	NA
p008v2	49	Pulse	255	1260000	5108	NA
p008v2	50	Response	101	1268031	2973	1
p008v2	52	Pulse	255	1290000	11443	NA
p008v2	54	Response	101	1317711	8824	1
p008v2	55	Pulse	255	1320000	2113	NA
p008v2	57	Pulse	255	1350000	1616	NA
p008v2	58	Response	101	1374592	16042	1
p008v2	59	Pulse	255	1380000	5285	NA
p008v2	61	Pulse	255	1410000	4787	NA
p008v2	62	Response	100	1426671	11293	1
p008v2	64	Pulse	255	1440000	2790	NA
p008v2	66	Pulse	255	1470000	2459	NA
p008v2	66	Response	101	1477150	9609	1
p008v2	68	Pulse	255	1500000	12461	NA
p008v2	70	Pulse	255	1530000	12131	NA
p008v2	70	Response	101	1539232	21362	1
p008v2	72	Pulse	255	1560000	10300	NA
p008v2	74	Pulse	255	1590000	9969	NA
p008v2	74	Response	100	1598671	18640	1
p008v2	76	Pulse	255	1620000	10805	NA
p008v2	78	Pulse	255	1650000	10474	NA
p008v2	78	Pulse	255	1680000	40474	NA
p008v2	78	Response	101	1692992	53466	1
p008v2	80	Pulse	255	1710000	6480	NA
p008v2	82	Pulse	255	1740000	6149	NA
p008v2	82	Response	100	1752191	18340	1
p008v2	84	Pulse	255	1770000	7318	NA
p008v2	86	Pulse	255	1800000	6988	NA
p008v2	86	Response	100	1808030	15017	1
p008v2	88	Pulse	255	1830000	11490	NA
p008v2	90	Pulse	255	1860000	11159	NA
p008v2	90	Response	101	1868989	20148	1
p008v2	92	Pulse	255	1890000	10495	NA
p008v2	94	Pulse	255	1920000	10164	NA
p008v2	94	Response	101	1940111	30275	1
p008v2	95	Pulse	255	1950000	9834	NA
p008v2	97	Pulse	255	1980000	9336	NA
p008v2	98	Response	100	1997070	16241	1
p008v2	100	Pulse	255	2010000	2506	NA
p008v2	102	Pulse	255	2040000	2175	NA
p008v2	102	Response	101	2047070	9245	1
p008v2	104	Pulse	255	2070000	12510	NA
p008v2	106	Response	101	2094430	6610	1
p008v2	107	Pulse	255	2100000	5514	NA
p008v2	109	Pulse	255	2130000	5016	NA
p008v2	110	Response	100	2145311	10161	1
p008v2	112	Pulse	255	2160000	4186	NA
p008v2	114	Pulse	255	2190000	3855	NA
p008v2	114	Response	100	2198670	12525	1
p008v2	116	Pulse	255	2220000	10857	NA
p008v2	118	Pulse	255	2250000	10526	NA
p008v2	118	Response	101	2252589	13116	1
p008v2	120	Pulse	255	2280000	17028	NA
p008v2	122	Response	101	2308191	14889	1
p008v2	123	Pulse	255	2310000	1699	NA
p008v2	125	Pulse	255	2340000	1201	NA
p008v2	126	Response	101	2361790	12825	1
p008v2	127	Pulse	255	2370000	8037	NA
p008v2	129	Pulse	255	2400000	7539	NA
p008v2	130	Response	101	2415070	12444	1
p008v2	132	Pulse	255	2430000	4542	NA
p008v2	134	Pulse	255	2460000	4211	NA
p008v2	134	Response	100	2468591	12803	1
p008v2	136	Pulse	255	2490000	10880	NA
p008v2	138	Response	100	2519951	10501	1
p008v2	138	Pulse	255	2520000	10549	NA
p008v2	140	Pulse	255	2550000	19551	NA
p008v2	142	Pulse	255	2580000	19221	NA
p008v2	142	Pulse	255	2610000	49221	NA
p008v2	142	Pulse	255	2640000	79221	NA
p008v2	142	Pulse	255	2670000	109221	NA
p008v2	142	Response	101	2693150	132371	1
p008v2	143	Pulse	255	2700000	6732	NA
p008v2	145	Pulse	255	2730000	6235	NA
p008v2	146	Response	101	2742190	8259	1
p008v2	148	Pulse	255	2760000	7404	NA
p008v2	150	Pulse	255	2790000	7073	NA
p008v2	150	Response	100	2790991	8064	1
p008v2	152	Pulse	255	2820000	18575	NA
p008v2	154	Response	101	2838269	6513	1
p008v2	156	Pulse	255	2850000	1245	NA
p008v2	158	Pulse	255	2880000	915	NA
p008v2	158	Response	100	2884511	5425	1
p008v2	160	Pulse	255	2910000	15083	NA
p008v2	162	Pulse	255	2940000	14752	NA
p008v2	162	Response	101	2945549	20301	1
p008v2	164	Pulse	255	2970000	13921	NA
p008v2	166	Pulse	255	3000000	13591	NA
p008v2	166	Response	100	3004670	18261	1
p008v2	168	Pulse	255	3030000	14926	NA
p008v2	170	Response	100	3056190	10786	1
p008v2	171	Pulse	255	3060000	3763	NA
p008v2	173	Pulse	255	3090000	3266	NA
p008v2	174	Pulse	255	3120000	23100	NA
p008v2	174	Response	100	3130434	33534	1
p008v2	176	Pulse	255	3150000	9104	NA
p008v2	178	Pulse	255	3180000	8773	NA
p008v2	178	Response	101	3186670	15443	1
p008v2	180	Pulse	255	3210000	12942	NA
p008v2	182	Response	100	3235470	8081	1
p008v2	183	Pulse	255	3240000	4445	NA
p008v2	185	Pulse	255	3270000	3948	NA
p008v2	186	Response	101	3288750	12532	1
p008v2	188	Pulse	255	3300000	784	NA
p008v2	190	Pulse	255	3330000	454	NA
p008v2	190	Response	100	3351070	21523	1
p008v2	191	Pulse	255	3360000	8789	NA
p008v2	193	Pulse	255	3390000	8291	NA
p008v2	194	Response	101	3401150	9275	1
p008v2	196	Pulse	255	3420000	8461	NA
p008v2	198	Pulse	255	3450000	8130	NA
p008v2	198	Response	100	3453710	11840	1
p008v2	200	Pulse	255	3480000	15799	NA
p008v2	202	Pulse	255	3510000	15468	NA
p008v2	202	Response	101	3510109	15577	1
p008v2	204	Pulse	255	3540000	19470	NA
p008v2	206	Pulse	255	3570000	19139	NA
p008v2	206	Response	100	3581390	30529	1
p008v2	208	Pulse	255	3600000	8143	NA
p008v2	210	Pulse	255	3630000	7812	NA
p008v2	210	Response	101	3640908	18721	1
p008v2	212	Pulse	255	3660000	8648	NA
p008v2	214	Pulse	255	3690000	8317	NA
p008v2	214	Response	101	3695389	13706	1
p008v2	216	Pulse	255	3720000	14153	NA
p008v2	218	Pulse	255	3750000	13822	NA
p008v2	218	Response	101	3758909	22731	1
p008v2	220	Pulse	255	3780000	10658	NA
p008v2	222	Pulse	255	3810000	10328	NA
p008v2	222	Response	100	3819870	20197	1
p008v2	224	Pulse	255	3840000	9663	NA
p008v2	226	Pulse	255	3870000	9333	NA
p008v2	226	Response	101	3872109	11441	1
p008v2	228	Pulse	255	3900000	17501	NA
p008v2	230	Response	101	3926349	13520	1
p008v2	231	Pulse	255	3930000	3505	NA
p008v2	233	Pulse	255	3960000	3008	NA
p008v2	234	Response	100	3978188	11030	1
p008v2	236	Pulse	255	3990000	1344	NA
p008v2	238	Pulse	255	4020000	1013	NA
p008v2	238	Response	100	4035550	16563	1
p008v2	240	Pulse	255	4050000	4015	NA
p008v2	242	Picture	instruct_trial	4076315	0	1	175485	1	0	next	other	0
p008v2	242	Pulse	255	4080000	3685	NA
p008v2	242	Pulse	255	4110000	33685	NA
p008v2	242	Pulse	255	4140000	63685	NA
p008v2	242	Pulse	255	4170000	93685	NA
p008v2	242	Pulse	255	4200000	123685	NA
p008v2	242	Pulse	255	4230000	153685	NA
p008v2	242	Response	101	4251629	175314	1
p008v2	243	Pulse	255	4260000	8033	NA
p008v2	243	Response	100	4265630	13663	1
p008v2	245	Pulse	255	4290000	13869	NA
p008v2	247	Response	101	4315389	8927	1
p008v2	248	Pulse	255	4320000	4539	NA
p008v2	250	Pulse	255	4350000	4041	NA
p008v2	251	Response	101	4368676	12552	1
p008v2	253	Pulse	255	4380000	878	NA
p008v2	255	Pulse	255	4410000	547	NA
p008v2	255	Response	100	4419790	10337	1
p008v2	257	Pulse	255	4440000	9715	NA
p008v2	259	Pulse	255	4470000	9385	NA
p008v2	259	Response	100	4473709	13094	1
p008v2	261	Pulse	255	4500000	15887	NA
p008v2	263	Pulse	255	4530000	15556	NA
p008v2	263	Response	100	4542350	27906	1
p008v2	265	Pulse	255	4560000	7226	NA
p008v2	267	Pulse	255	4590000	6895	NA
p008v2	267	Response	101	4594989	11884	1
p008v2	269	Pulse	255	4620000	14564	NA
p008v2	271	Response	101	4646669	10902	1
p008v2	272	Pulse	255	4650000	3234	NA
p008v2	274	Pulse	255	4680000	2737	NA
p008v2	275	Response	101	4695310	7880	1
p008v2	277	Pulse	255	4710000	4239	NA
p008v2	279	Pulse	255	4740000	3908	NA
p008v2	279	Pulse	255	4770000	33908	NA
p008v2	279	Response	100	4783789	47697	1
p008v2	281	Pulse	255	4800000	5747	NA
p008v2	283	Pulse	255	4830000	5416	NA
p008v2	283	Response	101	4835068	10484	1
p008v2	285	Pulse	255	4860000	14418	NA
p008v2	287	Response	101	4884829	8916	1
p008v2	288	Pulse	255	4890000	5088	NA
p008v2	290	Pulse	255	4920000	4591	NA
p008v2	291	Response	100	4938750	13174	1
p008v2	293	Pulse	255	4950000	760	NA
p008v2	295	Pulse	255	4980000	429	NA
p008v2	295	Response	100	4991149	11578	1
p008v2	297	Pulse	255	5010000	8431	NA
p008v2	299	Pulse	255	5040000	8101	NA
p008v2	299	Response	101	5046109	14209	1
p008v2	301	Pulse	255	5070000	13436	NA
p008v2	303	Pulse	255	5100000	13105	NA
p008v2	303	Response	101	5101788	14894	1
p008v2	305	Pulse	255	5130000	17774	NA
p008v2	307	Pulse	255	5160000	17443	NA
p008v2	307	Response	101	5164269	21712	1
p008v2	309	Pulse	255	5190000	15280	NA
p008v2	311	Pulse	255	5220000	14949	NA
p008v2	311	Response	101	5230829	25778	1
p008v2	313	Pulse	255	5250000	8785	NA
p008v2	315	Pulse	255	5280000	8455	NA
p008v2	315	Response	100	5283548	12002	1
p008v2	317	Pulse	255	5310000	15957	NA
p008v2	319	Response	100	5337948	13574	1
p008v2	320	Pulse	255	5340000	1960	NA
p008v2	322	Pulse	255	5370000	1463	NA
p008v2	323	Response	100	5399069	20366	1
p008v2	324	Pulse	255	5400000	799	NA
p008v2	326	Pulse	255	5430000	302	NA
p008v2	327	Response	101	5451308	11444	1
p008v2	328	Pulse	255	5460000	8637	NA
p008v2	330	Pulse	255	5490000	8139	NA
p008v2	331	Response	101	5501227	9201	1
p008v2	333	Pulse	255	5520000	8309	NA
p008v2	333	Response	101	5525308	13617	1
p008v2	335	Pulse	255	5550000	7978	NA
p008v2	335	Response	100	5553548	11526	1
p008v2	336	Response	101	5556187	2500	1
p008v2	337	Pulse	255	5580000	15980	NA
p008v2	339	Pulse	255	5610000	15649	NA
p008v2	339	Response	101	5619467	25117	1
p008v2	341	Pulse	255	5640000	10152	NA
p008v2	343	Pulse	255	5670000	9822	NA
p008v2	343	Response	100	5674108	13930	1
p008v2	345	Pulse	255	5700000	15490	NA
p008v2	347	Pulse	255	5730000	15160	NA
p008v2	347	Response	100	5735708	20868	1
p008v2	349	Pulse	255	5760000	13829	NA
p008v2	351	Pulse	255	5790000	13498	NA
p008v2	351	Response	101	5793634	17132	1
p008v2	353	Pulse	255	5820000	15834	NA
p008v2	355	Response	101	5841789	7292	1
p008v2	356	Pulse	255	5850000	8004	NA
p008v2	358	Pulse	255	5880000	7507	NA
p008v2	359	Response	100	5895950	13291	1
p008v2	361	Pulse	255	5910000	3509	NA
p008v2	363	Pulse	255	5940000	3179	NA
p008v2	363	Response	100	5948828	12007	1
p008v2	365	Pulse	255	5970000	10681	NA
p008v2	367	Pulse	255	6000000	10350	NA
p008v2	367	Pulse	255	6030000	40350	NA
p008v2	367	Response	100	6042669	53019	1
p008v2	369	Pulse	255	6060000	6855	NA
p008v2	371	Pulse	255	6090000	6525	NA
p008v2	371	Response	100	6096429	12954	1
p008v2	373	Pulse	255	6120000	13027	NA
p008v2	375	Pulse	255	6150000	12696	NA
p008v2	375	Response	100	6151387	14083	1
p008v2	377	Pulse	255	6180000	18198	NA
p008v2	379	Response	101	6202188	10055	1
p008v2	380	Pulse	255	6210000	7702	NA
p008v2	382	Pulse	255	6240000	7204	NA
p008v2	383	Response	100	6260187	17226	1
p008v2	384	Pulse	255	6270000	9707	NA
p008v2	386	Pulse	255	6300000	9209	NA
p008v2	387	Pulse	255	6330000	29044	NA
p008v2	387	Response	100	6339788	38832	1
p008v2	389	Pulse	255	6360000	9714	NA
p008v2	391	Pulse	255	6390000	9384	NA
p008v2	391	Response	100	6419788	39172	1
p008v2	392	Pulse	255	6420000	54	NA
p008v2	393	Pulse	255	6450000	19721	NA
p008v2	395	Pulse	255	6480000	19391	NA
p008v2	395	Response	101	6490509	29899	1
p008v2	397	Pulse	255	6510000	9061	NA
p008v2	399	Pulse	255	6540000	8730	NA
p008v2	399	Response	101	6546828	15558	1
p008v2	401	Pulse	255	6570000	12732	NA
p008v2	403	Pulse	255	6600000	12402	NA
p008v2	403	Response	100	6604348	16749	1
p008v2	405	Pulse	255	6630000	15237	NA
p008v2	407	Response	100	6656347	11253	1
p008v2	408	Pulse	255	6660000	3574	NA
p008v2	410	Pulse	255	6690000	3077	NA
p008v2	411	Pulse	255	6720000	22911	NA
p008v2	411	Pulse	255	6750000	52911	NA
p008v2	411	Response	101	6759628	62539	1
p008v2	413	Pulse	255	6780000	9917	NA
p008v2	415	Pulse	255	6810000	9587	NA
p008v2	415	Response	101	6812828	12415	1
p008v2	417	Pulse	255	6840000	16755	NA
p008v2	419	Response	101	6860747	7172	1
p008v2	420	Pulse	255	6870000	9092	NA
p008v2	422	Pulse	255	6900000	8594	NA
p008v2	423	Pulse	255	6930000	28429	NA
p008v2	423	Response	101	6930988	29416	1
p008v2	425	Pulse	255	6960000	18599	NA
p008v2	427	Response	100	6981948	10216	1
p008v2	428	Pulse	255	6990000	7936	NA
p008v2	430	Pulse	255	7020000	7438	NA
p008v2	431	Response	101	7032268	9540	1
p008v2	433	Pulse	255	7050000	7274	NA
p008v2	435	Pulse	255	7080000	6944	NA
p008v2	435	Pulse	255	7110000	36944	NA
p008v2	435	Response	100	7134748	61692	1
p008v2	436	Pulse	255	7140000	5116	NA
p008v2	438	Pulse	255	7170000	4618	NA
p008v2	439	Response	101	7183148	7600	1
p008v2	441	Pulse	255	7200000	6454	NA
p008v2	443	Pulse	255	7230000	6123	NA
p008v2	443	Response	100	7239388	15511	1
p008v2	445	Pulse	255	7260000	10125	NA
p008v2	447	Pulse	255	7290000	9795	NA
p008v2	447	Pulse	255	7320000	39795	NA
p008v2	447	Response	101	7331467	51262	1
p008v2	449	Pulse	255	7350000	8133	NA
p008v2	451	Pulse	255	7380000	7803	NA
p008v2	451	Pulse	255	7410000	37803	NA
p008v2	451	Response	100	7420187	47989	1
p008v2	453	Pulse	255	7440000	9308	NA
p008v2	455	Pulse	255	7470000	8977	NA
p008v2	455	Response	100	7472348	11325	1
p008v2	457	Pulse	255	7500000	17146	NA
p008v2	459	Response	100	7522667	9482	1
p008v2	460	Pulse	255	7530000	7149	NA
p008v2	462	Pulse	255	7560000	6652	NA
p008v2	463	Response	101	7579628	16113	1
p008v2	464	Pulse	255	7590000	10321	NA
p008v2	466	Pulse	255	7620000	9823	NA
p008v2	467	Pulse	255	7650000	29657	NA
p008v2	467	Response	101	7659067	38724	1
p008v2	469	Pulse	255	7680000	10495	NA
p008v2	469	Response	101	7680827	11322	1
p008v2	471	Pulse	255	7710000	10164	NA
p008v2	471	Response	100	7711307	11471	1
p008v2	473	Pulse	255	7740000	18166	NA
p008v2	475	Response	101	7762587	10423	1
p008v2	476	Pulse	255	7770000	7336	NA
p008v2	478	Pulse	255	7800000	6839	NA
p008v2	479	Response	101	7828828	25501	1
p008v2	480	Pulse	255	7830000	1009	NA
p008v2	482	Pulse	255	7860000	511	NA
p008v2	483	Picture	instruct_trial	7869654	0	1	86659	1	0	next	other	0
p008v2	483	Pulse	255	7890000	20346	NA
p008v2	483	Pulse	255	7920000	50346	NA
p008v2	483	Pulse	255	7950000	80346	NA
p008v2	483	Response	101	7956108	86453	1
p008v2	484	Pulse	255	7980000	23520	NA
p008v2	484	Response	100	7993467	36987	1
p008v2	486	Pulse	255	8010000	6024	NA
p008v2	488	Pulse	255	8040000	5693	NA
p008v2	488	Response	100	8055545	21239	1
p008v2	490	Pulse	255	8070000	4029	NA
p008v2	492	Pulse	255	8100000	3699	NA
p008v2	492	Pulse	255	8130000	33699	NA
p008v2	492	Response	101	8133227	36926	1
p008v2	494	Pulse	255	8160000	16369	NA
p008v2	496	Response	100	8182507	8546	1
p008v2	497	Pulse	255	8190000	7373	NA
p008v2	499	Pulse	255	8220000	6875	NA
p008v2	500	Response	101	8227867	4577	1
p008v2	502	Pulse	255	8250000	11711	NA
p008v2	504	Pulse	255	8280000	11380	NA
p008v2	504	Response	100	8304747	36127	1
p008v2	505	Pulse	255	8310000	5050	NA
p008v2	507	Pulse	255	8340000	4553	NA
p008v2	508	Pulse	255	8370000	24387	NA
p008v2	508	Response	100	8383147	37534	1
p008v2	510	Pulse	255	8400000	6391	NA
p008v2	512	Pulse	255	8430000	6060	NA
p008v2	512	Response	100	8436426	12486	1
p008v2	514	Pulse	255	8460000	13062	NA
p008v2	516	Pulse	255	8490000	12731	NA
p008v2	516	Response	101	8490747	13478	1
p008v2	518	Pulse	255	8520000	18733	NA
p008v2	520	Response	100	8539787	8190	1
p008v2	521	Pulse	255	8550000	10070	NA
p008v2	523	Pulse	255	8580000	9573	NA
p008v2	524	Response	101	8591387	10794	1
p008v2	526	Pulse	255	8610000	8076	NA
p008v2	528	Pulse	255	8640000	7745	NA
p008v2	528	Response	100	8642347	10092	1
p008v2	530	Pulse	255	8670000	17247	NA
p008v2	532	Response	101	8695387	12303	1
p008v2	533	Pulse	255	8700000	4417	NA
p008v2	535	Pulse	255	8730000	3920	NA
p008v2	536	Pulse	255	8760000	23754	NA
p008v2	536	Response	100	8764987	28741	1
p008v2	538	Pulse	255	8790000	14591	NA
p008v2	540	Pulse	255	8820000	14260	NA
p008v2	540	Pulse	255	8850000	44260	NA
p008v2	540	Pulse	255	8880000	74260	NA
p008v2	540	Response	100	8886346	80606	1
p008v2	542	Pulse	255	8910000	13268	NA
p008v2	544	Response	100	8937386	10323	1
p008v2	545	Pulse	255	8940000	2438	NA
p008v2	547	Pulse	255	8970000	1940	NA
p008v2	548	Response	101	8984187	5961	1
p008v2	550	Pulse	255	9000000	5276	NA
p008v2	552	Pulse	255	9030000	4945	NA
p008v2	552	Response	101	9035546	10491	1
p008v2	554	Pulse	255	9060000	13947	NA
p008v2	556	Response	100	9083466	7083	1
p008v2	557	Pulse	255	9090000	6450	NA
p008v2	559	Pulse	255	9120000	5953	NA
p008v2	560	Response	101	9131388	7175	1
p008v2	562	Pulse	255	9150000	8122	NA
p008v2	564	Pulse	255	9180000	7791	NA
p008v2	564	Response	100	9199866	27657	1
p008v2	565	Pulse	255	9210000	9961	NA
p008v2	567	Pulse	255	9240000	9463	NA
p008v2	568	Response	100	9251307	10604	1
p008v2	570	Pulse	255	9270000	8299	NA
p008v2	572	Pulse	255	9300000	7968	NA
p008v2	572	Response	100	9321784	29752	1
p008v2	573	Pulse	255	9330000	8138	NA
p008v2	575	Pulse	255	9360000	7640	NA
p008v2	576	Pulse	255	9390000	27475	NA
p008v2	576	Response	100	9396585	34060	1
p008v2	578	Pulse	255	9420000	12978	NA
p008v2	580	Response	101	9447546	10193	1
p008v2	581	Pulse	255	9450000	2315	NA
p008v2	583	Pulse	255	9480000	1818	NA
p008v2	584	Pulse	255	9510000	21652	NA
p008v2	584	Pulse	255	9540000	51652	NA
p008v2	584	Response	100	9540346	51998	1
p008v2	586	Pulse	255	9570000	19157	NA
p008v2	588	Response	100	9599066	17893	1
p008v2	589	Pulse	255	9600000	828	NA
p008v2	591	Pulse	255	9630000	331	NA
p008v2	592	Response	100	9647865	8030	1
p008v2	594	Pulse	255	9660000	1667	NA
p008v2	596	Pulse	255	9690000	1336	NA
p008v2	596	Response	101	9693388	4724	1
p008v2	598	Pulse	255	9720000	16171	NA
p008v2	600	Response	100	9740425	6265	1
p008v2	601	Pulse	255	9750000	9507	NA
p008v2	603	Pulse	255	9780000	9010	NA
p008v2	604	Pulse	255	9810000	28844	NA
p008v2	604	Response	101	9836188	55032	1
p008v2	605	Pulse	255	9840000	3682	NA
p008v2	607	Pulse	255	9870000	3185	NA
p008v2	608	Pulse	255	9900000	23019	NA
p008v2	608	Response	100	9920186	43204	1
p008v2	609	Pulse	255	9930000	9689	NA
p008v2	611	Pulse	255	9960000	9192	NA
p008v2	612	Pulse	255	9990000	29026	NA
p008v2	612	Pulse	255	10020000	59026	NA
p008v2	612	Pulse	255	10050000	89026	NA
p008v2	612	Pulse	255	10080000	119026	NA
p008v2	612	Response	100	10080426	119452	1
p008v2	614	Pulse	255	10110000	19037	NA
p008v2	616	Pulse	255	10140000	18707	NA
p008v2	616	Pulse	255	10170000	48707	NA
p008v2	616	Response	100	10177946	56653	1
p008v2	618	Pulse	255	10200000	11546	NA
p008v2	620	Pulse	255	10230000	11215	NA
p008v2	620	Pulse	255	10260000	41215	NA
p008v2	620	Pulse	255	10290000	71215	NA
p008v2	620	Pulse	255	10320000	101215	NA
p008v2	620	Pulse	255	10350000	131215	NA
p008v2	620	Response	100	10353066	134281	1
p008v2	622	Pulse	255	10380000	16394	NA
p008v2	624	Response	100	10405145	11208	1
p008v2	625	Pulse	255	10410000	4731	NA
p008v2	627	Pulse	255	10440000	4234	NA
p008v2	628	Pulse	255	10470000	24068	NA
p008v2	628	Pulse	255	10500000	54068	NA
p008v2	628	Response	101	10517306	71374	1
p008v2	630	Pulse	255	10530000	2242	NA
p008v2	632	Pulse	255	10560000	1911	NA
p008v2	632	Pulse	255	10590000	31911	NA
p008v2	632	Pulse	255	10620000	61911	NA
p008v2	632	Pulse	255	10650000	91911	NA
p008v2	632	Response	100	10674185	116096	1
p008v2	633	Pulse	255	10680000	5754	NA
p008v2	635	Pulse	255	10710000	5257	NA
p008v2	636	Pulse	255	10740000	25091	NA
p008v2	636	Pulse	255	10770000	55091	NA
p008v2	636	Response	100	10774826	59917	1
p008v2	638	Pulse	255	10800000	14764	NA
p008v2	640	Pulse	255	10830000	14433	NA
p008v2	640	Response	100	10846345	30778	1
p008v2	642	Pulse	255	10860000	3270	NA
p008v2	644	Pulse	255	10890000	2940	NA
p008v2	644	Pulse	255	10920000	32940	NA
p008v2	644	Response	100	10937385	50324	1
p008v2	646	Pulse	255	10950000	2111	NA
p008v2	648	Pulse	255	10980000	1781	NA
p008v2	648	Response	101	11009864	31645	1
p008v2	648	Pulse	255	11010000	31781	NA
p008v2	650	Pulse	255	11040000	19618	NA
p008v2	651	Response	100	11042106	1559	1
p008v2	652	Pulse	255	11070000	19287	NA
p008v2	652	Response	101	11075624	24911	1
p008v2	654	Pulse	255	11100000	13957	NA
p008v2	656	Response	100	11123305	6931	1
p008v2	657	Pulse	255	11130000	6627	NA
p008v2	659	Response	101	11156185	2314	1
p008v2	659	Pulse	255	11160000	6129	NA
p008v2	660	Response	101	11166424	2388	1
p008v2	662	Pulse	255	11190000	13131	NA
p008v2	664	Response	100	11213785	6586	1
p008v2	665	Pulse	255	11220000	6134	NA
p008v2	667	Pulse	255	11250000	5637	NA
p008v2	668	Pulse	255	11280000	25471	NA
p008v2	668	Response	101	11292984	38455	1
p008v2	670	Pulse	255	11310000	6475	NA
p008v2	672	Pulse	255	11340000	6145	NA
p008v2	672	Pulse	255	11370000	36145	NA
p008v2	672	Response	101	11390585	56730	1
p008v2	673	Pulse	255	11400000	9316	NA
p008v2	675	Pulse	255	11430000	8819	NA
p008v2	676	Response	100	11456025	24678	1
p008v2	677	Pulse	255	11460000	3822	NA
p008v2	679	Pulse	255	11490000	3325	NA
p008v2	680	Pulse	255	11520000	23159	NA
p008v2	680	Response	100	11541145	44304	1
p008v2	681	Pulse	255	11550000	8663	NA
p008v2	683	Pulse	255	11580000	8165	NA
p008v2	684	Pulse	255	11610000	28000	NA
p008v2	684	Pulse	255	11640000	58000	NA
p008v2	684	Response	100	11668905	86904	1
p008v2	685	Pulse	255	11670000	1007	NA
p008v2	687	Pulse	255	11700000	510	NA
p008v2	688	Response	100	11726584	16928	1
p008v2	689	Pulse	255	11730000	3345	NA
p008v2	691	Pulse	255	11760000	2848	NA
p008v2	692	Pulse	255	11790000	22682	NA
p008v2	692	Response	100	11796745	29427	1
p008v2	694	Pulse	255	11820000	12852	NA
p008v2	696	Pulse	255	11850000	12522	NA
p008v2	696	Response	101	11872105	34627	1
p008v2	697	Pulse	255	11880000	7691	NA
p008v2	699	Pulse	255	11910000	7194	NA
p008v2	700	Pulse	255	11940000	27028	NA
p008v2	700	Pulse	255	11970000	57028	NA
p008v2	700	Response	100	11983785	70813	1
p008v2	702	Pulse	255	12000000	5702	NA
p008v2	704	Pulse	255	12030000	5371	NA
p008v2	704	Pulse	255	12060000	35371	NA
p008v2	704	Response	100	12071545	46916	1
p008v2	706	Pulse	255	12090000	8043	NA
p008v2	708	Pulse	255	12120000	7712	NA
p008v2	708	Pulse	255	12150000	37712	NA
p008v2	708	Response	101	12167704	55416	1
p008v2	710	Pulse	255	12180000	1884	NA
p008v2	712	Pulse	255	12210000	1554	NA
p008v2	712	Pulse	255	12240000	31554	NA
p008v2	712	Pulse	255	12270000	61554	NA
p008v2	712	Response	100	12295385	86939	1
p008v2	713	Pulse	255	12300000	4561	NA
p008v2	715	Pulse	255	12330000	4064	NA
p008v2	716	Pulse	255	12360000	23898	NA
p008v2	716	Response	100	12382823	46721	1
p008v2	717	Pulse	255	12390000	7069	NA
p008v2	719	Pulse	255	12420000	6571	NA
p008v2	720	Pulse	255	12450000	26406	NA
p008v2	720	Pulse	255	12480000	56406	NA
p008v2	720	Pulse	255	12510000	86406	NA
p008v2	720	Response	100	12526345	102750	1
p008v2	722	Pulse	255	12540000	3249	NA
p008v2	722	Response	100	12548422	11671	1
p008v2	724	Picture	instruct_trial	12567082	0	1	40163	1	0	next	other	0
p008v2	724	Pulse	255	12570000	2918	NA
p008v2	724	Pulse	255	12600000	32918	NA
p008v2	724	Response	101	12602823	35741	1
