Scenario - learning_JJ_english
Logfile written - 08/06/2021 12:53:52

Subject	Trial	Event Type	Code	Time	TTime	Uncertainty	Duration	Uncertainty	ReqTime	ReqDur	Stim Type	Pair Index

p008v1	0	Pulse	255	0	0	NA
p008v1	1	Picture	instruct_trial	10333	0	1	2064154	1	0	next	other	0
p008v1	1	Pulse	255	30000	19667	NA
p008v1	1	Pulse	255	60000	49667	NA
p008v1	1	Pulse	255	90000	79667	NA
p008v1	1	Pulse	255	120000	109667	NA
p008v1	1	Pulse	255	150000	139667	NA
p008v1	1	Pulse	255	180000	169667	NA
p008v1	1	Pulse	255	210000	199667	NA
p008v1	1	Pulse	255	240000	229667	NA
p008v1	1	Pulse	255	270000	259667	NA
p008v1	1	Pulse	255	300000	289667	NA
p008v1	1	Pulse	255	330000	319667	NA
p008v1	1	Pulse	255	360000	349667	NA
p008v1	1	Pulse	255	390000	379667	NA
p008v1	1	Pulse	255	420000	409667	NA
p008v1	1	Pulse	255	450000	439667	NA
p008v1	1	Pulse	255	480000	469667	NA
p008v1	1	Pulse	255	510000	499667	NA
p008v1	1	Pulse	255	540000	529667	NA
p008v1	1	Pulse	255	570000	559667	NA
p008v1	1	Pulse	255	600000	589667	NA
p008v1	1	Pulse	255	630000	619667	NA
p008v1	1	Pulse	255	660000	649667	NA
p008v1	1	Pulse	255	690000	679667	NA
p008v1	1	Pulse	255	720000	709667	NA
p008v1	1	Pulse	255	750000	739667	NA
p008v1	1	Pulse	255	780000	769667	NA
p008v1	1	Pulse	255	810000	799667	NA
p008v1	1	Pulse	255	840000	829667	NA
p008v1	1	Pulse	255	870000	859667	NA
p008v1	1	Pulse	255	900000	889667	NA
p008v1	1	Pulse	255	930000	919667	NA
p008v1	1	Pulse	255	960000	949667	NA
p008v1	1	Pulse	255	990000	979667	NA
p008v1	1	Pulse	255	1020000	1009667	NA
p008v1	1	Pulse	255	1050000	1039667	NA
p008v1	1	Pulse	255	1080000	1069667	NA
p008v1	1	Pulse	255	1110000	1099667	NA
p008v1	1	Pulse	255	1140000	1129667	NA
p008v1	1	Pulse	255	1170000	1159667	NA
p008v1	1	Pulse	255	1200000	1189667	NA
p008v1	1	Pulse	255	1230000	1219667	NA
p008v1	1	Pulse	255	1260000	1249667	NA
p008v1	1	Pulse	255	1290000	1279667	NA
p008v1	1	Pulse	255	1320000	1309667	NA
p008v1	1	Pulse	255	1350000	1339667	NA
p008v1	1	Pulse	255	1380000	1369667	NA
p008v1	1	Pulse	255	1410000	1399667	NA
p008v1	1	Pulse	255	1440000	1429667	NA
p008v1	1	Pulse	255	1470000	1459667	NA
p008v1	1	Pulse	255	1500000	1489667	NA
p008v1	1	Pulse	255	1530000	1519667	NA
p008v1	1	Pulse	255	1560000	1549667	NA
p008v1	1	Pulse	255	1590000	1579667	NA
p008v1	1	Pulse	255	1620000	1609667	NA
p008v1	1	Pulse	255	1650000	1639667	NA
p008v1	1	Pulse	255	1680000	1669667	NA
p008v1	1	Pulse	255	1710000	1699667	NA
p008v1	1	Pulse	255	1740000	1729667	NA
p008v1	1	Pulse	255	1770000	1759667	NA
p008v1	1	Pulse	255	1800000	1789667	NA
p008v1	1	Pulse	255	1830000	1819667	NA
p008v1	1	Pulse	255	1860000	1849667	NA
p008v1	1	Pulse	255	1890000	1879667	NA
p008v1	1	Pulse	255	1920000	1909667	NA
p008v1	1	Pulse	255	1950000	1939667	NA
p008v1	1	Pulse	255	1980000	1969667	NA
p008v1	1	Pulse	255	2010000	1999667	NA
p008v1	1	Pulse	255	2040000	2029667	NA
p008v1	1	Pulse	255	2070000	2059667	NA
p008v1	1	Response	101	2074250	2063917	1
p008v1	1	Pulse	255	2100000	2089667	NA
p008v1	2	Response	101	2129689	29537	1
p008v1	3	Pulse	255	2130000	184	NA
p008v1	3	Response	101	2140007	10192	1
p008v1	4	Response	101	2159529	19381	1
p008v1	4	Pulse	255	2160000	19852	NA
p008v1	6	Pulse	255	2190000	19521	NA
p008v1	6	Response	100	2200249	29770	1
p008v1	7	Response	100	2202169	1859	1
p008v1	7	Response	100	2207529	7219	1
p008v1	8	Pulse	255	2220000	9358	NA
p008v1	10	Pulse	255	2250000	9027	NA
p008v1	10	Response	101	2254093	13121	1
p008v1	11	Response	101	2257128	2823	1
p008v1	12	Response	101	2264888	251	1
p008v1	12	Response	100	2272652	8015	1
p008v1	12	Pulse	255	2280000	15363	NA
p008v1	14	Pulse	255	2310000	15032	NA
p008v1	14	Response	100	2314329	19362	1
p008v1	15	Response	100	2317050	2584	1
p008v1	16	Pulse	255	2340000	15201	NA
p008v1	18	Response	100	2369768	14639	1
p008v1	19	Pulse	255	2370000	39	NA
p008v1	19	Response	100	2374649	4687	1
p008v1	20	Pulse	255	2400000	19706	NA
p008v1	22	Response	101	2420328	9703	1
p008v1	23	Response	101	2422409	1953	1
p008v1	23	Response	101	2429209	8753	1
p008v1	23	Pulse	255	2430000	9543	NA
p008v1	25	Response	101	2456888	5934	1
p008v1	25	Pulse	255	2460000	9046	NA
p008v1	26	Response	100	2470648	9528	1
p008v1	27	Response	100	2472409	1623	1
p008v1	28	Response	100	2481769	650	1
p008v1	28	Pulse	255	2490000	8882	NA
p008v1	30	Pulse	255	2520000	8551	NA
p008v1	30	Response	101	2521929	10480	1
p008v1	31	Response	101	2524729	2614	1
p008v1	32	Pulse	255	2550000	17553	NA
p008v1	34	Response	100	2577209	14431	1
p008v1	35	Pulse	255	2580000	2723	NA
p008v1	35	Response	100	2584409	7132	1
p008v1	37	Pulse	255	2610000	2226	NA
p008v1	38	Response	101	2632728	14788	1
p008v1	39	Response	101	2634807	1869	1
p008v1	39	Pulse	255	2640000	7062	NA
p008v1	41	Pulse	255	2670000	6564	NA
p008v1	42	Response	101	2683288	9687	1
p008v1	43	Response	101	2687849	4415	1
p008v1	44	Pulse	255	2700000	6233	NA
p008v1	46	Pulse	255	2730000	5903	NA
p008v1	46	Response	100	2743368	19271	1
p008v1	47	Response	100	2744888	1459	1
p008v1	47	Response	100	2751128	7699	1
p008v1	48	Pulse	255	2760000	6239	NA
p008v1	50	Pulse	255	2790000	5908	NA
p008v1	50	Response	101	2801528	17436	1
p008v1	52	Pulse	255	2820000	8077	NA
p008v1	54	Pulse	255	2850000	7746	NA
p008v1	54	Response	101	2850408	8154	1
p008v1	56	Pulse	255	2880000	19081	NA
p008v1	58	Response	100	2899528	8279	1
p008v1	60	Pulse	255	2910000	86	NA
p008v1	61	Pulse	255	2940000	9921	NA
p008v1	62	Response	100	2954247	14002	1
p008v1	64	Pulse	255	2970000	5257	NA
p008v1	66	Pulse	255	3000000	4926	NA
p008v1	66	Response	100	3003768	8694	1
p008v1	68	Pulse	255	3030000	15761	NA
p008v1	70	Pulse	255	3060000	15431	NA
p008v1	70	Response	101	3061369	16800	1
p008v1	72	Pulse	255	3090000	18100	NA
p008v1	74	Response	101	3108408	6177	1
p008v1	76	Pulse	255	3120000	1104	NA
p008v1	78	Pulse	255	3150000	773	NA
p008v1	78	Response	100	3158729	9502	1
p008v1	80	Pulse	255	3180000	10775	NA
p008v1	82	Pulse	255	3210000	10444	NA
p008v1	82	Response	101	3212328	12772	1
p008v1	84	Pulse	255	3240000	17279	NA
p008v1	86	Response	101	3267368	14317	1
p008v1	87	Pulse	255	3270000	2450	NA
p008v1	89	Pulse	255	3300000	1953	NA
p008v1	90	Response	100	3318567	10354	1
p008v1	92	Pulse	255	3330000	955	NA
p008v1	94	Pulse	255	3360000	625	NA
p008v1	94	Response	100	3368169	8794	1
p008v1	96	Pulse	255	3390000	11293	NA
p008v1	98	Pulse	255	3420000	10962	NA
p008v1	98	Response	100	3421608	12570	1
p008v1	100	Pulse	255	3450000	17964	NA
p008v1	102	Response	101	3473848	11482	1
p008v1	103	Pulse	255	3480000	5968	NA
p008v1	105	Pulse	255	3510000	5471	NA
p008v1	106	Response	101	3520008	5313	1
p008v1	108	Pulse	255	3540000	9473	NA
p008v1	110	Pulse	255	3570000	9142	NA
p008v1	110	Response	100	3580807	19950	1
p008v1	112	Pulse	255	3600000	8645	NA
p008v1	114	Pulse	255	3630000	8314	NA
p008v1	114	Response	101	3632807	11122	1
p008v1	116	Pulse	255	3660000	16649	NA
p008v1	118	Pulse	255	3690000	16319	NA
p008v1	118	Response	101	3690489	16807	1
p008v1	120	Pulse	255	3720000	18988	NA
p008v1	122	Response	101	3738247	6904	1
p008v1	124	Pulse	255	3750000	1325	NA
p008v1	126	Pulse	255	3780000	994	NA
p008v1	126	Response	101	3787367	8362	1
p008v1	128	Pulse	255	3810000	12163	NA
p008v1	130	Pulse	255	3840000	11832	NA
p008v1	130	Response	100	3850408	22240	1
p008v1	132	Pulse	255	3870000	9168	NA
p008v1	134	Pulse	255	3900000	8838	NA
p008v1	134	Response	101	3900087	8925	1
p008v1	136	Pulse	255	3930000	19506	NA
p008v1	138	Response	100	3949126	8301	1
p008v1	140	Pulse	255	3960000	343	NA
p008v1	142	Pulse	255	3990000	13	NA
p008v1	142	Response	101	4000807	10819	1
p008v1	144	Pulse	255	4020000	8681	NA
p008v1	146	Response	101	4049845	8196	1
p008v1	147	Pulse	255	4050000	18	NA
p008v1	148	Pulse	255	4080000	19686	NA
p008v1	150	Response	100	4101928	11283	1
p008v1	151	Pulse	255	4110000	8023	NA
p008v1	153	Pulse	255	4140000	7525	NA
p008v1	154	Response	101	4150406	7766	1
p008v1	156	Pulse	255	4170000	9194	NA
p008v1	158	Pulse	255	4200000	8864	NA
p008v1	158	Response	100	4210330	19193	1
p008v1	160	Pulse	255	4230000	9200	NA
p008v1	162	Pulse	255	4260000	8869	NA
p008v1	162	Response	101	4261047	9916	1
p008v1	164	Pulse	255	4290000	18537	NA
p008v1	166	Response	101	4307366	5573	1
p008v1	168	Pulse	255	4320000	2208	NA
p008v1	170	Pulse	255	4350000	1877	NA
p008v1	170	Response	101	4361927	13804	1
p008v1	172	Pulse	255	4380000	7546	NA
p008v1	174	Pulse	255	4410000	7215	NA
p008v1	174	Response	100	4411766	8981	1
p008v1	176	Pulse	255	4440000	17717	NA
p008v1	178	Response	100	4461686	9072	1
p008v1	179	Pulse	255	4470000	8220	NA
p008v1	181	Pulse	255	4500000	7723	NA
p008v1	182	Response	100	4516567	14124	1
p008v1	184	Pulse	255	4530000	2893	NA
p008v1	186	Pulse	255	4560000	2562	NA
p008v1	186	Response	101	4570566	13128	1
p008v1	188	Pulse	255	4590000	8898	NA
p008v1	190	Pulse	255	4620000	8567	NA
p008v1	190	Response	100	4623207	11774	1
p008v1	192	Pulse	255	4650000	16402	NA
p008v1	194	Response	101	4674245	10316	1
p008v1	195	Pulse	255	4680000	5572	NA
p008v1	197	Pulse	255	4710000	5075	NA
p008v1	198	Response	100	4726566	11475	1
p008v1	200	Pulse	255	4740000	2911	NA
p008v1	202	Pulse	255	4770000	2580	NA
p008v1	202	Response	101	4774487	7067	1
p008v1	204	Pulse	255	4800000	15082	NA
p008v1	206	Response	100	4822966	7717	1
p008v1	207	Pulse	255	4830000	6919	NA
p008v1	209	Pulse	255	4860000	6421	NA
p008v1	210	Response	101	4877526	13781	1
p008v1	212	Pulse	255	4890000	2091	NA
p008v1	214	Pulse	255	4920000	1760	NA
p008v1	214	Response	101	4932568	14328	1
p008v1	216	Pulse	255	4950000	6929	NA
p008v1	218	Response	101	4979685	6283	1
p008v1	219	Pulse	255	4980000	265	NA
p008v1	220	Pulse	255	5010000	19933	NA
p008v1	222	Response	100	5030247	9849	1
p008v1	223	Pulse	255	5040000	9603	NA
p008v1	225	Pulse	255	5070000	9106	NA
p008v1	226	Response	101	5081046	9986	1
p008v1	228	Pulse	255	5100000	8442	NA
p008v1	230	Response	101	5127206	5318	1
p008v1	231	Pulse	255	5130000	2612	NA
p008v1	233	Pulse	255	5160000	2114	NA
p008v1	234	Response	100	5175286	7235	1
p008v1	236	Pulse	255	5190000	4283	NA
p008v1	238	Pulse	255	5220000	3953	NA
p008v1	238	Response	100	5226486	10438	1
p008v1	240	Pulse	255	5250000	13121	NA
p008v1	242	Picture	instruct_trial	5267210	0	1	189317	1	0	next	other	0
p008v1	242	Pulse	255	5280000	12790	NA
p008v1	242	Pulse	255	5310000	42790	NA
p008v1	242	Pulse	255	5340000	72790	NA
p008v1	242	Pulse	255	5370000	102790	NA
p008v1	242	Pulse	255	5400000	132790	NA
p008v1	242	Pulse	255	5430000	162790	NA
p008v1	242	Response	101	5456405	189195	1
p008v1	243	Pulse	255	5460000	3307	NA
p008v1	243	Response	100	5470887	14194	1
p008v1	245	Pulse	255	5490000	8642	NA
p008v1	247	Pulse	255	5520000	8312	NA
p008v1	247	Response	101	5525765	14076	1
p008v1	249	Pulse	255	5550000	13814	NA
p008v1	251	Response	101	5574245	7728	1
p008v1	252	Pulse	255	5580000	5650	NA
p008v1	254	Pulse	255	5610000	5153	NA
p008v1	255	Response	101	5627365	12352	1
p008v1	257	Pulse	255	5640000	2156	NA
p008v1	259	Pulse	255	5670000	1825	NA
p008v1	259	Response	100	5677525	9350	1
p008v1	261	Pulse	255	5700000	11994	NA
p008v1	263	Pulse	255	5730000	11663	NA
p008v1	263	Response	101	5730405	12068	1
p008v1	265	Pulse	255	5760000	19165	NA
p008v1	267	Response	101	5783365	12199	1
p008v1	268	Pulse	255	5790000	6502	NA
p008v1	270	Pulse	255	5820000	6005	NA
p008v1	271	Response	100	5832965	8804	1
p008v1	273	Pulse	255	5850000	6507	NA
p008v1	275	Pulse	255	5880000	6176	NA
p008v1	275	Response	100	5886885	13061	1
p008v1	277	Pulse	255	5910000	12679	NA
p008v1	279	Response	101	5939204	11552	1
p008v1	280	Pulse	255	5940000	682	NA
p008v1	282	Pulse	255	5970000	185	NA
p008v1	283	Response	101	5985365	5384	1
p008v1	285	Pulse	255	6000000	4187	NA
p008v1	287	Pulse	255	6030000	3856	NA
p008v1	287	Response	101	6038088	11944	1
p008v1	289	Pulse	255	6060000	11525	NA
p008v1	291	Response	101	6083285	4479	1
p008v1	292	Pulse	255	6090000	6528	NA
p008v1	294	Pulse	255	6120000	6031	NA
p008v1	295	Response	101	6128565	4430	1
p008v1	297	Pulse	255	6150000	11033	NA
p008v1	299	Response	101	6176962	7664	1
p008v1	300	Pulse	255	6180000	2870	NA
p008v1	302	Pulse	255	6210000	2372	NA
p008v1	303	Response	100	6229604	11810	1
p008v1	304	Pulse	255	6240000	10207	NA
p008v1	306	Pulse	255	6270000	9710	NA
p008v1	307	Response	101	6287124	16668	1
p008v1	309	Pulse	255	6300000	2380	NA
p008v1	311	Pulse	255	6330000	2049	NA
p008v1	311	Response	101	6344649	16698	1
p008v1	313	Pulse	255	6360000	4885	NA
p008v1	315	Pulse	255	6390000	4554	NA
p008v1	315	Response	101	6402564	17118	1
p008v1	317	Pulse	255	6420000	6890	NA
p008v1	319	Pulse	255	6450000	6559	NA
p008v1	319	Response	100	6457283	13843	1
p008v1	321	Pulse	255	6480000	12228	NA
p008v1	323	Response	101	6506805	8702	1
p008v1	324	Pulse	255	6510000	3065	NA
p008v1	326	Pulse	255	6540000	2567	NA
p008v1	327	Response	100	6557445	9847	1
p008v1	329	Pulse	255	6570000	2070	NA
p008v1	331	Pulse	255	6600000	1739	NA
p008v1	331	Response	101	6611130	12870	1
p008v1	333	Pulse	255	6630000	8408	NA
p008v1	335	Pulse	255	6660000	8077	NA
p008v1	335	Response	101	6669764	17841	1
p008v1	337	Pulse	255	6690000	9747	NA
p008v1	339	Pulse	255	6720000	9416	NA
p008v1	339	Response	100	6721124	10540	1
p008v1	341	Pulse	255	6750000	18418	NA
p008v1	343	Response	101	6769446	7533	1
p008v1	345	Pulse	255	6780000	89	NA
p008v1	346	Pulse	255	6810000	9924	NA
p008v1	347	Response	101	6823363	13121	1
p008v1	349	Pulse	255	6840000	6093	NA
p008v1	351	Response	100	6869523	5286	1
p008v1	352	Pulse	255	6870000	263	NA
p008v1	353	Pulse	255	6900000	19931	NA
p008v1	355	Response	100	6920003	9603	1
p008v1	356	Pulse	255	6930000	9934	NA
p008v1	358	Pulse	255	6960000	9437	NA
p008v1	359	Response	101	6976082	15353	1
p008v1	361	Pulse	255	6990000	3440	NA
p008v1	363	Pulse	255	7020000	3109	NA
p008v1	363	Response	101	7034324	17433	1
p008v1	365	Pulse	255	7050000	5278	NA
p008v1	367	Pulse	255	7080000	4948	NA
p008v1	367	Response	101	7087363	12311	1
p008v1	369	Pulse	255	7110000	12116	NA
p008v1	371	Pulse	255	7140000	11785	NA
p008v1	371	Response	100	7155203	26989	1
p008v1	373	Pulse	255	7170000	4289	NA
p008v1	375	Pulse	255	7200000	3958	NA
p008v1	375	Response	100	7205523	9481	1
p008v1	377	Pulse	255	7230000	13960	NA
p008v1	379	Response	101	7255123	8752	1
p008v1	380	Pulse	255	7260000	4797	NA
p008v1	382	Pulse	255	7290000	4299	NA
p008v1	383	Response	101	7305204	9337	1
p008v1	385	Pulse	255	7320000	4302	NA
p008v1	387	Pulse	255	7350000	3971	NA
p008v1	387	Response	101	7355523	9494	1
p008v1	389	Response	101	7372163	6135	1
p008v1	389	Pulse	255	7380000	13973	NA
p008v1	391	Response	100	7405363	9005	1
p008v1	392	Pulse	255	7410000	4476	NA
p008v1	394	Pulse	255	7440000	3979	NA
p008v1	395	Response	100	7460803	14616	1
p008v1	396	Pulse	255	7470000	9148	NA
p008v1	398	Pulse	255	7500000	8650	NA
p008v1	399	Response	100	7510724	9209	1
p008v1	401	Pulse	255	7530000	8820	NA
p008v1	403	Response	101	7558242	6731	1
p008v1	404	Pulse	255	7560000	1656	NA
p008v1	406	Pulse	255	7590000	1159	NA
p008v1	407	Response	101	7608887	9880	1
p008v1	409	Pulse	255	7620000	662	NA
p008v1	411	Pulse	255	7650000	331	NA
p008v1	411	Response	100	7666242	16573	1
p008v1	413	Pulse	255	7680000	3333	NA
p008v1	415	Pulse	255	7710000	3002	NA
p008v1	415	Response	100	7716323	9325	1
p008v1	417	Pulse	255	7740000	13171	NA
p008v1	417	Response	101	7743923	17094	1
p008v1	419	Pulse	255	7770000	12840	NA
p008v1	419	Response	100	7771202	14042	1
p008v1	421	Pulse	255	7800000	18342	NA
p008v1	423	Pulse	255	7830000	18012	NA
p008v1	423	Response	100	7830482	18494	1
p008v1	425	Pulse	255	7860000	19014	NA
p008v1	427	Response	101	7885042	13725	1
p008v1	428	Pulse	255	7890000	4851	NA
p008v1	430	Pulse	255	7920000	4354	NA
p008v1	431	Response	100	7935923	10111	1
p008v1	433	Pulse	255	7950000	3690	NA
p008v1	435	Pulse	255	7980000	3359	NA
p008v1	435	Response	101	7994162	17521	1
p008v1	437	Pulse	255	8010000	5362	NA
p008v1	439	Pulse	255	8040000	5031	NA
p008v1	439	Response	100	8044402	9433	1
p008v1	441	Pulse	255	8070000	15199	NA
p008v1	443	Pulse	255	8100000	14869	NA
p008v1	443	Response	101	8106082	20951	1
p008v1	445	Pulse	255	8130000	13538	NA
p008v1	447	Pulse	255	8160000	13207	NA
p008v1	447	Response	101	8163363	16571	1
p008v1	449	Pulse	255	8190000	16210	NA
p008v1	451	Response	101	8218321	14200	1
p008v1	452	Pulse	255	8220000	1547	NA
p008v1	454	Pulse	255	8250000	1050	NA
p008v1	455	Response	101	8268002	8885	1
p008v1	457	Pulse	255	8280000	1552	NA
p008v1	459	Pulse	255	8310000	1221	NA
p008v1	459	Response	101	8320322	11543	1
p008v1	461	Pulse	255	8340000	9223	NA
p008v1	463	Pulse	255	8370000	8893	NA
p008v1	463	Response	100	8370722	9614	1
p008v1	465	Pulse	255	8400000	18894	NA
p008v1	467	Response	101	8420882	9446	1
p008v1	468	Pulse	255	8430000	9065	NA
p008v1	470	Pulse	255	8460000	8567	NA
p008v1	471	Response	101	8477682	16083	1
p008v1	473	Pulse	255	8490000	1904	NA
p008v1	475	Pulse	255	8520000	1573	NA
p008v1	475	Response	101	8529361	10934	1
p008v1	477	Pulse	255	8550000	10242	NA
p008v1	479	Response	100	8578241	8152	1
p008v1	480	Pulse	255	8580000	1578	NA
p008v1	482	Pulse	255	8610000	1081	NA
p008v1	483	Picture	instruct_trial	8619085	0	1	511789	1	0	next	other	0
p008v1	483	Pulse	255	8640000	20915	NA
p008v1	483	Pulse	255	8670000	50915	NA
p008v1	483	Pulse	255	8700000	80915	NA
p008v1	483	Pulse	255	8730000	110915	NA
p008v1	483	Pulse	255	8760000	140915	NA
p008v1	483	Pulse	255	8790000	170915	NA
p008v1	483	Pulse	255	8820000	200915	NA
p008v1	483	Pulse	255	8850000	230915	NA
p008v1	483	Pulse	255	8880000	260915	NA
p008v1	483	Pulse	255	8910000	290915	NA
p008v1	483	Pulse	255	8940000	320915	NA
p008v1	483	Pulse	255	8970000	350915	NA
p008v1	483	Pulse	255	9000000	380915	NA
p008v1	483	Pulse	255	9030000	410915	NA
p008v1	483	Pulse	255	9060000	440915	NA
p008v1	483	Pulse	255	9090000	470915	NA
p008v1	483	Pulse	255	9120000	500915	NA
p008v1	483	Response	100	9130728	511643	1
p008v1	484	Response	101	9145530	14489	1
p008v1	485	Pulse	255	9150000	4294	NA
p008v1	487	Pulse	255	9180000	3797	NA
p008v1	488	Response	101	9205530	19161	1
p008v1	489	Pulse	255	9210000	4299	NA
p008v1	491	Pulse	255	9240000	3802	NA
p008v1	492	Response	100	9261849	15485	1
p008v1	493	Pulse	255	9270000	7971	NA
p008v1	495	Pulse	255	9300000	7474	NA
p008v1	496	Response	101	9317931	15239	1
p008v1	498	Pulse	255	9330000	1643	NA
p008v1	500	Pulse	255	9360000	1313	NA
p008v1	500	Response	100	9380169	21482	1
p008v1	501	Pulse	255	9390000	9648	NA
p008v1	503	Pulse	255	9420000	9151	NA
p008v1	504	Response	100	9440572	19557	1
p008v1	505	Pulse	255	9450000	9320	NA
p008v1	507	Pulse	255	9480000	8822	NA
p008v1	508	Response	101	9491690	10347	1
p008v1	510	Pulse	255	9510000	7825	NA
p008v1	512	Pulse	255	9540000	7494	NA
p008v1	512	Response	101	9550012	17506	1
p008v1	514	Pulse	255	9570000	9497	NA
p008v1	516	Pulse	255	9600000	9166	NA
p008v1	516	Response	100	9611689	20855	1
p008v1	518	Pulse	255	9630000	7836	NA
p008v1	520	Pulse	255	9660000	7505	NA
p008v1	520	Response	100	9672409	19914	1
p008v1	522	Pulse	255	9690000	7174	NA
p008v1	524	Pulse	255	9720000	6843	NA
p008v1	524	Response	101	9725771	12614	1
p008v1	526	Pulse	255	9750000	13845	NA
p008v1	528	Pulse	255	9780000	13515	NA
p008v1	528	Response	100	9784248	17763	1
p008v1	530	Pulse	255	9810000	15351	NA
p008v1	532	Pulse	255	9840000	15020	NA
p008v1	532	Response	100	9842572	17591	1
p008v1	534	Pulse	255	9870000	17022	NA
p008v1	536	Response	101	9891366	8058	1
p008v1	537	Pulse	255	9900000	8526	NA
p008v1	539	Pulse	255	9930000	8028	NA
p008v1	540	Response	101	9947850	15712	1
p008v1	542	Pulse	255	9960000	1698	NA
p008v1	544	Pulse	255	9990000	1367	NA
p008v1	544	Response	100	10002329	13697	1
p008v1	546	Pulse	255	10020000	7203	NA
p008v1	548	Pulse	255	10050000	6872	NA
p008v1	548	Response	100	10059204	16076	1
p008v1	550	Pulse	255	10080000	10374	NA
p008v1	552	Pulse	255	10110000	10044	NA
p008v1	552	Response	101	10113529	13573	1
p008v1	554	Pulse	255	10140000	16046	NA
p008v1	556	Response	101	10168168	13883	1
p008v1	557	Pulse	255	10170000	1716	NA
p008v1	559	Pulse	255	10200000	1219	NA
p008v1	560	Response	100	10229208	20262	1
p008v1	561	Pulse	255	10230000	722	NA
p008v1	563	Pulse	255	10260000	224	NA
p008v1	564	Response	101	10283849	13908	1
p008v1	565	Pulse	255	10290000	6060	NA
p008v1	567	Pulse	255	10320000	5562	NA
p008v1	568	Response	100	10331129	6525	1
p008v1	570	Pulse	255	10350000	8398	NA
p008v1	572	Pulse	255	10380000	8067	NA
p008v1	572	Response	100	10380489	8556	1
p008v1	574	Pulse	255	10410000	19069	NA
p008v1	576	Response	100	10436402	15140	1
p008v1	577	Pulse	255	10440000	3406	NA
p008v1	579	Pulse	255	10470000	2909	NA
p008v1	580	Response	100	10487605	10349	1
p008v1	582	Pulse	255	10500000	1912	NA
p008v1	584	Pulse	255	10530000	1581	NA
p008v1	584	Pulse	255	10560000	31581	NA
p008v1	584	Response	100	10561527	33108	1
p008v1	586	Pulse	255	10590000	18085	NA
p008v1	588	Response	101	10615049	12803	1
p008v1	589	Pulse	255	10620000	4755	NA
p008v1	591	Pulse	255	10650000	4258	NA
p008v1	592	Pulse	255	10680000	24092	NA
p008v1	592	Response	101	10689125	33217	1
p008v1	594	Pulse	255	10710000	10429	NA
p008v1	596	Response	100	10738647	8745	1
p008v1	597	Pulse	255	10740000	1266	NA
p008v1	599	Pulse	255	10770000	769	NA
p008v1	600	Response	100	10790965	11568	1
p008v1	601	Pulse	255	10800000	8937	NA
p008v1	603	Pulse	255	10830000	8440	NA
p008v1	604	Response	101	10840245	8519	1
p008v1	606	Pulse	255	10860000	9276	NA
p008v1	606	Response	101	10869763	19039	1
p008v1	608	Pulse	255	10890000	8945	NA
p008v1	608	Response	101	10891532	10477	1
p008v1	610	Pulse	255	10920000	17947	NA
p008v1	612	Response	101	10945609	13225	1
p008v1	613	Pulse	255	10950000	4284	NA
p008v1	615	Pulse	255	10980000	3787	NA
p008v1	616	Pulse	255	11010000	23621	NA
p008v1	616	Response	100	11012649	26269	1
p008v1	618	Pulse	255	11040000	16957	NA
p008v1	619	Response	101	11044246	1038	1
p008v1	620	Response	100	11062248	8874	1
p008v1	621	Pulse	255	11070000	7627	NA
p008v1	623	Pulse	255	11100000	7130	NA
p008v1	624	Response	100	11118806	15771	1
p008v1	626	Pulse	255	11130000	800	NA
p008v1	628	Pulse	255	11160000	469	NA
p008v1	628	Response	101	11171769	12238	1
p008v1	630	Pulse	255	11190000	7804	NA
p008v1	632	Pulse	255	11220000	7474	NA
p008v1	632	Response	100	11224569	12043	1
p008v1	634	Pulse	255	11250000	14976	NA
p008v1	636	Response	100	11277607	12252	1
p008v1	637	Pulse	255	11280000	2313	NA
p008v1	639	Pulse	255	11310000	1815	NA
p008v1	640	Pulse	255	11340000	21650	NA
p008v1	640	Response	100	11340324	21974	1
p008v1	642	Pulse	255	11370000	19152	NA
p008v1	644	Pulse	255	11400000	18822	NA
p008v1	644	Response	101	11407288	26109	1
p008v1	646	Pulse	255	11430000	12325	NA
p008v1	648	Response	101	11458645	10639	1
p008v1	649	Pulse	255	11460000	1162	NA
p008v1	651	Pulse	255	11490000	664	NA
p008v1	652	Pulse	255	11520000	20499	NA
p008v1	652	Response	100	11527848	28347	1
p008v1	654	Pulse	255	11550000	11669	NA
p008v1	656	Response	100	11578087	9425	1
p008v1	657	Pulse	255	11580000	1839	NA
p008v1	659	Pulse	255	11610000	1342	NA
p008v1	660	Response	100	11626970	8145	1
p008v1	662	Pulse	255	11640000	2511	NA
p008v1	664	Pulse	255	11670000	2180	NA
p008v1	664	Response	101	11685128	17308	1
p008v1	666	Pulse	255	11700000	4349	NA
p008v1	668	Pulse	255	11730000	4018	NA
p008v1	668	Response	101	11747289	21307	1
p008v1	670	Pulse	255	11760000	2188	NA
p008v1	672	Pulse	255	11790000	1857	NA
p008v1	672	Response	100	11798245	10102	1
p008v1	674	Pulse	255	11820000	11359	NA
p008v1	676	Pulse	255	11850000	11028	NA
p008v1	676	Response	101	11862887	23915	1
p008v1	678	Pulse	255	11880000	6698	NA
p008v1	680	Pulse	255	11910000	6367	NA
p008v1	680	Response	100	11921847	18214	1
p008v1	682	Pulse	255	11940000	7703	NA
p008v1	684	Pulse	255	11970000	7372	NA
p008v1	684	Response	101	11970483	7856	1
p008v1	686	Pulse	255	12000000	19041	NA
p008v1	688	Response	100	12025288	13998	1
p008v1	689	Pulse	255	12030000	4544	NA
p008v1	691	Pulse	255	12060000	4047	NA
p008v1	692	Response	101	12072480	6361	1
p008v1	694	Pulse	255	12090000	7049	NA
p008v1	694	Response	101	12090565	7614	1
p008v1	696	Pulse	255	12120000	6719	NA
p008v1	696	Response	101	12128884	15603	1
p008v1	698	Pulse	255	12150000	10721	NA
p008v1	700	Response	101	12178648	9039	1
p008v1	701	Pulse	255	12180000	1224	NA
p008v1	703	Pulse	255	12210000	727	NA
p008v1	704	Pulse	255	12240000	20561	NA
p008v1	704	Response	100	12240084	20645	1
p008v1	706	Pulse	255	12270000	19397	NA
p008v1	708	Response	100	12299608	18675	1
p008v1	709	Pulse	255	12300000	235	NA
p008v1	710	Pulse	255	12330000	19902	NA
p008v1	712	Response	101	12347606	7178	1
p008v1	714	Pulse	255	12360000	1907	NA
p008v1	716	Pulse	255	12390000	1576	NA
p008v1	716	Response	100	12402327	13902	1
p008v1	718	Pulse	255	12420000	7245	NA
p008v1	720	Pulse	255	12450000	6914	NA
p008v1	720	Response	100	12464478	21392	1
p008v1	722	Pulse	255	12480000	5083	NA
p008v1	724	Picture	instruct_trial	12505247	0	1	40163	1	0	next	other	0
p008v1	724	Pulse	255	12510000	4753	NA
p008v1	724	Pulse	255	12540000	34753	NA
