Scenario - learning_JJ_english
Logfile written - 08/17/2021 13:10:25

Subject	Trial	Event Type	Code	Time	TTime	Uncertainty	Duration	Uncertainty	ReqTime	ReqDur	Stim Type	Pair Index

p009v2	0	Pulse	255	0	0	NA
p009v2	1	Picture	instruct_trial	10333	0	1	4847587	1	0	next	other	0
p009v2	1	Pulse	255	30000	19667	NA
p009v2	1	Pulse	255	60000	49667	NA
p009v2	1	Pulse	255	90000	79667	NA
p009v2	1	Pulse	255	120000	109667	NA
p009v2	1	Pulse	255	150000	139667	NA
p009v2	1	Pulse	255	180000	169667	NA
p009v2	1	Pulse	255	210000	199667	NA
p009v2	1	Pulse	255	240000	229667	NA
p009v2	1	Pulse	255	270000	259667	NA
p009v2	1	Pulse	255	300000	289667	NA
p009v2	1	Pulse	255	330000	319667	NA
p009v2	1	Pulse	255	360000	349667	NA
p009v2	1	Pulse	255	390000	379667	NA
p009v2	1	Pulse	255	420000	409667	NA
p009v2	1	Pulse	255	450000	439667	NA
p009v2	1	Pulse	255	480000	469667	NA
p009v2	1	Pulse	255	510000	499667	NA
p009v2	1	Pulse	255	540000	529667	NA
p009v2	1	Pulse	255	570000	559667	NA
p009v2	1	Pulse	255	600000	589667	NA
p009v2	1	Pulse	255	630000	619667	NA
p009v2	1	Pulse	255	660000	649667	NA
p009v2	1	Pulse	255	690000	679667	NA
p009v2	1	Pulse	255	720000	709667	NA
p009v2	1	Pulse	255	750000	739667	NA
p009v2	1	Pulse	255	780000	769667	NA
p009v2	1	Pulse	255	810000	799667	NA
p009v2	1	Pulse	255	840000	829667	NA
p009v2	1	Pulse	255	870000	859667	NA
p009v2	1	Pulse	255	900000	889667	NA
p009v2	1	Pulse	255	930000	919667	NA
p009v2	1	Pulse	255	960000	949667	NA
p009v2	1	Pulse	255	990000	979667	NA
p009v2	1	Pulse	255	1020000	1009667	NA
p009v2	1	Pulse	255	1050000	1039667	NA
p009v2	1	Pulse	255	1080000	1069667	NA
p009v2	1	Pulse	255	1110000	1099667	NA
p009v2	1	Pulse	255	1140000	1129667	NA
p009v2	1	Pulse	255	1170000	1159667	NA
p009v2	1	Pulse	255	1200000	1189667	NA
p009v2	1	Pulse	255	1230000	1219667	NA
p009v2	1	Pulse	255	1260000	1249667	NA
p009v2	1	Pulse	255	1290000	1279667	NA
p009v2	1	Pulse	255	1320000	1309667	NA
p009v2	1	Pulse	255	1350000	1339667	NA
p009v2	1	Pulse	255	1380000	1369667	NA
p009v2	1	Pulse	255	1410000	1399667	NA
p009v2	1	Pulse	255	1440000	1429667	NA
p009v2	1	Pulse	255	1470000	1459667	NA
p009v2	1	Pulse	255	1500000	1489667	NA
p009v2	1	Pulse	255	1530000	1519667	NA
p009v2	1	Pulse	255	1560000	1549667	NA
p009v2	1	Pulse	255	1590000	1579667	NA
p009v2	1	Pulse	255	1620000	1609667	NA
p009v2	1	Pulse	255	1650000	1639667	NA
p009v2	1	Pulse	255	1680000	1669667	NA
p009v2	1	Pulse	255	1710000	1699667	NA
p009v2	1	Pulse	255	1740000	1729667	NA
p009v2	1	Pulse	255	1770000	1759667	NA
p009v2	1	Pulse	255	1800000	1789667	NA
p009v2	1	Pulse	255	1830000	1819667	NA
p009v2	1	Pulse	255	1860000	1849667	NA
p009v2	1	Pulse	255	1890000	1879667	NA
p009v2	1	Pulse	255	1920000	1909667	NA
p009v2	1	Pulse	255	1950000	1939667	NA
p009v2	1	Pulse	255	1980000	1969667	NA
p009v2	1	Pulse	255	2010000	1999667	NA
p009v2	1	Pulse	255	2040000	2029667	NA
p009v2	1	Pulse	255	2070000	2059667	NA
p009v2	1	Pulse	255	2100000	2089667	NA
p009v2	1	Pulse	255	2130000	2119667	NA
p009v2	1	Pulse	255	2160000	2149667	NA
p009v2	1	Pulse	255	2190000	2179667	NA
p009v2	1	Pulse	255	2220000	2209667	NA
p009v2	1	Pulse	255	2250000	2239667	NA
p009v2	1	Pulse	255	2280000	2269667	NA
p009v2	1	Pulse	255	2310000	2299667	NA
p009v2	1	Pulse	255	2340000	2329667	NA
p009v2	1	Pulse	255	2370000	2359667	NA
p009v2	1	Pulse	255	2400000	2389667	NA
p009v2	1	Pulse	255	2430000	2419667	NA
p009v2	1	Pulse	255	2460000	2449667	NA
p009v2	1	Pulse	255	2490000	2479667	NA
p009v2	1	Pulse	255	2520000	2509667	NA
p009v2	1	Pulse	255	2550000	2539667	NA
p009v2	1	Pulse	255	2580000	2569667	NA
p009v2	1	Pulse	255	2610000	2599667	NA
p009v2	1	Pulse	255	2640000	2629667	NA
p009v2	1	Pulse	255	2670000	2659667	NA
p009v2	1	Pulse	255	2700000	2689667	NA
p009v2	1	Pulse	255	2730000	2719667	NA
p009v2	1	Pulse	255	2760000	2749667	NA
p009v2	1	Pulse	255	2790000	2779667	NA
p009v2	1	Pulse	255	2820000	2809667	NA
p009v2	1	Pulse	255	2850000	2839667	NA
p009v2	1	Pulse	255	2880000	2869667	NA
p009v2	1	Pulse	255	2910000	2899667	NA
p009v2	1	Pulse	255	2940000	2929667	NA
p009v2	1	Pulse	255	2970000	2959667	NA
p009v2	1	Pulse	255	3000000	2989667	NA
p009v2	1	Pulse	255	3030000	3019667	NA
p009v2	1	Pulse	255	3060000	3049667	NA
p009v2	1	Pulse	255	3090000	3079667	NA
p009v2	1	Pulse	255	3120000	3109667	NA
p009v2	1	Pulse	255	3150000	3139667	NA
p009v2	1	Pulse	255	3180000	3169667	NA
p009v2	1	Pulse	255	3210000	3199667	NA
p009v2	1	Pulse	255	3240000	3229667	NA
p009v2	1	Pulse	255	3270000	3259667	NA
p009v2	1	Pulse	255	3300000	3289667	NA
p009v2	1	Pulse	255	3330000	3319667	NA
p009v2	1	Pulse	255	3360000	3349667	NA
p009v2	1	Pulse	255	3390000	3379667	NA
p009v2	1	Pulse	255	3420000	3409667	NA
p009v2	1	Pulse	255	3450000	3439667	NA
p009v2	1	Pulse	255	3480000	3469667	NA
p009v2	1	Pulse	255	3510000	3499667	NA
p009v2	1	Pulse	255	3540000	3529667	NA
p009v2	1	Pulse	255	3570000	3559667	NA
p009v2	1	Pulse	255	3600000	3589667	NA
p009v2	1	Pulse	255	3630000	3619667	NA
p009v2	1	Pulse	255	3660000	3649667	NA
p009v2	1	Pulse	255	3690000	3679667	NA
p009v2	1	Pulse	255	3720000	3709667	NA
p009v2	1	Pulse	255	3750000	3739667	NA
p009v2	1	Pulse	255	3780000	3769667	NA
p009v2	1	Pulse	255	3810000	3799667	NA
p009v2	1	Pulse	255	3840000	3829667	NA
p009v2	1	Pulse	255	3870000	3859667	NA
p009v2	1	Pulse	255	3900000	3889667	NA
p009v2	1	Pulse	255	3930000	3919667	NA
p009v2	1	Pulse	255	3960000	3949667	NA
p009v2	1	Pulse	255	3990000	3979667	NA
p009v2	1	Pulse	255	4020000	4009667	NA
p009v2	1	Pulse	255	4050000	4039667	NA
p009v2	1	Pulse	255	4080000	4069667	NA
p009v2	1	Pulse	255	4110000	4099667	NA
p009v2	1	Pulse	255	4140000	4129667	NA
p009v2	1	Pulse	255	4170000	4159667	NA
p009v2	1	Pulse	255	4200000	4189667	NA
p009v2	1	Pulse	255	4230000	4219667	NA
p009v2	1	Pulse	255	4260000	4249667	NA
p009v2	1	Pulse	255	4290000	4279667	NA
p009v2	1	Pulse	255	4320000	4309667	NA
p009v2	1	Pulse	255	4350000	4339667	NA
p009v2	1	Pulse	255	4380000	4369667	NA
p009v2	1	Pulse	255	4410000	4399667	NA
p009v2	1	Pulse	255	4440000	4429667	NA
p009v2	1	Pulse	255	4470000	4459667	NA
p009v2	1	Pulse	255	4500000	4489667	NA
p009v2	1	Pulse	255	4530000	4519667	NA
p009v2	1	Pulse	255	4560000	4549667	NA
p009v2	1	Pulse	255	4590000	4579667	NA
p009v2	1	Pulse	255	4620000	4609667	NA
p009v2	1	Pulse	255	4650000	4639667	NA
p009v2	1	Pulse	255	4680000	4669667	NA
p009v2	1	Pulse	255	4710000	4699667	NA
p009v2	1	Pulse	255	4740000	4729667	NA
p009v2	1	Pulse	255	4770000	4759667	NA
p009v2	1	Pulse	255	4800000	4789667	NA
p009v2	1	Pulse	255	4830000	4819667	NA
p009v2	1	Response	101	4857711	4847378	1
p009v2	1	Pulse	255	4860000	4849667	NA
p009v2	2	Response	101	4873309	13056	1
p009v2	4	Pulse	255	4890000	6249	NA
p009v2	6	Pulse	255	4920000	5918	NA
p009v2	6	Response	101	4922030	7948	1
p009v2	8	Pulse	255	4950000	17587	NA
p009v2	10	Response	101	4971310	8566	1
p009v2	11	Pulse	255	4980000	8590	NA
p009v2	13	Pulse	255	5010000	8093	NA
p009v2	14	Response	101	5018108	6035	1
p009v2	16	Pulse	255	5040000	11428	NA
p009v2	18	Response	101	5069148	10246	1
p009v2	19	Pulse	255	5070000	765	NA
p009v2	21	Pulse	255	5100000	268	NA
p009v2	22	Response	100	5123389	13491	1
p009v2	23	Pulse	255	5130000	6436	NA
p009v2	25	Pulse	255	5160000	5939	NA
p009v2	26	Response	100	5175709	11482	1
p009v2	28	Pulse	255	5190000	3775	NA
p009v2	30	Pulse	255	5220000	3444	NA
p009v2	30	Response	101	5229710	13154	1
p009v2	32	Pulse	255	5250000	9780	NA
p009v2	34	Pulse	255	5280000	9449	NA
p009v2	34	Response	101	5281068	10517	1
p009v2	36	Pulse	255	5310000	18451	NA
p009v2	38	Response	101	5330190	8310	1
p009v2	39	Pulse	255	5340000	9621	NA
p009v2	41	Pulse	255	5370000	9123	NA
p009v2	42	Response	100	5396271	25229	1
p009v2	43	Pulse	255	5400000	3626	NA
p009v2	45	Pulse	255	5430000	3129	NA
p009v2	46	Response	101	5449631	12594	1
p009v2	47	Pulse	255	5460000	10297	NA
p009v2	49	Pulse	255	5490000	9800	NA
p009v2	50	Response	101	5504829	14463	1
p009v2	52	Pulse	255	5520000	4636	NA
p009v2	54	Pulse	255	5550000	4306	NA
p009v2	54	Response	101	5563229	17535	1
p009v2	56	Pulse	255	5580000	6308	NA
p009v2	58	Pulse	255	5610000	5977	NA
p009v2	58	Response	101	5612749	8726	1
p009v2	60	Pulse	255	5640000	16812	NA
p009v2	62	Response	101	5659471	5952	1
p009v2	64	Pulse	255	5670000	149	NA
p009v2	65	Pulse	255	5700000	9985	NA
p009v2	66	Response	101	5708191	8009	1
p009v2	68	Pulse	255	5730000	11320	NA
p009v2	70	Response	100	5756349	7339	1
p009v2	71	Pulse	255	5760000	3490	NA
p009v2	73	Pulse	255	5790000	2993	NA
p009v2	74	Response	101	5800591	3418	1
p009v2	76	Pulse	255	5820000	8995	NA
p009v2	78	Response	100	5848111	6775	1
p009v2	79	Pulse	255	5850000	1831	NA
p009v2	81	Pulse	255	5880000	1334	NA
p009v2	82	Response	100	5892191	3359	1
p009v2	84	Pulse	255	5910000	7336	NA
p009v2	86	Response	101	5937951	4956	1
p009v2	87	Pulse	255	5940000	1839	NA
p009v2	89	Pulse	255	5970000	1342	NA
p009v2	90	Response	101	5986909	8085	1
p009v2	92	Pulse	255	6000000	2677	NA
p009v2	94	Pulse	255	6030000	2347	NA
p009v2	94	Response	101	6033550	5896	1
p009v2	96	Pulse	255	6060000	16015	NA
p009v2	98	Response	101	6080029	5713	1
p009v2	99	Pulse	255	6090000	9851	NA
p009v2	101	Pulse	255	6120000	9354	NA
p009v2	102	Response	100	6127150	6338	1
p009v2	104	Pulse	255	6150000	12356	NA
p009v2	106	Response	100	6171391	3416	1
p009v2	107	Pulse	255	6180000	8526	NA
p009v2	109	Pulse	255	6210000	8028	NA
p009v2	110	Response	101	6224430	12293	1
p009v2	112	Pulse	255	6240000	5031	NA
p009v2	114	Response	101	6269231	3931	1
p009v2	115	Pulse	255	6270000	701	NA
p009v2	117	Pulse	255	6300000	203	NA
p009v2	118	Response	100	6315789	5827	1
p009v2	120	Pulse	255	6330000	3705	NA
p009v2	122	Pulse	255	6360000	3375	NA
p009v2	122	Response	100	6362509	5884	1
p009v2	124	Pulse	255	6390000	17043	NA
p009v2	126	Response	100	6413071	9783	1
p009v2	127	Pulse	255	6420000	6880	NA
p009v2	129	Pulse	255	6450000	6382	NA
p009v2	130	Response	100	6465871	12087	1
p009v2	132	Pulse	255	6480000	3718	NA
p009v2	134	Pulse	255	6510000	3387	NA
p009v2	134	Response	101	6518431	11819	1
p009v2	136	Pulse	255	6540000	11056	NA
p009v2	138	Pulse	255	6570000	10725	NA
p009v2	138	Response	101	6583070	23796	1
p009v2	140	Pulse	255	6600000	6395	NA
p009v2	142	Pulse	255	6630000	6064	NA
p009v2	142	Response	100	6635151	11215	1
p009v2	144	Pulse	255	6660000	14399	NA
p009v2	146	Pulse	255	6690000	14069	NA
p009v2	146	Pulse	255	6720000	44069	NA
p009v2	146	Pulse	255	6750000	74069	NA
p009v2	146	Pulse	255	6780000	104069	NA
p009v2	146	Pulse	255	6810000	134069	NA
p009v2	146	Response	100	6831791	155860	1
p009v2	147	Pulse	255	6840000	8082	NA
p009v2	149	Pulse	255	6870000	7584	NA
p009v2	150	Response	101	6887390	14809	1
p009v2	152	Pulse	255	6900000	2088	NA
p009v2	154	Pulse	255	6930000	1757	NA
p009v2	154	Response	101	6941150	12907	1
p009v2	156	Pulse	255	6960000	8425	NA
p009v2	158	Response	101	6988430	6525	1
p009v2	159	Pulse	255	6990000	1429	NA
p009v2	161	Pulse	255	7020000	931	NA
p009v2	162	Response	100	7035391	6157	1
p009v2	164	Pulse	255	7050000	4100	NA
p009v2	166	Pulse	255	7080000	3769	NA
p009v2	166	Response	100	7081151	4921	1
p009v2	168	Pulse	255	7110000	18437	NA
p009v2	170	Response	101	7129311	7418	1
p009v2	172	Pulse	255	7140000	275	NA
p009v2	173	Pulse	255	7170000	10110	NA
p009v2	174	Response	101	7176510	6454	1
p009v2	176	Pulse	255	7200000	12945	NA
p009v2	178	Pulse	255	7230000	12615	NA
p009v2	178	Response	101	7230670	13285	1
p009v2	180	Pulse	255	7260000	18950	NA
p009v2	182	Response	101	7276270	4890	1
p009v2	184	Pulse	255	7290000	3287	NA
p009v2	186	Pulse	255	7320000	2957	NA
p009v2	186	Response	100	7321952	4908	1
p009v2	188	Pulse	255	7350000	17625	NA
p009v2	190	Response	101	7367630	4924	1
p009v2	192	Pulse	255	7380000	1962	NA
p009v2	194	Pulse	255	7410000	1631	NA
p009v2	194	Response	100	7413152	4783	1
p009v2	196	Pulse	255	7440000	16466	NA
p009v2	198	Response	101	7458272	4407	1
p009v2	200	Pulse	255	7470000	1303	NA
p009v2	202	Pulse	255	7500000	972	NA
p009v2	202	Response	100	7508750	9722	1
p009v2	204	Pulse	255	7530000	10807	NA
p009v2	206	Response	101	7559311	9787	1
p009v2	207	Pulse	255	7560000	477	NA
p009v2	208	Pulse	255	7590000	20145	NA
p009v2	210	Response	100	7613630	13444	1
p009v2	211	Pulse	255	7620000	6315	NA
p009v2	213	Pulse	255	7650000	5818	NA
p009v2	214	Response	100	7676271	21923	1
p009v2	215	Pulse	255	7680000	3654	NA
p009v2	217	Pulse	255	7710000	3156	NA
p009v2	218	Response	100	7723071	6062	1
p009v2	220	Pulse	255	7740000	6492	NA
p009v2	222	Pulse	255	7770000	6161	NA
p009v2	222	Response	101	7770592	6753	1
p009v2	224	Pulse	255	7800000	18996	NA
p009v2	226	Response	100	7823391	12056	1
p009v2	227	Pulse	255	7830000	6500	NA
p009v2	229	Pulse	255	7860000	6002	NA
p009v2	230	Response	100	7872672	8508	1
p009v2	232	Pulse	255	7890000	6838	NA
p009v2	234	Response	101	7919472	5979	1
p009v2	235	Pulse	255	7920000	341	NA
p009v2	236	Pulse	255	7950000	20009	NA
p009v2	238	Response	101	7968352	8030	1
p009v2	240	Pulse	255	7980000	1180	NA
p009v2	242	Picture	instruct_trial	8009151	0	1	18332	1	0	next	other	0
p009v2	242	Pulse	255	8010000	849	NA
p009v2	242	Response	101	8027390	18239	1
p009v2	243	Pulse	255	8040000	12350	NA
p009v2	243	Response	101	8045230	17580	1
p009v2	245	Pulse	255	8070000	14353	NA
p009v2	247	Response	100	8099232	13254	1
p009v2	248	Pulse	255	8100000	690	NA
p009v2	250	Pulse	255	8130000	193	NA
p009v2	251	Response	101	8147631	7658	1
p009v2	253	Pulse	255	8160000	1862	NA
p009v2	255	Pulse	255	8190000	1531	NA
p009v2	255	Response	101	8198269	9800	1
p009v2	257	Pulse	255	8220000	11199	NA
p009v2	259	Pulse	255	8250000	10869	NA
p009v2	259	Response	100	8253311	14179	1
p009v2	261	Pulse	255	8280000	16204	NA
p009v2	263	Response	100	8303551	9424	1
p009v2	264	Pulse	255	8310000	6374	NA
p009v2	266	Pulse	255	8340000	5877	NA
p009v2	267	Response	101	8353231	8942	1
p009v2	269	Pulse	255	8370000	6379	NA
p009v2	271	Pulse	255	8400000	6048	NA
p009v2	271	Response	100	8409391	15439	1
p009v2	273	Pulse	255	8430000	10217	NA
p009v2	275	Pulse	255	8460000	9887	NA
p009v2	275	Response	100	8467554	17440	1
p009v2	277	Pulse	255	8490000	12056	NA
p009v2	279	Pulse	255	8520000	11725	NA
p009v2	279	Response	100	8534032	25757	1
p009v2	281	Pulse	255	8550000	5561	NA
p009v2	283	Pulse	255	8580000	5230	NA
p009v2	283	Response	101	8590671	15901	1
p009v2	285	Pulse	255	8610000	8899	NA
p009v2	287	Pulse	255	8640000	8569	NA
p009v2	287	Response	101	8646592	15161	1
p009v2	289	Pulse	255	8670000	12904	NA
p009v2	291	Pulse	255	8700000	12573	NA
p009v2	291	Response	100	8709312	21885	1
p009v2	293	Pulse	255	8730000	10243	NA
p009v2	295	Pulse	255	8760000	9912	NA
p009v2	295	Response	101	8765391	15303	1
p009v2	297	Pulse	255	8790000	14081	NA
p009v2	299	Response	100	8819231	12981	1
p009v2	300	Pulse	255	8820000	585	NA
p009v2	302	Pulse	255	8850000	87	NA
p009v2	303	Response	100	8876511	16432	1
p009v2	304	Pulse	255	8880000	3423	NA
p009v2	306	Pulse	255	8910000	2925	NA
p009v2	307	Response	100	8930912	13672	1
p009v2	308	Pulse	255	8940000	8928	NA
p009v2	310	Pulse	255	8970000	8430	NA
p009v2	311	Response	101	8988672	16936	1
p009v2	313	Pulse	255	9000000	933	NA
p009v2	315	Pulse	255	9030000	603	NA
p009v2	315	Response	101	9039873	10475	1
p009v2	317	Pulse	255	9060000	9604	NA
p009v2	319	Response	100	9084752	4026	1
p009v2	320	Pulse	255	9090000	5107	NA
p009v2	322	Pulse	255	9120000	4610	NA
p009v2	323	Response	101	9132832	7276	1
p009v2	325	Pulse	255	9150000	6779	NA
p009v2	327	Pulse	255	9180000	6448	NA
p009v2	327	Response	100	9188912	15360	1
p009v2	329	Pulse	255	9210000	10617	NA
p009v2	331	Response	101	9236832	7119	1
p009v2	332	Pulse	255	9240000	3120	NA
p009v2	334	Pulse	255	9270000	2623	NA
p009v2	335	Response	100	9287873	10330	1
p009v2	337	Pulse	255	9300000	1625	NA
p009v2	339	Pulse	255	9330000	1295	NA
p009v2	339	Response	101	9344512	15807	1
p009v2	341	Pulse	255	9360000	4964	NA
p009v2	343	Pulse	255	9390000	4633	NA
p009v2	343	Response	100	9397312	11945	1
p009v2	345	Pulse	255	9420000	12301	NA
p009v2	347	Pulse	255	9450000	11971	NA
p009v2	347	Pulse	255	9480000	41971	NA
p009v2	347	Response	101	9480592	42563	1
p009v2	349	Pulse	255	9510000	18975	NA
p009v2	351	Pulse	255	9540000	18645	NA
p009v2	351	Pulse	255	9570000	48645	NA
p009v2	351	Pulse	255	9600000	78645	NA
p009v2	351	Pulse	255	9630000	108645	NA
p009v2	351	Pulse	255	9660000	138645	NA
p009v2	351	Response	101	9669232	147876	1
p009v2	353	Pulse	255	9690000	10325	NA
p009v2	355	Response	100	9719634	9628	1
p009v2	356	Pulse	255	9720000	161	NA
p009v2	357	Pulse	255	9750000	19829	NA
p009v2	359	Response	100	9767392	6891	1
p009v2	361	Pulse	255	9780000	2166	NA
p009v2	363	Pulse	255	9810000	1836	NA
p009v2	363	Response	101	9822351	14187	1
p009v2	365	Pulse	255	9840000	7171	NA
p009v2	367	Response	101	9867791	4631	1
p009v2	368	Pulse	255	9870000	2007	NA
p009v2	370	Pulse	255	9900000	1510	NA
p009v2	371	Response	100	9913152	4496	1
p009v2	373	Pulse	255	9930000	6345	NA
p009v2	375	Pulse	255	9960000	6015	NA
p009v2	375	Response	101	9960674	6689	1
p009v2	377	Pulse	255	9990000	18850	NA
p009v2	379	Response	100	10007791	6310	1
p009v2	381	Pulse	255	10020000	1687	NA
p009v2	383	Pulse	255	10050000	1356	NA
p009v2	383	Response	100	10054751	6107	1
p009v2	385	Pulse	255	10080000	14858	NA
p009v2	387	Response	101	10101712	6239	1
p009v2	388	Pulse	255	10110000	8194	NA
p009v2	390	Pulse	255	10140000	7697	NA
p009v2	391	Response	100	10148592	6123	1
p009v2	393	Pulse	255	10170000	10866	NA
p009v2	395	Response	100	10198673	9208	1
p009v2	396	Pulse	255	10200000	1202	NA
p009v2	398	Pulse	255	10230000	705	NA
p009v2	399	Response	101	10245152	5691	1
p009v2	401	Pulse	255	10260000	4374	NA
p009v2	403	Pulse	255	10290000	4043	NA
p009v2	403	Response	101	10293713	7756	1
p009v2	405	Pulse	255	10320000	15878	NA
p009v2	407	Response	101	10341793	7340	1
p009v2	408	Pulse	255	10350000	8048	NA
p009v2	410	Pulse	255	10380000	7550	NA
p009v2	411	Response	101	10389152	6537	1
p009v2	413	Pulse	255	10410000	10386	NA
p009v2	415	Pulse	255	10440000	10055	NA
p009v2	415	Response	100	10453712	23767	1
p009v2	417	Pulse	255	10470000	5892	NA
p009v2	419	Pulse	255	10500000	5561	NA
p009v2	419	Response	100	10506112	11673	1
p009v2	421	Pulse	255	10530000	13396	NA
p009v2	423	Response	100	10551073	4138	1
p009v2	424	Pulse	255	10560000	8732	NA
p009v2	426	Pulse	255	10590000	8235	NA
p009v2	427	Response	101	10599631	7700	1
p009v2	429	Pulse	255	10620000	9904	NA
p009v2	431	Pulse	255	10650000	9573	NA
p009v2	431	Response	101	10650591	10165	1
p009v2	432	Response	100	10651080	320	1
p009v2	433	Pulse	255	10680000	18908	NA
p009v2	435	Response	101	10699794	8371	1
p009v2	436	Pulse	255	10710000	10078	NA
p009v2	438	Pulse	255	10740000	9581	NA
p009v2	439	Response	100	10750592	10007	1
p009v2	441	Pulse	255	10770000	8917	NA
p009v2	443	Response	101	10796833	5419	1
p009v2	444	Pulse	255	10800000	3087	NA
p009v2	446	Pulse	255	10830000	2589	NA
p009v2	447	Response	100	10846992	9415	1
p009v2	449	Pulse	255	10860000	2592	NA
p009v2	451	Pulse	255	10890000	2261	NA
p009v2	451	Response	101	10895631	7892	1
p009v2	453	Pulse	255	10920000	13929	NA
p009v2	455	Response	101	10946354	9953	1
p009v2	456	Pulse	255	10950000	3599	NA
p009v2	458	Pulse	255	10980000	3102	NA
p009v2	459	Response	101	10998192	11128	1
p009v2	461	Pulse	255	11010000	1271	NA
p009v2	463	Pulse	255	11040000	941	NA
p009v2	463	Response	100	11051792	12733	1
p009v2	465	Pulse	255	11070000	7776	NA
p009v2	467	Pulse	255	11100000	7445	NA
p009v2	467	Response	101	11105475	12920	1
p009v2	469	Pulse	255	11130000	14114	NA
p009v2	471	Response	101	11158033	11816	1
p009v2	472	Pulse	255	11160000	1784	NA
p009v2	474	Pulse	255	11190000	1287	NA
p009v2	475	Response	100	11207952	9073	1
p009v2	477	Pulse	255	11220000	1623	NA
p009v2	479	Pulse	255	11250000	1292	NA
p009v2	479	Response	100	11271074	22365	1
p009v2	480	Pulse	255	11280000	8794	NA
p009v2	482	Pulse	255	11310000	8296	NA
p009v2	483	Picture	instruct_trial	11311869	0	1	20998	1	0	next	other	0
p009v2	483	Response	101	11332753	20884	1
p009v2	484	Pulse	255	11340000	6966	NA
p009v2	484	Pulse	255	11370000	36966	NA
p009v2	484	Response	101	11391073	58039	1
p009v2	485	Pulse	255	11400000	8804	NA
p009v2	487	Pulse	255	11430000	8307	NA
p009v2	488	Response	100	11444353	12494	1
p009v2	490	Pulse	255	11460000	5143	NA
p009v2	492	Pulse	255	11490000	4812	NA
p009v2	492	Response	100	11497153	11965	1
p009v2	494	Pulse	255	11520000	12314	NA
p009v2	496	Response	101	11546275	8258	1
p009v2	497	Pulse	255	11550000	3650	NA
p009v2	499	Pulse	255	11580000	3153	NA
p009v2	500	Response	100	11602192	15179	1
p009v2	501	Pulse	255	11610000	7655	NA
p009v2	503	Pulse	255	11640000	7158	NA
p009v2	504	Response	101	11659313	16306	1
p009v2	506	Pulse	255	11670000	161	NA
p009v2	507	Pulse	255	11700000	9996	NA
p009v2	508	Response	101	11709633	9463	1
p009v2	510	Pulse	255	11730000	9832	NA
p009v2	512	Pulse	255	11760000	9501	NA
p009v2	512	Response	101	11760430	9932	1
p009v2	514	Pulse	255	11790000	19170	NA
p009v2	516	Pulse	255	11820000	18839	NA
p009v2	516	Response	100	11827872	26711	1
p009v2	518	Pulse	255	11850000	11675	NA
p009v2	520	Pulse	255	11880000	11345	NA
p009v2	520	Response	100	11883792	15137	1
p009v2	522	Pulse	255	11910000	15680	NA
p009v2	524	Response	101	11938432	13781	1
p009v2	525	Pulse	255	11940000	1517	NA
p009v2	527	Pulse	255	11970000	1020	NA
p009v2	528	Response	100	11990353	11207	1
p009v2	529	Pulse	255	12000000	9522	NA
p009v2	531	Pulse	255	12030000	9024	NA
p009v2	532	Response	101	12037391	6250	1
p009v2	534	Pulse	255	12060000	12193	NA
p009v2	536	Pulse	255	12090000	11862	NA
p009v2	536	Response	100	12092037	13900	1
p009v2	538	Pulse	255	12120000	17531	NA
p009v2	540	Response	101	12143632	10833	1
p009v2	541	Pulse	255	12150000	6201	NA
p009v2	543	Pulse	255	12180000	5704	NA
p009v2	544	Response	100	12193233	8771	1
p009v2	546	Pulse	255	12210000	6373	NA
p009v2	548	Pulse	255	12240000	6042	NA
p009v2	548	Response	100	12242593	8636	1
p009v2	550	Pulse	255	12270000	16877	NA
p009v2	552	Response	101	12292354	8901	1
p009v2	553	Pulse	255	12300000	7547	NA
p009v2	555	Pulse	255	12330000	7050	NA
p009v2	556	Response	101	12338752	5636	1
p009v2	558	Pulse	255	12360000	10719	NA
p009v2	560	Response	101	12388274	8662	1
p009v2	561	Pulse	255	12390000	1556	NA
p009v2	563	Pulse	255	12420000	1058	NA
p009v2	564	Response	101	12435153	6046	1
p009v2	566	Pulse	255	12450000	4394	NA
p009v2	568	Pulse	255	12480000	4063	NA
p009v2	568	Response	100	12481234	5297	1
p009v2	570	Pulse	255	12510000	18231	NA
p009v2	572	Response	100	12530833	8734	1
p009v2	573	Pulse	255	12540000	9068	NA
p009v2	575	Pulse	255	12570000	8570	NA
p009v2	576	Response	100	12580192	8596	1
p009v2	578	Pulse	255	12600000	9406	NA
p009v2	580	Response	100	12627553	6628	1
p009v2	581	Pulse	255	12630000	2243	NA
p009v2	583	Pulse	255	12660000	1745	NA
p009v2	584	Response	101	12680194	11773	1
p009v2	585	Pulse	255	12690000	9747	NA
p009v2	587	Pulse	255	12720000	9250	NA
p009v2	588	Response	101	12735074	14158	1
p009v2	590	Pulse	255	12750000	4419	NA
p009v2	592	Pulse	255	12780000	4089	NA
p009v2	592	Response	100	12789473	13562	1
p009v2	594	Pulse	255	12810000	10091	NA
p009v2	596	Pulse	255	12840000	9760	NA
p009v2	596	Response	100	12843954	13714	1
p009v2	598	Pulse	255	12870000	15595	NA
p009v2	600	Response	101	12897953	13218	1
p009v2	601	Pulse	255	12900000	1932	NA
p009v2	603	Pulse	255	12930000	1435	NA
p009v2	604	Response	101	12956353	17623	1
p009v2	605	Pulse	255	12960000	3437	NA
p009v2	607	Pulse	255	12990000	2940	NA
p009v2	608	Response	101	13017793	20567	1
p009v2	609	Pulse	255	13020000	2109	NA
p009v2	611	Pulse	255	13050000	1612	NA
p009v2	612	Response	101	13076113	17559	1
p009v2	613	Pulse	255	13080000	3781	NA
p009v2	615	Pulse	255	13110000	3284	NA
p009v2	616	Response	100	13132676	15794	1
p009v2	617	Pulse	255	13140000	7119	NA
p009v2	619	Pulse	255	13170000	6622	NA
p009v2	620	Response	100	13184913	11369	1
p009v2	622	Pulse	255	13200000	4624	NA
p009v2	624	Pulse	255	13230000	4294	NA
p009v2	624	Response	101	13246753	21047	1
p009v2	626	Pulse	255	13260000	2796	NA
p009v2	628	Pulse	255	13290000	2466	NA
p009v2	628	Response	100	13299237	11702	1
p009v2	630	Pulse	255	13320000	10301	NA
p009v2	632	Pulse	255	13350000	9977	NA
p009v2	632	Response	100	13353953	13930	1
p009v2	634	Pulse	255	13380000	15639	NA
p009v2	636	Response	100	13399233	4541	1
p009v2	638	Pulse	255	13410000	309	NA
p009v2	639	Pulse	255	13440000	10144	NA
p009v2	640	Response	100	13444913	4892	1
p009v2	642	Pulse	255	13470000	14647	NA
p009v2	644	Pulse	255	13500000	14316	NA
p009v2	644	Response	101	13500193	14509	1
p009v2	646	Pulse	255	13530000	19318	NA
p009v2	648	Response	101	13551794	10781	1
p009v2	649	Pulse	255	13560000	8155	NA
p009v2	651	Pulse	255	13590000	7657	NA
p009v2	652	Response	100	13606433	13924	1
p009v2	654	Pulse	255	13620000	3160	NA
p009v2	656	Pulse	255	13650000	2830	NA
p009v2	656	Response	100	13653954	6784	1
p009v2	658	Pulse	255	13680000	15664	NA
p009v2	660	Response	100	13701313	6647	1
p009v2	661	Pulse	255	13710000	8501	NA
p009v2	663	Pulse	255	13740000	8003	NA
p009v2	664	Response	100	13750433	8271	1
p009v2	666	Pulse	255	13770000	9173	NA
p009v2	668	Pulse	255	13800000	8842	NA
p009v2	668	Response	101	13800831	9673	1
p009v2	670	Pulse	255	13830000	18677	NA
p009v2	672	Response	100	13846351	4697	1
p009v2	674	Pulse	255	13860000	3181	NA
p009v2	676	Pulse	255	13890000	2850	NA
p009v2	676	Response	101	13895391	8241	1
p009v2	678	Pulse	255	13920000	14185	NA
p009v2	680	Response	100	13941712	5566	1
p009v2	681	Pulse	255	13950000	8188	NA
p009v2	683	Pulse	255	13980000	7691	NA
p009v2	684	Response	101	13991393	8918	1
p009v2	686	Pulse	255	14010000	8193	NA
p009v2	688	Response	100	14037393	5256	1
p009v2	689	Pulse	255	14040000	2530	NA
p009v2	691	Pulse	255	14070000	2032	NA
p009v2	692	Response	101	14084595	6461	1
p009v2	694	Pulse	255	14100000	4868	NA
p009v2	696	Pulse	255	14130000	4537	NA
p009v2	696	Response	101	14141394	15931	1
p009v2	698	Pulse	255	14160000	8206	NA
p009v2	700	Pulse	255	14190000	7875	NA
p009v2	700	Response	101	14213394	31269	1
p009v2	701	Pulse	255	14220000	6545	NA
p009v2	703	Pulse	255	14250000	6047	NA
p009v2	704	Response	100	14266674	12555	1
p009v2	706	Pulse	255	14280000	2883	NA
p009v2	708	Pulse	255	14310000	2553	NA
p009v2	708	Response	101	14318755	11307	1
p009v2	710	Pulse	255	14340000	10721	NA
p009v2	712	Pulse	255	14370000	10390	NA
p009v2	712	Response	101	14370755	11146	1
p009v2	714	Pulse	255	14400000	18726	NA
p009v2	716	Response	100	14427235	15630	1
p009v2	717	Pulse	255	14430000	2563	NA
p009v2	719	Pulse	255	14460000	2065	NA
p009v2	720	Response	100	14480995	12895	1
p009v2	721	Pulse	255	14490000	8901	NA
p009v2	723	Pulse	255	14520000	8403	NA
p009v2	724	Picture	instruct_trial	14521763	0	1	40163	1	0	next	other	0
p009v2	724	Pulse	255	14550000	28237	NA
