Scenario - learning_JJ_english
Logfile written - 09/13/2021 12:44:57

Subject	Trial	Event Type	Code	Time	TTime	Uncertainty	Duration	Uncertainty	ReqTime	ReqDur	Stim Type	Pair Index

p010v2	0	Pulse	255	0	0	NA
p010v2	1	Picture	instruct_trial	10333	0	1	3257218	1	0	next	other	0
p010v2	1	Pulse	255	30000	19667	NA
p010v2	1	Pulse	255	60000	49667	NA
p010v2	1	Pulse	255	90000	79667	NA
p010v2	1	Pulse	255	120000	109667	NA
p010v2	1	Pulse	255	150000	139667	NA
p010v2	1	Pulse	255	180000	169667	NA
p010v2	1	Pulse	255	210000	199667	NA
p010v2	1	Pulse	255	240000	229667	NA
p010v2	1	Pulse	255	270000	259667	NA
p010v2	1	Pulse	255	300000	289667	NA
p010v2	1	Pulse	255	330000	319667	NA
p010v2	1	Pulse	255	360000	349667	NA
p010v2	1	Pulse	255	390000	379667	NA
p010v2	1	Pulse	255	420000	409667	NA
p010v2	1	Pulse	255	450000	439667	NA
p010v2	1	Pulse	255	480000	469667	NA
p010v2	1	Pulse	255	510000	499667	NA
p010v2	1	Pulse	255	540000	529667	NA
p010v2	1	Pulse	255	570000	559667	NA
p010v2	1	Pulse	255	600000	589667	NA
p010v2	1	Pulse	255	630000	619667	NA
p010v2	1	Pulse	255	660000	649667	NA
p010v2	1	Pulse	255	690000	679667	NA
p010v2	1	Pulse	255	720000	709667	NA
p010v2	1	Pulse	255	750000	739667	NA
p010v2	1	Pulse	255	780000	769667	NA
p010v2	1	Pulse	255	810000	799667	NA
p010v2	1	Pulse	255	840000	829667	NA
p010v2	1	Pulse	255	870000	859667	NA
p010v2	1	Pulse	255	900000	889667	NA
p010v2	1	Pulse	255	930000	919667	NA
p010v2	1	Pulse	255	960000	949667	NA
p010v2	1	Pulse	255	990000	979667	NA
p010v2	1	Pulse	255	1020000	1009667	NA
p010v2	1	Pulse	255	1050000	1039667	NA
p010v2	1	Pulse	255	1080000	1069667	NA
p010v2	1	Pulse	255	1110000	1099667	NA
p010v2	1	Pulse	255	1140000	1129667	NA
p010v2	1	Pulse	255	1170000	1159667	NA
p010v2	1	Pulse	255	1200000	1189667	NA
p010v2	1	Pulse	255	1230000	1219667	NA
p010v2	1	Pulse	255	1260000	1249667	NA
p010v2	1	Pulse	255	1290000	1279667	NA
p010v2	1	Pulse	255	1320000	1309667	NA
p010v2	1	Pulse	255	1350000	1339667	NA
p010v2	1	Pulse	255	1380000	1369667	NA
p010v2	1	Pulse	255	1410000	1399667	NA
p010v2	1	Pulse	255	1440000	1429667	NA
p010v2	1	Pulse	255	1470000	1459667	NA
p010v2	1	Pulse	255	1500000	1489667	NA
p010v2	1	Pulse	255	1530000	1519667	NA
p010v2	1	Pulse	255	1560000	1549667	NA
p010v2	1	Pulse	255	1590000	1579667	NA
p010v2	1	Pulse	255	1620000	1609667	NA
p010v2	1	Pulse	255	1650000	1639667	NA
p010v2	1	Pulse	255	1680000	1669667	NA
p010v2	1	Pulse	255	1710000	1699667	NA
p010v2	1	Pulse	255	1740000	1729667	NA
p010v2	1	Pulse	255	1770000	1759667	NA
p010v2	1	Pulse	255	1800000	1789667	NA
p010v2	1	Pulse	255	1830000	1819667	NA
p010v2	1	Pulse	255	1860000	1849667	NA
p010v2	1	Pulse	255	1890000	1879667	NA
p010v2	1	Pulse	255	1920000	1909667	NA
p010v2	1	Pulse	255	1950000	1939667	NA
p010v2	1	Pulse	255	1980000	1969667	NA
p010v2	1	Pulse	255	2010000	1999667	NA
p010v2	1	Pulse	255	2040000	2029667	NA
p010v2	1	Pulse	255	2070000	2059667	NA
p010v2	1	Pulse	255	2100000	2089667	NA
p010v2	1	Pulse	255	2130000	2119667	NA
p010v2	1	Pulse	255	2160000	2149667	NA
p010v2	1	Pulse	255	2190000	2179667	NA
p010v2	1	Pulse	255	2220000	2209667	NA
p010v2	1	Pulse	255	2250000	2239667	NA
p010v2	1	Pulse	255	2280000	2269667	NA
p010v2	1	Pulse	255	2310000	2299667	NA
p010v2	1	Pulse	255	2340000	2329667	NA
p010v2	1	Pulse	255	2370000	2359667	NA
p010v2	1	Pulse	255	2400000	2389667	NA
p010v2	1	Pulse	255	2430000	2419667	NA
p010v2	1	Pulse	255	2460000	2449667	NA
p010v2	1	Pulse	255	2490000	2479667	NA
p010v2	1	Pulse	255	2520000	2509667	NA
p010v2	1	Pulse	255	2550000	2539667	NA
p010v2	1	Pulse	255	2580000	2569667	NA
p010v2	1	Pulse	255	2610000	2599667	NA
p010v2	1	Pulse	255	2640000	2629667	NA
p010v2	1	Pulse	255	2670000	2659667	NA
p010v2	1	Pulse	255	2700000	2689667	NA
p010v2	1	Pulse	255	2730000	2719667	NA
p010v2	1	Pulse	255	2760000	2749667	NA
p010v2	1	Pulse	255	2790000	2779667	NA
p010v2	1	Pulse	255	2820000	2809667	NA
p010v2	1	Pulse	255	2850000	2839667	NA
p010v2	1	Pulse	255	2880000	2869667	NA
p010v2	1	Pulse	255	2910000	2899667	NA
p010v2	1	Pulse	255	2940000	2929667	NA
p010v2	1	Pulse	255	2970000	2959667	NA
p010v2	1	Pulse	255	3000000	2989667	NA
p010v2	1	Pulse	255	3030000	3019667	NA
p010v2	1	Pulse	255	3060000	3049667	NA
p010v2	1	Pulse	255	3090000	3079667	NA
p010v2	1	Pulse	255	3120000	3109667	NA
p010v2	1	Pulse	255	3150000	3139667	NA
p010v2	1	Pulse	255	3180000	3169667	NA
p010v2	1	Pulse	255	3210000	3199667	NA
p010v2	1	Pulse	255	3240000	3229667	NA
p010v2	1	Response	101	3267317	3256984	1
p010v2	1	Pulse	255	3270000	3259667	NA
p010v2	2	Response	100	3284835	14618	1
p010v2	4	Pulse	255	3300000	4785	NA
p010v2	6	Pulse	255	3330000	4454	NA
p010v2	6	Response	100	3339955	14410	1
p010v2	8	Pulse	255	3360000	9623	NA
p010v2	10	Pulse	255	3390000	9293	NA
p010v2	10	Response	101	3393715	13007	1
p010v2	12	Pulse	255	3420000	15795	NA
p010v2	14	Response	100	3442276	7740	1
p010v2	15	Pulse	255	3450000	7631	NA
p010v2	17	Pulse	255	3480000	7134	NA
p010v2	18	Response	101	3497637	14605	1
p010v2	20	Pulse	255	3510000	1970	NA
p010v2	22	Pulse	255	3540000	1640	NA
p010v2	22	Response	101	3559315	20954	1
p010v2	24	Pulse	255	3570000	309	NA
p010v2	25	Pulse	255	3600000	10144	NA
p010v2	26	Response	100	3608435	8413	1
p010v2	28	Pulse	255	3630000	11147	NA
p010v2	30	Pulse	255	3660000	10816	NA
p010v2	30	Response	100	3666438	17253	1
p010v2	32	Pulse	255	3690000	13152	NA
p010v2	34	Pulse	255	3720000	12821	NA
p010v2	34	Response	100	3720199	13019	1
p010v2	36	Pulse	255	3750000	19323	NA
p010v2	38	Response	101	3771796	10788	1
p010v2	39	Pulse	255	3780000	8160	NA
p010v2	41	Pulse	255	3810000	7662	NA
p010v2	42	Response	101	3820195	7692	1
p010v2	44	Pulse	255	3840000	9332	NA
p010v2	46	Response	100	3868114	7115	1
p010v2	47	Pulse	255	3870000	1835	NA
p010v2	49	Pulse	255	3900000	1337	NA
p010v2	50	Response	100	3917637	8808	1
p010v2	52	Pulse	255	3930000	1840	NA
p010v2	54	Pulse	255	3960000	1509	NA
p010v2	54	Response	101	3969396	10906	1
p010v2	56	Pulse	255	3990000	10178	NA
p010v2	58	Pulse	255	4020000	9847	NA
p010v2	58	Response	101	4024277	14124	1
p010v2	60	Pulse	255	4050000	15183	NA
p010v2	62	Pulse	255	4080000	14852	NA
p010v2	62	Response	101	4081478	16330	1
p010v2	64	Pulse	255	4110000	18021	NA
p010v2	66	Response	100	4129797	7487	1
p010v2	67	Pulse	255	4140000	10024	NA
p010v2	69	Pulse	255	4170000	9527	NA
p010v2	70	Response	100	4187316	16677	1
p010v2	72	Pulse	255	4200000	2197	NA
p010v2	74	Pulse	255	4230000	1866	NA
p010v2	74	Response	101	4239797	11663	1
p010v2	76	Pulse	255	4260000	9701	NA
p010v2	78	Pulse	255	4290000	9371	NA
p010v2	78	Response	101	4295957	15327	1
p010v2	80	Pulse	255	4320000	13540	NA
p010v2	82	Response	101	4349716	12925	1
p010v2	83	Pulse	255	4350000	210	NA
p010v2	84	Pulse	255	4380000	19878	NA
p010v2	86	Pulse	255	4410000	19547	NA
p010v2	86	Response	100	4418995	28542	1
p010v2	88	Pulse	255	4440000	10550	NA
p010v2	90	Pulse	255	4470000	10219	NA
p010v2	90	Response	100	4471396	11615	1
p010v2	92	Pulse	255	4500000	18221	NA
p010v2	94	Response	100	4527875	15766	1
p010v2	95	Pulse	255	4530000	2059	NA
p010v2	97	Pulse	255	4560000	1561	NA
p010v2	98	Pulse	255	4590000	21396	NA
p010v2	98	Response	101	4590757	22153	1
p010v2	100	Pulse	255	4620000	18732	NA
p010v2	102	Response	100	4647714	16115	1
p010v2	103	Pulse	255	4650000	2236	NA
p010v2	105	Pulse	255	4680000	1738	NA
p010v2	106	Pulse	255	4710000	21573	NA
p010v2	106	Response	101	4713076	24648	1
p010v2	108	Pulse	255	4740000	16409	NA
p010v2	110	Pulse	255	4770000	16078	NA
p010v2	110	Response	101	4777476	23555	1
p010v2	112	Pulse	255	4800000	12081	NA
p010v2	114	Pulse	255	4830000	11751	NA
p010v2	114	Response	100	4835076	16826	1
p010v2	116	Pulse	255	4860000	14420	NA
p010v2	118	Pulse	255	4890000	14089	NA
p010v2	118	Response	101	4890915	15003	1
p010v2	120	Pulse	255	4920000	18591	NA
p010v2	122	Response	101	4944756	13017	1
p010v2	123	Pulse	255	4950000	5095	NA
p010v2	125	Pulse	255	4980000	4598	NA
p010v2	126	Response	101	5005076	19508	1
p010v2	127	Pulse	255	5010000	4767	NA
p010v2	129	Pulse	255	5040000	4269	NA
p010v2	130	Response	100	5062357	16461	1
p010v2	131	Pulse	255	5070000	7438	NA
p010v2	133	Pulse	255	5100000	6941	NA
p010v2	134	Response	100	5119156	15932	1
p010v2	136	Pulse	255	5130000	444	NA
p010v2	138	Pulse	255	5160000	114	NA
p010v2	138	Response	100	5172116	12229	1
p010v2	140	Pulse	255	5190000	7449	NA
p010v2	142	Pulse	255	5220000	7118	NA
p010v2	142	Response	101	5220916	8034	1
p010v2	144	Pulse	255	5250000	18620	NA
p010v2	146	Pulse	255	5280000	18289	NA
p010v2	146	Response	101	5293236	31525	1
p010v2	148	Pulse	255	5310000	6293	NA
p010v2	150	Pulse	255	5340000	5962	NA
p010v2	150	Response	100	5364117	30078	1
p010v2	151	Pulse	255	5370000	5798	NA
p010v2	153	Pulse	255	5400000	5301	NA
p010v2	154	Response	100	5422996	18131	1
p010v2	155	Pulse	255	5430000	6803	NA
p010v2	157	Pulse	255	5460000	6306	NA
p010v2	158	Response	101	5474435	10575	1
p010v2	160	Pulse	255	5490000	5142	NA
p010v2	162	Pulse	255	5520000	4811	NA
p010v2	162	Response	100	5533717	18528	1
p010v2	164	Pulse	255	5550000	5814	NA
p010v2	166	Pulse	255	5580000	5483	NA
p010v2	166	Response	101	5585156	10639	1
p010v2	168	Pulse	255	5610000	14318	NA
p010v2	170	Pulse	255	5640000	13987	NA
p010v2	170	Response	101	5651876	25863	1
p010v2	172	Pulse	255	5670000	7657	NA
p010v2	174	Pulse	255	5700000	7326	NA
p010v2	174	Response	100	5706195	13521	1
p010v2	176	Pulse	255	5730000	13328	NA
p010v2	178	Pulse	255	5760000	12998	NA
p010v2	178	Response	100	5764276	17273	1
p010v2	180	Pulse	255	5790000	15334	NA
p010v2	182	Pulse	255	5820000	15003	NA
p010v2	182	Response	100	5828355	23358	1
p010v2	184	Pulse	255	5850000	11172	NA
p010v2	186	Response	101	5877716	8558	1
p010v2	187	Pulse	255	5880000	2176	NA
p010v2	189	Pulse	255	5910000	1678	NA
p010v2	190	Pulse	255	5940000	21513	NA
p010v2	190	Response	100	5940598	22111	1
p010v2	192	Pulse	255	5970000	19015	NA
p010v2	194	Response	101	5992755	11440	1
p010v2	195	Pulse	255	6000000	7186	NA
p010v2	197	Pulse	255	6030000	6688	NA
p010v2	198	Response	101	6044995	11517	1
p010v2	200	Pulse	255	6060000	4525	NA
p010v2	202	Pulse	255	6090000	4194	NA
p010v2	202	Response	101	6093956	8150	1
p010v2	204	Pulse	255	6120000	15529	NA
p010v2	206	Response	100	6141954	7152	1
p010v2	207	Pulse	255	6150000	7865	NA
p010v2	209	Pulse	255	6180000	7368	NA
p010v2	210	Response	100	6205155	22357	1
p010v2	211	Pulse	255	6210000	4704	NA
p010v2	213	Pulse	255	6240000	4207	NA
p010v2	214	Response	101	6262035	16076	1
p010v2	215	Pulse	255	6270000	7876	NA
p010v2	217	Pulse	255	6300000	7378	NA
p010v2	218	Response	101	6312756	9968	1
p010v2	220	Pulse	255	6330000	6714	NA
p010v2	222	Pulse	255	6360000	6384	NA
p010v2	222	Response	100	6367875	14259	1
p010v2	224	Pulse	255	6390000	11719	NA
p010v2	226	Response	101	6414994	6383	1
p010v2	227	Pulse	255	6420000	4889	NA
p010v2	229	Pulse	255	6450000	4392	NA
p010v2	230	Response	101	6465234	9460	1
p010v2	232	Pulse	255	6480000	4228	NA
p010v2	234	Pulse	255	6510000	3897	NA
p010v2	234	Response	100	6518515	12412	1
p010v2	236	Pulse	255	6540000	11066	NA
p010v2	238	Pulse	255	6570000	10735	NA
p010v2	238	Response	101	6582194	22929	1
p010v2	240	Pulse	255	6600000	7404	NA
p010v2	242	Picture	instruct_trial	6622926	0	1	12166	1	0	next	other	0
p010v2	242	Pulse	255	6630000	7074	NA
p010v2	242	Response	101	6634994	12068	1
p010v2	243	Response	100	6654514	19255	1
p010v2	244	Pulse	255	6660000	5410	NA
p010v2	246	Pulse	255	6690000	4912	NA
p010v2	247	Response	101	6701153	5900	1
p010v2	249	Pulse	255	6720000	8415	NA
p010v2	251	Pulse	255	6750000	8084	NA
p010v2	251	Response	101	6757234	15318	1
p010v2	253	Pulse	255	6780000	12253	NA
p010v2	255	Pulse	255	6810000	11922	NA
p010v2	255	Response	101	6820035	21957	1
p010v2	257	Pulse	255	6840000	9425	NA
p010v2	259	Pulse	255	6870000	9094	NA
p010v2	259	Response	101	6871714	10809	1
p010v2	261	Pulse	255	6900000	17763	NA
p010v2	263	Pulse	255	6930000	17432	NA
p010v2	263	Response	100	6930834	18266	1
p010v2	265	Pulse	255	6960000	18768	NA
p010v2	267	Pulse	255	6990000	18437	NA
p010v2	267	Response	100	6998034	26471	1
p010v2	269	Pulse	255	7020000	11441	NA
p010v2	271	Pulse	255	7050000	11110	NA
p010v2	271	Response	100	7055714	16824	1
p010v2	273	Pulse	255	7080000	13779	NA
p010v2	275	Pulse	255	7110000	13448	NA
p010v2	275	Response	101	7110514	13962	1
p010v2	277	Pulse	255	7140000	18950	NA
p010v2	279	Pulse	255	7170000	18620	NA
p010v2	279	Response	101	7171954	20574	1
p010v2	281	Pulse	255	7200000	17622	NA
p010v2	283	Pulse	255	7230000	17292	NA
p010v2	283	Pulse	255	7260000	47292	NA
p010v2	283	Response	100	7260194	47486	1
p010v2	285	Pulse	255	7290000	19297	NA
p010v2	287	Pulse	255	7320000	18966	NA
p010v2	287	Response	100	7329073	28039	1
p010v2	289	Pulse	255	7350000	10469	NA
p010v2	291	Response	101	7375154	5292	1
p010v2	292	Pulse	255	7380000	4639	NA
p010v2	294	Pulse	255	7410000	4142	NA
p010v2	295	Response	100	7432434	16409	1
p010v2	296	Pulse	255	7440000	7477	NA
p010v2	298	Pulse	255	7470000	6980	NA
p010v2	299	Pulse	255	7500000	26814	NA
p010v2	299	Response	100	7524514	51329	1
p010v2	300	Pulse	255	7530000	5319	NA
p010v2	302	Pulse	255	7560000	4821	NA
p010v2	303	Response	101	7582675	17331	1
p010v2	304	Pulse	255	7590000	7157	NA
p010v2	306	Pulse	255	7620000	6660	NA
p010v2	307	Response	101	7634993	11487	1
p010v2	309	Pulse	255	7650000	4496	NA
p010v2	311	Pulse	255	7680000	4165	NA
p010v2	311	Response	100	7681954	6119	1
p010v2	313	Pulse	255	7710000	17666	NA
p010v2	315	Pulse	255	7740000	17336	NA
p010v2	315	Response	100	7764993	42329	1
p010v2	316	Pulse	255	7770000	4839	NA
p010v2	318	Pulse	255	7800000	4342	NA
p010v2	319	Response	101	7814834	9010	1
p010v2	321	Pulse	255	7830000	4678	NA
p010v2	323	Pulse	255	7860000	4347	NA
p010v2	323	Response	100	7868354	12701	1
p010v2	325	Pulse	255	7890000	11183	NA
p010v2	327	Pulse	255	7920000	10852	NA
p010v2	327	Response	100	7925314	16166	1
p010v2	329	Pulse	255	7950000	14188	NA
p010v2	331	Pulse	255	7980000	13857	NA
p010v2	331	Response	100	7982115	15972	1
p010v2	333	Pulse	255	8010000	17359	NA
p010v2	335	Response	101	8035716	12745	1
p010v2	336	Pulse	255	8040000	4196	NA
p010v2	338	Pulse	255	8070000	3699	NA
p010v2	339	Response	101	8090593	14126	1
p010v2	340	Pulse	255	8100000	9201	NA
p010v2	342	Pulse	255	8130000	8704	NA
p010v2	343	Response	100	8144753	13291	1
p010v2	345	Pulse	255	8160000	4707	NA
p010v2	347	Pulse	255	8190000	4376	NA
p010v2	347	Response	100	8213394	27770	1
p010v2	348	Pulse	255	8220000	6545	NA
p010v2	350	Pulse	255	8250000	6048	NA
p010v2	351	Response	101	8268032	13914	1
p010v2	353	Pulse	255	8280000	1551	NA
p010v2	355	Pulse	255	8310000	1220	NA
p010v2	355	Response	101	8316353	7573	1
p010v2	357	Pulse	255	8340000	13221	NA
p010v2	359	Response	100	8365473	8364	1
p010v2	360	Pulse	255	8370000	4392	NA
p010v2	362	Pulse	255	8400000	3894	NA
p010v2	363	Response	101	8413313	7041	1
p010v2	365	Pulse	255	8430000	6230	NA
p010v2	367	Pulse	255	8460000	5899	NA
p010v2	367	Response	100	8463153	9052	1
p010v2	369	Pulse	255	8490000	16401	NA
p010v2	371	Response	101	8519794	15865	1
p010v2	372	Pulse	255	8520000	72	NA
p010v2	373	Pulse	255	8550000	19739	NA
p010v2	375	Response	100	8577553	16961	1
p010v2	376	Pulse	255	8580000	2243	NA
p010v2	378	Pulse	255	8610000	1746	NA
p010v2	379	Response	101	8632113	13693	1
p010v2	380	Pulse	255	8640000	7748	NA
p010v2	382	Pulse	255	8670000	7251	NA
p010v2	383	Response	100	8679874	6959	1
p010v2	385	Pulse	255	8700000	9586	NA
p010v2	387	Pulse	255	8730000	9256	NA
p010v2	387	Response	101	8744592	23847	1
p010v2	389	Pulse	255	8760000	4925	NA
p010v2	391	Pulse	255	8790000	4595	NA
p010v2	391	Response	100	8806432	21027	1
p010v2	393	Pulse	255	8820000	3097	NA
p010v2	395	Pulse	255	8850000	2767	NA
p010v2	395	Response	101	8866191	18958	1
p010v2	397	Pulse	255	8880000	3269	NA
p010v2	399	Pulse	255	8910000	2938	NA
p010v2	399	Response	100	8921313	14251	1
p010v2	401	Pulse	255	8940000	8274	NA
p010v2	403	Pulse	255	8970000	7943	NA
p010v2	403	Response	100	8974912	12855	1
p010v2	405	Pulse	255	9000000	14612	NA
p010v2	407	Pulse	255	9030000	14281	NA
p010v2	407	Pulse	255	9060000	44281	NA
p010v2	407	Response	100	9063392	47674	1
p010v2	409	Pulse	255	9090000	16120	NA
p010v2	411	Pulse	255	9120000	15789	NA
p010v2	411	Response	101	9127952	23741	1
p010v2	413	Pulse	255	9150000	11625	NA
p010v2	415	Pulse	255	9180000	11295	NA
p010v2	415	Response	100	9188753	20047	1
p010v2	417	Pulse	255	9210000	10797	NA
p010v2	419	Pulse	255	9240000	10466	NA
p010v2	419	Response	100	9248112	18578	1
p010v2	421	Pulse	255	9270000	11469	NA
p010v2	423	Response	101	9295632	6771	1
p010v2	424	Pulse	255	9300000	4306	NA
p010v2	426	Pulse	255	9330000	3808	NA
p010v2	427	Response	101	9347953	11595	1
p010v2	429	Pulse	255	9360000	1644	NA
p010v2	431	Pulse	255	9390000	1314	NA
p010v2	431	Response	100	9394271	5585	1
p010v2	433	Pulse	255	9420000	15315	NA
p010v2	435	Pulse	255	9450000	14984	NA
p010v2	435	Response	101	9455792	20776	1
p010v2	437	Pulse	255	9480000	13820	NA
p010v2	439	Response	101	9507710	11199	1
p010v2	440	Pulse	255	9510000	2157	NA
p010v2	442	Pulse	255	9540000	1660	NA
p010v2	443	Response	100	9567552	19046	1
p010v2	444	Pulse	255	9570000	2329	NA
p010v2	446	Pulse	255	9600000	1832	NA
p010v2	447	Pulse	255	9630000	21666	NA
p010v2	447	Response	101	9642671	34337	1
p010v2	449	Pulse	255	9660000	6837	NA
p010v2	451	Pulse	255	9690000	6506	NA
p010v2	451	Response	100	9691712	8218	1
p010v2	453	Pulse	255	9720000	17841	NA
p010v2	455	Response	100	9740352	7862	1
p010v2	456	Pulse	255	9750000	9511	NA
p010v2	458	Pulse	255	9780000	9013	NA
p010v2	459	Response	100	9794669	13517	1
p010v2	461	Pulse	255	9810000	4850	NA
p010v2	463	Pulse	255	9840000	4519	NA
p010v2	463	Response	101	9848030	12549	1
p010v2	465	Pulse	255	9870000	11521	NA
p010v2	467	Response	100	9898113	9303	1
p010v2	468	Pulse	255	9900000	1691	NA
p010v2	470	Pulse	255	9930000	1194	NA
p010v2	471	Response	100	9949471	10499	1
p010v2	473	Pulse	255	9960000	30	NA
p010v2	474	Pulse	255	9990000	9865	NA
p010v2	475	Response	101	10002831	12530	1
p010v2	477	Pulse	255	10020000	6701	NA
p010v2	479	Pulse	255	10050000	6370	NA
p010v2	479	Response	101	10051311	7682	1
p010v2	481	Pulse	255	10080000	18205	NA
p010v2	483	Picture	instruct_trial	10092125	0	1	9666	1	0	next	other	0
p010v2	483	Response	101	10101632	9506	1
p010v2	484	Pulse	255	10110000	8042	NA
p010v2	484	Response	101	10119070	17112	1
p010v2	486	Pulse	255	10140000	10544	NA
p010v2	488	Pulse	255	10170000	10214	NA
p010v2	488	Response	100	10171071	11284	1
p010v2	490	Pulse	255	10200000	18549	NA
p010v2	492	Response	100	10220752	8970	1
p010v2	493	Pulse	255	10230000	9052	NA
p010v2	495	Pulse	255	10260000	8555	NA
p010v2	496	Response	100	10272594	10983	1
p010v2	498	Pulse	255	10290000	6891	NA
p010v2	500	Response	101	10319311	5872	1
p010v2	501	Pulse	255	10320000	561	NA
p010v2	503	Pulse	255	10350000	64	NA
p010v2	504	Response	100	10371311	11209	1
p010v2	505	Pulse	255	10380000	8565	NA
p010v2	507	Pulse	255	10410000	8068	NA
p010v2	508	Response	101	10424511	12413	1
p010v2	510	Pulse	255	10440000	5071	NA
p010v2	512	Pulse	255	10470000	4740	NA
p010v2	512	Response	101	10472111	6852	1
p010v2	514	Pulse	255	10500000	17408	NA
p010v2	516	Response	101	10521712	8790	1
p010v2	517	Pulse	255	10530000	8079	NA
p010v2	519	Pulse	255	10560000	7581	NA
p010v2	520	Response	100	10571150	8566	1
p010v2	522	Pulse	255	10590000	8417	NA
p010v2	524	Response	100	10619871	7957	1
p010v2	524	Pulse	255	10620000	8086	NA
p010v2	526	Pulse	255	10650000	19588	NA
p010v2	528	Response	101	10668031	7288	1
p010v2	530	Pulse	255	10680000	1592	NA
p010v2	532	Pulse	255	10710000	1261	NA
p010v2	532	Response	100	10717951	9212	1
p010v2	534	Pulse	255	10740000	11596	NA
p010v2	536	Response	100	10767629	8895	1
p010v2	537	Pulse	255	10770000	2267	NA
p010v2	539	Pulse	255	10800000	1769	NA
p010v2	540	Response	101	10816510	8114	1
p010v2	542	Pulse	255	10830000	3105	NA
p010v2	544	Pulse	255	10860000	2774	NA
p010v2	544	Response	101	10865070	7844	1
p010v2	546	Pulse	255	10890000	14443	NA
p010v2	548	Response	101	10913631	7742	1
p010v2	549	Pulse	255	10920000	6279	NA
p010v2	551	Pulse	255	10950000	5782	NA
p010v2	552	Response	100	10976268	21884	1
p010v2	553	Pulse	255	10980000	3618	NA
p010v2	555	Pulse	255	11010000	3121	NA
p010v2	556	Response	100	11026828	9783	1
p010v2	558	Pulse	255	11040000	2790	NA
p010v2	560	Pulse	255	11070000	2459	NA
p010v2	560	Response	100	11085630	18089	1
p010v2	562	Pulse	255	11100000	3962	NA
p010v2	564	Pulse	255	11130000	3631	NA
p010v2	564	Response	100	11140673	14304	1
p010v2	566	Pulse	255	11160000	8800	NA
p010v2	568	Response	101	11186512	4981	1
p010v2	569	Pulse	255	11190000	3303	NA
p010v2	571	Pulse	255	11220000	2805	NA
p010v2	572	Response	101	11235150	7790	1
p010v2	574	Pulse	255	11250000	4308	NA
p010v2	576	Pulse	255	11280000	3977	NA
p010v2	576	Response	100	11285390	9367	1
p010v2	578	Pulse	255	11310000	14146	NA
p010v2	580	Response	101	11335147	8962	1
p010v2	581	Pulse	255	11340000	4649	NA
p010v2	583	Pulse	255	11370000	4152	NA
p010v2	584	Response	101	11394909	18895	1
p010v2	585	Pulse	255	11400000	4988	NA
p010v2	587	Pulse	255	11430000	4490	NA
p010v2	588	Pulse	255	11460000	24324	NA
p010v2	588	Response	101	11466830	31155	1
p010v2	590	Pulse	255	11490000	12661	NA
p010v2	592	Pulse	255	11520000	12331	NA
p010v2	592	Response	101	11522270	14601	1
p010v2	594	Pulse	255	11550000	17333	NA
p010v2	596	Response	101	11579710	16712	1
p010v2	597	Pulse	255	11580000	171	NA
p010v2	598	Pulse	255	11610000	19838	NA
p010v2	600	Response	101	11631470	10977	1
p010v2	601	Pulse	255	11640000	8341	NA
p010v2	603	Pulse	255	11670000	7844	NA
p010v2	604	Response	100	11692110	19789	1
p010v2	605	Pulse	255	11700000	7680	NA
p010v2	607	Pulse	255	11730000	7183	NA
p010v2	608	Response	100	11745389	12406	1
p010v2	610	Pulse	255	11760000	4186	NA
p010v2	612	Pulse	255	11790000	3855	NA
p010v2	612	Response	101	11804829	18684	1
p010v2	614	Pulse	255	11820000	4691	NA
p010v2	616	Pulse	255	11850000	4360	NA
p010v2	616	Response	101	11854029	8389	1
p010v2	618	Pulse	255	11880000	15528	NA
p010v2	620	Response	101	11903629	8827	1
p010v2	621	Pulse	255	11910000	6198	NA
p010v2	623	Pulse	255	11940000	5701	NA
p010v2	624	Response	101	11954509	10044	1
p010v2	626	Pulse	255	11970000	5037	NA
p010v2	628	Pulse	255	12000000	4706	NA
p010v2	628	Response	101	12004909	9616	1
p010v2	630	Pulse	255	12030000	14708	NA
p010v2	632	Response	101	12052110	6487	1
p010v2	633	Pulse	255	12060000	7711	NA
p010v2	635	Pulse	255	12090000	7214	NA
p010v2	636	Response	101	12099950	6998	1
p010v2	638	Pulse	255	12120000	9550	NA
p010v2	640	Response	101	12145709	4928	1
p010v2	641	Pulse	255	12150000	4219	NA
p010v2	643	Pulse	255	12180000	3722	NA
p010v2	644	Response	101	12197147	10703	1
p010v2	646	Pulse	255	12210000	2391	NA
p010v2	648	Pulse	255	12240000	2061	NA
p010v2	648	Response	101	12251789	13849	1
p010v2	650	Pulse	255	12270000	7729	NA
p010v2	652	Response	101	12298109	5508	1
p010v2	653	Pulse	255	12300000	1733	NA
p010v2	655	Pulse	255	12330000	1235	NA
p010v2	656	Response	101	12348669	9738	1
p010v2	658	Pulse	255	12360000	905	NA
p010v2	660	Pulse	255	12390000	574	NA
p010v2	660	Response	101	12401069	11642	1
p010v2	662	Pulse	255	12420000	8409	NA
p010v2	664	Response	101	12446829	4907	1
p010v2	665	Pulse	255	12450000	3079	NA
p010v2	667	Pulse	255	12480000	2581	NA
p010v2	668	Response	100	12496829	9245	1
p010v2	670	Pulse	255	12510000	2751	NA
p010v2	672	Pulse	255	12540000	2420	NA
p010v2	672	Response	101	12544908	7328	1
p010v2	674	Pulse	255	12570000	14588	NA
p010v2	676	Pulse	255	12600000	14257	NA
p010v2	676	Response	101	12606268	20525	1
p010v2	678	Pulse	255	12630000	13260	NA
p010v2	680	Response	101	12657069	9998	1
p010v2	681	Pulse	255	12660000	2764	NA
p010v2	683	Pulse	255	12690000	2266	NA
p010v2	684	Pulse	255	12720000	22101	NA
p010v2	684	Response	101	12720189	22289	1
p010v2	686	Pulse	255	12750000	19270	NA
p010v2	688	Response	101	12768030	6969	1
p010v2	690	Pulse	255	12780000	1441	NA
p010v2	692	Pulse	255	12810000	1110	NA
p010v2	692	Response	101	12820669	11779	1
p010v2	694	Pulse	255	12840000	8945	NA
p010v2	696	Pulse	255	12870000	8615	NA
p010v2	696	Response	101	12874587	13202	1
p010v2	698	Pulse	255	12900000	14950	NA
p010v2	700	Response	100	12926749	11368	1
p010v2	701	Pulse	255	12930000	3120	NA
p010v2	703	Pulse	255	12960000	2623	NA
p010v2	704	Response	101	12971628	4085	1
p010v2	706	Pulse	255	12990000	7959	NA
p010v2	708	Response	101	13019709	7337	1
p010v2	709	Pulse	255	13020000	128	NA
p010v2	710	Pulse	255	13050000	19796	NA
p010v2	712	Response	101	13078029	17494	1
p010v2	713	Pulse	255	13080000	1800	NA
p010v2	715	Pulse	255	13110000	1303	NA
p010v2	716	Response	101	13126509	7646	1
p010v2	718	Pulse	255	13140000	2972	NA
p010v2	720	Pulse	255	13170000	2641	NA
p010v2	720	Response	101	13171308	3949	1
p010v2	722	Pulse	255	13200000	18309	NA
p010v2	724	Picture	instruct_trial	13212022	0	1	40163	1	0	next	other	0
p010v2	724	Pulse	255	13230000	17978	NA
p010v2	724	Response	101	13237947	25925	1
