Scenario - learning_JJ_english
Logfile written - 09/15/2021 11:28:23

Subject	Trial	Event Type	Code	Time	TTime	Uncertainty	Duration	Uncertainty	ReqTime	ReqDur	Stim Type	Pair Index

p011v2	0	Pulse	255	0	0	NA
p011v2	1	Picture	instruct_trial	10333	0	1	1969999	1	0	next	other	0
p011v2	1	Pulse	255	30000	19667	NA
p011v2	1	Pulse	255	60000	49667	NA
p011v2	1	Pulse	255	90000	79667	NA
p011v2	1	Pulse	255	120000	109667	NA
p011v2	1	Pulse	255	150000	139667	NA
p011v2	1	Pulse	255	180000	169667	NA
p011v2	1	Pulse	255	210000	199667	NA
p011v2	1	Pulse	255	240000	229667	NA
p011v2	1	Pulse	255	270000	259667	NA
p011v2	1	Pulse	255	300000	289667	NA
p011v2	1	Pulse	255	330000	319667	NA
p011v2	1	Pulse	255	360000	349667	NA
p011v2	1	Pulse	255	390000	379667	NA
p011v2	1	Pulse	255	420000	409667	NA
p011v2	1	Pulse	255	450000	439667	NA
p011v2	1	Pulse	255	480000	469667	NA
p011v2	1	Pulse	255	510000	499667	NA
p011v2	1	Pulse	255	540000	529667	NA
p011v2	1	Pulse	255	570000	559667	NA
p011v2	1	Pulse	255	600000	589667	NA
p011v2	1	Pulse	255	630000	619667	NA
p011v2	1	Pulse	255	660000	649667	NA
p011v2	1	Pulse	255	690000	679667	NA
p011v2	1	Pulse	255	720000	709667	NA
p011v2	1	Pulse	255	750000	739667	NA
p011v2	1	Pulse	255	780000	769667	NA
p011v2	1	Pulse	255	810000	799667	NA
p011v2	1	Pulse	255	840000	829667	NA
p011v2	1	Pulse	255	870000	859667	NA
p011v2	1	Pulse	255	900000	889667	NA
p011v2	1	Pulse	255	930000	919667	NA
p011v2	1	Pulse	255	960000	949667	NA
p011v2	1	Pulse	255	990000	979667	NA
p011v2	1	Pulse	255	1020000	1009667	NA
p011v2	1	Pulse	255	1050000	1039667	NA
p011v2	1	Pulse	255	1080000	1069667	NA
p011v2	1	Pulse	255	1110000	1099667	NA
p011v2	1	Pulse	255	1140000	1129667	NA
p011v2	1	Pulse	255	1170000	1159667	NA
p011v2	1	Pulse	255	1200000	1189667	NA
p011v2	1	Pulse	255	1230000	1219667	NA
p011v2	1	Pulse	255	1260000	1249667	NA
p011v2	1	Pulse	255	1290000	1279667	NA
p011v2	1	Pulse	255	1320000	1309667	NA
p011v2	1	Pulse	255	1350000	1339667	NA
p011v2	1	Pulse	255	1380000	1369667	NA
p011v2	1	Pulse	255	1410000	1399667	NA
p011v2	1	Pulse	255	1440000	1429667	NA
p011v2	1	Pulse	255	1470000	1459667	NA
p011v2	1	Pulse	255	1500000	1489667	NA
p011v2	1	Pulse	255	1530000	1519667	NA
p011v2	1	Pulse	255	1560000	1549667	NA
p011v2	1	Pulse	255	1590000	1579667	NA
p011v2	1	Pulse	255	1620000	1609667	NA
p011v2	1	Pulse	255	1650000	1639667	NA
p011v2	1	Pulse	255	1680000	1669667	NA
p011v2	1	Pulse	255	1710000	1699667	NA
p011v2	1	Pulse	255	1740000	1729667	NA
p011v2	1	Pulse	255	1770000	1759667	NA
p011v2	1	Pulse	255	1800000	1789667	NA
p011v2	1	Pulse	255	1830000	1819667	NA
p011v2	1	Pulse	255	1860000	1849667	NA
p011v2	1	Pulse	255	1890000	1879667	NA
p011v2	1	Pulse	255	1920000	1909667	NA
p011v2	1	Pulse	255	1950000	1939667	NA
p011v2	1	Pulse	255	1980000	1969667	NA
p011v2	1	Response	101	1980135	1969802	1
p011v2	1	Pulse	255	2010000	1999667	NA
p011v2	2	Response	100	2027895	17732	1
p011v2	4	Pulse	255	2040000	1673	NA
p011v2	6	Pulse	255	2070000	1342	NA
p011v2	6	Response	100	2080935	12277	1
p011v2	8	Pulse	255	2100000	8677	NA
p011v2	10	Pulse	255	2130000	8347	NA
p011v2	10	Response	100	2137735	16082	1
p011v2	12	Pulse	255	2160000	11849	NA
p011v2	14	Response	100	2187095	8613	1
p011v2	15	Pulse	255	2190000	2852	NA
p011v2	17	Pulse	255	2220000	2355	NA
p011v2	18	Response	100	2235814	8003	1
p011v2	20	Pulse	255	2250000	3690	NA
p011v2	22	Pulse	255	2280000	3360	NA
p011v2	22	Response	100	2284615	7974	1
p011v2	24	Pulse	255	2310000	14861	NA
p011v2	26	Response	101	2335495	10025	1
p011v2	27	Pulse	255	2340000	4365	NA
p011v2	29	Pulse	255	2370000	3867	NA
p011v2	30	Response	101	2380535	4236	1
p011v2	32	Pulse	255	2400000	9036	NA
p011v2	34	Response	101	2429894	8600	1
p011v2	35	Pulse	255	2430000	39	NA
p011v2	36	Pulse	255	2460000	19707	NA
p011v2	38	Response	100	2480694	10070	1
p011v2	39	Pulse	255	2490000	9210	NA
p011v2	41	Pulse	255	2520000	8713	NA
p011v2	42	Response	101	2529896	8443	1
p011v2	44	Pulse	255	2550000	9715	NA
p011v2	46	Pulse	255	2580000	9385	NA
p011v2	46	Response	101	2580773	10158	1
p011v2	48	Pulse	255	2610000	18720	NA
p011v2	50	Response	100	2635654	14043	1
p011v2	51	Pulse	255	2640000	4224	NA
p011v2	53	Pulse	255	2670000	3726	NA
p011v2	54	Response	100	2689335	12895	1
p011v2	56	Pulse	255	2700000	229	NA
p011v2	57	Pulse	255	2730000	10064	NA
p011v2	58	Response	101	2743016	12914	1
p011v2	60	Pulse	255	2760000	6567	NA
p011v2	62	Pulse	255	2790000	6236	NA
p011v2	62	Response	101	2796935	13171	1
p011v2	64	Pulse	255	2820000	12571	NA
p011v2	66	Response	100	2849414	11655	1
p011v2	67	Pulse	255	2850000	408	NA
p011v2	68	Pulse	255	2880000	20076	NA
p011v2	70	Response	100	2899335	9080	1
p011v2	72	Pulse	255	2910000	247	NA
p011v2	73	Pulse	255	2940000	10082	NA
p011v2	74	Response	100	2950934	10850	1
p011v2	76	Pulse	255	2970000	8585	NA
p011v2	78	Response	100	2997413	5667	1
p011v2	79	Pulse	255	3000000	2421	NA
p011v2	81	Pulse	255	3030000	1924	NA
p011v2	82	Response	100	3047894	9652	1
p011v2	84	Pulse	255	3060000	1593	NA
p011v2	86	Pulse	255	3090000	1262	NA
p011v2	86	Response	101	3094374	5636	1
p011v2	88	Pulse	255	3120000	15097	NA
p011v2	90	Response	101	3144375	9141	1
p011v2	91	Pulse	255	3150000	5434	NA
p011v2	93	Pulse	255	3180000	4936	NA
p011v2	94	Response	100	3195574	10344	1
p011v2	96	Pulse	255	3210000	3939	NA
p011v2	98	Pulse	255	3240000	3608	NA
p011v2	98	Response	101	3241335	4943	1
p011v2	100	Pulse	255	3270000	18276	NA
p011v2	102	Response	100	3288935	6880	1
p011v2	104	Pulse	255	3300000	613	NA
p011v2	106	Pulse	255	3330000	283	NA
p011v2	106	Response	100	3343814	14097	1
p011v2	108	Pulse	255	3360000	5785	NA
p011v2	110	Pulse	255	3390000	5454	NA
p011v2	110	Response	101	3391255	6709	1
p011v2	112	Pulse	255	3420000	18289	NA
p011v2	114	Response	100	3440854	8811	1
p011v2	115	Pulse	255	3450000	8959	NA
p011v2	117	Pulse	255	3480000	8461	NA
p011v2	118	Response	100	3489095	7391	1
p011v2	120	Pulse	255	3510000	10464	NA
p011v2	122	Pulse	255	3540000	10133	NA
p011v2	122	Response	100	3541254	11387	1
p011v2	124	Pulse	255	3570000	18301	NA
p011v2	126	Response	100	3590778	8748	1
p011v2	127	Pulse	255	3600000	9138	NA
p011v2	129	Pulse	255	3630000	8641	NA
p011v2	130	Response	100	3636774	5249	1
p011v2	132	Pulse	255	3660000	12810	NA
p011v2	134	Response	101	3683334	5813	1
p011v2	135	Pulse	255	3690000	6479	NA
p011v2	137	Pulse	255	3720000	5982	NA
p011v2	138	Response	101	3732536	8352	1
p011v2	140	Pulse	255	3750000	6984	NA
p011v2	142	Response	100	3779015	5669	1
p011v2	143	Pulse	255	3780000	821	NA
p011v2	145	Pulse	255	3810000	323	NA
p011v2	146	Response	100	3831415	11572	1
p011v2	147	Pulse	255	3840000	8492	NA
p011v2	149	Pulse	255	3870000	7995	NA
p011v2	150	Response	101	3877736	5564	1
p011v2	152	Pulse	255	3900000	11830	NA
p011v2	154	Response	101	3929256	10755	1
p011v2	155	Pulse	255	3930000	667	NA
p011v2	157	Pulse	255	3960000	170	NA
p011v2	158	Response	101	3974936	4939	1
p011v2	160	Pulse	255	3990000	4672	NA
p011v2	162	Pulse	255	4020000	4341	NA
p011v2	162	Response	100	4024375	8716	1
p011v2	164	Pulse	255	4050000	15176	NA
p011v2	166	Pulse	255	4080000	14845	NA
p011v2	166	Response	101	4081576	16421	1
p011v2	168	Pulse	255	4110000	18014	NA
p011v2	170	Response	101	4131575	9258	1
p011v2	171	Pulse	255	4140000	8351	NA
p011v2	173	Pulse	255	4170000	7853	NA
p011v2	174	Response	100	4189735	17422	1
p011v2	175	Pulse	255	4200000	10189	NA
p011v2	177	Pulse	255	4230000	9692	NA
p011v2	178	Response	101	4248376	17902	1
p011v2	180	Pulse	255	4260000	1195	NA
p011v2	182	Pulse	255	4290000	864	NA
p011v2	182	Response	101	4295973	6838	1
p011v2	184	Pulse	255	4320000	13532	NA
p011v2	186	Response	100	4349256	12457	1
p011v2	187	Pulse	255	4350000	536	NA
p011v2	189	Pulse	255	4380000	39	NA
p011v2	190	Response	101	4402856	12729	1
p011v2	191	Pulse	255	4410000	7041	NA
p011v2	193	Pulse	255	4440000	6543	NA
p011v2	194	Response	100	4450137	6514	1
p011v2	196	Pulse	255	4470000	9379	NA
p011v2	198	Response	101	4496776	5824	1
p011v2	199	Pulse	255	4500000	3049	NA
p011v2	201	Pulse	255	4530000	2551	NA
p011v2	202	Response	100	4551495	13880	1
p011v2	203	Pulse	255	4560000	8386	NA
p011v2	205	Pulse	255	4590000	7889	NA
p011v2	206	Response	101	4597255	4979	1
p011v2	208	Pulse	255	4620000	12225	NA
p011v2	210	Response	100	4643897	5790	1
p011v2	211	Pulse	255	4650000	5894	NA
p011v2	213	Pulse	255	4680000	5397	NA
p011v2	214	Response	100	4689976	5207	1
p011v2	216	Pulse	255	4710000	9566	NA
p011v2	218	Response	101	4739575	8810	1
p011v2	219	Pulse	255	4740000	236	NA
p011v2	220	Pulse	255	4770000	19903	NA
p011v2	222	Response	101	4785896	5469	1
p011v2	224	Pulse	255	4800000	3574	NA
p011v2	226	Response	100	4829817	3060	1
p011v2	227	Pulse	255	4830000	77	NA
p011v2	228	Pulse	255	4860000	19744	NA
p011v2	230	Response	100	4878616	8029	1
p011v2	232	Pulse	255	4890000	915	NA
p011v2	234	Pulse	255	4920000	584	NA
p011v2	234	Response	100	4925816	6400	1
p011v2	236	Pulse	255	4950000	13753	NA
p011v2	238	Response	101	4973895	7317	1
p011v2	239	Pulse	255	4980000	5922	NA
p011v2	241	Pulse	255	5010000	5425	NA
p011v2	242	Picture	instruct_trial	5014741	0	1	1443544	1	0	next	other	0
p011v2	242	Pulse	255	5040000	25259	NA
p011v2	242	Pulse	255	5070000	55259	NA
p011v2	242	Pulse	255	5100000	85259	NA
p011v2	242	Pulse	255	5130000	115259	NA
p011v2	242	Pulse	255	5160000	145259	NA
p011v2	242	Pulse	255	5190000	175259	NA
p011v2	242	Pulse	255	5220000	205259	NA
p011v2	242	Pulse	255	5250000	235259	NA
p011v2	242	Pulse	255	5280000	265259	NA
p011v2	242	Pulse	255	5310000	295259	NA
p011v2	242	Pulse	255	5340000	325259	NA
p011v2	242	Pulse	255	5370000	355259	NA
p011v2	242	Pulse	255	5400000	385259	NA
p011v2	242	Pulse	255	5430000	415259	NA
p011v2	242	Pulse	255	5460000	445259	NA
p011v2	242	Pulse	255	5490000	475259	NA
p011v2	242	Pulse	255	5520000	505259	NA
p011v2	242	Pulse	255	5550000	535259	NA
p011v2	242	Pulse	255	5580000	565259	NA
p011v2	242	Pulse	255	5610000	595259	NA
p011v2	242	Pulse	255	5640000	625259	NA
p011v2	242	Pulse	255	5670000	655259	NA
p011v2	242	Pulse	255	5700000	685259	NA
p011v2	242	Pulse	255	5730000	715259	NA
p011v2	242	Pulse	255	5760000	745259	NA
p011v2	242	Pulse	255	5790000	775259	NA
p011v2	242	Pulse	255	5820000	805259	NA
p011v2	242	Pulse	255	5850000	835259	NA
p011v2	242	Pulse	255	5880000	865259	NA
p011v2	242	Pulse	255	5910000	895259	NA
p011v2	242	Pulse	255	5940000	925259	NA
p011v2	242	Pulse	255	5970000	955259	NA
p011v2	242	Pulse	255	6000000	985259	NA
p011v2	242	Pulse	255	6030000	1015259	NA
p011v2	242	Pulse	255	6060000	1045259	NA
p011v2	242	Pulse	255	6090000	1075259	NA
p011v2	242	Pulse	255	6120000	1105259	NA
p011v2	242	Pulse	255	6150000	1135259	NA
p011v2	242	Pulse	255	6180000	1165259	NA
p011v2	242	Pulse	255	6210000	1195259	NA
p011v2	242	Pulse	255	6240000	1225259	NA
p011v2	242	Pulse	255	6270000	1255259	NA
p011v2	242	Pulse	255	6300000	1285259	NA
p011v2	242	Pulse	255	6330000	1315259	NA
p011v2	242	Pulse	255	6360000	1345259	NA
p011v2	242	Pulse	255	6390000	1375259	NA
p011v2	242	Pulse	255	6420000	1405259	NA
p011v2	242	Pulse	255	6450000	1435259	NA
p011v2	242	Response	101	6458217	1443477	1
p011v2	243	Response	100	6469895	11444	1
p011v2	244	Pulse	255	6480000	10050	NA
p011v2	246	Pulse	255	6510000	9552	NA
p011v2	247	Response	100	6522459	11845	1
p011v2	249	Pulse	255	6540000	7055	NA
p011v2	251	Pulse	255	6570000	6724	NA
p011v2	251	Response	101	6575257	11981	1
p011v2	253	Pulse	255	6600000	14226	NA
p011v2	255	Response	101	6621657	5553	1
p011v2	256	Pulse	255	6630000	8229	NA
p011v2	258	Pulse	255	6660000	7732	NA
p011v2	259	Response	100	6668777	6343	1
p011v2	261	Pulse	255	6690000	10734	NA
p011v2	263	Response	101	6718217	8621	1
p011v2	264	Pulse	255	6720000	1571	NA
p011v2	266	Pulse	255	6750000	1073	NA
p011v2	267	Response	100	6768377	9285	1
p011v2	269	Pulse	255	6780000	1076	NA
p011v2	271	Pulse	255	6810000	745	NA
p011v2	271	Response	100	6815976	6722	1
p011v2	273	Pulse	255	6840000	13580	NA
p011v2	275	Response	100	6864217	7466	1
p011v2	276	Pulse	255	6870000	5583	NA
p011v2	278	Pulse	255	6900000	5086	NA
p011v2	279	Pulse	255	6930000	24920	NA
p011v2	279	Response	101	6955499	50419	1
p011v2	280	Pulse	255	6960000	4424	NA
p011v2	282	Pulse	255	6990000	3927	NA
p011v2	283	Pulse	255	7020000	23761	NA
p011v2	283	Response	101	7031257	35018	1
p011v2	285	Pulse	255	7050000	8265	NA
p011v2	287	Response	100	7079498	7432	1
p011v2	288	Pulse	255	7080000	435	NA
p011v2	289	Pulse	255	7110000	20102	NA
p011v2	291	Response	101	7125817	5588	1
p011v2	293	Pulse	255	7140000	3773	NA
p011v2	295	Pulse	255	7170000	3442	NA
p011v2	295	Response	101	7171979	5421	1
p011v2	297	Pulse	255	7200000	17610	NA
p011v2	299	Response	100	7224699	11978	1
p011v2	300	Pulse	255	7230000	5114	NA
p011v2	302	Pulse	255	7260000	4616	NA
p011v2	303	Pulse	255	7290000	24451	NA
p011v2	303	Response	100	7291897	26348	1
p011v2	305	Pulse	255	7320000	17620	NA
p011v2	307	Response	100	7339339	6629	1
p011v2	309	Pulse	255	7350000	124	NA
p011v2	310	Pulse	255	7380000	9960	NA
p011v2	311	Response	101	7386537	6331	1
p011v2	313	Pulse	255	7410000	12962	NA
p011v2	315	Response	101	7434377	7009	1
p011v2	316	Pulse	255	7440000	5465	NA
p011v2	318	Pulse	255	7470000	4968	NA
p011v2	319	Response	101	7491339	16140	1
p011v2	320	Pulse	255	7500000	8470	NA
p011v2	322	Pulse	255	7530000	7972	NA
p011v2	323	Response	101	7539817	7624	1
p011v2	325	Pulse	255	7560000	9642	NA
p011v2	327	Response	100	7586778	6089	1
p011v2	328	Pulse	255	7590000	3145	NA
p011v2	330	Pulse	255	7620000	2647	NA
p011v2	331	Response	100	7634697	7179	1
p011v2	333	Pulse	255	7650000	4816	NA
p011v2	335	Pulse	255	7680000	4485	NA
p011v2	335	Response	100	7681658	6143	1
p011v2	337	Pulse	255	7710000	17820	NA
p011v2	339	Response	100	7729018	6508	1
p011v2	341	Pulse	255	7740000	491	NA
p011v2	343	Pulse	255	7770000	160	NA
p011v2	343	Response	101	7776137	6297	1
p011v2	345	Pulse	255	7800000	13328	NA
p011v2	347	Response	101	7826138	9135	1
p011v2	348	Pulse	255	7830000	3665	NA
p011v2	350	Pulse	255	7860000	3168	NA
p011v2	351	Response	100	7873739	6741	1
p011v2	353	Pulse	255	7890000	5837	NA
p011v2	355	Pulse	255	7920000	5506	NA
p011v2	355	Response	100	7922138	7644	1
p011v2	357	Pulse	255	7950000	17341	NA
p011v2	359	Response	101	7971419	8428	1
p011v2	360	Pulse	255	7980000	8511	NA
p011v2	362	Pulse	255	8010000	8013	NA
p011v2	363	Response	101	8020938	8785	1
p011v2	365	Pulse	255	8040000	8516	NA
p011v2	367	Response	101	8068937	7122	1
p011v2	368	Pulse	255	8070000	852	NA
p011v2	370	Pulse	255	8100000	355	NA
p011v2	371	Response	101	8114457	4646	1
p011v2	373	Pulse	255	8130000	5024	NA
p011v2	375	Pulse	255	8160000	4693	NA
p011v2	375	Response	100	8162619	7312	1
p011v2	377	Pulse	255	8190000	16861	NA
p011v2	379	Response	100	8214219	10750	1
p011v2	380	Pulse	255	8220000	5698	NA
p011v2	382	Pulse	255	8250000	5201	NA
p011v2	383	Response	100	8260378	5413	1
p011v2	385	Pulse	255	8280000	9203	NA
p011v2	387	Response	101	8308539	7411	1
p011v2	388	Pulse	255	8310000	1373	NA
p011v2	390	Pulse	255	8340000	875	NA
p011v2	391	Response	100	8355819	6528	1
p011v2	393	Pulse	255	8370000	3711	NA
p011v2	395	Pulse	255	8400000	3380	NA
p011v2	395	Pulse	255	8430000	33380	NA
p011v2	395	Response	100	8434619	37999	1
p011v2	397	Pulse	255	8460000	14884	NA
p011v2	399	Pulse	255	8490000	14554	NA
p011v2	399	Response	100	8507978	32532	1
p011v2	401	Pulse	255	8520000	1557	NA
p011v2	403	Pulse	255	8550000	1226	NA
p011v2	403	Response	101	8577100	28327	1
p011v2	404	Pulse	255	8580000	2729	NA
p011v2	406	Pulse	255	8610000	2231	NA
p011v2	407	Response	101	8632459	14524	1
p011v2	408	Pulse	255	8640000	7400	NA
p011v2	410	Pulse	255	8670000	6903	NA
p011v2	411	Response	100	8679498	6235	1
p011v2	413	Pulse	255	8700000	10072	NA
p011v2	415	Response	100	8726778	6519	1
p011v2	416	Pulse	255	8730000	3075	NA
p011v2	418	Pulse	255	8760000	2577	NA
p011v2	419	Response	100	8775659	8070	1
p011v2	421	Pulse	255	8790000	3913	NA
p011v2	423	Pulse	255	8820000	3583	NA
p011v2	423	Response	100	8822539	6122	1
p011v2	425	Pulse	255	8850000	16917	NA
p011v2	427	Response	101	8870780	7367	1
p011v2	428	Pulse	255	8880000	9087	NA
p011v2	430	Pulse	255	8910000	8590	NA
p011v2	431	Response	100	8917098	5522	1
p011v2	433	Pulse	255	8940000	12425	NA
p011v2	435	Response	101	8963498	5593	1
p011v2	436	Pulse	255	8970000	6428	NA
p011v2	438	Pulse	255	9000000	5931	NA
p011v2	439	Response	100	9010139	5904	1
p011v2	441	Pulse	255	9030000	9433	NA
p011v2	443	Response	101	9059659	8761	1
p011v2	444	Pulse	255	9060000	270	NA
p011v2	445	Pulse	255	9090000	19937	NA
p011v2	447	Response	100	9109099	8706	1
p011v2	449	Pulse	255	9120000	442	NA
p011v2	451	Pulse	255	9150000	111	NA
p011v2	451	Response	101	9157019	7130	1
p011v2	453	Pulse	255	9180000	12446	NA
p011v2	455	Response	101	9202939	5054	1
p011v2	456	Pulse	255	9210000	6949	NA
p011v2	458	Pulse	255	9240000	6451	NA
p011v2	459	Response	101	9252139	8425	1
p011v2	461	Pulse	255	9270000	7454	NA
p011v2	463	Response	100	9299339	6463	1
p011v2	464	Pulse	255	9300000	457	NA
p011v2	465	Pulse	255	9330000	20124	NA
p011v2	467	Response	101	9346859	6653	1
p011v2	469	Pulse	255	9360000	2629	NA
p011v2	471	Pulse	255	9390000	2298	NA
p011v2	471	Response	101	9392939	5237	1
p011v2	473	Pulse	255	9420000	16632	NA
p011v2	475	Response	100	9443820	10121	1
p011v2	476	Pulse	255	9450000	5969	NA
p011v2	478	Pulse	255	9480000	5472	NA
p011v2	479	Response	100	9493182	8488	1
p011v2	481	Pulse	255	9510000	6308	NA
p011v2	483	Picture	instruct_trial	9534023	0	1	9832	1	0	next	other	0
p011v2	483	Pulse	255	9540000	5977	NA
p011v2	483	Response	101	9543739	9715	1
p011v2	484	Response	100	9558139	14117	1
p011v2	486	Pulse	255	9570000	1480	NA
p011v2	488	Pulse	255	9600000	1149	NA
p011v2	488	Response	100	9608939	10088	1
p011v2	490	Pulse	255	9630000	10651	NA
p011v2	492	Response	101	9659180	9500	1
p011v2	493	Pulse	255	9660000	654	NA
p011v2	495	Pulse	255	9690000	157	NA
p011v2	496	Response	101	9706139	6130	1
p011v2	498	Pulse	255	9720000	3326	NA
p011v2	500	Pulse	255	9750000	2995	NA
p011v2	500	Response	101	9758779	11774	1
p011v2	502	Pulse	255	9780000	10830	NA
p011v2	504	Response	101	9805979	6478	1
p011v2	505	Pulse	255	9810000	3833	NA
p011v2	507	Pulse	255	9840000	3336	NA
p011v2	508	Response	101	9854939	8109	1
p011v2	509	Response	100	9860860	5864	1
p011v2	510	Pulse	255	9870000	4672	NA
p011v2	512	Pulse	255	9900000	4341	NA
p011v2	512	Response	100	9906380	10721	1
p011v2	514	Pulse	255	9930000	13176	NA
p011v2	516	Response	100	9956379	9225	1
p011v2	517	Pulse	255	9960000	3513	NA
p011v2	519	Pulse	255	9990000	3015	NA
p011v2	520	Response	100	10005579	8429	1
p011v2	522	Pulse	255	10020000	4018	NA
p011v2	524	Pulse	255	10050000	3687	NA
p011v2	524	Response	101	10059100	12787	1
p011v2	526	Pulse	255	10080000	10356	NA
p011v2	528	Response	100	10107099	7124	1
p011v2	529	Pulse	255	10110000	2692	NA
p011v2	531	Pulse	255	10140000	2195	NA
p011v2	532	Response	101	10164859	16888	1
p011v2	533	Pulse	255	10170000	5031	NA
p011v2	535	Pulse	255	10200000	4533	NA
p011v2	536	Response	101	10212300	6667	1
p011v2	538	Pulse	255	10230000	7202	NA
p011v2	540	Pulse	255	10260000	6871	NA
p011v2	540	Response	100	10265660	12532	1
p011v2	542	Pulse	255	10290000	13873	NA
p011v2	544	Pulse	255	10320000	13543	NA
p011v2	544	Response	100	10340860	34403	1
p011v2	545	Pulse	255	10350000	9045	NA
p011v2	547	Pulse	255	10380000	8548	NA
p011v2	548	Response	100	10388300	6683	1
p011v2	550	Pulse	255	10410000	11217	NA
p011v2	552	Pulse	255	10440000	10886	NA
p011v2	552	Response	101	10454861	25747	1
p011v2	554	Pulse	255	10470000	4723	NA
p011v2	556	Pulse	255	10500000	4392	NA
p011v2	556	Response	101	10507180	11572	1
p011v2	558	Pulse	255	10530000	12394	NA
p011v2	560	Response	101	10554220	6283	1
p011v2	561	Pulse	255	10560000	5730	NA
p011v2	563	Pulse	255	10590000	5233	NA
p011v2	564	Response	101	10603420	8487	1
p011v2	566	Pulse	255	10620000	6069	NA
p011v2	568	Pulse	255	10650000	5738	NA
p011v2	568	Response	100	10655019	10757	1
p011v2	570	Pulse	255	10680000	14573	NA
p011v2	572	Response	100	10704700	8943	1
p011v2	573	Pulse	255	10710000	5243	NA
p011v2	575	Pulse	255	10740000	4746	NA
p011v2	576	Response	100	10753180	7760	1
p011v2	578	Pulse	255	10770000	6415	NA
p011v2	580	Pulse	255	10800000	6084	NA
p011v2	580	Response	100	10801099	7183	1
p011v2	581	Response	100	10811180	9931	1
p011v2	582	Pulse	255	10830000	18419	NA
p011v2	584	Response	101	10849901	7989	1
p011v2	585	Pulse	255	10860000	9922	NA
p011v2	587	Pulse	255	10890000	9425	NA
p011v2	588	Response	101	10902620	11879	1
p011v2	590	Pulse	255	10920000	6927	NA
p011v2	592	Pulse	255	10950000	6597	NA
p011v2	592	Response	100	10951180	7777	1
p011v2	594	Pulse	255	10980000	18432	NA
p011v2	596	Response	100	10998940	7041	1
p011v2	598	Pulse	255	11010000	602	NA
p011v2	600	Pulse	255	11040000	272	NA
p011v2	600	Response	101	11052060	12331	1
p011v2	602	Pulse	255	11070000	7440	NA
p011v2	604	Pulse	255	11100000	7109	NA
p011v2	604	Response	101	11101820	8929	1
p011v2	606	Pulse	255	11130000	17778	NA
p011v2	608	Pulse	255	11160000	17447	NA
p011v2	608	Response	101	11170301	27748	1
p011v2	610	Pulse	255	11190000	9284	NA
p011v2	612	Response	101	11216861	5814	1
p011v2	613	Pulse	255	11220000	2953	NA
p011v2	615	Pulse	255	11250000	2456	NA
p011v2	616	Response	100	11269182	11473	1
p011v2	618	Pulse	255	11280000	292	NA
p011v2	619	Pulse	255	11310000	10127	NA
p011v2	620	Response	100	11330701	20662	1
p011v2	621	Pulse	255	11340000	9130	NA
p011v2	623	Pulse	255	11370000	8632	NA
p011v2	624	Response	100	11398061	26528	1
p011v2	625	Pulse	255	11400000	1802	NA
p011v2	627	Pulse	255	11430000	1305	NA
p011v2	628	Response	101	11447740	8878	1
p011v2	630	Pulse	255	11460000	1807	NA
p011v2	632	Pulse	255	11490000	1476	NA
p011v2	632	Response	100	11515821	27298	1
p011v2	633	Pulse	255	11520000	3979	NA
p011v2	635	Pulse	255	11550000	3481	NA
p011v2	636	Response	100	11573820	17136	1
p011v2	637	Pulse	255	11580000	5984	NA
p011v2	639	Pulse	255	11610000	5486	NA
p011v2	640	Response	100	11632461	17781	1
p011v2	641	Pulse	255	11640000	7489	NA
p011v2	643	Pulse	255	11670000	6991	NA
p011v2	644	Response	101	11698461	25286	1
p011v2	645	Pulse	255	11700000	1328	NA
p011v2	647	Pulse	255	11730000	830	NA
p011v2	648	Response	101	11750858	11522	1
p011v2	649	Pulse	255	11760000	8999	NA
p011v2	651	Pulse	255	11790000	8501	NA
p011v2	652	Response	100	11798381	6717	1
p011v2	654	Pulse	255	11820000	11170	NA
p011v2	656	Response	100	11846701	7541	1
p011v2	657	Pulse	255	11850000	3174	NA
p011v2	659	Pulse	255	11880000	2676	NA
p011v2	660	Response	100	11894861	7371	1
p011v2	662	Pulse	255	11910000	4679	NA
p011v2	664	Pulse	255	11940000	4348	NA
p011v2	664	Response	100	11941021	5369	1
p011v2	666	Pulse	255	11970000	18516	NA
p011v2	668	Response	101	11992540	10725	1
p011v2	669	Pulse	255	12000000	7353	NA
p011v2	671	Pulse	255	12030000	6855	NA
p011v2	672	Response	100	12039341	6030	1
p011v2	674	Pulse	255	12060000	10191	NA
p011v2	676	Pulse	255	12090000	9860	NA
p011v2	676	Response	100	12094865	14725	1
p011v2	678	Pulse	255	12120000	14696	NA
p011v2	680	Response	100	12147581	11946	1
p011v2	681	Pulse	255	12150000	2366	NA
p011v2	683	Pulse	255	12180000	1868	NA
p011v2	684	Response	101	12196701	8404	1
p011v2	686	Pulse	255	12210000	2871	NA
p011v2	688	Pulse	255	12240000	2540	NA
p011v2	688	Response	100	12245500	8040	1
p011v2	690	Pulse	255	12270000	14042	NA
p011v2	692	Response	100	12291421	5132	1
p011v2	693	Pulse	255	12300000	8378	NA
p011v2	695	Pulse	255	12330000	7881	NA
p011v2	696	Response	101	12340541	8256	1
p011v2	698	Pulse	255	12360000	9050	NA
p011v2	700	Response	101	12388142	6861	1
p011v2	701	Pulse	255	12390000	1720	NA
p011v2	703	Pulse	255	12420000	1222	NA
p011v2	704	Pulse	255	12450000	21056	NA
p011v2	704	Response	100	12459581	30638	1
p011v2	705	Response	100	12460543	768	1
p011v2	706	Pulse	255	12480000	9893	NA
p011v2	708	Pulse	255	12510000	9562	NA
p011v2	708	Response	101	12520702	20265	1
p011v2	710	Pulse	255	12540000	8898	NA
p011v2	712	Pulse	255	12570000	8568	NA
p011v2	712	Response	101	12571422	9989	1
p011v2	714	Pulse	255	12600000	18069	NA
p011v2	716	Response	101	12621102	8840	1
p011v2	717	Pulse	255	12630000	8739	NA
p011v2	719	Pulse	255	12660000	8242	NA
p011v2	720	Response	100	12668941	7018	1
p011v2	722	Pulse	255	12690000	10578	NA
p011v2	724	Picture	instruct_trial	12709753	0	1	40163	1	0	next	other	0
p011v2	724	Pulse	255	12720000	10247	NA
