Scenario - learning_JJ_english
Logfile written - 10/21/2021 13:07:38

Subject	Trial	Event Type	Code	Time	TTime	Uncertainty	Duration	Uncertainty	ReqTime	ReqDur	Stim Type	Pair Index

p013v2	0	Pulse	255	0	0	NA
p013v2	1	Picture	instruct_trial	10333	0	1	524122	1	0	next	other	0
p013v2	1	Pulse	255	30000	19667	NA
p013v2	1	Pulse	255	60000	49667	NA
p013v2	1	Pulse	255	90000	79667	NA
p013v2	1	Pulse	255	120000	109667	NA
p013v2	1	Pulse	255	150000	139667	NA
p013v2	1	Pulse	255	180000	169667	NA
p013v2	1	Pulse	255	210000	199667	NA
p013v2	1	Pulse	255	240000	229667	NA
p013v2	1	Pulse	255	270000	259667	NA
p013v2	1	Pulse	255	300000	289667	NA
p013v2	1	Pulse	255	330000	319667	NA
p013v2	1	Pulse	255	360000	349667	NA
p013v2	1	Pulse	255	390000	379667	NA
p013v2	1	Pulse	255	420000	409667	NA
p013v2	1	Pulse	255	450000	439667	NA
p013v2	1	Pulse	255	480000	469667	NA
p013v2	1	Pulse	255	510000	499667	NA
p013v2	1	Response	101	534373	524040	1
p013v2	1	Pulse	255	540000	529667	NA
p013v2	2	Response	101	562777	22656	1
p013v2	3	Pulse	255	570000	7047	NA
p013v2	5	Pulse	255	600000	6550	NA
p013v2	6	Pulse	255	630000	26384	NA
p013v2	6	Response	101	632453	28837	1
p013v2	8	Pulse	255	660000	17054	NA
p013v2	10	Pulse	255	690000	16723	NA
p013v2	10	Response	100	692133	18857	1
p013v2	12	Pulse	255	720000	17392	NA
p013v2	14	Response	100	746293	13355	1
p013v2	15	Pulse	255	750000	3563	NA
p013v2	17	Pulse	255	780000	3065	NA
p013v2	18	Response	100	796213	9113	1
p013v2	20	Pulse	255	810000	3401	NA
p013v2	22	Pulse	255	840000	3071	NA
p013v2	22	Response	101	854293	17364	1
p013v2	24	Pulse	255	870000	5240	NA
p013v2	26	Pulse	255	900000	4909	NA
p013v2	26	Response	101	903093	8002	1
p013v2	28	Pulse	255	930000	16410	NA
p013v2	30	Response	101	948932	5012	1
p013v2	32	Pulse	255	960000	581	NA
p013v2	34	Pulse	255	990000	250	NA
p013v2	34	Response	101	999013	9263	1
p013v2	36	Pulse	255	1020000	10585	NA
p013v2	38	Response	100	1045413	5668	1
p013v2	39	Pulse	255	1050000	4422	NA
p013v2	41	Pulse	255	1080000	3924	NA
p013v2	42	Response	100	1097493	11251	1
p013v2	44	Pulse	255	1110000	2094	NA
p013v2	46	Pulse	255	1140000	1763	NA
p013v2	46	Response	101	1145332	7095	1
p013v2	48	Pulse	255	1170000	14264	NA
p013v2	50	Response	100	1194854	8787	1
p013v2	51	Pulse	255	1200000	4934	NA
p013v2	53	Pulse	255	1230000	4437	NA
p013v2	54	Response	101	1245734	10005	1
p013v2	56	Pulse	255	1260000	3773	NA
p013v2	58	Pulse	255	1290000	3442	NA
p013v2	58	Response	100	1295813	9255	1
p013v2	60	Pulse	255	1320000	13777	NA
p013v2	62	Response	101	1343173	6620	1
p013v2	63	Pulse	255	1350000	6614	NA
p013v2	65	Pulse	255	1380000	6116	NA
p013v2	66	Response	101	1392934	8884	1
p013v2	68	Pulse	255	1410000	6619	NA
p013v2	70	Pulse	255	1440000	6288	NA
p013v2	70	Response	100	1443817	10105	1
p013v2	72	Pulse	255	1470000	15790	NA
p013v2	74	Response	100	1494773	10232	1
p013v2	75	Pulse	255	1500000	5127	NA
p013v2	77	Pulse	255	1530000	4629	NA
p013v2	78	Response	100	1539413	3877	1
p013v2	80	Pulse	255	1560000	10131	NA
p013v2	82	Pulse	255	1590000	9800	NA
p013v2	82	Response	100	1592454	12254	1
p013v2	84	Pulse	255	1620000	17136	NA
p013v2	86	Response	101	1639655	6460	1
p013v2	87	Pulse	255	1650000	10139	NA
p013v2	89	Pulse	255	1680000	9641	NA
p013v2	90	Response	101	1686213	5689	1
p013v2	92	Pulse	255	1710000	13310	NA
p013v2	94	Response	101	1733014	5993	1
p013v2	95	Pulse	255	1740000	6813	NA
p013v2	97	Pulse	255	1770000	6316	NA
p013v2	98	Response	101	1778934	5085	1
p013v2	100	Pulse	255	1800000	10652	NA
p013v2	102	Response	100	1826454	6775	1
p013v2	103	Pulse	255	1830000	3488	NA
p013v2	105	Pulse	255	1860000	2991	NA
p013v2	106	Response	101	1873414	6239	1
p013v2	108	Pulse	255	1890000	6160	NA
p013v2	110	Response	101	1918855	4684	1
p013v2	111	Pulse	255	1920000	996	NA
p013v2	113	Pulse	255	1950000	499	NA
p013v2	114	Response	101	1963895	4228	1
p013v2	116	Pulse	255	1980000	5667	NA
p013v2	118	Response	100	2009334	4671	1
p013v2	119	Pulse	255	2010000	504	NA
p013v2	121	Pulse	255	2040000	6	NA
p013v2	122	Response	100	2060613	10454	1
p013v2	123	Pulse	255	2070000	9175	NA
p013v2	125	Pulse	255	2100000	8677	NA
p013v2	126	Response	100	2110694	9205	1
p013v2	128	Pulse	255	2130000	8846	NA
p013v2	130	Response	100	2156935	5450	1
p013v2	131	Pulse	255	2160000	3016	NA
p013v2	133	Pulse	255	2190000	2519	NA
p013v2	134	Response	101	2205015	7368	1
p013v2	136	Pulse	255	2220000	4521	NA
p013v2	138	Pulse	255	2250000	4190	NA
p013v2	138	Response	101	2252534	6725	1
p013v2	140	Pulse	255	2280000	17025	NA
p013v2	142	Response	100	2297494	4189	1
p013v2	144	Pulse	255	2310000	2029	NA
p013v2	146	Pulse	255	2340000	1698	NA
p013v2	146	Response	100	2344455	6153	1
p013v2	148	Pulse	255	2370000	15033	NA
p013v2	150	Response	101	2390534	5243	1
p013v2	151	Pulse	255	2400000	9369	NA
p013v2	153	Pulse	255	2430000	8872	NA
p013v2	154	Response	100	2435974	4681	1
p013v2	156	Pulse	255	2460000	13541	NA
p013v2	158	Response	101	2480694	3904	1
p013v2	159	Pulse	255	2490000	9210	NA
p013v2	161	Pulse	255	2520000	8713	NA
p013v2	162	Response	100	2528374	6921	1
p013v2	164	Pulse	255	2550000	11215	NA
p013v2	166	Response	100	2576855	7739	1
p013v2	167	Pulse	255	2580000	3052	NA
p013v2	169	Pulse	255	2610000	2554	NA
p013v2	170	Response	101	2621575	3963	1
p013v2	172	Pulse	255	2640000	7890	NA
p013v2	174	Pulse	255	2670000	7559	NA
p013v2	174	Response	101	2672616	10175	1
p013v2	176	Pulse	255	2700000	16894	NA
p013v2	178	Response	101	2720854	7418	1
p013v2	179	Pulse	255	2730000	9064	NA
p013v2	181	Pulse	255	2760000	8567	NA
p013v2	182	Response	101	2765814	4215	1
p013v2	184	Pulse	255	2790000	13736	NA
p013v2	186	Response	101	2816775	10180	1
p013v2	187	Pulse	255	2820000	3072	NA
p013v2	189	Pulse	255	2850000	2575	NA
p013v2	190	Response	101	2866134	8544	1
p013v2	192	Pulse	255	2880000	3411	NA
p013v2	194	Pulse	255	2910000	3080	NA
p013v2	194	Response	100	2911254	4334	1
p013v2	196	Pulse	255	2940000	18248	NA
p013v2	198	Response	101	2956615	4532	1
p013v2	200	Pulse	255	2970000	2918	NA
p013v2	202	Pulse	255	3000000	2588	NA
p013v2	202	Response	100	3004534	7122	1
p013v2	204	Pulse	255	3030000	14922	NA
p013v2	206	Response	101	3052134	6726	1
p013v2	207	Pulse	255	3060000	7759	NA
p013v2	209	Pulse	255	3090000	7262	NA
p013v2	210	Response	100	3099495	6591	1
p013v2	212	Pulse	255	3120000	10107	NA
p013v2	214	Response	100	3147015	6781	1
p013v2	215	Pulse	255	3150000	2934	NA
p013v2	217	Pulse	255	3180000	2436	NA
p013v2	218	Response	100	3195576	7846	1
p013v2	220	Pulse	255	3210000	3939	NA
p013v2	222	Pulse	255	3240000	3608	NA
p013v2	222	Response	101	3241255	4863	1
p013v2	224	Pulse	255	3270000	18276	NA
p013v2	226	Response	100	3288136	6082	1
p013v2	228	Pulse	255	3300000	1447	NA
p013v2	230	Pulse	255	3330000	1116	NA
p013v2	230	Response	100	3334854	5970	1
p013v2	232	Pulse	255	3360000	14617	NA
p013v2	234	Response	101	3381815	6101	1
p013v2	235	Pulse	255	3390000	8120	NA
p013v2	237	Pulse	255	3420000	7623	NA
p013v2	238	Response	101	3427255	4712	1
p013v2	240	Pulse	255	3450000	12292	NA
p013v2	242	Picture	instruct_trial	3468039	0	1	17832	1	0	next	other	0
p013v2	242	Pulse	255	3480000	11961	NA
p013v2	242	Response	100	3485816	17777	1
p013v2	243	Response	100	3499095	13058	1
p013v2	245	Pulse	255	3510000	465	NA
p013v2	247	Pulse	255	3540000	134	NA
p013v2	247	Response	101	3552535	12669	1
p013v2	249	Pulse	255	3570000	6969	NA
p013v2	251	Pulse	255	3600000	6638	NA
p013v2	251	Response	101	3600615	7253	1
p013v2	253	Pulse	255	3630000	18973	NA
p013v2	255	Response	100	3656855	15497	1
p013v2	256	Pulse	255	3660000	2977	NA
p013v2	258	Pulse	255	3690000	2480	NA
p013v2	259	Response	101	3711573	13887	1
p013v2	260	Pulse	255	3720000	8315	NA
p013v2	262	Pulse	255	3750000	7818	NA
p013v2	263	Response	100	3760296	7948	1
p013v2	265	Pulse	255	3780000	9320	NA
p013v2	267	Pulse	255	3810000	8989	NA
p013v2	267	Response	100	3812215	11204	1
p013v2	269	Pulse	255	3840000	17324	NA
p013v2	271	Response	100	3860135	7129	1
p013v2	272	Pulse	255	3870000	9661	NA
p013v2	274	Pulse	255	3900000	9164	NA
p013v2	275	Response	100	3908695	7693	1
p013v2	277	Pulse	255	3930000	10833	NA
p013v2	279	Response	100	3956855	7357	1
p013v2	280	Pulse	255	3960000	3003	NA
p013v2	281	Response	101	3982455	15125	1
p013v2	282	Pulse	255	3990000	2505	NA
p013v2	283	Response	100	4010775	13115	1
p013v2	284	Pulse	255	4020000	9174	NA
p013v2	286	Pulse	255	4050000	8676	NA
p013v2	287	Response	101	4065016	13527	1
p013v2	289	Pulse	255	4080000	4513	NA
p013v2	291	Pulse	255	4110000	4182	NA
p013v2	291	Response	100	4113815	7997	1
p013v2	293	Pulse	255	4140000	15683	NA
p013v2	295	Pulse	255	4170000	15353	NA
p013v2	295	Response	100	4173175	18528	1
p013v2	297	Pulse	255	4200000	16355	NA
p013v2	299	Response	100	4222935	8960	1
p013v2	300	Pulse	255	4230000	6859	NA
p013v2	302	Pulse	255	4260000	6361	NA
p013v2	303	Response	101	4273015	9211	1
p013v2	305	Pulse	255	4290000	6530	NA
p013v2	307	Response	100	4319336	5536	1
p013v2	308	Pulse	255	4320000	533	NA
p013v2	310	Pulse	255	4350000	36	NA
p013v2	311	Response	100	4377175	17046	1
p013v2	312	Pulse	255	4380000	2705	NA
p013v2	314	Pulse	255	4410000	2208	NA
p013v2	315	Response	101	4421177	3218	1
p013v2	317	Pulse	255	4440000	8376	NA
p013v2	319	Response	100	4468296	6341	1
p013v2	320	Pulse	255	4470000	1546	NA
p013v2	322	Pulse	255	4500000	1049	NA
p013v2	323	Response	100	4519255	10138	1
p013v2	325	Pulse	255	4530000	218	NA
p013v2	326	Pulse	255	4560000	10053	NA
p013v2	327	Response	101	4568936	8823	1
p013v2	329	Pulse	255	4590000	10556	NA
p013v2	331	Response	100	4615016	5240	1
p013v2	332	Pulse	255	4620000	4892	NA
p013v2	334	Pulse	255	4650000	4394	NA
p013v2	335	Response	101	4672936	17165	1
p013v2	336	Pulse	255	4680000	6897	NA
p013v2	338	Pulse	255	4710000	6399	NA
p013v2	339	Response	101	4718935	5169	1
p013v2	341	Pulse	255	4740000	10568	NA
p013v2	343	Response	100	4769499	9737	1
p013v2	344	Pulse	255	4770000	405	NA
p013v2	345	Pulse	255	4800000	20073	NA
p013v2	347	Response	101	4813976	3717	1
p013v2	349	Pulse	255	4830000	5576	NA
p013v2	351	Pulse	255	4860000	5246	NA
p013v2	351	Response	101	4865256	10501	1
p013v2	353	Pulse	255	4890000	14247	NA
p013v2	355	Response	101	4916455	10372	1
p013v2	356	Pulse	255	4920000	3418	NA
p013v2	358	Pulse	255	4950000	2920	NA
p013v2	359	Response	100	4964536	7290	1
p013v2	361	Pulse	255	4980000	4922	NA
p013v2	363	Pulse	255	5010000	4592	NA
p013v2	363	Response	100	5014696	9288	1
p013v2	365	Pulse	255	5040000	14760	NA
p013v2	367	Pulse	255	5070000	14429	NA
p013v2	367	Response	101	5074856	19285	1
p013v2	368	Response	100	5075976	907	1
p013v2	369	Pulse	255	5100000	14599	NA
p013v2	371	Response	101	5126216	10484	1
p013v2	372	Pulse	255	5130000	3602	NA
p013v2	374	Pulse	255	5160000	3105	NA
p013v2	375	Response	101	5179903	12842	1
p013v2	376	Pulse	255	5190000	9940	NA
p013v2	378	Pulse	255	5220000	9443	NA
p013v2	379	Response	100	5230217	9494	1
p013v2	381	Pulse	255	5250000	9278	NA
p013v2	383	Pulse	255	5280000	8948	NA
p013v2	383	Response	100	5282295	11243	1
p013v2	385	Pulse	255	5310000	17283	NA
p013v2	387	Response	100	5333576	10528	1
p013v2	387	Response	101	5333581	10533	2
p013v2	388	Pulse	255	5340000	6286	NA
p013v2	390	Pulse	255	5370000	5789	NA
p013v2	391	Response	101	5383816	9439	1
p013v2	393	Pulse	255	5400000	5791	NA
p013v2	395	Pulse	255	5430000	5461	NA
p013v2	395	Response	100	5433657	9117	1
p013v2	397	Pulse	255	5460000	15962	NA
p013v2	399	Response	101	5484856	10488	1
p013v2	400	Pulse	255	5490000	4966	NA
p013v2	402	Pulse	255	5520000	4468	NA
p013v2	403	Response	101	5530216	4519	1
p013v2	405	Pulse	255	5550000	9304	NA
p013v2	407	Response	101	5576781	5754	1
p013v2	408	Pulse	255	5580000	3140	NA
p013v2	410	Pulse	255	5610000	2643	NA
p013v2	411	Response	101	5632777	15254	1
p013v2	412	Pulse	255	5640000	7145	NA
p013v2	414	Pulse	255	5670000	6648	NA
p013v2	415	Response	101	5688776	15258	1
p013v2	417	Pulse	255	5700000	817	NA
p013v2	419	Pulse	255	5730000	487	NA
p013v2	419	Response	100	5740057	10543	1
p013v2	421	Pulse	255	5760000	9488	NA
p013v2	423	Response	101	5786457	5615	1
p013v2	424	Pulse	255	5790000	3492	NA
p013v2	426	Pulse	255	5820000	2994	NA
p013v2	427	Response	100	5837177	10005	1
p013v2	429	Pulse	255	5850000	2330	NA
p013v2	431	Pulse	255	5880000	1999	NA
p013v2	431	Response	100	5892617	14616	1
p013v2	433	Pulse	255	5910000	6835	NA
p013v2	435	Pulse	255	5940000	6504	NA
p013v2	435	Response	100	5940137	6641	1
p013v2	437	Pulse	255	5970000	19339	NA
p013v2	439	Response	101	5989417	8425	1
p013v2	441	Pulse	255	6000000	176	NA
p013v2	442	Pulse	255	6030000	10011	NA
p013v2	443	Response	101	6039898	9743	1
p013v2	445	Pulse	255	6060000	9681	NA
p013v2	447	Response	100	6087897	7247	1
p013v2	448	Pulse	255	6090000	2017	NA
p013v2	450	Pulse	255	6120000	1520	NA
p013v2	451	Response	100	6138777	10131	1
p013v2	453	Pulse	255	6150000	689	NA
p013v2	455	Pulse	255	6180000	358	NA
p013v2	455	Response	100	6187337	7695	1
p013v2	457	Pulse	255	6210000	12193	NA
p013v2	459	Response	101	6236616	8479	1
p013v2	460	Pulse	255	6240000	3196	NA
p013v2	462	Pulse	255	6270000	2699	NA
p013v2	463	Response	101	6286697	9231	1
p013v2	465	Pulse	255	6300000	2868	NA
p013v2	467	Pulse	255	6330000	2538	NA
p013v2	467	Response	100	6336857	9394	1
p013v2	469	Pulse	255	6360000	12706	NA
p013v2	471	Response	100	6389497	11872	1
p013v2	472	Pulse	255	6390000	376	NA
p013v2	473	Pulse	255	6420000	20044	NA
p013v2	475	Response	101	6438696	8409	1
p013v2	477	Pulse	255	6450000	881	NA
p013v2	479	Pulse	255	6480000	550	NA
p013v2	479	Response	101	6487016	7567	1
p013v2	481	Pulse	255	6510000	12552	NA
p013v2	483	Picture	instruct_trial	6527779	0	1	465127	1	0	next	other	0
p013v2	483	Pulse	255	6540000	12221	NA
p013v2	483	Pulse	255	6570000	42221	NA
p013v2	483	Pulse	255	6600000	72221	NA
p013v2	483	Pulse	255	6630000	102221	NA
p013v2	483	Pulse	255	6660000	132221	NA
p013v2	483	Pulse	255	6690000	162221	NA
p013v2	483	Pulse	255	6720000	192221	NA
p013v2	483	Pulse	255	6750000	222221	NA
p013v2	483	Pulse	255	6780000	252221	NA
p013v2	483	Pulse	255	6810000	282221	NA
p013v2	483	Pulse	255	6840000	312221	NA
p013v2	483	Pulse	255	6870000	342221	NA
p013v2	483	Pulse	255	6900000	372221	NA
p013v2	483	Pulse	255	6930000	402221	NA
p013v2	483	Pulse	255	6960000	432221	NA
p013v2	483	Pulse	255	6990000	462221	NA
p013v2	483	Response	101	6992699	464920	1
p013v2	484	Response	101	7006297	13225	1
p013v2	486	Pulse	255	7020000	3263	NA
p013v2	488	Pulse	255	7050000	2932	NA
p013v2	488	Response	100	7056059	8991	1
p013v2	490	Pulse	255	7080000	13434	NA
p013v2	492	Response	101	7102697	5800	1
p013v2	493	Pulse	255	7110000	7103	NA
p013v2	495	Pulse	255	7140000	6606	NA
p013v2	496	Response	101	7150777	7217	1
p013v2	498	Pulse	255	7170000	8775	NA
p013v2	500	Response	100	7197577	6022	1
p013v2	501	Pulse	255	7200000	2278	NA
p013v2	503	Pulse	255	7230000	1781	NA
p013v2	504	Response	101	7248058	9673	1
p013v2	506	Pulse	255	7260000	1450	NA
p013v2	508	Pulse	255	7290000	1119	NA
p013v2	508	Response	100	7295178	6297	1
p013v2	510	Pulse	255	7320000	14287	NA
p013v2	512	Response	100	7348777	12734	1
p013v2	513	Pulse	255	7350000	1124	NA
p013v2	515	Pulse	255	7380000	627	NA
p013v2	516	Response	100	7397738	8199	1
p013v2	518	Pulse	255	7410000	1796	NA
p013v2	520	Pulse	255	7440000	1465	NA
p013v2	520	Response	100	7447975	9441	1
p013v2	522	Pulse	255	7470000	11634	NA
p013v2	524	Response	101	7493818	5121	1
p013v2	525	Pulse	255	7500000	5970	NA
p013v2	527	Pulse	255	7530000	5473	NA
p013v2	528	Response	101	7546217	11524	1
p013v2	530	Pulse	255	7560000	3309	NA
p013v2	532	Pulse	255	7590000	2978	NA
p013v2	532	Response	100	7597178	10156	1
p013v2	534	Pulse	255	7620000	12313	NA
p013v2	536	Pulse	255	7650000	11982	NA
p013v2	536	Response	101	7671499	33481	1
p013v2	537	Pulse	255	7680000	8319	NA
p013v2	539	Pulse	255	7710000	7821	NA
p013v2	540	Response	100	7717899	5554	1
p013v2	542	Pulse	255	7740000	11657	NA
p013v2	544	Response	100	7768058	9384	1
p013v2	545	Pulse	255	7770000	1827	NA
p013v2	547	Pulse	255	7800000	1329	NA
p013v2	548	Response	100	7815018	6181	1
p013v2	550	Pulse	255	7830000	4498	NA
p013v2	552	Pulse	255	7860000	4167	NA
p013v2	552	Response	100	7862218	6385	1
p013v2	554	Pulse	255	7890000	17336	NA
p013v2	556	Response	101	7906538	3543	1
p013v2	558	Pulse	255	7920000	3006	NA
p013v2	560	Pulse	255	7950000	2675	NA
p013v2	560	Response	101	7954938	7613	1
p013v2	562	Pulse	255	7980000	14677	NA
p013v2	564	Response	101	8000939	5285	1
p013v2	565	Pulse	255	8010000	9013	NA
p013v2	567	Pulse	255	8040000	8516	NA
p013v2	568	Response	101	8045018	3368	1
p013v2	570	Pulse	255	8070000	14518	NA
p013v2	572	Response	100	8089979	4166	1
p013v2	573	Pulse	255	8100000	9854	NA
p013v2	575	Pulse	255	8130000	9357	NA
p013v2	576	Response	100	8134298	3489	1
p013v2	578	Pulse	255	8160000	15192	NA
p013v2	580	Response	100	8181742	6603	1
p013v2	581	Pulse	255	8190000	8195	NA
p013v2	583	Pulse	255	8220000	7698	NA
p013v2	584	Response	101	8236938	14470	1
p013v2	586	Pulse	255	8250000	2534	NA
p013v2	588	Pulse	255	8280000	2203	NA
p013v2	588	Response	101	8282778	4981	1
p013v2	590	Pulse	255	8310000	16705	NA
p013v2	592	Response	100	8329418	5792	1
p013v2	594	Pulse	255	8340000	42	NA
p013v2	595	Pulse	255	8370000	9877	NA
p013v2	596	Response	100	8376619	6331	1
p013v2	598	Pulse	255	8400000	12879	NA
p013v2	600	Response	101	8421500	4048	1
p013v2	601	Pulse	255	8430000	8382	NA
p013v2	603	Pulse	255	8460000	7885	NA
p013v2	604	Response	101	8468220	5939	1
p013v2	606	Pulse	255	8490000	11387	NA
p013v2	608	Response	101	8513899	4955	1
p013v2	609	Pulse	255	8520000	5890	NA
p013v2	611	Pulse	255	8550000	5393	NA
p013v2	612	Response	100	8562699	7926	1
p013v2	614	Pulse	255	8580000	6895	NA
p013v2	616	Response	101	8608618	5183	1
p013v2	617	Pulse	255	8610000	1232	NA
p013v2	619	Pulse	255	8640000	734	NA
p013v2	620	Response	100	8655819	6387	1
p013v2	622	Pulse	255	8670000	3736	NA
p013v2	624	Pulse	255	8700000	3406	NA
p013v2	624	Response	101	8702939	6344	1
p013v2	626	Pulse	255	8730000	16574	NA
p013v2	628	Response	101	8748698	4941	1
p013v2	630	Pulse	255	8760000	911	NA
p013v2	632	Pulse	255	8790000	580	NA
p013v2	632	Response	100	8796219	6799	1
p013v2	634	Pulse	255	8820000	13248	NA
p013v2	636	Response	100	8841739	4666	1
p013v2	637	Pulse	255	8850000	8085	NA
p013v2	639	Pulse	255	8880000	7587	NA
p013v2	640	Response	101	8885658	3080	1
p013v2	642	Pulse	255	8910000	13923	NA
p013v2	644	Response	100	8934139	7730	1
p013v2	645	Pulse	255	8940000	5759	NA
p013v2	647	Pulse	255	8970000	5262	NA
p013v2	648	Response	101	8978859	3955	1
p013v2	650	Pulse	255	9000000	10597	NA
p013v2	652	Response	100	9026939	7206	1
p013v2	653	Pulse	255	9030000	2934	NA
p013v2	655	Pulse	255	9060000	2436	NA
p013v2	656	Response	100	9074459	6730	1
p013v2	658	Pulse	255	9090000	5105	NA
p013v2	660	Pulse	255	9120000	4775	NA
p013v2	660	Response	100	9121500	6274	1
p013v2	662	Pulse	255	9150000	18109	NA
p013v2	664	Response	101	9170219	7998	1
p013v2	665	Pulse	255	9180000	9613	NA
p013v2	667	Pulse	255	9210000	9115	NA
p013v2	668	Response	100	9214299	3248	1
p013v2	670	Pulse	255	9240000	15284	NA
p013v2	672	Response	100	9259980	4933	1
p013v2	673	Pulse	255	9270000	9954	NA
p013v2	675	Pulse	255	9300000	9456	NA
p013v2	676	Response	101	9309899	9189	1
p013v2	678	Pulse	255	9330000	9625	NA
p013v2	680	Pulse	255	9360000	9295	NA
p013v2	680	Response	100	9364379	13674	1
p013v2	682	Pulse	255	9390000	15130	NA
p013v2	684	Response	101	9411579	6379	1
p013v2	685	Response	101	9414217	2517	1
p013v2	685	Pulse	255	9420000	8300	NA
p013v2	687	Pulse	255	9450000	7802	NA
p013v2	688	Response	100	9457819	5455	1
p013v2	690	Pulse	255	9480000	11638	NA
p013v2	692	Pulse	255	9510000	11307	NA
p013v2	692	Response	101	9516539	17847	1
p013v2	694	Response	101	9537900	10876	1
p013v2	694	Pulse	255	9540000	12976	NA
p013v2	696	Response	101	9563261	5906	1
p013v2	697	Pulse	255	9570000	6646	NA
p013v2	699	Response	101	9595739	1888	1
p013v2	699	Pulse	255	9600000	6149	NA
p013v2	700	Response	101	9610459	6442	1
p013v2	702	Pulse	255	9630000	9151	NA
p013v2	704	Response	100	9659739	8559	1
p013v2	705	Pulse	255	9660000	154	NA
p013v2	706	Pulse	255	9690000	19822	NA
p013v2	708	Response	100	9713659	13150	1
p013v2	709	Pulse	255	9720000	6159	NA
p013v2	711	Pulse	255	9750000	5661	NA
p013v2	712	Response	101	9760859	6355	1
p013v2	714	Pulse	255	9780000	8664	NA
p013v2	716	Response	100	9808859	7192	1
p013v2	717	Pulse	255	9810000	1000	NA
p013v2	719	Pulse	255	9840000	503	NA
p013v2	720	Response	101	9853900	4237	1
p013v2	722	Pulse	255	9870000	5672	NA
p013v2	724	Picture	instruct_trial	9894659	0	1	40163	1	0	next	other	0
p013v2	724	Pulse	255	9900000	5341	NA
p013v2	724	Pulse	255	9930000	35341	NA
