Scenario - learning_JJ_english
Logfile written - 10/26/2021 12:24:00

Subject	Trial	Event Type	Code	Time	TTime	Uncertainty	Duration	Uncertainty	ReqTime	ReqDur	Stim Type	Pair Index

p014v2	0	Pulse	255	0	0	NA
p014v2	1	Picture	instruct_trial	10333	0	1	568283	1	0	next	other	0
p014v2	1	Pulse	255	30000	19667	NA
p014v2	1	Pulse	255	60000	49667	NA
p014v2	1	Pulse	255	90000	79667	NA
p014v2	1	Pulse	255	120000	109667	NA
p014v2	1	Pulse	255	150000	139667	NA
p014v2	1	Pulse	255	180000	169667	NA
p014v2	1	Pulse	255	210000	199667	NA
p014v2	1	Pulse	255	240000	229667	NA
p014v2	1	Pulse	255	270000	259667	NA
p014v2	1	Pulse	255	300000	289667	NA
p014v2	1	Pulse	255	330000	319667	NA
p014v2	1	Pulse	255	360000	349667	NA
p014v2	1	Pulse	255	390000	379667	NA
p014v2	1	Pulse	255	420000	409667	NA
p014v2	1	Pulse	255	450000	439667	NA
p014v2	1	Pulse	255	480000	469667	NA
p014v2	1	Pulse	255	510000	499667	NA
p014v2	1	Pulse	255	540000	529667	NA
p014v2	1	Pulse	255	570000	559667	NA
p014v2	1	Response	101	578456	568123	1
p014v2	1	Pulse	255	600000	589667	NA
p014v2	2	Pulse	255	630000	29886	NA
p014v2	2	Response	100	637736	37621	1
p014v2	4	Pulse	255	660000	11556	NA
p014v2	6	Pulse	255	690000	11226	NA
p014v2	6	Response	101	694696	15922	1
p014v2	8	Pulse	255	720000	14895	NA
p014v2	10	Response	100	743736	8300	1
p014v2	11	Pulse	255	750000	6065	NA
p014v2	13	Pulse	255	780000	5568	NA
p014v2	14	Response	101	793415	8817	1
p014v2	16	Pulse	255	810000	6070	NA
p014v2	18	Pulse	255	840000	5739	NA
p014v2	18	Response	100	848695	14434	1
p014v2	20	Pulse	255	870000	10908	NA
p014v2	22	Pulse	255	900000	10411	NA
p014v2	22	Response	100	903175	13586	1
p014v2	24	Pulse	255	930000	16413	NA
p014v2	26	Pulse	255	960000	16082	NA
p014v2	26	Response	100	960295	16377	1
p014v2	28	Pulse	255	990000	19251	NA
p014v2	30	Pulse	255	1020000	18921	NA
p014v2	30	Response	100	1021415	20335	1
p014v2	32	Pulse	255	1050000	18090	NA
p014v2	34	Response	100	1068856	6615	1
p014v2	36	Pulse	255	1080000	761	NA
p014v2	38	Pulse	255	1110000	430	NA
p014v2	38	Response	101	1113815	4246	1
p014v2	40	Pulse	255	1140000	15765	NA
p014v2	42	Response	101	1163094	8529	1
p014v2	43	Pulse	255	1170000	6768	NA
p014v2	45	Pulse	255	1200000	6271	NA
p014v2	46	Response	100	1211335	7441	1
p014v2	48	Pulse	255	1230000	8273	NA
p014v2	50	Pulse	255	1260000	7943	NA
p014v2	50	Response	101	1264375	12318	1
p014v2	52	Pulse	255	1290000	15111	NA
p014v2	54	Response	101	1311094	5875	1
p014v2	55	Pulse	255	1320000	8781	NA
p014v2	57	Pulse	255	1350000	8284	NA
p014v2	58	Response	100	1373895	22013	1
p014v2	59	Pulse	255	1380000	5954	NA
p014v2	61	Pulse	255	1410000	5456	NA
p014v2	62	Response	100	1433334	18625	1
p014v2	63	Pulse	255	1440000	6459	NA
p014v2	65	Pulse	255	1470000	5961	NA
p014v2	66	Response	100	1483654	9450	1
p014v2	68	Pulse	255	1500000	5964	NA
p014v2	70	Pulse	255	1530000	5633	NA
p014v2	70	Response	101	1531255	6888	1
p014v2	72	Pulse	255	1560000	18302	NA
p014v2	74	Response	101	1576534	4505	1
p014v2	76	Pulse	255	1590000	2972	NA
p014v2	78	Pulse	255	1620000	2642	NA
p014v2	78	Response	101	1623893	6535	1
p014v2	80	Pulse	255	1650000	15643	NA
p014v2	82	Response	101	1669414	4726	1
p014v2	84	Pulse	255	1680000	147	NA
p014v2	85	Pulse	255	1710000	9982	NA
p014v2	86	Response	100	1717333	7150	1
p014v2	88	Pulse	255	1740000	12151	NA
p014v2	90	Response	100	1763255	5076	1
p014v2	91	Pulse	255	1770000	6654	NA
p014v2	93	Pulse	255	1800000	6157	NA
p014v2	94	Response	100	1811014	7005	1
p014v2	96	Pulse	255	1830000	8493	NA
p014v2	98	Response	100	1858613	6775	1
p014v2	99	Pulse	255	1860000	1329	NA
p014v2	101	Pulse	255	1890000	832	NA
p014v2	102	Response	101	1904773	5440	1
p014v2	104	Pulse	255	1920000	4834	NA
p014v2	106	Pulse	255	1950000	4504	NA
p014v2	106	Response	101	1953493	7997	1
p014v2	108	Pulse	255	1980000	16005	NA
p014v2	110	Response	100	1999654	5329	1
p014v2	111	Pulse	255	2010000	10175	NA
p014v2	113	Pulse	255	2040000	9678	NA
p014v2	114	Response	100	2045012	4524	1
p014v2	116	Pulse	255	2070000	14513	NA
p014v2	118	Response	101	2095580	9763	1
p014v2	119	Pulse	255	2100000	4350	NA
p014v2	121	Pulse	255	2130000	3853	NA
p014v2	122	Response	101	2144373	8061	1
p014v2	124	Pulse	255	2160000	5189	NA
p014v2	126	Pulse	255	2190000	4858	NA
p014v2	126	Response	101	2191812	6670	1
p014v2	128	Pulse	255	2220000	17693	NA
p014v2	130	Response	101	2240373	7736	1
p014v2	131	Pulse	255	2250000	9530	NA
p014v2	133	Pulse	255	2280000	9032	NA
p014v2	134	Response	100	2287174	6040	1
p014v2	136	Pulse	255	2310000	12368	NA
p014v2	138	Pulse	255	2340000	12037	NA
p014v2	138	Response	100	2345972	18010	1
p014v2	140	Pulse	255	2370000	13540	NA
p014v2	142	Response	101	2398053	11262	1
p014v2	143	Pulse	255	2400000	1877	NA
p014v2	145	Pulse	255	2430000	1379	NA
p014v2	146	Response	101	2445172	6386	1
p014v2	148	Pulse	255	2460000	4382	NA
p014v2	150	Pulse	255	2490000	4051	NA
p014v2	150	Response	100	2492452	6503	1
p014v2	152	Pulse	255	2520000	17053	NA
p014v2	154	Response	100	2537492	4214	1
p014v2	156	Pulse	255	2550000	2057	NA
p014v2	158	Pulse	255	2580000	1726	NA
p014v2	158	Response	100	2582292	4018	1
p014v2	160	Pulse	255	2610000	17227	NA
p014v2	162	Response	101	2631491	8388	1
p014v2	163	Pulse	255	2640000	8397	NA
p014v2	165	Pulse	255	2670000	7900	NA
p014v2	166	Response	101	2682211	9946	1
p014v2	168	Pulse	255	2700000	7403	NA
p014v2	170	Pulse	255	2730000	7072	NA
p014v2	170	Response	100	2730293	7365	1
p014v2	172	Pulse	255	2760000	19240	NA
p014v2	174	Response	100	2777492	6401	1
p014v2	176	Pulse	255	2790000	2078	NA
p014v2	178	Pulse	255	2820000	1747	NA
p014v2	178	Response	100	2822773	4520	1
p014v2	180	Pulse	255	2850000	16748	NA
p014v2	182	Response	100	2869171	5589	1
p014v2	184	Pulse	255	2880000	419	NA
p014v2	186	Pulse	255	2910000	88	NA
p014v2	186	Response	101	2914771	4859	1
p014v2	188	Pulse	255	2940000	14756	NA
p014v2	190	Response	100	2966691	11117	1
p014v2	191	Pulse	255	2970000	3093	NA
p014v2	193	Pulse	255	3000000	2596	NA
p014v2	194	Response	101	3013411	5841	1
p014v2	196	Pulse	255	3030000	6098	NA
p014v2	198	Pulse	255	3060000	5768	NA
p014v2	198	Response	100	3062692	8460	1
p014v2	200	Pulse	255	3090000	16769	NA
p014v2	202	Response	101	3108850	5289	1
p014v2	204	Pulse	255	3120000	607	NA
p014v2	206	Pulse	255	3150000	276	NA
p014v2	206	Response	100	3158130	8406	1
p014v2	208	Pulse	255	3180000	11444	NA
p014v2	210	Response	101	3205974	7088	1
p014v2	211	Pulse	255	3210000	3948	NA
p014v2	213	Pulse	255	3240000	3450	NA
p014v2	214	Response	101	3253171	6456	1
p014v2	216	Pulse	255	3270000	6286	NA
p014v2	218	Response	101	3299410	5365	1
p014v2	219	Pulse	255	3300000	456	NA
p014v2	220	Pulse	255	3330000	20123	NA
p014v2	222	Response	100	3347329	7122	1
p014v2	224	Pulse	255	3360000	2128	NA
p014v2	226	Pulse	255	3390000	1797	NA
p014v2	226	Response	101	3398448	10245	1
p014v2	228	Pulse	255	3420000	11132	NA
p014v2	230	Response	101	3446130	6932	1
p014v2	231	Pulse	255	3450000	3802	NA
p014v2	233	Pulse	255	3480000	3305	NA
p014v2	234	Response	100	3497570	10709	1
p014v2	236	Pulse	255	3510000	1974	NA
p014v2	238	Pulse	255	3540000	1644	NA
p014v2	238	Response	100	3543970	5613	1
p014v2	240	Pulse	255	3570000	15645	NA
p014v2	242	Picture	instruct_trial	3584686	0	1	31497	1	0	next	other	0
p014v2	242	Pulse	255	3600000	15314	NA
p014v2	242	Response	101	3616052	31366	1
p014v2	243	Pulse	255	3630000	13650	NA
p014v2	243	Response	100	3641089	24739	1
p014v2	245	Pulse	255	3660000	8487	NA
p014v2	247	Pulse	255	3690000	8156	NA
p014v2	247	Response	101	3699089	17245	1
p014v2	249	Pulse	255	3720000	10492	NA
p014v2	251	Pulse	255	3750000	10161	NA
p014v2	251	Response	100	3750290	10452	1
p014v2	253	Pulse	255	3780000	19330	NA
p014v2	255	Response	101	3798289	7288	1
p014v2	257	Pulse	255	3810000	1167	NA
p014v2	259	Pulse	255	3840000	837	NA
p014v2	259	Response	100	3857010	17847	1
p014v2	261	Pulse	255	3870000	2506	NA
p014v2	263	Pulse	255	3900000	2175	NA
p014v2	263	Response	100	3908209	10384	1
p014v2	265	Pulse	255	3930000	11344	NA
p014v2	267	Response	101	3955009	6021	1
p014v2	268	Pulse	255	3960000	4847	NA
p014v2	270	Pulse	255	3990000	4349	NA
p014v2	271	Response	100	4001409	5593	1
p014v2	273	Pulse	255	4020000	8185	NA
p014v2	275	Pulse	255	4050000	7854	NA
p014v2	275	Response	101	4052928	10783	1
p014v2	277	Pulse	255	4080000	16690	NA
p014v2	279	Response	101	4102849	9207	1
p014v2	280	Pulse	255	4110000	7026	NA
p014v2	282	Pulse	255	4140000	6529	NA
p014v2	283	Response	100	4150049	6413	1
p014v2	285	Pulse	255	4170000	9531	NA
p014v2	287	Response	100	4198050	7251	1
p014v2	288	Pulse	255	4200000	1868	NA
p014v2	290	Pulse	255	4230000	1371	NA
p014v2	291	Response	101	4251889	13094	1
p014v2	292	Pulse	255	4260000	8040	NA
p014v2	294	Pulse	255	4290000	7542	NA
p014v2	295	Response	100	4305008	12385	1
p014v2	297	Pulse	255	4320000	4545	NA
p014v2	299	Pulse	255	4350000	4214	NA
p014v2	299	Response	101	4354450	8664	1
p014v2	301	Pulse	255	4380000	15049	NA
p014v2	303	Response	101	4405247	9966	1
p014v2	304	Pulse	255	4410000	4553	NA
p014v2	306	Pulse	255	4440000	4056	NA
p014v2	307	Response	100	4454528	8418	1
p014v2	309	Pulse	255	4470000	5058	NA
p014v2	311	Pulse	255	4500000	4728	NA
p014v2	311	Response	101	4502768	7495	1
p014v2	313	Pulse	255	4530000	16729	NA
p014v2	315	Response	100	4549648	6046	1
p014v2	316	Pulse	255	4560000	10232	NA
p014v2	318	Pulse	255	4590000	9735	NA
p014v2	319	Response	101	4597729	7298	1
p014v2	321	Pulse	255	4620000	11737	NA
p014v2	323	Response	100	4644768	6175	1
p014v2	324	Pulse	255	4650000	5074	NA
p014v2	326	Pulse	255	4680000	4577	NA
p014v2	327	Response	100	4701328	15739	1
p014v2	328	Pulse	255	4710000	8579	NA
p014v2	330	Pulse	255	4740000	8082	NA
p014v2	331	Response	101	4752527	10442	1
p014v2	333	Pulse	255	4770000	7084	NA
p014v2	335	Pulse	255	4800000	6754	NA
p014v2	335	Response	101	4801728	8481	1
p014v2	337	Pulse	255	4830000	17755	NA
p014v2	339	Response	100	4848687	6111	1
p014v2	341	Pulse	255	4860000	926	NA
p014v2	343	Pulse	255	4890000	595	NA
p014v2	343	Response	101	4898366	8962	1
p014v2	345	Pulse	255	4920000	11097	NA
p014v2	347	Response	100	4947488	8254	1
p014v2	348	Pulse	255	4950000	2434	NA
p014v2	350	Pulse	255	4980000	1937	NA
p014v2	351	Response	100	4994607	6377	1
p014v2	353	Pulse	255	5010000	4939	NA
p014v2	355	Pulse	255	5040000	4608	NA
p014v2	355	Response	101	5044766	9375	1
p014v2	357	Pulse	255	5070000	14777	NA
p014v2	359	Response	101	5093007	7453	1
p014v2	360	Pulse	255	5100000	6780	NA
p014v2	362	Pulse	255	5130000	6283	NA
p014v2	363	Response	100	5148126	14243	1
p014v2	365	Pulse	255	5160000	1452	NA
p014v2	367	Pulse	255	5190000	1122	NA
p014v2	367	Response	101	5203568	14690	1
p014v2	369	Pulse	255	5220000	5957	NA
p014v2	371	Response	101	5249086	4712	1
p014v2	372	Pulse	255	5250000	794	NA
p014v2	374	Pulse	255	5280000	296	NA
p014v2	375	Response	100	5300446	10584	1
p014v2	376	Pulse	255	5310000	9465	NA
p014v2	378	Pulse	255	5340000	8968	NA
p014v2	379	Response	100	5352686	11488	1
p014v2	381	Pulse	255	5370000	6804	NA
p014v2	383	Pulse	255	5400000	6473	NA
p014v2	383	Response	101	5402046	8519	1
p014v2	385	Pulse	255	5430000	17475	NA
p014v2	387	Response	101	5448526	5670	1
p014v2	389	Pulse	255	5460000	979	NA
p014v2	391	Pulse	255	5490000	648	NA
p014v2	391	Response	100	5496606	7254	1
p014v2	393	Pulse	255	5520000	12983	NA
p014v2	395	Pulse	255	5550000	12652	NA
p014v2	395	Response	100	5550525	13178	1
p014v2	397	Pulse	255	5580000	18988	NA
p014v2	399	Pulse	255	5610000	18657	NA
p014v2	399	Response	100	5615085	23743	1
p014v2	401	Pulse	255	5640000	14493	NA
p014v2	403	Response	101	5664365	8528	1
p014v2	404	Pulse	255	5670000	5497	NA
p014v2	406	Pulse	255	5700000	5000	NA
p014v2	407	Response	101	5718926	13760	1
p014v2	409	Pulse	255	5730000	669	NA
p014v2	411	Pulse	255	5760000	339	NA
p014v2	411	Response	100	5776365	16703	1
p014v2	413	Pulse	255	5790000	3174	NA
p014v2	415	Pulse	255	5820000	2844	NA
p014v2	415	Response	100	5823723	6566	1
p014v2	417	Pulse	255	5850000	15845	NA
p014v2	419	Response	100	5870605	6120	1
p014v2	420	Pulse	255	5880000	9348	NA
p014v2	422	Pulse	255	5910000	8851	NA
p014v2	423	Response	100	5917885	6571	1
p014v2	425	Pulse	255	5940000	11687	NA
p014v2	427	Response	101	5966846	8202	1
p014v2	428	Pulse	255	5970000	3023	NA
p014v2	430	Pulse	255	6000000	2526	NA
p014v2	431	Response	100	6016846	9206	1
p014v2	433	Pulse	255	6030000	2695	NA
p014v2	435	Pulse	255	6060000	2365	NA
p014v2	435	Response	101	6073645	16010	1
p014v2	437	Pulse	255	6090000	5867	NA
p014v2	439	Pulse	255	6120000	5536	NA
p014v2	439	Response	100	6122524	8061	1
p014v2	441	Pulse	255	6150000	17038	NA
p014v2	443	Response	101	6173324	10031	1
p014v2	444	Pulse	255	6180000	6542	NA
p014v2	446	Pulse	255	6210000	6044	NA
p014v2	447	Response	101	6221725	7603	1
p014v2	449	Pulse	255	6240000	7880	NA
p014v2	451	Pulse	255	6270000	7549	NA
p014v2	451	Response	101	6270284	7833	1
p014v2	453	Pulse	255	6300000	19218	NA
p014v2	455	Response	101	6319884	8771	1
p014v2	456	Pulse	255	6330000	10054	NA
p014v2	458	Pulse	255	6360000	9557	NA
p014v2	459	Response	101	6367644	7036	1
p014v2	461	Pulse	255	6390000	11893	NA
p014v2	463	Pulse	255	6420000	11562	NA
p014v2	463	Response	100	6422284	13846	1
p014v2	465	Pulse	255	6450000	17231	NA
p014v2	467	Response	101	6473325	10225	1
p014v2	468	Pulse	255	6480000	6568	NA
p014v2	470	Pulse	255	6510000	6071	NA
p014v2	471	Response	101	6523729	9634	1
p014v2	473	Pulse	255	6540000	5740	NA
p014v2	475	Pulse	255	6570000	5409	NA
p014v2	475	Response	100	6572683	8092	1
p014v2	477	Pulse	255	6600000	16911	NA
p014v2	479	Response	100	6621325	7905	1
p014v2	480	Pulse	255	6630000	8581	NA
p014v2	482	Pulse	255	6660000	8084	NA
p014v2	483	Picture	instruct_trial	6662082	0	1	73827	1	0	next	other	0
p014v2	483	Pulse	255	6690000	27918	NA
p014v2	483	Pulse	255	6720000	57918	NA
p014v2	483	Response	101	6735803	73721	1
p014v2	484	Pulse	255	6750000	13924	NA
p014v2	484	Response	100	6766363	30287	1
p014v2	486	Pulse	255	6780000	3095	NA
p014v2	488	Pulse	255	6810000	2764	NA
p014v2	488	Response	101	6828525	21289	1
p014v2	489	Response	101	6829643	909	1
p014v2	490	Pulse	255	6840000	933	NA
p014v2	492	Pulse	255	6870000	603	NA
p014v2	492	Response	100	6879485	10087	1
p014v2	494	Pulse	255	6900000	10104	NA
p014v2	496	Response	101	6926603	6377	1
p014v2	497	Pulse	255	6930000	3274	NA
p014v2	499	Pulse	255	6960000	2777	NA
p014v2	500	Response	101	6975723	8334	1
p014v2	502	Pulse	255	6990000	3780	NA
p014v2	504	Pulse	255	7020000	3449	NA
p014v2	504	Response	100	7021402	4851	1
p014v2	506	Pulse	255	7050000	18117	NA
p014v2	508	Response	101	7072447	10233	1
p014v2	509	Pulse	255	7080000	7454	NA
p014v2	511	Pulse	255	7110000	6957	NA
p014v2	512	Response	100	7122122	8913	1
p014v2	514	Pulse	255	7140000	7459	NA
p014v2	516	Pulse	255	7170000	7128	NA
p014v2	516	Response	101	7173643	10772	1
p014v2	518	Pulse	255	7200000	15964	NA
p014v2	520	Response	101	7223322	8955	1
p014v2	521	Pulse	255	7230000	6467	NA
p014v2	523	Pulse	255	7260000	5970	NA
p014v2	524	Response	101	7279322	15126	1
p014v2	526	Pulse	255	7290000	140	NA
p014v2	527	Pulse	255	7320000	9975	NA
p014v2	528	Response	101	7331883	11692	1
p014v2	530	Pulse	255	7350000	7644	NA
p014v2	532	Pulse	255	7380000	7314	NA
p014v2	532	Response	101	7388442	15755	1
p014v2	534	Pulse	255	7410000	11149	NA
p014v2	536	Response	100	7437723	8541	1
p014v2	537	Pulse	255	7440000	2153	NA
p014v2	539	Pulse	255	7470000	1655	NA
p014v2	540	Response	101	7490842	12331	1
p014v2	541	Pulse	255	7500000	8991	NA
p014v2	543	Pulse	255	7530000	8493	NA
p014v2	544	Response	100	7541321	9649	1
p014v2	546	Pulse	255	7560000	8163	NA
p014v2	548	Pulse	255	7590000	7832	NA
p014v2	548	Response	101	7599561	17393	1
p014v2	550	Pulse	255	7620000	10001	NA
p014v2	552	Pulse	255	7650000	9670	NA
p014v2	552	Pulse	255	7680000	39670	NA
p014v2	552	Response	101	7698201	57872	1
p014v2	554	Pulse	255	7710000	1343	NA
p014v2	556	Pulse	255	7740000	1012	NA
p014v2	556	Response	100	7756202	17214	1
p014v2	558	Pulse	255	7770000	3348	NA
p014v2	560	Pulse	255	7800000	3017	NA
p014v2	560	Response	101	7827001	30018	1
p014v2	561	Pulse	255	7830000	2853	NA
p014v2	563	Pulse	255	7860000	2356	NA
p014v2	564	Response	100	7876600	8790	1
p014v2	566	Pulse	255	7890000	2859	NA
p014v2	568	Pulse	255	7920000	2528	NA
p014v2	568	Response	100	7927481	10009	1
p014v2	570	Pulse	255	7950000	12030	NA
p014v2	572	Response	101	7978842	10541	1
p014v2	573	Pulse	255	7980000	1033	NA
p014v2	575	Pulse	255	8010000	536	NA
p014v2	576	Response	101	8030600	10970	1
p014v2	577	Pulse	255	8040000	9205	NA
p014v2	579	Pulse	255	8070000	8707	NA
p014v2	580	Response	100	8077400	5941	1
p014v2	582	Pulse	255	8100000	12210	NA
p014v2	584	Response	101	8125720	7599	1
p014v2	585	Pulse	255	8130000	4213	NA
p014v2	587	Pulse	255	8160000	3716	NA
p014v2	588	Response	100	8181481	15031	1
p014v2	589	Pulse	255	8190000	8385	NA
p014v2	591	Pulse	255	8220000	7887	NA
p014v2	592	Response	100	8239960	17681	1
p014v2	593	Pulse	255	8250000	9890	NA
p014v2	595	Pulse	255	8280000	9392	NA
p014v2	596	Response	101	8293000	12227	1
p014v2	598	Pulse	255	8310000	6562	NA
p014v2	600	Pulse	255	8340000	6231	NA
p014v2	600	Response	101	8350921	17152	1
p014v2	602	Pulse	255	8370000	8567	NA
p014v2	604	Pulse	255	8400000	8236	NA
p014v2	604	Response	100	8402520	10756	1
p014v2	606	Pulse	255	8430000	17072	NA
p014v2	608	Response	100	8449560	6301	1
p014v2	609	Pulse	255	8460000	10241	NA
p014v2	611	Pulse	255	8490000	9744	NA
p014v2	612	Response	101	8501399	10977	1
p014v2	614	Pulse	255	8520000	8080	NA
p014v2	616	Response	100	8546040	3789	1
p014v2	617	Pulse	255	8550000	3750	NA
p014v2	619	Pulse	255	8580000	3253	NA
p014v2	620	Response	100	8590359	3446	1
p014v2	622	Pulse	255	8610000	9255	NA
p014v2	624	Response	101	8639480	8404	1
p014v2	625	Pulse	255	8640000	425	NA
p014v2	626	Pulse	255	8670000	20092	NA
p014v2	628	Response	100	8684519	4281	1
p014v2	630	Pulse	255	8700000	5096	NA
p014v2	632	Pulse	255	8730000	4766	NA
p014v2	632	Response	100	8743246	18012	1
p014v2	634	Pulse	255	8760000	6268	NA
p014v2	636	Pulse	255	8790000	5937	NA
p014v2	636	Response	101	8794920	10857	1
p014v2	638	Pulse	255	8820000	14606	NA
p014v2	640	Pulse	255	8850000	14275	NA
p014v2	640	Response	100	8859879	24154	1
p014v2	642	Pulse	255	8880000	9612	NA
p014v2	644	Pulse	255	8910000	9281	NA
p014v2	644	Response	101	8913239	12520	1
p014v2	646	Pulse	255	8940000	16283	NA
p014v2	648	Response	100	8959399	5351	1
p014v2	650	Pulse	255	8970000	120	NA
p014v2	651	Pulse	255	9000000	9955	NA
p014v2	652	Response	100	9006759	6549	1
p014v2	654	Pulse	255	9030000	12791	NA
p014v2	656	Response	101	9057878	10339	1
p014v2	657	Pulse	255	9060000	1961	NA
p014v2	659	Pulse	255	9090000	1464	NA
p014v2	660	Response	101	9110598	11897	1
p014v2	661	Pulse	255	9120000	9299	NA
p014v2	663	Pulse	255	9150000	8802	NA
p014v2	664	Response	100	9163399	12035	1
p014v2	666	Pulse	255	9180000	6138	NA
p014v2	668	Pulse	255	9210000	5808	NA
p014v2	668	Response	100	9217158	12966	1
p014v2	670	Pulse	255	9240000	12310	NA
p014v2	672	Response	101	9267318	9297	1
p014v2	673	Pulse	255	9270000	2480	NA
p014v2	675	Pulse	255	9300000	1983	NA
p014v2	676	Response	101	9329398	21214	1
p014v2	677	Pulse	255	9330000	485	NA
p014v2	678	Pulse	255	9360000	20153	NA
p014v2	680	Response	100	9389477	19299	1
p014v2	681	Pulse	255	9390000	324	NA
p014v2	682	Pulse	255	9420000	19992	NA
p014v2	684	Pulse	255	9450000	19661	NA
p014v2	684	Response	100	9451317	20978	1
p014v2	686	Pulse	255	9480000	18164	NA
p014v2	688	Response	101	9501319	9151	1
p014v2	689	Pulse	255	9510000	8500	NA
p014v2	691	Pulse	255	9540000	8003	NA
p014v2	692	Response	101	9552357	10195	1
p014v2	694	Pulse	255	9570000	7172	NA
p014v2	696	Pulse	255	9600000	6842	NA
p014v2	696	Response	101	9603077	9919	1
p014v2	698	Pulse	255	9630000	16510	NA
p014v2	700	Response	100	9655717	11896	1
p014v2	701	Pulse	255	9660000	4181	NA
p014v2	703	Pulse	255	9690000	3683	NA
p014v2	704	Response	100	9713317	16835	1
p014v2	705	Pulse	255	9720000	6519	NA
p014v2	707	Pulse	255	9750000	6022	NA
p014v2	708	Response	101	9764838	10693	1
p014v2	710	Pulse	255	9780000	4691	NA
p014v2	712	Pulse	255	9810000	4360	NA
p014v2	712	Response	101	9825877	20237	1
p014v2	714	Pulse	255	9840000	3696	NA
p014v2	716	Pulse	255	9870000	3366	NA
p014v2	716	Response	101	9878597	11963	1
p014v2	718	Pulse	255	9900000	10868	NA
p014v2	720	Response	100	9925878	6415	1
p014v2	721	Pulse	255	9930000	4038	NA
p014v2	723	Pulse	255	9960000	3540	NA
p014v2	724	Picture	instruct_trial	9966625	0	1	40163	1	0	next	other	0
p014v2	724	Pulse	255	9990000	23375	NA
