Scenario - learning_JJ_english
Logfile written - 10/29/2021 10:01:14

Subject	Trial	Event Type	Code	Time	TTime	Uncertainty	Duration	Uncertainty	ReqTime	ReqDur	Stim Type	Pair Index

p015v2	0	Pulse	255	0	0	NA
p015v2	1	Picture	instruct_trial	10333	0	1	6382943	1	0	next	other	0
p015v2	1	Pulse	255	30000	19667	NA
p015v2	1	Pulse	255	60000	49667	NA
p015v2	1	Pulse	255	90000	79667	NA
p015v2	1	Pulse	255	120000	109667	NA
p015v2	1	Pulse	255	150000	139667	NA
p015v2	1	Pulse	255	180000	169667	NA
p015v2	1	Pulse	255	210000	199667	NA
p015v2	1	Pulse	255	240000	229667	NA
p015v2	1	Pulse	255	270000	259667	NA
p015v2	1	Pulse	255	300000	289667	NA
p015v2	1	Pulse	255	330000	319667	NA
p015v2	1	Pulse	255	360000	349667	NA
p015v2	1	Pulse	255	390000	379667	NA
p015v2	1	Pulse	255	420000	409667	NA
p015v2	1	Pulse	255	450000	439667	NA
p015v2	1	Pulse	255	480000	469667	NA
p015v2	1	Pulse	255	510000	499667	NA
p015v2	1	Pulse	255	540000	529667	NA
p015v2	1	Pulse	255	570000	559667	NA
p015v2	1	Pulse	255	600000	589667	NA
p015v2	1	Pulse	255	630000	619667	NA
p015v2	1	Pulse	255	660000	649667	NA
p015v2	1	Pulse	255	690000	679667	NA
p015v2	1	Pulse	255	720000	709667	NA
p015v2	1	Pulse	255	750000	739667	NA
p015v2	1	Pulse	255	780000	769667	NA
p015v2	1	Pulse	255	810000	799667	NA
p015v2	1	Pulse	255	840000	829667	NA
p015v2	1	Pulse	255	870000	859667	NA
p015v2	1	Pulse	255	900000	889667	NA
p015v2	1	Pulse	255	930000	919667	NA
p015v2	1	Pulse	255	960000	949667	NA
p015v2	1	Pulse	255	990000	979667	NA
p015v2	1	Pulse	255	1020000	1009667	NA
p015v2	1	Pulse	255	1050000	1039667	NA
p015v2	1	Pulse	255	1080000	1069667	NA
p015v2	1	Pulse	255	1110000	1099667	NA
p015v2	1	Pulse	255	1140000	1129667	NA
p015v2	1	Pulse	255	1170000	1159667	NA
p015v2	1	Pulse	255	1200000	1189667	NA
p015v2	1	Pulse	255	1230000	1219667	NA
p015v2	1	Pulse	255	1260000	1249667	NA
p015v2	1	Pulse	255	1290000	1279667	NA
p015v2	1	Pulse	255	1320000	1309667	NA
p015v2	1	Pulse	255	1350000	1339667	NA
p015v2	1	Pulse	255	1380000	1369667	NA
p015v2	1	Pulse	255	1410000	1399667	NA
p015v2	1	Pulse	255	1440000	1429667	NA
p015v2	1	Pulse	255	1470000	1459667	NA
p015v2	1	Pulse	255	1500000	1489667	NA
p015v2	1	Pulse	255	1530000	1519667	NA
p015v2	1	Pulse	255	1560000	1549667	NA
p015v2	1	Pulse	255	1590000	1579667	NA
p015v2	1	Pulse	255	1620000	1609667	NA
p015v2	1	Pulse	255	1650000	1639667	NA
p015v2	1	Pulse	255	1680000	1669667	NA
p015v2	1	Pulse	255	1710000	1699667	NA
p015v2	1	Pulse	255	1740000	1729667	NA
p015v2	1	Pulse	255	1770000	1759667	NA
p015v2	1	Pulse	255	1800000	1789667	NA
p015v2	1	Pulse	255	1830000	1819667	NA
p015v2	1	Pulse	255	1860000	1849667	NA
p015v2	1	Pulse	255	1890000	1879667	NA
p015v2	1	Pulse	255	1920000	1909667	NA
p015v2	1	Pulse	255	1950000	1939667	NA
p015v2	1	Pulse	255	1980000	1969667	NA
p015v2	1	Pulse	255	2010000	1999667	NA
p015v2	1	Pulse	255	2040000	2029667	NA
p015v2	1	Pulse	255	2070000	2059667	NA
p015v2	1	Pulse	255	2100000	2089667	NA
p015v2	1	Pulse	255	2130000	2119667	NA
p015v2	1	Pulse	255	2160000	2149667	NA
p015v2	1	Pulse	255	2190000	2179667	NA
p015v2	1	Pulse	255	2220000	2209667	NA
p015v2	1	Pulse	255	2250000	2239667	NA
p015v2	1	Pulse	255	2280000	2269667	NA
p015v2	1	Pulse	255	2310000	2299667	NA
p015v2	1	Pulse	255	2340000	2329667	NA
p015v2	1	Pulse	255	2370000	2359667	NA
p015v2	1	Pulse	255	2400000	2389667	NA
p015v2	1	Pulse	255	2430000	2419667	NA
p015v2	1	Pulse	255	2460000	2449667	NA
p015v2	1	Pulse	255	2490000	2479667	NA
p015v2	1	Pulse	255	2520000	2509667	NA
p015v2	1	Pulse	255	2550000	2539667	NA
p015v2	1	Pulse	255	2580000	2569667	NA
p015v2	1	Pulse	255	2610000	2599667	NA
p015v2	1	Pulse	255	2640000	2629667	NA
p015v2	1	Pulse	255	2670000	2659667	NA
p015v2	1	Pulse	255	2700000	2689667	NA
p015v2	1	Pulse	255	2730000	2719667	NA
p015v2	1	Pulse	255	2760000	2749667	NA
p015v2	1	Pulse	255	2790000	2779667	NA
p015v2	1	Pulse	255	2820000	2809667	NA
p015v2	1	Pulse	255	2850000	2839667	NA
p015v2	1	Pulse	255	2880000	2869667	NA
p015v2	1	Pulse	255	2910000	2899667	NA
p015v2	1	Pulse	255	2940000	2929667	NA
p015v2	1	Pulse	255	2970000	2959667	NA
p015v2	1	Pulse	255	3000000	2989667	NA
p015v2	1	Pulse	255	3030000	3019667	NA
p015v2	1	Pulse	255	3060000	3049667	NA
p015v2	1	Pulse	255	3090000	3079667	NA
p015v2	1	Pulse	255	3120000	3109667	NA
p015v2	1	Pulse	255	3150000	3139667	NA
p015v2	1	Pulse	255	3180000	3169667	NA
p015v2	1	Pulse	255	3210000	3199667	NA
p015v2	1	Pulse	255	3240000	3229667	NA
p015v2	1	Pulse	255	3270000	3259667	NA
p015v2	1	Pulse	255	3300000	3289667	NA
p015v2	1	Pulse	255	3330000	3319667	NA
p015v2	1	Pulse	255	3360000	3349667	NA
p015v2	1	Pulse	255	3390000	3379667	NA
p015v2	1	Pulse	255	3420000	3409667	NA
p015v2	1	Pulse	255	3450000	3439667	NA
p015v2	1	Pulse	255	3480000	3469667	NA
p015v2	1	Pulse	255	3510000	3499667	NA
p015v2	1	Pulse	255	3540000	3529667	NA
p015v2	1	Pulse	255	3570000	3559667	NA
p015v2	1	Pulse	255	3600000	3589667	NA
p015v2	1	Pulse	255	3630000	3619667	NA
p015v2	1	Pulse	255	3660000	3649667	NA
p015v2	1	Pulse	255	3690000	3679667	NA
p015v2	1	Pulse	255	3720000	3709667	NA
p015v2	1	Pulse	255	3750000	3739667	NA
p015v2	1	Pulse	255	3780000	3769667	NA
p015v2	1	Pulse	255	3810000	3799667	NA
p015v2	1	Pulse	255	3840000	3829667	NA
p015v2	1	Pulse	255	3870000	3859667	NA
p015v2	1	Pulse	255	3900000	3889667	NA
p015v2	1	Pulse	255	3930000	3919667	NA
p015v2	1	Pulse	255	3960000	3949667	NA
p015v2	1	Pulse	255	3990000	3979667	NA
p015v2	1	Pulse	255	4020000	4009667	NA
p015v2	1	Pulse	255	4050000	4039667	NA
p015v2	1	Pulse	255	4080000	4069667	NA
p015v2	1	Pulse	255	4110000	4099667	NA
p015v2	1	Pulse	255	4140000	4129667	NA
p015v2	1	Pulse	255	4170000	4159667	NA
p015v2	1	Pulse	255	4200000	4189667	NA
p015v2	1	Pulse	255	4230000	4219667	NA
p015v2	1	Pulse	255	4260000	4249667	NA
p015v2	1	Pulse	255	4290000	4279667	NA
p015v2	1	Pulse	255	4320000	4309667	NA
p015v2	1	Pulse	255	4350000	4339667	NA
p015v2	1	Pulse	255	4380000	4369667	NA
p015v2	1	Pulse	255	4410000	4399667	NA
p015v2	1	Pulse	255	4440000	4429667	NA
p015v2	1	Pulse	255	4470000	4459667	NA
p015v2	1	Pulse	255	4500000	4489667	NA
p015v2	1	Pulse	255	4530000	4519667	NA
p015v2	1	Pulse	255	4560000	4549667	NA
p015v2	1	Pulse	255	4590000	4579667	NA
p015v2	1	Pulse	255	4620000	4609667	NA
p015v2	1	Pulse	255	4650000	4639667	NA
p015v2	1	Pulse	255	4680000	4669667	NA
p015v2	1	Pulse	255	4710000	4699667	NA
p015v2	1	Pulse	255	4740000	4729667	NA
p015v2	1	Pulse	255	4770000	4759667	NA
p015v2	1	Pulse	255	4800000	4789667	NA
p015v2	1	Pulse	255	4830000	4819667	NA
p015v2	1	Pulse	255	4860000	4849667	NA
p015v2	1	Pulse	255	4890000	4879667	NA
p015v2	1	Pulse	255	4920000	4909667	NA
p015v2	1	Pulse	255	4950000	4939667	NA
p015v2	1	Pulse	255	4980000	4969667	NA
p015v2	1	Pulse	255	5010000	4999667	NA
p015v2	1	Pulse	255	5040000	5029667	NA
p015v2	1	Pulse	255	5070000	5059667	NA
p015v2	1	Pulse	255	5100000	5089667	NA
p015v2	1	Pulse	255	5130000	5119667	NA
p015v2	1	Pulse	255	5160000	5149667	NA
p015v2	1	Pulse	255	5190000	5179667	NA
p015v2	1	Pulse	255	5220000	5209667	NA
p015v2	1	Pulse	255	5250000	5239667	NA
p015v2	1	Pulse	255	5280000	5269667	NA
p015v2	1	Pulse	255	5310000	5299667	NA
p015v2	1	Pulse	255	5340000	5329667	NA
p015v2	1	Pulse	255	5370000	5359667	NA
p015v2	1	Pulse	255	5400000	5389667	NA
p015v2	1	Pulse	255	5430000	5419667	NA
p015v2	1	Pulse	255	5460000	5449667	NA
p015v2	1	Pulse	255	5490000	5479667	NA
p015v2	1	Pulse	255	5520000	5509667	NA
p015v2	1	Pulse	255	5550000	5539667	NA
p015v2	1	Pulse	255	5580000	5569667	NA
p015v2	1	Pulse	255	5610000	5599667	NA
p015v2	1	Pulse	255	5640000	5629667	NA
p015v2	1	Pulse	255	5670000	5659667	NA
p015v2	1	Pulse	255	5700000	5689667	NA
p015v2	1	Pulse	255	5730000	5719667	NA
p015v2	1	Pulse	255	5760000	5749667	NA
p015v2	1	Pulse	255	5790000	5779667	NA
p015v2	1	Pulse	255	5820000	5809667	NA
p015v2	1	Pulse	255	5850000	5839667	NA
p015v2	1	Pulse	255	5880000	5869667	NA
p015v2	1	Pulse	255	5910000	5899667	NA
p015v2	1	Pulse	255	5940000	5929667	NA
p015v2	1	Pulse	255	5970000	5959667	NA
p015v2	1	Pulse	255	6000000	5989667	NA
p015v2	1	Pulse	255	6030000	6019667	NA
p015v2	1	Pulse	255	6060000	6049667	NA
p015v2	1	Pulse	255	6090000	6079667	NA
p015v2	1	Pulse	255	6120000	6109667	NA
p015v2	1	Pulse	255	6150000	6139667	NA
p015v2	1	Pulse	255	6180000	6169667	NA
p015v2	1	Pulse	255	6210000	6199667	NA
p015v2	1	Pulse	255	6240000	6229667	NA
p015v2	1	Pulse	255	6270000	6259667	NA
p015v2	1	Pulse	255	6300000	6289667	NA
p015v2	1	Pulse	255	6330000	6319667	NA
p015v2	1	Pulse	255	6360000	6349667	NA
p015v2	1	Pulse	255	6390000	6379667	NA
p015v2	1	Response	100	6392843	6382510	1
p015v2	1	Pulse	255	6420000	6409667	NA
p015v2	2	Response	101	6444761	24654	1
p015v2	3	Pulse	255	6450000	5062	NA
p015v2	5	Pulse	255	6480000	4564	NA
p015v2	6	Response	100	6495403	9802	1
p015v2	8	Pulse	255	6510000	4067	NA
p015v2	10	Pulse	255	6540000	3736	NA
p015v2	10	Response	100	6546121	9858	1
p015v2	12	Pulse	255	6570000	13238	NA
p015v2	14	Response	100	6595961	8869	1
p015v2	15	Pulse	255	6600000	3908	NA
p015v2	17	Pulse	255	6630000	3411	NA
p015v2	18	Response	101	6646522	9767	1
p015v2	20	Pulse	255	6660000	3080	NA
p015v2	22	Pulse	255	6690000	2750	NA
p015v2	22	Response	101	6703641	16391	1
p015v2	24	Pulse	255	6720000	5919	NA
p015v2	26	Pulse	255	6750000	5588	NA
p015v2	26	Response	100	6756680	12268	1
p015v2	28	Pulse	255	6780000	12923	NA
p015v2	30	Response	101	6805561	8153	1
p015v2	31	Pulse	255	6810000	4260	NA
p015v2	33	Pulse	255	6840000	3763	NA
p015v2	34	Response	101	6853480	7077	1
p015v2	36	Pulse	255	6870000	6098	NA
p015v2	38	Pulse	255	6900000	5768	NA
p015v2	38	Response	101	6906920	12688	1
p015v2	40	Pulse	255	6930000	12603	NA
p015v2	42	Response	100	6954840	7113	1
p015v2	43	Pulse	255	6960000	5106	NA
p015v2	45	Pulse	255	6990000	4609	NA
p015v2	46	Response	101	7004440	8883	1
p015v2	48	Pulse	255	7020000	5112	NA
p015v2	50	Pulse	255	7050000	4781	NA
p015v2	50	Response	101	7052360	7141	1
p015v2	52	Pulse	255	7080000	17116	NA
p015v2	54	Response	100	7098840	5625	1
p015v2	56	Pulse	255	7110000	620	NA
p015v2	58	Pulse	255	7140000	289	NA
p015v2	58	Response	101	7146120	6409	1
p015v2	60	Pulse	255	7170000	13457	NA
p015v2	62	Response	101	7196280	9407	1
p015v2	63	Pulse	255	7200000	3627	NA
p015v2	65	Pulse	255	7230000	3130	NA
p015v2	66	Response	101	7247080	10044	1
p015v2	68	Pulse	255	7260000	2466	NA
p015v2	70	Pulse	255	7290000	2135	NA
p015v2	70	Response	100	7293560	5695	1
p015v2	72	Pulse	255	7320000	15970	NA
p015v2	74	Response	101	7342680	8319	1
p015v2	75	Pulse	255	7350000	7140	NA
p015v2	77	Pulse	255	7380000	6643	NA
p015v2	78	Response	101	7391000	7476	1
p015v2	80	Pulse	255	7410000	8479	NA
p015v2	82	Pulse	255	7440000	8148	NA
p015v2	82	Response	101	7441320	9468	1
p015v2	84	Pulse	255	7470000	18150	NA
p015v2	86	Response	101	7489000	6819	1
p015v2	88	Pulse	255	7500000	487	NA
p015v2	90	Pulse	255	7530000	156	NA
p015v2	90	Response	101	7537479	7636	1
p015v2	92	Pulse	255	7560000	11991	NA
p015v2	94	Response	100	7582680	4340	1
p015v2	95	Pulse	255	7590000	7161	NA
p015v2	97	Pulse	255	7620000	6664	NA
p015v2	98	Response	101	7628839	5337	1
p015v2	100	Pulse	255	7650000	10666	NA
p015v2	102	Response	100	7673239	3575	1
p015v2	103	Pulse	255	7680000	6669	NA
p015v2	105	Pulse	255	7710000	6172	NA
p015v2	106	Response	100	7721239	7245	1
p015v2	108	Pulse	255	7740000	8341	NA
p015v2	110	Response	101	7766127	4137	1
p015v2	111	Pulse	255	7770000	3677	NA
p015v2	113	Pulse	255	7800000	3180	NA
p015v2	114	Response	100	7816999	10013	1
p015v2	116	Pulse	255	7830000	2516	NA
p015v2	118	Pulse	255	7860000	2185	NA
p015v2	118	Response	100	7861239	3424	1
p015v2	120	Pulse	255	7890000	18353	NA
p015v2	122	Response	101	7904919	2941	1
p015v2	124	Pulse	255	7920000	4690	NA
p015v2	126	Pulse	255	7950000	4359	NA
p015v2	126	Response	100	7952759	7118	1
p015v2	128	Pulse	255	7980000	16861	NA
p015v2	130	Response	100	7999879	6409	1
p015v2	131	Pulse	255	8010000	10031	NA
p015v2	133	Pulse	255	8040000	9533	NA
p015v2	134	Response	100	8047639	7006	1
p015v2	136	Pulse	255	8070000	11869	NA
p015v2	138	Response	101	8093479	5017	1
p015v2	139	Pulse	255	8100000	6372	NA
p015v2	141	Pulse	255	8130000	5875	NA
p015v2	142	Response	100	8140599	6308	1
p015v2	144	Pulse	255	8160000	8877	NA
p015v2	146	Response	100	8189959	8505	1
p015v2	146	Pulse	255	8190000	8547	NA
p015v2	148	Pulse	255	8220000	19548	NA
p015v2	150	Response	101	8237159	6377	1
p015v2	152	Pulse	255	8250000	2386	NA
p015v2	154	Pulse	255	8280000	2055	NA
p015v2	154	Response	101	8284360	6415	1
p015v2	156	Pulse	255	8310000	15223	NA
p015v2	158	Response	101	8329958	4851	1
p015v2	159	Pulse	255	8340000	9893	NA
p015v2	161	Pulse	255	8370000	9396	NA
p015v2	162	Response	100	8377798	7028	1
p015v2	164	Pulse	255	8400000	11731	NA
p015v2	166	Response	100	8424278	5679	1
p015v2	167	Pulse	255	8430000	5568	NA
p015v2	169	Pulse	255	8460000	5070	NA
p015v2	170	Response	101	8469238	4143	1
p015v2	172	Pulse	255	8490000	10239	NA
p015v2	174	Response	101	8516358	6267	1
p015v2	175	Pulse	255	8520000	3576	NA
p015v2	177	Pulse	255	8550000	3079	NA
p015v2	178	Response	101	8564918	7831	1
p015v2	180	Pulse	255	8580000	4581	NA
p015v2	182	Pulse	255	8610000	4250	NA
p015v2	182	Response	101	8611558	5808	1
p015v2	184	Pulse	255	8640000	17918	NA
p015v2	186	Response	100	8660278	7866	1
p015v2	187	Pulse	255	8670000	9588	NA
p015v2	189	Pulse	255	8700000	9091	NA
p015v2	190	Response	101	8706438	5363	1
p015v2	192	Pulse	255	8730000	13093	NA
p015v2	194	Response	100	8751318	4080	1
p015v2	195	Pulse	255	8760000	8596	NA
p015v2	197	Pulse	255	8790000	8099	NA
p015v2	198	Response	101	8798038	5971	1
p015v2	200	Pulse	255	8820000	11435	NA
p015v2	202	Response	100	8846758	7862	1
p015v2	203	Pulse	255	8850000	3105	NA
p015v2	205	Pulse	255	8880000	2607	NA
p015v2	206	Response	101	8893878	6320	1
p015v2	208	Pulse	255	8910000	5610	NA
p015v2	210	Response	100	8937878	3157	1
p015v2	211	Pulse	255	8940000	1946	NA
p015v2	213	Pulse	255	8970000	1449	NA
p015v2	214	Response	100	8983798	5080	1
p015v2	216	Pulse	255	9000000	5784	NA
p015v2	218	Pulse	255	9030000	5454	NA
p015v2	218	Response	100	9034597	10051	1
p015v2	220	Pulse	255	9060000	14955	NA
p015v2	222	Response	101	9079717	4342	1
p015v2	223	Pulse	255	9090000	10125	NA
p015v2	225	Pulse	255	9120000	9628	NA
p015v2	226	Response	100	9124757	4219	1
p015v2	228	Pulse	255	9150000	14797	NA
p015v2	230	Response	100	9171717	6183	1
p015v2	231	Pulse	255	9180000	8133	NA
p015v2	233	Pulse	255	9210000	7636	NA
p015v2	234	Response	101	9218517	5987	1
p015v2	236	Pulse	255	9240000	10971	NA
p015v2	238	Response	101	9262997	3637	1
p015v2	239	Pulse	255	9270000	6808	NA
p015v2	241	Pulse	255	9300000	6310	NA
p015v2	242	Picture	instruct_trial	9303855	0	1	32997	1	0	next	other	0
p015v2	242	Pulse	255	9330000	26145	NA
p015v2	242	Response	100	9336757	32901	1
p015v2	243	Response	100	9357477	20457	1
p015v2	244	Pulse	255	9360000	2316	NA
p015v2	246	Pulse	255	9390000	1819	NA
p015v2	247	Response	101	9410517	12170	1
p015v2	248	Pulse	255	9420000	9321	NA
p015v2	250	Pulse	255	9450000	8823	NA
p015v2	251	Response	101	9461397	10054	1
p015v2	253	Pulse	255	9480000	8159	NA
p015v2	255	Pulse	255	9510000	7829	NA
p015v2	255	Response	101	9520437	18265	1
p015v2	257	Pulse	255	9540000	9164	NA
p015v2	259	Pulse	255	9570000	8834	NA
p015v2	259	Response	101	9575317	14150	1
p015v2	261	Pulse	255	9600000	14169	NA
p015v2	263	Response	100	9622597	6435	1
p015v2	264	Pulse	255	9630000	7339	NA
p015v2	266	Pulse	255	9660000	6842	NA
p015v2	267	Response	101	9671476	8152	1
p015v2	269	Pulse	255	9690000	8011	NA
p015v2	271	Response	100	9718276	5957	1
p015v2	272	Pulse	255	9720000	1681	NA
p015v2	274	Pulse	255	9750000	1183	NA
p015v2	275	Response	100	9767236	8254	1
p015v2	277	Pulse	255	9780000	2353	NA
p015v2	279	Pulse	255	9810000	2022	NA
p015v2	279	Response	101	9812356	4378	1
p015v2	281	Pulse	255	9840000	17190	NA
p015v2	283	Response	100	9857076	3935	1
p015v2	285	Pulse	255	9870000	2527	NA
p015v2	287	Pulse	255	9900000	2196	NA
p015v2	287	Response	101	9901156	3352	1
p015v2	289	Pulse	255	9930000	18364	NA
p015v2	291	Response	100	9949236	7269	1
p015v2	293	Pulse	255	9960000	368	NA
p015v2	295	Pulse	255	9990000	38	NA
p015v2	295	Response	101	9995396	5434	1
p015v2	297	Pulse	255	10020000	14206	NA
p015v2	299	Response	100	10040436	4311	1
p015v2	300	Pulse	255	10050000	9375	NA
p015v2	302	Pulse	255	10080000	8878	NA
p015v2	303	Response	100	10087876	6588	1
p015v2	305	Pulse	255	10110000	11714	NA
p015v2	307	Response	101	10132036	3419	1
p015v2	308	Pulse	255	10140000	7883	NA
p015v2	310	Pulse	255	10170000	7386	NA
p015v2	311	Response	101	10181076	8296	1
p015v2	313	Pulse	255	10200000	8389	NA
p015v2	315	Pulse	255	10230000	8058	NA
p015v2	315	Response	101	10232996	11054	1
p015v2	317	Pulse	255	10260000	16560	NA
p015v2	319	Response	101	10282755	8985	1
p015v2	320	Pulse	255	10290000	7063	NA
p015v2	322	Pulse	255	10320000	6566	NA
p015v2	323	Response	100	10328756	5156	1
p015v2	325	Pulse	255	10350000	10735	NA
p015v2	327	Response	100	10376995	7400	1
p015v2	328	Pulse	255	10380000	2905	NA
p015v2	330	Pulse	255	10410000	2408	NA
p015v2	331	Response	101	10422115	4357	1
p015v2	333	Pulse	255	10440000	7410	NA
p015v2	334	Response	100	10456435	3680	1
p015v2	335	Response	100	10465475	2554	1
p015v2	336	Pulse	255	10470000	4413	NA
p015v2	338	Pulse	255	10500000	3915	NA
p015v2	339	Response	101	10509795	3545	1
p015v2	341	Pulse	255	10530000	9751	NA
p015v2	343	Response	100	10555155	4575	1
p015v2	344	Pulse	255	10560000	4754	NA
p015v2	346	Pulse	255	10590000	4256	NA
p015v2	347	Response	101	10604915	9005	1
p015v2	349	Pulse	255	10620000	4592	NA
p015v2	351	Response	100	10648755	3016	1
p015v2	352	Pulse	255	10650000	1095	NA
p015v2	354	Pulse	255	10680000	598	NA
p015v2	355	Response	100	10698035	8467	1
p015v2	357	Pulse	255	10710000	1434	NA
p015v2	359	Pulse	255	10740000	1104	NA
p015v2	359	Response	101	10743635	4738	1
p015v2	361	Pulse	255	10770000	15938	NA
p015v2	363	Response	101	10792915	8522	1
p015v2	364	Pulse	255	10800000	6941	NA
p015v2	366	Pulse	255	10830000	6444	NA
p015v2	367	Response	100	10837234	3512	1
p015v2	369	Pulse	255	10860000	12279	NA
p015v2	371	Response	101	10882034	3983	1
p015v2	372	Pulse	255	10890000	7782	NA
p015v2	374	Pulse	255	10920000	7285	NA
p015v2	375	Response	100	10927475	4594	1
p015v2	377	Pulse	255	10950000	12120	NA
p015v2	379	Response	100	10974354	6144	1
p015v2	380	Pulse	255	10980000	5457	NA
p015v2	382	Pulse	255	11010000	4960	NA
p015v2	383	Response	100	11021474	6268	1
p015v2	385	Pulse	255	11040000	8129	NA
p015v2	387	Pulse	255	11070000	7798	NA
p015v2	387	Response	101	11070194	7992	1
p015v2	389	Pulse	255	11100000	19300	NA
p015v2	391	Response	100	11113714	2683	1
p015v2	393	Pulse	255	11130000	5803	NA
p015v2	395	Response	101	11158194	3667	1
p015v2	396	Pulse	255	11160000	1640	NA
p015v2	397	Response	100	11174194	5501	1
p015v2	398	Pulse	255	11190000	1142	NA
p015v2	399	Response	100	11204594	5570	1
p015v2	401	Pulse	255	11220000	4978	NA
p015v2	403	Pulse	255	11250000	4647	NA
p015v2	403	Response	101	11252514	7161	1
p015v2	405	Pulse	255	11280000	16982	NA
p015v2	407	Response	100	11300194	6845	1
p015v2	408	Pulse	255	11310000	9652	NA
p015v2	410	Pulse	255	11340000	9155	NA
p015v2	411	Response	100	11345954	4943	1
p015v2	413	Pulse	255	11370000	13657	NA
p015v2	415	Response	101	11391234	4560	1
p015v2	416	Pulse	255	11400000	8660	NA
p015v2	418	Pulse	255	11430000	8163	NA
p015v2	419	Response	100	11434594	2591	1
p015v2	421	Pulse	255	11460000	14998	NA
p015v2	423	Response	100	11479154	3821	1
p015v2	425	Pulse	255	11490000	335	NA
p015v2	427	Pulse	255	11520000	5	NA
p015v2	427	Response	101	11522114	2119	1
p015v2	429	Pulse	255	11550000	17506	NA
p015v2	431	Response	100	11567234	4409	1
p015v2	433	Pulse	255	11580000	2343	NA
p015v2	435	Pulse	255	11610000	2012	NA
p015v2	435	Response	100	11610033	2045	1
p015v2	437	Pulse	255	11640000	19513	NA
p015v2	439	Response	101	11654753	3936	1
p015v2	441	Pulse	255	11670000	4851	NA
p015v2	443	Pulse	255	11700000	4520	NA
p015v2	443	Response	100	11703234	7753	1
p015v2	445	Pulse	255	11730000	16355	NA
p015v2	447	Response	100	11748513	4537	1
p015v2	449	Pulse	255	11760000	1025	NA
p015v2	451	Pulse	255	11790000	695	NA
p015v2	451	Response	100	11795313	6008	1
p015v2	453	Pulse	255	11820000	14196	NA
p015v2	455	Response	101	11843713	7578	1
p015v2	456	Pulse	255	11850000	6199	NA
p015v2	458	Pulse	255	11880000	5702	NA
p015v2	459	Response	101	11890913	6450	1
p015v2	461	Pulse	255	11910000	8705	NA
p015v2	463	Response	100	11938593	6967	1
p015v2	464	Pulse	255	11940000	1208	NA
p015v2	466	Pulse	255	11970000	710	NA
p015v2	467	Response	101	11982433	2978	1
p015v2	469	Pulse	255	12000000	7046	NA
p015v2	471	Pulse	255	12030000	6715	NA
p015v2	471	Response	101	12031233	7948	1
p015v2	473	Pulse	255	12060000	18383	NA
p015v2	475	Response	100	12076593	4646	1
p015v2	477	Pulse	255	12090000	2887	NA
p015v2	479	Pulse	255	12120000	2557	NA
p015v2	479	Response	101	12122273	4829	1
p015v2	481	Pulse	255	12150000	17225	NA
p015v2	483	Picture	instruct_trial	12163106	0	1	16665	1	0	next	other	0
p015v2	483	Response	100	12179633	16527	1
p015v2	484	Pulse	255	12180000	62	NA
p015v2	484	Response	100	12200752	20815	1
p015v2	485	Pulse	255	12210000	9064	NA
p015v2	487	Pulse	255	12240000	8567	NA
p015v2	488	Pulse	255	12270000	28401	NA
p015v2	488	Response	101	12271072	29473	1
p015v2	490	Pulse	255	12300000	18404	NA
p015v2	492	Response	101	12324272	12346	1
p015v2	493	Pulse	255	12330000	5575	NA
p015v2	495	Pulse	255	12360000	5077	NA
p015v2	496	Response	101	12386353	21264	1
p015v2	497	Pulse	255	12390000	3580	NA
p015v2	499	Pulse	255	12420000	3083	NA
p015v2	500	Response	101	12440512	13429	1
p015v2	501	Pulse	255	12450000	9418	NA
p015v2	503	Pulse	255	12480000	8921	NA
p015v2	504	Response	100	12509872	28627	1
p015v2	504	Pulse	255	12510000	28755	NA
p015v2	506	Pulse	255	12540000	19592	NA
p015v2	508	Response	100	12562752	12013	1
p015v2	509	Pulse	255	12570000	7096	NA
p015v2	511	Pulse	255	12600000	6598	NA
p015v2	512	Response	100	12614752	11184	1
p015v2	514	Pulse	255	12630000	4768	NA
p015v2	516	Response	101	12659232	3669	1
p015v2	517	Pulse	255	12660000	604	NA
p015v2	519	Pulse	255	12690000	107	NA
p015v2	520	Response	100	12703711	3652	1
p015v2	522	Pulse	255	12720000	5775	NA
p015v2	524	Response	101	12749232	4677	1
p015v2	525	Pulse	255	12750000	612	NA
p015v2	527	Pulse	255	12780000	115	NA
p015v2	528	Response	100	12793792	3740	1
p015v2	530	Pulse	255	12810000	5783	NA
p015v2	532	Response	101	12837311	2764	1
p015v2	533	Pulse	255	12840000	2620	NA
p015v2	535	Pulse	255	12870000	2122	NA
p015v2	536	Response	100	12885871	7828	1
p015v2	538	Pulse	255	12900000	3625	NA
p015v2	540	Pulse	255	12930000	3294	NA
p015v2	540	Response	100	12936272	9566	1
p015v2	542	Pulse	255	12960000	13296	NA
p015v2	544	Response	101	12982111	5076	1
p015v2	545	Pulse	255	12990000	7799	NA
p015v2	547	Pulse	255	13020000	7301	NA
p015v2	548	Response	100	13028031	5167	1
p015v2	550	Pulse	255	13050000	11470	NA
p015v2	552	Response	100	13072351	3491	1
p015v2	553	Pulse	255	13080000	7473	NA
p015v2	555	Pulse	255	13110000	6976	NA
p015v2	556	Response	101	13119071	5882	1
p015v2	558	Pulse	255	13140000	10478	NA
p015v2	560	Response	101	13166271	6419	1
p015v2	561	Pulse	255	13170000	3648	NA
p015v2	563	Pulse	255	13200000	3151	NA
p015v2	564	Response	100	13210591	3576	1
p015v2	566	Pulse	255	13230000	8986	NA
p015v2	567	Response	101	13246351	5172	1
p015v2	568	Response	100	13255071	3727	1
p015v2	569	Pulse	255	13260000	4823	NA
p015v2	571	Pulse	255	13290000	4325	NA
p015v2	572	Response	101	13303071	7230	1
p015v2	574	Pulse	255	13320000	6494	NA
p015v2	576	Pulse	255	13350000	6164	NA
p015v2	576	Response	101	13351471	7635	1
p015v2	578	Pulse	255	13380000	17999	NA
p015v2	580	Response	100	13397711	5379	1
p015v2	582	Pulse	255	13410000	1836	NA
p015v2	584	Pulse	255	13440000	1505	NA
p015v2	584	Response	101	13443712	5217	1
p015v2	586	Pulse	255	13470000	15840	NA
p015v2	588	Response	100	13492031	7540	1
p015v2	589	Pulse	255	13500000	7843	NA
p015v2	591	Pulse	255	13530000	7346	NA
p015v2	592	Response	101	13539230	6410	1
p015v2	594	Pulse	255	13560000	10348	NA
p015v2	596	Response	100	13585391	5408	1
p015v2	597	Pulse	255	13590000	4518	NA
p015v2	599	Pulse	255	13620000	4021	NA
p015v2	600	Response	101	13632830	6685	1
p015v2	602	Pulse	255	13650000	6690	NA
p015v2	604	Response	100	13678671	5030	1
p015v2	605	Pulse	255	13680000	1193	NA
p015v2	607	Pulse	255	13710000	696	NA
p015v2	608	Response	101	13724590	5120	1
p015v2	610	Pulse	255	13740000	5031	NA
p015v2	612	Response	101	13768830	3530	1
p015v2	613	Pulse	255	13770000	1034	NA
p015v2	615	Pulse	255	13800000	537	NA
p015v2	616	Response	100	13812430	2801	1
p015v2	618	Pulse	255	13830000	7039	NA
p015v2	620	Pulse	255	13860000	6708	NA
p015v2	620	Response	101	13863470	10178	1
p015v2	622	Pulse	255	13890000	16044	NA
p015v2	624	Response	100	13907550	3262	1
p015v2	626	Pulse	255	13920000	2047	NA
p015v2	628	Pulse	255	13950000	1716	NA
p015v2	628	Response	101	13952510	4226	1
p015v2	630	Pulse	255	13980000	17051	NA
p015v2	632	Response	100	13997630	4350	1
p015v2	634	Pulse	255	14010000	1888	NA
p015v2	636	Pulse	255	14040000	1558	NA
p015v2	636	Response	101	14041069	2627	1
p015v2	638	Pulse	255	14070000	18392	NA
p015v2	640	Response	100	14089150	7211	1
p015v2	642	Pulse	255	14100000	396	NA
p015v2	644	Pulse	255	14130000	66	NA
p015v2	644	Response	101	14136670	6735	1
p015v2	645	Response	100	14137150	383	1
p015v2	646	Pulse	255	14160000	12900	NA
p015v2	648	Response	100	14184509	7079	1
p015v2	649	Pulse	255	14190000	5404	NA
p015v2	651	Pulse	255	14220000	4906	NA
p015v2	652	Response	101	14228350	3090	1
p015v2	654	Pulse	255	14250000	11242	NA
p015v2	656	Response	100	14273069	3980	1
p015v2	657	Pulse	255	14280000	6745	NA
p015v2	659	Pulse	255	14310000	6247	NA
p015v2	660	Response	100	14318270	4351	1
p015v2	662	Pulse	255	14340000	11250	NA
p015v2	664	Response	101	14362909	3828	1
p015v2	665	Pulse	255	14370000	6919	NA
p015v2	667	Pulse	255	14400000	6422	NA
p015v2	668	Response	100	14410989	7246	1
p015v2	670	Pulse	255	14430000	8591	NA
p015v2	672	Response	101	14454429	2689	1
p015v2	673	Pulse	255	14460000	5427	NA
p015v2	675	Response	100	14488111	3041	1
p015v2	675	Pulse	255	14490000	4930	NA
p015v2	676	Response	100	14497949	2713	1
p015v2	678	Pulse	255	14520000	11599	NA
p015v2	680	Response	101	14542669	3937	1
p015v2	681	Pulse	255	14550000	7268	NA
p015v2	683	Pulse	255	14580000	6771	NA
p015v2	684	Response	100	14588429	5034	1
p015v2	686	Pulse	255	14610000	11107	NA
p015v2	688	Response	101	14633389	4165	1
p015v2	689	Pulse	255	14640000	6443	NA
p015v2	691	Pulse	255	14670000	5946	NA
p015v2	692	Response	101	14680909	6689	1
p015v2	694	Pulse	255	14700000	8615	NA
p015v2	696	Pulse	255	14730000	8284	NA
p015v2	696	Response	100	14730748	9032	1
p015v2	698	Pulse	255	14760000	18786	NA
p015v2	700	Response	101	14778029	6484	1
p015v2	702	Pulse	255	14790000	1456	NA
p015v2	704	Pulse	255	14820000	1126	NA
p015v2	704	Response	100	14826108	7234	1
p015v2	706	Pulse	255	14850000	13461	NA
p015v2	708	Response	101	14873869	6999	1
p015v2	709	Pulse	255	14880000	5964	NA
p015v2	711	Pulse	255	14910000	5467	NA
p015v2	712	Response	100	14920509	5809	1
p015v2	714	Pulse	255	14940000	8969	NA
p015v2	716	Response	100	14965308	3947	1
p015v2	717	Pulse	255	14970000	4639	NA
p015v2	719	Pulse	255	15000000	4141	NA
p015v2	720	Response	100	15011148	5124	1
p015v2	722	Pulse	255	15030000	8310	NA
p015v2	724	Picture	instruct_trial	15052021	0	1	40163	1	0	next	other	0
p015v2	724	Response	101	15055068	3048	1
p015v2	724	Pulse	255	15060000	7979	NA
p015v2	724	Pulse	255	15090000	37979	NA
