Scenario - learning_JJ_english
Logfile written - 11/01/2021 13:01:06

Subject	Trial	Event Type	Code	Time	TTime	Uncertainty	Duration	Uncertainty	ReqTime	ReqDur	Stim Type	Pair Index

p016v2	0	Pulse	255	0	0	NA
p016v2	1	Picture	instruct_trial	10333	0	1	1444374	1	0	next	other	0
p016v2	1	Pulse	255	30000	19667	NA
p016v2	1	Pulse	255	60000	49667	NA
p016v2	1	Pulse	255	90000	79667	NA
p016v2	1	Pulse	255	120000	109667	NA
p016v2	1	Pulse	255	150000	139667	NA
p016v2	1	Pulse	255	180000	169667	NA
p016v2	1	Pulse	255	210000	199667	NA
p016v2	1	Pulse	255	240000	229667	NA
p016v2	1	Pulse	255	270000	259667	NA
p016v2	1	Pulse	255	300000	289667	NA
p016v2	1	Pulse	255	330000	319667	NA
p016v2	1	Pulse	255	360000	349667	NA
p016v2	1	Pulse	255	390000	379667	NA
p016v2	1	Pulse	255	420000	409667	NA
p016v2	1	Pulse	255	450000	439667	NA
p016v2	1	Pulse	255	480000	469667	NA
p016v2	1	Pulse	255	510000	499667	NA
p016v2	1	Pulse	255	540000	529667	NA
p016v2	1	Pulse	255	570000	559667	NA
p016v2	1	Pulse	255	600000	589667	NA
p016v2	1	Pulse	255	630000	619667	NA
p016v2	1	Pulse	255	660000	649667	NA
p016v2	1	Pulse	255	690000	679667	NA
p016v2	1	Pulse	255	720000	709667	NA
p016v2	1	Pulse	255	750000	739667	NA
p016v2	1	Pulse	255	780000	769667	NA
p016v2	1	Pulse	255	810000	799667	NA
p016v2	1	Pulse	255	840000	829667	NA
p016v2	1	Pulse	255	870000	859667	NA
p016v2	1	Pulse	255	900000	889667	NA
p016v2	1	Pulse	255	930000	919667	NA
p016v2	1	Pulse	255	960000	949667	NA
p016v2	1	Pulse	255	990000	979667	NA
p016v2	1	Pulse	255	1020000	1009667	NA
p016v2	1	Pulse	255	1050000	1039667	NA
p016v2	1	Pulse	255	1080000	1069667	NA
p016v2	1	Pulse	255	1110000	1099667	NA
p016v2	1	Pulse	255	1140000	1129667	NA
p016v2	1	Pulse	255	1170000	1159667	NA
p016v2	1	Pulse	255	1200000	1189667	NA
p016v2	1	Pulse	255	1230000	1219667	NA
p016v2	1	Pulse	255	1260000	1249667	NA
p016v2	1	Pulse	255	1290000	1279667	NA
p016v2	1	Pulse	255	1320000	1309667	NA
p016v2	1	Pulse	255	1350000	1339667	NA
p016v2	1	Pulse	255	1380000	1369667	NA
p016v2	1	Pulse	255	1410000	1399667	NA
p016v2	1	Pulse	255	1440000	1429667	NA
p016v2	1	Response	101	1454539	1444206	1
p016v2	1	Pulse	255	1470000	1459667	NA
p016v2	2	Response	101	1482300	12095	1
p016v2	4	Pulse	255	1500000	7296	NA
p016v2	6	Pulse	255	1530000	6966	NA
p016v2	6	Response	101	1530698	7664	1
p016v2	8	Pulse	255	1560000	18801	NA
p016v2	10	Response	100	1579180	7650	1
p016v2	12	Pulse	255	1590000	305	NA
p016v2	13	Pulse	255	1620000	10140	NA
p016v2	14	Response	100	1624218	4193	1
p016v2	16	Pulse	255	1650000	15309	NA
p016v2	18	Response	100	1675418	10396	1
p016v2	19	Pulse	255	1680000	4479	NA
p016v2	21	Pulse	255	1710000	3982	NA
p016v2	22	Response	101	1722299	6115	1
p016v2	24	Pulse	255	1740000	7317	NA
p016v2	26	Pulse	255	1770000	6987	NA
p016v2	26	Response	101	1771579	8565	1
p016v2	28	Pulse	255	1800000	17988	NA
p016v2	30	Response	101	1816699	4357	1
p016v2	32	Pulse	255	1830000	2826	NA
p016v2	34	Pulse	255	1860000	2495	NA
p016v2	34	Response	101	1863179	5674	1
p016v2	36	Pulse	255	1890000	16330	NA
p016v2	38	Response	100	1910138	6137	1
p016v2	39	Pulse	255	1920000	9666	NA
p016v2	41	Pulse	255	1950000	9169	NA
p016v2	42	Response	100	1955659	4662	1
p016v2	44	Pulse	255	1980000	13838	NA
p016v2	46	Response	101	2003339	6847	1
p016v2	47	Pulse	255	2010000	6508	NA
p016v2	49	Pulse	255	2040000	6010	NA
p016v2	50	Response	100	2052299	8143	1
p016v2	52	Pulse	255	2070000	7179	NA
p016v2	54	Pulse	255	2100000	6849	NA
p016v2	54	Response	100	2100139	6988	1
p016v2	56	Pulse	255	2130000	19350	NA
p016v2	58	Response	101	2148297	7317	1
p016v2	60	Pulse	255	2160000	1188	NA
p016v2	62	Pulse	255	2190000	857	NA
p016v2	62	Response	101	2193258	4115	1
p016v2	64	Pulse	255	2220000	16358	NA
p016v2	66	Response	101	2238298	4326	1
p016v2	68	Pulse	255	2250000	1196	NA
p016v2	70	Pulse	255	2280000	865	NA
p016v2	70	Response	100	2284699	5564	1
p016v2	72	Pulse	255	2310000	14866	NA
p016v2	74	Response	101	2329738	4274	1
p016v2	75	Pulse	255	2340000	10203	NA
p016v2	77	Pulse	255	2370000	9705	NA
p016v2	78	Response	100	2380698	10238	1
p016v2	80	Pulse	255	2400000	8875	NA
p016v2	82	Response	100	2429595	8139	1
p016v2	83	Pulse	255	2430000	211	NA
p016v2	84	Pulse	255	2460000	19879	NA
p016v2	86	Response	101	2475098	4647	1
p016v2	88	Pulse	255	2490000	4383	NA
p016v2	90	Pulse	255	2520000	4052	NA
p016v2	90	Response	101	2523657	7710	1
p016v2	92	Pulse	255	2550000	15887	NA
p016v2	94	Response	101	2571337	6894	1
p016v2	95	Pulse	255	2580000	8557	NA
p016v2	97	Pulse	255	2610000	8060	NA
p016v2	98	Response	101	2617017	4911	1
p016v2	100	Pulse	255	2640000	12562	NA
p016v2	102	Response	100	2663337	5569	1
p016v2	103	Pulse	255	2670000	6565	NA
p016v2	105	Pulse	255	2700000	6068	NA
p016v2	106	Response	100	2708537	4439	1
p016v2	108	Pulse	255	2730000	11070	NA
p016v2	110	Response	101	2754457	5196	1
p016v2	111	Pulse	255	2760000	5407	NA
p016v2	113	Pulse	255	2790000	4909	NA
p016v2	114	Response	101	2799657	4400	1
p016v2	116	Pulse	255	2820000	9911	NA
p016v2	118	Response	100	2844617	4198	1
p016v2	119	Pulse	255	2850000	5248	NA
p016v2	121	Pulse	255	2880000	4765	NA
p016v2	122	Response	100	2890457	5041	1
p016v2	124	Pulse	255	2910000	9086	NA
p016v2	126	Response	100	2939576	8332	1
p016v2	127	Pulse	255	2940000	256	NA
p016v2	128	Pulse	255	2970000	19924	NA
p016v2	130	Response	100	2987897	7490	1
p016v2	132	Pulse	255	3000000	1594	NA
p016v2	134	Pulse	255	3030000	1264	NA
p016v2	134	Response	101	3037897	9161	1
p016v2	136	Pulse	255	3060000	11599	NA
p016v2	138	Response	100	3083896	5164	1
p016v2	139	Pulse	255	3090000	5935	NA
p016v2	140	Response	101	3102456	8059	1
p016v2	141	Pulse	255	3120000	5438	NA
p016v2	142	Response	100	3132216	7489	1
p016v2	144	Pulse	255	3150000	7274	NA
p016v2	146	Response	100	3179016	5959	1
p016v2	147	Pulse	255	3180000	777	NA
p016v2	149	Pulse	255	3210000	280	NA
p016v2	150	Response	101	3225895	6009	1
p016v2	152	Pulse	255	3240000	3615	NA
p016v2	154	Pulse	255	3270000	3285	NA
p016v2	154	Response	101	3272617	5902	1
p016v2	156	Pulse	255	3300000	16953	NA
p016v2	158	Response	101	3319817	6439	1
p016v2	159	Pulse	255	3330000	10123	NA
p016v2	161	Pulse	255	3360000	9625	NA
p016v2	162	Response	100	3368137	7596	1
p016v2	164	Pulse	255	3390000	11461	NA
p016v2	166	Pulse	255	3420000	11130	NA
p016v2	166	Response	100	3420696	11827	1
p016v2	168	Pulse	255	3450000	18799	NA
p016v2	170	Response	101	3467336	5804	1
p016v2	172	Pulse	255	3480000	2136	NA
p016v2	174	Pulse	255	3510000	1806	NA
p016v2	174	Response	101	3513577	5383	1
p016v2	176	Pulse	255	3540000	15974	NA
p016v2	178	Response	101	3559338	4981	1
p016v2	180	Pulse	255	3570000	144	NA
p016v2	181	Pulse	255	3600000	9979	NA
p016v2	182	Response	101	3603977	3790	1
p016v2	184	Pulse	255	3630000	15482	NA
p016v2	186	Response	100	3651176	6327	1
p016v2	187	Pulse	255	3660000	8651	NA
p016v2	189	Pulse	255	3690000	8154	NA
p016v2	190	Response	101	3697097	5085	1
p016v2	192	Pulse	255	3720000	12490	NA
p016v2	194	Response	100	3741976	4135	1
p016v2	195	Pulse	255	3750000	7826	NA
p016v2	197	Pulse	255	3780000	7329	NA
p016v2	198	Response	101	3786616	3779	1
p016v2	200	Pulse	255	3810000	12997	NA
p016v2	202	Response	100	3832297	4963	1
p016v2	203	Pulse	255	3840000	7501	NA
p016v2	205	Pulse	255	3870000	7003	NA
p016v2	206	Response	101	3879416	6253	1
p016v2	208	Pulse	255	3900000	10172	NA
p016v2	210	Response	100	3926617	6458	1
p016v2	211	Pulse	255	3930000	3175	NA
p016v2	213	Pulse	255	3960000	2678	NA
p016v2	214	Response	100	3972858	5370	1
p016v2	216	Pulse	255	3990000	6680	NA
p016v2	218	Pulse	255	4020000	6350	NA
p016v2	218	Response	100	4022935	9285	1
p016v2	220	Pulse	255	4050000	16685	NA
p016v2	222	Response	101	4072216	8570	1
p016v2	223	Pulse	255	4080000	7688	NA
p016v2	225	Pulse	255	4110000	7191	NA
p016v2	226	Response	100	4119175	6200	1
p016v2	228	Pulse	255	4140000	10360	NA
p016v2	230	Response	100	4165016	5045	1
p016v2	231	Pulse	255	4170000	4863	NA
p016v2	233	Pulse	255	4200000	4366	NA
p016v2	234	Response	101	4211653	5853	1
p016v2	236	Pulse	255	4230000	7868	NA
p016v2	238	Response	101	4258375	5913	1
p016v2	239	Pulse	255	4260000	1538	NA
p016v2	241	Pulse	255	4290000	1040	NA
p016v2	242	Picture	instruct_trial	4299125	0	1	19332	1	0	next	other	0
p016v2	242	Response	101	4318296	19171	1
p016v2	243	Pulse	255	4320000	1376	NA
p016v2	243	Response	100	4328775	10152	1
p016v2	245	Pulse	255	4350000	10711	NA
p016v2	247	Response	101	4377175	7556	1
p016v2	248	Pulse	255	4380000	2715	NA
p016v2	250	Pulse	255	4410000	2217	NA
p016v2	251	Response	101	4427094	9145	1
p016v2	253	Pulse	255	4440000	2387	NA
p016v2	255	Pulse	255	4470000	2056	NA
p016v2	255	Response	100	4475575	7631	1
p016v2	257	Pulse	255	4500000	13891	NA
p016v2	259	Response	101	4524935	8495	1
p016v2	260	Pulse	255	4530000	4894	NA
p016v2	262	Pulse	255	4560000	4397	NA
p016v2	263	Response	100	4572055	6286	1
p016v2	265	Pulse	255	4590000	7566	NA
p016v2	267	Pulse	255	4620000	7235	NA
p016v2	267	Response	101	4623173	10409	1
p016v2	269	Pulse	255	4650000	16404	NA
p016v2	271	Response	100	4671495	7568	1
p016v2	272	Pulse	255	4680000	8407	NA
p016v2	274	Pulse	255	4710000	7910	NA
p016v2	275	Response	101	4719415	7159	1
p016v2	277	Pulse	255	4740000	10079	NA
p016v2	279	Response	101	4766694	6442	1
p016v2	280	Pulse	255	4770000	3249	NA
p016v2	282	Pulse	255	4800000	2751	NA
p016v2	283	Response	101	4815333	7919	1
p016v2	285	Pulse	255	4830000	4254	NA
p016v2	287	Pulse	255	4860000	3923	NA
p016v2	287	Response	100	4862933	6857	1
p016v2	289	Pulse	255	4890000	16591	NA
p016v2	291	Pulse	255	4920000	16261	NA
p016v2	291	Response	101	4927654	23915	1
p016v2	293	Pulse	255	4950000	11930	NA
p016v2	295	Response	100	4972774	4374	1
p016v2	296	Pulse	255	4980000	7100	NA
p016v2	298	Pulse	255	5010000	6603	NA
p016v2	299	Response	101	5021974	8411	1
p016v2	301	Pulse	255	5040000	7605	NA
p016v2	303	Pulse	255	5070000	7275	NA
p016v2	303	Response	100	5072934	10209	1
p016v2	305	Pulse	255	5100000	16610	NA
p016v2	307	Response	101	5122297	8576	1
p016v2	308	Pulse	255	5130000	7613	NA
p016v2	310	Pulse	255	5160000	7116	NA
p016v2	311	Response	101	5169094	6044	1
p016v2	313	Pulse	255	5190000	10451	NA
p016v2	315	Response	100	5217734	7854	1
p016v2	316	Pulse	255	5220000	2121	NA
p016v2	318	Pulse	255	5250000	1624	NA
p016v2	319	Response	101	5263494	4952	1
p016v2	321	Pulse	255	5280000	6126	NA
p016v2	323	Pulse	255	5310000	5796	NA
p016v2	323	Response	100	5313494	9290	1
p016v2	325	Pulse	255	5340000	15964	NA
p016v2	327	Response	100	5359814	5448	1
p016v2	328	Pulse	255	5370000	10134	NA
p016v2	330	Pulse	255	5400000	9636	NA
p016v2	331	Response	100	5406293	5764	1
p016v2	333	Pulse	255	5430000	13305	NA
p016v2	335	Response	100	5458454	11429	1
p016v2	336	Pulse	255	5460000	1476	NA
p016v2	338	Pulse	255	5490000	978	NA
p016v2	339	Response	101	5507252	8065	1
p016v2	341	Pulse	255	5520000	2314	NA
p016v2	343	Pulse	255	5550000	1984	NA
p016v2	343	Response	101	5562453	14437	1
p016v2	345	Pulse	255	5580000	7152	NA
p016v2	347	Response	100	5609653	6475	1
p016v2	348	Pulse	255	5610000	156	NA
p016v2	349	Pulse	255	5640000	19823	NA
p016v2	351	Response	100	5660372	9865	1
p016v2	352	Pulse	255	5670000	9493	NA
p016v2	354	Pulse	255	5700000	8996	NA
p016v2	355	Response	101	5707413	6243	1
p016v2	357	Pulse	255	5730000	12165	NA
p016v2	359	Response	101	5754852	6687	1
p016v2	360	Pulse	255	5760000	5002	NA
p016v2	362	Pulse	255	5790000	4504	NA
p016v2	363	Response	100	5801893	6232	1
p016v2	365	Pulse	255	5820000	7673	NA
p016v2	367	Pulse	255	5850000	7343	NA
p016v2	367	Response	100	5851332	8675	1
p016v2	369	Pulse	255	5880000	18178	NA
p016v2	371	Response	101	5897732	5579	1
p016v2	373	Pulse	255	5910000	1848	NA
p016v2	375	Pulse	255	5940000	1518	NA
p016v2	375	Response	100	5947413	8931	1
p016v2	377	Pulse	255	5970000	12186	NA
p016v2	379	Pulse	255	6000000	11855	NA
p016v2	379	Response	101	6005013	16868	1
p016v2	381	Pulse	255	6030000	14524	NA
p016v2	383	Pulse	255	6060000	14194	NA
p016v2	383	Response	101	6061895	16089	1
p016v2	385	Pulse	255	6090000	17696	NA
p016v2	387	Response	100	6113092	10457	1
p016v2	388	Pulse	255	6120000	6700	NA
p016v2	390	Pulse	255	6150000	6202	NA
p016v2	391	Pulse	255	6180000	26036	NA
p016v2	391	Response	100	6183012	29049	1
p016v2	393	Pulse	255	6210000	16540	NA
p016v2	395	Response	101	6235412	11621	1
p016v2	396	Pulse	255	6240000	4544	NA
p016v2	398	Pulse	255	6270000	4046	NA
p016v2	399	Response	100	6287493	11373	1
p016v2	401	Pulse	255	6300000	2049	NA
p016v2	403	Pulse	255	6330000	1718	NA
p016v2	403	Response	101	6337173	8891	1
p016v2	405	Pulse	255	6360000	12387	NA
p016v2	407	Response	100	6383012	5068	1
p016v2	408	Pulse	255	6390000	6890	NA
p016v2	410	Pulse	255	6420000	6392	NA
p016v2	411	Response	100	6431172	7399	1
p016v2	413	Pulse	255	6450000	8395	NA
p016v2	415	Response	101	6478612	6676	1
p016v2	416	Pulse	255	6480000	1231	NA
p016v2	418	Pulse	255	6510000	734	NA
p016v2	419	Response	100	6528132	8701	1
p016v2	421	Pulse	255	6540000	1403	NA
p016v2	423	Pulse	255	6570000	1073	NA
p016v2	423	Response	100	6575572	6644	1
p016v2	425	Pulse	255	6600000	13907	NA
p016v2	427	Response	100	6622772	6349	1
p016v2	428	Pulse	255	6630000	7077	NA
p016v2	430	Pulse	255	6660000	6580	NA
p016v2	431	Response	101	6673571	9985	1
p016v2	433	Pulse	255	6690000	5916	NA
p016v2	434	Response	101	6713892	9643	1
p016v2	435	Response	101	6719332	4917	1
p016v2	436	Pulse	255	6720000	586	NA
p016v2	438	Pulse	255	6750000	88	NA
p016v2	439	Response	100	6768771	8694	1
p016v2	441	Pulse	255	6780000	758	NA
p016v2	443	Pulse	255	6810000	427	NA
p016v2	443	Response	100	6814051	4478	1
p016v2	445	Pulse	255	6840000	15428	NA
p016v2	447	Response	101	6863491	8589	1
p016v2	448	Pulse	255	6870000	6432	NA
p016v2	450	Pulse	255	6900000	5934	NA
p016v2	451	Response	101	6912132	7901	1
p016v2	453	Pulse	255	6930000	7437	NA
p016v2	455	Response	101	6958931	6037	1
p016v2	456	Pulse	255	6960000	940	NA
p016v2	458	Pulse	255	6990000	443	NA
p016v2	459	Response	100	7009171	9448	1
p016v2	461	Pulse	255	7020000	445	NA
p016v2	463	Pulse	255	7050000	115	NA
p016v2	463	Response	100	7058050	8165	1
p016v2	465	Pulse	255	7080000	11450	NA
p016v2	467	Response	101	7105491	6610	1
p016v2	468	Pulse	255	7110000	4453	NA
p016v2	470	Pulse	255	7140000	3956	NA
p016v2	471	Response	100	7156129	9919	1
p016v2	473	Pulse	255	7170000	3458	NA
p016v2	475	Pulse	255	7200000	3127	NA
p016v2	475	Response	101	7204130	7258	1
p016v2	476	Response	101	7212451	8246	1
p016v2	477	Pulse	255	7230000	15462	NA
p016v2	479	Response	100	7251891	7022	1
p016v2	480	Pulse	255	7260000	7966	NA
p016v2	482	Pulse	255	7290000	7468	NA
p016v2	483	Picture	instruct_trial	7292698	0	1	442128	1	0	next	other	0
p016v2	483	Pulse	255	7320000	27302	NA
p016v2	483	Pulse	255	7350000	57302	NA
p016v2	483	Pulse	255	7380000	87302	NA
p016v2	483	Pulse	255	7410000	117302	NA
p016v2	483	Pulse	255	7440000	147302	NA
p016v2	483	Pulse	255	7470000	177302	NA
p016v2	483	Pulse	255	7500000	207302	NA
p016v2	483	Pulse	255	7530000	237302	NA
p016v2	483	Pulse	255	7560000	267302	NA
p016v2	483	Pulse	255	7590000	297302	NA
p016v2	483	Pulse	255	7620000	327302	NA
p016v2	483	Pulse	255	7650000	357302	NA
p016v2	483	Pulse	255	7680000	387302	NA
p016v2	483	Pulse	255	7710000	417302	NA
p016v2	483	Response	101	7734769	442071	1
p016v2	484	Pulse	255	7740000	4841	NA
p016v2	484	Response	100	7744610	9451	1
p016v2	486	Pulse	255	7770000	15009	NA
p016v2	488	Response	100	7794690	9369	1
p016v2	489	Pulse	255	7800000	5180	NA
p016v2	491	Pulse	255	7830000	4682	NA
p016v2	492	Response	100	7844209	8725	1
p016v2	494	Pulse	255	7860000	5352	NA
p016v2	496	Pulse	255	7890000	5021	NA
p016v2	496	Response	100	7890369	5390	1
p016v2	498	Pulse	255	7920000	19189	NA
p016v2	500	Response	100	7940210	9068	1
p016v2	501	Pulse	255	7950000	9692	NA
p016v2	503	Pulse	255	7980000	9195	NA
p016v2	504	Response	101	7984530	3559	1
p016v2	506	Pulse	255	8010000	15030	NA
p016v2	508	Response	100	8033010	7710	1
p016v2	509	Pulse	255	8040000	6867	NA
p016v2	511	Pulse	255	8070000	6370	NA
p016v2	512	Response	100	8078288	4492	1
p016v2	514	Pulse	255	8100000	11205	NA
p016v2	516	Response	100	8125730	6604	1
p016v2	517	Pulse	255	8130000	4209	NA
p016v2	519	Pulse	255	8160000	3711	NA
p016v2	520	Response	101	8170850	4395	1
p016v2	522	Pulse	255	8190000	8713	NA
p016v2	524	Response	101	8217970	6352	1
p016v2	525	Pulse	255	8220000	1883	NA
p016v2	527	Pulse	255	8250000	1386	NA
p016v2	528	Response	100	8271889	13110	1
p016v2	529	Pulse	255	8280000	8055	NA
p016v2	531	Pulse	255	8310000	7557	NA
p016v2	532	Response	101	8321328	8720	1
p016v2	534	Pulse	255	8340000	8226	NA
p016v2	536	Response	101	8366929	4825	1
p016v2	537	Pulse	255	8370000	2896	NA
p016v2	539	Pulse	255	8400000	2399	NA
p016v2	540	Response	100	8414530	6763	1
p016v2	542	Pulse	255	8430000	5068	NA
p016v2	544	Pulse	255	8460000	4737	NA
p016v2	544	Response	100	8467889	12626	1
p016v2	546	Pulse	255	8490000	11573	NA
p016v2	548	Response	100	8515810	7051	1
p016v2	549	Pulse	255	8520000	4076	NA
p016v2	551	Pulse	255	8550000	3579	NA
p016v2	552	Response	101	8562608	6021	1
p016v2	554	Pulse	255	8580000	6914	NA
p016v2	556	Pulse	255	8610000	6584	NA
p016v2	556	Response	101	8610209	6792	1
p016v2	558	Pulse	255	8640000	19252	NA
p016v2	560	Response	101	8658689	7610	1
p016v2	562	Pulse	255	8670000	923	NA
p016v2	564	Pulse	255	8700000	592	NA
p016v2	564	Response	101	8706608	7200	1
p016v2	566	Pulse	255	8730000	12927	NA
p016v2	568	Response	100	8753648	6244	1
p016v2	569	Pulse	255	8760000	6263	NA
p016v2	571	Pulse	255	8790000	5766	NA
p016v2	572	Response	100	8799008	4608	1
p016v2	574	Pulse	255	8820000	10601	NA
p016v2	576	Pulse	255	8850000	10271	NA
p016v2	576	Response	100	8852528	12799	1
p016v2	578	Pulse	255	8880000	16940	NA
p016v2	580	Response	100	8899168	5776	1
p016v2	582	Pulse	255	8910000	444	NA
p016v2	584	Pulse	255	8940000	113	NA
p016v2	584	Response	100	8950927	11040	1
p016v2	586	Pulse	255	8970000	8615	NA
p016v2	588	Response	100	8996287	4571	1
p016v2	589	Pulse	255	9000000	3618	NA
p016v2	591	Pulse	255	9030000	3120	NA
p016v2	592	Response	100	9047646	10600	1
p016v2	594	Pulse	255	9060000	1956	NA
p016v2	596	Pulse	255	9090000	1626	NA
p016v2	596	Response	100	9094448	6074	1
p016v2	598	Pulse	255	9120000	15127	NA
p016v2	600	Response	101	9139888	4684	1
p016v2	601	Pulse	255	9150000	9964	NA
p016v2	603	Pulse	255	9180000	9466	NA
p016v2	604	Response	101	9191968	11268	1
p016v2	606	Pulse	255	9210000	7636	NA
p016v2	608	Pulse	255	9240000	7305	NA
p016v2	608	Response	101	9241568	8873	1
p016v2	610	Pulse	255	9270000	17973	NA
p016v2	612	Response	100	9286608	4251	1
p016v2	614	Pulse	255	9300000	2977	NA
p016v2	616	Pulse	255	9330000	2647	NA
p016v2	616	Response	100	9338927	11574	1
p016v2	618	Pulse	255	9360000	10649	NA
p016v2	620	Response	100	9389248	9566	1
p016v2	621	Pulse	255	9390000	652	NA
p016v2	623	Pulse	255	9420000	155	NA
p016v2	624	Response	101	9435647	5636	1
p016v2	626	Pulse	255	9450000	3824	NA
p016v2	628	Pulse	255	9480000	3493	NA
p016v2	628	Response	101	9484367	7860	1
p016v2	630	Pulse	255	9510000	15161	NA
p016v2	632	Response	100	9529167	3997	1
p016v2	634	Pulse	255	9540000	332	NA
p016v2	636	Pulse	255	9570000	1	NA
p016v2	636	Response	100	9575247	5249	1
p016v2	638	Pulse	255	9600000	14336	NA
p016v2	640	Response	100	9620448	4453	1
p016v2	641	Pulse	255	9630000	9506	NA
p016v2	643	Pulse	255	9660000	9008	NA
p016v2	644	Response	101	9668207	7050	1
p016v2	646	Pulse	255	9690000	11344	NA
p016v2	648	Response	101	9714848	5861	1
p016v2	649	Pulse	255	9720000	5014	NA
p016v2	651	Pulse	255	9750000	4516	NA
p016v2	652	Response	100	9762527	6878	1
p016v2	654	Pulse	255	9780000	7019	NA
p016v2	656	Response	100	9809168	5856	1
p016v2	657	Pulse	255	9810000	689	NA
p016v2	659	Pulse	255	9840000	191	NA
p016v2	660	Response	100	9857407	7433	1
p016v2	662	Pulse	255	9870000	2194	NA
p016v2	664	Pulse	255	9900000	1863	NA
p016v2	664	Response	100	9905086	6949	1
p016v2	666	Pulse	255	9930000	14531	NA
p016v2	668	Response	101	9956446	10647	1
p016v2	669	Pulse	255	9960000	3368	NA
p016v2	671	Pulse	255	9990000	2871	NA
p016v2	672	Response	100	10003087	5792	1
p016v2	674	Pulse	255	10020000	6373	NA
p016v2	676	Response	101	10049246	5288	1
p016v2	677	Pulse	255	10050000	710	NA
p016v2	679	Pulse	255	10080000	212	NA
p016v2	680	Response	101	10094447	4494	1
p016v2	682	Pulse	255	10110000	5048	NA
p016v2	684	Pulse	255	10140000	4717	NA
p016v2	684	Response	101	10143007	7724	1
p016v2	686	Pulse	255	10170000	16552	NA
p016v2	688	Response	101	10189166	5388	1
p016v2	690	Pulse	255	10200000	389	NA
p016v2	692	Pulse	255	10230000	59	NA
p016v2	692	Response	101	10236686	6745	1
p016v2	694	Pulse	255	10260000	12894	NA
p016v2	696	Response	101	10284846	7409	1
p016v2	697	Pulse	255	10290000	5064	NA
p016v2	699	Pulse	255	10320000	4566	NA
p016v2	700	Response	100	10329886	4287	1
p016v2	702	Pulse	255	10350000	9735	NA
p016v2	704	Response	100	10375167	4571	1
p016v2	705	Pulse	255	10380000	4738	NA
p016v2	707	Pulse	255	10410000	4241	NA
p016v2	708	Response	101	10426765	10840	1
p016v2	710	Pulse	255	10440000	2744	NA
p016v2	712	Pulse	255	10470000	2413	NA
p016v2	712	Response	101	10476688	9101	1
p016v2	714	Pulse	255	10500000	12915	NA
p016v2	716	Response	100	10526687	9270	1
p016v2	717	Pulse	255	10530000	3251	NA
p016v2	719	Pulse	255	10560000	2754	NA
p016v2	720	Response	100	10572366	4954	1
p016v2	722	Pulse	255	10590000	7256	NA
p016v2	724	Picture	instruct_trial	10613074	0	1	40163	1	0	next	other	0
p016v2	724	Pulse	255	10620000	6926	NA
p016v2	724	Pulse	255	10650000	36926	NA
