Scenario - learning_JJ_english
Logfile written - 11/04/2021 12:36:31

Subject	Trial	Event Type	Code	Time	TTime	Uncertainty	Duration	Uncertainty	ReqTime	ReqDur	Stim Type	Pair Index

p017v2	0	Pulse	255	0	0	NA
p017v2	1	Picture	instruct_trial	10333	0	1	885089	1	0	next	other	0
p017v2	1	Pulse	255	30000	19667	NA
p017v2	1	Pulse	255	60000	49667	NA
p017v2	1	Pulse	255	90000	79667	NA
p017v2	1	Pulse	255	120000	109667	NA
p017v2	1	Pulse	255	150000	139667	NA
p017v2	1	Pulse	255	180000	169667	NA
p017v2	1	Pulse	255	210000	199667	NA
p017v2	1	Pulse	255	240000	229667	NA
p017v2	1	Pulse	255	270000	259667	NA
p017v2	1	Pulse	255	300000	289667	NA
p017v2	1	Pulse	255	330000	319667	NA
p017v2	1	Pulse	255	360000	349667	NA
p017v2	1	Pulse	255	390000	379667	NA
p017v2	1	Pulse	255	420000	409667	NA
p017v2	1	Pulse	255	450000	439667	NA
p017v2	1	Pulse	255	480000	469667	NA
p017v2	1	Pulse	255	510000	499667	NA
p017v2	1	Pulse	255	540000	529667	NA
p017v2	1	Pulse	255	570000	559667	NA
p017v2	1	Pulse	255	600000	589667	NA
p017v2	1	Pulse	255	630000	619667	NA
p017v2	1	Pulse	255	660000	649667	NA
p017v2	1	Pulse	255	690000	679667	NA
p017v2	1	Pulse	255	720000	709667	NA
p017v2	1	Pulse	255	750000	739667	NA
p017v2	1	Pulse	255	780000	769667	NA
p017v2	1	Pulse	255	810000	799667	NA
p017v2	1	Pulse	255	840000	829667	NA
p017v2	1	Pulse	255	870000	859667	NA
p017v2	1	Response	101	895297	884964	1
p017v2	1	Pulse	255	900000	889667	NA
p017v2	2	Response	100	907376	7287	1
p017v2	4	Pulse	255	930000	12246	NA
p017v2	6	Response	101	956176	8092	1
p017v2	7	Pulse	255	960000	3749	NA
p017v2	9	Pulse	255	990000	3252	NA
p017v2	10	Response	100	1002255	5342	1
p017v2	12	Pulse	255	1020000	7254	NA
p017v2	14	Response	101	1047456	4380	1
p017v2	15	Pulse	255	1050000	2424	NA
p017v2	17	Pulse	255	1080000	1927	NA
p017v2	18	Response	101	1093696	5457	1
p017v2	20	Pulse	255	1110000	5929	NA
p017v2	22	Pulse	255	1140000	5598	NA
p017v2	22	Response	100	1142415	8014	1
p017v2	24	Pulse	255	1170000	17100	NA
p017v2	26	Response	100	1188414	5184	1
p017v2	28	Pulse	255	1200000	1104	NA
p017v2	30	Pulse	255	1230000	773	NA
p017v2	30	Response	101	1237215	7988	1
p017v2	32	Pulse	255	1260000	12275	NA
p017v2	34	Response	100	1287374	9318	1
p017v2	35	Pulse	255	1290000	2445	NA
p017v2	37	Pulse	255	1320000	1948	NA
p017v2	38	Response	101	1335776	7557	1
p017v2	40	Pulse	255	1350000	3784	NA
p017v2	42	Pulse	255	1380000	3453	NA
p017v2	42	Response	101	1385855	9308	1
p017v2	44	Pulse	255	1410000	13621	NA
p017v2	46	Response	101	1438336	11627	1
p017v2	47	Pulse	255	1440000	1458	NA
p017v2	49	Pulse	255	1470000	961	NA
p017v2	50	Response	100	1486576	7371	1
p017v2	52	Pulse	255	1500000	2963	NA
p017v2	54	Pulse	255	1530000	2633	NA
p017v2	54	Response	100	1538975	11608	1
p017v2	56	Pulse	255	1560000	10635	NA
p017v2	58	Response	101	1586735	7039	1
p017v2	59	Pulse	255	1590000	3138	NA
p017v2	61	Pulse	255	1620000	2641	NA
p017v2	62	Response	100	1642494	14969	1
p017v2	63	Pulse	255	1650000	7309	NA
p017v2	65	Pulse	255	1680000	6812	NA
p017v2	66	Response	101	1689774	6420	1
p017v2	68	Pulse	255	1710000	9814	NA
p017v2	70	Response	101	1738415	7898	1
p017v2	71	Pulse	255	1740000	1484	NA
p017v2	73	Pulse	255	1770000	987	NA
p017v2	74	Response	100	1785536	6357	1
p017v2	76	Pulse	255	1800000	3989	NA
p017v2	78	Pulse	255	1830000	3659	NA
p017v2	78	Response	101	1832973	6632	1
p017v2	80	Pulse	255	1860000	16494	NA
p017v2	82	Response	100	1881774	7937	1
p017v2	83	Pulse	255	1890000	8164	NA
p017v2	85	Pulse	255	1920000	7666	NA
p017v2	86	Response	101	1938094	15595	1
p017v2	88	Pulse	255	1950000	1503	NA
p017v2	90	Pulse	255	1980000	1172	NA
p017v2	90	Response	100	1991614	12786	1
p017v2	92	Pulse	255	2010000	8007	NA
p017v2	94	Pulse	255	2040000	7677	NA
p017v2	94	Response	101	2040974	8651	1
p017v2	96	Pulse	255	2070000	18512	NA
p017v2	98	Response	101	2092014	10195	1
p017v2	99	Pulse	255	2100000	7849	NA
p017v2	101	Pulse	255	2130000	7351	NA
p017v2	102	Response	100	2144575	11761	1
p017v2	104	Pulse	255	2160000	5021	NA
p017v2	106	Pulse	255	2190000	4690	NA
p017v2	106	Response	100	2195534	10224	1
p017v2	108	Pulse	255	2220000	14025	NA
p017v2	110	Response	101	2248814	12508	1
p017v2	111	Pulse	255	2250000	1029	NA
p017v2	113	Pulse	255	2280000	532	NA
p017v2	114	Response	101	2303374	13740	1
p017v2	115	Pulse	255	2310000	6534	NA
p017v2	117	Pulse	255	2340000	6036	NA
p017v2	118	Response	100	2356252	12123	1
p017v2	120	Pulse	255	2370000	3206	NA
p017v2	122	Pulse	255	2400000	2875	NA
p017v2	122	Response	101	2401694	4570	1
p017v2	124	Pulse	255	2430000	17877	NA
p017v2	126	Response	101	2447614	5159	1
p017v2	128	Pulse	255	2460000	1881	NA
p017v2	130	Pulse	255	2490000	1550	NA
p017v2	130	Response	101	2503933	15483	1
p017v2	132	Pulse	255	2520000	5552	NA
p017v2	134	Pulse	255	2550000	5221	NA
p017v2	134	Response	100	2556974	12196	1
p017v2	136	Pulse	255	2580000	12557	NA
p017v2	138	Response	100	2605134	7360	1
p017v2	139	Pulse	255	2610000	4727	NA
p017v2	141	Pulse	255	2640000	4229	NA
p017v2	142	Response	101	2655614	9677	1
p017v2	144	Pulse	255	2670000	3899	NA
p017v2	146	Pulse	255	2700000	3568	NA
p017v2	146	Response	101	2702253	5821	1
p017v2	148	Pulse	255	2730000	17236	NA
p017v2	150	Response	100	2753853	10759	1
p017v2	151	Pulse	255	2760000	6073	NA
p017v2	153	Pulse	255	2790000	5576	NA
p017v2	154	Response	100	2802494	7904	1
p017v2	156	Pulse	255	2820000	7078	NA
p017v2	158	Pulse	255	2850000	6747	NA
p017v2	158	Response	100	2852494	9241	1
p017v2	160	Pulse	255	2880000	17083	NA
p017v2	162	Response	101	2898491	5243	1
p017v2	164	Pulse	255	2910000	1087	NA
p017v2	166	Pulse	255	2940000	756	NA
p017v2	166	Response	101	2946733	7489	1
p017v2	168	Pulse	255	2970000	12757	NA
p017v2	170	Pulse	255	3000000	12427	NA
p017v2	170	Response	101	3001051	13478	1
p017v2	172	Pulse	255	3030000	18429	NA
p017v2	174	Response	100	3048572	6671	1
p017v2	176	Pulse	255	3060000	933	NA
p017v2	178	Pulse	255	3090000	602	NA
p017v2	178	Response	100	3096013	6615	1
p017v2	180	Pulse	255	3120000	13604	NA
p017v2	182	Response	101	3147533	10806	1
p017v2	183	Pulse	255	3150000	2274	NA
p017v2	185	Pulse	255	3180000	1777	NA
p017v2	186	Response	101	3197532	9143	1
p017v2	188	Pulse	255	3210000	1946	NA
p017v2	190	Pulse	255	3240000	1615	NA
p017v2	190	Response	100	3245373	6988	1
p017v2	192	Pulse	255	3270000	14117	NA
p017v2	194	Response	101	3294093	7879	1
p017v2	195	Pulse	255	3300000	5787	NA
p017v2	197	Pulse	255	3330000	5289	NA
p017v2	198	Response	100	3340892	6016	1
p017v2	200	Pulse	255	3360000	8625	NA
p017v2	202	Response	101	3389532	7827	1
p017v2	203	Pulse	255	3390000	295	NA
p017v2	204	Pulse	255	3420000	19963	NA
p017v2	206	Response	100	3434492	4124	1
p017v2	208	Pulse	255	3450000	4967	NA
p017v2	210	Pulse	255	3480000	4636	NA
p017v2	210	Response	101	3484813	9449	1
p017v2	212	Pulse	255	3510000	14804	NA
p017v2	214	Response	101	3532492	6966	1
p017v2	215	Pulse	255	3540000	7308	NA
p017v2	217	Pulse	255	3570000	6810	NA
p017v2	218	Response	101	3580813	7457	1
p017v2	220	Pulse	255	3600000	8646	NA
p017v2	222	Pulse	255	3630000	8315	NA
p017v2	222	Response	101	3636493	14808	1
p017v2	224	Pulse	255	3660000	12984	NA
p017v2	226	Response	101	3685611	8265	1
p017v2	227	Pulse	255	3690000	4321	NA
p017v2	229	Pulse	255	3720000	3824	NA
p017v2	230	Response	101	3737371	11029	1
p017v2	232	Pulse	255	3750000	2160	NA
p017v2	234	Pulse	255	3780000	1829	NA
p017v2	234	Response	100	3783530	5359	1
p017v2	236	Pulse	255	3810000	15997	NA
p017v2	238	Response	100	3831931	7598	1
p017v2	239	Pulse	255	3840000	8000	NA
p017v2	241	Pulse	255	3870000	7503	NA
p017v2	242	Picture	instruct_trial	3872663	0	1	17832	1	0	next	other	0
p017v2	242	Response	101	3890332	17669	1
p017v2	243	Pulse	255	3900000	9339	NA
p017v2	243	Response	101	3907932	17271	1
p017v2	245	Pulse	255	3930000	11675	NA
p017v2	247	Pulse	255	3960000	11344	NA
p017v2	247	Response	101	3962411	13755	1
p017v2	249	Pulse	255	3990000	17179	NA
p017v2	251	Response	101	4017131	13980	1
p017v2	252	Pulse	255	4020000	2683	NA
p017v2	254	Pulse	255	4050000	2186	NA
p017v2	255	Response	101	4069530	11551	1
p017v2	257	Pulse	255	4080000	22	NA
p017v2	258	Pulse	255	4110000	9857	NA
p017v2	259	Response	100	4121691	11383	1
p017v2	261	Pulse	255	4140000	7860	NA
p017v2	263	Pulse	255	4170000	7529	NA
p017v2	263	Response	100	4172571	10101	1
p017v2	265	Pulse	255	4200000	17031	NA
p017v2	267	Response	101	4224891	11591	1
p017v2	268	Pulse	255	4230000	5035	NA
p017v2	270	Pulse	255	4260000	4537	NA
p017v2	271	Response	100	4271371	5742	1
p017v2	273	Pulse	255	4290000	8206	NA
p017v2	275	Response	101	4318731	6606	1
p017v2	276	Pulse	255	4320000	1210	NA
p017v2	278	Pulse	255	4350000	712	NA
p017v2	279	Response	100	4367451	7997	1
p017v2	281	Pulse	255	4380000	2048	NA
p017v2	283	Pulse	255	4410000	1717	NA
p017v2	283	Response	101	4417531	9248	1
p017v2	285	Pulse	255	4440000	12052	NA
p017v2	287	Response	101	4466171	7893	1
p017v2	288	Pulse	255	4470000	3722	NA
p017v2	290	Pulse	255	4500000	3225	NA
p017v2	291	Response	100	4514409	7468	1
p017v2	293	Pulse	255	4530000	5061	NA
p017v2	295	Pulse	255	4560000	4730	NA
p017v2	295	Response	100	4566811	11542	1
p017v2	297	Pulse	255	4590000	12732	NA
p017v2	299	Response	101	4616970	9371	1
p017v2	300	Pulse	255	4620000	2902	NA
p017v2	302	Pulse	255	4650000	2405	NA
p017v2	303	Response	101	4667050	9289	1
p017v2	305	Pulse	255	4680000	2408	NA
p017v2	307	Pulse	255	4710000	2077	NA
p017v2	307	Response	101	4715771	7848	1
p017v2	309	Pulse	255	4740000	13745	NA
p017v2	311	Response	100	4764330	7745	1
p017v2	312	Pulse	255	4770000	5582	NA
p017v2	314	Pulse	255	4800000	5084	NA
p017v2	315	Response	101	4811530	6449	1
p017v2	317	Pulse	255	4830000	8087	NA
p017v2	319	Response	100	4859291	7047	1
p017v2	320	Pulse	255	4860000	590	NA
p017v2	322	Pulse	255	4890000	93	NA
p017v2	323	Response	100	4910650	10577	1
p017v2	324	Pulse	255	4920000	9261	NA
p017v2	326	Pulse	255	4950000	8764	NA
p017v2	327	Response	101	4955370	3968	1
p017v2	329	Pulse	255	4980000	14099	NA
p017v2	331	Response	101	5003370	7138	1
p017v2	332	Pulse	255	5010000	6436	NA
p017v2	334	Pulse	255	5040000	5939	NA
p017v2	335	Response	100	5048889	4662	1
p017v2	337	Pulse	255	5070000	10608	NA
p017v2	339	Response	101	5096010	6287	1
p017v2	340	Pulse	255	5100000	3944	NA
p017v2	342	Pulse	255	5130000	3447	NA
p017v2	343	Response	100	5147049	10330	1
p017v2	345	Pulse	255	5160000	2449	NA
p017v2	347	Pulse	255	5190000	2119	NA
p017v2	347	Response	100	5195691	7810	1
p017v2	349	Pulse	255	5220000	13787	NA
p017v2	351	Response	101	5245129	8585	1
p017v2	352	Pulse	255	5250000	4790	NA
p017v2	354	Pulse	255	5280000	4293	NA
p017v2	355	Response	101	5291210	5337	1
p017v2	357	Pulse	255	5310000	8295	NA
p017v2	359	Response	100	5338729	6694	1
p017v2	360	Pulse	255	5340000	1132	NA
p017v2	362	Pulse	255	5370000	635	NA
p017v2	363	Response	100	5387290	7759	1
p017v2	365	Pulse	255	5400000	2304	NA
p017v2	367	Pulse	255	5430000	1973	NA
p017v2	367	Response	100	5433689	5662	1
p017v2	369	Pulse	255	5460000	15808	NA
p017v2	371	Response	100	5480329	5806	1
p017v2	372	Pulse	255	5490000	9478	NA
p017v2	374	Pulse	255	5520000	8980	NA
p017v2	375	Response	101	5527049	5863	1
p017v2	377	Pulse	255	5550000	12483	NA
p017v2	379	Response	101	5574572	6724	1
p017v2	380	Pulse	255	5580000	5319	NA
p017v2	382	Pulse	255	5610000	4822	NA
p017v2	383	Response	100	5621929	6585	1
p017v2	385	Pulse	255	5640000	7657	NA
p017v2	387	Response	100	5668809	6136	1
p017v2	388	Pulse	255	5670000	994	NA
p017v2	390	Pulse	255	5700000	497	NA
p017v2	391	Response	101	5716014	6345	1
p017v2	392	Response	101	5721850	5681	1
p017v2	393	Pulse	255	5730000	3499	NA
p017v2	395	Pulse	255	5760000	3168	NA
p017v2	395	Response	101	5761929	5098	1
p017v2	397	Pulse	255	5790000	17670	NA
p017v2	399	Response	101	5808809	6148	1
p017v2	401	Pulse	255	5820000	674	NA
p017v2	403	Pulse	255	5850000	343	NA
p017v2	403	Response	100	5856728	7072	1
p017v2	405	Pulse	255	5880000	12845	NA
p017v2	407	Response	100	5905768	8282	1
p017v2	408	Pulse	255	5910000	4181	NA
p017v2	410	Pulse	255	5940000	3684	NA
p017v2	411	Response	101	5954888	8406	1
p017v2	413	Pulse	255	5970000	4687	NA
p017v2	415	Pulse	255	6000000	4356	NA
p017v2	415	Response	101	6005448	9804	1
p017v2	417	Pulse	255	6030000	14024	NA
p017v2	419	Response	101	6053688	7382	1
p017v2	420	Pulse	255	6060000	6194	NA
p017v2	422	Pulse	255	6090000	5697	NA
p017v2	423	Response	101	6100487	6018	1
p017v2	425	Pulse	255	6120000	9033	NA
p017v2	427	Response	100	6147528	6229	1
p017v2	428	Pulse	255	6150000	2369	NA
p017v2	430	Pulse	255	6180000	1872	NA
p017v2	431	Response	100	6197368	9074	1
p017v2	433	Pulse	255	6210000	2208	NA
p017v2	435	Pulse	255	6240000	1877	NA
p017v2	435	Response	100	6244728	6605	1
p017v2	437	Pulse	255	6270000	14878	NA
p017v2	439	Response	101	6291207	5755	1
p017v2	440	Pulse	255	6300000	8715	NA
p017v2	442	Pulse	255	6330000	8218	NA
p017v2	443	Response	100	6338328	6379	1
p017v2	445	Pulse	255	6360000	11220	NA
p017v2	447	Response	101	6387207	8097	1
p017v2	448	Pulse	255	6390000	2723	NA
p017v2	450	Pulse	255	6420000	2226	NA
p017v2	451	Response	100	6434728	6788	1
p017v2	453	Pulse	255	6450000	4895	NA
p017v2	455	Pulse	255	6480000	4564	NA
p017v2	455	Response	100	6481047	5612	1
p017v2	457	Pulse	255	6510000	18566	NA
p017v2	459	Response	100	6529528	7763	1
p017v2	461	Pulse	255	6540000	70	NA
p017v2	462	Pulse	255	6570000	9905	NA
p017v2	463	Response	101	6577447	7187	1
p017v2	465	Pulse	255	6600000	12074	NA
p017v2	467	Response	100	6623928	5671	1
p017v2	468	Pulse	255	6630000	5911	NA
p017v2	470	Pulse	255	6660000	5413	NA
p017v2	471	Response	100	6670807	6054	1
p017v2	473	Pulse	255	6690000	8749	NA
p017v2	475	Response	101	6718487	6905	1
p017v2	476	Pulse	255	6720000	1419	NA
p017v2	478	Pulse	255	6750000	922	NA
p017v2	479	Response	101	6764647	5403	1
p017v2	481	Pulse	255	6780000	4924	NA
p017v2	483	Picture	instruct_trial	6805407	0	1	530954	1	0	next	other	0
p017v2	483	Pulse	255	6810000	4593	NA
p017v2	483	Pulse	255	6840000	34593	NA
p017v2	483	Pulse	255	6870000	64593	NA
p017v2	483	Pulse	255	6900000	94593	NA
p017v2	483	Pulse	255	6930000	124593	NA
p017v2	483	Pulse	255	6960000	154593	NA
p017v2	483	Pulse	255	6990000	184593	NA
p017v2	483	Pulse	255	7020000	214593	NA
p017v2	483	Pulse	255	7050000	244593	NA
p017v2	483	Pulse	255	7080000	274593	NA
p017v2	483	Pulse	255	7110000	304593	NA
p017v2	483	Pulse	255	7140000	334593	NA
p017v2	483	Pulse	255	7170000	364593	NA
p017v2	483	Pulse	255	7200000	394593	NA
p017v2	483	Pulse	255	7230000	424593	NA
p017v2	483	Pulse	255	7260000	454593	NA
p017v2	483	Pulse	255	7290000	484593	NA
p017v2	483	Pulse	255	7320000	514593	NA
p017v2	483	Response	100	7336246	530839	1
p017v2	484	Pulse	255	7350000	13473	NA
p017v2	484	Response	100	7350966	14439	1
p017v2	486	Pulse	255	7380000	18642	NA
p017v2	488	Response	101	7402566	10877	1
p017v2	489	Pulse	255	7410000	7312	NA
p017v2	491	Pulse	255	7440000	6815	NA
p017v2	492	Response	101	7453604	10253	1
p017v2	494	Pulse	255	7470000	5984	NA
p017v2	496	Pulse	255	7500000	5653	NA
p017v2	496	Response	100	7503366	9020	1
p017v2	498	Pulse	255	7530000	16155	NA
p017v2	500	Response	101	7553286	9110	1
p017v2	501	Pulse	255	7560000	6658	NA
p017v2	503	Pulse	255	7590000	6161	NA
p017v2	504	Response	101	7600407	6402	1
p017v2	506	Pulse	255	7620000	9163	NA
p017v2	508	Response	100	7649606	8438	1
p017v2	509	Pulse	255	7650000	333	NA
p017v2	510	Pulse	255	7680000	20001	NA
p017v2	512	Response	101	7695286	4956	1
p017v2	514	Pulse	255	7710000	4338	NA
p017v2	516	Pulse	255	7740000	4008	NA
p017v2	516	Response	100	7743846	7853	1
p017v2	518	Pulse	255	7770000	15676	NA
p017v2	520	Response	101	7789687	5032	1
p017v2	521	Pulse	255	7800000	10179	NA
p017v2	523	Pulse	255	7830000	9682	NA
p017v2	524	Response	101	7836886	6402	1
p017v2	526	Pulse	255	7860000	12684	NA
p017v2	528	Response	100	7884806	7159	1
p017v2	529	Pulse	255	7890000	5021	NA
p017v2	531	Pulse	255	7920000	4523	NA
p017v2	532	Response	100	7933285	7643	1
p017v2	534	Pulse	255	7950000	6192	NA
p017v2	536	Pulse	255	7980000	5862	NA
p017v2	536	Response	101	7980245	6107	1
p017v2	538	Pulse	255	8010000	19363	NA
p017v2	540	Response	101	8030645	9678	1
p017v2	541	Pulse	255	8040000	9200	NA
p017v2	543	Pulse	255	8070000	8703	NA
p017v2	544	Response	100	8081765	10302	1
p017v2	546	Pulse	255	8100000	7705	NA
p017v2	548	Pulse	255	8130000	7375	NA
p017v2	548	Response	101	8131452	8827	1
p017v2	550	Pulse	255	8160000	18043	NA
p017v2	552	Response	101	8178085	5798	1
p017v2	554	Pulse	255	8190000	1381	NA
p017v2	556	Pulse	255	8220000	1050	NA
p017v2	556	Response	100	8227286	8336	1
p017v2	558	Pulse	255	8250000	12218	NA
p017v2	560	Response	101	8275045	6932	1
p017v2	561	Pulse	255	8280000	4888	NA
p017v2	563	Pulse	255	8310000	4391	NA
p017v2	564	Response	101	8322325	6550	1
p017v2	566	Pulse	255	8340000	7226	NA
p017v2	568	Pulse	255	8370000	6896	NA
p017v2	568	Response	100	8371204	8100	1
p017v2	570	Pulse	255	8400000	18397	NA
p017v2	572	Response	100	8418405	6471	1
p017v2	574	Pulse	255	8430000	1068	NA
p017v2	576	Pulse	255	8460000	737	NA
p017v2	576	Response	101	8464564	5302	1
p017v2	578	Pulse	255	8490000	14906	NA
p017v2	580	Response	100	8509844	4419	1
p017v2	581	Pulse	255	8520000	10075	NA
p017v2	583	Pulse	255	8550000	9578	NA
p017v2	584	Response	100	8558804	8217	1
p017v2	586	Pulse	255	8580000	10747	NA
p017v2	588	Response	101	8605845	6261	1
p017v2	589	Pulse	255	8610000	4084	NA
p017v2	591	Pulse	255	8640000	3586	NA
p017v2	592	Response	101	8651284	4705	1
p017v2	594	Pulse	255	8670000	8255	NA
p017v2	596	Pulse	255	8700000	7924	NA
p017v2	596	Response	100	8700404	8328	1
p017v2	598	Pulse	255	8730000	19093	NA
p017v2	600	Response	100	8749524	8286	1
p017v2	602	Pulse	255	8760000	97	NA
p017v2	603	Pulse	255	8790000	9932	NA
p017v2	604	Response	101	8796084	5850	1
p017v2	606	Pulse	255	8820000	13434	NA
p017v2	608	Response	101	8845763	8867	1
p017v2	609	Pulse	255	8850000	4105	NA
p017v2	611	Pulse	255	8880000	3607	NA
p017v2	612	Response	101	8896804	10245	1
p017v2	614	Pulse	255	8910000	2777	NA
p017v2	616	Pulse	255	8940000	2446	NA
p017v2	616	Response	101	8948644	11090	1
p017v2	618	Pulse	255	8970000	10948	NA
p017v2	620	Response	100	8994325	4942	1
p017v2	621	Pulse	255	9000000	5617	NA
p017v2	623	Pulse	255	9030000	5120	NA
p017v2	624	Response	101	9040884	5838	1
p017v2	626	Pulse	255	9060000	8622	NA
p017v2	628	Response	101	9087684	5975	1
p017v2	629	Pulse	255	9090000	2126	NA
p017v2	631	Pulse	255	9120000	1628	NA
p017v2	632	Response	100	9134565	6028	1
p017v2	634	Pulse	255	9150000	4964	NA
p017v2	636	Pulse	255	9180000	4633	NA
p017v2	636	Response	100	9185203	9837	1
p017v2	638	Pulse	255	9210000	14302	NA
p017v2	640	Response	100	9232163	6134	1
p017v2	641	Pulse	255	9240000	7638	NA
p017v2	643	Pulse	255	9270000	7141	NA
p017v2	644	Response	101	9278404	5379	1
p017v2	646	Pulse	255	9300000	11143	NA
p017v2	648	Response	101	9325203	6015	1
p017v2	649	Pulse	255	9330000	4646	NA
p017v2	651	Pulse	255	9360000	4149	NA
p017v2	652	Response	100	9378484	12468	1
p017v2	654	Pulse	255	9390000	985	NA
p017v2	656	Pulse	255	9420000	655	NA
p017v2	656	Response	100	9424484	5139	1
p017v2	658	Pulse	255	9450000	14989	NA
p017v2	660	Response	100	9470323	4982	1
p017v2	661	Pulse	255	9480000	9492	NA
p017v2	663	Pulse	255	9510000	8995	NA
p017v2	664	Response	100	9515522	4351	1
p017v2	666	Pulse	255	9540000	13997	NA
p017v2	668	Response	100	9560963	4629	1
p017v2	669	Pulse	255	9570000	8834	NA
p017v2	671	Pulse	255	9600000	8336	NA
p017v2	672	Response	100	9606804	4974	1
p017v2	674	Pulse	255	9630000	12672	NA
p017v2	676	Response	101	9654323	6664	1
p017v2	677	Pulse	255	9660000	5508	NA
p017v2	679	Pulse	255	9690000	5011	NA
p017v2	680	Response	100	9700883	5730	1
p017v2	682	Pulse	255	9720000	8680	NA
p017v2	684	Response	101	9749523	7873	1
p017v2	685	Pulse	255	9750000	350	NA
p017v2	686	Pulse	255	9780000	20018	NA
p017v2	688	Response	100	9796003	5690	1
p017v2	690	Pulse	255	9810000	3522	NA
p017v2	692	Pulse	255	9840000	3191	NA
p017v2	692	Response	100	9843842	7033	1
p017v2	694	Pulse	255	9870000	15693	NA
p017v2	696	Response	101	9893683	9045	1
p017v2	697	Pulse	255	9900000	6196	NA
p017v2	699	Pulse	255	9930000	5699	NA
p017v2	700	Response	101	9939762	5295	1
p017v2	702	Pulse	255	9960000	9701	NA
p017v2	704	Pulse	255	9990000	9370	NA
p017v2	704	Response	100	9990722	10093	1
p017v2	706	Pulse	255	10020000	18872	NA
p017v2	708	Response	100	10043441	11982	1
p017v2	709	Pulse	255	10050000	6376	NA
p017v2	711	Pulse	255	10080000	5878	NA
p017v2	712	Response	101	10090802	6515	1
p017v2	714	Pulse	255	10110000	8714	NA
p017v2	716	Response	100	10137923	6306	1
p017v2	717	Pulse	255	10140000	1884	NA
p017v2	719	Pulse	255	10170000	1387	NA
p017v2	720	Response	100	10186002	7223	1
p017v2	722	Pulse	255	10200000	3556	NA
p017v2	724	Picture	instruct_trial	10226775	0	1	40163	1	0	next	other	0
p017v2	724	Pulse	255	10230000	3225	NA
p017v2	724	Pulse	255	10260000	33225	NA
