Scenario - learning_JJ_english
Logfile written - 11/05/2021 12:31:45

Subject	Trial	Event Type	Code	Time	TTime	Uncertainty	Duration	Uncertainty	ReqTime	ReqDur	Stim Type	Pair Index

p018v2	0	Pulse	255	0	0	NA
p018v2	1	Picture	instruct_trial	10333	0	1	1657689	1	0	next	other	0
p018v2	1	Pulse	255	30000	19667	NA
p018v2	1	Pulse	255	60000	49667	NA
p018v2	1	Pulse	255	90000	79667	NA
p018v2	1	Pulse	255	120000	109667	NA
p018v2	1	Pulse	255	150000	139667	NA
p018v2	1	Pulse	255	180000	169667	NA
p018v2	1	Pulse	255	210000	199667	NA
p018v2	1	Pulse	255	240000	229667	NA
p018v2	1	Pulse	255	270000	259667	NA
p018v2	1	Pulse	255	300000	289667	NA
p018v2	1	Pulse	255	330000	319667	NA
p018v2	1	Pulse	255	360000	349667	NA
p018v2	1	Pulse	255	390000	379667	NA
p018v2	1	Pulse	255	420000	409667	NA
p018v2	1	Pulse	255	450000	439667	NA
p018v2	1	Pulse	255	480000	469667	NA
p018v2	1	Pulse	255	510000	499667	NA
p018v2	1	Pulse	255	540000	529667	NA
p018v2	1	Pulse	255	570000	559667	NA
p018v2	1	Pulse	255	600000	589667	NA
p018v2	1	Pulse	255	630000	619667	NA
p018v2	1	Pulse	255	660000	649667	NA
p018v2	1	Pulse	255	690000	679667	NA
p018v2	1	Pulse	255	720000	709667	NA
p018v2	1	Pulse	255	750000	739667	NA
p018v2	1	Pulse	255	780000	769667	NA
p018v2	1	Pulse	255	810000	799667	NA
p018v2	1	Pulse	255	840000	829667	NA
p018v2	1	Pulse	255	870000	859667	NA
p018v2	1	Pulse	255	900000	889667	NA
p018v2	1	Pulse	255	930000	919667	NA
p018v2	1	Pulse	255	960000	949667	NA
p018v2	1	Pulse	255	990000	979667	NA
p018v2	1	Pulse	255	1020000	1009667	NA
p018v2	1	Pulse	255	1050000	1039667	NA
p018v2	1	Pulse	255	1080000	1069667	NA
p018v2	1	Pulse	255	1110000	1099667	NA
p018v2	1	Pulse	255	1140000	1129667	NA
p018v2	1	Pulse	255	1170000	1159667	NA
p018v2	1	Pulse	255	1200000	1189667	NA
p018v2	1	Pulse	255	1230000	1219667	NA
p018v2	1	Pulse	255	1260000	1249667	NA
p018v2	1	Pulse	255	1290000	1279667	NA
p018v2	1	Pulse	255	1320000	1309667	NA
p018v2	1	Pulse	255	1350000	1339667	NA
p018v2	1	Pulse	255	1380000	1369667	NA
p018v2	1	Pulse	255	1410000	1399667	NA
p018v2	1	Pulse	255	1440000	1429667	NA
p018v2	1	Pulse	255	1470000	1459667	NA
p018v2	1	Pulse	255	1500000	1489667	NA
p018v2	1	Pulse	255	1530000	1519667	NA
p018v2	1	Pulse	255	1560000	1549667	NA
p018v2	1	Pulse	255	1590000	1579667	NA
p018v2	1	Pulse	255	1620000	1609667	NA
p018v2	1	Pulse	255	1650000	1639667	NA
p018v2	1	Response	101	1667848	1657515	1
p018v2	1	Pulse	255	1680000	1669667	NA
p018v2	2	Response	100	1699926	19738	1
p018v2	3	Pulse	255	1710000	9981	NA
p018v2	5	Pulse	255	1740000	9484	NA
p018v2	6	Response	100	1757286	16604	1
p018v2	8	Pulse	255	1770000	2320	NA
p018v2	10	Pulse	255	1800000	1990	NA
p018v2	10	Response	100	1814486	16476	1
p018v2	12	Pulse	255	1830000	4992	NA
p018v2	14	Pulse	255	1860000	4661	NA
p018v2	14	Response	101	1872246	16908	1
p018v2	16	Pulse	255	1890000	7330	NA
p018v2	18	Pulse	255	1920000	7000	NA
p018v2	18	Response	101	1920647	7647	1
p018v2	20	Pulse	255	1950000	18835	NA
p018v2	22	Response	100	1975686	14190	1
p018v2	23	Pulse	255	1980000	4172	NA
p018v2	25	Pulse	255	2010000	3675	NA
p018v2	26	Response	101	2023526	7035	1
p018v2	28	Pulse	255	2040000	6010	NA
p018v2	30	Pulse	255	2070000	5680	NA
p018v2	30	Response	100	2073607	9286	1
p018v2	32	Pulse	255	2100000	16015	NA
p018v2	34	Response	101	2121926	7610	1
p018v2	35	Pulse	255	2130000	8025	NA
p018v2	37	Pulse	255	2160000	7521	NA
p018v2	38	Response	101	2169445	6800	1
p018v2	40	Pulse	255	2190000	10023	NA
p018v2	42	Response	100	2218166	7858	1
p018v2	43	Pulse	255	2220000	1693	NA
p018v2	45	Pulse	255	2250000	1196	NA
p018v2	46	Response	100	2271205	12235	1
p018v2	47	Pulse	255	2280000	8698	NA
p018v2	49	Pulse	255	2310000	8200	NA
p018v2	50	Response	101	2333365	21400	1
p018v2	51	Pulse	255	2340000	6536	NA
p018v2	53	Pulse	255	2370000	6039	NA
p018v2	54	Response	101	2387926	13799	1
p018v2	56	Pulse	255	2400000	1542	NA
p018v2	58	Pulse	255	2430000	1211	NA
p018v2	58	Response	100	2433845	5056	1
p018v2	60	Pulse	255	2460000	15713	NA
p018v2	62	Response	100	2484483	9865	1
p018v2	63	Pulse	255	2490000	5383	NA
p018v2	65	Pulse	255	2520000	4886	NA
p018v2	66	Pulse	255	2550000	24720	NA
p018v2	66	Response	101	2554485	29204	1
p018v2	68	Pulse	255	2580000	15057	NA
p018v2	70	Pulse	255	2610000	14726	NA
p018v2	70	Response	100	2612645	17371	1
p018v2	72	Pulse	255	2640000	16895	NA
p018v2	74	Pulse	255	2670000	16564	NA
p018v2	74	Response	100	2677285	23849	1
p018v2	76	Pulse	255	2700000	12234	NA
p018v2	78	Response	100	2723765	5668	1
p018v2	79	Pulse	255	2730000	6070	NA
p018v2	81	Pulse	255	2760000	5573	NA
p018v2	82	Response	100	2777844	13251	1
p018v2	84	Pulse	255	2790000	1743	NA
p018v2	86	Pulse	255	2820000	1412	NA
p018v2	86	Response	101	2831204	12616	1
p018v2	88	Pulse	255	2850000	8414	NA
p018v2	90	Pulse	255	2880000	8083	NA
p018v2	90	Pulse	255	2910000	38083	NA
p018v2	90	Response	101	2912164	40248	1
p018v2	92	Pulse	255	2940000	17421	NA
p018v2	94	Pulse	255	2970000	17090	NA
p018v2	94	Response	101	2975604	22695	1
p018v2	96	Pulse	255	3000000	13927	NA
p018v2	98	Response	101	3023204	6800	1
p018v2	99	Pulse	255	3030000	6597	NA
p018v2	101	Pulse	255	3060000	6099	NA
p018v2	102	Response	100	3071765	7698	1
p018v2	104	Pulse	255	3090000	7768	NA
p018v2	106	Pulse	255	3120000	7438	NA
p018v2	106	Response	100	3134964	22402	1
p018v2	108	Pulse	255	3150000	4607	NA
p018v2	110	Pulse	255	3180000	4277	NA
p018v2	110	Response	101	3195523	19800	1
p018v2	112	Pulse	255	3210000	3946	NA
p018v2	114	Pulse	255	3240000	3615	NA
p018v2	114	Response	101	3252004	15619	1
p018v2	116	Pulse	255	3270000	7617	NA
p018v2	118	Response	100	3299765	7052	1
p018v2	119	Pulse	255	3300000	121	NA
p018v2	120	Pulse	255	3330000	19788	NA
p018v2	122	Pulse	255	3360000	19458	NA
p018v2	122	Response	101	3360165	19622	1
p018v2	124	Pulse	255	3390000	19294	NA
p018v2	126	Response	100	3411683	10646	1
p018v2	127	Pulse	255	3420000	8131	NA
p018v2	129	Pulse	255	3450000	7633	NA
p018v2	130	Response	100	3460405	7872	1
p018v2	132	Pulse	255	3480000	9136	NA
p018v2	134	Response	101	3507204	6009	1
p018v2	135	Pulse	255	3510000	2639	NA
p018v2	137	Pulse	255	3540000	2141	NA
p018v2	138	Response	101	3555682	7658	1
p018v2	140	Pulse	255	3570000	3811	NA
p018v2	142	Pulse	255	3600000	3480	NA
p018v2	142	Response	100	3607363	10843	1
p018v2	144	Pulse	255	3630000	12148	NA
p018v2	146	Response	100	3655443	7261	1
p018v2	147	Pulse	255	3660000	4485	NA
p018v2	149	Pulse	255	3690000	3988	NA
p018v2	150	Response	101	3702805	6627	1
p018v2	152	Pulse	255	3720000	6657	NA
p018v2	154	Pulse	255	3750000	6326	NA
p018v2	154	Response	100	3751923	8249	1
p018v2	156	Pulse	255	3780000	17661	NA
p018v2	158	Response	101	3799603	6933	1
p018v2	159	Pulse	255	3810000	10331	NA
p018v2	161	Pulse	255	3840000	9834	NA
p018v2	162	Response	100	3846723	6391	1
p018v2	164	Pulse	255	3870000	12836	NA
p018v2	166	Pulse	255	3900000	12505	NA
p018v2	166	Response	100	3903203	15708	1
p018v2	168	Pulse	255	3930000	16341	NA
p018v2	170	Response	101	3950003	6013	1
p018v2	171	Pulse	255	3960000	9844	NA
p018v2	173	Pulse	255	3990000	9347	NA
p018v2	174	Pulse	255	4020000	29181	NA
p018v2	174	Response	101	4049043	58224	1
p018v2	175	Pulse	255	4050000	853	NA
p018v2	177	Pulse	255	4080000	355	NA
p018v2	178	Response	101	4097362	7552	1
p018v2	180	Pulse	255	4110000	2191	NA
p018v2	182	Pulse	255	4140000	1861	NA
p018v2	182	Response	101	4144163	6023	1
p018v2	184	Pulse	255	4170000	15362	NA
p018v2	186	Pulse	255	4200000	15031	NA
p018v2	186	Response	100	4220167	35198	1
p018v2	187	Pulse	255	4230000	9701	NA
p018v2	189	Pulse	255	4260000	9204	NA
p018v2	190	Response	101	4268004	7042	1
p018v2	192	Pulse	255	4290000	11539	NA
p018v2	194	Response	100	4315442	6651	1
p018v2	195	Pulse	255	4320000	4376	NA
p018v2	197	Pulse	255	4350000	3879	NA
p018v2	198	Response	101	4362241	5954	1
p018v2	200	Pulse	255	4380000	7381	NA
p018v2	202	Pulse	255	4410000	7050	NA
p018v2	202	Response	100	4414322	11372	1
p018v2	204	Pulse	255	4440000	15219	NA
p018v2	206	Response	101	4465362	10250	1
p018v2	207	Pulse	255	4470000	4556	NA
p018v2	209	Pulse	255	4500000	4058	NA
p018v2	210	Response	100	4513843	7736	1
p018v2	212	Pulse	255	4530000	5728	NA
p018v2	214	Response	100	4559362	4759	1
p018v2	215	Pulse	255	4560000	564	NA
p018v2	217	Pulse	255	4590000	67	NA
p018v2	218	Response	100	4619203	19104	1
p018v2	219	Pulse	255	4620000	736	NA
p018v2	221	Pulse	255	4650000	239	NA
p018v2	222	Response	100	4667202	7275	1
p018v2	224	Pulse	255	4680000	2408	NA
p018v2	226	Pulse	255	4710000	2077	NA
p018v2	226	Response	100	4716402	8479	1
p018v2	228	Pulse	255	4740000	13079	NA
p018v2	230	Pulse	255	4770000	12748	NA
p018v2	230	Response	100	4791122	33869	1
p018v2	231	Pulse	255	4800000	8751	NA
p018v2	233	Pulse	255	4830000	8254	NA
p018v2	234	Response	101	4846162	14250	1
p018v2	236	Pulse	255	4860000	3423	NA
p018v2	238	Pulse	255	4890000	3093	NA
p018v2	238	Response	101	4904401	17494	1
p018v2	240	Pulse	255	4920000	5095	NA
p018v2	242	Picture	instruct_trial	4945236	0	1	19498	1	0	next	other	0
p018v2	242	Pulse	255	4950000	4764	NA
p018v2	242	Response	101	4964642	19406	1
p018v2	243	Pulse	255	4980000	15099	NA
p018v2	243	Response	100	5009041	44140	1
p018v2	244	Pulse	255	5010000	770	NA
p018v2	246	Pulse	255	5040000	273	NA
p018v2	247	Response	100	5066322	16429	1
p018v2	248	Pulse	255	5070000	3608	NA
p018v2	250	Pulse	255	5100000	3111	NA
p018v2	251	Response	100	5127841	20786	1
p018v2	252	Pulse	255	5130000	2114	NA
p018v2	254	Pulse	255	5160000	1616	NA
p018v2	255	Response	101	5176161	7611	1
p018v2	257	Pulse	255	5190000	3452	NA
p018v2	259	Pulse	255	5220000	3121	NA
p018v2	259	Response	101	5223121	6242	1
p018v2	261	Pulse	255	5250000	16456	NA
p018v2	263	Response	101	5272241	8366	1
p018v2	264	Pulse	255	5280000	7626	NA
p018v2	266	Pulse	255	5310000	7129	NA
p018v2	267	Response	101	5322002	8965	1
p018v2	269	Pulse	255	5340000	7465	NA
p018v2	271	Pulse	255	5370000	7134	NA
p018v2	271	Response	100	5381522	18656	1
p018v2	273	Pulse	255	5400000	7970	NA
p018v2	275	Pulse	255	5430000	7639	NA
p018v2	275	Response	101	5433120	10760	1
p018v2	277	Pulse	255	5460000	16474	NA
p018v2	279	Response	101	5484560	10704	1
p018v2	280	Pulse	255	5490000	5311	NA
p018v2	282	Pulse	255	5520000	4814	NA
p018v2	283	Response	100	5537120	11769	1
p018v2	285	Pulse	255	5550000	2484	NA
p018v2	287	Pulse	255	5580000	2153	NA
p018v2	287	Response	100	5593840	15993	1
p018v2	289	Pulse	255	5610000	5655	NA
p018v2	291	Pulse	255	5640000	5324	NA
p018v2	291	Response	101	5642560	7884	1
p018v2	293	Pulse	255	5670000	16993	NA
p018v2	295	Pulse	255	5700000	16662	NA
p018v2	295	Response	100	5704560	21222	1
p018v2	297	Pulse	255	5730000	14998	NA
p018v2	299	Response	100	5751600	6268	1
p018v2	300	Pulse	255	5760000	8335	NA
p018v2	302	Pulse	255	5790000	7837	NA
p018v2	303	Response	100	5801600	9272	1
p018v2	305	Pulse	255	5820000	8007	NA
p018v2	307	Pulse	255	5850000	7676	NA
p018v2	307	Response	100	5867040	24716	1
p018v2	309	Pulse	255	5880000	2512	NA
p018v2	311	Pulse	255	5910000	2182	NA
p018v2	311	Response	101	5915681	7863	1
p018v2	313	Pulse	255	5940000	13850	NA
p018v2	315	Response	100	5963120	6639	1
p018v2	316	Pulse	255	5970000	6686	NA
p018v2	318	Pulse	255	6000000	6189	NA
p018v2	319	Response	101	6011918	7942	1
p018v2	321	Pulse	255	6030000	7692	NA
p018v2	323	Pulse	255	6060000	7361	NA
p018v2	323	Response	100	6066961	14322	1
p018v2	325	Pulse	255	6090000	12530	NA
p018v2	327	Response	101	6117199	9399	1
p018v2	328	Pulse	255	6120000	2700	NA
p018v2	330	Pulse	255	6150000	2203	NA
p018v2	331	Pulse	255	6180000	22037	NA
p018v2	331	Response	101	6181199	23236	1
p018v2	333	Pulse	255	6210000	18373	NA
p018v2	335	Pulse	255	6240000	18042	NA
p018v2	335	Response	100	6244320	22362	1
p018v2	337	Pulse	255	6270000	15212	NA
p018v2	339	Pulse	255	6300000	14881	NA
p018v2	339	Response	101	6304480	19361	1
p018v2	341	Pulse	255	6330000	15050	NA
p018v2	343	Pulse	255	6360000	14720	NA
p018v2	343	Response	100	6363200	17920	1
p018v2	345	Pulse	255	6390000	16389	NA
p018v2	347	Pulse	255	6420000	16058	NA
p018v2	347	Response	100	6435678	31736	1
p018v2	349	Pulse	255	6450000	3895	NA
p018v2	351	Pulse	255	6480000	3565	NA
p018v2	351	Response	101	6505280	28845	1
p018v2	352	Pulse	255	6510000	4567	NA
p018v2	354	Pulse	255	6540000	4070	NA
p018v2	355	Response	101	6566079	19983	1
p018v2	356	Pulse	255	6570000	3739	NA
p018v2	358	Pulse	255	6600000	3242	NA
p018v2	359	Response	100	6614879	7955	1
p018v2	361	Pulse	255	6630000	4744	NA
p018v2	363	Pulse	255	6660000	4414	NA
p018v2	363	Response	100	6676400	20813	1
p018v2	365	Pulse	255	6690000	3083	NA
p018v2	367	Pulse	255	6720000	2752	NA
p018v2	367	Response	100	6731440	14192	1
p018v2	369	Pulse	255	6750000	8088	NA
p018v2	371	Pulse	255	6780000	7757	NA
p018v2	371	Response	100	6794080	21837	1
p018v2	373	Pulse	255	6810000	5427	NA
p018v2	375	Pulse	255	6840000	5096	NA
p018v2	375	Response	101	6850559	15655	1
p018v2	377	Pulse	255	6870000	8931	NA
p018v2	379	Pulse	255	6900000	8601	NA
p018v2	379	Response	101	6912882	21483	1
p018v2	381	Pulse	255	6930000	6604	NA
p018v2	383	Pulse	255	6960000	6273	NA
p018v2	383	Response	100	6962238	8511	1
p018v2	385	Pulse	255	6990000	17275	NA
p018v2	387	Pulse	255	7020000	16944	NA
p018v2	387	Response	100	7040239	37183	1
p018v2	388	Pulse	255	7050000	9614	NA
p018v2	390	Pulse	255	7080000	9116	NA
p018v2	391	Response	100	7089118	8069	1
p018v2	393	Pulse	255	7110000	10452	NA
p018v2	395	Response	101	7139198	9319	1
p018v2	396	Pulse	255	7140000	622	NA
p018v2	398	Pulse	255	7170000	125	NA
p018v2	399	Response	101	7190237	10196	1
p018v2	400	Pulse	255	7200000	9627	NA
p018v2	402	Pulse	255	7230000	9130	NA
p018v2	403	Response	100	7237359	6323	1
p018v2	405	Pulse	255	7260000	12132	NA
p018v2	407	Pulse	255	7290000	11801	NA
p018v2	407	Response	100	7293919	15720	1
p018v2	409	Pulse	255	7320000	15637	NA
p018v2	411	Response	101	7342796	8102	1
p018v2	412	Pulse	255	7350000	7140	NA
p018v2	414	Pulse	255	7380000	6643	NA
p018v2	415	Response	101	7393039	9516	1
p018v2	417	Pulse	255	7410000	6479	NA
p018v2	419	Pulse	255	7440000	6148	NA
p018v2	419	Response	101	7443197	9346	1
p018v2	421	Pulse	255	7470000	16316	NA
p018v2	423	Response	101	7494877	10863	1
p018v2	424	Pulse	255	7500000	4987	NA
p018v2	426	Pulse	255	7530000	4490	NA
p018v2	427	Response	100	7548237	12561	1
p018v2	429	Pulse	255	7560000	1326	NA
p018v2	431	Pulse	255	7590000	995	NA
p018v2	431	Response	101	7603198	14193	1
p018v2	433	Pulse	255	7620000	6330	NA
p018v2	435	Pulse	255	7650000	6000	NA
p018v2	435	Response	100	7653996	9996	1
p018v2	437	Pulse	255	7680000	15502	NA
p018v2	439	Response	101	7701757	6928	1
p018v2	440	Pulse	255	7710000	8171	NA
p018v2	442	Pulse	255	7740000	7674	NA
p018v2	443	Pulse	255	7770000	27508	NA
p018v2	443	Response	100	7771357	28865	1
p018v2	445	Pulse	255	7800000	18178	NA
p018v2	447	Response	101	7823517	11365	1
p018v2	448	Pulse	255	7830000	6349	NA
p018v2	450	Pulse	255	7860000	5851	NA
p018v2	451	Response	100	7875118	10803	1
p018v2	453	Pulse	255	7890000	4354	NA
p018v2	455	Pulse	255	7920000	4024	NA
p018v2	455	Response	100	7926637	10661	1
p018v2	457	Pulse	255	7950000	12859	NA
p018v2	459	Pulse	255	7980000	12528	NA
p018v2	459	Response	100	7987118	19646	1
p018v2	461	Pulse	255	8010000	12364	NA
p018v2	463	Pulse	255	8040000	12033	NA
p018v2	463	Response	101	8040797	12830	1
p018v2	465	Pulse	255	8070000	18702	NA
p018v2	467	Response	100	8098157	16528	1
p018v2	468	Pulse	255	8100000	1706	NA
p018v2	470	Pulse	255	8130000	1209	NA
p018v2	471	Pulse	255	8160000	21043	NA
p018v2	471	Response	100	8160236	21279	1
p018v2	473	Pulse	255	8190000	19379	NA
p018v2	475	Pulse	255	8220000	19048	NA
p018v2	475	Response	101	8220396	19444	1
p018v2	477	Pulse	255	8250000	19218	NA
p018v2	479	Pulse	255	8280000	18887	NA
p018v2	479	Response	101	8294317	33204	1
p018v2	481	Pulse	255	8310000	5224	NA
p018v2	483	Picture	instruct_trial	8335107	0	1	12499	1	0	next	other	0
p018v2	483	Pulse	255	8340000	4893	NA
p018v2	483	Response	101	8347514	12408	1
p018v2	484	Pulse	255	8370000	22228	NA
p018v2	484	Response	100	8379836	32063	1
p018v2	486	Pulse	255	8400000	9732	NA
p018v2	488	Pulse	255	8430000	9401	NA
p018v2	488	Response	100	8432394	11795	1
p018v2	490	Pulse	255	8460000	17069	NA
p018v2	492	Response	101	8483041	9780	1
p018v2	493	Pulse	255	8490000	6906	NA
p018v2	495	Pulse	255	8520000	6409	NA
p018v2	496	Response	100	8537994	14237	1
p018v2	498	Pulse	255	8550000	1579	NA
p018v2	500	Pulse	255	8580000	1248	NA
p018v2	500	Response	101	8603916	25164	1
p018v2	501	Pulse	255	8610000	5917	NA
p018v2	503	Pulse	255	8640000	5420	NA
p018v2	504	Response	101	8651756	7009	1
p018v2	506	Pulse	255	8670000	7755	NA
p018v2	508	Pulse	255	8700000	7425	NA
p018v2	508	Response	100	8701036	8461	1
p018v2	510	Pulse	255	8730000	18426	NA
p018v2	512	Response	101	8757277	15372	1
p018v2	513	Pulse	255	8760000	2597	NA
p018v2	515	Pulse	255	8790000	2100	NA
p018v2	516	Response	100	8804476	6410	1
p018v2	518	Pulse	255	8820000	5102	NA
p018v2	520	Pulse	255	8850000	4771	NA
p018v2	520	Response	101	8861596	16368	1
p018v2	522	Pulse	255	8880000	7940	NA
p018v2	524	Response	101	8908156	5766	1
p018v2	525	Pulse	255	8910000	1777	NA
p018v2	527	Pulse	255	8940000	1279	NA
p018v2	528	Response	100	8958318	9432	1
p018v2	530	Pulse	255	8970000	1282	NA
p018v2	532	Pulse	255	9000000	951	NA
p018v2	532	Response	100	9010476	11427	1
p018v2	534	Pulse	255	9030000	9120	NA
p018v2	536	Response	101	9057675	6464	1
p018v2	537	Pulse	255	9060000	2123	NA
p018v2	539	Pulse	255	9090000	1626	NA
p018v2	540	Response	100	9106395	7855	1
p018v2	542	Pulse	255	9120000	3128	NA
p018v2	544	Pulse	255	9150000	2798	NA
p018v2	544	Pulse	255	9180000	32798	NA
p018v2	544	Response	100	9193995	46792	1
p018v2	546	Pulse	255	9210000	5469	NA
p018v2	548	Pulse	255	9240000	5139	NA
p018v2	548	Response	100	9241435	6573	1
p018v2	550	Pulse	255	9270000	18140	NA
p018v2	552	Response	101	9288314	6124	1
p018v2	554	Pulse	255	9300000	1144	NA
p018v2	556	Pulse	255	9330000	813	NA
p018v2	556	Response	101	9336076	6889	1
p018v2	558	Pulse	255	9360000	13482	NA
p018v2	560	Response	101	9384635	7786	1
p018v2	561	Pulse	255	9390000	5318	NA
p018v2	563	Pulse	255	9420000	4821	NA
p018v2	564	Response	101	9431436	6091	1
p018v2	566	Pulse	255	9450000	8157	NA
p018v2	568	Response	100	9479756	7581	1
p018v2	569	Pulse	255	9480000	160	NA
p018v2	570	Pulse	255	9510000	19828	NA
p018v2	572	Response	100	9525915	5412	1
p018v2	574	Pulse	255	9540000	3665	NA
p018v2	576	Pulse	255	9570000	3334	NA
p018v2	576	Response	100	9572394	5728	1
p018v2	578	Pulse	255	9600000	17169	NA
p018v2	580	Response	100	9626154	12993	1
p018v2	581	Pulse	255	9630000	3673	NA
p018v2	583	Pulse	255	9660000	3175	NA
p018v2	584	Response	101	9673835	6845	1
p018v2	586	Pulse	255	9690000	5678	NA
p018v2	588	Pulse	255	9720000	5347	NA
p018v2	588	Response	101	9720154	5501	1
p018v2	590	Pulse	255	9750000	19349	NA
p018v2	592	Response	100	9769754	8771	1
p018v2	593	Pulse	255	9780000	10185	NA
p018v2	595	Pulse	255	9810000	9688	NA
p018v2	596	Response	100	9816873	6396	1
p018v2	598	Pulse	255	9840000	12690	NA
p018v2	600	Response	101	9863834	6193	1
p018v2	601	Pulse	255	9870000	6027	NA
p018v2	603	Pulse	255	9900000	5529	NA
p018v2	604	Response	101	9912875	8238	1
p018v2	606	Pulse	255	9930000	6699	NA
p018v2	608	Response	101	9959994	6362	1
p018v2	608	Pulse	255	9960000	6368	NA
p018v2	610	Pulse	255	9990000	19536	NA
p018v2	612	Response	101	10011674	10879	1
p018v2	613	Pulse	255	10020000	8206	NA
p018v2	615	Pulse	255	10050000	7709	NA
p018v2	616	Response	100	10058314	5857	1
p018v2	618	Pulse	255	10080000	11211	NA
p018v2	620	Response	100	10106715	7596	1
p018v2	621	Pulse	255	10110000	3215	NA
p018v2	623	Pulse	255	10140000	2717	NA
p018v2	624	Response	100	10153595	6146	1
p018v2	626	Pulse	255	10170000	5886	NA
p018v2	628	Pulse	255	10200000	5556	NA
p018v2	628	Response	101	10201436	6991	1
p018v2	630	Pulse	255	10230000	18057	NA
p018v2	632	Response	101	10246394	4121	1
p018v2	634	Pulse	255	10260000	3228	NA
p018v2	636	Pulse	255	10290000	2897	NA
p018v2	636	Response	100	10294474	7371	1
p018v2	638	Pulse	255	10320000	15065	NA
p018v2	640	Response	100	10339993	4727	1
p018v2	641	Pulse	255	10350000	9902	NA
p018v2	643	Pulse	255	10380000	9404	NA
p018v2	644	Response	101	10390153	9392	1
p018v2	646	Pulse	255	10410000	9407	NA
p018v2	648	Response	101	10437353	6429	1
p018v2	649	Pulse	255	10440000	2577	NA
p018v2	651	Pulse	255	10470000	2080	NA
p018v2	652	Response	100	10488072	9985	1
p018v2	654	Pulse	255	10500000	1416	NA
p018v2	656	Pulse	255	10530000	1085	NA
p018v2	656	Response	100	10533993	5078	1
p018v2	658	Pulse	255	10560000	15586	NA
p018v2	660	Response	100	10581753	7009	1
p018v2	661	Pulse	255	10590000	8089	NA
p018v2	663	Pulse	255	10620000	7592	NA
p018v2	664	Response	100	10630392	7819	1
p018v2	666	Pulse	255	10650000	9095	NA
p018v2	668	Response	101	10678313	7077	1
p018v2	669	Pulse	255	10680000	1598	NA
p018v2	671	Pulse	255	10710000	1101	NA
p018v2	672	Response	100	10724872	5807	1
p018v2	674	Pulse	255	10740000	4603	NA
p018v2	676	Pulse	255	10770000	4272	NA
p018v2	676	Response	101	10772232	6504	1
p018v2	678	Pulse	255	10800000	17274	NA
p018v2	680	Response	100	10822553	9496	1
p018v2	681	Pulse	255	10830000	7277	NA
p018v2	683	Pulse	255	10860000	6780	NA
p018v2	684	Response	101	10868794	5408	1
p018v2	686	Pulse	255	10890000	10782	NA
p018v2	688	Pulse	255	10920000	10451	NA
p018v2	688	Response	100	10920472	10924	1
p018v2	690	Pulse	255	10950000	19120	NA
p018v2	692	Response	101	10967991	6781	1
p018v2	694	Pulse	255	10980000	1624	NA
p018v2	696	Pulse	255	11010000	1293	NA
p018v2	696	Response	101	11014392	5685	1
p018v2	698	Pulse	255	11040000	15128	NA
p018v2	700	Response	101	11062793	7590	1
p018v2	701	Pulse	255	11070000	7131	NA
p018v2	703	Pulse	255	11100000	6634	NA
p018v2	704	Response	100	11110311	6780	1
p018v2	706	Pulse	255	11130000	9303	NA
p018v2	708	Response	101	11156393	5365	1
p018v2	709	Pulse	255	11160000	3473	NA
p018v2	711	Pulse	255	11190000	2976	NA
p018v2	712	Response	101	11202791	5601	1
p018v2	714	Pulse	255	11220000	6811	NA
p018v2	716	Response	100	11248633	5113	1
p018v2	717	Pulse	255	11250000	1314	NA
p018v2	719	Pulse	255	11280000	817	NA
p018v2	720	Response	100	11295832	6483	1
p018v2	722	Pulse	255	11310000	3653	NA
p018v2	724	Picture	instruct_trial	11336678	0	1	40163	1	0	next	other	0
p018v2	724	Pulse	255	11340000	3322	NA
p018v2	724	Pulse	255	11370000	33322	NA
