Scenario - learning_JJ_english
Logfile written - 11/16/2021 12:55:24

Subject	Trial	Event Type	Code	Time	TTime	Uncertainty	Duration	Uncertainty	ReqTime	ReqDur	Stim Type	Pair Index

p020v2	0	Pulse	255	0	0	NA
p020v2	1	Picture	instruct_trial	10333	0	1	162319	1	0	next	other	0
p020v2	1	Pulse	255	30000	19667	NA
p020v2	1	Pulse	255	60000	49667	NA
p020v2	1	Pulse	255	90000	79667	NA
p020v2	1	Pulse	255	120000	109667	NA
p020v2	1	Pulse	255	150000	139667	NA
p020v2	1	Response	100	172495	162162	1
p020v2	1	Pulse	255	180000	169667	NA
p020v2	2	Pulse	255	210000	29849	NA
p020v2	2	Pulse	255	240000	59849	NA
p020v2	2	Response	101	260815	80663	1
p020v2	3	Pulse	255	270000	9022	NA
p020v2	5	Pulse	255	300000	8525	NA
p020v2	6	Response	101	315854	14214	1
p020v2	8	Pulse	255	330000	3695	NA
p020v2	10	Pulse	255	360000	3364	NA
p020v2	10	Response	100	379134	22498	1
p020v2	12	Pulse	255	390000	367	NA
p020v2	14	Pulse	255	420000	36	NA
p020v2	14	Response	101	433374	13410	1
p020v2	16	Pulse	255	450000	6205	NA
p020v2	18	Pulse	255	480000	5874	NA
p020v2	18	Response	100	484894	10768	1
p020v2	20	Pulse	255	510000	14710	NA
p020v2	22	Pulse	255	540000	14379	NA
p020v2	22	Pulse	255	570000	44379	NA
p020v2	22	Response	100	584894	59273	1
p020v2	24	Pulse	255	600000	4718	NA
p020v2	26	Pulse	255	630000	4388	NA
p020v2	26	Response	101	639134	13521	1
p020v2	28	Pulse	255	660000	10390	NA
p020v2	30	Pulse	255	690000	10059	NA
p020v2	30	Pulse	255	720000	40059	NA
p020v2	30	Response	100	722733	42792	1
p020v2	32	Pulse	255	750000	16731	NA
p020v2	34	Response	100	768894	5294	1
p020v2	36	Pulse	255	780000	568	NA
p020v2	38	Pulse	255	810000	237	NA
p020v2	38	Response	100	833773	24011	1
p020v2	39	Pulse	255	840000	6073	NA
p020v2	41	Pulse	255	870000	5575	NA
p020v2	42	Response	100	883613	9022	1
p020v2	44	Pulse	255	900000	5911	NA
p020v2	46	Pulse	255	930000	5581	NA
p020v2	46	Pulse	255	960000	35581	NA
p020v2	46	Response	100	964013	39594	1
p020v2	48	Pulse	255	990000	15585	NA
p020v2	50	Pulse	255	1020000	15254	NA
p020v2	50	Response	101	1036653	31907	1
p020v2	52	Pulse	255	1050000	2925	NA
p020v2	54	Pulse	255	1080000	2594	NA
p020v2	54	Response	100	1086413	9007	1
p020v2	56	Pulse	255	1110000	13096	NA
p020v2	58	Response	101	1136653	9418	1
p020v2	59	Pulse	255	1140000	3266	NA
p020v2	61	Pulse	255	1170000	2769	NA
p020v2	62	Response	100	1181933	4535	1
p020v2	64	Pulse	255	1200000	7604	NA
p020v2	66	Response	101	1228893	6166	1
p020v2	67	Pulse	255	1230000	941	NA
p020v2	69	Pulse	255	1260000	443	NA
p020v2	70	Response	101	1278652	8930	1
p020v2	72	Pulse	255	1290000	946	NA
p020v2	74	Pulse	255	1320000	615	NA
p020v2	74	Response	100	1323292	3907	1
p020v2	76	Pulse	255	1350000	16283	NA
p020v2	78	Response	101	1367852	3805	1
p020v2	80	Pulse	255	1380000	1620	NA
p020v2	82	Pulse	255	1410000	1290	NA
p020v2	82	Response	100	1413372	4662	1
p020v2	84	Pulse	255	1440000	16124	NA
p020v2	86	Pulse	255	1470000	15794	NA
p020v2	86	Response	100	1473292	19085	1
p020v2	88	Pulse	255	1500000	16296	NA
p020v2	90	Response	101	1517932	3898	1
p020v2	92	Pulse	255	1530000	1634	NA
p020v2	94	Pulse	255	1560000	1303	NA
p020v2	94	Response	101	1567132	8435	1
p020v2	96	Pulse	255	1590000	12471	NA
p020v2	98	Response	100	1614332	6472	1
p020v2	99	Pulse	255	1620000	5475	NA
p020v2	101	Pulse	255	1650000	4977	NA
p020v2	102	Response	100	1671452	16263	1
p020v2	103	Pulse	255	1680000	8480	NA
p020v2	105	Pulse	255	1710000	7982	NA
p020v2	106	Response	100	1721132	8949	1
p020v2	108	Pulse	255	1740000	8485	NA
p020v2	110	Pulse	255	1770000	8154	NA
p020v2	110	Response	101	1784171	22326	1
p020v2	112	Pulse	255	1800000	5324	NA
p020v2	114	Pulse	255	1830000	4993	NA
p020v2	114	Response	101	1839611	14604	1
p020v2	116	Pulse	255	1860000	9995	NA
p020v2	118	Response	100	1889211	8875	1
p020v2	119	Pulse	255	1890000	665	NA
p020v2	121	Pulse	255	1920000	168	NA
p020v2	122	Pulse	255	1950000	20002	NA
p020v2	122	Response	100	1951771	21773	1
p020v2	124	Pulse	255	1980000	17838	NA
p020v2	126	Pulse	255	2010000	17508	NA
p020v2	126	Response	100	2011290	18798	1
p020v2	128	Pulse	255	2040000	18177	NA
p020v2	130	Response	100	2062411	10257	1
p020v2	131	Pulse	255	2070000	7514	NA
p020v2	133	Pulse	255	2100000	7017	NA
p020v2	134	Pulse	255	2130000	26851	NA
p020v2	134	Response	100	2147771	44621	1
p020v2	136	Pulse	255	2160000	1689	NA
p020v2	138	Pulse	255	2190000	1358	NA
p020v2	138	Response	101	2194570	5928	1
p020v2	140	Pulse	255	2220000	15026	NA
p020v2	142	Response	101	2241051	5746	1
p020v2	143	Pulse	255	2250000	8863	NA
p020v2	145	Pulse	255	2280000	8366	NA
p020v2	146	Response	100	2291530	9730	1
p020v2	148	Pulse	255	2310000	8035	NA
p020v2	150	Response	101	2339850	7555	1
p020v2	151	Pulse	255	2340000	38	NA
p020v2	152	Pulse	255	2370000	19706	NA
p020v2	154	Response	101	2392010	11385	1
p020v2	155	Pulse	255	2400000	7876	NA
p020v2	157	Pulse	255	2430000	7379	NA
p020v2	158	Response	101	2436890	4103	1
p020v2	160	Pulse	255	2460000	12714	NA
p020v2	162	Pulse	255	2490000	12384	NA
p020v2	162	Response	100	2495850	18233	1
p020v2	164	Pulse	255	2520000	13719	NA
p020v2	166	Response	100	2548650	12039	1
p020v2	167	Pulse	255	2550000	1223	NA
p020v2	169	Pulse	255	2580000	726	NA
p020v2	170	Response	100	2595370	5930	1
p020v2	172	Pulse	255	2610000	4228	NA
p020v2	174	Pulse	255	2640000	3898	NA
p020v2	174	Response	101	2646890	10787	1
p020v2	176	Pulse	255	2670000	12733	NA
p020v2	178	Pulse	255	2700000	12402	NA
p020v2	178	Response	101	2701770	14172	1
p020v2	180	Pulse	255	2730000	17738	NA
p020v2	182	Response	100	2749609	7016	1
p020v2	183	Pulse	255	2760000	10241	NA
p020v2	185	Pulse	255	2790000	9743	NA
p020v2	186	Response	100	2795690	5267	1
p020v2	188	Pulse	255	2820000	13912	NA
p020v2	190	Response	100	2841289	4871	1
p020v2	191	Pulse	255	2850000	8582	NA
p020v2	193	Pulse	255	2880000	8085	NA
p020v2	194	Response	100	2896649	14568	1
p020v2	196	Pulse	255	2910000	2921	NA
p020v2	198	Pulse	255	2940000	2591	NA
p020v2	198	Response	100	2949849	12439	1
p020v2	200	Pulse	255	2970000	9759	NA
p020v2	202	Response	101	2995369	4798	1
p020v2	203	Pulse	255	3000000	4429	NA
p020v2	205	Pulse	255	3030000	3932	NA
p020v2	206	Pulse	255	3060000	23766	NA
p020v2	206	Response	100	3077128	40894	1
p020v2	208	Pulse	255	3090000	2437	NA
p020v2	210	Pulse	255	3120000	2106	NA
p020v2	210	Response	100	3136088	18195	1
p020v2	212	Pulse	255	3150000	3442	NA
p020v2	214	Pulse	255	3180000	3112	NA
p020v2	214	Response	101	3185129	8240	1
p020v2	216	Pulse	255	3210000	14447	NA
p020v2	218	Response	101	3237848	11964	1
p020v2	219	Pulse	255	3240000	1950	NA
p020v2	221	Pulse	255	3270000	1453	NA
p020v2	222	Pulse	255	3300000	21287	NA
p020v2	222	Pulse	255	3330000	51287	NA
p020v2	222	Response	100	3337688	58975	1
p020v2	224	Pulse	255	3360000	11793	NA
p020v2	226	Response	100	3386328	7791	1
p020v2	227	Pulse	255	3390000	3463	NA
p020v2	229	Pulse	255	3420000	2966	NA
p020v2	230	Response	101	3435848	8648	1
p020v2	232	Pulse	255	3450000	3635	NA
p020v2	234	Pulse	255	3480000	3305	NA
p020v2	234	Response	101	3490488	13793	1
p020v2	236	Pulse	255	3510000	8973	NA
p020v2	238	Pulse	255	3540000	8643	NA
p020v2	238	Response	100	3541607	10250	1
p020v2	240	Pulse	255	3570000	17978	NA
p020v2	242	Picture	instruct_trial	3582353	0	1	21498	1	0	next	other	0
p020v2	242	Pulse	255	3600000	17647	NA
p020v2	242	Response	101	3603689	21336	1
p020v2	243	Pulse	255	3630000	25982	NA
p020v2	243	Response	100	3649528	45510	1
p020v2	244	Pulse	255	3660000	10320	NA
p020v2	246	Pulse	255	3690000	9822	NA
p020v2	247	Response	100	3712167	21824	1
p020v2	248	Pulse	255	3720000	7659	NA
p020v2	250	Pulse	255	3750000	7161	NA
p020v2	251	Response	101	3766807	13803	1
p020v2	253	Pulse	255	3780000	2664	NA
p020v2	255	Pulse	255	3810000	2334	NA
p020v2	255	Pulse	255	3840000	32334	NA
p020v2	255	Pulse	255	3870000	62334	NA
p020v2	255	Pulse	255	3900000	92334	NA
p020v2	255	Response	100	3911447	103781	1
p020v2	257	Pulse	255	3930000	8177	NA
p020v2	259	Pulse	255	3960000	7846	NA
p020v2	259	Pulse	255	3990000	37846	NA
p020v2	259	Response	100	4007046	54893	1
p020v2	261	Pulse	255	4020000	2519	NA
p020v2	263	Pulse	255	4050000	2188	NA
p020v2	263	Response	101	4056086	8274	1
p020v2	265	Pulse	255	4080000	13523	NA
p020v2	267	Response	100	4109367	12559	1
p020v2	268	Pulse	255	4110000	527	NA
p020v2	270	Pulse	255	4140000	29	NA
p020v2	271	Response	100	4161526	11390	1
p020v2	272	Pulse	255	4170000	8365	NA
p020v2	274	Pulse	255	4200000	7867	NA
p020v2	275	Response	100	4213126	10828	1
p020v2	277	Pulse	255	4230000	6370	NA
p020v2	279	Pulse	255	4260000	6039	NA
p020v2	279	Response	101	4266566	12606	1
p020v2	281	Pulse	255	4290000	13041	NA
p020v2	283	Response	100	4313606	6317	1
p020v2	284	Pulse	255	4320000	6211	NA
p020v2	286	Pulse	255	4350000	5714	NA
p020v2	287	Response	101	4363446	8994	1
p020v2	289	Pulse	255	4380000	6050	NA
p020v2	291	Pulse	255	4410000	5719	NA
p020v2	291	Response	100	4412807	8526	1
p020v2	293	Pulse	255	4440000	16721	NA
p020v2	295	Response	101	4459606	5996	1
p020v2	296	Pulse	255	4470000	10224	NA
p020v2	298	Pulse	255	4500000	9727	NA
p020v2	299	Response	100	4511846	11407	1
p020v2	301	Pulse	255	4530000	7730	NA
p020v2	303	Pulse	255	4560000	7399	NA
p020v2	303	Response	100	4584726	32125	1
p020v2	304	Pulse	255	4590000	5068	NA
p020v2	306	Pulse	255	4620000	4571	NA
p020v2	307	Response	100	4639926	14331	1
p020v2	308	Pulse	255	4650000	9907	NA
p020v2	310	Pulse	255	4680000	9409	NA
p020v2	311	Response	101	4705126	24369	1
p020v2	312	Pulse	255	4710000	4746	NA
p020v2	314	Pulse	255	4740000	4248	NA
p020v2	315	Pulse	255	4770000	24083	NA
p020v2	315	Response	101	4771766	25848	1
p020v2	317	Pulse	255	4800000	17752	NA
p020v2	319	Pulse	255	4830000	17422	NA
p020v2	319	Response	100	4854245	41667	1
p020v2	320	Pulse	255	4860000	5592	NA
p020v2	322	Pulse	255	4890000	5095	NA
p020v2	323	Response	101	4903765	8694	1
p020v2	325	Pulse	255	4920000	5764	NA
p020v2	327	Response	100	4949445	4879	1
p020v2	328	Pulse	255	4950000	434	NA
p020v2	329	Pulse	255	4980000	20101	NA
p020v2	331	Response	100	4995125	4895	1
p020v2	333	Pulse	255	5010000	4439	NA
p020v2	335	Pulse	255	5040000	4108	NA
p020v2	335	Response	100	5053125	17233	1
p020v2	337	Pulse	255	5070000	6444	NA
p020v2	339	Pulse	255	5100000	6113	NA
p020v2	339	Pulse	255	5130000	36113	NA
p020v2	339	Response	100	5139444	45557	1
p020v2	341	Pulse	255	5160000	10118	NA
p020v2	343	Pulse	255	5190000	9787	NA
p020v2	343	Response	100	5194804	14592	1
p020v2	345	Pulse	255	5220000	14790	NA
p020v2	347	Response	101	5242004	6463	1
p020v2	348	Pulse	255	5250000	7793	NA
p020v2	350	Pulse	255	5280000	7295	NA
p020v2	351	Response	101	5294884	12014	1
p020v2	353	Pulse	255	5310000	4632	NA
p020v2	355	Pulse	255	5340000	4301	NA
p020v2	355	Response	100	5346644	10945	1
p020v2	357	Pulse	255	5370000	12970	NA
p020v2	359	Response	100	5392724	5363	1
p020v2	360	Pulse	255	5400000	7139	NA
p020v2	362	Pulse	255	5430000	6642	NA
p020v2	363	Response	101	5441444	7920	1
p020v2	365	Pulse	255	5460000	8145	NA
p020v2	367	Pulse	255	5490000	7814	NA
p020v2	367	Response	101	5490564	8378	1
p020v2	369	Pulse	255	5520000	18982	NA
p020v2	371	Pulse	255	5550000	18651	NA
p020v2	371	Response	101	5567603	36255	1
p020v2	373	Pulse	255	5580000	1989	NA
p020v2	375	Pulse	255	5610000	1658	NA
p020v2	375	Response	101	5617763	9422	1
p020v2	377	Pulse	255	5640000	11827	NA
p020v2	379	Response	100	5669443	10939	1
p020v2	380	Pulse	255	5670000	497	NA
p020v2	381	Pulse	255	5700000	20165	NA
p020v2	383	Response	100	5716324	6157	1
p020v2	385	Pulse	255	5730000	3169	NA
p020v2	387	Pulse	255	5760000	2838	NA
p020v2	387	Response	101	5763844	6682	1
p020v2	389	Pulse	255	5790000	15673	NA
p020v2	391	Pulse	255	5820000	15342	NA
p020v2	391	Response	100	5841683	37025	1
p020v2	392	Pulse	255	5850000	8179	NA
p020v2	394	Pulse	255	5880000	7681	NA
p020v2	395	Response	100	5891123	8639	1
p020v2	397	Pulse	255	5910000	8351	NA
p020v2	399	Pulse	255	5940000	8020	NA
p020v2	399	Response	100	5956563	24583	1
p020v2	401	Pulse	255	5970000	3023	NA
p020v2	403	Pulse	255	6000000	2692	NA
p020v2	403	Response	100	6016883	19576	1
p020v2	405	Pulse	255	6030000	2695	NA
p020v2	407	Pulse	255	6060000	2364	NA
p020v2	407	Response	101	6064483	6847	1
p020v2	409	Pulse	255	6090000	15033	NA
p020v2	411	Response	100	6114803	9505	1
p020v2	412	Pulse	255	6120000	5036	NA
p020v2	414	Pulse	255	6150000	4539	NA
p020v2	415	Response	100	6161443	5816	1
p020v2	417	Pulse	255	6180000	8041	NA
p020v2	419	Response	100	6207123	4833	1
p020v2	420	Pulse	255	6210000	2711	NA
p020v2	422	Pulse	255	6240000	2213	NA
p020v2	423	Pulse	255	6270000	22048	NA
p020v2	423	Response	100	6278003	30050	1
p020v2	425	Pulse	255	6300000	11551	NA
p020v2	427	Response	101	6323842	5062	1
p020v2	428	Pulse	255	6330000	6054	NA
p020v2	430	Pulse	255	6360000	5557	NA
p020v2	431	Response	100	6371922	7313	1
p020v2	433	Pulse	255	6390000	7559	NA
p020v2	435	Response	100	6418882	6111	1
p020v2	436	Pulse	255	6420000	1063	NA
p020v2	438	Pulse	255	6450000	565	NA
p020v2	439	Response	100	6469522	9921	1
p020v2	441	Pulse	255	6480000	68	NA
p020v2	442	Pulse	255	6510000	9903	NA
p020v2	443	Response	101	6519682	9419	1
p020v2	445	Pulse	255	6540000	9906	NA
p020v2	447	Response	100	6565846	5421	1
p020v2	448	Pulse	255	6570000	4076	NA
p020v2	450	Pulse	255	6600000	3578	NA
p020v2	451	Response	100	6615842	9254	1
p020v2	453	Pulse	255	6630000	3748	NA
p020v2	455	Pulse	255	6660000	3417	NA
p020v2	455	Response	101	6683042	26458	1
p020v2	456	Pulse	255	6690000	6753	NA
p020v2	458	Pulse	255	6720000	6255	NA
p020v2	459	Response	101	6728321	4411	1
p020v2	461	Pulse	255	6750000	11257	NA
p020v2	463	Response	101	6774881	5808	1
p020v2	464	Pulse	255	6780000	4927	NA
p020v2	466	Pulse	255	6810000	4430	NA
p020v2	467	Response	100	6837521	21786	1
p020v2	468	Pulse	255	6840000	2433	NA
p020v2	470	Pulse	255	6870000	1935	NA
p020v2	471	Response	101	6886721	8491	1
p020v2	473	Pulse	255	6900000	2771	NA
p020v2	475	Pulse	255	6930000	2441	NA
p020v2	475	Response	100	6936481	8922	1
p020v2	477	Pulse	255	6960000	13109	NA
p020v2	479	Response	101	6983361	6139	1
p020v2	480	Pulse	255	6990000	6446	NA
p020v2	482	Pulse	255	7020000	5948	NA
p020v2	483	Picture	instruct_trial	7024218	0	1	514955	1	0	next	other	0
p020v2	483	Pulse	255	7050000	25782	NA
p020v2	483	Pulse	255	7080000	55782	NA
p020v2	483	Pulse	255	7110000	85782	NA
p020v2	483	Pulse	255	7140000	115782	NA
p020v2	483	Pulse	255	7170000	145782	NA
p020v2	483	Pulse	255	7200000	175782	NA
p020v2	483	Pulse	255	7230000	205782	NA
p020v2	483	Pulse	255	7260000	235782	NA
p020v2	483	Pulse	255	7290000	265782	NA
p020v2	483	Pulse	255	7320000	295782	NA
p020v2	483	Pulse	255	7350000	325782	NA
p020v2	483	Pulse	255	7380000	355782	NA
p020v2	483	Pulse	255	7410000	385782	NA
p020v2	483	Pulse	255	7440000	415782	NA
p020v2	483	Pulse	255	7470000	445782	NA
p020v2	483	Pulse	255	7500000	475782	NA
p020v2	483	Pulse	255	7530000	505782	NA
p020v2	483	Response	101	7539120	514902	1
p020v2	484	Response	101	7559439	20100	1
p020v2	485	Pulse	255	7560000	496	NA
p020v2	486	Pulse	255	7590000	20164	NA
p020v2	488	Response	100	7611440	11273	1
p020v2	489	Pulse	255	7620000	8501	NA
p020v2	491	Pulse	255	7650000	8003	NA
p020v2	492	Response	101	7665680	13517	1
p020v2	494	Pulse	255	7680000	3840	NA
p020v2	496	Pulse	255	7710000	3509	NA
p020v2	496	Response	101	7722879	16388	1
p020v2	498	Pulse	255	7740000	6678	NA
p020v2	500	Pulse	255	7770000	6347	NA
p020v2	500	Response	100	7774079	10427	1
p020v2	502	Pulse	255	7800000	15516	NA
p020v2	504	Response	101	7822000	7185	1
p020v2	505	Pulse	255	7830000	7852	NA
p020v2	507	Pulse	255	7860000	7355	NA
p020v2	508	Response	100	7868559	5749	1
p020v2	510	Pulse	255	7890000	11024	NA
p020v2	512	Pulse	255	7920000	10693	NA
p020v2	512	Response	100	7921839	12532	1
p020v2	514	Pulse	255	7950000	17695	NA
p020v2	516	Response	100	7968079	5444	1
p020v2	518	Pulse	255	7980000	1533	NA
p020v2	520	Pulse	255	8010000	1202	NA
p020v2	520	Response	101	8023519	14721	1
p020v2	522	Pulse	255	8040000	6038	NA
p020v2	524	Response	101	8069119	4826	1
p020v2	525	Pulse	255	8070000	707	NA
p020v2	527	Pulse	255	8100000	210	NA
p020v2	528	Pulse	255	8130000	20044	NA
p020v2	528	Response	100	8131039	21083	1
p020v2	530	Pulse	255	8160000	18547	NA
p020v2	532	Pulse	255	8190000	18216	NA
p020v2	532	Response	101	8204078	32295	1
p020v2	534	Pulse	255	8220000	5387	NA
p020v2	536	Response	101	8249438	4495	1
p020v2	537	Pulse	255	8250000	390	NA
p020v2	538	Pulse	255	8280000	20058	NA
p020v2	540	Response	100	8297038	6765	1
p020v2	542	Pulse	255	8310000	2562	NA
p020v2	544	Pulse	255	8340000	2231	NA
p020v2	544	Response	101	8354798	17029	1
p020v2	546	Pulse	255	8370000	4733	NA
p020v2	548	Pulse	255	8400000	4403	NA
p020v2	548	Response	100	8401198	5601	1
p020v2	550	Pulse	255	8430000	18404	NA
p020v2	552	Response	101	8450878	8952	1
p020v2	553	Pulse	255	8460000	9074	NA
p020v2	555	Pulse	255	8490000	8577	NA
p020v2	556	Response	101	8499038	7449	1
p020v2	558	Pulse	255	8520000	10579	NA
p020v2	560	Pulse	255	8550000	10249	NA
p020v2	560	Pulse	255	8580000	40249	NA
p020v2	560	Pulse	255	8610000	70249	NA
p020v2	560	Response	101	8635198	95447	1
p020v2	561	Pulse	255	8640000	4757	NA
p020v2	563	Pulse	255	8670000	4260	NA
p020v2	564	Response	101	8684398	8492	1
p020v2	566	Pulse	255	8700000	5096	NA
p020v2	568	Pulse	255	8730000	4765	NA
p020v2	568	Response	100	8741917	16682	1
p020v2	570	Pulse	255	8760000	7601	NA
p020v2	572	Pulse	255	8790000	7270	NA
p020v2	572	Response	100	8806637	23907	1
p020v2	574	Pulse	255	8820000	2940	NA
p020v2	576	Pulse	255	8850000	2609	NA
p020v2	576	Response	100	8853437	6046	1
p020v2	578	Pulse	255	8880000	16111	NA
p020v2	580	Response	100	8902877	8657	1
p020v2	581	Pulse	255	8910000	6947	NA
p020v2	583	Pulse	255	8940000	6450	NA
p020v2	584	Response	100	8956957	13241	1
p020v2	586	Pulse	255	8970000	2620	NA
p020v2	588	Pulse	255	9000000	2289	NA
p020v2	588	Response	101	9004237	6526	1
p020v2	590	Pulse	255	9030000	15290	NA
p020v2	592	Pulse	255	9060000	14960	NA
p020v2	592	Response	100	9060957	15917	1
p020v2	594	Pulse	255	9090000	18629	NA
p020v2	596	Response	100	9106797	5095	1
p020v2	598	Pulse	255	9120000	2799	NA
p020v2	600	Pulse	255	9150000	2469	NA
p020v2	600	Response	101	9157197	9665	1
p020v2	602	Pulse	255	9180000	12304	NA
p020v2	604	Response	101	9206317	8290	1
p020v2	605	Pulse	255	9210000	3474	NA
p020v2	607	Pulse	255	9240000	2977	NA
p020v2	608	Response	101	9254397	7208	1
p020v2	610	Pulse	255	9270000	5146	NA
p020v2	612	Pulse	255	9300000	4815	NA
p020v2	612	Response	100	9308957	13772	1
p020v2	614	Pulse	255	9330000	10650	NA
p020v2	616	Pulse	255	9360000	10320	NA
p020v2	616	Response	100	9371516	21836	1
p020v2	618	Pulse	255	9390000	7989	NA
p020v2	620	Response	100	9419116	6775	1
p020v2	621	Pulse	255	9420000	826	NA
p020v2	623	Pulse	255	9450000	329	NA
p020v2	624	Response	101	9472876	13039	1
p020v2	625	Pulse	255	9480000	6997	NA
p020v2	627	Pulse	255	9510000	6500	NA
p020v2	628	Response	101	9521436	7770	1
p020v2	630	Pulse	255	9540000	8169	NA
p020v2	632	Pulse	255	9570000	7838	NA
p020v2	632	Pulse	255	9600000	37838	NA
p020v2	632	Response	101	9607756	45594	1
p020v2	634	Pulse	255	9630000	11843	NA
p020v2	636	Response	100	9655596	7108	1
p020v2	637	Pulse	255	9660000	4347	NA
p020v2	639	Pulse	255	9690000	3849	NA
p020v2	640	Response	100	9700795	4479	1
p020v2	642	Pulse	255	9720000	8685	NA
p020v2	644	Pulse	255	9750000	8354	NA
p020v2	644	Response	101	9753435	11790	1
p020v2	646	Pulse	255	9780000	16023	NA
p020v2	648	Response	101	9799516	5208	1
p020v2	650	Pulse	255	9810000	27	NA
p020v2	651	Pulse	255	9840000	9862	NA
p020v2	652	Response	100	9852475	12172	1
p020v2	654	Pulse	255	9870000	7032	NA
p020v2	656	Response	100	9899515	6216	1
p020v2	657	Pulse	255	9900000	368	NA
p020v2	658	Pulse	255	9930000	20036	NA
p020v2	660	Response	100	9946075	5780	1
p020v2	662	Pulse	255	9960000	3540	NA
p020v2	664	Pulse	255	9990000	3209	NA
p020v2	664	Response	100	10018715	31924	1
p020v2	665	Pulse	255	10020000	1212	NA
p020v2	667	Pulse	255	10050000	715	NA
p020v2	668	Response	101	10065835	6384	1
p020v2	670	Pulse	255	10080000	3717	NA
p020v2	672	Pulse	255	10110000	3386	NA
p020v2	672	Response	100	10113195	6581	1
p020v2	674	Pulse	255	10140000	16388	NA
p020v2	676	Response	101	10165514	11572	1
p020v2	677	Pulse	255	10170000	4391	NA
p020v2	679	Pulse	255	10200000	3894	NA
p020v2	680	Response	100	10227834	21563	1
p020v2	681	Pulse	255	10230000	2064	NA
p020v2	683	Pulse	255	10260000	1566	NA
p020v2	684	Response	101	10275594	6995	1
p020v2	686	Pulse	255	10290000	3902	NA
p020v2	688	Pulse	255	10320000	3571	NA
p020v2	688	Response	100	10321994	5565	1
p020v2	690	Pulse	255	10350000	17573	NA
p020v2	692	Response	101	10376954	14196	1
p020v2	693	Pulse	255	10380000	2910	NA
p020v2	695	Pulse	255	10410000	2413	NA
p020v2	696	Response	101	10435754	18001	1
p020v2	697	Pulse	255	10440000	4082	NA
p020v2	699	Pulse	255	10470000	3584	NA
p020v2	700	Response	101	10480794	4212	1
p020v2	702	Pulse	255	10500000	8753	NA
p020v2	704	Pulse	255	10530000	8423	NA
p020v2	704	Response	100	10532234	10657	1
p020v2	706	Pulse	255	10560000	17258	NA
p020v2	708	Pulse	255	10590000	16927	NA
p020v2	708	Response	101	10608954	35881	1
p020v2	710	Pulse	255	10620000	598	NA
p020v2	712	Pulse	255	10650000	267	NA
p020v2	712	Response	101	10654553	4821	1
p020v2	714	Pulse	255	10680000	14935	NA
p020v2	716	Response	100	10702474	7078	1
p020v2	717	Pulse	255	10710000	7438	NA
p020v2	719	Pulse	255	10740000	6941	NA
p020v2	720	Response	100	10755674	12449	1
p020v2	722	Pulse	255	10770000	3944	NA
p020v2	724	Picture	instruct_trial	10796387	0	1	40163	1	0	next	other	0
p020v2	724	Pulse	255	10800000	3613	NA
p020v2	724	Pulse	255	10830000	33613	NA
