Scenario - learning_JJ_english
Logfile written - 11/09/2021 12:22:00

Subject	Trial	Event Type	Code	Time	TTime	Uncertainty	Duration	Uncertainty	ReqTime	ReqDur	Stim Type	Pair Index

p020	0	Pulse	255	0	0	NA
p020	1	Picture	instruct_trial	10333	0	1	2067488	1	0	next	other	0
p020	1	Pulse	255	30000	19667	NA
p020	1	Pulse	255	60000	49667	NA
p020	1	Pulse	255	90000	79667	NA
p020	1	Pulse	255	120000	109667	NA
p020	1	Pulse	255	150000	139667	NA
p020	1	Pulse	255	180000	169667	NA
p020	1	Pulse	255	210000	199667	NA
p020	1	Pulse	255	240000	229667	NA
p020	1	Pulse	255	270000	259667	NA
p020	1	Pulse	255	300000	289667	NA
p020	1	Pulse	255	330000	319667	NA
p020	1	Pulse	255	360000	349667	NA
p020	1	Pulse	255	390000	379667	NA
p020	1	Pulse	255	420000	409667	NA
p020	1	Pulse	255	450000	439667	NA
p020	1	Pulse	255	480000	469667	NA
p020	1	Pulse	255	510000	499667	NA
p020	1	Pulse	255	540000	529667	NA
p020	1	Pulse	255	570000	559667	NA
p020	1	Pulse	255	600000	589667	NA
p020	1	Pulse	255	630000	619667	NA
p020	1	Pulse	255	660000	649667	NA
p020	1	Pulse	255	690000	679667	NA
p020	1	Pulse	255	720000	709667	NA
p020	1	Pulse	255	750000	739667	NA
p020	1	Pulse	255	780000	769667	NA
p020	1	Pulse	255	810000	799667	NA
p020	1	Pulse	255	840000	829667	NA
p020	1	Pulse	255	870000	859667	NA
p020	1	Pulse	255	900000	889667	NA
p020	1	Pulse	255	930000	919667	NA
p020	1	Pulse	255	960000	949667	NA
p020	1	Pulse	255	990000	979667	NA
p020	1	Pulse	255	1020000	1009667	NA
p020	1	Pulse	255	1050000	1039667	NA
p020	1	Pulse	255	1080000	1069667	NA
p020	1	Pulse	255	1110000	1099667	NA
p020	1	Pulse	255	1140000	1129667	NA
p020	1	Pulse	255	1170000	1159667	NA
p020	1	Pulse	255	1200000	1189667	NA
p020	1	Pulse	255	1230000	1219667	NA
p020	1	Pulse	255	1260000	1249667	NA
p020	1	Pulse	255	1290000	1279667	NA
p020	1	Pulse	255	1320000	1309667	NA
p020	1	Pulse	255	1350000	1339667	NA
p020	1	Pulse	255	1380000	1369667	NA
p020	1	Pulse	255	1410000	1399667	NA
p020	1	Pulse	255	1440000	1429667	NA
p020	1	Pulse	255	1470000	1459667	NA
p020	1	Pulse	255	1500000	1489667	NA
p020	1	Pulse	255	1530000	1519667	NA
p020	1	Pulse	255	1560000	1549667	NA
p020	1	Pulse	255	1590000	1579667	NA
p020	1	Pulse	255	1620000	1609667	NA
p020	1	Pulse	255	1650000	1639667	NA
p020	1	Pulse	255	1680000	1669667	NA
p020	1	Pulse	255	1710000	1699667	NA
p020	1	Pulse	255	1740000	1729667	NA
p020	1	Pulse	255	1770000	1759667	NA
p020	1	Pulse	255	1800000	1789667	NA
p020	1	Pulse	255	1830000	1819667	NA
p020	1	Pulse	255	1860000	1849667	NA
p020	1	Pulse	255	1890000	1879667	NA
p020	1	Pulse	255	1920000	1909667	NA
p020	1	Pulse	255	1950000	1939667	NA
p020	1	Pulse	255	1980000	1969667	NA
p020	1	Pulse	255	2010000	1999667	NA
p020	1	Pulse	255	2040000	2029667	NA
p020	1	Pulse	255	2070000	2059667	NA
p020	1	Response	100	2077653	2067320	1
p020	1	Pulse	255	2100000	2089667	NA
p020	2	Response	100	2106132	5980	1
p020	4	Pulse	255	2130000	13349	NA
p020	6	Response	101	2151412	4431	1
p020	7	Pulse	255	2160000	8519	NA
p020	9	Pulse	255	2190000	8021	NA
p020	10	Response	100	2202852	10708	1
p020	12	Pulse	255	2220000	6691	NA
p020	14	Response	101	2247412	3772	1
p020	15	Pulse	255	2250000	2527	NA
p020	17	Pulse	255	2280000	2030	NA
p020	18	Response	100	2295892	7756	1
p020	20	Pulse	255	2310000	3699	NA
p020	22	Pulse	255	2340000	3368	NA
p020	22	Response	101	2340292	3660	1
p020	24	Pulse	255	2370000	19203	NA
p020	26	Response	100	2387812	6684	1
p020	28	Pulse	255	2400000	1707	NA
p020	30	Pulse	255	2430000	1376	NA
p020	30	Response	101	2435652	7028	1
p020	32	Pulse	255	2460000	13878	NA
p020	34	Response	100	2480772	4319	1
p020	35	Pulse	255	2490000	9047	NA
p020	37	Pulse	255	2520000	8550	NA
p020	38	Response	101	2529172	7556	1
p020	40	Pulse	255	2550000	10386	NA
p020	42	Response	101	2575972	6027	1
p020	43	Pulse	255	2580000	3889	NA
p020	45	Pulse	255	2610000	3392	NA
p020	46	Response	100	2622532	5758	1
p020	48	Pulse	255	2640000	7061	NA
p020	50	Pulse	255	2670000	6730	NA
p020	50	Response	100	2670692	7422	1
p020	52	Pulse	255	2700000	18898	NA
p020	54	Response	101	2717172	5739	1
p020	56	Pulse	255	2730000	2402	NA
p020	58	Pulse	255	2760000	2071	NA
p020	58	Pulse	255	2790000	32071	NA
p020	58	Pulse	255	2820000	62071	NA
p020	58	Pulse	255	2850000	92071	NA
p020	58	Pulse	255	2880000	122071	NA
p020	58	Response	100	2886772	128843	1
p020	60	Pulse	255	2910000	12750	NA
p020	62	Pulse	255	2940000	12419	NA
p020	62	Pulse	255	2970000	42419	NA
p020	62	Pulse	255	3000000	72419	NA
p020	62	Response	100	3004691	77111	1
p020	64	Pulse	255	3030000	14927	NA
p020	66	Pulse	255	3060000	14596	NA
p020	66	Response	100	3061251	15847	1
p020	68	Pulse	255	3090000	18265	NA
p020	70	Pulse	255	3120000	17934	NA
p020	70	Response	100	3137091	35026	1
p020	72	Pulse	255	3150000	2438	NA
p020	74	Pulse	255	3180000	2108	NA
p020	74	Pulse	255	3210000	32108	NA
p020	74	Response	100	3210531	32639	1
p020	76	Pulse	255	3240000	18945	NA
p020	78	Response	101	3267332	15946	1
p020	79	Pulse	255	3270000	2615	NA
p020	81	Pulse	255	3300000	2118	NA
p020	82	Pulse	255	3330000	21952	NA
p020	82	Response	101	3336051	28004	1
p020	84	Pulse	255	3360000	13456	NA
p020	86	Pulse	255	3390000	13125	NA
p020	86	Response	100	3397411	20536	1
p020	88	Pulse	255	3420000	12128	NA
p020	90	Response	100	3448931	10728	1
p020	91	Pulse	255	3450000	964	NA
p020	93	Pulse	255	3480000	467	NA
p020	94	Pulse	255	3510000	20301	NA
p020	94	Pulse	255	3540000	50301	NA
p020	94	Response	100	3548691	58992	1
p020	96	Pulse	255	3570000	10807	NA
p020	98	Pulse	255	3600000	10477	NA
p020	98	Pulse	255	3630000	40477	NA
p020	98	Pulse	255	3660000	70477	NA
p020	98	Pulse	255	3690000	100477	NA
p020	98	Response	100	3698451	108927	1
p020	100	Pulse	255	3720000	11154	NA
p020	102	Pulse	255	3750000	10823	NA
p020	102	Response	100	3754691	15514	1
p020	104	Pulse	255	3780000	14825	NA
p020	106	Response	101	3802051	6545	1
p020	107	Pulse	255	3810000	7828	NA
p020	109	Pulse	255	3840000	7331	NA
p020	110	Response	101	3868451	25616	1
p020	111	Pulse	255	3870000	1501	NA
p020	113	Pulse	255	3900000	1003	NA
p020	114	Response	100	3916451	7288	1
p020	116	Pulse	255	3930000	3172	NA
p020	118	Pulse	255	3960000	2842	NA
p020	118	Pulse	255	3990000	32842	NA
p020	118	Pulse	255	4020000	62842	NA
p020	118	Pulse	255	4050000	92842	NA
p020	118	Pulse	255	4080000	122842	NA
p020	118	Response	101	4102691	145533	1
p020	119	Pulse	255	4110000	7188	NA
p020	121	Pulse	255	4140000	6690	NA
p020	122	Response	101	4155332	11856	1
p020	124	Pulse	255	4170000	4193	NA
p020	126	Pulse	255	4200000	3862	NA
p020	126	Response	101	4211731	15593	1
p020	128	Pulse	255	4230000	7865	NA
p020	130	Pulse	255	4260000	7534	NA
p020	130	Pulse	255	4290000	37534	NA
p020	130	Response	100	4311891	59424	1
p020	131	Pulse	255	4320000	8039	NA
p020	133	Pulse	255	4350000	7542	NA
p020	134	Response	101	4379891	27267	1
p020	135	Pulse	255	4380000	45	NA
p020	136	Pulse	255	4410000	19713	NA
p020	138	Response	100	4430691	10072	1
p020	139	Pulse	255	4440000	9216	NA
p020	141	Pulse	255	4470000	8719	NA
p020	142	Response	100	4493331	21883	1
p020	143	Pulse	255	4500000	6555	NA
p020	145	Pulse	255	4530000	6057	NA
p020	146	Response	101	4539010	4902	1
p020	148	Pulse	255	4560000	10560	NA
p020	150	Pulse	255	4590000	10229	NA
p020	150	Pulse	255	4620000	40229	NA
p020	150	Pulse	255	4650000	70229	NA
p020	150	Pulse	255	4680000	100229	NA
p020	150	Pulse	255	4710000	130229	NA
p020	150	Pulse	255	4740000	160229	NA
p020	150	Response	101	4740610	160839	1
p020	152	Pulse	255	4770000	18910	NA
p020	154	Response	100	4792850	11430	1
p020	155	Pulse	255	4800000	7081	NA
p020	157	Pulse	255	4830000	6583	NA
p020	158	Pulse	255	4860000	26418	NA
p020	158	Pulse	255	4890000	56418	NA
p020	158	Response	100	4896210	62628	1
p020	160	Pulse	255	4920000	13257	NA
p020	162	Pulse	255	4950000	12926	NA
p020	162	Response	100	4966690	29616	1
p020	164	Pulse	255	4980000	2930	NA
p020	166	Pulse	255	5010000	2599	NA
p020	166	Response	101	5016450	9049	1
p020	168	Pulse	255	5040000	13101	NA
p020	170	Pulse	255	5070000	12770	NA
p020	170	Response	100	5083169	25939	1
p020	172	Pulse	255	5100000	6440	NA
p020	174	Response	100	5128450	4559	1
p020	175	Pulse	255	5130000	1443	NA
p020	177	Pulse	255	5160000	946	NA
p020	178	Response	100	5177649	8429	1
p020	180	Pulse	255	5190000	1948	NA
p020	182	Pulse	255	5220000	1618	NA
p020	182	Response	100	5224449	6067	1
p020	184	Pulse	255	5250000	15119	NA
p020	186	Response	101	5270849	5637	1
p020	187	Pulse	255	5280000	8955	NA
p020	189	Pulse	255	5310000	8458	NA
p020	190	Response	100	5317973	6265	1
p020	192	Pulse	255	5340000	11627	NA
p020	194	Pulse	255	5370000	11296	NA
p020	194	Response	100	5373570	14866	1
p020	196	Pulse	255	5400000	15965	NA
p020	198	Pulse	255	5430000	15634	NA
p020	198	Response	100	5431169	16804	1
p020	200	Pulse	255	5460000	18303	NA
p020	202	Response	101	5479650	7623	1
p020	203	Pulse	255	5490000	10307	NA
p020	205	Pulse	255	5520000	9809	NA
p020	206	Response	100	5527250	6893	1
p020	208	Pulse	255	5550000	12312	NA
p020	210	Response	100	5572930	4911	1
p020	211	Pulse	255	5580000	6981	NA
p020	213	Pulse	255	5610000	6484	NA
p020	214	Response	101	5635730	22048	1
p020	215	Pulse	255	5640000	4154	NA
p020	217	Pulse	255	5670000	3656	NA
p020	218	Pulse	255	5700000	23490	NA
p020	218	Response	100	5716610	40100	1
p020	220	Pulse	255	5730000	2995	NA
p020	222	Pulse	255	5760000	2664	NA
p020	222	Response	101	5766849	9513	1
p020	224	Pulse	255	5790000	12666	NA
p020	226	Response	101	5816049	8385	1
p020	227	Pulse	255	5820000	3836	NA
p020	229	Pulse	255	5850000	3339	NA
p020	230	Response	100	5866049	9222	1
p020	232	Pulse	255	5880000	3508	NA
p020	234	Pulse	255	5910000	3177	NA
p020	234	Response	101	5918449	11626	1
p020	236	Pulse	255	5940000	11012	NA
p020	238	Pulse	255	5970000	10682	NA
p020	238	Pulse	255	6000000	40682	NA
p020	238	Response	100	6007729	48411	1
p020	240	Pulse	255	6030000	11853	NA
p020	242	Picture	instruct_trial	6048477	0	1	19665	1	0	next	other	0
p020	242	Pulse	255	6060000	11523	NA
p020	242	Response	100	6068049	19572	1
p020	243	Pulse	255	6090000	21691	NA
p020	243	Pulse	255	6120000	51691	NA
p020	243	Pulse	255	6150000	81691	NA
p020	243	Response	100	6152129	83820	1
p020	245	Pulse	255	6180000	17366	NA
p020	247	Pulse	255	6210000	17035	NA
p020	247	Pulse	255	6240000	47035	NA
p020	247	Pulse	255	6270000	77035	NA
p020	247	Response	101	6287409	94444	1
p020	249	Pulse	255	6300000	2211	NA
p020	251	Pulse	255	6330000	1880	NA
p020	251	Pulse	255	6360000	31880	NA
p020	251	Response	100	6372129	44009	1
p020	253	Pulse	255	6390000	7385	NA
p020	255	Pulse	255	6420000	7054	NA
p020	255	Response	101	6427089	14143	1
p020	257	Pulse	255	6450000	12390	NA
p020	259	Pulse	255	6480000	12059	NA
p020	259	Response	101	6482449	14508	1
p020	261	Pulse	255	6510000	17061	NA
p020	263	Response	101	6539729	16460	1
p020	264	Pulse	255	6540000	65	NA
p020	265	Pulse	255	6570000	19733	NA
p020	267	Response	101	6587808	7210	1
p020	269	Pulse	255	6600000	1737	NA
p020	271	Pulse	255	6630000	1406	NA
p020	271	Response	100	6633729	5135	1
p020	273	Pulse	255	6660000	15741	NA
p020	275	Pulse	255	6690000	15410	NA
p020	275	Pulse	255	6720000	45410	NA
p020	275	Pulse	255	6750000	75410	NA
p020	275	Response	101	6768769	94179	1
p020	277	Pulse	255	6780000	753	NA
p020	279	Pulse	255	6810000	422	NA
p020	279	Pulse	255	6840000	30422	NA
p020	279	Pulse	255	6870000	60422	NA
p020	279	Pulse	255	6900000	90422	NA
p020	279	Response	101	6914929	105350	1
p020	281	Pulse	255	6930000	4598	NA
p020	283	Pulse	255	6960000	4268	NA
p020	283	Response	101	6970529	14796	1
p020	285	Pulse	255	6990000	8937	NA
p020	287	Pulse	255	7020000	8606	NA
p020	287	Response	100	7038371	26977	1
p020	289	Pulse	255	7050000	1109	NA
p020	291	Pulse	255	7080000	778	NA
p020	291	Response	101	7103808	24587	1
p020	292	Pulse	255	7110000	6114	NA
p020	294	Pulse	255	7140000	5617	NA
p020	295	Pulse	255	7170000	25451	NA
p020	295	Pulse	255	7200000	55451	NA
p020	295	Response	101	7218288	73739	1
p020	297	Pulse	255	7230000	1291	NA
p020	299	Pulse	255	7260000	961	NA
p020	299	Response	100	7282689	23649	1
p020	300	Pulse	255	7290000	7129	NA
p020	302	Pulse	255	7320000	6632	NA
p020	303	Response	100	7343488	19954	1
p020	304	Pulse	255	7350000	6468	NA
p020	306	Pulse	255	7380000	5971	NA
p020	307	Response	101	7392448	8253	1
p020	309	Pulse	255	7410000	7140	NA
p020	311	Pulse	255	7440000	6809	NA
p020	311	Pulse	255	7470000	36809	NA
p020	311	Pulse	255	7500000	66809	NA
p020	311	Response	101	7511408	78217	1
p020	313	Pulse	255	7530000	8150	NA
p020	315	Pulse	255	7560000	7819	NA
p020	315	Pulse	255	7590000	37819	NA
p020	315	Pulse	255	7620000	67819	NA
p020	315	Response	100	7648528	96348	1
p020	316	Pulse	255	7650000	1328	NA
p020	318	Pulse	255	7680000	830	NA
p020	319	Pulse	255	7710000	20665	NA
p020	319	Response	101	7717648	28313	1
p020	321	Pulse	255	7740000	11835	NA
p020	323	Pulse	255	7770000	11504	NA
p020	323	Response	100	7785248	26752	1
p020	325	Pulse	255	7800000	4340	NA
p020	327	Pulse	255	7830000	4010	NA
p020	327	Response	100	7859088	33098	1
p020	328	Pulse	255	7860000	846	NA
p020	330	Pulse	255	7890000	349	NA
p020	331	Pulse	255	7920000	20183	NA
p020	331	Response	100	7940048	40230	1
p020	332	Pulse	255	7950000	9853	NA
p020	334	Pulse	255	7980000	9356	NA
p020	335	Response	100	7996208	15398	1
p020	337	Pulse	255	8010000	3359	NA
p020	339	Pulse	255	8040000	3028	NA
p020	339	Response	100	8048847	11875	1
p020	341	Pulse	255	8070000	10697	NA
p020	343	Pulse	255	8100000	10366	NA
p020	343	Pulse	255	8130000	40366	NA
p020	343	Response	101	8139168	49533	1
p020	345	Pulse	255	8160000	10371	NA
p020	347	Pulse	255	8190000	10040	NA
p020	347	Response	101	8205808	25848	1
p020	349	Pulse	255	8220000	3710	NA
p020	351	Pulse	255	8250000	3379	NA
p020	351	Response	100	8271168	24547	1
p020	352	Pulse	255	8280000	8715	NA
p020	354	Pulse	255	8310000	8218	NA
p020	355	Pulse	255	8340000	28052	NA
p020	355	Response	100	8343487	31539	1
p020	357	Pulse	255	8370000	16055	NA
p020	359	Pulse	255	8400000	15725	NA
p020	359	Pulse	255	8430000	45725	NA
p020	359	Pulse	255	8460000	75725	NA
p020	359	Response	101	8460127	75852	1
p020	361	Pulse	255	8490000	19399	NA
p020	363	Pulse	255	8520000	19068	NA
p020	363	Pulse	255	8550000	49068	NA
p020	363	Response	100	8550127	49195	1
p020	365	Pulse	255	8580000	19407	NA
p020	367	Pulse	255	8610000	19076	NA
p020	367	Response	100	8622287	31363	1
p020	369	Pulse	255	8640000	7246	NA
p020	371	Pulse	255	8670000	6915	NA
p020	371	Response	101	8688688	25603	1
p020	373	Pulse	255	8700000	919	NA
p020	375	Pulse	255	8730000	588	NA
p020	375	Response	100	8744367	14955	1
p020	377	Pulse	255	8760000	5257	NA
p020	379	Pulse	255	8790000	4926	NA
p020	379	Response	100	8797967	12893	1
p020	381	Pulse	255	8820000	11595	NA
p020	383	Pulse	255	8850000	11264	NA
p020	383	Response	101	8857487	18751	1
p020	385	Pulse	255	8880000	12100	NA
p020	387	Pulse	255	8910000	11769	NA
p020	387	Pulse	255	8940000	41769	NA
p020	387	Response	101	8958047	59816	1
p020	389	Pulse	255	8970000	1442	NA
p020	391	Pulse	255	9000000	1111	NA
p020	391	Pulse	255	9030000	31111	NA
p020	391	Response	100	9030287	31398	1
p020	393	Pulse	255	9060000	19281	NA
p020	395	Pulse	255	9090000	18951	NA
p020	395	Response	100	9097006	25957	1
p020	397	Pulse	255	9120000	12454	NA
p020	399	Pulse	255	9150000	12123	NA
p020	399	Pulse	255	9180000	42123	NA
p020	399	Response	100	9193647	55770	1
p020	401	Pulse	255	9210000	5962	NA
p020	403	Pulse	255	9240000	5632	NA
p020	403	Response	101	9252527	18159	1
p020	405	Pulse	255	9270000	6967	NA
p020	407	Pulse	255	9300000	6637	NA
p020	407	Response	101	9321886	28523	1
p020	408	Pulse	255	9330000	7972	NA
p020	410	Pulse	255	9360000	7475	NA
p020	411	Response	100	9379807	17116	1
p020	412	Pulse	255	9390000	10144	NA
p020	414	Pulse	255	9420000	9647	NA
p020	415	Response	100	9427247	6728	1
p020	417	Pulse	255	9450000	12316	NA
p020	419	Pulse	255	9480000	11985	NA
p020	419	Response	100	9484766	16751	1
p020	421	Pulse	255	9510000	14821	NA
p020	423	Response	100	9531566	6056	1
p020	424	Pulse	255	9540000	8324	NA
p020	426	Pulse	255	9570000	7827	NA
p020	427	Pulse	255	9600000	27661	NA
p020	427	Response	100	9612127	39788	1
p020	429	Pulse	255	9630000	7332	NA
p020	431	Pulse	255	9660000	7001	NA
p020	431	Pulse	255	9690000	37001	NA
p020	431	Pulse	255	9720000	67001	NA
p020	431	Response	101	9729247	76248	1
p020	433	Pulse	255	9750000	10342	NA
p020	435	Response	101	9779166	9178	1
p020	436	Pulse	255	9780000	679	NA
p020	438	Pulse	255	9810000	181	NA
p020	439	Pulse	255	9840000	20016	NA
p020	439	Response	100	9850366	30382	1
p020	441	Pulse	255	9870000	9186	NA
p020	443	Pulse	255	9900000	8855	NA
p020	443	Response	100	9903326	12181	1
p020	445	Pulse	255	9930000	16190	NA
p020	447	Pulse	255	9960000	15860	NA
p020	447	Pulse	255	9990000	45860	NA
p020	447	Response	101	10000286	56146	1
p020	449	Pulse	255	10020000	9199	NA
p020	451	Pulse	255	10050000	8868	NA
p020	451	Response	101	10053246	12114	1
p020	453	Pulse	255	10080000	16370	NA
p020	455	Response	101	10103406	9445	1
p020	456	Pulse	255	10110000	6540	NA
p020	458	Pulse	255	10140000	6043	NA
p020	459	Pulse	255	10170000	25877	NA
p020	459	Response	100	10195086	50963	1
p020	460	Pulse	255	10200000	4715	NA
p020	462	Pulse	255	10230000	4217	NA
p020	463	Response	100	10247726	11777	1
p020	465	Pulse	255	10260000	1887	NA
p020	467	Pulse	255	10290000	1556	NA
p020	467	Response	101	10301166	12722	1
p020	469	Pulse	255	10320000	8391	NA
p020	471	Pulse	255	10350000	8061	NA
p020	471	Pulse	255	10380000	38061	NA
p020	471	Response	100	10405406	63466	1
p020	472	Pulse	255	10410000	4400	NA
p020	474	Pulse	255	10440000	3902	NA
p020	475	Response	101	10458766	12503	1
p020	477	Pulse	255	10470000	738	NA
p020	479	Pulse	255	10500000	408	NA
p020	479	Response	100	10517886	18294	1
p020	481	Pulse	255	10530000	1577	NA
p020	483	Picture	instruct_trial	10558754	0	1	9333	1	0	next	other	0
p020	483	Pulse	255	10560000	1246	NA
p020	483	Response	101	10567886	9132	1
p020	484	Pulse	255	10590000	21747	NA
p020	484	Response	100	10603166	34913	1
p020	486	Pulse	255	10620000	6418	NA
p020	488	Pulse	255	10650000	6087	NA
p020	488	Pulse	255	10680000	36087	NA
p020	488	Pulse	255	10710000	66087	NA
p020	488	Response	100	10736606	92692	1
p020	489	Pulse	255	10740000	3262	NA
p020	491	Pulse	255	10770000	2764	NA
p020	492	Response	101	10786526	9124	1
p020	494	Pulse	255	10800000	2933	NA
p020	496	Pulse	255	10830000	2603	NA
p020	496	Response	101	10842526	15129	1
p020	498	Pulse	255	10860000	6938	NA
p020	500	Pulse	255	10890000	6608	NA
p020	500	Response	100	10902046	18653	1
p020	502	Pulse	255	10920000	7443	NA
p020	504	Pulse	255	10950000	7113	NA
p020	504	Response	101	10951966	9078	1
p020	506	Pulse	255	10980000	17614	NA
p020	508	Response	100	10999406	6689	1
p020	510	Pulse	255	11010000	118	NA
p020	511	Pulse	255	11040000	9954	NA
p020	512	Response	101	11050446	10233	1
p020	514	Pulse	255	11070000	9123	NA
p020	516	Response	100	11096445	5237	1
p020	517	Pulse	255	11100000	3459	NA
p020	519	Pulse	255	11130000	2962	NA
p020	520	Response	101	11153245	16042	1
p020	521	Pulse	255	11160000	6631	NA
p020	523	Pulse	255	11190000	6134	NA
p020	524	Response	101	11201805	7773	1
p020	526	Pulse	255	11220000	7803	NA
p020	528	Pulse	255	11250000	7472	NA
p020	528	Response	101	11268285	25757	1
p020	530	Pulse	255	11280000	1308	NA
p020	532	Pulse	255	11310000	978	NA
p020	532	Pulse	255	11340000	30978	NA
p020	532	Response	101	11344525	35502	1
p020	534	Pulse	255	11370000	14982	NA
p020	536	Response	101	11398125	12776	1
p020	537	Pulse	255	11400000	1819	NA
p020	539	Pulse	255	11430000	1321	NA
p020	540	Response	100	11445245	6400	1
p020	542	Pulse	255	11460000	4324	NA
p020	544	Pulse	255	11490000	3993	NA
p020	544	Pulse	255	11520000	33993	NA
p020	544	Response	101	11522845	36838	1
p020	546	Pulse	255	11550000	16664	NA
p020	548	Response	100	11576205	12538	1
p020	549	Pulse	255	11580000	3667	NA
p020	551	Pulse	255	11610000	3170	NA
p020	552	Response	100	11622445	5449	1
p020	554	Pulse	255	11640000	7172	NA
p020	556	Pulse	255	11670000	6842	NA
p020	556	Response	101	11673885	10727	1
p020	558	Pulse	255	11700000	15677	NA
p020	560	Response	101	11722125	7471	1
p020	561	Pulse	255	11730000	7680	NA
p020	563	Pulse	255	11760000	7183	NA
p020	564	Response	101	11784605	21622	1
p020	565	Pulse	255	11790000	5352	NA
p020	567	Pulse	255	11820000	4855	NA
p020	568	Response	101	11848045	22734	1
p020	569	Pulse	255	11850000	1858	NA
p020	571	Pulse	255	11880000	1360	NA
p020	572	Response	100	11906684	17879	1
p020	573	Pulse	255	11910000	3196	NA
p020	575	Pulse	255	11940000	2699	NA
p020	576	Pulse	255	11970000	22533	NA
p020	576	Pulse	255	12000000	52533	NA
p020	576	Response	100	12007885	60418	1
p020	578	Pulse	255	12030000	11706	NA
p020	580	Pulse	255	12060000	11375	NA
p020	580	Response	101	12069805	21180	1
p020	582	Pulse	255	12090000	9711	NA
p020	584	Pulse	255	12120000	9380	NA
p020	584	Pulse	255	12150000	39380	NA
p020	584	Pulse	255	12180000	69380	NA
p020	584	Response	100	12200364	89745	1
p020	585	Pulse	255	12210000	9555	NA
p020	587	Pulse	255	12240000	9057	NA
p020	588	Response	101	12247485	6376	1
p020	590	Pulse	255	12270000	12060	NA
p020	592	Pulse	255	12300000	11729	NA
p020	592	Response	101	12302124	13853	1
p020	594	Pulse	255	12330000	17398	NA
p020	596	Response	100	12347724	4792	1
p020	598	Pulse	255	12360000	1735	NA
p020	600	Pulse	255	12390000	1404	NA
p020	600	Response	101	12415884	27289	1
p020	601	Pulse	255	12420000	3907	NA
p020	603	Pulse	255	12450000	3409	NA
p020	604	Response	101	12464684	7928	1
p020	606	Pulse	255	12480000	4912	NA
p020	608	Pulse	255	12510000	4581	NA
p020	608	Response	101	12513084	7665	1
p020	610	Pulse	255	12540000	16416	NA
p020	612	Response	100	12566444	12529	1
p020	613	Pulse	255	12570000	3420	NA
p020	615	Pulse	255	12600000	2922	NA
p020	616	Pulse	255	12630000	22757	NA
p020	616	Pulse	255	12660000	52757	NA
p020	616	Response	101	12679724	72481	1
p020	617	Pulse	255	12690000	10096	NA
p020	619	Pulse	255	12720000	9599	NA
p020	620	Response	100	12727724	7158	1
p020	622	Pulse	255	12750000	11768	NA
p020	624	Pulse	255	12780000	11437	NA
p020	624	Pulse	255	12810000	41437	NA
p020	624	Pulse	255	12840000	71437	NA
p020	624	Response	101	12848924	80361	1
p020	626	Pulse	255	12870000	10612	NA
p020	628	Response	101	12897876	8157	9
p020	629	Pulse	255	12900000	1948	NA
p020	631	Pulse	255	12930000	1451	NA
p020	632	Pulse	255	12960000	21285	NA
p020	632	Response	100	12969804	31090	1
p020	634	Pulse	255	12990000	9789	NA
p020	636	Response	100	13018684	8142	1
p020	637	Pulse	255	13020000	1126	NA
p020	639	Pulse	255	13050000	628	NA
p020	640	Pulse	255	13080000	20462	NA
p020	640	Response	100	13093484	33946	1
p020	642	Pulse	255	13110000	6133	NA
p020	644	Response	101	13139884	5686	1
p020	644	Pulse	255	13140000	5802	NA
p020	646	Pulse	255	13170000	19637	NA
p020	648	Response	101	13187484	6790	1
p020	650	Pulse	255	13200000	2141	NA
p020	652	Pulse	255	13230000	1810	NA
p020	652	Response	100	13234364	6174	1
p020	654	Pulse	255	13260000	15145	NA
p020	656	Response	101	13281484	6298	1
p020	657	Response	100	13285084	3399	1
p020	657	Pulse	255	13290000	8315	NA
p020	659	Pulse	255	13320000	7818	NA
p020	660	Response	100	13330283	7935	1
p020	662	Pulse	255	13350000	9320	NA
p020	664	Pulse	255	13380000	8989	NA
p020	664	Response	100	13382604	11593	1
p020	666	Pulse	255	13410000	16991	NA
p020	668	Response	101	13431403	8064	1
p020	669	Pulse	255	13440000	8495	NA
p020	671	Pulse	255	13470000	7997	NA
p020	672	Response	100	13477643	5475	1
p020	674	Pulse	255	13500000	11833	NA
p020	676	Response	101	13522844	4346	1
p020	677	Pulse	255	13530000	7003	NA
p020	679	Pulse	255	13560000	6505	NA
p020	680	Response	101	13575884	12223	1
p020	682	Pulse	255	13590000	3675	NA
p020	684	Pulse	255	13620000	3344	NA
p020	684	Response	101	13622683	6027	1
p020	686	Pulse	255	13650000	16845	NA
p020	688	Response	100	13669723	6238	1
p020	689	Pulse	255	13680000	10182	NA
p020	691	Pulse	255	13710000	9685	NA
p020	692	Response	100	13714603	4122	1
p020	694	Pulse	255	13740000	15020	NA
p020	696	Pulse	255	13770000	14689	NA
p020	696	Pulse	255	13800000	44689	NA
p020	696	Response	101	13820363	65053	1
p020	697	Pulse	255	13830000	9528	NA
p020	699	Pulse	255	13860000	9031	NA
p020	700	Response	101	13868443	7309	1
p020	702	Pulse	255	13890000	11033	NA
p020	704	Pulse	255	13920000	10703	NA
p020	704	Pulse	255	13950000	40703	NA
p020	704	Pulse	255	13980000	70703	NA
p020	704	Response	100	14001643	92346	1
p020	705	Pulse	255	14010000	8211	NA
p020	707	Pulse	255	14040000	7713	NA
p020	708	Response	101	14060763	18310	1
p020	709	Pulse	255	14070000	9049	NA
p020	711	Pulse	255	14100000	8552	NA
p020	712	Response	101	14119243	17629	1
p020	714	Pulse	255	14130000	222	NA
p020	715	Pulse	255	14160000	10057	NA
p020	716	Response	100	14167483	7374	1
p020	718	Pulse	255	14190000	12059	NA
p020	720	Pulse	255	14220000	11729	NA
p020	720	Pulse	255	14250000	41729	NA
p020	720	Pulse	255	14280000	71729	NA
p020	720	Response	100	14291963	83692	1
p020	722	Pulse	255	14310000	7570	NA
p020	724	Picture	instruct_trial	14332761	0	1	40163	1	0	next	other	0
p020	724	Pulse	255	14340000	7239	NA
p020	724	Pulse	255	14370000	37239	NA
