Scenario - learning_JJ_english
Logfile written - 12/17/2021 12:51:47

Subject	Trial	Event Type	Code	Time	TTime	Uncertainty	Duration	Uncertainty	ReqTime	ReqDur	Stim Type	Pair Index

p021v2	0	Pulse	255	0	0	NA
p021v2	1	Picture	instruct_trial	10333	0	1	151653	1	0	next	other	0
p021v2	1	Pulse	255	30000	19667	NA
p021v2	1	Pulse	255	60000	49667	NA
p021v2	1	Pulse	255	90000	79667	NA
p021v2	1	Pulse	255	120000	109667	NA
p021v2	1	Pulse	255	150000	139667	NA
p021v2	1	Response	101	161769	151436	1
p021v2	1	Pulse	255	180000	169667	NA
p021v2	2	Pulse	255	210000	29848	NA
p021v2	2	Response	101	229929	49777	1
p021v2	3	Pulse	255	240000	10019	NA
p021v2	5	Pulse	255	270000	9522	NA
p021v2	6	Response	101	297689	27045	1
p021v2	7	Pulse	255	300000	2192	NA
p021v2	9	Pulse	255	330000	1695	NA
p021v2	10	Response	100	354888	16417	1
p021v2	11	Pulse	255	360000	5030	NA
p021v2	13	Pulse	255	390000	4533	NA
p021v2	14	Response	100	409689	14056	1
p021v2	15	Pulse	255	420000	10202	NA
p021v2	17	Pulse	255	450000	9704	NA
p021v2	18	Response	100	464008	13547	1
p021v2	20	Pulse	255	480000	5541	NA
p021v2	22	Pulse	255	510000	5210	NA
p021v2	22	Response	100	513208	8418	1
p021v2	24	Pulse	255	540000	16378	NA
p021v2	26	Response	101	564888	10936	1
p021v2	27	Pulse	255	570000	5048	NA
p021v2	29	Pulse	255	600000	4551	NA
p021v2	30	Response	101	611928	6313	1
p021v2	32	Pulse	255	630000	7553	NA
p021v2	34	Pulse	255	660000	7223	NA
p021v2	34	Response	101	660968	8191	1
p021v2	36	Pulse	255	690000	18558	NA
p021v2	38	Response	100	709128	7355	1
p021v2	40	Pulse	255	720000	395	NA
p021v2	42	Pulse	255	750000	65	NA
p021v2	42	Response	100	759128	9193	1
p021v2	44	Pulse	255	780000	10400	NA
p021v2	46	Response	101	806168	6237	1
p021v2	47	Pulse	255	810000	3736	NA
p021v2	49	Pulse	255	840000	3239	NA
p021v2	50	Response	100	854168	7241	1
p021v2	52	Pulse	255	870000	5408	NA
p021v2	54	Pulse	255	900000	5077	NA
p021v2	54	Response	100	902488	7565	1
p021v2	56	Pulse	255	930000	17079	NA
p021v2	58	Response	101	953368	10116	1
p021v2	59	Pulse	255	960000	6582	NA
p021v2	61	Pulse	255	990000	6085	NA
p021v2	62	Response	101	1000088	6007	1
p021v2	64	Pulse	255	1020000	9421	NA
p021v2	66	Response	101	1047528	6617	1
p021v2	67	Pulse	255	1050000	2424	NA
p021v2	69	Pulse	255	1080000	1926	NA
p021v2	70	Response	100	1095928	7688	1
p021v2	72	Pulse	255	1110000	3596	NA
p021v2	74	Pulse	255	1140000	3265	NA
p021v2	74	Response	100	1142087	5352	1
p021v2	76	Pulse	255	1170000	17433	NA
p021v2	78	Response	100	1189528	6630	1
p021v2	79	Pulse	255	1200000	10269	NA
p021v2	81	Pulse	255	1230000	9772	NA
p021v2	82	Response	100	1237047	6654	1
p021v2	84	Pulse	255	1260000	12441	NA
p021v2	86	Response	101	1287047	9158	1
p021v2	87	Pulse	255	1290000	2778	NA
p021v2	89	Pulse	255	1320000	2281	NA
p021v2	90	Response	101	1333447	5562	1
p021v2	92	Pulse	255	1350000	6116	NA
p021v2	94	Pulse	255	1380000	5786	NA
p021v2	94	Response	101	1380327	6113	1
p021v2	96	Pulse	255	1410000	19287	NA
p021v2	98	Response	101	1431687	10643	1
p021v2	99	Pulse	255	1440000	8124	NA
p021v2	101	Pulse	255	1470000	7626	NA
p021v2	102	Response	100	1481047	8508	1
p021v2	104	Pulse	255	1500000	8462	NA
p021v2	106	Response	100	1528652	6784	1
p021v2	107	Pulse	255	1530000	1299	NA
p021v2	109	Pulse	255	1560000	802	NA
p021v2	110	Response	101	1580967	11603	1
p021v2	111	Pulse	255	1590000	8970	NA
p021v2	113	Pulse	255	1620000	8473	NA
p021v2	114	Response	101	1630247	8554	1
p021v2	116	Pulse	255	1650000	9309	NA
p021v2	118	Response	100	1677127	6105	1
p021v2	119	Pulse	255	1680000	2812	NA
p021v2	121	Pulse	255	1710000	2314	NA
p021v2	122	Response	100	1727846	9995	1
p021v2	124	Pulse	255	1740000	1650	NA
p021v2	126	Pulse	255	1770000	1320	NA
p021v2	126	Response	100	1774807	6126	1
p021v2	128	Pulse	255	1800000	14655	NA
p021v2	130	Response	100	1821767	6091	1
p021v2	131	Pulse	255	1830000	8158	NA
p021v2	133	Pulse	255	1860000	7660	NA
p021v2	134	Response	101	1868647	6141	1
p021v2	136	Pulse	255	1890000	10829	NA
p021v2	138	Response	101	1917526	8025	1
p021v2	139	Pulse	255	1920000	2333	NA
p021v2	141	Pulse	255	1950000	1835	NA
p021v2	142	Response	100	1963446	5116	1
p021v2	144	Pulse	255	1980000	6171	NA
p021v2	146	Pulse	255	2010000	5840	NA
p021v2	146	Response	100	2010326	6167	1
p021v2	148	Pulse	255	2040000	19175	NA
p021v2	150	Response	101	2056646	5491	1
p021v2	152	Pulse	255	2070000	2846	NA
p021v2	154	Pulse	255	2100000	2515	NA
p021v2	154	Response	101	2106087	8602	1
p021v2	156	Pulse	255	2130000	13517	NA
p021v2	158	Response	101	2152246	5432	1
p021v2	159	Pulse	255	2160000	7686	NA
p021v2	161	Pulse	255	2190000	7189	NA
p021v2	162	Response	100	2198406	5429	1
p021v2	164	Pulse	255	2220000	11191	NA
p021v2	166	Response	100	2246886	7746	1
p021v2	167	Pulse	255	2250000	3028	NA
p021v2	169	Pulse	255	2280000	2531	NA
p021v2	170	Response	101	2293366	5731	1
p021v2	172	Pulse	255	2310000	6200	NA
p021v2	174	Pulse	255	2340000	5869	NA
p021v2	174	Response	101	2341846	7715	1
p021v2	176	Pulse	255	2370000	17704	NA
p021v2	178	Response	101	2390726	8099	1
p021v2	179	Pulse	255	2400000	9207	NA
p021v2	181	Pulse	255	2430000	8710	NA
p021v2	182	Response	101	2437366	5910	1
p021v2	184	Pulse	255	2460000	12212	NA
p021v2	186	Response	100	2484406	6288	1
p021v2	187	Pulse	255	2490000	5549	NA
p021v2	189	Pulse	255	2520000	5051	NA
p021v2	190	Response	101	2532486	7371	1
p021v2	192	Pulse	255	2550000	7054	NA
p021v2	194	Pulse	255	2580000	6723	NA
p021v2	194	Response	100	2581926	8649	1
p021v2	196	Pulse	255	2610000	17558	NA
p021v2	198	Response	101	2628486	5713	1
p021v2	200	Pulse	255	2640000	1062	NA
p021v2	202	Pulse	255	2670000	731	NA
p021v2	202	Response	100	2676086	6817	1
p021v2	204	Pulse	255	2700000	13400	NA
p021v2	206	Response	101	2727845	10914	1
p021v2	207	Pulse	255	2730000	2070	NA
p021v2	209	Pulse	255	2760000	1572	NA
p021v2	210	Response	100	2776166	7572	1
p021v2	212	Pulse	255	2790000	3408	NA
p021v2	214	Pulse	255	2820000	3078	NA
p021v2	214	Response	100	2826645	9723	1
p021v2	216	Pulse	255	2850000	12913	NA
p021v2	218	Response	100	2878485	11067	1
p021v2	219	Pulse	255	2880000	1416	NA
p021v2	221	Pulse	255	2910000	919	NA
p021v2	222	Response	101	2925605	6358	1
p021v2	224	Pulse	255	2940000	3921	NA
p021v2	226	Pulse	255	2970000	3591	NA
p021v2	226	Response	100	2973765	7356	1
p021v2	228	Pulse	255	3000000	15759	NA
p021v2	230	Response	100	3023525	8953	1
p021v2	231	Pulse	255	3030000	6429	NA
p021v2	233	Pulse	255	3060000	5932	NA
p021v2	234	Response	101	3070965	6731	1
p021v2	236	Pulse	255	3090000	8601	NA
p021v2	238	Response	101	3116885	5155	1
p021v2	239	Pulse	255	3120000	2937	NA
p021v2	241	Pulse	255	3150000	2440	NA
p021v2	242	Picture	instruct_trial	3157726	0	1	21998	1	0	next	other	0
p021v2	242	Response	101	3179525	21799	1
p021v2	243	Pulse	255	3180000	109	NA
p021v2	243	Response	100	3201925	22034	1
p021v2	244	Pulse	255	3210000	7944	NA
p021v2	246	Pulse	255	3240000	7447	NA
p021v2	247	Response	100	3259285	16566	1
p021v2	249	Pulse	255	3270000	284	NA
p021v2	250	Pulse	255	3300000	10119	NA
p021v2	251	Response	101	3309845	9798	1
p021v2	253	Pulse	255	3330000	9621	NA
p021v2	255	Pulse	255	3360000	9291	NA
p021v2	255	Response	101	3361606	10896	1
p021v2	257	Pulse	255	3390000	17959	NA
p021v2	259	Response	101	3419925	17553	1
p021v2	259	Pulse	255	3420000	17628	NA
p021v2	261	Pulse	255	3450000	19631	NA
p021v2	263	Response	101	3469285	8585	1
p021v2	265	Pulse	255	3480000	302	NA
p021v2	266	Pulse	255	3510000	10137	NA
p021v2	267	Response	100	3519045	9016	1
p021v2	269	Pulse	255	3540000	10473	NA
p021v2	271	Pulse	255	3570000	10142	NA
p021v2	271	Response	100	3570165	10307	1
p021v2	273	Pulse	255	3600000	19311	NA
p021v2	275	Response	100	3618004	6984	1
p021v2	277	Pulse	255	3630000	1482	NA
p021v2	279	Pulse	255	3660000	1151	NA
p021v2	279	Response	101	3666484	7635	1
p021v2	281	Pulse	255	3690000	12986	NA
p021v2	283	Response	101	3713524	6179	1
p021v2	284	Pulse	255	3720000	6322	NA
p021v2	286	Pulse	255	3750000	5825	NA
p021v2	287	Response	100	3766164	11823	1
p021v2	289	Pulse	255	3780000	3328	NA
p021v2	291	Pulse	255	3810000	2997	NA
p021v2	291	Response	101	3814484	7481	1
p021v2	293	Pulse	255	3840000	14999	NA
p021v2	295	Response	101	3861924	6592	1
p021v2	296	Pulse	255	3870000	8002	NA
p021v2	298	Pulse	255	3900000	7504	NA
p021v2	299	Response	100	3911204	8543	1
p021v2	301	Pulse	255	3930000	8340	NA
p021v2	303	Response	100	3958804	6813	1
p021v2	304	Pulse	255	3960000	1010	NA
p021v2	306	Pulse	255	3990000	513	NA
p021v2	307	Response	100	4006724	7071	1
p021v2	309	Pulse	255	4020000	2849	NA
p021v2	311	Pulse	255	4050000	2518	NA
p021v2	311	Response	101	4055924	8442	1
p021v2	313	Pulse	255	4080000	13686	NA
p021v2	315	Response	101	4102803	6159	1
p021v2	316	Pulse	255	4110000	7023	NA
p021v2	318	Pulse	255	4140000	6525	NA
p021v2	319	Response	101	4155124	11483	1
p021v2	321	Pulse	255	4170000	4361	NA
p021v2	323	Pulse	255	4200000	4031	NA
p021v2	323	Response	101	4202244	6275	1
p021v2	325	Pulse	255	4230000	17366	NA
p021v2	327	Response	100	4257284	14319	1
p021v2	328	Pulse	255	4260000	2536	NA
p021v2	330	Pulse	255	4290000	2039	NA
p021v2	331	Response	100	4306164	8037	1
p021v2	333	Pulse	255	4320000	3375	NA
p021v2	335	Pulse	255	4350000	3044	NA
p021v2	335	Response	100	4353844	6887	1
p021v2	337	Pulse	255	4380000	15712	NA
p021v2	339	Response	100	4403284	8665	1
p021v2	340	Pulse	255	4410000	6549	NA
p021v2	342	Pulse	255	4440000	6051	NA
p021v2	343	Response	101	4455763	11649	1
p021v2	345	Pulse	255	4470000	3721	NA
p021v2	347	Pulse	255	4500000	3390	NA
p021v2	347	Pulse	255	4530000	33390	NA
p021v2	347	Pulse	255	4560000	63390	NA
p021v2	347	Response	101	4564723	68114	1
p021v2	349	Pulse	255	4590000	14897	NA
p021v2	351	Response	100	4615764	10330	1
p021v2	352	Pulse	255	4620000	4067	NA
p021v2	354	Pulse	255	4650000	3570	NA
p021v2	355	Response	101	4666484	9888	1
p021v2	357	Pulse	255	4680000	3073	NA
p021v2	359	Pulse	255	4710000	2742	NA
p021v2	359	Response	101	4717363	10105	1
p021v2	361	Pulse	255	4740000	12244	NA
p021v2	363	Pulse	255	4770000	11913	NA
p021v2	363	Response	100	4774643	16556	1
p021v2	365	Pulse	255	4800000	14915	NA
p021v2	367	Pulse	255	4830000	14585	NA
p021v2	367	Response	101	4832003	16588	1
p021v2	369	Pulse	255	4860000	17587	NA
p021v2	371	Response	101	4882163	9419	1
p021v2	372	Pulse	255	4890000	7757	NA
p021v2	374	Pulse	255	4920000	7260	NA
p021v2	375	Response	100	4935603	12697	1
p021v2	377	Pulse	255	4950000	3929	NA
p021v2	379	Pulse	255	4980000	3599	NA
p021v2	379	Response	101	4984563	8162	1
p021v2	381	Pulse	255	5010000	14934	NA
p021v2	383	Response	101	5033283	7886	1
p021v2	384	Pulse	255	5040000	6604	NA
p021v2	386	Pulse	255	5070000	6106	NA
p021v2	387	Response	101	5080642	6583	1
p021v2	389	Pulse	255	5100000	8942	NA
p021v2	391	Response	100	5127283	5894	1
p021v2	392	Pulse	255	5130000	2612	NA
p021v2	394	Pulse	255	5160000	2114	NA
p021v2	395	Response	100	5175683	7631	1
p021v2	397	Pulse	255	5190000	3784	NA
p021v2	399	Pulse	255	5220000	3453	NA
p021v2	399	Response	100	5228082	11535	1
p021v2	401	Pulse	255	5250000	11455	NA
p021v2	403	Response	101	5278562	9687	1
p021v2	404	Pulse	255	5280000	1292	NA
p021v2	406	Pulse	255	5310000	794	NA
p021v2	407	Response	101	5324002	4631	1
p021v2	409	Pulse	255	5340000	5463	NA
p021v2	411	Pulse	255	5370000	5132	NA
p021v2	411	Response	100	5374962	10095	1
p021v2	413	Pulse	255	5400000	14634	NA
p021v2	415	Response	100	5421602	5906	1
p021v2	416	Pulse	255	5430000	8304	NA
p021v2	418	Pulse	255	5460000	7807	NA
p021v2	419	Response	100	5468802	6443	1
p021v2	421	Pulse	255	5490000	10809	NA
p021v2	423	Response	100	5517762	8248	1
p021v2	424	Pulse	255	5520000	2146	NA
p021v2	426	Pulse	255	5550000	1648	NA
p021v2	427	Response	101	5564482	5965	1
p021v2	429	Pulse	255	5580000	4984	NA
p021v2	431	Pulse	255	5610000	4653	NA
p021v2	431	Response	100	5611202	5855	1
p021v2	433	Pulse	255	5640000	18321	NA
p021v2	435	Response	101	5665442	13433	1
p021v2	436	Pulse	255	5670000	4492	NA
p021v2	438	Pulse	255	5700000	3995	NA
p021v2	439	Response	100	5716482	10311	1
p021v2	441	Pulse	255	5730000	2997	NA
p021v2	443	Pulse	255	5760000	2666	NA
p021v2	443	Response	101	5762562	5228	1
p021v2	445	Pulse	255	5790000	17001	NA
p021v2	447	Response	100	5808962	5632	1
p021v2	449	Pulse	255	5820000	505	NA
p021v2	451	Pulse	255	5850000	175	NA
p021v2	451	Response	101	5861762	11936	1
p021v2	453	Pulse	255	5880000	7843	NA
p021v2	455	Pulse	255	5910000	7512	NA
p021v2	455	Response	101	5916882	14394	1
p021v2	457	Pulse	255	5940000	12681	NA
p021v2	459	Response	101	5966002	8352	1
p021v2	460	Pulse	255	5970000	3851	NA
p021v2	462	Pulse	255	6000000	3354	NA
p021v2	463	Response	100	6018882	12070	1
p021v2	465	Pulse	255	6030000	690	NA
p021v2	467	Pulse	255	6060000	359	NA
p021v2	467	Response	101	6066402	6761	1
p021v2	469	Pulse	255	6090000	13194	NA
p021v2	471	Response	101	6113362	6225	1
p021v2	472	Pulse	255	6120000	6531	NA
p021v2	474	Pulse	255	6150000	6033	NA
p021v2	475	Response	100	6160082	5949	1
p021v2	477	Pulse	255	6180000	9536	NA
p021v2	479	Pulse	255	6210000	9205	NA
p021v2	479	Response	100	6211122	10327	1
p021v2	481	Pulse	255	6240000	18374	NA
p021v2	483	Picture	instruct_trial	6251957	0	1	15165	1	0	next	other	0
p021v2	483	Response	101	6266961	15004	1
p021v2	484	Pulse	255	6270000	2711	NA
p021v2	484	Pulse	255	6300000	32711	NA
p021v2	484	Pulse	255	6330000	62711	NA
p021v2	484	Response	100	6336881	69592	1
p021v2	486	Pulse	255	6360000	12718	NA
p021v2	488	Pulse	255	6390000	12387	NA
p021v2	488	Response	100	6393281	15669	1
p021v2	490	Pulse	255	6420000	16223	NA
p021v2	492	Response	101	6445841	11733	1
p021v2	493	Pulse	255	6450000	4060	NA
p021v2	495	Pulse	255	6480000	3562	NA
p021v2	496	Response	101	6494241	7638	1
p021v2	498	Pulse	255	6510000	5231	NA
p021v2	500	Pulse	255	6540000	4901	NA
p021v2	500	Response	101	6542161	7062	1
p021v2	502	Pulse	255	6570000	17402	NA
p021v2	504	Response	101	6593201	10273	1
p021v2	505	Pulse	255	6600000	6739	NA
p021v2	507	Pulse	255	6630000	6242	NA
p021v2	508	Response	100	6641921	7997	1
p021v2	510	Pulse	255	6660000	7578	NA
p021v2	512	Pulse	255	6690000	7247	NA
p021v2	512	Response	100	6691521	8768	1
p021v2	514	Pulse	255	6720000	18082	NA
p021v2	516	Response	100	6738721	6472	1
p021v2	518	Pulse	255	6750000	753	NA
p021v2	520	Pulse	255	6780000	422	NA
p021v2	520	Response	101	6785200	5622	1
p021v2	522	Pulse	255	6810000	14423	NA
p021v2	524	Response	101	6832241	6333	1
p021v2	525	Pulse	255	6840000	7593	NA
p021v2	527	Pulse	255	6870000	7096	NA
p021v2	528	Response	100	6878161	5091	1
p021v2	530	Pulse	255	6900000	11432	NA
p021v2	532	Response	101	6924801	5901	1
p021v2	533	Pulse	255	6930000	5101	NA
p021v2	535	Pulse	255	6960000	4604	NA
p021v2	536	Response	101	6971360	5799	1
p021v2	538	Pulse	255	6990000	8106	NA
p021v2	540	Pulse	255	7020000	7776	NA
p021v2	540	Response	100	7020240	8016	1
p021v2	542	Pulse	255	7050000	19277	NA
p021v2	544	Response	100	7067600	6547	1
p021v2	546	Pulse	255	7080000	1948	NA
p021v2	548	Pulse	255	7110000	1617	NA
p021v2	548	Response	100	7114960	6577	1
p021v2	550	Pulse	255	7140000	14619	NA
p021v2	552	Response	101	7161600	5888	1
p021v2	553	Pulse	255	7170000	8289	NA
p021v2	555	Pulse	255	7200000	7791	NA
p021v2	556	Response	101	7208000	5625	1
p021v2	558	Pulse	255	7230000	11460	NA
p021v2	560	Response	101	7255360	6489	1
p021v2	561	Pulse	255	7260000	4463	NA
p021v2	563	Pulse	255	7290000	3966	NA
p021v2	564	Response	101	7301440	5240	1
p021v2	566	Pulse	255	7320000	8135	NA
p021v2	568	Response	100	7349840	7644	1
p021v2	568	Pulse	255	7350000	7804	NA
p021v2	570	Pulse	255	7380000	19639	NA
p021v2	572	Response	100	7398320	7628	1
p021v2	574	Pulse	255	7410000	1143	NA
p021v2	576	Pulse	255	7440000	813	NA
p021v2	576	Response	100	7447519	8332	1
p021v2	578	Pulse	255	7470000	11981	NA
p021v2	580	Response	100	7495280	6930	1
p021v2	581	Pulse	255	7500000	4651	NA
p021v2	583	Pulse	255	7530000	4154	NA
p021v2	584	Response	101	7541760	5748	1
p021v2	586	Pulse	255	7560000	7823	NA
p021v2	588	Response	101	7587679	5171	1
p021v2	589	Pulse	255	7590000	2159	NA
p021v2	591	Pulse	255	7620000	1662	NA
p021v2	592	Response	100	7634880	6376	1
p021v2	594	Pulse	255	7650000	4664	NA
p021v2	596	Pulse	255	7680000	4333	NA
p021v2	596	Response	100	7682399	6732	1
p021v2	598	Pulse	255	7710000	17168	NA
p021v2	600	Response	101	7728799	5637	1
p021v2	602	Pulse	255	7740000	672	NA
p021v2	604	Pulse	255	7770000	341	NA
p021v2	604	Response	101	7777039	7380	1
p021v2	606	Pulse	255	7800000	12510	NA
p021v2	608	Response	101	7823439	5618	1
p021v2	609	Pulse	255	7830000	6513	NA
p021v2	611	Pulse	255	7860000	6015	NA
p021v2	612	Response	101	7869920	5770	1
p021v2	614	Pulse	255	7890000	9684	NA
p021v2	616	Response	100	7916079	5433	1
p021v2	617	Pulse	255	7920000	3854	NA
p021v2	619	Pulse	255	7950000	3357	NA
p021v2	620	Response	100	7964399	7590	1
p021v2	622	Pulse	255	7980000	5193	NA
p021v2	624	Pulse	255	8010000	4862	NA
p021v2	624	Response	101	8011920	6782	1
p021v2	626	Pulse	255	8040000	17697	NA
p021v2	628	Response	101	8060879	8245	1
p021v2	629	Pulse	255	8070000	9033	NA
p021v2	631	Pulse	255	8100000	8536	NA
p021v2	632	Response	100	8109199	7569	1
p021v2	634	Pulse	255	8130000	10372	NA
p021v2	636	Response	100	8155520	5561	1
p021v2	637	Pulse	255	8160000	4375	NA
p021v2	639	Pulse	255	8190000	3878	NA
p021v2	640	Response	100	8202159	5871	1
p021v2	642	Pulse	255	8220000	7380	NA
p021v2	644	Response	101	8249679	6729	1
p021v2	645	Pulse	255	8250000	217	NA
p021v2	646	Pulse	255	8280000	19884	NA
p021v2	648	Response	101	8296640	6193	1
p021v2	650	Pulse	255	8310000	2888	NA
p021v2	652	Pulse	255	8340000	2557	NA
p021v2	652	Response	100	8342399	4956	1
p021v2	654	Pulse	255	8370000	17225	NA
p021v2	656	Response	100	8388879	5774	1
p021v2	658	Pulse	255	8400000	729	NA
p021v2	660	Pulse	255	8430000	399	NA
p021v2	660	Response	100	8435198	5597	1
p021v2	662	Pulse	255	8460000	14400	NA
p021v2	664	Response	100	8481758	5828	1
p021v2	665	Pulse	255	8490000	8070	NA
p021v2	667	Pulse	255	8520000	7573	NA
p021v2	668	Response	101	8529359	6766	1
p021v2	670	Pulse	255	8550000	10242	NA
p021v2	672	Response	100	8577678	7589	1
p021v2	673	Pulse	255	8580000	2245	NA
p021v2	675	Pulse	255	8610000	1748	NA
p021v2	676	Response	101	8624959	6540	1
p021v2	678	Pulse	255	8640000	4583	NA
p021v2	680	Pulse	255	8670000	4253	NA
p021v2	680	Response	100	8671358	5611	1
p021v2	682	Pulse	255	8700000	18254	NA
p021v2	684	Response	101	8719438	7361	1
p021v2	686	Pulse	255	8730000	92	NA
p021v2	687	Pulse	255	8760000	9927	NA
p021v2	688	Response	100	8767758	7519	1
p021v2	690	Pulse	255	8790000	11762	NA
p021v2	692	Response	101	8814958	6390	1
p021v2	693	Pulse	255	8820000	4932	NA
p021v2	695	Pulse	255	8850000	4435	NA
p021v2	696	Response	101	8861678	5947	1
p021v2	698	Pulse	255	8880000	7937	NA
p021v2	700	Response	101	8908798	6405	1
p021v2	701	Pulse	255	8910000	1107	NA
p021v2	703	Pulse	255	8940000	610	NA
p021v2	704	Response	100	8959758	10202	1
p021v2	705	Pulse	255	8970000	10112	NA
p021v2	707	Pulse	255	9000000	9614	NA
p021v2	708	Response	101	9008318	7766	1
p021v2	710	Pulse	255	9030000	11283	NA
p021v2	712	Response	101	9055198	6151	1
p021v2	713	Pulse	255	9060000	4620	NA
p021v2	715	Pulse	255	9090000	4122	NA
p021v2	716	Response	100	9105438	9395	1
p021v2	718	Pulse	255	9120000	4125	NA
p021v2	720	Pulse	255	9150000	3794	NA
p021v2	720	Response	100	9153678	7472	1
p021v2	722	Pulse	255	9180000	15796	NA
p021v2	724	Picture	instruct_trial	9194535	0	1	40163	1	0	next	other	0
p021v2	724	Pulse	255	9210000	15465	NA
