Scenario - learning_JJ_english
Logfile written - 12/10/2021 14:01:19

Subject	Trial	Event Type	Code	Time	TTime	Uncertainty	Duration	Uncertainty	ReqTime	ReqDur	Stim Type	Pair Index

p21v1	0	Pulse	255	0	0	NA
p21v1	1	Picture	instruct_trial	10333	0	1	2392455	1	0	next	other	0
p21v1	1	Pulse	255	30000	19667	NA
p21v1	1	Pulse	255	60000	49667	NA
p21v1	1	Pulse	255	90000	79667	NA
p21v1	1	Pulse	255	120000	109667	NA
p21v1	1	Pulse	255	150000	139667	NA
p21v1	1	Pulse	255	180000	169667	NA
p21v1	1	Pulse	255	210000	199667	NA
p21v1	1	Pulse	255	240000	229667	NA
p21v1	1	Pulse	255	270000	259667	NA
p21v1	1	Pulse	255	300000	289667	NA
p21v1	1	Pulse	255	330000	319667	NA
p21v1	1	Pulse	255	360000	349667	NA
p21v1	1	Pulse	255	390000	379667	NA
p21v1	1	Pulse	255	420000	409667	NA
p21v1	1	Pulse	255	450000	439667	NA
p21v1	1	Pulse	255	480000	469667	NA
p21v1	1	Pulse	255	510000	499667	NA
p21v1	1	Pulse	255	540000	529667	NA
p21v1	1	Pulse	255	570000	559667	NA
p21v1	1	Pulse	255	600000	589667	NA
p21v1	1	Pulse	255	630000	619667	NA
p21v1	1	Pulse	255	660000	649667	NA
p21v1	1	Pulse	255	690000	679667	NA
p21v1	1	Pulse	255	720000	709667	NA
p21v1	1	Pulse	255	750000	739667	NA
p21v1	1	Pulse	255	780000	769667	NA
p21v1	1	Pulse	255	810000	799667	NA
p21v1	1	Pulse	255	840000	829667	NA
p21v1	1	Pulse	255	870000	859667	NA
p21v1	1	Pulse	255	900000	889667	NA
p21v1	1	Pulse	255	930000	919667	NA
p21v1	1	Pulse	255	960000	949667	NA
p21v1	1	Pulse	255	990000	979667	NA
p21v1	1	Pulse	255	1020000	1009667	NA
p21v1	1	Pulse	255	1050000	1039667	NA
p21v1	1	Pulse	255	1080000	1069667	NA
p21v1	1	Pulse	255	1110000	1099667	NA
p21v1	1	Pulse	255	1140000	1129667	NA
p21v1	1	Pulse	255	1170000	1159667	NA
p21v1	1	Pulse	255	1200000	1189667	NA
p21v1	1	Pulse	255	1230000	1219667	NA
p21v1	1	Pulse	255	1260000	1249667	NA
p21v1	1	Pulse	255	1290000	1279667	NA
p21v1	1	Pulse	255	1320000	1309667	NA
p21v1	1	Pulse	255	1350000	1339667	NA
p21v1	1	Pulse	255	1380000	1369667	NA
p21v1	1	Pulse	255	1410000	1399667	NA
p21v1	1	Pulse	255	1440000	1429667	NA
p21v1	1	Pulse	255	1470000	1459667	NA
p21v1	1	Pulse	255	1500000	1489667	NA
p21v1	1	Pulse	255	1530000	1519667	NA
p21v1	1	Pulse	255	1560000	1549667	NA
p21v1	1	Pulse	255	1590000	1579667	NA
p21v1	1	Pulse	255	1620000	1609667	NA
p21v1	1	Pulse	255	1650000	1639667	NA
p21v1	1	Pulse	255	1680000	1669667	NA
p21v1	1	Pulse	255	1710000	1699667	NA
p21v1	1	Pulse	255	1740000	1729667	NA
p21v1	1	Pulse	255	1770000	1759667	NA
p21v1	1	Pulse	255	1800000	1789667	NA
p21v1	1	Pulse	255	1830000	1819667	NA
p21v1	1	Pulse	255	1860000	1849667	NA
p21v1	1	Pulse	255	1890000	1879667	NA
p21v1	1	Pulse	255	1920000	1909667	NA
p21v1	1	Pulse	255	1950000	1939667	NA
p21v1	1	Pulse	255	1980000	1969667	NA
p21v1	1	Pulse	255	2010000	1999667	NA
p21v1	1	Pulse	255	2040000	2029667	NA
p21v1	1	Pulse	255	2070000	2059667	NA
p21v1	1	Pulse	255	2100000	2089667	NA
p21v1	1	Pulse	255	2130000	2119667	NA
p21v1	1	Pulse	255	2160000	2149667	NA
p21v1	1	Pulse	255	2190000	2179667	NA
p21v1	1	Pulse	255	2220000	2209667	NA
p21v1	1	Pulse	255	2250000	2239667	NA
p21v1	1	Pulse	255	2280000	2269667	NA
p21v1	1	Pulse	255	2310000	2299667	NA
p21v1	1	Pulse	255	2340000	2329667	NA
p21v1	1	Pulse	255	2370000	2359667	NA
p21v1	1	Pulse	255	2400000	2389667	NA
p21v1	1	Response	101	2402556	2392223	1
p21v1	1	Pulse	255	2430000	2419667	NA
p21v1	2	Response	101	2448636	18517	1
p21v1	4	Pulse	255	2460000	884	NA
p21v1	6	Pulse	255	2490000	553	NA
p21v1	6	Response	100	2505115	15668	1
p21v1	8	Pulse	255	2520000	4389	NA
p21v1	10	Pulse	255	2550000	4058	NA
p21v1	10	Response	100	2561195	15253	1
p21v1	12	Pulse	255	2580000	8394	NA
p21v1	14	Pulse	255	2610000	8063	NA
p21v1	14	Response	101	2619355	17418	1
p21v1	16	Pulse	255	2640000	10232	NA
p21v1	18	Pulse	255	2670000	9902	NA
p21v1	18	Response	101	2676234	16136	1
p21v1	20	Pulse	255	2700000	13237	NA
p21v1	22	Pulse	255	2730000	12907	NA
p21v1	22	Response	101	2732554	15461	1
p21v1	24	Pulse	255	2760000	16909	NA
p21v1	26	Pulse	255	2790000	16578	NA
p21v1	26	Response	100	2790076	16654	1
p21v1	28	Pulse	255	2820000	19414	NA
p21v1	30	Response	101	2845514	14598	1
p21v1	31	Pulse	255	2850000	4418	NA
p21v1	33	Pulse	255	2880000	3921	NA
p21v1	34	Response	101	2896234	9989	1
p21v1	36	Pulse	255	2910000	3257	NA
p21v1	38	Pulse	255	2940000	2926	NA
p21v1	38	Response	100	2958474	21401	1
p21v1	40	Pulse	255	2970000	1096	NA
p21v1	42	Pulse	255	3000000	765	NA
p21v1	42	Response	101	3024954	25720	1
p21v1	43	Pulse	255	3030000	4934	NA
p21v1	45	Pulse	255	3060000	4437	NA
p21v1	46	Response	101	3080234	14505	1
p21v1	47	Pulse	255	3090000	9606	NA
p21v1	49	Pulse	255	3120000	9108	NA
p21v1	50	Response	101	3132474	11416	1
p21v1	52	Pulse	255	3150000	7111	NA
p21v1	54	Pulse	255	3180000	6781	NA
p21v1	54	Response	100	3188793	15574	1
p21v1	56	Pulse	255	3210000	10783	NA
p21v1	58	Pulse	255	3240000	10452	NA
p21v1	58	Response	101	3249993	20446	1
p21v1	60	Pulse	255	3270000	9622	NA
p21v1	62	Pulse	255	3300000	9291	NA
p21v1	62	Response	100	3304633	13924	1
p21v1	64	Pulse	255	3330000	14960	NA
p21v1	66	Response	101	3354793	9422	1
p21v1	67	Pulse	255	3360000	5130	NA
p21v1	69	Pulse	255	3390000	4633	NA
p21v1	70	Response	101	3409433	13900	1
p21v1	72	Pulse	255	3420000	136	NA
p21v1	73	Pulse	255	3450000	9971	NA
p21v1	74	Response	100	3471032	20838	1
p21v1	75	Pulse	255	3480000	8807	NA
p21v1	77	Pulse	255	3510000	8310	NA
p21v1	78	Response	101	3533832	21976	1
p21v1	79	Pulse	255	3540000	5979	NA
p21v1	81	Pulse	255	3570000	5482	NA
p21v1	82	Response	100	3598873	24189	1
p21v1	83	Pulse	255	3600000	985	NA
p21v1	85	Pulse	255	3630000	488	NA
p21v1	86	Response	101	3654312	14634	1
p21v1	87	Pulse	255	3660000	5490	NA
p21v1	89	Pulse	255	3690000	4993	NA
p21v1	90	Response	101	3711992	16819	1
p21v1	91	Pulse	255	3720000	7828	NA
p21v1	93	Pulse	255	3750000	7331	NA
p21v1	94	Response	100	3771352	18517	1
p21v1	95	Pulse	255	3780000	8500	NA
p21v1	97	Pulse	255	3810000	8003	NA
p21v1	98	Response	100	3821274	9111	1
p21v1	100	Pulse	255	3840000	8339	NA
p21v1	102	Pulse	255	3870000	8008	NA
p21v1	102	Response	101	3875272	13280	1
p21v1	104	Pulse	255	3900000	14344	NA
p21v1	106	Response	100	3925671	9684	1
p21v1	107	Pulse	255	3930000	4181	NA
p21v1	109	Pulse	255	3960000	3683	NA
p21v1	110	Response	100	3982791	16309	1
p21v1	111	Pulse	255	3990000	7019	NA
p21v1	113	Pulse	255	4020000	6522	NA
p21v1	114	Response	100	4046471	22827	1
p21v1	115	Pulse	255	4050000	3358	NA
p21v1	117	Pulse	255	4080000	2861	NA
p21v1	118	Response	101	4099591	12286	1
p21v1	120	Pulse	255	4110000	30	NA
p21v1	121	Pulse	255	4140000	9865	NA
p21v1	122	Response	100	4152391	12091	1
p21v1	124	Pulse	255	4170000	7202	NA
p21v1	126	Pulse	255	4200000	6871	NA
p21v1	126	Response	100	4206150	13021	1
p21v1	128	Pulse	255	4230000	13373	NA
p21v1	130	Pulse	255	4260000	13042	NA
p21v1	130	Response	101	4260551	13593	1
p21v1	132	Pulse	255	4290000	19045	NA
p21v1	134	Response	100	4309592	8306	1
p21v1	135	Pulse	255	4320000	10215	NA
p21v1	137	Pulse	255	4350000	9717	NA
p21v1	138	Response	101	4366874	16426	1
p21v1	140	Pulse	255	4380000	2721	NA
p21v1	142	Pulse	255	4410000	2390	NA
p21v1	142	Response	101	4417030	9420	1
p21v1	144	Pulse	255	4440000	12558	NA
p21v1	146	Response	100	4469430	11657	1
p21v1	147	Pulse	255	4470000	395	NA
p21v1	148	Pulse	255	4500000	20063	NA
p21v1	150	Pulse	255	4530000	19732	NA
p21v1	150	Response	101	4530949	20682	1
p21v1	152	Pulse	255	4560000	18568	NA
p21v1	154	Pulse	255	4590000	18238	NA
p21v1	154	Response	100	4595589	23827	1
p21v1	156	Pulse	255	4620000	13908	NA
p21v1	158	Pulse	255	4650000	13577	NA
p21v1	158	Response	101	4650070	13647	1
p21v1	160	Pulse	255	4680000	19412	NA
p21v1	162	Pulse	255	4710000	19082	NA
p21v1	162	Response	101	4713029	22111	1
p21v1	164	Pulse	255	4740000	16585	NA
p21v1	166	Response	100	4765509	11763	1
p21v1	167	Pulse	255	4770000	4422	NA
p21v1	169	Pulse	255	4800000	3924	NA
p21v1	170	Response	101	4821589	15347	1
p21v1	171	Pulse	255	4830000	8260	NA
p21v1	173	Pulse	255	4860000	7763	NA
p21v1	174	Pulse	255	4890000	27597	NA
p21v1	174	Response	101	4891988	29585	1
p21v1	176	Pulse	255	4920000	17600	NA
p21v1	178	Response	100	4944148	11418	1
p21v1	179	Pulse	255	4950000	5772	NA
p21v1	181	Pulse	255	4980000	5274	NA
p21v1	182	Response	101	4999989	15097	1
p21v1	183	Pulse	255	5010000	9942	NA
p21v1	185	Pulse	255	5040000	9445	NA
p21v1	186	Response	100	5052708	11988	1
p21v1	188	Pulse	255	5070000	6781	NA
p21v1	190	Pulse	255	5100000	6451	NA
p21v1	190	Response	100	5119109	25560	1
p21v1	192	Pulse	255	5130000	454	NA
p21v1	194	Pulse	255	5160000	123	NA
p21v1	194	Response	100	5188228	28351	1
p21v1	195	Pulse	255	5190000	1626	NA
p21v1	197	Pulse	255	5220000	1129	NA
p21v1	198	Response	101	5243988	14950	1
p21v1	199	Pulse	255	5250000	5964	NA
p21v1	201	Pulse	255	5280000	5467	NA
p21v1	202	Response	100	5296548	11849	1
p21v1	204	Pulse	255	5310000	2970	NA
p21v1	206	Pulse	255	5340000	2639	NA
p21v1	206	Response	101	5358467	21106	1
p21v1	208	Pulse	255	5370000	1142	NA
p21v1	209	Pulse	255	5400000	5311	NA
p21v1	210	Response	101	5418307	13452	1
p21v1	212	Pulse	255	5430000	1314	NA
p21v1	214	Pulse	255	5460000	983	NA
p21v1	214	Response	100	5480467	21450	1
p21v1	215	Pulse	255	5490000	9485	NA
p21v1	217	Pulse	255	5520000	8988	NA
p21v1	218	Response	100	5536547	15369	1
p21v1	220	Pulse	255	5550000	2991	NA
p21v1	222	Pulse	255	5580000	2660	NA
p21v1	222	Response	101	5600706	23366	1
p21v1	223	Pulse	255	5610000	9162	NA
p21v1	225	Pulse	255	5640000	8665	NA
p21v1	226	Response	101	5663186	21686	1
p21v1	227	Pulse	255	5670000	6668	NA
p21v1	229	Pulse	255	5700000	6171	NA
p21v1	230	Response	100	5713746	9751	1
p21v1	232	Pulse	255	5730000	5840	NA
p21v1	234	Pulse	255	5760000	5509	NA
p21v1	234	Response	101	5783346	28856	1
p21v1	235	Pulse	255	5790000	6512	NA
p21v1	237	Pulse	255	5820000	6015	NA
p21v1	238	Pulse	255	5850000	25849	NA
p21v1	238	Response	101	5864706	40555	1
p21v1	240	Pulse	255	5880000	4853	NA
p21v1	242	Picture	instruct_trial	5905477	0	1	64661	1	0	next	other	0
p21v1	242	Pulse	255	5910000	4523	NA
p21v1	242	Pulse	255	5940000	34523	NA
p21v1	242	Pulse	255	5970000	64523	NA
p21v1	242	Response	101	5970066	64588	1
p21v1	243	Pulse	255	6000000	29695	NA
p21v1	243	Pulse	255	6030000	59695	NA
p21v1	243	Response	101	6046305	76000	1
p21v1	245	Pulse	255	6060000	3203	NA
p21v1	247	Pulse	255	6090000	2872	NA
p21v1	247	Pulse	255	6120000	32872	NA
p21v1	247	Response	100	6133265	46137	1
p21v1	249	Pulse	255	6150000	6210	NA
p21v1	251	Pulse	255	6180000	5880	NA
p21v1	251	Pulse	255	6210000	35880	NA
p21v1	251	Response	101	6224385	50265	1
p21v1	253	Pulse	255	6240000	5219	NA
p21v1	255	Pulse	255	6270000	4888	NA
p21v1	255	Response	100	6284945	19832	1
p21v1	257	Pulse	255	6300000	4557	NA
p21v1	259	Pulse	255	6330000	4227	NA
p21v1	259	Response	101	6343345	17571	1
p21v1	261	Pulse	255	6360000	6229	NA
p21v1	263	Pulse	255	6390000	5898	NA
p21v1	263	Response	100	6399664	15562	1
p21v1	265	Pulse	255	6420000	9901	NA
p21v1	267	Pulse	255	6450000	9570	NA
p21v1	267	Response	101	6451984	11554	1
p21v1	269	Pulse	255	6480000	17572	NA
p21v1	271	Response	101	6508304	15546	1
p21v1	272	Pulse	255	6510000	1576	NA
p21v1	274	Pulse	255	6540000	1079	NA
p21v1	275	Response	101	6563344	14257	1
p21v1	276	Pulse	255	6570000	6581	NA
p21v1	278	Pulse	255	6600000	6084	NA
p21v1	279	Response	101	6625183	21101	1
p21v1	280	Pulse	255	6630000	4753	NA
p21v1	282	Pulse	255	6660000	4256	NA
p21v1	283	Pulse	255	6690000	24090	NA
p21v1	283	Response	100	6694703	28793	1
p21v1	285	Pulse	255	6720000	14760	NA
p21v1	287	Response	101	6746063	10493	1
p21v1	288	Pulse	255	6750000	3764	NA
p21v1	290	Pulse	255	6780000	3267	NA
p21v1	291	Response	101	6807983	21084	1
p21v1	292	Pulse	255	6810000	1936	NA
p21v1	294	Pulse	255	6840000	1439	NA
p21v1	295	Response	100	6865104	16377	1
p21v1	296	Pulse	255	6870000	4774	NA
p21v1	298	Pulse	255	6900000	4277	NA
p21v1	299	Pulse	255	6930000	24111	NA
p21v1	299	Response	100	6936783	30894	1
p21v1	301	Pulse	255	6960000	12782	NA
p21v1	303	Response	101	6985903	8354	1
p21v1	304	Pulse	255	6990000	3952	NA
p21v1	306	Pulse	255	7020000	3455	NA
p21v1	307	Response	101	7047742	21031	1
p21v1	308	Pulse	255	7050000	2124	NA
p21v1	310	Pulse	255	7080000	1627	NA
p21v1	311	Pulse	255	7110000	21461	NA
p21v1	311	Response	100	7117662	29123	1
p21v1	313	Pulse	255	7140000	11798	NA
p21v1	315	Pulse	255	7170000	11467	NA
p21v1	315	Response	100	7187501	28969	1
p21v1	317	Pulse	255	7200000	1971	NA
p21v1	319	Pulse	255	7230000	1640	NA
p21v1	319	Response	100	7250142	21782	1
p21v1	320	Pulse	255	7260000	9809	NA
p21v1	322	Pulse	255	7290000	9311	NA
p21v1	323	Response	100	7306622	15767	1
p21v1	325	Pulse	255	7320000	2981	NA
p21v1	327	Pulse	255	7350000	2650	NA
p21v1	327	Response	101	7358622	11273	1
p21v1	329	Pulse	255	7380000	10986	NA
p21v1	331	Pulse	255	7410000	10655	NA
p21v1	331	Response	101	7416061	16716	1
p21v1	333	Pulse	255	7440000	13491	NA
p21v1	335	Response	101	7469582	12742	1
p21v1	336	Pulse	255	7470000	328	NA
p21v1	337	Pulse	255	7500000	19996	NA
p21v1	339	Response	101	7517982	7646	1
p21v1	341	Pulse	255	7530000	1500	NA
p21v1	343	Pulse	255	7560000	1169	NA
p21v1	343	Response	100	7568860	10029	1
p21v1	345	Pulse	255	7590000	10671	NA
p21v1	347	Pulse	255	7620000	10340	NA
p21v1	347	Response	100	7625661	16001	1
p21v1	349	Pulse	255	7650000	13843	NA
p21v1	351	Response	101	7674060	7573	1
p21v1	352	Pulse	255	7680000	5846	NA
p21v1	354	Pulse	255	7710000	5349	NA
p21v1	355	Response	101	7727180	12363	1
p21v1	357	Pulse	255	7740000	2352	NA
p21v1	359	Pulse	255	7770000	2021	NA
p21v1	359	Response	100	7775821	7842	1
p21v1	361	Pulse	255	7800000	13689	NA
p21v1	363	Pulse	255	7830000	13359	NA
p21v1	363	Response	100	7838300	21659	1
p21v1	365	Pulse	255	7860000	11195	NA
p21v1	367	Pulse	255	7890000	10864	NA
p21v1	367	Response	100	7900301	21165	1
p21v1	369	Pulse	255	7920000	9200	NA
p21v1	371	Pulse	255	7950000	8870	NA
p21v1	371	Response	100	7952220	11090	1
p21v1	373	Pulse	255	7980000	17372	NA
p21v1	375	Response	101	8006620	13661	1
p21v1	376	Pulse	255	8010000	3209	NA
p21v1	378	Pulse	255	8040000	2712	NA
p21v1	379	Response	101	8063099	15645	1
p21v1	380	Pulse	255	8070000	6714	NA
p21v1	382	Pulse	255	8100000	6217	NA
p21v1	383	Response	100	8118219	14270	1
p21v1	385	Pulse	255	8130000	1386	NA
p21v1	387	Pulse	255	8160000	1056	NA
p21v1	387	Response	100	8174539	15595	1
p21v1	389	Pulse	255	8190000	5058	NA
p21v1	391	Pulse	255	8220000	4727	NA
p21v1	391	Response	101	8222699	7426	1
p21v1	393	Pulse	255	8250000	16896	NA
p21v1	395	Response	101	8272219	8784	1
p21v1	396	Pulse	255	8280000	7732	NA
p21v1	398	Pulse	255	8310000	7235	NA
p21v1	399	Response	101	8319259	6328	1
p21v1	401	Pulse	255	8340000	10238	NA
p21v1	403	Response	100	8368539	8445	1
p21v1	404	Pulse	255	8370000	1408	NA
p21v1	406	Pulse	255	8400000	910	NA
p21v1	407	Response	100	8415899	6643	1
p21v1	409	Pulse	255	8430000	3579	NA
p21v1	411	Pulse	255	8460000	3249	NA
p21v1	411	Response	101	8465259	8507	1
p21v1	413	Pulse	255	8490000	14250	NA
p21v1	415	Response	101	8518298	12218	1
p21v1	416	Pulse	255	8520000	1588	NA
p21v1	417	Pulse	255	8550000	18589	NA
p21v1	419	Response	101	8572378	10636	1
p21v1	420	Pulse	255	8580000	7426	NA
p21v1	422	Pulse	255	8610000	6928	NA
p21v1	423	Response	101	8620778	7541	1
p21v1	425	Pulse	255	8640000	8764	NA
p21v1	427	Pulse	255	8670000	8434	NA
p21v1	427	Response	100	8672938	11372	1
p21v1	429	Pulse	255	8700000	16602	NA
p21v1	431	Pulse	255	8730000	16272	NA
p21v1	431	Response	100	8735738	22009	1
p21v1	433	Pulse	255	8760000	13774	NA
p21v1	435	Response	100	8788537	11981	1
p21v1	436	Pulse	255	8790000	1278	NA
p21v1	438	Pulse	255	8820000	781	NA
p21v1	439	Response	101	8837898	8513	1
p21v1	441	Pulse	255	8850000	1617	NA
p21v1	443	Pulse	255	8880000	1286	NA
p21v1	443	Response	100	8886858	8144	1
p21v1	445	Pulse	255	8910000	12621	NA
p21v1	447	Response	101	8937897	10188	1
p21v1	448	Pulse	255	8940000	1958	NA
p21v1	450	Pulse	255	8970000	1461	NA
p21v1	451	Response	100	8985177	6472	1
p21v1	453	Pulse	255	9000000	4297	NA
p21v1	455	Pulse	255	9030000	3966	NA
p21v1	455	Response	100	9033177	7143	1
p21v1	457	Pulse	255	9060000	16301	NA
p21v1	459	Response	100	9082857	8827	1
p21v1	460	Pulse	255	9090000	6971	NA
p21v1	462	Pulse	255	9120000	6474	NA
p21v1	463	Response	101	9131176	7484	1
p21v1	465	Pulse	255	9150000	8309	NA
p21v1	467	Response	100	9179176	7155	1
p21v1	468	Pulse	255	9180000	646	NA
p21v1	470	Pulse	255	9210000	149	NA
p21v1	471	Response	100	9226536	6519	1
p21v1	473	Pulse	255	9240000	2985	NA
p21v1	475	Pulse	255	9270000	2654	NA
p21v1	475	Response	101	9278536	11190	1
p21v1	477	Pulse	255	9300000	10989	NA
p21v1	479	Response	101	9325336	5995	1
p21v1	480	Pulse	255	9330000	4492	NA
p21v1	482	Pulse	255	9360000	3995	NA
p21v1	483	Picture	instruct_trial	9366171	0	1	101991	1	0	next	other	0
p21v1	483	Pulse	255	9390000	23829	NA
p21v1	483	Pulse	255	9420000	53829	NA
p21v1	483	Pulse	255	9450000	83829	NA
p21v1	483	Response	101	9467975	101804	1
p21v1	484	Pulse	255	9480000	11672	NA
p21v1	484	Response	100	9494855	26527	1
p21v1	486	Pulse	255	9510000	4675	NA
p21v1	488	Pulse	255	9540000	4344	NA
p21v1	488	Response	101	9555575	19919	1
p21v1	490	Pulse	255	9570000	4014	NA
p21v1	492	Pulse	255	9600000	3683	NA
p21v1	492	Response	101	9622535	26218	1
p21v1	493	Pulse	255	9630000	7352	NA
p21v1	495	Pulse	255	9660000	6855	NA
p21v1	496	Response	100	9679655	16344	1
p21v1	497	Pulse	255	9690000	10191	NA
p21v1	499	Pulse	255	9720000	9693	NA
p21v1	500	Response	101	9743334	22862	1
p21v1	501	Pulse	255	9750000	6529	NA
p21v1	503	Pulse	255	9780000	6032	NA
p21v1	504	Response	100	9796214	12080	1
p21v1	506	Pulse	255	9810000	3368	NA
p21v1	508	Pulse	255	9840000	3038	NA
p21v1	508	Response	101	9846855	9892	1
p21v1	510	Pulse	255	9870000	12706	NA
p21v1	512	Pulse	255	9900000	12376	NA
p21v1	512	Response	101	9911734	24110	1
p21v1	514	Pulse	255	9930000	7879	NA
p21v1	516	Pulse	255	9960000	7548	NA
p21v1	516	Response	101	9964534	12082	1
p21v1	518	Pulse	255	9990000	15050	NA
p21v1	520	Response	100	10017734	12453	1
p21v1	521	Pulse	255	10020000	2220	NA
p21v1	523	Pulse	255	10050000	1723	NA
p21v1	524	Response	100	10068296	9853	1
p21v1	526	Pulse	255	10080000	1226	NA
p21v1	528	Pulse	255	10110000	895	NA
p21v1	528	Response	101	10117174	8069	1
p21v1	530	Pulse	255	10140000	12397	NA
p21v1	532	Response	100	10168773	10839	1
p21v1	533	Pulse	255	10170000	1067	NA
p21v1	535	Pulse	255	10200000	570	NA
p21v1	536	Response	100	10221734	12138	1
p21v1	537	Pulse	255	10230000	8072	NA
p21v1	539	Pulse	255	10260000	7575	NA
p21v1	540	Response	101	10282453	19862	1
p21v1	541	Pulse	255	10290000	7411	NA
p21v1	543	Pulse	255	10320000	6913	NA
p21v1	544	Response	100	10345893	22641	1
p21v1	545	Pulse	255	10350000	3916	NA
p21v1	547	Pulse	255	10380000	3419	NA
p21v1	548	Response	100	10400373	13626	1
p21v1	549	Pulse	255	10410000	9421	NA
p21v1	551	Pulse	255	10440000	8924	NA
p21v1	552	Response	100	10455253	14011	1
p21v1	554	Pulse	255	10470000	4260	NA
p21v1	556	Pulse	255	10500000	3930	NA
p21v1	556	Response	100	10515333	19262	1
p21v1	558	Pulse	255	10530000	4265	NA
p21v1	560	Pulse	255	10560000	3935	NA
p21v1	560	Response	100	10578932	22867	1
p21v1	562	Pulse	255	10590000	604	NA
p21v1	564	Pulse	255	10620000	274	NA
p21v1	564	Pulse	255	10650000	30274	NA
p21v1	564	Response	100	10657492	37766	1
p21v1	566	Pulse	255	10680000	12111	NA
p21v1	568	Pulse	255	10710000	11781	NA
p21v1	568	Response	101	10710532	12313	1
p21v1	570	Pulse	255	10740000	18949	NA
p21v1	572	Pulse	255	10770000	18619	NA
p21v1	572	Response	101	10776932	25551	1
p21v1	574	Pulse	255	10800000	12622	NA
p21v1	576	Pulse	255	10830000	12291	NA
p21v1	576	Response	101	10843252	25543	1
p21v1	578	Pulse	255	10860000	6295	NA
p21v1	580	Pulse	255	10890000	5964	NA
p21v1	580	Response	101	10893492	9455	1
p21v1	582	Pulse	255	10920000	16132	NA
p21v1	584	Response	100	10945892	11693	1
p21v1	585	Pulse	255	10950000	3969	NA
p21v1	587	Pulse	255	10980000	3472	NA
p21v1	588	Response	100	10995891	9197	1
p21v1	590	Pulse	255	11010000	3641	NA
p21v1	592	Pulse	255	11040000	3311	NA
p21v1	592	Response	101	11041091	4401	1
p21v1	594	Pulse	255	11070000	18479	NA
p21v1	596	Response	101	11088371	6519	1
p21v1	598	Pulse	255	11100000	1150	NA
p21v1	600	Pulse	255	11130000	819	NA
p21v1	600	Response	100	11135891	6710	1
p21v1	602	Pulse	255	11160000	13654	NA
p21v1	604	Pulse	255	11190000	13323	NA
p21v1	604	Response	100	11194050	17373	1
p21v1	606	Pulse	255	11220000	15492	NA
p21v1	608	Pulse	255	11250000	15162	NA
p21v1	608	Response	100	11270131	35292	1
p21v1	609	Pulse	255	11280000	9665	NA
p21v1	611	Pulse	255	11310000	9167	NA
p21v1	612	Response	100	11319010	8012	1
p21v1	614	Pulse	255	11340000	10503	NA
p21v1	616	Response	101	11369010	9182	1
p21v1	617	Pulse	255	11370000	840	NA
p21v1	619	Pulse	255	11400000	343	NA
p21v1	620	Response	101	11418049	8227	1
p21v1	622	Pulse	255	11430000	1512	NA
p21v1	624	Pulse	255	11460000	1181	NA
p21v1	624	Response	100	11463890	5071	1
p21v1	626	Pulse	255	11490000	15683	NA
p21v1	628	Pulse	255	11520000	15352	NA
p21v1	628	Response	100	11524769	20121	1
p21v1	630	Pulse	255	11550000	14855	NA
p21v1	632	Response	101	11572129	6654	1
p21v1	633	Pulse	255	11580000	7692	NA
p21v1	635	Pulse	255	11610000	7194	NA
p21v1	636	Response	100	11623969	10998	1
p21v1	638	Pulse	255	11640000	5530	NA
p21v1	640	Pulse	255	11670000	5200	NA
p21v1	640	Response	101	11675649	10848	1
p21v1	642	Pulse	255	11700000	13868	NA
p21v1	644	Response	100	11722608	6146	1
p21v1	645	Pulse	255	11730000	7205	NA
p21v1	647	Pulse	255	11760000	6708	NA
p21v1	648	Response	100	11770129	6670	1
p21v1	650	Pulse	255	11790000	9377	NA
p21v1	652	Response	101	11818929	7975	1
p21v1	653	Pulse	255	11820000	880	NA
p21v1	655	Pulse	255	11850000	383	NA
p21v1	656	Response	101	11867968	8185	1
p21v1	658	Pulse	255	11880000	1552	NA
p21v1	660	Pulse	255	11910000	1221	NA
p21v1	660	Response	101	11916368	7589	1
p21v1	662	Pulse	255	11940000	13223	NA
p21v1	664	Response	101	11962768	5661	1
p21v1	665	Pulse	255	11970000	7059	NA
p21v1	667	Pulse	255	12000000	6562	NA
p21v1	668	Response	100	12011168	7564	1
p21v1	670	Pulse	255	12030000	8398	NA
p21v1	672	Pulse	255	12060000	8067	NA
p21v1	672	Response	101	12062528	10596	1
p21v1	674	Pulse	255	12090000	17069	NA
p21v1	676	Response	100	12108288	5027	1
p21v1	678	Pulse	255	12120000	1240	NA
p21v1	680	Pulse	255	12150000	909	NA
p21v1	680	Response	101	12158048	8957	1
p21v1	682	Pulse	255	12180000	11411	NA
p21v1	684	Response	100	12205648	6728	1
p21v1	685	Pulse	255	12210000	4248	NA
p21v1	687	Pulse	255	12240000	3750	NA
p21v1	688	Response	101	12265808	19392	1
p21v1	689	Pulse	255	12270000	4086	NA
p21v1	691	Pulse	255	12300000	3589	NA
p21v1	692	Response	100	12315728	9151	1
p21v1	694	Pulse	255	12330000	3758	NA
p21v1	696	Pulse	255	12360000	3428	NA
p21v1	696	Response	100	12364127	7555	1
p21v1	698	Pulse	255	12390000	15429	NA
p21v1	700	Response	100	12415967	11066	1
p21v1	701	Pulse	255	12420000	3933	NA
p21v1	703	Pulse	255	12450000	3436	NA
p21v1	704	Response	101	12465167	8437	1
p21v1	706	Pulse	255	12480000	4438	NA
p21v1	708	Pulse	255	12510000	4108	NA
p21v1	708	Response	100	12512367	6474	1
p21v1	710	Pulse	255	12540000	17109	NA
p21v1	712	Response	100	12567566	14345	1
p21v1	713	Pulse	255	12570000	2280	NA
p21v1	715	Pulse	255	12600000	1782	NA
p21v1	716	Response	101	12624526	16143	1
p21v1	717	Pulse	255	12630000	5285	NA
p21v1	719	Pulse	255	12660000	4787	NA
p21v1	720	Response	101	12670527	5148	1
p21v1	722	Pulse	255	12690000	8956	NA
p21v1	724	Picture	instruct_trial	12711374	0	1	40163	1	0	next	other	0
p21v1	724	Pulse	255	12720000	8626	NA
p21v1	724	Pulse	255	12750000	38626	NA
