Scenario - learning_JJ_english
Logfile written - 01/26/2022 12:43:19

Subject	Trial	Event Type	Code	Time	TTime	Uncertainty	Duration	Uncertainty	ReqTime	ReqDur	Stim Type	Pair Index

p022v2	0	Pulse	255	0	0	NA
p022v2	1	Picture	instruct_trial	10333	0	1	42996	1	0	next	other	0
p022v2	1	Pulse	255	30000	19667	NA
p022v2	1	Response	100	53230	42897	1
p022v2	1	Pulse	255	60000	49667	NA
p022v2	2	Response	101	75309	15147	1
p022v2	4	Pulse	255	90000	4180	NA
p022v2	6	Pulse	255	120000	3843	NA
p022v2	6	Response	100	132989	16832	1
p022v2	8	Pulse	255	150000	6512	NA
p022v2	10	Pulse	255	180000	6181	NA
p022v2	10	Response	100	186510	12691	1
p022v2	12	Pulse	255	210000	13016	NA
p022v2	14	Response	100	232190	4876	1
p022v2	15	Pulse	255	240000	7686	NA
p022v2	17	Pulse	255	270000	7189	NA
p022v2	18	Response	100	279229	6252	1
p022v2	20	Pulse	255	300000	10358	NA
p022v2	22	Pulse	255	330000	10027	NA
p022v2	22	Response	100	338670	18697	1
p022v2	24	Pulse	255	360000	10863	NA
p022v2	26	Pulse	255	390000	10532	NA
p022v2	26	Response	101	391709	12241	1
p022v2	28	Pulse	255	420000	17867	NA
p022v2	30	Response	101	439470	7006	1
p022v2	32	Pulse	255	450000	38	NA
p022v2	33	Pulse	255	480000	9873	NA
p022v2	34	Response	101	502830	22537	1
p022v2	35	Pulse	255	510000	7043	NA
p022v2	37	Pulse	255	540000	6545	NA
p022v2	38	Response	100	550589	6969	1
p022v2	40	Pulse	255	570000	8881	NA
p022v2	42	Response	101	596670	5220	1
p022v2	43	Pulse	255	600000	3217	NA
p022v2	45	Pulse	255	630000	2720	NA
p022v2	46	Response	101	643390	5944	1
p022v2	48	Pulse	255	660000	6222	NA
p022v2	50	Pulse	255	690000	5892	NA
p022v2	50	Response	100	690270	6161	1
p022v2	52	Pulse	255	720000	19226	NA
p022v2	54	Response	100	744350	13245	1
p022v2	55	Pulse	255	750000	5563	NA
p022v2	57	Pulse	255	780000	5066	NA
p022v2	58	Response	101	793630	8530	1
p022v2	60	Pulse	255	810000	5902	NA
p022v2	62	Pulse	255	840000	5571	NA
p022v2	62	Response	101	840029	5601	1
p022v2	64	Pulse	255	870000	19572	NA
p022v2	66	Response	101	887149	6391	1
p022v2	68	Pulse	255	900000	2410	NA
p022v2	70	Pulse	255	930000	2079	NA
p022v2	70	Response	100	933550	5629	1
p022v2	72	Pulse	255	960000	15914	NA
p022v2	74	Response	100	981950	7533	1
p022v2	75	Pulse	255	990000	7917	NA
p022v2	77	Pulse	255	1020000	7420	NA
p022v2	78	Response	100	1029790	7044	1
p022v2	80	Pulse	255	1050000	9755	NA
p022v2	82	Response	100	1079869	9294	1
p022v2	82	Pulse	255	1080000	9425	NA
p022v2	84	Pulse	255	1110000	19593	NA
p022v2	86	Response	101	1126509	5772	1
p022v2	88	Pulse	255	1140000	3097	NA
p022v2	90	Pulse	255	1170000	2766	NA
p022v2	90	Response	100	1172909	5676	1
p022v2	92	Pulse	255	1200000	16601	NA
p022v2	94	Response	101	1222669	8939	1
p022v2	95	Pulse	255	1230000	7271	NA
p022v2	97	Pulse	255	1260000	6774	NA
p022v2	98	Response	101	1268509	5117	1
p022v2	100	Pulse	255	1290000	11109	NA
p022v2	102	Response	100	1313629	4408	1
p022v2	103	Pulse	255	1320000	6279	NA
p022v2	105	Pulse	255	1350000	5782	NA
p022v2	106	Response	100	1368589	14204	1
p022v2	108	Pulse	255	1380000	951	NA
p022v2	110	Pulse	255	1410000	620	NA
p022v2	110	Response	101	1413630	4250	1
p022v2	112	Pulse	255	1440000	15955	NA
p022v2	114	Response	100	1469230	14854	1
p022v2	115	Pulse	255	1470000	626	NA
p022v2	117	Pulse	255	1500000	128	NA
p022v2	118	Response	100	1513789	3751	1
p022v2	120	Pulse	255	1530000	5797	NA
p022v2	122	Pulse	255	1560000	5466	NA
p022v2	122	Response	100	1560509	5975	1
p022v2	124	Pulse	255	1590000	18968	NA
p022v2	126	Response	100	1607549	6186	1
p022v2	128	Pulse	255	1620000	1972	NA
p022v2	130	Pulse	255	1650000	1641	NA
p022v2	130	Response	100	1653469	5110	1
p022v2	132	Pulse	255	1680000	16142	NA
p022v2	134	Response	101	1700349	6161	1
p022v2	135	Pulse	255	1710000	9479	NA
p022v2	137	Pulse	255	1740000	8981	NA
p022v2	138	Response	101	1746589	5404	1
p022v2	140	Pulse	255	1770000	12984	NA
p022v2	142	Response	100	1792429	5082	1
p022v2	143	Pulse	255	1800000	7487	NA
p022v2	145	Pulse	255	1830000	6989	NA
p022v2	146	Response	100	1839869	6693	1
p022v2	148	Pulse	255	1860000	9658	NA
p022v2	150	Response	101	1886189	5517	1
p022v2	151	Pulse	255	1890000	3661	NA
p022v2	153	Pulse	255	1920000	3164	NA
p022v2	154	Response	101	1939629	12628	1
p022v2	155	Pulse	255	1950000	10166	NA
p022v2	157	Pulse	255	1980000	9669	NA
p022v2	158	Response	101	1985629	5132	1
p022v2	160	Pulse	255	2010000	13838	NA
p022v2	162	Response	100	2033469	6976	1
p022v2	163	Pulse	255	2040000	6341	NA
p022v2	165	Pulse	255	2070000	5843	NA
p022v2	166	Response	100	2084829	10507	1
p022v2	168	Pulse	255	2100000	4679	NA
p022v2	170	Pulse	255	2130000	4349	NA
p022v2	170	Response	101	2130829	5178	1
p022v2	172	Pulse	255	2160000	18683	NA
p022v2	174	Response	101	2178509	6862	1
p022v2	176	Pulse	255	2190000	1021	NA
p022v2	178	Pulse	255	2220000	690	NA
p022v2	178	Response	101	2239709	20399	1
p022v2	179	Pulse	255	2250000	10192	NA
p022v2	181	Pulse	255	2280000	9694	NA
p022v2	182	Response	101	2288588	8117	1
p022v2	184	Pulse	255	2310000	11030	NA
p022v2	186	Response	100	2336269	6969	1
p022v2	187	Pulse	255	2340000	3533	NA
p022v2	189	Pulse	255	2370000	3036	NA
p022v2	190	Response	101	2386509	9380	1
p022v2	192	Pulse	255	2400000	3039	NA
p022v2	194	Pulse	255	2430000	2708	NA
p022v2	194	Response	100	2436029	8737	1
p022v2	196	Pulse	255	2460000	13543	NA
p022v2	198	Response	101	2483469	6682	1
p022v2	199	Pulse	255	2490000	6379	NA
p022v2	201	Pulse	255	2520000	5882	NA
p022v2	202	Response	100	2530269	5985	1
p022v2	204	Pulse	255	2550000	9218	NA
p022v2	206	Response	101	2578509	7396	1
p022v2	207	Pulse	255	2580000	1388	NA
p022v2	209	Pulse	255	2610000	890	NA
p022v2	210	Response	100	2625149	5873	1
p022v2	212	Pulse	255	2640000	4393	NA
p022v2	214	Pulse	255	2670000	4062	NA
p022v2	214	Response	100	2673549	7611	1
p022v2	216	Pulse	255	2700000	16063	NA
p022v2	218	Response	100	2723309	9042	1
p022v2	219	Pulse	255	2730000	6567	NA
p022v2	221	Pulse	255	2760000	6069	NA
p022v2	222	Response	101	2769389	5293	1
p022v2	224	Pulse	255	2790000	10072	NA
p022v2	226	Pulse	255	2820000	9741	NA
p022v2	226	Response	100	2821309	11050	1
p022v2	228	Pulse	255	2850000	18243	NA
p022v2	230	Response	100	2867790	5702	1
p022v2	232	Pulse	255	2880000	1747	NA
p022v2	234	Pulse	255	2910000	1416	NA
p022v2	234	Response	101	2914589	6005	1
p022v2	236	Pulse	255	2940000	14917	NA
p022v2	238	Response	101	2959629	4216	1
p022v2	239	Pulse	255	2970000	10254	NA
p022v2	241	Pulse	255	3000000	9756	NA
p022v2	242	Picture	instruct_trial	3000410	0	1	10666	1	0	next	other	0
p022v2	242	Response	101	3010989	10580	1
p022v2	243	Pulse	255	3030000	18758	NA
p022v2	243	Response	101	3044029	32787	1
p022v2	245	Pulse	255	3060000	5595	NA
p022v2	247	Pulse	255	3090000	5264	NA
p022v2	247	Response	101	3092829	8094	1
p022v2	249	Pulse	255	3120000	16766	NA
p022v2	251	Response	100	3142669	9105	1
p022v2	252	Pulse	255	3150000	7269	NA
p022v2	254	Pulse	255	3180000	6772	NA
p022v2	255	Response	100	3191469	8075	1
p022v2	257	Pulse	255	3210000	8108	NA
p022v2	259	Pulse	255	3240000	7777	NA
p022v2	259	Response	100	3241629	9406	1
p022v2	261	Pulse	255	3270000	17945	NA
p022v2	263	Pulse	255	3300000	17615	NA
p022v2	263	Response	101	3301949	19564	1
p022v2	265	Pulse	255	3330000	17617	NA
p022v2	267	Response	100	3347629	4915	1
p022v2	269	Pulse	255	3360000	1955	NA
p022v2	271	Pulse	255	3390000	1624	NA
p022v2	271	Response	101	3396589	8212	1
p022v2	273	Pulse	255	3420000	12959	NA
p022v2	275	Response	100	3443149	5777	1
p022v2	276	Pulse	255	3450000	6795	NA
p022v2	278	Pulse	255	3480000	6298	NA
p022v2	279	Response	100	3492429	8561	1
p022v2	281	Pulse	255	3510000	7134	NA
p022v2	283	Pulse	255	3540000	6803	NA
p022v2	283	Response	100	3545229	12032	1
p022v2	285	Pulse	255	3570000	14305	NA
p022v2	287	Response	101	3593629	7603	1
p022v2	288	Response	100	3594269	577	1
p022v2	288	Pulse	255	3600000	6308	NA
p022v2	290	Pulse	255	3630000	5811	NA
p022v2	291	Response	100	3640269	5914	1
p022v2	293	Pulse	255	3660000	9313	NA
p022v2	295	Response	100	3689308	8290	1
p022v2	296	Pulse	255	3690000	650	NA
p022v2	298	Pulse	255	3720000	152	NA
p022v2	299	Response	101	3739629	9615	1
p022v2	300	Pulse	255	3750000	10321	NA
p022v2	302	Pulse	255	3780000	9823	NA
p022v2	303	Response	101	3786989	6647	1
p022v2	305	Pulse	255	3810000	12492	NA
p022v2	307	Response	101	3836349	8511	1
p022v2	308	Pulse	255	3840000	3496	NA
p022v2	310	Pulse	255	3870000	2998	NA
p022v2	311	Response	100	3886748	9581	1
p022v2	313	Pulse	255	3900000	2834	NA
p022v2	315	Pulse	255	3930000	2503	NA
p022v2	315	Response	100	3935309	7812	1
p022v2	317	Pulse	255	3960000	14172	NA
p022v2	319	Response	100	3983629	7470	1
p022v2	320	Pulse	255	3990000	6175	NA
p022v2	322	Pulse	255	4020000	5678	NA
p022v2	323	Response	100	4032350	7862	1
p022v2	325	Pulse	255	4050000	7180	NA
p022v2	327	Pulse	255	4080000	6849	NA
p022v2	327	Response	101	4080669	7518	1
p022v2	329	Pulse	255	4110000	18851	NA
p022v2	331	Response	101	4131149	9669	1
p022v2	332	Pulse	255	4140000	8688	NA
p022v2	334	Pulse	255	4170000	8190	NA
p022v2	335	Response	101	4179868	7893	1
p022v2	337	Pulse	255	4200000	9693	NA
p022v2	339	Pulse	255	4230000	9362	NA
p022v2	339	Response	101	4231309	10671	1
p022v2	341	Pulse	255	4260000	18197	NA
p022v2	343	Response	100	4286748	14614	1
p022v2	344	Pulse	255	4290000	3201	NA
p022v2	346	Pulse	255	4320000	2704	NA
p022v2	347	Response	100	4335949	8487	1
p022v2	349	Pulse	255	4350000	3539	NA
p022v2	351	Pulse	255	4380000	3209	NA
p022v2	351	Response	101	4387949	11158	1
p022v2	353	Pulse	255	4410000	11545	NA
p022v2	355	Response	101	4438429	9642	1
p022v2	356	Pulse	255	4440000	1381	NA
p022v2	358	Pulse	255	4470000	883	NA
p022v2	359	Response	100	4488429	9147	1
p022v2	361	Pulse	255	4500000	1053	NA
p022v2	363	Pulse	255	4530000	722	NA
p022v2	363	Response	100	4535949	6671	1
p022v2	365	Pulse	255	4560000	13557	NA
p022v2	367	Response	100	4584188	7414	1
p022v2	368	Pulse	255	4590000	5727	NA
p022v2	370	Pulse	255	4620000	5229	NA
p022v2	371	Response	100	4629309	4372	1
p022v2	373	Pulse	255	4650000	10231	NA
p022v2	375	Pulse	255	4680000	9901	NA
p022v2	375	Response	101	4680029	9929	1
p022v2	377	Pulse	255	4710000	19569	NA
p022v2	379	Response	101	4730669	9907	1
p022v2	380	Pulse	255	4740000	9239	NA
p022v2	382	Pulse	255	4770000	8742	NA
p022v2	383	Response	101	4784509	13085	1
p022v2	385	Pulse	255	4800000	5078	NA
p022v2	387	Pulse	255	4830000	4747	NA
p022v2	387	Response	100	4832349	7096	1
p022v2	389	Pulse	255	4860000	17249	NA
p022v2	391	Response	101	4881309	8227	1
p022v2	392	Pulse	255	4890000	8585	NA
p022v2	394	Pulse	255	4920000	8088	NA
p022v2	395	Response	101	4932909	10831	1
p022v2	397	Pulse	255	4950000	6591	NA
p022v2	399	Pulse	255	4980000	6260	NA
p022v2	399	Response	101	4981389	7649	1
p022v2	401	Pulse	255	5010000	18095	NA
p022v2	403	Response	100	5034030	11794	1
p022v2	404	Pulse	255	5040000	5765	NA
p022v2	406	Pulse	255	5070000	5268	NA
p022v2	407	Response	101	5082989	8091	1
p022v2	409	Pulse	255	5100000	6604	NA
p022v2	411	Pulse	255	5130000	6273	NA
p022v2	411	Response	101	5133949	10222	1
p022v2	413	Pulse	255	5160000	15608	NA
p022v2	415	Response	101	5179869	5146	1
p022v2	416	Pulse	255	5190000	9944	NA
p022v2	418	Pulse	255	5220000	9447	NA
p022v2	419	Response	101	5227709	6990	1
p022v2	421	Pulse	255	5250000	11783	NA
p022v2	423	Response	101	5275069	6521	1
p022v2	424	Pulse	255	5280000	4786	NA
p022v2	426	Pulse	255	5310000	4289	NA
p022v2	427	Response	100	5322828	6951	1
p022v2	429	Pulse	255	5340000	6791	NA
p022v2	431	Pulse	255	5370000	6460	NA
p022v2	431	Response	101	5380908	17369	1
p022v2	433	Pulse	255	5400000	8629	NA
p022v2	435	Response	100	5429869	8167	1
p022v2	435	Pulse	255	5430000	8299	NA
p022v2	437	Pulse	255	5460000	19633	NA
p022v2	439	Pulse	255	5490000	19303	NA
p022v2	439	Response	101	5516269	45572	1
p022v2	440	Pulse	255	5520000	3640	NA
p022v2	442	Pulse	255	5550000	3143	NA
p022v2	443	Pulse	255	5580000	22977	NA
p022v2	443	Pulse	255	5610000	52977	NA
p022v2	443	Response	100	5612509	55485	1
p022v2	445	Pulse	255	5640000	16982	NA
p022v2	447	Pulse	255	5670000	16652	NA
p022v2	447	Response	101	5699548	46200	1
p022v2	448	Pulse	255	5700000	322	NA
p022v2	449	Pulse	255	5730000	19990	NA
p022v2	451	Response	100	5754429	14088	1
p022v2	452	Pulse	255	5760000	5494	NA
p022v2	454	Pulse	255	5790000	4996	NA
p022v2	455	Response	100	5802749	7579	1
p022v2	457	Pulse	255	5820000	6832	NA
p022v2	459	Pulse	255	5850000	6501	NA
p022v2	459	Response	100	5850189	6690	1
p022v2	461	Pulse	255	5880000	19336	NA
p022v2	463	Response	101	5899868	8874	1
p022v2	464	Pulse	255	5910000	10006	NA
p022v2	466	Pulse	255	5940000	9509	NA
p022v2	467	Pulse	255	5970000	29343	NA
p022v2	467	Response	100	5984109	43452	1
p022v2	469	Pulse	255	6000000	5514	NA
p022v2	471	Pulse	255	6030000	5184	NA
p022v2	471	Response	100	6031869	7052	1
p022v2	473	Pulse	255	6060000	17685	NA
p022v2	475	Response	101	6079068	6423	1
p022v2	477	Pulse	255	6090000	523	NA
p022v2	479	Pulse	255	6120000	192	NA
p022v2	479	Response	101	6125149	5340	1
p022v2	481	Pulse	255	6150000	14360	NA
p022v2	483	Picture	instruct_trial	6165971	0	1	15665	1	0	next	other	0
p022v2	483	Pulse	255	6180000	14029	NA
p022v2	483	Response	100	6181469	15498	1
p022v2	484	Response	100	6195869	14066	1
p022v2	486	Pulse	255	6210000	3699	NA
p022v2	488	Pulse	255	6240000	3369	NA
p022v2	488	Response	100	6248669	12037	1
p022v2	490	Pulse	255	6270000	10870	NA
p022v2	492	Pulse	255	6300000	10540	NA
p022v2	492	Response	101	6302829	13368	1
p022v2	494	Pulse	255	6330000	16708	NA
p022v2	496	Response	101	6355468	11845	1
p022v2	497	Pulse	255	6360000	4379	NA
p022v2	499	Pulse	255	6390000	3881	NA
p022v2	500	Response	101	6405308	9024	1
p022v2	502	Pulse	255	6420000	4217	NA
p022v2	504	Pulse	255	6450000	3887	NA
p022v2	504	Response	100	6454508	8395	1
p022v2	506	Pulse	255	6480000	15055	NA
p022v2	508	Response	101	6502188	6912	1
p022v2	509	Pulse	255	6510000	7725	NA
p022v2	511	Pulse	255	6540000	7227	NA
p022v2	511	Response	101	6540429	7656	1
p022v2	512	Response	100	6560429	17490	1
p022v2	513	Pulse	255	6570000	9396	NA
p022v2	515	Pulse	255	6600000	8899	NA
p022v2	516	Response	101	6607948	6682	1
p022v2	518	Pulse	255	6630000	11568	NA
p022v2	520	Pulse	255	6660000	11237	NA
p022v2	520	Response	100	6667388	18626	1
p022v2	522	Pulse	255	6690000	12073	NA
p022v2	524	Response	101	6716349	8091	1
p022v2	525	Pulse	255	6720000	3577	NA
p022v2	527	Pulse	255	6750000	3079	NA
p022v2	528	Response	101	6769308	12222	1
p022v2	530	Pulse	255	6780000	249	NA
p022v2	531	Pulse	255	6810000	10084	NA
p022v2	532	Response	100	6816748	6666	1
p022v2	534	Pulse	255	6840000	12753	NA
p022v2	536	Pulse	255	6870000	12422	NA
p022v2	536	Response	100	6872109	14531	1
p022v2	538	Pulse	255	6900000	17424	NA
p022v2	540	Response	101	6924668	11762	1
p022v2	541	Pulse	255	6930000	5261	NA
p022v2	543	Pulse	255	6960000	4764	NA
p022v2	544	Pulse	255	6990000	24598	NA
p022v2	544	Pulse	255	7020000	54598	NA
p022v2	544	Response	101	7026428	61026	1
p022v2	545	Response	101	7031708	5144	1
p022v2	546	Pulse	255	7050000	13104	NA
p022v2	548	Response	101	7079469	12242	1
p022v2	549	Pulse	255	7080000	441	NA
p022v2	550	Pulse	255	7110000	20108	NA
p022v2	552	Pulse	255	7140000	19778	NA
p022v2	552	Response	100	7166269	46046	1
p022v2	553	Pulse	255	7170000	3615	NA
p022v2	555	Pulse	255	7200000	3118	NA
p022v2	556	Response	100	7219628	12580	1
p022v2	557	Pulse	255	7230000	10286	NA
p022v2	559	Pulse	255	7260000	9789	NA
p022v2	560	Response	100	7274508	14131	1
p022v2	562	Pulse	255	7290000	4959	NA
p022v2	564	Pulse	255	7320000	4628	NA
p022v2	564	Response	100	7323948	8576	1
p022v2	566	Pulse	255	7350000	15630	NA
p022v2	568	Pulse	255	7380000	15299	NA
p022v2	568	Pulse	255	7410000	45299	NA
p022v2	568	Pulse	255	7440000	75299	NA
p022v2	568	Pulse	255	7470000	105299	NA
p022v2	568	Pulse	255	7500000	135299	NA
p022v2	568	Pulse	255	7530000	165299	NA
p022v2	568	Response	101	7544108	179407	1
p022v2	570	Pulse	255	7560000	5482	NA
p022v2	572	Pulse	255	7590000	5151	NA
p022v2	572	Response	101	7596668	11819	1
p022v2	574	Pulse	255	7620000	12820	NA
p022v2	576	Pulse	255	7650000	12489	NA
p022v2	576	Response	101	7652348	14837	1
p022v2	578	Pulse	255	7680000	17158	NA
p022v2	580	Response	101	7702668	9495	1
p022v2	581	Pulse	255	7710000	7161	NA
p022v2	583	Pulse	255	7740000	6664	NA
p022v2	584	Response	100	7754908	11406	1
p022v2	586	Pulse	255	7770000	4667	NA
p022v2	588	Pulse	255	7800000	4336	NA
p022v2	588	Response	101	7815548	19884	1
p022v2	590	Pulse	255	7830000	4005	NA
p022v2	592	Pulse	255	7860000	3674	NA
p022v2	592	Response	101	7868188	11862	1
p022v2	594	Pulse	255	7890000	11343	NA
p022v2	596	Pulse	255	7920000	11012	NA
p022v2	596	Response	100	7927148	18160	1
p022v2	598	Pulse	255	7950000	12348	NA
p022v2	600	Response	100	7977228	9246	1
p022v2	601	Pulse	255	7980000	2685	NA
p022v2	603	Pulse	255	8010000	2187	NA
p022v2	603	Response	100	8013548	5736	1
p022v2	603	Response	100	8015628	7815	1
p022v2	604	Response	101	8028748	10770	1
p022v2	606	Pulse	255	8040000	857	NA
p022v2	608	Pulse	255	8070000	526	NA
p022v2	608	Response	100	8076909	7435	1
p022v2	610	Pulse	255	8100000	12695	NA
p022v2	612	Pulse	255	8130000	12363	NA
p022v2	612	Response	100	8135787	18151	1
p022v2	614	Pulse	255	8160000	13699	NA
p022v2	616	Pulse	255	8190000	13369	NA
p022v2	616	Response	101	8216828	40197	1
p022v2	617	Pulse	255	8220000	3039	NA
p022v2	619	Pulse	255	8250000	2541	NA
p022v2	620	Pulse	255	8280000	22376	NA
p022v2	620	Pulse	255	8310000	52376	NA
p022v2	620	Response	101	8338108	80484	1
p022v2	621	Pulse	255	8340000	1716	NA
p022v2	623	Pulse	255	8370000	1218	NA
p022v2	624	Response	100	8394428	15481	1
p022v2	625	Pulse	255	8400000	5387	NA
p022v2	627	Pulse	255	8430000	4890	NA
p022v2	628	Response	100	8443948	8672	1
p022v2	630	Pulse	255	8460000	5559	NA
p022v2	632	Pulse	255	8490000	5228	NA
p022v2	632	Response	101	8494268	9496	1
p022v2	634	Pulse	255	8520000	15230	NA
p022v2	636	Response	101	8545068	9967	1
p022v2	637	Pulse	255	8550000	4734	NA
p022v2	639	Pulse	255	8580000	4236	NA
p022v2	640	Pulse	255	8610000	24070	NA
p022v2	640	Response	101	8627228	41299	1
p022v2	642	Pulse	255	8640000	2241	NA
p022v2	644	Pulse	255	8670000	1911	NA
p022v2	644	Pulse	255	8700000	31911	NA
p022v2	644	Response	100	8707468	39379	1
p022v2	646	Pulse	255	8730000	12082	NA
p022v2	648	Pulse	255	8760000	11751	NA
p022v2	648	Pulse	255	8790000	41751	NA
p022v2	648	Pulse	255	8820000	71751	NA
p022v2	648	Pulse	255	8850000	101751	NA
p022v2	648	Pulse	255	8880000	131751	NA
p022v2	648	Pulse	255	8910000	161751	NA
p022v2	648	Response	100	8910268	162019	1
p022v2	650	Pulse	255	8940000	19266	NA
p022v2	652	Response	101	8959628	8563	1
p022v2	653	Pulse	255	8970000	10269	NA
p022v2	655	Pulse	255	9000000	9772	NA
p022v2	656	Pulse	255	9030000	29606	NA
p022v2	656	Pulse	255	9060000	59606	NA
p022v2	656	Pulse	255	9090000	89606	NA
p022v2	656	Pulse	255	9120000	119606	NA
p022v2	656	Response	101	9139388	138994	1
p022v2	658	Pulse	255	9150000	119	NA
p022v2	659	Pulse	255	9180000	9954	NA
p022v2	660	Pulse	255	9210000	29788	NA
p022v2	660	Pulse	255	9240000	59788	NA
p022v2	660	Pulse	255	9270000	89788	NA
p022v2	660	Pulse	255	9300000	119788	NA
p022v2	660	Response	101	9322988	142776	1
p022v2	661	Pulse	255	9330000	6967	NA
p022v2	663	Pulse	255	9360000	6470	NA
p022v2	664	Pulse	255	9390000	26304	NA
p022v2	664	Response	101	9400588	36892	1
p022v2	666	Pulse	255	9420000	8975	NA
p022v2	668	Pulse	255	9450000	8644	NA
p022v2	668	Response	100	9464348	22992	1
p022v2	670	Pulse	255	9480000	5147	NA
p022v2	672	Pulse	255	9510000	4816	NA
p022v2	672	Response	101	9511468	6284	1
p022v2	674	Pulse	255	9540000	18151	NA
p022v2	676	Response	100	9565228	13048	1
p022v2	677	Pulse	255	9570000	4654	NA
p022v2	679	Pulse	255	9600000	4157	NA
p022v2	680	Pulse	255	9630000	23991	NA
p022v2	680	Response	101	9644588	38579	1
p022v2	682	Pulse	255	9660000	4996	NA
p022v2	684	Pulse	255	9690000	4665	NA
p022v2	684	Response	100	9692188	6853	1
p022v2	686	Pulse	255	9720000	17333	NA
p022v2	688	Response	101	9741308	8310	1
p022v2	689	Pulse	255	9750000	8503	NA
p022v2	691	Pulse	255	9780000	8006	NA
p022v2	692	Response	100	9787948	5788	1
p022v2	694	Pulse	255	9810000	11675	NA
p022v2	696	Response	100	9833548	4892	1
p022v2	697	Pulse	255	9840000	6344	NA
p022v2	699	Pulse	255	9870000	5847	NA
p022v2	700	Response	100	9879788	5469	1
p022v2	702	Pulse	255	9900000	9682	NA
p022v2	704	Response	101	9926028	5380	1
p022v2	705	Pulse	255	9930000	3852	NA
p022v2	707	Pulse	255	9960000	3355	NA
p022v2	708	Response	100	9975148	8337	1
p022v2	710	Pulse	255	9990000	4357	NA
p022v2	712	Pulse	255	10020000	4027	NA
p022v2	712	Response	100	10021628	5654	1
p022v2	714	Pulse	255	10050000	17861	NA
p022v2	716	Response	101	10068268	5798	1
p022v2	718	Pulse	255	10080000	1199	NA
p022v2	720	Pulse	255	10110000	868	NA
p022v2	720	Response	101	10127068	17936	1
p022v2	722	Pulse	255	10140000	2537	NA
p022v2	724	Picture	instruct_trial	10167794	0	1	40163	1	0	next	other	0
p022v2	724	Pulse	255	10170000	2206	NA
p022v2	724	Pulse	255	10200000	32206	NA
