Scenario - learning_JJ_english
Logfile written - 01/19/2022 12:20:10

Subject	Trial	Event Type	Code	Time	TTime	Uncertainty	Duration	Uncertainty	ReqTime	ReqDur	Stim Type	Pair Index

p022v1	0	Pulse	255	0	0	NA
p022v1	1	Picture	instruct_trial	10333	0	1	106824	1	0	next	other	0
p022v1	1	Pulse	255	30000	19667	NA
p022v1	1	Pulse	255	60000	49667	NA
p022v1	1	Pulse	255	90000	79667	NA
p022v1	1	Response	100	116977	106644	1
p022v1	1	Pulse	255	120000	109667	NA
p022v1	2	Response	100	131937	11780	1
p022v1	4	Pulse	255	150000	7678	NA
p022v1	6	Pulse	255	180000	7348	NA
p022v1	6	Response	100	189777	17124	1
p022v1	8	Pulse	255	210000	9684	NA
p022v1	10	Pulse	255	240000	9353	NA
p022v1	10	Response	100	242496	11849	1
p022v1	12	Pulse	255	270000	17021	NA
p022v1	14	Response	100	292417	9107	1
p022v1	15	Pulse	255	300000	7525	NA
p022v1	17	Pulse	255	330000	7028	NA
p022v1	18	Response	100	347856	14718	1
p022v1	20	Pulse	255	360000	1697	NA
p022v1	22	Pulse	255	390000	1367	NA
p022v1	22	Response	101	399056	10423	1
p022v1	24	Pulse	255	420000	10535	NA
p022v1	26	Pulse	255	450000	10204	NA
p022v1	26	Response	101	450816	11021	1
p022v1	28	Pulse	255	480000	18706	NA
p022v1	30	Response	101	506576	14952	1
p022v1	31	Pulse	255	510000	3377	NA
p022v1	33	Pulse	255	540000	2879	NA
p022v1	34	Pulse	255	570000	22714	NA
p022v1	34	Response	101	570416	23130	1
p022v1	36	Pulse	255	600000	19050	NA
p022v1	38	Response	101	628496	17215	1
p022v1	39	Pulse	255	630000	1387	NA
p022v1	41	Pulse	255	660000	890	NA
p022v1	42	Pulse	255	690000	20724	NA
p022v1	42	Response	101	703936	34661	1
p022v1	44	Pulse	255	720000	5562	NA
p022v1	46	Pulse	255	750000	5231	NA
p022v1	46	Response	101	771536	26767	1
p022v1	47	Pulse	255	780000	8400	NA
p022v1	49	Pulse	255	810000	7902	NA
p022v1	50	Response	100	828576	16313	1
p022v1	52	Pulse	255	840000	906	NA
p022v1	54	Pulse	255	870000	575	NA
p022v1	54	Response	100	883616	14191	1
p022v1	56	Pulse	255	900000	5910	NA
p022v1	58	Pulse	255	930000	5580	NA
p022v1	58	Response	101	934816	10395	1
p022v1	60	Pulse	255	960000	14748	NA
p022v1	62	Response	101	984816	9233	1
p022v1	63	Pulse	255	990000	5085	NA
p022v1	65	Pulse	255	1020000	4588	NA
p022v1	66	Response	101	1033455	7877	1
p022v1	68	Pulse	255	1050000	6090	NA
p022v1	70	Pulse	255	1080000	5759	NA
p022v1	70	Response	101	1082175	7935	1
p022v1	72	Pulse	255	1110000	17428	NA
p022v1	74	Response	101	1138656	15753	1
p022v1	75	Pulse	255	1140000	1265	NA
p022v1	77	Pulse	255	1170000	768	NA
p022v1	78	Response	100	1188975	9577	1
p022v1	80	Pulse	255	1200000	604	NA
p022v1	82	Pulse	255	1230000	273	NA
p022v1	82	Response	100	1237695	7968	1
p022v1	84	Pulse	255	1260000	11775	NA
p022v1	86	Pulse	255	1290000	11444	NA
p022v1	86	Response	101	1290655	12099	1
p022v1	88	Pulse	255	1320000	18946	NA
p022v1	90	Response	101	1340335	8950	1
p022v1	91	Pulse	255	1350000	9616	NA
p022v1	93	Pulse	255	1380000	9119	NA
p022v1	94	Response	101	1392335	11288	1
p022v1	96	Pulse	255	1410000	7288	NA
p022v1	98	Pulse	255	1440000	6957	NA
p022v1	98	Response	101	1441298	8256	1
p022v1	100	Pulse	255	1470000	18292	NA
p022v1	102	Response	100	1489775	7736	1
p022v1	103	Pulse	255	1500000	10129	NA
p022v1	105	Response	101	1525855	5487	1
p022v1	105	Pulse	255	1530000	9632	NA
p022v1	106	Response	100	1551535	21001	1
p022v1	107	Pulse	255	1560000	8301	NA
p022v1	109	Pulse	255	1590000	7804	NA
p022v1	110	Response	101	1602175	9813	1
p022v1	112	Pulse	255	1620000	7306	NA
p022v1	114	Pulse	255	1650000	6976	NA
p022v1	114	Response	101	1657615	14590	1
p022v1	116	Pulse	255	1680000	11985	NA
p022v1	118	Pulse	255	1710000	11647	NA
p022v1	118	Response	100	1716175	17822	1
p022v1	120	Pulse	255	1740000	13316	NA
p022v1	122	Response	100	1768655	11641	1
p022v1	123	Pulse	255	1770000	1153	NA
p022v1	125	Pulse	255	1800000	656	NA
p022v1	126	Response	101	1820975	11465	1
p022v1	127	Pulse	255	1830000	8824	NA
p022v1	129	Pulse	255	1860000	8327	NA
p022v1	130	Response	100	1868815	6976	1
p022v1	132	Pulse	255	1890000	10663	NA
p022v1	134	Response	101	1916896	7228	1
p022v1	135	Pulse	255	1920000	2999	NA
p022v1	137	Pulse	255	1950000	2502	NA
p022v1	138	Response	101	1967534	9871	1
p022v1	140	Pulse	255	1980000	2005	NA
p022v1	142	Pulse	255	2010000	1674	NA
p022v1	142	Response	100	2014735	6409	1
p022v1	144	Pulse	255	2040000	14842	NA
p022v1	145	Response	101	2046334	1011	1
p022v1	146	Pulse	255	2070000	14511	NA
p022v1	146	Response	100	2079774	24286	1
p022v1	148	Pulse	255	2100000	9848	NA
p022v1	150	Response	101	2128894	8411	1
p022v1	151	Pulse	255	2130000	1018	NA
p022v1	153	Pulse	255	2160000	520	NA
p022v1	154	Response	100	2178734	9089	1
p022v1	156	Pulse	255	2190000	856	NA
p022v1	158	Pulse	255	2220000	526	NA
p022v1	158	Response	101	2225214	5740	1
p022v1	160	Pulse	255	2250000	14360	NA
p022v1	162	Response	100	2271774	5804	1
p022v1	163	Pulse	255	2280000	8030	NA
p022v1	165	Pulse	255	2310000	7533	NA
p022v1	166	Response	100	2324974	12341	1
p022v1	168	Pulse	255	2340000	4536	NA
p022v1	170	Pulse	255	2370000	4205	NA
p022v1	170	Pulse	255	2400000	34205	NA
p022v1	170	Response	101	2411694	45899	1
p022v1	172	Pulse	255	2430000	7877	NA
p022v1	174	Pulse	255	2460000	7546	NA
p022v1	174	Response	101	2461374	8920	1
p022v1	176	Pulse	255	2490000	18214	NA
p022v1	178	Response	100	2511533	9417	1
p022v1	179	Pulse	255	2520000	8384	NA
p022v1	181	Pulse	255	2550000	7887	NA
p022v1	182	Response	101	2560574	8295	1
p022v1	184	Pulse	255	2580000	8890	NA
p022v1	186	Pulse	255	2610000	8559	NA
p022v1	186	Response	100	2610973	9532	1
p022v1	188	Pulse	255	2640000	18561	NA
p022v1	190	Response	101	2659374	7604	1
p022v1	192	Pulse	255	2670000	232	NA
p022v1	193	Pulse	255	2700000	10067	NA
p022v1	194	Response	101	2706414	6315	1
p022v1	195	Response	100	2714654	8055	1
p022v1	196	Pulse	255	2730000	13069	NA
p022v1	198	Response	100	2754414	7152	1
p022v1	199	Pulse	255	2760000	5406	NA
p022v1	201	Pulse	255	2790000	4908	NA
p022v1	202	Response	100	2812253	16996	1
p022v1	203	Response	101	2814174	1751	1
p022v1	203	Pulse	255	2820000	7577	NA
p022v1	205	Pulse	255	2850000	7080	NA
p022v1	206	Response	101	2868494	15408	1
p022v1	208	Pulse	255	2880000	1083	NA
p022v1	210	Pulse	255	2910000	752	NA
p022v1	210	Response	100	2919613	10365	1
p022v1	212	Pulse	255	2940000	9921	NA
p022v1	214	Response	100	2968493	8083	1
p022v1	215	Pulse	255	2970000	1424	NA
p022v1	217	Pulse	255	3000000	927	NA
p022v1	218	Response	100	3020253	11014	1
p022v1	219	Pulse	255	3030000	9595	NA
p022v1	221	Pulse	255	3060000	9098	NA
p022v1	222	Response	101	3068253	7186	1
p022v1	224	Pulse	255	3090000	11267	NA
p022v1	226	Response	100	3114973	5909	1
p022v1	227	Pulse	255	3120000	4937	NA
p022v1	229	Pulse	255	3150000	4440	NA
p022v1	230	Response	101	3166653	10927	1
p022v1	232	Pulse	255	3180000	2942	NA
p022v1	234	Pulse	255	3210000	2612	NA
p022v1	234	Response	101	3214253	6865	1
p022v1	235	Response	100	3220573	6185	1
p022v1	236	Pulse	255	3240000	15280	NA
p022v1	238	Response	101	3263293	8242	1
p022v1	239	Pulse	255	3270000	6616	NA
p022v1	241	Pulse	255	3300000	6119	NA
p022v1	242	Picture	instruct_trial	3304047	0	1	154653	1	0	next	other	0
p022v1	242	Pulse	255	3330000	25953	NA
p022v1	242	Pulse	255	3360000	55953	NA
p022v1	242	Pulse	255	3390000	85953	NA
p022v1	242	Pulse	255	3420000	115953	NA
p022v1	242	Pulse	255	3450000	145953	NA
p022v1	242	Response	101	3458493	154446	1
p022v1	243	Pulse	255	3480000	21133	NA
p022v1	243	Pulse	255	3510000	51133	NA
p022v1	243	Response	100	3535773	76906	1
p022v1	244	Pulse	255	3540000	4140	NA
p022v1	246	Pulse	255	3570000	3643	NA
p022v1	247	Pulse	255	3600000	23477	NA
p022v1	247	Response	100	3600892	24369	1
p022v1	249	Pulse	255	3630000	18647	NA
p022v1	251	Pulse	255	3660000	18316	NA
p022v1	251	Response	100	3681852	40168	1
p022v1	252	Pulse	255	3690000	7986	NA
p022v1	254	Pulse	255	3720000	7489	NA
p022v1	255	Response	100	3736572	13895	1
p022v1	257	Pulse	255	3750000	2992	NA
p022v1	259	Pulse	255	3780000	2661	NA
p022v1	259	Response	100	3790492	13153	1
p022v1	261	Pulse	255	3810000	8996	NA
p022v1	263	Pulse	255	3840000	8666	NA
p022v1	263	Response	100	3848172	16838	1
p022v1	265	Pulse	255	3870000	11335	NA
p022v1	267	Pulse	255	3900000	11004	NA
p022v1	267	Pulse	255	3930000	41004	NA
p022v1	267	Pulse	255	3960000	71004	NA
p022v1	267	Response	101	3975132	86136	1
p022v1	269	Pulse	255	3990000	4346	NA
p022v1	271	Pulse	255	4020000	4015	NA
p022v1	271	Pulse	255	4050000	34015	NA
p022v1	271	Response	101	4073212	57227	1
p022v1	272	Pulse	255	4080000	6687	NA
p022v1	274	Pulse	255	4110000	6189	NA
p022v1	275	Pulse	255	4140000	26024	NA
p022v1	275	Response	101	4145292	31316	1
p022v1	277	Pulse	255	4170000	14194	NA
p022v1	279	Response	100	4195132	8995	1
p022v1	280	Pulse	255	4200000	4697	NA
p022v1	282	Pulse	255	4230000	4200	NA
p022v1	283	Response	101	4252891	16926	1
p022v1	284	Pulse	255	4260000	7036	NA
p022v1	286	Pulse	255	4290000	6538	NA
p022v1	287	Response	101	4303052	9424	1
p022v1	289	Pulse	255	4320000	6541	NA
p022v1	291	Pulse	255	4350000	6210	NA
p022v1	291	Response	101	4378572	34782	1
p022v1	292	Pulse	255	4380000	1380	NA
p022v1	294	Pulse	255	4410000	883	NA
p022v1	295	Response	101	4432172	12889	1
p022v1	296	Pulse	255	4440000	7718	NA
p022v1	298	Pulse	255	4470000	7221	NA
p022v1	299	Response	100	4499292	26346	1
p022v1	300	Pulse	255	4500000	557	NA
p022v1	302	Pulse	255	4530000	60	NA
p022v1	303	Response	101	4550012	9906	1
p022v1	304	Pulse	255	4560000	9895	NA
p022v1	305	Response	101	4567131	6694	1
p022v1	306	Pulse	255	4590000	9398	NA
p022v1	307	Pulse	255	4620000	29232	NA
p022v1	307	Response	101	4625851	35083	1
p022v1	309	Pulse	255	4650000	13736	NA
p022v1	311	Response	101	4675932	9337	1
p022v1	312	Pulse	255	4680000	3906	NA
p022v1	314	Pulse	255	4710000	3409	NA
p022v1	315	Response	100	4739451	22693	1
p022v1	316	Pulse	255	4740000	411	NA
p022v1	317	Pulse	255	4770000	20080	NA
p022v1	319	Response	100	4791372	11120	1
p022v1	320	Pulse	255	4800000	8583	NA
p022v1	322	Pulse	255	4830000	8085	NA
p022v1	323	Pulse	255	4860000	27919	NA
p022v1	323	Response	100	4883371	51290	1
p022v1	324	Pulse	255	4890000	6424	NA
p022v1	326	Pulse	255	4920000	5927	NA
p022v1	327	Response	101	4938411	14172	1
p022v1	329	Pulse	255	4950000	1096	NA
p022v1	331	Pulse	255	4980000	766	NA
p022v1	331	Response	101	5006491	27257	1
p022v1	332	Pulse	255	5010000	3435	NA
p022v1	334	Pulse	255	5040000	2937	NA
p022v1	335	Pulse	255	5070000	22771	NA
p022v1	335	Response	100	5091451	44223	1
p022v1	336	Pulse	255	5100000	8442	NA
p022v1	338	Pulse	255	5130000	7945	NA
p022v1	339	Response	101	5157370	25149	1
p022v1	340	Pulse	255	5160000	2448	NA
p022v1	342	Pulse	255	5190000	1950	NA
p022v1	343	Response	100	5213371	15155	1
p022v1	344	Pulse	255	5220000	6453	NA
p022v1	346	Pulse	255	5250000	5955	NA
p022v1	347	Response	101	5270171	15960	1
p022v1	348	Pulse	255	5280000	9624	NA
p022v1	350	Pulse	255	5310000	9127	NA
p022v1	351	Response	100	5325451	14412	1
p022v1	353	Pulse	255	5340000	4130	NA
p022v1	355	Pulse	255	5370000	3799	NA
p022v1	355	Response	101	5380251	14050	1
p022v1	357	Pulse	255	5400000	9301	NA
p022v1	359	Pulse	255	5430000	8971	NA
p022v1	359	Pulse	255	5460000	38971	NA
p022v1	359	Pulse	255	5490000	68971	NA
p022v1	359	Pulse	255	5520000	98971	NA
p022v1	359	Pulse	255	5550000	128971	NA
p022v1	359	Pulse	255	5580000	158971	NA
p022v1	359	Pulse	255	5610000	188971	NA
p022v1	359	Pulse	255	5640000	218971	NA
p022v1	359	Response	100	5651690	230661	1
p022v1	361	Pulse	255	5670000	7825	NA
p022v1	363	Pulse	255	5700000	7494	NA
p022v1	363	Response	101	5714010	21505	1
p022v1	365	Pulse	255	5730000	5497	NA
p022v1	367	Pulse	255	5760000	5166	NA
p022v1	367	Response	100	5771130	16296	1
p022v1	369	Pulse	255	5790000	8335	NA
p022v1	371	Pulse	255	5820000	8005	NA
p022v1	371	Response	100	5826570	14575	1
p022v1	373	Pulse	255	5850000	13007	NA
p022v1	375	Pulse	255	5880000	12676	NA
p022v1	375	Response	101	5881210	13886	1
p022v1	377	Pulse	255	5910000	18345	NA
p022v1	379	Pulse	255	5940000	18014	NA
p022v1	379	Response	100	5940650	18664	1
p022v1	381	Pulse	255	5970000	18850	NA
p022v1	383	Response	100	5989130	7649	1
p022v1	385	Pulse	255	6000000	354	NA
p022v1	387	Pulse	255	6030000	24	NA
p022v1	387	Response	100	6043530	13553	1
p022v1	389	Pulse	255	6060000	6026	NA
p022v1	391	Pulse	255	6090000	5695	NA
p022v1	391	Response	101	6095770	11465	1
p022v1	393	Pulse	255	6120000	13697	NA
p022v1	395	Pulse	255	6150000	13366	NA
p022v1	395	Response	100	6151929	15295	1
p022v1	397	Pulse	255	6180000	17535	NA
p022v1	399	Response	100	6201050	8255	1
p022v1	400	Pulse	255	6210000	8872	NA
p022v1	402	Pulse	255	6240000	8374	NA
p022v1	403	Response	100	6250330	8538	1
p022v1	405	Pulse	255	6270000	9210	NA
p022v1	407	Pulse	255	6300000	8880	NA
p022v1	407	Response	101	6310969	19849	1
p022v1	409	Pulse	255	6330000	8549	NA
p022v1	411	Pulse	255	6360000	8218	NA
p022v1	411	Response	101	6368809	17027	1
p022v1	413	Pulse	255	6390000	10721	NA
p022v1	415	Response	100	6419609	9999	1
p022v1	416	Pulse	255	6420000	224	NA
p022v1	417	Pulse	255	6450000	19892	NA
p022v1	419	Response	100	6470009	9570	1
p022v1	420	Pulse	255	6480000	9895	NA
p022v1	422	Pulse	255	6510000	9398	NA
p022v1	423	Response	100	6519128	8361	1
p022v1	425	Pulse	255	6540000	10400	NA
p022v1	427	Pulse	255	6570000	10070	NA
p022v1	427	Response	101	6573529	13599	1
p022v1	429	Pulse	255	6600000	16072	NA
p022v1	431	Response	100	6629369	15110	1
p022v1	432	Pulse	255	6630000	576	NA
p022v1	434	Pulse	255	6660000	78	NA
p022v1	435	Response	100	6679769	9681	1
p022v1	436	Pulse	255	6690000	10080	NA
p022v1	438	Pulse	255	6720000	9583	NA
p022v1	439	Response	101	6732889	12306	1
p022v1	441	Pulse	255	6750000	6586	NA
p022v1	443	Pulse	255	6780000	6255	NA
p022v1	443	Response	101	6782649	8904	1
p022v1	444	Response	100	6788488	5744	1
p022v1	445	Pulse	255	6810000	16923	NA
p022v1	447	Response	101	6828648	5241	1
p022v1	449	Pulse	255	6840000	927	NA
p022v1	451	Pulse	255	6870000	597	NA
p022v1	451	Response	100	6876649	7245	1
p022v1	453	Pulse	255	6900000	12931	NA
p022v1	455	Response	100	6922969	5569	1
p022v1	456	Pulse	255	6930000	6935	NA
p022v1	458	Pulse	255	6960000	6437	NA
p022v1	459	Response	100	6978488	14760	1
p022v1	461	Pulse	255	6990000	1107	NA
p022v1	463	Pulse	255	7020000	776	NA
p022v1	463	Response	101	7033768	14544	1
p022v1	465	Pulse	255	7050000	5778	NA
p022v1	467	Pulse	255	7080000	5448	NA
p022v1	467	Response	100	7080889	6336	1
p022v1	469	Pulse	255	7110000	18616	NA
p022v1	471	Response	100	7132728	11014	1
p022v1	472	Pulse	255	7140000	7119	NA
p022v1	474	Pulse	255	7170000	6622	NA
p022v1	475	Response	101	7184168	10625	1
p022v1	477	Pulse	255	7200000	5291	NA
p022v1	479	Pulse	255	7230000	4961	NA
p022v1	479	Response	101	7231928	6889	1
p022v1	481	Pulse	255	7260000	17629	NA
p022v1	483	Picture	instruct_trial	7272702	0	1	1639191	1	0	next	other	0
p022v1	483	Pulse	255	7290000	17298	NA
p022v1	483	Pulse	255	7320000	47298	NA
p022v1	483	Pulse	255	7350000	77298	NA
p022v1	483	Pulse	255	7380000	107298	NA
p022v1	483	Pulse	255	7410000	137298	NA
p022v1	483	Pulse	255	7440000	167298	NA
p022v1	483	Pulse	255	7470000	197298	NA
p022v1	483	Pulse	255	7500000	227298	NA
p022v1	483	Pulse	255	7530000	257298	NA
p022v1	483	Pulse	255	7560000	287298	NA
p022v1	483	Pulse	255	7590000	317298	NA
p022v1	483	Pulse	255	7620000	347298	NA
p022v1	483	Pulse	255	7650000	377298	NA
p022v1	483	Pulse	255	7680000	407298	NA
p022v1	483	Pulse	255	7710000	437298	NA
p022v1	483	Pulse	255	7740000	467298	NA
p022v1	483	Pulse	255	7770000	497298	NA
p022v1	483	Pulse	255	7800000	527298	NA
p022v1	483	Pulse	255	7830000	557298	NA
p022v1	483	Pulse	255	7860000	587298	NA
p022v1	483	Pulse	255	7890000	617298	NA
p022v1	483	Pulse	255	7920000	647298	NA
p022v1	483	Pulse	255	7950000	677298	NA
p022v1	483	Pulse	255	7980000	707298	NA
p022v1	483	Pulse	255	8010000	737298	NA
p022v1	483	Pulse	255	8040000	767298	NA
p022v1	483	Pulse	255	8070000	797298	NA
p022v1	483	Pulse	255	8100000	827298	NA
p022v1	483	Pulse	255	8130000	857298	NA
p022v1	483	Pulse	255	8160000	887298	NA
p022v1	483	Pulse	255	8190000	917298	NA
p022v1	483	Pulse	255	8220000	947298	NA
p022v1	483	Pulse	255	8250000	977298	NA
p022v1	483	Pulse	255	8280000	1007298	NA
p022v1	483	Pulse	255	8310000	1037298	NA
p022v1	483	Pulse	255	8340000	1067298	NA
p022v1	483	Pulse	255	8370000	1097298	NA
p022v1	483	Pulse	255	8400000	1127298	NA
p022v1	483	Pulse	255	8430000	1157298	NA
p022v1	483	Pulse	255	8460000	1187298	NA
p022v1	483	Pulse	255	8490000	1217298	NA
p022v1	483	Pulse	255	8520000	1247298	NA
p022v1	483	Pulse	255	8550000	1277298	NA
p022v1	483	Pulse	255	8580000	1307298	NA
p022v1	483	Pulse	255	8610000	1337298	NA
p022v1	483	Pulse	255	8640000	1367298	NA
p022v1	483	Pulse	255	8670000	1397298	NA
p022v1	483	Pulse	255	8700000	1427298	NA
p022v1	483	Pulse	255	8730000	1457298	NA
p022v1	483	Pulse	255	8760000	1487298	NA
p022v1	483	Pulse	255	8790000	1517298	NA
p022v1	483	Pulse	255	8820000	1547298	NA
p022v1	483	Pulse	255	8850000	1577298	NA
p022v1	483	Pulse	255	8880000	1607298	NA
p022v1	483	Pulse	255	8910000	1637298	NA
p022v1	483	Response	100	8911687	1638985	1
p022v1	484	Response	101	8939926	27867	1
p022v1	484	Pulse	255	8940000	27941	NA
p022v1	485	Response	101	8941127	1070	1
p022v1	486	Pulse	255	8970000	19611	NA
p022v1	488	Response	100	8998646	17926	1
p022v1	489	Pulse	255	9000000	1282	NA
p022v1	491	Pulse	255	9030000	784	NA
p022v1	492	Response	101	9056166	16785	1
p022v1	493	Pulse	255	9060000	3787	NA
p022v1	495	Pulse	255	9090000	3289	NA
p022v1	496	Response	100	9109686	12810	1
p022v1	497	Pulse	255	9120000	10125	NA
p022v1	499	Pulse	255	9150000	9627	NA
p022v1	500	Response	100	9162246	11708	1
p022v1	502	Pulse	255	9180000	7297	NA
p022v1	504	Pulse	255	9210000	6966	NA
p022v1	504	Response	100	9214086	11052	1
p022v1	506	Pulse	255	9240000	15468	NA
p022v1	508	Response	101	9267126	12263	1
p022v1	509	Pulse	255	9270000	2805	NA
p022v1	511	Pulse	255	9300000	2308	NA
p022v1	512	Response	101	9323846	15988	1
p022v1	513	Pulse	255	9330000	5977	NA
p022v1	515	Pulse	255	9360000	5479	NA
p022v1	516	Response	101	9388246	23559	1
p022v1	517	Pulse	255	9390000	1649	NA
p022v1	519	Pulse	255	9420000	1151	NA
p022v1	520	Response	100	9443606	14591	1
p022v1	521	Pulse	255	9450000	6320	NA
p022v1	523	Pulse	255	9480000	5823	NA
p022v1	524	Response	100	9505766	21423	1
p022v1	525	Pulse	255	9510000	4159	NA
p022v1	527	Pulse	255	9540000	3662	NA
p022v1	528	Pulse	255	9570000	23496	NA
p022v1	528	Response	101	9580405	33901	1
p022v1	530	Pulse	255	9600000	9166	NA
p022v1	532	Pulse	255	9630000	8836	NA
p022v1	532	Response	100	9630085	8921	1
p022v1	534	Pulse	255	9660000	19504	NA
p022v1	536	Response	100	9679605	8779	1
p022v1	538	Pulse	255	9690000	8	NA
p022v1	539	Pulse	255	9720000	9843	NA
p022v1	540	Response	100	9728565	8243	1
p022v1	542	Pulse	255	9750000	11013	NA
p022v1	544	Pulse	255	9780000	10682	NA
p022v1	544	Response	101	9780005	10687	1
p022v1	546	Pulse	255	9810000	19517	NA
p022v1	548	Response	100	9828805	7992	1
p022v1	550	Pulse	255	9840000	688	NA
p022v1	552	Pulse	255	9870000	357	NA
p022v1	552	Response	100	9879925	10282	1
p022v1	554	Pulse	255	9900000	9692	NA
p022v1	556	Pulse	255	9930000	9362	NA
p022v1	556	Response	101	9941045	20407	1
p022v1	558	Pulse	255	9960000	8531	NA
p022v1	560	Pulse	255	9990000	8200	NA
p022v1	560	Response	100	9999605	17805	1
p022v1	562	Pulse	255	10020000	9870	NA
p022v1	564	Pulse	255	10050000	9539	NA
p022v1	564	Response	101	10054245	13784	1
p022v1	566	Pulse	255	10080000	15374	NA
p022v1	568	Response	101	10107205	12249	1
p022v1	569	Pulse	255	10110000	2711	NA
p022v1	571	Pulse	255	10140000	2214	NA
p022v1	572	Response	100	10163205	15253	1
p022v1	573	Pulse	255	10170000	6716	NA
p022v1	575	Pulse	255	10200000	6219	NA
p022v1	576	Response	100	10212884	8938	1
p022v1	578	Pulse	255	10230000	6721	NA
p022v1	580	Pulse	255	10260000	6391	NA
p022v1	580	Response	101	10282725	29115	1
p022v1	581	Pulse	255	10290000	7227	NA
p022v1	583	Pulse	255	10320000	6729	NA
p022v1	584	Response	100	10339765	16328	1
p022v1	585	Pulse	255	10350000	10065	NA
p022v1	587	Pulse	255	10380000	9568	NA
p022v1	588	Response	100	10390325	9726	1
p022v1	590	Pulse	255	10410000	9237	NA
p022v1	592	Pulse	255	10440000	8906	NA
p022v1	592	Response	101	10442324	11230	1
p022v1	594	Pulse	255	10470000	17241	NA
p022v1	596	Response	101	10489844	6755	1
p022v1	597	Pulse	255	10500000	10078	NA
p022v1	599	Pulse	255	10530000	9581	NA
p022v1	600	Response	100	10538404	7819	1
p022v1	602	Pulse	255	10560000	11083	NA
p022v1	604	Pulse	255	10590000	10752	NA
p022v1	604	Response	100	10591204	11956	1
p022v1	606	Pulse	255	10620000	18421	NA
p022v1	608	Response	100	10638884	6975	1
p022v1	610	Pulse	255	10650000	592	NA
p022v1	612	Pulse	255	10680000	261	NA
p022v1	612	Response	100	10689044	9306	1
p022v1	614	Pulse	255	10710000	10430	NA
p022v1	616	Pulse	255	10740000	10099	NA
p022v1	616	Response	101	10740164	10263	1
p022v1	618	Pulse	255	10770000	19434	NA
p022v1	620	Response	101	10789524	8627	1
p022v1	621	Pulse	255	10800000	10271	NA
p022v1	623	Pulse	255	10830000	9773	NA
p022v1	624	Response	100	10838644	8252	1
p022v1	626	Pulse	255	10860000	10942	NA
p022v1	628	Response	100	10884084	4695	1
p022v1	629	Pulse	255	10890000	5779	NA
p022v1	631	Pulse	255	10920000	5282	NA
p022v1	632	Response	101	10933044	8160	1
p022v1	634	Pulse	255	10950000	6451	NA
p022v1	636	Pulse	255	10980000	6120	NA
p022v1	636	Response	101	10982004	8124	1
p022v1	638	Pulse	255	11010000	17455	NA
p022v1	640	Response	101	11030084	7208	1
p022v1	641	Pulse	255	11040000	9792	NA
p022v1	643	Pulse	255	11070000	9294	NA
p022v1	644	Response	100	11078084	7212	1
p022v1	646	Pulse	255	11100000	11463	NA
p022v1	648	Response	100	11126804	7936	1
p022v1	649	Pulse	255	11130000	3133	NA
p022v1	651	Pulse	255	11160000	2636	NA
p022v1	652	Response	101	11177124	9594	1
p022v1	654	Pulse	255	11190000	2472	NA
p022v1	656	Pulse	255	11220000	2141	NA
p022v1	656	Response	101	11228483	10624	1
p022v1	658	Pulse	255	11250000	10976	NA
p022v1	660	Response	101	11278244	8889	1
p022v1	661	Pulse	255	11280000	1646	NA
p022v1	663	Pulse	255	11310000	1149	NA
p022v1	664	Response	101	11332243	13227	1
p022v1	665	Pulse	255	11340000	7651	NA
p022v1	667	Pulse	255	11370000	7154	NA
p022v1	668	Response	101	11378563	5551	1
p022v1	670	Pulse	255	11400000	10989	NA
p022v1	672	Response	101	11427523	8182	1
p022v1	673	Pulse	255	11430000	2326	NA
p022v1	675	Pulse	255	11460000	1829	NA
p022v1	676	Response	100	11475283	6946	1
p022v1	678	Pulse	255	11490000	4331	NA
p022v1	680	Pulse	255	11520000	4000	NA
p022v1	680	Response	101	11523763	7763	1
p022v1	682	Pulse	255	11550000	15835	NA
p022v1	684	Response	100	11574003	9508	1
p022v1	685	Pulse	255	11580000	5839	NA
p022v1	687	Pulse	255	11610000	5341	NA
p022v1	688	Response	101	11620643	5819	1
p022v1	690	Pulse	255	11640000	8844	NA
p022v1	692	Pulse	255	11670000	8513	NA
p022v1	692	Response	100	11670323	8836	1
p022v1	694	Pulse	255	11700000	19181	NA
p022v1	696	Response	100	11718163	7013	1
p022v1	698	Pulse	255	11730000	1352	NA
p022v1	700	Pulse	255	11760000	1022	NA
p022v1	700	Response	100	11765683	6704	1
p022v1	702	Pulse	255	11790000	13856	NA
p022v1	704	Response	101	11816163	9689	1
p022v1	705	Pulse	255	11820000	3693	NA
p022v1	707	Pulse	255	11850000	3196	NA
p022v1	708	Pulse	255	11880000	23030	NA
p022v1	708	Pulse	255	11910000	53030	NA
p022v1	708	Response	100	11936723	79753	1
p022v1	709	Pulse	255	11940000	3204	NA
p022v1	711	Pulse	255	11970000	2706	NA
p022v1	712	Response	100	11985123	7664	1
p022v1	714	Pulse	255	12000000	4375	NA
p022v1	716	Pulse	255	12030000	4045	NA
p022v1	716	Response	101	12043922	17967	1
p022v1	718	Pulse	255	12060000	5547	NA
p022v1	720	Pulse	255	12090000	5217	NA
p022v1	720	Response	101	12094323	9539	1
p022v1	722	Pulse	255	12120000	15218	NA
p022v1	724	Picture	instruct_trial	12135112	0	1	40163	1	0	next	other	0
p022v1	724	Pulse	255	12150000	14888	NA
