Scenario - learning_JJ_english
Logfile written - 02/08/2022 11:51:35

Subject	Trial	Event Type	Code	Time	TTime	Uncertainty	Duration	Uncertainty	ReqTime	ReqDur	Stim Type	Pair Index

p023v2	0	Pulse	255	0	0	NA
p023v2	1	Picture	instruct_trial	10333	0	1	196816	1	0	next	other	0
p023v2	1	Pulse	255	30000	19667	NA
p023v2	1	Pulse	255	60000	49667	NA
p023v2	1	Pulse	255	90000	79667	NA
p023v2	1	Pulse	255	120000	109667	NA
p023v2	1	Pulse	255	150000	139667	NA
p023v2	1	Pulse	255	180000	169667	NA
p023v2	1	Response	101	207048	196715	1
p023v2	1	Pulse	255	210000	199667	NA
p023v2	2	Response	101	218083	7933	1
p023v2	4	Pulse	255	240000	11519	NA
p023v2	6	Response	100	266643	7831	1
p023v2	7	Pulse	255	270000	3189	NA
p023v2	9	Pulse	255	300000	2692	NA
p023v2	10	Response	101	311283	3809	1
p023v2	12	Pulse	255	330000	8194	NA
p023v2	14	Pulse	255	360000	7863	NA
p023v2	14	Response	100	360802	8665	1
p023v2	16	Pulse	255	390000	18698	NA
p023v2	18	Response	100	410082	8449	1
p023v2	19	Pulse	255	420000	9868	NA
p023v2	21	Pulse	255	450000	9371	NA
p023v2	22	Response	100	467922	17127	1
p023v2	24	Pulse	255	480000	1540	NA
p023v2	26	Pulse	255	510000	1210	NA
p023v2	26	Response	101	526883	18092	1
p023v2	28	Pulse	255	540000	2712	NA
p023v2	30	Pulse	255	570000	2381	NA
p023v2	30	Response	101	577282	9664	1
p023v2	32	Pulse	255	600000	12217	NA
p023v2	34	Pulse	255	630000	11886	NA
p023v2	34	Response	101	632322	14208	1
p023v2	36	Pulse	255	660000	17221	NA
p023v2	38	Response	100	681858	8749	1
p023v2	39	Pulse	255	690000	8058	NA
p023v2	41	Pulse	255	720000	7561	NA
p023v2	42	Response	100	734802	12197	1
p023v2	44	Pulse	255	750000	4730	NA
p023v2	46	Pulse	255	780000	4399	NA
p023v2	46	Response	101	784323	8722	1
p023v2	48	Pulse	255	810000	15234	NA
p023v2	50	Response	100	831123	6026	1
p023v2	51	Pulse	255	840000	8737	NA
p023v2	53	Pulse	255	870000	8240	NA
p023v2	54	Response	100	875443	3517	1
p023v2	56	Pulse	255	900000	14076	NA
p023v2	58	Response	100	928802	12547	1
p023v2	59	Pulse	255	930000	1079	NA
p023v2	61	Pulse	255	960000	582	NA
p023v2	62	Response	101	975842	6258	1
p023v2	64	Pulse	255	990000	3751	NA
p023v2	66	Pulse	255	1020000	3420	NA
p023v2	66	Response	101	1030003	13423	1
p023v2	68	Pulse	255	1050000	9589	NA
p023v2	70	Response	100	1076963	6221	1
p023v2	71	Pulse	255	1080000	2925	NA
p023v2	73	Pulse	255	1110000	2428	NA
p023v2	74	Response	100	1136083	18345	1
p023v2	75	Pulse	255	1140000	3764	NA
p023v2	77	Pulse	255	1170000	3266	NA
p023v2	78	Response	100	1180962	4063	1
p023v2	80	Pulse	255	1200000	8602	NA
p023v2	82	Pulse	255	1230000	8271	NA
p023v2	82	Response	100	1239843	18114	1
p023v2	84	Pulse	255	1260000	9773	NA
p023v2	86	Response	101	1288082	7525	1
p023v2	87	Pulse	255	1290000	1777	NA
p023v2	89	Pulse	255	1320000	1279	NA
p023v2	90	Pulse	255	1350000	21114	NA
p023v2	90	Response	101	1353444	24557	1
p023v2	92	Pulse	255	1380000	16117	NA
p023v2	94	Pulse	255	1410000	15786	NA
p023v2	94	Response	100	1412649	18435	1
p023v2	96	Pulse	255	1440000	16955	NA
p023v2	98	Response	101	1460002	6627	1
p023v2	99	Pulse	255	1470000	9792	NA
p023v2	101	Pulse	255	1500000	9294	NA
p023v2	102	Response	100	1508402	7531	1
p023v2	104	Pulse	255	1530000	11130	NA
p023v2	106	Pulse	255	1560000	10799	NA
p023v2	106	Response	100	1574242	25041	1
p023v2	108	Pulse	255	1590000	5302	NA
p023v2	110	Pulse	255	1620000	4971	NA
p023v2	110	Response	101	1620802	5774	1
p023v2	112	Pulse	255	1650000	18806	NA
p023v2	114	Pulse	255	1680000	18475	NA
p023v2	114	Response	100	1697523	35998	1
p023v2	116	Pulse	255	1710000	1979	NA
p023v2	118	Pulse	255	1740000	1649	NA
p023v2	118	Response	100	1743603	5251	1
p023v2	120	Pulse	255	1770000	15983	NA
p023v2	122	Pulse	255	1800000	15653	NA
p023v2	122	Pulse	255	1830000	45653	NA
p023v2	122	Pulse	255	1860000	75653	NA
p023v2	122	Response	101	1876962	92615	1
p023v2	124	Pulse	255	1890000	2662	NA
p023v2	126	Pulse	255	1920000	2331	NA
p023v2	126	Response	100	1930482	12813	1
p023v2	128	Pulse	255	1950000	8999	NA
p023v2	130	Response	100	1976482	5151	1
p023v2	131	Pulse	255	1980000	3336	NA
p023v2	133	Pulse	255	2010000	2839	NA
p023v2	134	Response	101	2023922	6595	1
p023v2	136	Pulse	255	2040000	5674	NA
p023v2	138	Pulse	255	2070000	5343	NA
p023v2	138	Response	100	2084963	20306	1
p023v2	140	Pulse	255	2100000	4513	NA
p023v2	142	Pulse	255	2130000	4182	NA
p023v2	142	Response	100	2132162	6344	1
p023v2	144	Pulse	255	2160000	17350	NA
p023v2	146	Pulse	255	2190000	17019	NA
p023v2	146	Response	100	2214642	41661	1
p023v2	147	Pulse	255	2220000	5190	NA
p023v2	149	Pulse	255	2250000	4692	NA
p023v2	150	Response	101	2261202	5729	1
p023v2	152	Pulse	255	2280000	8361	NA
p023v2	154	Pulse	255	2310000	8030	NA
p023v2	154	Response	101	2334724	32754	1
p023v2	155	Pulse	255	2340000	5200	NA
p023v2	157	Pulse	255	2370000	4703	NA
p023v2	158	Response	101	2383043	7579	1
p023v2	160	Pulse	255	2400000	6538	NA
p023v2	162	Pulse	255	2430000	6208	NA
p023v2	162	Response	100	2435602	11810	1
p023v2	164	Pulse	255	2460000	13876	NA
p023v2	166	Response	100	2487602	11148	1
p023v2	167	Pulse	255	2490000	2213	NA
p023v2	169	Pulse	255	2520000	1716	NA
p023v2	170	Response	101	2535042	6592	1
p023v2	172	Pulse	255	2550000	4551	NA
p023v2	174	Pulse	255	2580000	4221	NA
p023v2	174	Response	101	2581362	5583	1
p023v2	176	Pulse	255	2610000	18222	NA
p023v2	178	Pulse	255	2640000	17891	NA
p023v2	178	Pulse	255	2670000	47891	NA
p023v2	178	Response	100	2699762	77654	1
p023v2	179	Pulse	255	2700000	65	NA
p023v2	180	Pulse	255	2730000	19732	NA
p023v2	182	Response	101	2746642	6043	1
p023v2	184	Pulse	255	2760000	2903	NA
p023v2	186	Pulse	255	2790000	2572	NA
p023v2	186	Pulse	255	2820000	32572	NA
p023v2	186	Response	101	2820483	33055	1
p023v2	188	Pulse	255	2850000	19076	NA
p023v2	190	Pulse	255	2880000	18745	NA
p023v2	190	Response	101	2884002	22748	1
p023v2	192	Pulse	255	2910000	15581	NA
p023v2	194	Response	100	2932882	8133	1
p023v2	195	Pulse	255	2940000	6918	NA
p023v2	197	Pulse	255	2970000	6421	NA
p023v2	198	Response	101	2977122	3377	1
p023v2	200	Pulse	255	3000000	12423	NA
p023v2	202	Response	100	3023362	5454	1
p023v2	203	Pulse	255	3030000	6592	NA
p023v2	205	Pulse	255	3060000	6095	NA
p023v2	206	Response	101	3077922	13851	1
p023v2	208	Pulse	255	3090000	1598	NA
p023v2	210	Pulse	255	3120000	1267	NA
p023v2	210	Response	100	3130882	12150	1
p023v2	212	Pulse	255	3150000	8603	NA
p023v2	214	Pulse	255	3180000	8272	NA
p023v2	214	Response	100	3182082	10354	1
p023v2	216	Pulse	255	3210000	17440	NA
p023v2	218	Response	101	3234802	11911	1
p023v2	219	Pulse	255	3240000	5111	NA
p023v2	221	Pulse	255	3270000	4613	NA
p023v2	222	Response	101	3281042	5489	1
p023v2	224	Pulse	255	3300000	8449	NA
p023v2	226	Response	100	3329922	8040	1
p023v2	226	Pulse	255	3330000	8118	NA
p023v2	228	Pulse	255	3360000	19620	NA
p023v2	230	Response	101	3375842	5131	1
p023v2	232	Pulse	255	3390000	3624	NA
p023v2	234	Pulse	255	3420000	3293	NA
p023v2	234	Response	100	3431362	14655	1
p023v2	236	Pulse	255	3450000	8128	NA
p023v2	238	Response	101	3476961	4759	1
p023v2	239	Pulse	255	3480000	2965	NA
p023v2	241	Pulse	255	3510000	2467	NA
p023v2	242	Picture	instruct_trial	3517698	0	1	100658	1	0	next	other	0
p023v2	242	Pulse	255	3540000	22302	NA
p023v2	242	Pulse	255	3570000	52302	NA
p023v2	242	Pulse	255	3600000	82302	NA
p023v2	242	Response	101	3618242	100544	1
p023v2	243	Pulse	255	3630000	11477	NA
p023v2	243	Pulse	255	3660000	41477	NA
p023v2	243	Response	100	3663122	44599	1
p023v2	245	Pulse	255	3690000	16482	NA
p023v2	247	Pulse	255	3720000	16151	NA
p023v2	247	Response	101	3743042	39193	1
p023v2	248	Pulse	255	3750000	6821	NA
p023v2	250	Pulse	255	3780000	6324	NA
p023v2	251	Pulse	255	3810000	26158	NA
p023v2	251	Response	100	3812322	28480	1
p023v2	253	Pulse	255	3840000	17161	NA
p023v2	255	Pulse	255	3870000	16830	NA
p023v2	255	Response	101	3890962	37792	1
p023v2	256	Pulse	255	3900000	8834	NA
p023v2	258	Pulse	255	3930000	8336	NA
p023v2	259	Response	100	3957682	25853	1
p023v2	260	Pulse	255	3960000	2173	NA
p023v2	262	Pulse	255	3990000	1675	NA
p023v2	263	Pulse	255	4020000	21510	NA
p023v2	263	Response	100	4022722	24231	1
p023v2	265	Pulse	255	4050000	16846	NA
p023v2	267	Pulse	255	4080000	16515	NA
p023v2	267	Response	100	4080642	17157	1
p023v2	269	Pulse	255	4110000	18851	NA
p023v2	271	Pulse	255	4140000	18520	NA
p023v2	271	Response	100	4156322	34842	1
p023v2	273	Pulse	255	4170000	3191	NA
p023v2	275	Pulse	255	4200000	2860	NA
p023v2	275	Response	100	4206802	9662	1
p023v2	277	Pulse	255	4230000	12695	NA
p023v2	279	Pulse	255	4260000	12364	NA
p023v2	279	Pulse	255	4290000	42364	NA
p023v2	279	Response	100	4307602	59966	1
p023v2	281	Pulse	255	4320000	1870	NA
p023v2	283	Pulse	255	4350000	1540	NA
p023v2	283	Response	101	4359442	10981	1
p023v2	285	Pulse	255	4380000	10041	NA
p023v2	287	Pulse	255	4410000	9711	NA
p023v2	287	Pulse	255	4440000	39711	NA
p023v2	287	Response	101	4441922	41633	1
p023v2	289	Pulse	255	4470000	17549	NA
p023v2	291	Pulse	255	4500000	17218	NA
p023v2	291	Pulse	255	4530000	47218	NA
p023v2	291	Response	101	4533282	50500	1
p023v2	293	Pulse	255	4560000	16223	NA
p023v2	295	Response	101	4585448	11341	1
p023v2	296	Pulse	255	4590000	4393	NA
p023v2	298	Pulse	255	4620000	3896	NA
p023v2	299	Response	100	4637122	10852	1
p023v2	301	Pulse	255	4650000	2399	NA
p023v2	303	Pulse	255	4680000	2068	NA
p023v2	303	Response	101	4706562	28630	1
p023v2	304	Pulse	255	4710000	3237	NA
p023v2	306	Pulse	255	4740000	2740	NA
p023v2	307	Response	100	4754242	6815	1
p023v2	309	Pulse	255	4770000	5242	NA
p023v2	311	Pulse	255	4800000	4911	NA
p023v2	311	Response	100	4809682	14593	1
p023v2	313	Pulse	255	4830000	9913	NA
p023v2	315	Response	101	4856002	5585	1
p023v2	316	Pulse	255	4860000	3917	NA
p023v2	318	Pulse	255	4890000	3419	NA
p023v2	319	Pulse	255	4920000	23253	NA
p023v2	319	Response	101	4925522	28775	1
p023v2	321	Pulse	255	4950000	14090	NA
p023v2	323	Response	101	4973602	7361	1
p023v2	324	Pulse	255	4980000	6260	NA
p023v2	326	Pulse	255	5010000	5763	NA
p023v2	327	Pulse	255	5040000	25597	NA
p023v2	327	Response	100	5057842	43439	1
p023v2	329	Pulse	255	5070000	1768	NA
p023v2	331	Pulse	255	5100000	1437	NA
p023v2	331	Response	100	5108402	9839	1
p023v2	333	Pulse	255	5130000	11106	NA
p023v2	335	Response	100	5155842	6617	1
p023v2	336	Pulse	255	5160000	4109	NA
p023v2	338	Pulse	255	5190000	3612	NA
p023v2	339	Pulse	255	5220000	23446	NA
p023v2	339	Pulse	255	5250000	53446	NA
p023v2	339	Pulse	255	5280000	83446	NA
p023v2	339	Response	101	5309762	113207	1
p023v2	340	Pulse	255	5310000	122	NA
p023v2	341	Pulse	255	5340000	19790	NA
p023v2	343	Pulse	255	5370000	19459	NA
p023v2	343	Response	101	5374002	23461	1
p023v2	345	Pulse	255	5400000	15462	NA
p023v2	347	Response	101	5425282	10413	1
p023v2	348	Pulse	255	5430000	4632	NA
p023v2	350	Pulse	255	5460000	4135	NA
p023v2	351	Response	100	5477042	11011	1
p023v2	353	Pulse	255	5490000	2471	NA
p023v2	355	Pulse	255	5520000	2140	NA
p023v2	355	Response	100	5527122	9262	1
p023v2	357	Pulse	255	5550000	12475	NA
p023v2	359	Response	101	5578882	11026	1
p023v2	360	Pulse	255	5580000	979	NA
p023v2	362	Pulse	255	5610000	481	NA
p023v2	363	Response	101	5630081	10397	1
p023v2	364	Pulse	255	5640000	9816	NA
p023v2	366	Pulse	255	5670000	9319	NA
p023v2	367	Response	101	5678642	7795	1
p023v2	369	Pulse	255	5700000	10821	NA
p023v2	371	Response	100	5728882	9372	1
p023v2	372	Pulse	255	5730000	992	NA
p023v2	374	Pulse	255	5760000	494	NA
p023v2	375	Pulse	255	5790000	20328	NA
p023v2	375	Response	100	5794961	25290	1
p023v2	377	Pulse	255	5820000	14498	NA
p023v2	379	Response	100	5842402	6569	1
p023v2	380	Pulse	255	5850000	7501	NA
p023v2	382	Pulse	255	5880000	7004	NA
p023v2	383	Response	100	5905761	22599	1
p023v2	384	Pulse	255	5910000	4173	NA
p023v2	386	Pulse	255	5940000	3676	NA
p023v2	387	Response	101	5952242	5752	1
p023v2	389	Pulse	255	5970000	7345	NA
p023v2	391	Response	101	5998962	5976	1
p023v2	392	Pulse	255	6000000	848	NA
p023v2	394	Pulse	255	6030000	351	NA
p023v2	395	Response	100	6046482	6667	1
p023v2	397	Pulse	255	6060000	3020	NA
p023v2	399	Pulse	255	6090000	2689	NA
p023v2	399	Pulse	255	6120000	32689	NA
p023v2	399	Response	100	6136961	49650	1
p023v2	401	Pulse	255	6150000	2527	NA
p023v2	403	Pulse	255	6180000	2197	NA
p023v2	403	Response	101	6190562	12759	1
p023v2	405	Pulse	255	6210000	9032	NA
p023v2	407	Response	101	6237442	6143	1
p023v2	408	Pulse	255	6240000	2369	NA
p023v2	410	Pulse	255	6270000	1871	NA
p023v2	411	Pulse	255	6300000	21705	NA
p023v2	411	Pulse	255	6330000	51705	NA
p023v2	411	Response	100	6336562	58267	1
p023v2	413	Pulse	255	6360000	13045	NA
p023v2	415	Response	100	6385201	7915	1
p023v2	416	Pulse	255	6390000	4715	NA
p023v2	418	Pulse	255	6420000	4217	NA
p023v2	419	Response	100	6434881	8933	1
p023v2	421	Pulse	255	6450000	4720	NA
p023v2	423	Pulse	255	6480000	4389	NA
p023v2	423	Response	101	6481362	5751	1
p023v2	425	Pulse	255	6510000	18224	NA
p023v2	427	Response	101	6532881	10774	1
p023v2	428	Pulse	255	6540000	7061	NA
p023v2	430	Pulse	255	6570000	6563	NA
p023v2	431	Response	100	6581682	8079	1
p023v2	433	Pulse	255	6600000	7899	NA
p023v2	435	Response	100	6628802	6370	1
p023v2	436	Pulse	255	6630000	1069	NA
p023v2	438	Pulse	255	6660000	571	NA
p023v2	439	Pulse	255	6690000	20406	NA
p023v2	439	Response	100	6711122	41527	1
p023v2	440	Pulse	255	6720000	8743	NA
p023v2	442	Pulse	255	6750000	8245	NA
p023v2	443	Response	101	6758882	6961	1
p023v2	445	Pulse	255	6780000	10581	NA
p023v2	447	Response	100	6806722	6972	1
p023v2	448	Pulse	255	6810000	3084	NA
p023v2	450	Pulse	255	6840000	2587	NA
p023v2	451	Response	100	6857201	9622	1
p023v2	453	Pulse	255	6870000	2423	NA
p023v2	455	Pulse	255	6900000	2092	NA
p023v2	455	Pulse	255	6930000	32092	NA
p023v2	455	Response	101	6930961	33053	1
p023v2	457	Pulse	255	6960000	18596	NA
p023v2	459	Response	101	6982242	10507	1
p023v2	460	Pulse	255	6990000	7599	NA
p023v2	462	Pulse	255	7020000	7102	NA
p023v2	463	Pulse	255	7050000	26936	NA
p023v2	463	Response	100	7060962	37898	1
p023v2	465	Pulse	255	7080000	8607	NA
p023v2	467	Pulse	255	7110000	8276	NA
p023v2	467	Response	100	7118561	16838	1
p023v2	469	Pulse	255	7140000	10945	NA
p023v2	471	Response	101	7166402	7016	1
p023v2	472	Pulse	255	7170000	3448	NA
p023v2	474	Pulse	255	7200000	2951	NA
p023v2	475	Response	100	7215761	8546	1
p023v2	477	Pulse	255	7230000	3787	NA
p023v2	479	Pulse	255	7260000	3456	NA
p023v2	479	Response	100	7264162	7618	1
p023v2	481	Pulse	255	7290000	15458	NA
p023v2	483	Picture	instruct_trial	7304873	0	1	67494	1	0	next	other	0
p023v2	483	Pulse	255	7320000	15127	NA
p023v2	483	Pulse	255	7350000	45127	NA
p023v2	483	Response	101	7372241	67368	1
p023v2	484	Pulse	255	7380000	7466	NA
p023v2	484	Pulse	255	7410000	37466	NA
p023v2	484	Response	101	7413601	41067	1
p023v2	486	Pulse	255	7440000	15971	NA
p023v2	488	Pulse	255	7470000	15640	NA
p023v2	488	Pulse	255	7500000	45640	NA
p023v2	488	Response	100	7513281	58921	1
p023v2	490	Pulse	255	7530000	6312	NA
p023v2	492	Pulse	255	7560000	5982	NA
p023v2	492	Pulse	255	7590000	35982	NA
p023v2	492	Response	101	7599122	45103	1
p023v2	494	Pulse	255	7620000	10486	NA
p023v2	496	Pulse	255	7650000	10156	NA
p023v2	496	Response	100	7657442	17597	1
p023v2	498	Pulse	255	7680000	12158	NA
p023v2	500	Pulse	255	7710000	11827	NA
p023v2	500	Response	100	7712801	14629	1
p023v2	502	Pulse	255	7740000	16663	NA
p023v2	504	Pulse	255	7770000	16332	NA
p023v2	504	Response	100	7794241	40573	1
p023v2	505	Pulse	255	7800000	5669	NA
p023v2	507	Pulse	255	7830000	5172	NA
p023v2	508	Pulse	255	7860000	25006	NA
p023v2	508	Response	100	7867761	32767	1
p023v2	510	Pulse	255	7890000	11843	NA
p023v2	512	Pulse	255	7920000	11512	NA
p023v2	512	Response	101	7927681	19193	1
p023v2	514	Pulse	255	7950000	11848	NA
p023v2	516	Pulse	255	7980000	11517	NA
p023v2	516	Response	101	7998321	29839	1
p023v2	518	Pulse	255	8010000	1187	NA
p023v2	520	Pulse	255	8040000	857	NA
p023v2	520	Response	100	8056642	17498	1
p023v2	522	Pulse	255	8070000	2859	NA
p023v2	524	Pulse	255	8100000	2529	NA
p023v2	524	Response	100	8106882	9410	1
p023v2	526	Pulse	255	8130000	12697	NA
p023v2	528	Response	101	8155441	7807	1
p023v2	529	Pulse	255	8160000	4367	NA
p023v2	531	Pulse	255	8190000	3869	NA
p023v2	532	Response	100	8205281	8985	1
p023v2	534	Pulse	255	8220000	4205	NA
p023v2	536	Pulse	255	8250000	3874	NA
p023v2	536	Response	100	8253281	7155	1
p023v2	538	Pulse	255	8280000	16209	NA
p023v2	540	Pulse	255	8310000	15879	NA
p023v2	540	Response	101	8315522	21400	1
p023v2	542	Pulse	255	8340000	14048	NA
p023v2	544	Response	101	8365281	8998	1
p023v2	545	Pulse	255	8370000	4551	NA
p023v2	547	Pulse	255	8400000	4054	NA
p023v2	548	Response	100	8412721	6610	1
p023v2	550	Pulse	255	8430000	6890	NA
p023v2	552	Pulse	255	8460000	6559	NA
p023v2	552	Response	100	8462321	8880	1
p023v2	554	Pulse	255	8490000	17227	NA
p023v2	556	Pulse	255	8520000	16897	NA
p023v2	556	Response	101	8541361	38257	1
p023v2	557	Pulse	255	8550000	8567	NA
p023v2	559	Pulse	255	8580000	8069	NA
p023v2	560	Response	100	8591521	9424	1
p023v2	562	Pulse	255	8610000	8072	NA
p023v2	564	Pulse	255	8640000	7741	NA
p023v2	564	Response	100	8658641	26382	1
p023v2	566	Pulse	255	8670000	911	NA
p023v2	568	Pulse	255	8700000	580	NA
p023v2	568	Response	101	8709921	10501	1
p023v2	570	Pulse	255	8730000	9582	NA
p023v2	572	Pulse	255	8760000	9251	NA
p023v2	572	Response	100	8763281	12532	1
p023v2	574	Pulse	255	8790000	16253	NA
p023v2	576	Pulse	255	8820000	15922	NA
p023v2	576	Response	100	8824481	20403	1
p023v2	578	Pulse	255	8850000	15092	NA
p023v2	580	Response	101	8872801	7562	1
p023v2	581	Pulse	255	8880000	7095	NA
p023v2	583	Pulse	255	8910000	6598	NA
p023v2	584	Response	100	8922481	8912	1
p023v2	586	Pulse	255	8940000	7100	NA
p023v2	588	Response	100	8967361	4130	1
p023v2	589	Pulse	255	8970000	2436	NA
p023v2	591	Pulse	255	9000000	1939	NA
p023v2	592	Response	101	9013841	5614	1
p023v2	594	Pulse	255	9030000	5775	NA
p023v2	596	Response	100	9059041	4485	1
p023v2	597	Pulse	255	9060000	778	NA
p023v2	599	Pulse	255	9090000	288	NA
p023v2	600	Response	100	9107041	7156	1
p023v2	602	Pulse	255	9120000	2449	NA
p023v2	604	Pulse	255	9150000	2119	NA
p023v2	604	Response	100	9153921	6040	1
p023v2	606	Pulse	255	9180000	15620	NA
p023v2	608	Pulse	255	9210000	15289	NA
p023v2	608	Response	100	9227601	32891	1
p023v2	610	Pulse	255	9240000	1960	NA
p023v2	612	Pulse	255	9270000	1629	NA
p023v2	612	Response	100	9277281	8910	1
p023v2	614	Pulse	255	9300000	12297	NA
p023v2	616	Response	101	9328563	10529	1
p023v2	617	Pulse	255	9330000	1301	NA
p023v2	619	Pulse	255	9360000	803	NA
p023v2	620	Pulse	255	9390000	20638	NA
p023v2	620	Response	101	9406721	37359	1
p023v2	622	Pulse	255	9420000	2808	NA
p023v2	624	Pulse	255	9450000	2478	NA
p023v2	624	Response	100	9453921	6398	1
p023v2	626	Pulse	255	9480000	15646	NA
p023v2	628	Pulse	255	9510000	15315	NA
p023v2	628	Response	100	9512961	18276	1
p023v2	630	Pulse	255	9540000	16651	NA
p023v2	632	Response	101	9559841	6161	1
p023v2	633	Pulse	255	9570000	9987	NA
p023v2	635	Pulse	255	9600000	9490	NA
p023v2	636	Response	101	9619201	18525	1
p023v2	638	Pulse	255	9630000	327	NA
p023v2	639	Pulse	255	9660000	10162	NA
p023v2	640	Response	101	9669681	9677	1
p023v2	642	Pulse	255	9690000	9831	NA
p023v2	644	Pulse	255	9720000	9500	NA
p023v2	644	Response	100	9720481	9981	1
p023v2	646	Pulse	255	9750000	19002	NA
p023v2	648	Response	100	9772401	11072	1
p023v2	649	Pulse	255	9780000	7506	NA
p023v2	651	Pulse	255	9810000	7008	NA
p023v2	652	Response	101	9819281	6123	1
p023v2	654	Pulse	255	9840000	10177	NA
p023v2	656	Response	101	9864641	4487	1
p023v2	657	Pulse	255	9870000	5180	NA
p023v2	659	Pulse	255	9900000	4683	NA
p023v2	660	Response	101	9927121	21638	1
p023v2	661	Pulse	255	9930000	2686	NA
p023v2	663	Pulse	255	9960000	2188	NA
p023v2	664	Response	101	9975921	7943	1
p023v2	666	Pulse	255	9990000	3691	NA
p023v2	668	Pulse	255	10020000	3360	NA
p023v2	668	Response	100	10023681	7041	1
p023v2	670	Pulse	255	10050000	15861	NA
p023v2	672	Pulse	255	10080000	15531	NA
p023v2	672	Response	101	10084801	20332	1
p023v2	674	Pulse	255	10110000	14700	NA
p023v2	676	Response	100	10133761	8130	1
p023v2	677	Pulse	255	10140000	6037	NA
p023v2	679	Pulse	255	10170000	5539	NA
p023v2	680	Response	101	10184241	9614	1
p023v2	682	Pulse	255	10200000	5375	NA
p023v2	684	Pulse	255	10230000	5044	NA
p023v2	684	Pulse	255	10260000	35044	NA
p023v2	684	Response	100	10264161	39206	1
p023v2	686	Pulse	255	10290000	15382	NA
p023v2	688	Pulse	255	10320000	15051	NA
p023v2	688	Response	101	10328641	23692	1
p023v2	690	Pulse	255	10350000	10888	NA
p023v2	692	Response	100	10374961	5518	1
p023v2	693	Pulse	255	10380000	4891	NA
p023v2	695	Pulse	255	10410000	4393	NA
p023v2	696	Response	100	10426641	10869	1
p023v2	698	Pulse	255	10440000	2896	NA
p023v2	700	Pulse	255	10470000	2565	NA
p023v2	700	Response	100	10488081	20646	1
p023v2	702	Pulse	255	10500000	1401	NA
p023v2	704	Pulse	255	10530000	1071	NA
p023v2	704	Response	101	10536081	7151	1
p023v2	706	Pulse	255	10560000	13405	NA
p023v2	708	Response	100	10587281	10355	1
p023v2	709	Pulse	255	10590000	2576	NA
p023v2	711	Pulse	255	10620000	2078	NA
p023v2	712	Response	100	10642081	13993	1
p023v2	713	Pulse	255	10650000	7747	NA
p023v2	715	Pulse	255	10680000	7250	NA
p023v2	716	Response	101	10695921	13005	1
p023v2	718	Pulse	255	10710000	3586	NA
p023v2	720	Pulse	255	10740000	3255	NA
p023v2	720	Response	101	10744961	8216	1
p023v2	722	Pulse	255	10770000	14590	NA
p023v2	724	Picture	instruct_trial	10785741	0	1	40163	1	0	next	other	0
p023v2	724	Pulse	255	10800000	14259	NA
