Scenario - learning_JJ_english
Logfile written - 02/16/2022 12:46:52

Subject	Trial	Event Type	Code	Time	TTime	Uncertainty	Duration	Uncertainty	ReqTime	ReqDur	Stim Type	Pair Index

p023v1	0	Pulse	255	0	0	NA
p023v1	1	Picture	instruct_trial	10333	0	1	123156	1	0	next	other	0
p023v1	1	Pulse	255	30000	19667	NA
p023v1	1	Pulse	255	60000	49667	NA
p023v1	1	Pulse	255	90000	79667	NA
p023v1	1	Pulse	255	120000	109667	NA
p023v1	1	Response	101	133276	122943	1
p023v1	1	Pulse	255	150000	139667	NA
p023v1	2	Pulse	255	180000	29846	NA
p023v1	2	Response	101	182972	32818	1
p023v1	4	Pulse	255	210000	16516	NA
p023v1	6	Pulse	255	240000	16185	NA
p023v1	6	Pulse	255	270000	46185	NA
p023v1	6	Response	100	271009	47194	1
p023v1	8	Pulse	255	300000	18523	NA
p023v1	10	Response	100	329776	17969	1
p023v1	11	Pulse	255	330000	28	NA
p023v1	12	Pulse	255	360000	19695	NA
p023v1	14	Response	100	382823	12188	1
p023v1	15	Pulse	255	390000	7032	NA
p023v1	17	Pulse	255	420000	6535	NA
p023v1	18	Response	100	432835	9204	1
p023v1	20	Pulse	255	450000	6704	NA
p023v1	22	Response	100	478463	4836	1
p023v1	23	Pulse	255	480000	1374	NA
p023v1	25	Pulse	255	510000	876	NA
p023v1	26	Response	101	529603	10313	1
p023v1	27	Pulse	255	540000	10211	NA
p023v1	29	Pulse	255	570000	9714	NA
p023v1	30	Response	101	576237	5785	1
p023v1	32	Pulse	255	600000	13383	NA
p023v1	34	Response	101	626808	9860	1
p023v1	35	Pulse	255	630000	3053	NA
p023v1	37	Pulse	255	660000	2555	NA
p023v1	38	Response	100	673357	5747	1
p023v1	40	Pulse	255	690000	6224	NA
p023v1	42	Pulse	255	720000	5894	NA
p023v1	42	Response	100	736226	22119	1
p023v1	44	Pulse	255	750000	3396	NA
p023v1	46	Pulse	255	780000	3066	NA
p023v1	46	Response	101	781438	4503	1
p023v1	48	Pulse	255	810000	18067	NA
p023v1	50	Response	100	829622	7358	1
p023v1	51	Pulse	255	840000	10237	NA
p023v1	53	Pulse	255	870000	9739	NA
p023v1	54	Response	100	876495	6069	1
p023v1	56	Pulse	255	900000	13075	NA
p023v1	58	Pulse	255	930000	12744	NA
p023v1	58	Response	101	934657	17402	1
p023v1	60	Pulse	255	960000	14913	NA
p023v1	62	Response	101	981056	5639	1
p023v1	63	Pulse	255	990000	8750	NA
p023v1	65	Pulse	255	1020000	8252	NA
p023v1	66	Response	101	1039540	17626	1
p023v1	67	Pulse	255	1050000	10255	NA
p023v1	69	Pulse	255	1080000	9757	NA
p023v1	70	Response	100	1087323	6915	1
p023v1	72	Pulse	255	1110000	12260	NA
p023v1	74	Response	101	1136790	8719	1
p023v1	75	Pulse	255	1140000	3096	NA
p023v1	77	Pulse	255	1170000	2599	NA
p023v1	78	Response	100	1183486	5919	1
p023v1	80	Pulse	255	1200000	6101	NA
p023v1	82	Pulse	255	1230000	5771	NA
p023v1	82	Response	100	1231079	6850	1
p023v1	84	Pulse	255	1260000	18439	NA
p023v1	86	Response	101	1276244	4352	1
p023v1	88	Pulse	255	1290000	3276	NA
p023v1	90	Pulse	255	1320000	2945	NA
p023v1	90	Response	101	1328061	11006	1
p023v1	92	Pulse	255	1350000	11447	NA
p023v1	94	Pulse	255	1380000	11116	NA
p023v1	94	Response	101	1391977	23093	1
p023v1	96	Pulse	255	1410000	7619	NA
p023v1	98	Response	101	1437873	5161	1
p023v1	99	Pulse	255	1440000	1955	NA
p023v1	101	Pulse	255	1470000	1458	NA
p023v1	102	Response	100	1484927	6219	1
p023v1	104	Pulse	255	1500000	4627	NA
p023v1	106	Pulse	255	1530000	4296	NA
p023v1	106	Response	100	1536172	10468	1
p023v1	108	Pulse	255	1560000	13298	NA
p023v1	110	Response	101	1581225	4192	1
p023v1	111	Pulse	255	1590000	8634	NA
p023v1	113	Pulse	255	1620000	8137	NA
p023v1	114	Response	101	1630337	8308	1
p023v1	116	Pulse	255	1650000	9139	NA
p023v1	118	Response	100	1675390	4199	1
p023v1	119	Pulse	255	1680000	4476	NA
p023v1	121	Pulse	255	1710000	3978	NA
p023v1	122	Response	100	1722398	6210	1
p023v1	124	Pulse	255	1740000	7147	NA
p023v1	126	Pulse	255	1770000	6816	NA
p023v1	126	Response	100	1774002	10819	1
p023v1	128	Pulse	255	1800000	15485	NA
p023v1	130	Response	100	1821479	6634	1
p023v1	131	Pulse	255	1830000	8321	NA
p023v1	133	Pulse	255	1860000	7824	NA
p023v1	134	Response	101	1867493	5151	1
p023v1	136	Pulse	255	1890000	11993	NA
p023v1	138	Response	101	1912725	4387	1
p023v1	139	Pulse	255	1920000	7163	NA
p023v1	141	Pulse	255	1950000	6665	NA
p023v1	142	Response	100	1959636	6136	1
p023v1	144	Pulse	255	1980000	9834	NA
p023v1	146	Response	100	2006004	5508	1
p023v1	147	Pulse	255	2010000	3837	NA
p023v1	149	Pulse	255	2040000	3340	NA
p023v1	150	Response	101	2050431	3605	1
p023v1	152	Pulse	255	2070000	9175	NA
p023v1	154	Response	101	2100000	8844	1
p023v1	154	Pulse	255	2100000	8844	NA
p023v1	156	Pulse	255	2130000	19513	NA
p023v1	158	Response	101	2144927	4109	1
p023v1	160	Pulse	255	2160000	4683	NA
p023v1	162	Pulse	255	2190000	4353	NA
p023v1	162	Response	100	2191963	6315	1
p023v1	164	Pulse	255	2220000	17521	NA
p023v1	166	Response	100	2239225	6415	1
p023v1	168	Pulse	255	2250000	358	NA
p023v1	170	Pulse	255	2280000	27	NA
p023v1	170	Response	101	2283691	3718	1
p023v1	172	Pulse	255	2310000	15862	NA
p023v1	174	Response	101	2328858	4389	1
p023v1	176	Pulse	255	2340000	699	NA
p023v1	178	Pulse	255	2370000	368	NA
p023v1	178	Response	101	2384713	15081	1
p023v1	180	Pulse	255	2400000	4870	NA
p023v1	182	Response	101	2429874	4414	1
p023v1	183	Pulse	255	2430000	40	NA
p023v1	184	Pulse	255	2460000	19708	NA
p023v1	186	Response	100	2480114	9497	1
p023v1	187	Pulse	255	2490000	9711	NA
p023v1	189	Pulse	255	2520000	9214	NA
p023v1	190	Response	101	2532246	11294	1
p023v1	192	Pulse	255	2550000	7216	NA
p023v1	194	Response	100	2577501	4386	1
p023v1	195	Pulse	255	2580000	2386	NA
p023v1	197	Pulse	255	2610000	1889	NA
p023v1	198	Response	101	2624329	6051	1
p023v1	200	Pulse	255	2640000	5224	NA
p023v1	202	Pulse	255	2670000	4893	NA
p023v1	202	Response	100	2675554	10447	1
p023v1	204	Pulse	255	2700000	14062	NA
p023v1	206	Response	101	2724454	8186	1
p023v1	207	Pulse	255	2730000	5398	NA
p023v1	209	Pulse	255	2760000	4901	NA
p023v1	210	Response	100	2770038	4773	1
p023v1	212	Pulse	255	2790000	9570	NA
p023v1	214	Response	100	2814465	3704	1
p023v1	215	Pulse	255	2820000	5406	NA
p023v1	217	Pulse	255	2850000	4909	NA
p023v1	218	Response	100	2862761	7504	1
p023v1	220	Pulse	255	2880000	6744	NA
p023v1	222	Response	101	2908775	5189	1
p023v1	223	Pulse	255	2910000	1081	NA
p023v1	225	Pulse	255	2940000	583	NA
p023v1	226	Response	100	2954731	5149	1
p023v1	228	Pulse	255	2970000	4752	NA
p023v1	230	Response	100	2999907	4329	1
p023v1	230	Pulse	255	3000000	4422	NA
p023v1	232	Pulse	255	3030000	19590	NA
p023v1	234	Response	101	3047889	7148	1
p023v1	236	Pulse	255	3060000	1594	NA
p023v1	238	Pulse	255	3090000	1263	NA
p023v1	238	Response	101	3093207	4470	1
p023v1	240	Pulse	255	3120000	16264	NA
p023v1	242	Picture	instruct_trial	3134067	0	1	262644	1	0	next	other	0
p023v1	242	Pulse	255	3150000	15933	NA
p023v1	242	Pulse	255	3180000	45933	NA
p023v1	242	Pulse	255	3210000	75933	NA
p023v1	242	Pulse	255	3240000	105933	NA
p023v1	242	Pulse	255	3270000	135933	NA
p023v1	242	Pulse	255	3300000	165933	NA
p023v1	242	Pulse	255	3330000	195933	NA
p023v1	242	Pulse	255	3360000	225933	NA
p023v1	242	Pulse	255	3390000	255933	NA
p023v1	242	Response	101	3396651	262584	1
p023v1	243	Pulse	255	3420000	23122	NA
p023v1	243	Response	101	3447003	50126	1
p023v1	244	Pulse	255	3450000	2793	NA
p023v1	246	Pulse	255	3480000	2296	NA
p023v1	247	Response	100	3507790	19920	1
p023v1	248	Pulse	255	3510000	2132	NA
p023v1	250	Pulse	255	3540000	1635	NA
p023v1	251	Response	100	3568220	19689	1
p023v1	252	Pulse	255	3570000	1637	NA
p023v1	254	Pulse	255	3600000	1140	NA
p023v1	255	Response	100	3619620	10594	1
p023v1	256	Pulse	255	3630000	10308	NA
p023v1	258	Pulse	255	3660000	9811	NA
p023v1	259	Response	100	3671243	10888	1
p023v1	261	Pulse	255	3690000	8313	NA
p023v1	263	Pulse	255	3720000	7983	NA
p023v1	263	Response	100	3725596	13579	1
p023v1	265	Pulse	255	3750000	13985	NA
p023v1	267	Pulse	255	3780000	13654	NA
p023v1	267	Response	101	3789346	23000	1
p023v1	269	Pulse	255	3810000	10157	NA
p023v1	271	Pulse	255	3840000	9826	NA
p023v1	271	Response	101	3840731	10557	1
p023v1	273	Pulse	255	3870000	18828	NA
p023v1	275	Response	101	3888466	6963	1
p023v1	277	Pulse	255	3900000	999	NA
p023v1	279	Pulse	255	3930000	668	NA
p023v1	279	Response	100	3937511	8179	1
p023v1	281	Pulse	255	3960000	12003	NA
p023v1	283	Response	100	3986317	7989	1
p023v1	284	Pulse	255	3990000	3506	NA
p023v1	286	Pulse	255	4020000	3009	NA
p023v1	287	Response	101	4036685	9528	1
p023v1	289	Pulse	255	4050000	2845	NA
p023v1	291	Pulse	255	4080000	2514	NA
p023v1	291	Response	100	4083488	6002	1
p023v1	293	Pulse	255	4110000	16015	NA
p023v1	295	Response	100	4131435	7120	1
p023v1	296	Pulse	255	4140000	8519	NA
p023v1	298	Pulse	255	4170000	8021	NA
p023v1	299	Response	101	4178851	6706	1
p023v1	301	Pulse	255	4200000	10690	NA
p023v1	303	Response	101	4226804	7163	1
p023v1	304	Pulse	255	4230000	3027	NA
p023v1	306	Pulse	255	4260000	2529	NA
p023v1	307	Response	101	4275686	8050	1
p023v1	309	Pulse	255	4290000	3865	NA
p023v1	311	Pulse	255	4320000	3534	NA
p023v1	311	Response	100	4325826	9360	1
p023v1	313	Pulse	255	4350000	13703	NA
p023v1	315	Response	100	4377128	10499	1
p023v1	316	Pulse	255	4380000	2706	NA
p023v1	318	Pulse	255	4410000	2209	NA
p023v1	319	Response	100	4427445	9488	1
p023v1	321	Pulse	255	4440000	2045	NA
p023v1	323	Pulse	255	4470000	1714	NA
p023v1	323	Response	101	4478613	10327	1
p023v1	325	Pulse	255	4500000	10882	NA
p023v1	327	Response	101	4526632	7183	1
p023v1	328	Pulse	255	4530000	3219	NA
p023v1	330	Pulse	255	4560000	2721	NA
p023v1	331	Response	101	4573167	5723	1
p023v1	333	Pulse	255	4590000	6390	NA
p023v1	335	Pulse	255	4620000	6060	NA
p023v1	335	Response	101	4622438	8497	1
p023v1	337	Pulse	255	4650000	17061	NA
p023v1	339	Response	101	4669193	5924	1
p023v1	341	Pulse	255	4680000	399	NA
p023v1	343	Pulse	255	4710000	68	NA
p023v1	343	Response	100	4717239	7307	1
p023v1	345	Pulse	255	4740000	12236	NA
p023v1	347	Response	100	4764458	6363	1
p023v1	348	Pulse	255	4770000	5406	NA
p023v1	350	Pulse	255	4800000	4908	NA
p023v1	351	Response	101	4813657	8400	1
p023v1	353	Pulse	255	4830000	5911	NA
p023v1	355	Pulse	255	4860000	5580	NA
p023v1	355	Response	101	4861386	6966	1
p023v1	357	Pulse	255	4890000	18082	NA
p023v1	359	Response	100	4911084	8835	1
p023v1	360	Pulse	255	4920000	8752	NA
p023v1	362	Pulse	255	4950000	8254	NA
p023v1	363	Response	100	4957953	6042	1
p023v1	365	Pulse	255	4980000	11590	NA
p023v1	367	Response	100	5004656	5915	1
p023v1	368	Pulse	255	5010000	5260	NA
p023v1	370	Pulse	255	5040000	4762	NA
p023v1	371	Response	100	5053481	8077	1
p023v1	373	Pulse	255	5070000	6098	NA
p023v1	375	Pulse	255	5100000	5767	NA
p023v1	375	Response	101	5101804	7571	1
p023v1	377	Pulse	255	5130000	17769	NA
p023v1	379	Response	101	5149862	7300	1
p023v1	380	Pulse	255	5160000	9939	NA
p023v1	382	Pulse	255	5190000	9441	NA
p023v1	383	Response	100	5200125	9400	1
p023v1	385	Pulse	255	5220000	9444	NA
p023v1	387	Pulse	255	5250000	9113	NA
p023v1	387	Response	100	5253718	12831	1
p023v1	389	Pulse	255	5280000	15782	NA
p023v1	391	Response	101	5299538	4989	1
p023v1	392	Pulse	255	5310000	10285	NA
p023v1	394	Pulse	255	5340000	9787	NA
p023v1	395	Response	101	5360142	19763	1
p023v1	396	Pulse	255	5370000	9790	NA
p023v1	398	Pulse	255	5400000	9293	NA
p023v1	399	Response	101	5406253	5379	1
p023v1	401	Pulse	255	5430000	13295	NA
p023v1	403	Response	100	5452800	5764	1
p023v1	404	Pulse	255	5460000	7131	NA
p023v1	406	Pulse	255	5490000	6634	NA
p023v1	407	Response	100	5497432	3900	1
p023v1	409	Pulse	255	5520000	12136	NA
p023v1	411	Response	101	5545424	7229	1
p023v1	412	Pulse	255	5550000	4472	NA
p023v1	414	Pulse	255	5580000	3975	NA
p023v1	415	Response	101	5592207	6016	1
p023v1	417	Pulse	255	5610000	7311	NA
p023v1	419	Response	101	5638156	5136	1
p023v1	420	Pulse	255	5640000	1647	NA
p023v1	422	Pulse	255	5670000	1150	NA
p023v1	423	Response	101	5685764	6748	1
p023v1	425	Pulse	255	5700000	3819	NA
p023v1	427	Pulse	255	5730000	3488	NA
p023v1	427	Response	100	5739609	13097	1
p023v1	429	Pulse	255	5760000	9990	NA
p023v1	431	Pulse	255	5790000	9659	NA
p023v1	431	Response	101	5794406	14065	1
p023v1	433	Pulse	255	5820000	15161	NA
p023v1	435	Response	100	5843634	8465	1
p023v1	436	Pulse	255	5850000	6165	NA
p023v1	438	Pulse	255	5880000	5667	NA
p023v1	439	Response	101	5890813	6315	1
p023v1	441	Pulse	255	5910000	8669	NA
p023v1	443	Response	100	5939925	8264	1
p023v1	444	Pulse	255	5940000	6	NA
p023v1	445	Pulse	255	5970000	19674	NA
p023v1	447	Response	101	5991581	10923	1
p023v1	448	Pulse	255	6000000	8344	NA
p023v1	450	Pulse	255	6030000	7846	NA
p023v1	451	Response	100	6041218	8899	1
p023v1	453	Pulse	255	6060000	8349	NA
p023v1	455	Response	100	6088161	6180	1
p023v1	456	Pulse	255	6090000	1685	NA
p023v1	458	Pulse	255	6120000	1188	NA
p023v1	459	Response	100	6136759	7781	1
p023v1	461	Pulse	255	6150000	2857	NA
p023v1	463	Pulse	255	6180000	2526	NA
p023v1	463	Response	101	6185020	7546	1
p023v1	465	Pulse	255	6210000	14528	NA
p023v1	467	Response	100	6235104	9301	1
p023v1	468	Pulse	255	6240000	4698	NA
p023v1	470	Pulse	255	6270000	4201	NA
p023v1	471	Response	100	6282640	6675	1
p023v1	473	Pulse	255	6300000	6870	NA
p023v1	475	Pulse	255	6330000	6539	NA
p023v1	475	Response	101	6332076	8615	1
p023v1	477	Pulse	255	6360000	17540	NA
p023v1	479	Response	101	6378679	5888	1
p023v1	481	Pulse	255	6390000	878	NA
p023v1	483	Picture	instruct_trial	6419453	0	1	82826	1	0	next	other	0
p023v1	483	Pulse	255	6420000	547	NA
p023v1	483	Pulse	255	6450000	30547	NA
p023v1	483	Pulse	255	6480000	60547	NA
p023v1	483	Response	101	6502186	82733	1
p023v1	484	Pulse	255	6510000	7387	NA
p023v1	484	Response	101	6527716	25103	1
p023v1	486	Pulse	255	6540000	1890	NA
p023v1	488	Pulse	255	6570000	1560	NA
p023v1	488	Response	101	6585949	17509	1
p023v1	490	Pulse	255	6600000	3562	NA
p023v1	492	Pulse	255	6630000	3231	NA
p023v1	492	Response	100	6636316	9548	1
p023v1	494	Pulse	255	6660000	13233	NA
p023v1	496	Response	101	6687289	10191	1
p023v1	497	Pulse	255	6690000	2570	NA
p023v1	499	Pulse	255	6720000	2072	NA
p023v1	500	Response	100	6745840	17747	1
p023v1	501	Pulse	255	6750000	4075	NA
p023v1	503	Pulse	255	6780000	3577	NA
p023v1	504	Response	100	6802444	15855	1
p023v1	505	Pulse	255	6810000	7413	NA
p023v1	507	Pulse	255	6840000	6916	NA
p023v1	508	Pulse	255	6870000	26750	NA
p023v1	508	Response	101	6877078	33828	1
p023v1	510	Pulse	255	6900000	12420	NA
p023v1	512	Response	101	6926797	8887	1
p023v1	513	Pulse	255	6930000	3090	NA
p023v1	515	Pulse	255	6960000	2593	NA
p023v1	516	Response	101	6978069	10496	1
p023v1	518	Pulse	255	6990000	1429	NA
p023v1	520	Pulse	255	7020000	1098	NA
p023v1	520	Response	100	7032581	13679	1
p023v1	522	Pulse	255	7050000	6933	NA
p023v1	524	Pulse	255	7080000	6603	NA
p023v1	524	Response	100	7081498	8100	1
p023v1	526	Pulse	255	7110000	18104	NA
p023v1	528	Response	101	7131238	9011	1
p023v1	529	Pulse	255	7140000	8608	NA
p023v1	531	Pulse	255	7170000	8110	NA
p023v1	532	Response	100	7185099	13043	1
p023v1	534	Pulse	255	7200000	4447	NA
p023v1	536	Pulse	255	7230000	4116	NA
p023v1	536	Response	100	7232282	6397	1
p023v1	538	Pulse	255	7260000	17284	NA
p023v1	540	Response	101	7281850	8803	1
p023v1	541	Pulse	255	7290000	7954	NA
p023v1	543	Pulse	255	7320000	7456	NA
p023v1	544	Response	101	7330962	8253	1
p023v1	546	Pulse	255	7350000	8626	NA
p023v1	548	Response	101	7378536	6830	1
p023v1	549	Pulse	255	7380000	1295	NA
p023v1	551	Pulse	255	7410000	798	NA
p023v1	552	Response	100	7427362	7994	1
p023v1	554	Pulse	255	7440000	2134	NA
p023v1	556	Pulse	255	7470000	1803	NA
p023v1	556	Response	101	7473064	4867	1
p023v1	558	Pulse	255	7500000	16471	NA
p023v1	560	Response	100	7523034	9175	1
p023v1	561	Pulse	255	7530000	6808	NA
p023v1	563	Pulse	255	7560000	6310	NA
p023v1	564	Response	100	7569211	5356	1
p023v1	566	Pulse	255	7590000	10313	NA
p023v1	568	Response	101	7619931	9913	1
p023v1	568	Pulse	255	7620000	9982	NA
p023v1	570	Pulse	255	7650000	19650	NA
p023v1	572	Response	101	7665530	4849	1
p023v1	574	Pulse	255	7680000	3987	NA
p023v1	576	Pulse	255	7710000	3657	NA
p023v1	576	Response	101	7718068	11725	1
p023v1	578	Pulse	255	7740000	11492	NA
p023v1	580	Response	101	7765416	6577	1
p023v1	581	Pulse	255	7770000	4495	NA
p023v1	583	Pulse	255	7800000	3998	NA
p023v1	584	Response	100	7814938	8770	1
p023v1	586	Pulse	255	7830000	4674	NA
p023v1	588	Pulse	255	7860000	4336	NA
p023v1	588	Response	101	7868323	12659	1
p023v1	590	Pulse	255	7890000	11171	NA
p023v1	592	Response	101	7916251	7091	1
p023v1	593	Pulse	255	7920000	3675	NA
p023v1	595	Pulse	255	7950000	3177	NA
p023v1	596	Response	100	7963689	6701	1
p023v1	598	Pulse	255	7980000	5846	NA
p023v1	600	Pulse	255	8010000	5516	NA
p023v1	600	Response	100	8010494	6009	1
p023v1	602	Pulse	255	8040000	19017	NA
p023v1	604	Response	100	8056162	4848	1
p023v1	606	Pulse	255	8070000	3354	NA
p023v1	608	Pulse	255	8100000	3023	NA
p023v1	608	Response	100	8106402	9426	1
p023v1	610	Pulse	255	8130000	13192	NA
p023v1	612	Response	100	8155983	8844	1
p023v1	613	Pulse	255	8160000	3862	NA
p023v1	615	Pulse	255	8190000	3364	NA
p023v1	616	Response	101	8204538	7737	1
p023v1	618	Pulse	255	8220000	5033	NA
p023v1	620	Response	101	8249080	3782	1
p023v1	621	Pulse	255	8250000	870	NA
p023v1	623	Pulse	255	8280000	372	NA
p023v1	624	Response	100	8296498	6704	1
p023v1	626	Pulse	255	8310000	3041	NA
p023v1	628	Pulse	255	8340000	2711	NA
p023v1	628	Response	100	8345275	7986	1
p023v1	630	Pulse	255	8370000	14212	NA
p023v1	632	Response	101	8391095	4976	1
p023v1	633	Pulse	255	8400000	8715	NA
p023v1	635	Pulse	255	8430000	8218	NA
p023v1	636	Response	101	8443687	11739	1
p023v1	638	Pulse	255	8460000	5887	NA
p023v1	640	Response	101	8489938	5495	1
p023v1	640	Pulse	255	8490000	5556	NA
p023v1	642	Pulse	255	8520000	19558	NA
p023v1	644	Response	100	8538990	8217	1
p023v1	646	Pulse	255	8550000	562	NA
p023v1	648	Pulse	255	8580000	231	NA
p023v1	648	Response	100	8587257	7488	1
p023v1	650	Pulse	255	8610000	12233	NA
p023v1	652	Response	101	8633287	5189	1
p023v1	653	Pulse	255	8640000	6569	NA
p023v1	655	Pulse	255	8670000	6072	NA
p023v1	656	Pulse	255	8700000	25906	NA
p023v1	656	Pulse	255	8730000	55906	NA
p023v1	656	Response	100	8731557	57463	1
p023v1	658	Pulse	255	8760000	17912	NA
p023v1	660	Pulse	255	8790000	17581	NA
p023v1	660	Pulse	255	8820000	47581	NA
p023v1	660	Response	100	8829183	56764	1
p023v1	662	Pulse	255	8850000	10420	NA
p023v1	664	Response	101	8877204	7294	1
p023v1	665	Pulse	255	8880000	2590	NA
p023v1	667	Pulse	255	8910000	2093	NA
p023v1	668	Response	100	8926784	8711	1
p023v1	670	Pulse	255	8940000	2762	NA
p023v1	672	Pulse	255	8970000	2431	NA
p023v1	672	Response	101	8982922	15353	1
p023v1	674	Pulse	255	9000000	6600	NA
p023v1	676	Pulse	255	9030000	6269	NA
p023v1	676	Response	100	9030129	6398	1
p023v1	678	Pulse	255	9060000	19437	NA
p023v1	680	Response	101	9082554	11660	1
p023v1	681	Pulse	255	9090000	7274	NA
p023v1	683	Pulse	255	9120000	6777	NA
p023v1	684	Response	100	9127736	4347	1
p023v1	686	Pulse	255	9150000	11779	NA
p023v1	688	Pulse	255	9180000	11448	NA
p023v1	688	Response	101	9181209	12657	1
p023v1	690	Pulse	255	9210000	18283	NA
p023v1	692	Response	100	9227230	5183	1
p023v1	694	Pulse	255	9240000	2287	NA
p023v1	696	Pulse	255	9270000	1957	NA
p023v1	696	Response	100	9281569	13526	1
p023v1	698	Pulse	255	9300000	7959	NA
p023v1	700	Pulse	255	9330000	7628	NA
p023v1	700	Response	100	9346511	24139	1
p023v1	702	Pulse	255	9360000	2964	NA
p023v1	704	Pulse	255	9390000	2633	NA
p023v1	704	Response	101	9395773	8407	1
p023v1	706	Pulse	255	9420000	13802	NA
p023v1	708	Response	100	9444975	8446	1
p023v1	709	Pulse	255	9450000	4972	NA
p023v1	711	Pulse	255	9480000	4474	NA
p023v1	712	Response	101	9489566	3874	1
p023v1	714	Pulse	255	9510000	9976	NA
p023v1	716	Pulse	255	9540000	9646	NA
p023v1	716	Response	101	9541240	10886	1
p023v1	718	Pulse	255	9570000	18314	NA
p023v1	720	Response	101	9590008	7991	1
p023v1	721	Pulse	255	9600000	9817	NA
p023v1	723	Pulse	255	9630000	9320	NA
p023v1	724	Picture	instruct_trial	9630846	0	1	40163	1	0	next	other	0
p023v1	724	Pulse	255	9660000	29154	NA
