Scenario - learning_JJ_english
Logfile written - 02/18/2022 09:55:33

Subject	Trial	Event Type	Code	Time	TTime	Uncertainty	Duration	Uncertainty	ReqTime	ReqDur	Stim Type	Pair Index

p024v2	0	Pulse	255	0	0	NA
p024v2	1	Picture	instruct_trial	10332	0	1	711939	1	0	next	other	0
p024v2	1	Pulse	255	30000	19668	NA
p024v2	1	Pulse	255	60000	49668	NA
p024v2	1	Pulse	255	90000	79668	NA
p024v2	1	Pulse	255	120000	109668	NA
p024v2	1	Pulse	255	150000	139668	NA
p024v2	1	Pulse	255	180000	169668	NA
p024v2	1	Pulse	255	210000	199668	NA
p024v2	1	Pulse	255	240000	229668	NA
p024v2	1	Pulse	255	270000	259668	NA
p024v2	1	Pulse	255	300000	289668	NA
p024v2	1	Pulse	255	330000	319668	NA
p024v2	1	Pulse	255	360000	349668	NA
p024v2	1	Pulse	255	390000	379668	NA
p024v2	1	Pulse	255	420000	409668	NA
p024v2	1	Pulse	255	450000	439668	NA
p024v2	1	Pulse	255	480000	469668	NA
p024v2	1	Pulse	255	510000	499668	NA
p024v2	1	Pulse	255	540000	529668	NA
p024v2	1	Pulse	255	570000	559668	NA
p024v2	1	Pulse	255	600000	589668	NA
p024v2	1	Pulse	255	630000	619668	NA
p024v2	1	Pulse	255	660000	649668	NA
p024v2	1	Pulse	255	690000	679668	NA
p024v2	1	Pulse	255	720000	709668	NA
p024v2	1	Response	101	722089	711757	1
p024v2	1	Pulse	255	750000	739668	NA
p024v2	2	Response	101	766490	16387	1
p024v2	4	Pulse	255	780000	3066	NA
p024v2	6	Pulse	255	810000	2736	NA
p024v2	6	Response	100	816329	9065	1
p024v2	8	Pulse	255	840000	13237	NA
p024v2	10	Response	100	869769	12675	1
p024v2	11	Pulse	255	870000	74	NA
p024v2	12	Pulse	255	900000	19575	NA
p024v2	14	Response	100	917609	6854	1
p024v2	16	Pulse	255	930000	1913	NA
p024v2	18	Pulse	255	960000	1582	NA
p024v2	18	Response	101	970090	11672	1
p024v2	20	Pulse	255	990000	9417	NA
p024v2	22	Response	101	1017369	6455	1
p024v2	23	Pulse	255	1020000	2587	NA
p024v2	25	Pulse	255	1050000	2090	NA
p024v2	26	Response	100	1065129	7053	1
p024v2	28	Pulse	255	1080000	4425	NA
p024v2	30	Pulse	255	1110000	4094	NA
p024v2	30	Response	100	1114410	8504	1
p024v2	32	Pulse	255	1140000	15096	NA
p024v2	34	Response	100	1159449	4215	1
p024v2	36	Pulse	255	1170000	100	NA
p024v2	37	Pulse	255	1200000	9935	NA
p024v2	38	Response	101	1207930	7699	1
p024v2	40	Pulse	255	1230000	11604	NA
p024v2	42	Response	101	1253770	5043	1
p024v2	43	Pulse	255	1260000	6107	NA
p024v2	45	Pulse	255	1290000	5610	NA
p024v2	46	Response	100	1299849	5293	1
p024v2	48	Pulse	255	1320000	9612	NA
p024v2	50	Response	101	1349609	8890	1
p024v2	51	Pulse	255	1350000	282	NA
p024v2	52	Pulse	255	1380000	19949	NA
p024v2	54	Response	101	1395769	5388	1
p024v2	56	Pulse	255	1410000	3787	NA
p024v2	58	Pulse	255	1440000	3456	NA
p024v2	58	Response	100	1443609	7065	1
p024v2	60	Pulse	255	1470000	15957	NA
p024v2	62	Response	100	1493931	9558	1
p024v2	63	Pulse	255	1500000	5961	NA
p024v2	65	Pulse	255	1530000	5463	NA
p024v2	66	Response	100	1540890	6187	1
p024v2	68	Pulse	255	1560000	8632	NA
p024v2	70	Response	101	1589530	7831	1
p024v2	71	Pulse	255	1590000	302	NA
p024v2	72	Pulse	255	1620000	19970	NA
p024v2	74	Response	101	1636250	5889	1
p024v2	76	Pulse	255	1650000	3307	NA
p024v2	78	Pulse	255	1680000	2976	NA
p024v2	78	Response	100	1682970	5947	1
p024v2	80	Pulse	255	1710000	16645	NA
p024v2	82	Response	101	1729210	5523	1
p024v2	84	Pulse	255	1740000	315	NA
p024v2	85	Pulse	255	1770000	10150	NA
p024v2	86	Response	100	1777210	7194	1
p024v2	88	Pulse	255	1800000	12319	NA
p024v2	90	Response	100	1822729	4718	1
p024v2	91	Pulse	255	1830000	7156	NA
p024v2	93	Pulse	255	1860000	6658	NA
p024v2	94	Response	100	1869370	5862	1
p024v2	96	Pulse	255	1890000	10160	NA
p024v2	98	Response	100	1916010	5839	1
p024v2	99	Pulse	255	1920000	3830	NA
p024v2	101	Pulse	255	1950000	3333	NA
p024v2	102	Response	100	1967130	10297	1
p024v2	104	Pulse	255	1980000	2335	NA
p024v2	106	Pulse	255	2010000	2005	NA
p024v2	106	Response	101	2012249	4254	1
p024v2	108	Pulse	255	2040000	17339	NA
p024v2	110	Response	100	2059210	6218	1
p024v2	112	Pulse	255	2070000	343	NA
p024v2	114	Pulse	255	2100000	13	NA
p024v2	114	Response	100	2103930	3943	1
p024v2	116	Pulse	255	2130000	15680	NA
p024v2	118	Response	101	2151210	6559	1
p024v2	119	Pulse	255	2160000	8684	NA
p024v2	121	Pulse	255	2190000	8186	NA
p024v2	122	Response	101	2197050	5070	1
p024v2	124	Pulse	255	2220000	12522	NA
p024v2	126	Response	100	2243930	6121	1
p024v2	127	Pulse	255	2250000	6025	NA
p024v2	129	Pulse	255	2280000	5527	NA
p024v2	130	Response	101	2291850	7211	1
p024v2	132	Pulse	255	2310000	7696	NA
p024v2	134	Pulse	255	2340000	7366	NA
p024v2	134	Response	100	2341370	8735	1
p024v2	136	Pulse	255	2370000	18201	NA
p024v2	138	Response	100	2388730	6600	1
p024v2	140	Pulse	255	2400000	871	NA
p024v2	142	Pulse	255	2430000	541	NA
p024v2	142	Response	101	2435370	5910	1
p024v2	144	Pulse	255	2460000	14209	NA
p024v2	146	Response	101	2480410	4288	1
p024v2	147	Pulse	255	2490000	9545	NA
p024v2	149	Pulse	255	2520000	9048	NA
p024v2	150	Response	100	2527450	6332	1
p024v2	152	Pulse	255	2550000	12050	NA
p024v2	154	Response	100	2571930	3649	1
p024v2	155	Pulse	255	2580000	7886	NA
p024v2	157	Pulse	255	2610000	7389	NA
p024v2	158	Response	100	2617850	5073	1
p024v2	160	Pulse	255	2640000	11724	NA
p024v2	162	Response	101	2668571	9964	1
p024v2	163	Pulse	255	2670000	1228	NA
p024v2	165	Pulse	255	2700000	730	NA
p024v2	166	Response	101	2714570	5134	1
p024v2	168	Pulse	255	2730000	4899	NA
p024v2	170	Pulse	255	2760000	4568	NA
p024v2	170	Response	100	2761130	5699	1
p024v2	172	Pulse	255	2790000	18403	NA
p024v2	174	Response	100	2807370	5443	1
p024v2	176	Pulse	255	2820000	2240	NA
p024v2	178	Pulse	255	2850000	1910	NA
p024v2	178	Response	100	2852970	4880	1
p024v2	180	Pulse	255	2880000	16578	NA
p024v2	182	Response	100	2897610	3857	1
p024v2	184	Pulse	255	2910000	1915	NA
p024v2	186	Pulse	255	2940000	1584	NA
p024v2	186	Response	101	2942650	4235	1
p024v2	188	Pulse	255	2970000	16919	NA
p024v2	190	Response	100	2988330	4918	1
p024v2	192	Pulse	255	3000000	1256	NA
p024v2	194	Pulse	255	3030000	925	NA
p024v2	194	Response	101	3035690	6615	1
p024v2	196	Pulse	255	3060000	13927	NA
p024v2	198	Response	100	3082970	6566	1
p024v2	199	Pulse	255	3090000	6930	NA
p024v2	201	Pulse	255	3120000	6432	NA
p024v2	202	Response	101	3128010	4277	1
p024v2	204	Pulse	255	3150000	11601	NA
p024v2	206	Response	100	3173210	4480	1
p024v2	207	Pulse	255	3180000	6604	NA
p024v2	209	Pulse	255	3210000	6107	NA
p024v2	210	Response	101	3217930	3871	1
p024v2	212	Pulse	255	3240000	11609	NA
p024v2	214	Response	101	3264890	6168	1
p024v2	215	Pulse	255	3270000	4945	NA
p024v2	217	Pulse	255	3300000	4448	NA
p024v2	218	Response	101	3309770	4052	1
p024v2	220	Pulse	255	3330000	9783	NA
p024v2	222	Response	100	3357290	6743	1
p024v2	223	Pulse	255	3360000	2620	NA
p024v2	225	Pulse	255	3390000	2122	NA
p024v2	226	Response	101	3404170	6127	1
p024v2	228	Pulse	255	3420000	5291	NA
p024v2	230	Response	101	3449610	4571	1
p024v2	231	Pulse	255	3450000	294	NA
p024v2	232	Pulse	255	3480000	19962	NA
p024v2	234	Response	101	3494171	3802	1
p024v2	236	Pulse	255	3510000	5299	NA
p024v2	238	Pulse	255	3540000	4968	NA
p024v2	238	Response	100	3540731	5699	1
p024v2	240	Pulse	255	3570000	18803	NA
p024v2	242	Picture	instruct_trial	3581528	0	1	22331	1	0	next	other	0
p024v2	242	Pulse	255	3600000	18472	NA
p024v2	242	Response	101	3603770	22242	1
p024v2	243	Pulse	255	3630000	25974	NA
p024v2	243	Response	100	3646330	42304	1
p024v2	245	Pulse	255	3660000	3145	NA
p024v2	247	Pulse	255	3690000	2815	NA
p024v2	247	Response	101	3699211	12025	1
p024v2	249	Pulse	255	3720000	10317	NA
p024v2	251	Pulse	255	3750000	9986	NA
p024v2	251	Response	101	3758011	17997	1
p024v2	253	Pulse	255	3780000	11488	NA
p024v2	255	Response	100	3809450	10608	1
p024v2	256	Pulse	255	3810000	492	NA
p024v2	257	Pulse	255	3840000	20159	NA
p024v2	259	Response	100	3866570	16399	1
p024v2	260	Pulse	255	3870000	3330	NA
p024v2	262	Pulse	255	3900000	2833	NA
p024v2	263	Response	101	3922410	15077	1
p024v2	264	Pulse	255	3930000	7501	NA
p024v2	266	Pulse	255	3960000	7004	NA
p024v2	267	Response	100	3977930	14768	1
p024v2	269	Pulse	255	3990000	1674	NA
p024v2	271	Pulse	255	4020000	1343	NA
p024v2	271	Response	100	4031531	12874	1
p024v2	273	Pulse	255	4050000	8012	NA
p024v2	275	Response	100	4079851	7532	1
p024v2	276	Pulse	255	4080000	15	NA
p024v2	277	Pulse	255	4110000	19682	NA
p024v2	279	Response	100	4125690	5042	1
p024v2	281	Pulse	255	4140000	3853	NA
p024v2	283	Pulse	255	4170000	3522	NA
p024v2	283	Response	101	4174331	7853	1
p024v2	285	Pulse	255	4200000	15190	NA
p024v2	287	Response	100	4221851	6710	1
p024v2	288	Pulse	255	4230000	8027	NA
p024v2	290	Pulse	255	4260000	7529	NA
p024v2	291	Response	101	4270651	8014	1
p024v2	293	Pulse	255	4290000	8865	NA
p024v2	295	Response	100	4318970	7505	1
p024v2	296	Pulse	255	4320000	868	NA
p024v2	298	Pulse	255	4350000	371	NA
p024v2	299	Response	100	4370171	10376	1
p024v2	300	Pulse	255	4380000	9706	NA
p024v2	302	Pulse	255	4410000	9209	NA
p024v2	303	Response	100	4418251	7294	1
p024v2	305	Pulse	255	4440000	11211	NA
p024v2	307	Response	100	4465610	6491	1
p024v2	308	Pulse	255	4470000	4214	NA
p024v2	310	Pulse	255	4500000	3717	NA
p024v2	311	Response	101	4517771	11322	1
p024v2	313	Pulse	255	4530000	1720	NA
p024v2	315	Pulse	255	4560000	1389	NA
p024v2	315	Response	101	4566251	7640	1
p024v2	317	Pulse	255	4590000	13224	NA
p024v2	319	Response	101	4613691	6584	1
p024v2	320	Pulse	255	4620000	6227	NA
p024v2	322	Pulse	255	4650000	5730	NA
p024v2	323	Response	101	4661371	6934	1
p024v2	325	Pulse	255	4680000	8232	NA
p024v2	327	Pulse	255	4710000	7901	NA
p024v2	327	Response	100	4711771	9672	1
p024v2	329	Pulse	255	4740000	17736	NA
p024v2	331	Response	100	4759371	6777	1
p024v2	333	Pulse	255	4770000	240	NA
p024v2	334	Pulse	255	4800000	10075	NA
p024v2	335	Response	100	4805692	5602	1
p024v2	337	Pulse	255	4830000	13911	NA
p024v2	339	Response	100	4852651	6231	1
p024v2	340	Pulse	255	4860000	7247	NA
p024v2	342	Pulse	255	4890000	6750	NA
p024v2	343	Response	101	4901771	8355	1
p024v2	345	Pulse	255	4920000	7752	NA
p024v2	347	Response	101	4947771	5193	1
p024v2	348	Pulse	255	4950000	2089	NA
p024v2	350	Pulse	255	4980000	1591	NA
p024v2	351	Response	100	4995531	6956	1
p024v2	353	Pulse	255	5010000	3927	NA
p024v2	355	Pulse	255	5040000	3596	NA
p024v2	355	Response	100	5042571	6167	1
p024v2	357	Pulse	255	5070000	16931	NA
p024v2	359	Response	101	5090091	6691	1
p024v2	360	Pulse	255	5100000	9768	NA
p024v2	362	Pulse	255	5130000	9270	NA
p024v2	363	Response	101	5136731	5835	1
p024v2	365	Pulse	255	5160000	12772	NA
p024v2	367	Response	101	5183131	5573	1
p024v2	368	Pulse	255	5190000	6776	NA
p024v2	370	Pulse	255	5220000	6278	NA
p024v2	371	Response	101	5232331	8443	1
p024v2	373	Pulse	255	5250000	7281	NA
p024v2	375	Pulse	255	5280000	6950	NA
p024v2	375	Response	100	5280011	6961	1
p024v2	377	Pulse	255	5310000	19451	NA
p024v2	379	Response	100	5327851	6972	1
p024v2	381	Pulse	255	5340000	1622	NA
p024v2	383	Pulse	255	5370000	1291	NA
p024v2	383	Response	101	5375051	6343	1
p024v2	385	Pulse	255	5400000	14459	NA
p024v2	387	Response	101	5420891	5020	1
p024v2	388	Pulse	255	5430000	8962	NA
p024v2	390	Pulse	255	5460000	8465	NA
p024v2	391	Response	100	5467132	5431	1
p024v2	393	Pulse	255	5490000	12467	NA
p024v2	395	Response	100	5513211	5348	1
p024v2	396	Pulse	255	5520000	6637	NA
p024v2	398	Pulse	255	5550000	6140	NA
p024v2	399	Response	100	5561131	7105	1
p024v2	401	Pulse	255	5580000	8475	NA
p024v2	403	Response	101	5608571	6716	1
p024v2	404	Pulse	255	5610000	1312	NA
p024v2	406	Pulse	255	5640000	814	NA
p024v2	407	Response	101	5655291	5940	1
p024v2	409	Pulse	255	5670000	4317	NA
p024v2	411	Pulse	255	5700000	3986	NA
p024v2	411	Response	100	5700571	4557	1
p024v2	413	Pulse	255	5730000	18987	NA
p024v2	415	Response	100	5750252	8908	1
p024v2	416	Pulse	255	5760000	9657	NA
p024v2	418	Pulse	255	5790000	9160	NA
p024v2	419	Response	100	5796572	5566	1
p024v2	421	Pulse	255	5820000	12995	NA
p024v2	423	Response	100	5843451	6116	1
p024v2	424	Pulse	255	5850000	6499	NA
p024v2	426	Pulse	255	5880000	6001	NA
p024v2	427	Response	101	5890091	5927	1
p024v2	429	Pulse	255	5910000	9503	NA
p024v2	431	Response	100	5935931	5104	1
p024v2	432	Pulse	255	5940000	4006	NA
p024v2	434	Pulse	255	5970000	3509	NA
p024v2	435	Response	101	5982572	5915	1
p024v2	437	Pulse	255	6000000	7011	NA
p024v2	439	Pulse	255	6030000	6681	NA
p024v2	439	Response	100	6030412	7092	1
p024v2	441	Pulse	255	6060000	19182	NA
p024v2	443	Response	101	6076652	5503	1
p024v2	445	Pulse	255	6090000	2853	NA
p024v2	447	Pulse	255	6120000	2522	NA
p024v2	447	Response	100	6122891	5413	1
p024v2	449	Pulse	255	6150000	16690	NA
p024v2	451	Response	101	6172012	8371	1
p024v2	452	Pulse	255	6180000	7860	NA
p024v2	454	Pulse	255	6210000	7362	NA
p024v2	455	Response	101	6220091	7288	1
p024v2	457	Pulse	255	6240000	9532	NA
p024v2	459	Response	101	6266092	5292	1
p024v2	460	Pulse	255	6270000	3701	NA
p024v2	462	Pulse	255	6300000	3204	NA
p024v2	463	Response	100	6312972	6010	1
p024v2	465	Pulse	255	6330000	6539	NA
p024v2	467	Pulse	255	6360000	6209	NA
p024v2	467	Response	101	6360172	6380	1
p024v2	469	Pulse	255	6390000	19377	NA
p024v2	471	Response	101	6406011	5057	1
p024v2	473	Pulse	255	6420000	3547	NA
p024v2	475	Pulse	255	6450000	3217	NA
p024v2	475	Response	100	6452011	5228	1
p024v2	477	Pulse	255	6480000	17551	NA
p024v2	479	Response	100	6498971	6192	1
p024v2	481	Pulse	255	6510000	555	NA
p024v2	483	Picture	instruct_trial	6539775	0	1	12832	1	0	next	other	0
p024v2	483	Pulse	255	6540000	225	NA
p024v2	483	Response	101	6552412	12636	1
p024v2	484	Pulse	255	6570000	17226	NA
p024v2	484	Response	101	6595292	42517	1
p024v2	485	Pulse	255	6600000	4563	NA
p024v2	487	Pulse	255	6630000	4065	NA
p024v2	488	Response	100	6648652	12551	1
p024v2	490	Pulse	255	6660000	901	NA
p024v2	492	Pulse	255	6690000	571	NA
p024v2	492	Response	101	6701212	11783	1
p024v2	494	Pulse	255	6720000	8406	NA
p024v2	496	Response	101	6748811	6886	1
p024v2	497	Pulse	255	6750000	1076	NA
p024v2	499	Pulse	255	6780000	578	NA
p024v2	500	Response	100	6798652	9064	1
p024v2	502	Pulse	255	6810000	914	NA
p024v2	504	Pulse	255	6840000	583	NA
p024v2	504	Response	101	6847612	8196	1
p024v2	506	Pulse	255	6870000	11918	NA
p024v2	508	Response	100	6895132	6719	1
p024v2	509	Pulse	255	6900000	4755	NA
p024v2	511	Pulse	255	6930000	4257	NA
p024v2	512	Response	101	6943292	7383	1
p024v2	514	Pulse	255	6960000	6260	NA
p024v2	516	Response	100	6989612	5541	1
p024v2	517	Pulse	255	6990000	263	NA
p024v2	518	Pulse	255	7020000	19931	NA
p024v2	520	Response	101	7034652	4252	1
p024v2	522	Pulse	255	7050000	4934	NA
p024v2	524	Pulse	255	7080000	4604	NA
p024v2	524	Response	101	7081771	6375	1
p024v2	526	Pulse	255	7110000	17772	NA
p024v2	528	Response	101	7128732	6173	1
p024v2	529	Response	100	7134812	5920	1
p024v2	530	Pulse	255	7140000	776	NA
p024v2	532	Pulse	255	7170000	445	NA
p024v2	532	Response	101	7182972	13417	1
p024v2	534	Pulse	255	7200000	6614	NA
p024v2	536	Response	101	7228732	5015	1
p024v2	537	Pulse	255	7230000	1117	NA
p024v2	539	Pulse	255	7260000	619	NA
p024v2	540	Response	100	7275052	5505	1
p024v2	542	Pulse	255	7290000	4455	NA
p024v2	544	Pulse	255	7320000	4124	NA
p024v2	544	Response	100	7332332	16456	1
p024v2	546	Pulse	255	7350000	7126	NA
p024v2	548	Response	100	7379132	5928	1
p024v2	549	Pulse	255	7380000	796	NA
p024v2	551	Pulse	255	7410000	299	NA
p024v2	552	Response	101	7429693	9826	1
p024v2	553	Pulse	255	7440000	10134	NA
p024v2	555	Pulse	255	7470000	9636	NA
p024v2	556	Response	101	7476492	5963	1
p024v2	558	Pulse	255	7500000	12972	NA
p024v2	560	Response	101	7524412	7053	1
p024v2	561	Pulse	255	7530000	5475	NA
p024v2	563	Pulse	255	7560000	4978	NA
p024v2	564	Response	101	7570092	4904	1
p024v2	566	Pulse	255	7590000	9480	NA
p024v2	568	Response	100	7618412	7561	1
p024v2	569	Pulse	255	7620000	1483	NA
p024v2	571	Pulse	255	7650000	986	NA
p024v2	572	Response	100	7664331	5151	1
p024v2	574	Pulse	255	7680000	5155	NA
p024v2	576	Pulse	255	7710000	4824	NA
p024v2	576	Response	100	7710412	5236	1
p024v2	578	Pulse	255	7740000	19159	NA
p024v2	580	Response	100	7759212	8040	1
p024v2	582	Pulse	255	7770000	329	NA
p024v2	583	Pulse	255	7800000	10165	NA
p024v2	584	Response	100	7814012	14011	1
p024v2	586	Pulse	255	7830000	5501	NA
p024v2	588	Pulse	255	7860000	5170	NA
p024v2	588	Response	101	7861212	6382	1
p024v2	590	Pulse	255	7890000	18338	NA
p024v2	592	Response	100	7912252	10260	1
p024v2	593	Pulse	255	7920000	7675	NA
p024v2	595	Pulse	255	7950000	7178	NA
p024v2	596	Response	100	7960413	7424	1
p024v2	598	Pulse	255	7980000	9180	NA
p024v2	600	Pulse	255	8010000	8849	NA
p024v2	600	Response	101	8013293	12142	1
p024v2	602	Pulse	255	8040000	16184	NA
p024v2	604	Response	101	8058493	4346	1
p024v2	606	Pulse	255	8070000	1022	NA
p024v2	608	Pulse	255	8100000	691	NA
p024v2	608	Response	101	8104572	5263	1
p024v2	610	Pulse	255	8130000	15026	NA
p024v2	612	Response	101	8153772	8467	1
p024v2	613	Pulse	255	8160000	6029	NA
p024v2	615	Pulse	255	8190000	5532	NA
p024v2	616	Response	100	8203292	8658	1
p024v2	618	Pulse	255	8220000	6201	NA
p024v2	620	Response	100	8249053	4922	1
p024v2	621	Pulse	255	8250000	870	NA
p024v2	623	Pulse	255	8280000	373	NA
p024v2	624	Response	101	8303134	13341	1
p024v2	625	Pulse	255	8310000	6708	NA
p024v2	627	Pulse	255	8340000	6211	NA
p024v2	628	Response	101	8350413	6458	1
p024v2	630	Pulse	255	8370000	9047	NA
p024v2	632	Response	100	8398493	7208	1
p024v2	633	Pulse	255	8400000	1383	NA
p024v2	635	Pulse	255	8430000	886	NA
p024v2	636	Response	100	8445373	6093	1
p024v2	638	Pulse	255	8460000	4221	NA
p024v2	640	Pulse	255	8490000	3891	NA
p024v2	640	Response	100	8492173	6063	1
p024v2	642	Pulse	255	8520000	17392	NA
p024v2	644	Response	101	8540253	7314	1
p024v2	645	Pulse	255	8550000	9562	NA
p024v2	647	Pulse	255	8580000	9064	NA
p024v2	648	Response	101	8588013	6911	1
p024v2	650	Pulse	255	8610000	11567	NA
p024v2	652	Response	100	8634733	5969	1
p024v2	653	Pulse	255	8640000	5070	NA
p024v2	655	Pulse	255	8670000	4573	NA
p024v2	656	Response	100	8680973	5380	1
p024v2	658	Pulse	255	8700000	8575	NA
p024v2	660	Response	100	8726893	5137	1
p024v2	661	Pulse	255	8730000	2911	NA
p024v2	663	Pulse	255	8760000	2414	NA
p024v2	664	Response	100	8773853	6101	1
p024v2	666	Pulse	255	8790000	5749	NA
p024v2	668	Pulse	255	8820000	5419	NA
p024v2	668	Response	101	8821373	6791	1
p024v2	670	Pulse	255	8850000	18087	NA
p024v2	672	Response	100	8867773	5529	1
p024v2	674	Pulse	255	8880000	1757	NA
p024v2	676	Pulse	255	8910000	1427	NA
p024v2	676	Response	101	8914653	6079	1
p024v2	678	Pulse	255	8940000	14928	NA
p024v2	680	Response	100	8961293	5890	1
p024v2	681	Pulse	255	8970000	8598	NA
p024v2	683	Pulse	255	9000000	8100	NA
p024v2	684	Response	101	9006013	3948	1
p024v2	686	Pulse	255	9030000	13602	NA
p024v2	688	Response	100	9051693	4965	1
p024v2	689	Pulse	255	9060000	8106	NA
p024v2	691	Pulse	255	9090000	7608	NA
p024v2	692	Response	101	9098973	6415	1
p024v2	694	Pulse	255	9120000	10610	NA
p024v2	696	Response	101	9145613	5893	1
p024v2	697	Pulse	255	9150000	4280	NA
p024v2	699	Pulse	255	9180000	3783	NA
p024v2	700	Response	101	9191853	5470	1
p024v2	702	Pulse	255	9210000	7618	NA
p024v2	704	Response	100	9239214	6502	1
p024v2	705	Pulse	255	9240000	622	NA
p024v2	707	Pulse	255	9270000	124	NA
p024v2	708	Response	101	9285213	5171	1
p024v2	710	Pulse	255	9300000	4293	NA
p024v2	712	Pulse	255	9330000	3962	NA
p024v2	712	Response	101	9331213	5175	1
p024v2	714	Pulse	255	9360000	18297	NA
p024v2	716	Response	100	9377773	5739	1
p024v2	718	Pulse	255	9390000	1801	NA
p024v2	720	Pulse	255	9420000	1470	NA
p024v2	720	Response	100	9423773	5243	1
p024v2	722	Pulse	255	9450000	15805	NA
p024v2	724	Picture	instruct_trial	9464526	0	1	40163	1	0	next	other	0
p024v2	724	Pulse	255	9480000	15474	NA
