Scenario - learning_JJ_english
Logfile written - 02/22/2022 12:31:14

Subject	Trial	Event Type	Code	Time	TTime	Uncertainty	Duration	Uncertainty	ReqTime	ReqDur	Stim Type	Pair Index

p025v2	0	Pulse	255	0	0	NA
p025v2	1	Picture	instruct_trial	10333	0	1	102491	1	0	next	other	0
p025v2	1	Pulse	255	30000	19667	NA
p025v2	1	Pulse	255	60000	49667	NA
p025v2	1	Pulse	255	90000	79667	NA
p025v2	1	Response	101	112656	102323	1
p025v2	1	Pulse	255	120000	109667	NA
p025v2	2	Response	101	132505	12348	1
p025v2	4	Pulse	255	150000	7012	NA
p025v2	6	Pulse	255	180000	6681	NA
p025v2	6	Response	101	186470	13151	1
p025v2	8	Pulse	255	210000	13017	NA
p025v2	10	Pulse	255	240000	12686	NA
p025v2	10	Response	100	248204	20889	1
p025v2	12	Pulse	255	270000	11355	NA
p025v2	14	Response	100	295909	6933	1
p025v2	15	Pulse	255	300000	4025	NA
p025v2	17	Pulse	255	330000	3528	NA
p025v2	18	Response	100	345093	8455	1
p025v2	20	Pulse	255	360000	4530	NA
p025v2	22	Pulse	255	390000	4200	NA
p025v2	22	Response	101	395121	9321	1
p025v2	23	Response	100	399655	4355	1
p025v2	24	Pulse	255	420000	14368	NA
p025v2	26	Response	101	445614	9652	1
p025v2	27	Pulse	255	450000	4205	NA
p025v2	29	Pulse	255	480000	3707	NA
p025v2	30	Response	101	491857	5398	1
p025v2	32	Pulse	255	510000	7710	NA
p025v2	34	Pulse	255	540000	7379	NA
p025v2	34	Response	101	542901	10280	1
p025v2	36	Pulse	255	570000	16714	NA
p025v2	38	Response	100	590016	6399	1
p025v2	39	Pulse	255	600000	9884	NA
p025v2	41	Pulse	255	630000	9386	NA
p025v2	42	Response	100	642915	12136	1
p025v2	44	Pulse	255	660000	6556	NA
p025v2	46	Response	101	689873	6098	1
p025v2	47	Pulse	255	690000	59	NA
p025v2	48	Pulse	255	720000	19727	NA
p025v2	50	Response	100	737998	7394	1
p025v2	52	Pulse	255	750000	1564	NA
p025v2	54	Pulse	255	780000	1233	NA
p025v2	54	Response	100	787610	8843	1
p025v2	56	Pulse	255	810000	11902	NA
p025v2	58	Response	101	834747	6318	1
p025v2	59	Pulse	255	840000	5072	NA
p025v2	61	Pulse	255	870000	4574	NA
p025v2	62	Response	101	881988	6397	1
p025v2	64	Pulse	255	900000	7577	NA
p025v2	66	Pulse	255	930000	7246	NA
p025v2	66	Response	101	933236	10482	1
p025v2	68	Pulse	255	960000	16248	NA
p025v2	70	Response	100	978596	4513	1
p025v2	72	Pulse	255	990000	918	NA
p025v2	74	Pulse	255	1020000	587	NA
p025v2	74	Response	100	1029011	9598	1
p025v2	76	Pulse	255	1050000	10589	NA
p025v2	78	Response	100	1074299	4558	1
p025v2	79	Pulse	255	1080000	5592	NA
p025v2	81	Pulse	255	1110000	5095	NA
p025v2	82	Response	100	1129197	14126	1
p025v2	84	Pulse	255	1140000	265	NA
p025v2	85	Pulse	255	1170000	10100	NA
p025v2	86	Response	101	1175639	5573	1
p025v2	88	Pulse	255	1200000	13935	NA
p025v2	90	Response	101	1228783	12387	1
p025v2	91	Pulse	255	1230000	1106	NA
p025v2	91	Response	100	1232068	3174	1
p025v2	93	Pulse	255	1260000	608	NA
p025v2	94	Response	100	1281605	12048	1
p025v2	95	Pulse	255	1290000	8277	NA
p025v2	97	Pulse	255	1320000	7779	NA
p025v2	98	Response	101	1327221	4834	1
p025v2	100	Pulse	255	1350000	12282	NA
p025v2	102	Response	100	1372978	4929	1
p025v2	103	Pulse	255	1380000	6951	NA
p025v2	105	Pulse	255	1410000	6454	NA
p025v2	106	Response	101	1425779	12067	1
p025v2	108	Pulse	255	1440000	3790	NA
p025v2	108	Response	100	1445955	9746	1
p025v2	110	Pulse	255	1470000	3459	NA
p025v2	110	Response	101	1471395	4855	1
p025v2	112	Pulse	255	1500000	18127	NA
p025v2	114	Response	101	1528463	16260	1
p025v2	115	Pulse	255	1530000	1465	NA
p025v2	117	Pulse	255	1560000	967	NA
p025v2	118	Response	100	1579642	10444	1
p025v2	119	Pulse	255	1590000	10302	NA
p025v2	121	Pulse	255	1620000	9805	NA
p025v2	122	Response	100	1640291	19931	1
p025v2	123	Pulse	255	1650000	9641	NA
p025v2	125	Pulse	255	1680000	9144	NA
p025v2	126	Response	100	1687462	6440	1
p025v2	128	Pulse	255	1710000	12146	NA
p025v2	130	Response	100	1732496	4311	1
p025v2	131	Pulse	255	1740000	7316	NA
p025v2	133	Pulse	255	1770000	6818	NA
p025v2	134	Response	101	1779616	6268	1
p025v2	136	Pulse	255	1800000	9987	NA
p025v2	138	Pulse	255	1830000	9657	NA
p025v2	138	Response	101	1830968	10625	1
p025v2	140	Pulse	255	1860000	18492	NA
p025v2	142	Response	100	1878475	6636	1
p025v2	144	Pulse	255	1890000	996	NA
p025v2	146	Pulse	255	1920000	665	NA
p025v2	146	Response	100	1937911	18576	1
p025v2	148	Pulse	255	1950000	1668	NA
p025v2	150	Pulse	255	1980000	1337	NA
p025v2	150	Response	101	1984402	5739	1
p025v2	152	Pulse	255	2010000	15172	NA
p025v2	154	Pulse	255	2040000	14841	NA
p025v2	154	Response	101	2043402	18243	1
p025v2	156	Pulse	255	2070000	16177	NA
p025v2	158	Response	101	2088792	4638	1
p025v2	160	Pulse	255	2100000	681	NA
p025v2	162	Pulse	255	2130000	350	NA
p025v2	162	Response	100	2134583	4933	1
p025v2	164	Pulse	255	2160000	15018	NA
p025v2	166	Pulse	255	2190000	14687	NA
p025v2	166	Response	100	2197983	22670	1
p025v2	168	Pulse	255	2220000	11523	NA
p025v2	170	Response	101	2245307	6499	1
p025v2	171	Pulse	255	2250000	4527	NA
p025v2	173	Pulse	255	2280000	4029	NA
p025v2	174	Response	100	2298210	12073	1
p025v2	176	Pulse	255	2310000	1365	NA
p025v2	178	Pulse	255	2340000	1035	NA
p025v2	178	Response	100	2348749	9783	1
p025v2	180	Pulse	255	2370000	10870	NA
p025v2	182	Response	101	2394386	4925	1
p025v2	183	Pulse	255	2400000	5539	NA
p025v2	185	Pulse	255	2430000	5042	NA
p025v2	186	Response	100	2448004	12880	1
p025v2	188	Pulse	255	2460000	1545	NA
p025v2	190	Pulse	255	2490000	1214	NA
p025v2	190	Response	100	2511385	22599	1
p025v2	191	Pulse	255	2520000	8550	NA
p025v2	193	Pulse	255	2550000	8052	NA
p025v2	194	Response	100	2557532	5419	1
p025v2	196	Pulse	255	2580000	12054	NA
p025v2	198	Response	101	2604806	6530	1
p025v2	199	Pulse	255	2610000	5058	NA
p025v2	201	Pulse	255	2640000	4560	NA
p025v2	202	Response	101	2657794	12188	1
p025v2	204	Pulse	255	2670000	1730	NA
p025v2	206	Pulse	255	2700000	1399	NA
p025v2	206	Response	101	2721790	23189	1
p025v2	207	Pulse	255	2730000	8068	NA
p025v2	209	Pulse	255	2760000	7570	NA
p025v2	210	Response	100	2767444	4848	1
p025v2	212	Pulse	255	2790000	12073	NA
p025v2	214	Response	100	2814107	5848	1
p025v2	215	Pulse	255	2820000	5742	NA
p025v2	217	Pulse	255	2850000	5245	NA
p025v2	218	Response	100	2875904	20983	1
p025v2	219	Pulse	255	2880000	3914	NA
p025v2	221	Pulse	255	2910000	3417	NA
p025v2	222	Response	101	2923172	6423	1
p025v2	224	Pulse	255	2940000	6419	NA
p025v2	226	Pulse	255	2970000	6089	NA
p025v2	226	Response	100	2971129	7217	1
p025v2	228	Pulse	255	3000000	18423	NA
p025v2	230	Response	100	3020986	9079	1
p025v2	231	Pulse	255	3030000	8927	NA
p025v2	233	Pulse	255	3060000	8429	NA
p025v2	234	Response	101	3080322	18586	1
p025v2	235	Pulse	255	3090000	9599	NA
p025v2	237	Pulse	255	3120000	9101	NA
p025v2	238	Response	101	3128278	7213	1
p025v2	240	Pulse	255	3150000	11270	NA
p025v2	242	Picture	instruct_trial	3169060	0	1	39497	1	0	next	other	0
p025v2	242	Pulse	255	3180000	10940	NA
p025v2	242	Response	101	3208427	39367	1
p025v2	243	Pulse	255	3210000	1276	NA
p025v2	243	Response	101	3222896	14172	1
p025v2	245	Pulse	255	3240000	6612	NA
p025v2	247	Pulse	255	3270000	6114	NA
p025v2	247	Response	100	3279654	15769	1
p025v2	249	Pulse	255	3300000	9950	NA
p025v2	251	Pulse	255	3330000	9619	NA
p025v2	251	Response	100	3338516	18136	1
p025v2	253	Pulse	255	3360000	10955	NA
p025v2	255	Response	101	3385750	6375	1
p025v2	256	Pulse	255	3390000	4125	NA
p025v2	258	Pulse	255	3420000	3628	NA
p025v2	259	Response	100	3444161	17623	1
p025v2	260	Pulse	255	3450000	5630	NA
p025v2	262	Pulse	255	3480000	5133	NA
p025v2	263	Response	100	3498839	13806	1
p025v2	265	Pulse	255	3510000	636	NA
p025v2	267	Pulse	255	3540000	305	NA
p025v2	267	Response	101	3550028	10333	1
p025v2	269	Pulse	255	3570000	9473	NA
p025v2	271	Pulse	255	3600000	9143	NA
p025v2	271	Response	100	3610819	19962	1
p025v2	273	Pulse	255	3630000	8645	NA
p025v2	275	Pulse	255	3660000	8315	NA
p025v2	275	Response	101	3662781	11096	1
p025v2	277	Pulse	255	3690000	16816	NA
p025v2	279	Pulse	255	3720000	16486	NA
p025v2	279	Response	101	3722215	18701	1
p025v2	281	Pulse	255	3750000	17322	NA
p025v2	283	Response	100	3770803	7794	1
p025v2	284	Pulse	255	3780000	8992	NA
p025v2	286	Pulse	255	3810000	8494	NA
p025v2	287	Response	100	3820610	8938	1
p025v2	289	Pulse	255	3840000	8997	NA
p025v2	291	Pulse	255	3870000	8666	NA
p025v2	291	Response	101	3870331	8997	1
p025v2	293	Pulse	255	3900000	19168	NA
p025v2	295	Response	100	3920286	9123	1
p025v2	296	Pulse	255	3930000	9504	NA
p025v2	298	Pulse	255	3960000	9007	NA
p025v2	299	Response	101	3974371	13212	1
p025v2	301	Pulse	255	3990000	5177	NA
p025v2	303	Pulse	255	4020000	4846	NA
p025v2	303	Response	100	4027439	12285	1
p025v2	305	Pulse	255	4050000	12181	NA
p025v2	307	Response	101	4074519	6370	1
p025v2	308	Pulse	255	4080000	5351	NA
p025v2	310	Pulse	255	4110000	4854	NA
p025v2	311	Response	101	4123596	8284	1
p025v2	313	Pulse	255	4140000	6023	NA
p025v2	315	Pulse	255	4170000	5692	NA
p025v2	315	Response	100	4170547	6239	1
p025v2	317	Pulse	255	4200000	19027	NA
p025v2	319	Response	101	4218947	7643	1
p025v2	321	Pulse	255	4230000	531	NA
p025v2	323	Pulse	255	4260000	200	NA
p025v2	323	Response	100	4272601	12801	1
p025v2	325	Pulse	255	4290000	6869	NA
p025v2	327	Pulse	255	4320000	6538	NA
p025v2	327	Response	101	4326161	12699	1
p025v2	329	Pulse	255	4350000	13374	NA
p025v2	331	Response	101	4374739	7782	1
p025v2	332	Pulse	255	4380000	5210	NA
p025v2	334	Pulse	255	4410000	4713	NA
p025v2	335	Response	101	4422373	6921	1
p025v2	337	Pulse	255	4440000	7215	NA
p025v2	339	Response	100	4469328	6212	1
p025v2	340	Pulse	255	4470000	552	NA
p025v2	342	Pulse	255	4500000	54	NA
p025v2	343	Response	101	4516180	6069	1
p025v2	345	Pulse	255	4530000	3390	NA
p025v2	347	Pulse	255	4560000	3059	NA
p025v2	347	Response	100	4562796	5855	1
p025v2	349	Pulse	255	4590000	16727	NA
p025v2	351	Response	100	4612311	8708	1
p025v2	352	Pulse	255	4620000	7564	NA
p025v2	354	Pulse	255	4650000	7067	NA
p025v2	355	Response	101	4659301	6202	1
p025v2	357	Pulse	255	4680000	10236	NA
p025v2	359	Pulse	255	4710000	9905	NA
p025v2	359	Response	100	4717482	17387	1
p025v2	361	Pulse	255	4740000	12074	NA
p025v2	363	Pulse	255	4770000	11743	NA
p025v2	363	Response	100	4776115	17858	1
p025v2	365	Pulse	255	4800000	13412	NA
p025v2	367	Response	100	4829312	12393	1
p025v2	368	Pulse	255	4830000	583	NA
p025v2	370	Pulse	255	4860000	85	NA
p025v2	371	Response	100	4877787	7707	1
p025v2	373	Pulse	255	4890000	1755	NA
p025v2	375	Pulse	255	4920000	1424	NA
p025v2	375	Response	100	4926214	7638	1
p025v2	377	Pulse	255	4950000	13259	NA
p025v2	379	Response	101	4972410	5338	1
p025v2	380	Pulse	255	4980000	7428	NA
p025v2	382	Pulse	255	5010000	6931	NA
p025v2	383	Response	101	5019477	6242	1
p025v2	385	Pulse	255	5040000	10100	NA
p025v2	387	Response	100	5067307	7077	1
p025v2	388	Pulse	255	5070000	2603	NA
p025v2	390	Pulse	255	5100000	2106	NA
p025v2	391	Response	100	5118206	10146	1
p025v2	393	Pulse	255	5130000	1275	NA
p025v2	395	Pulse	255	5160000	945	NA
p025v2	395	Response	100	5169951	10896	1
p025v2	397	Pulse	255	5190000	9613	NA
p025v2	399	Response	100	5219450	8733	1
p025v2	400	Pulse	255	5220000	450	NA
p025v2	401	Pulse	255	5250000	20117	NA
p025v2	403	Response	101	5265318	5104	1
p025v2	405	Pulse	255	5280000	4288	NA
p025v2	407	Response	100	5309799	3756	1
p025v2	408	Pulse	255	5310000	124	NA
p025v2	409	Pulse	255	5340000	19792	NA
p025v2	411	Response	100	5357218	6680	1
p025v2	413	Pulse	255	5370000	2296	NA
p025v2	415	Pulse	255	5400000	1965	NA
p025v2	415	Response	101	5408036	10001	1
p025v2	417	Pulse	255	5430000	11467	NA
p025v2	419	Response	101	5452632	3768	1
p025v2	420	Pulse	255	5460000	7303	NA
p025v2	422	Pulse	255	5490000	6806	NA
p025v2	423	Response	100	5503905	10545	1
p025v2	425	Pulse	255	5520000	5642	NA
p025v2	427	Pulse	255	5550000	5311	NA
p025v2	427	Response	100	5551388	6699	1
p025v2	429	Pulse	255	5580000	18146	NA
p025v2	431	Response	101	5598941	6756	1
p025v2	433	Pulse	255	5610000	650	NA
p025v2	435	Pulse	255	5640000	319	NA
p025v2	435	Response	100	5646448	6768	1
p025v2	437	Pulse	255	5670000	13154	NA
p025v2	439	Response	101	5692856	5679	1
p025v2	440	Pulse	255	5700000	6991	NA
p025v2	442	Pulse	255	5730000	6493	NA
p025v2	443	Response	101	5742661	8989	1
p025v2	445	Pulse	255	5760000	6829	NA
p025v2	447	Response	100	5789135	5633	1
p025v2	448	Pulse	255	5790000	666	NA
p025v2	450	Pulse	255	5820000	168	NA
p025v2	451	Response	101	5836133	6135	1
p025v2	453	Pulse	255	5850000	3337	NA
p025v2	455	Pulse	255	5880000	3007	NA
p025v2	455	Response	101	5887869	10875	1
p025v2	457	Pulse	255	5910000	11675	NA
p025v2	459	Response	101	5936187	7531	1
p025v2	460	Pulse	255	5940000	3678	NA
p025v2	462	Pulse	255	5970000	3181	NA
p025v2	463	Response	101	5988334	11349	1
p025v2	465	Pulse	255	6000000	1184	NA
p025v2	467	Pulse	255	6030000	853	NA
p025v2	467	Response	101	6034079	4931	1
p025v2	468	Response	100	6038581	4435	1
p025v2	469	Pulse	255	6060000	15521	NA
p025v2	471	Response	101	6080091	5281	1
p025v2	472	Pulse	255	6090000	9857	NA
p025v2	474	Pulse	255	6120000	9360	NA
p025v2	475	Response	100	6127049	6243	1
p025v2	477	Pulse	255	6150000	12529	NA
p025v2	479	Response	101	6174272	6470	1
p025v2	480	Pulse	255	6180000	5532	NA
p025v2	482	Pulse	255	6210000	5035	NA
p025v2	483	Picture	instruct_trial	6215131	0	1	109657	1	0	next	other	0
p025v2	483	Pulse	255	6240000	24869	NA
p025v2	483	Pulse	255	6270000	54869	NA
p025v2	483	Pulse	255	6300000	84869	NA
p025v2	483	Response	101	6324709	109578	1
p025v2	484	Pulse	255	6330000	5045	NA
p025v2	484	Response	101	6344492	19537	1
p025v2	486	Pulse	255	6360000	5048	NA
p025v2	488	Pulse	255	6390000	4717	NA
p025v2	488	Response	100	6395493	10210	1
p025v2	490	Pulse	255	6420000	14052	NA
p025v2	492	Pulse	255	6450000	13721	NA
p025v2	492	Response	100	6453897	17619	1
p025v2	494	Pulse	255	6480000	15724	NA
p025v2	496	Response	100	6505090	10484	1
p025v2	497	Pulse	255	6510000	4727	NA
p025v2	499	Pulse	255	6540000	4230	NA
p025v2	500	Response	100	6554200	8264	1
p025v2	502	Pulse	255	6570000	5399	NA
p025v2	504	Pulse	255	6600000	5068	NA
p025v2	504	Response	100	6600677	5745	1
p025v2	506	Pulse	255	6630000	18903	NA
p025v2	508	Response	101	6646936	5508	1
p025v2	510	Pulse	255	6660000	2574	NA
p025v2	512	Pulse	255	6690000	2243	NA
p025v2	512	Response	101	6696650	8893	1
p025v2	514	Pulse	255	6720000	12911	NA
p025v2	516	Response	101	6741836	4417	1
p025v2	517	Pulse	255	6750000	8081	NA
p025v2	519	Pulse	255	6780000	7584	NA
p025v2	520	Response	100	6789589	7007	1
p025v2	522	Pulse	255	6810000	9919	NA
p025v2	524	Response	101	6834649	4239	1
p025v2	525	Pulse	255	6840000	5256	NA
p025v2	527	Pulse	255	6870000	4758	NA
p025v2	528	Response	101	6881961	6553	1
p025v2	530	Pulse	255	6900000	7594	NA
p025v2	532	Pulse	255	6930000	7263	NA
p025v2	532	Response	100	6930494	7757	1
p025v2	534	Pulse	255	6960000	19098	NA
p025v2	536	Response	101	6982758	11526	1
p025v2	537	Pulse	255	6990000	7102	NA
p025v2	539	Pulse	255	7020000	6605	NA
p025v2	540	Response	101	7038090	14529	1
p025v2	542	Pulse	255	7050000	1441	NA
p025v2	544	Pulse	255	7080000	1110	NA
p025v2	544	Response	101	7084284	5394	1
p025v2	546	Pulse	255	7110000	15278	NA
p025v2	548	Response	101	7131677	6624	1
p025v2	549	Pulse	255	7140000	8115	NA
p025v2	551	Pulse	255	7170000	7617	NA
p025v2	552	Response	100	7178862	6313	1
p025v2	554	Pulse	255	7200000	10620	NA
p025v2	556	Response	100	7226840	7129	1
p025v2	557	Pulse	255	7230000	2956	NA
p025v2	559	Pulse	255	7260000	2459	NA
p025v2	560	Response	100	7276517	8810	1
p025v2	562	Pulse	255	7290000	2961	NA
p025v2	564	Pulse	255	7320000	2631	NA
p025v2	564	Response	101	7326544	9175	1
p025v2	566	Pulse	255	7350000	12966	NA
p025v2	568	Response	101	7371395	4030	1
p025v2	569	Pulse	255	7380000	8469	NA
p025v2	571	Pulse	255	7410000	7971	NA
p025v2	572	Response	101	7424807	12612	1
p025v2	574	Pulse	255	7440000	4808	NA
p025v2	576	Pulse	255	7470000	4477	NA
p025v2	576	Response	100	7475952	10429	1
p025v2	578	Pulse	255	7500000	13645	NA
p025v2	580	Response	101	7523450	6765	1
p025v2	581	Pulse	255	7530000	6482	NA
p025v2	583	Pulse	255	7560000	5985	NA
p025v2	584	Response	100	7573391	9210	1
p025v2	586	Pulse	255	7590000	6154	NA
p025v2	588	Pulse	255	7620000	5823	NA
p025v2	588	Response	101	7629419	15242	1
p025v2	590	Pulse	255	7650000	10159	NA
p025v2	592	Response	101	7679421	9249	1
p025v2	593	Pulse	255	7680000	495	NA
p025v2	594	Pulse	255	7710000	20163	NA
p025v2	596	Response	101	7739082	18914	1
p025v2	597	Pulse	255	7740000	834	NA
p025v2	599	Pulse	255	7770000	336	NA
p025v2	600	Response	100	7787128	7299	1
p025v2	602	Pulse	255	7800000	2339	NA
p025v2	604	Pulse	255	7830000	2008	NA
p025v2	604	Response	100	7838387	10395	1
p025v2	606	Pulse	255	7860000	11177	NA
p025v2	608	Response	100	7886544	7390	1
p025v2	609	Pulse	255	7890000	3347	NA
p025v2	611	Pulse	255	7920000	2849	NA
p025v2	612	Response	100	7933205	5888	1
p025v2	614	Pulse	255	7950000	6351	NA
p025v2	616	Pulse	255	7980000	6021	NA
p025v2	616	Response	101	7980365	6386	1
p025v2	618	Pulse	255	8010000	19189	NA
p025v2	620	Response	101	8033977	12835	1
p025v2	621	Pulse	255	8040000	5859	NA
p025v2	623	Pulse	255	8070000	5362	NA
p025v2	624	Response	100	8081137	6333	1
p025v2	626	Pulse	255	8100000	8364	NA
p025v2	628	Pulse	255	8130000	8034	NA
p025v2	628	Response	100	8140374	18408	1
p025v2	630	Pulse	255	8160000	9203	NA
p025v2	632	Pulse	255	8190000	8872	NA
p025v2	632	Response	101	8191011	9882	1
p025v2	634	Pulse	255	8220000	18540	NA
p025v2	636	Response	101	8247485	15695	1
p025v2	637	Pulse	255	8250000	2378	NA
p025v2	639	Pulse	255	8280000	1880	NA
p025v2	640	Response	101	8292840	4554	1
p025v2	642	Pulse	255	8310000	6716	NA
p025v2	644	Response	100	8339754	6139	1
p025v2	645	Pulse	255	8340000	52	NA
p025v2	646	Pulse	255	8370000	19720	NA
p025v2	648	Response	100	8388751	8140	1
p025v2	650	Pulse	255	8400000	724	NA
p025v2	652	Pulse	255	8430000	393	NA
p025v2	652	Response	101	8433434	3828	1
p025v2	654	Pulse	255	8460000	16061	NA
p025v2	656	Response	101	8480823	6553	1
p025v2	657	Pulse	255	8490000	9064	NA
p025v2	659	Pulse	255	8520000	8567	NA
p025v2	660	Response	101	8529860	8261	1
p025v2	662	Pulse	255	8550000	9736	NA
p025v2	664	Response	101	8576475	5880	1
p025v2	665	Pulse	255	8580000	3406	NA
p025v2	667	Pulse	255	8610000	2909	NA
p025v2	668	Response	100	8624916	7659	1
p025v2	670	Pulse	255	8640000	4578	NA
p025v2	672	Pulse	255	8670000	4247	NA
p025v2	672	Response	101	8671430	5677	1
p025v2	674	Pulse	255	8700000	18082	NA
p025v2	676	Response	100	8717687	5438	1
p025v2	678	Pulse	255	8730000	1919	NA
p025v2	680	Pulse	255	8760000	1588	NA
p025v2	680	Response	101	8763816	5404	1
p025v2	682	Pulse	255	8790000	15756	NA
p025v2	684	Response	100	8813238	8663	1
p025v2	685	Pulse	255	8820000	6593	NA
p025v2	687	Pulse	255	8850000	6096	NA
p025v2	688	Response	101	8863080	9010	1
p025v2	690	Pulse	255	8880000	6432	NA
p025v2	692	Response	100	8909369	5470	1
p025v2	693	Pulse	255	8910000	435	NA
p025v2	694	Pulse	255	8940000	20102	NA
p025v2	696	Response	100	8961074	10845	1
p025v2	697	Pulse	255	8970000	8773	NA
p025v2	699	Pulse	255	9000000	8275	NA
p025v2	700	Response	101	9013630	11740	1
p025v2	702	Pulse	255	9030000	5945	NA
p025v2	704	Response	101	9059812	5426	1
p025v2	705	Pulse	255	9060000	114	NA
p025v2	706	Pulse	255	9090000	19782	NA
p025v2	708	Response	100	9106656	6107	1
p025v2	710	Pulse	255	9120000	2953	NA
p025v2	712	Pulse	255	9150000	2622	NA
p025v2	712	Response	100	9159238	11859	1
p025v2	714	Pulse	255	9180000	10291	NA
p025v2	716	Response	101	9206819	6779	1
p025v2	717	Pulse	255	9210000	3127	NA
p025v2	719	Pulse	255	9240000	2630	NA
p025v2	720	Response	101	9255326	7790	1
p025v2	722	Pulse	255	9270000	4132	NA
p025v2	724	Picture	instruct_trial	9296199	0	1	40163	1	0	next	other	0
p025v2	724	Pulse	255	9300000	3801	NA
p025v2	724	Pulse	255	9330000	33801	NA
