Scenario - learning_JJ_english
Logfile written - 03/04/2022 14:33:09

Subject	Trial	Event Type	Code	Time	TTime	Uncertainty	Duration	Uncertainty	ReqTime	ReqDur	Stim Type	Pair Index

p026v2	0	Pulse	255	0	0	NA
p026v2	1	Picture	instruct_trial	10333	0	1	971083	1	0	next	other	0
p026v2	1	Pulse	255	30000	19667	NA
p026v2	1	Pulse	255	60000	49667	NA
p026v2	1	Pulse	255	90000	79667	NA
p026v2	1	Pulse	255	120000	109667	NA
p026v2	1	Pulse	255	150000	139667	NA
p026v2	1	Pulse	255	180000	169667	NA
p026v2	1	Pulse	255	210000	199667	NA
p026v2	1	Pulse	255	240000	229667	NA
p026v2	1	Pulse	255	270000	259667	NA
p026v2	1	Pulse	255	300000	289667	NA
p026v2	1	Pulse	255	330000	319667	NA
p026v2	1	Pulse	255	360000	349667	NA
p026v2	1	Pulse	255	390000	379667	NA
p026v2	1	Pulse	255	420000	409667	NA
p026v2	1	Pulse	255	450000	439667	NA
p026v2	1	Pulse	255	480000	469667	NA
p026v2	1	Pulse	255	510000	499667	NA
p026v2	1	Pulse	255	540000	529667	NA
p026v2	1	Pulse	255	570000	559667	NA
p026v2	1	Pulse	255	600000	589667	NA
p026v2	1	Pulse	255	630000	619667	NA
p026v2	1	Pulse	255	660000	649667	NA
p026v2	1	Pulse	255	690000	679667	NA
p026v2	1	Pulse	255	720000	709667	NA
p026v2	1	Pulse	255	750000	739667	NA
p026v2	1	Pulse	255	780000	769667	NA
p026v2	1	Pulse	255	810000	799667	NA
p026v2	1	Pulse	255	840000	829667	NA
p026v2	1	Pulse	255	870000	859667	NA
p026v2	1	Pulse	255	900000	889667	NA
p026v2	1	Pulse	255	930000	919667	NA
p026v2	1	Pulse	255	960000	949667	NA
p026v2	1	Response	101	981255	970921	1
p026v2	1	Pulse	255	990000	979667	NA
p026v2	2	Pulse	255	1020000	29918	NA
p026v2	2	Pulse	255	1050000	59918	NA
p026v2	2	Pulse	255	1080000	89918	NA
p026v2	2	Response	101	1082055	91973	1
p026v2	4	Pulse	255	1110000	17427	NA
p026v2	6	Pulse	255	1140000	17096	NA
p026v2	6	Response	101	1157335	34431	1
p026v2	8	Pulse	255	1170000	2100	NA
p026v2	10	Pulse	255	1200000	1769	NA
p026v2	10	Response	101	1221095	22864	1
p026v2	11	Pulse	255	1230000	8771	NA
p026v2	13	Pulse	255	1260000	8274	NA
p026v2	14	Response	100	1286455	24563	1
p026v2	15	Pulse	255	1290000	3444	NA
p026v2	17	Pulse	255	1320000	2946	NA
p026v2	18	Pulse	255	1350000	22780	NA
p026v2	18	Response	101	1353255	26035	1
p026v2	20	Pulse	255	1380000	16284	NA
p026v2	22	Pulse	255	1410000	15953	NA
p026v2	22	Response	100	1416855	22807	1
p026v2	24	Pulse	255	1440000	12622	NA
p026v2	26	Pulse	255	1470000	12292	NA
p026v2	26	Response	100	1473734	16026	1
p026v2	28	Pulse	255	1500000	15794	NA
p026v2	30	Response	101	1525175	10638	1
p026v2	31	Pulse	255	1530000	4631	NA
p026v2	33	Pulse	255	1560000	4133	NA
p026v2	34	Response	101	1585574	19542	1
p026v2	35	Pulse	255	1590000	4303	NA
p026v2	37	Pulse	255	1620000	3805	NA
p026v2	38	Response	100	1643014	16654	1
p026v2	39	Pulse	255	1650000	6808	NA
p026v2	41	Pulse	255	1680000	6310	NA
p026v2	42	Response	100	1702215	18359	1
p026v2	43	Pulse	255	1710000	7646	NA
p026v2	45	Pulse	255	1740000	7149	NA
p026v2	46	Response	101	1756374	13357	1
p026v2	48	Pulse	255	1770000	3152	NA
p026v2	50	Pulse	255	1800000	2821	NA
p026v2	50	Response	100	1814455	17275	1
p026v2	52	Pulse	255	1830000	5157	NA
p026v2	54	Pulse	255	1860000	4826	NA
p026v2	54	Response	100	1884217	29043	1
p026v2	55	Pulse	255	1890000	5662	NA
p026v2	57	Pulse	255	1920000	5164	NA
p026v2	58	Pulse	255	1950000	24998	NA
p026v2	58	Response	101	1959494	34493	1
p026v2	60	Pulse	255	1980000	10002	NA
p026v2	62	Pulse	255	2010000	9672	NA
p026v2	62	Response	101	2012774	12446	1
p026v2	64	Pulse	255	2040000	16840	NA
p026v2	66	Pulse	255	2070000	16510	NA
p026v2	66	Response	101	2074854	21364	1
p026v2	68	Pulse	255	2100000	14679	NA
p026v2	70	Response	100	2124214	8563	1
p026v2	71	Pulse	255	2130000	5682	NA
p026v2	73	Pulse	255	2160000	5185	NA
p026v2	74	Response	101	2181815	16834	1
p026v2	75	Pulse	255	2190000	8021	NA
p026v2	77	Pulse	255	2220000	7523	NA
p026v2	78	Response	100	2234454	11812	1
p026v2	80	Pulse	255	2250000	5026	NA
p026v2	82	Pulse	255	2280000	4695	NA
p026v2	82	Pulse	255	2310000	34695	NA
p026v2	82	Pulse	255	2340000	64695	NA
p026v2	82	Response	101	2343574	68270	1
p026v2	84	Pulse	255	2370000	16035	NA
p026v2	86	Response	101	2395894	11598	1
p026v2	87	Pulse	255	2400000	4039	NA
p026v2	89	Pulse	255	2430000	3542	NA
p026v2	90	Pulse	255	2460000	23376	NA
p026v2	90	Pulse	255	2490000	53376	NA
p026v2	90	Response	101	2514934	78310	1
p026v2	91	Pulse	255	2520000	4883	NA
p026v2	93	Pulse	255	2550000	4385	NA
p026v2	94	Response	100	2579334	23554	1
p026v2	95	Pulse	255	2580000	555	NA
p026v2	97	Pulse	255	2610000	57	NA
p026v2	98	Response	101	2630613	10505	1
p026v2	99	Pulse	255	2640000	9226	NA
p026v2	101	Pulse	255	2670000	8729	NA
p026v2	102	Response	100	2683014	11577	1
p026v2	104	Pulse	255	2700000	6565	NA
p026v2	106	Pulse	255	2730000	6234	NA
p026v2	106	Pulse	255	2760000	36234	NA
p026v2	106	Pulse	255	2790000	66234	NA
p026v2	106	Pulse	255	2820000	96234	NA
p026v2	106	Pulse	255	2850000	126234	NA
p026v2	106	Pulse	255	2880000	156234	NA
p026v2	106	Pulse	255	2910000	186234	NA
p026v2	106	Pulse	255	2940000	216234	NA
p026v2	106	Pulse	255	2970000	246234	NA
p026v2	106	Pulse	255	3000000	276234	NA
p026v2	106	Pulse	255	3030000	306234	NA
p026v2	106	Pulse	255	3060000	336234	NA
p026v2	106	Pulse	255	3090000	366234	NA
p026v2	106	Pulse	255	3120000	396234	NA
p026v2	106	Pulse	255	3150000	426234	NA
p026v2	106	Response	101	3154214	430448	1
p026v2	108	Pulse	255	3180000	15272	NA
p026v2	110	Pulse	255	3210000	14941	NA
p026v2	110	Pulse	255	3240000	44941	NA
p026v2	110	Pulse	255	3270000	74941	NA
p026v2	110	Pulse	255	3300000	104941	NA
p026v2	110	Pulse	255	3330000	134941	NA
p026v2	110	Pulse	255	3360000	164941	NA
p026v2	110	Response	101	3380694	185635	1
p026v2	111	Pulse	255	3390000	9124	NA
p026v2	113	Pulse	255	3420000	8626	NA
p026v2	114	Pulse	255	3450000	28461	NA
p026v2	114	Pulse	255	3480000	58461	NA
p026v2	114	Pulse	255	3510000	88461	NA
p026v2	114	Pulse	255	3540000	118461	NA
p026v2	114	Pulse	255	3570000	148461	NA
p026v2	114	Pulse	255	3600000	178461	NA
p026v2	114	Pulse	255	3630000	208461	NA
p026v2	114	Pulse	255	3660000	238461	NA
p026v2	114	Pulse	255	3690000	268461	NA
p026v2	114	Pulse	255	3720000	298461	NA
p026v2	114	Pulse	255	3750000	328461	NA
p026v2	114	Response	100	3757894	336355	1
p026v2	116	Pulse	255	3780000	11657	NA
p026v2	118	Pulse	255	3810000	11327	NA
p026v2	118	Pulse	255	3840000	41327	NA
p026v2	118	Response	100	3840774	42100	1
p026v2	120	Pulse	255	3870000	18831	NA
p026v2	122	Pulse	255	3900000	18500	NA
p026v2	122	Response	101	3915734	34234	1
p026v2	124	Pulse	255	3930000	3837	NA
p026v2	126	Pulse	255	3960000	3507	NA
p026v2	126	Response	100	3967653	11160	1
p026v2	128	Pulse	255	3990000	11842	NA
p026v2	130	Response	100	4015654	7165	1
p026v2	131	Pulse	255	4020000	4179	NA
p026v2	133	Pulse	255	4050000	3681	NA
p026v2	134	Response	101	4063094	6609	1
p026v2	136	Pulse	255	4080000	6517	NA
p026v2	138	Response	101	4108694	4880	1
p026v2	139	Pulse	255	4110000	1187	NA
p026v2	141	Pulse	255	4140000	689	NA
p026v2	142	Response	100	4156454	6977	1
p026v2	144	Pulse	255	4170000	3025	NA
p026v2	146	Pulse	255	4200000	2694	NA
p026v2	146	Response	100	4204454	7148	1
p026v2	148	Pulse	255	4230000	15029	NA
p026v2	150	Response	101	4252294	6992	1
p026v2	151	Pulse	255	4260000	7532	NA
p026v2	153	Pulse	255	4290000	7035	NA
p026v2	154	Response	101	4297014	3883	1
p026v2	156	Pulse	255	4320000	12537	NA
p026v2	158	Response	101	4342774	4980	1
p026v2	159	Pulse	255	4350000	7040	NA
p026v2	161	Pulse	255	4380000	6543	NA
p026v2	162	Response	100	4396213	12590	1
p026v2	164	Pulse	255	4410000	3379	NA
p026v2	166	Pulse	255	4440000	3048	NA
p026v2	166	Response	100	4465975	29023	1
p026v2	167	Pulse	255	4470000	3884	NA
p026v2	169	Pulse	255	4500000	3387	NA
p026v2	170	Response	101	4517333	10554	1
p026v2	172	Pulse	255	4530000	2223	NA
p026v2	174	Pulse	255	4560000	1892	NA
p026v2	174	Response	101	4569413	11305	1
p026v2	176	Pulse	255	4590000	10060	NA
p026v2	178	Pulse	255	4620000	9730	NA
p026v2	178	Response	101	4620213	9943	1
p026v2	180	Pulse	255	4650000	19398	NA
p026v2	182	Response	101	4672694	11761	1
p026v2	183	Pulse	255	4680000	7235	NA
p026v2	185	Pulse	255	4710000	6738	NA
p026v2	186	Response	100	4726214	12786	1
p026v2	188	Pulse	255	4740000	3407	NA
p026v2	190	Pulse	255	4770000	3077	NA
p026v2	190	Response	101	4782693	15769	1
p026v2	192	Pulse	255	4800000	6912	NA
p026v2	194	Pulse	255	4830000	6581	NA
p026v2	194	Response	100	4834773	11355	1
p026v2	196	Pulse	255	4860000	14750	NA
p026v2	198	Response	101	4886213	10632	1
p026v2	199	Pulse	255	4890000	3587	NA
p026v2	201	Pulse	255	4920000	3089	NA
p026v2	202	Response	100	4937413	10337	1
p026v2	204	Pulse	255	4950000	2092	NA
p026v2	206	Pulse	255	4980000	1761	NA
p026v2	206	Response	101	4988453	10215	1
p026v2	208	Pulse	255	5010000	11097	NA
p026v2	210	Response	100	5039093	9859	1
p026v2	211	Pulse	255	5040000	767	NA
p026v2	213	Pulse	255	5070000	269	NA
p026v2	214	Response	100	5092213	12316	1
p026v2	215	Pulse	255	5100000	7605	NA
p026v2	217	Pulse	255	5130000	7107	NA
p026v2	218	Response	100	5142933	9875	1
p026v2	220	Pulse	255	5160000	6610	NA
p026v2	222	Pulse	255	5190000	6279	NA
p026v2	222	Response	101	5192613	8892	1
p026v2	224	Pulse	255	5220000	16947	NA
p026v2	226	Response	100	5243653	10270	1
p026v2	227	Pulse	255	5250000	6284	NA
p026v2	229	Pulse	255	5280000	5787	NA
p026v2	230	Response	100	5295413	11034	1
p026v2	232	Pulse	255	5310000	4123	NA
p026v2	234	Pulse	255	5340000	3792	NA
p026v2	234	Response	101	5349733	13525	1
p026v2	236	Pulse	255	5370000	9794	NA
p026v2	238	Pulse	255	5400000	9464	NA
p026v2	238	Response	101	5402053	11516	1
p026v2	240	Pulse	255	5430000	17465	NA
p026v2	242	Picture	instruct_trial	5442865	0	1	33497	1	0	next	other	0
p026v2	242	Pulse	255	5460000	17135	NA
p026v2	242	Response	101	5476293	33428	1
p026v2	243	Pulse	255	5490000	13471	NA
p026v2	243	Pulse	255	5520000	43471	NA
p026v2	243	Pulse	255	5550000	73471	NA
p026v2	243	Response	100	5570773	94244	1
p026v2	244	Pulse	255	5580000	9146	NA
p026v2	246	Pulse	255	5610000	8648	NA
p026v2	247	Pulse	255	5640000	28483	NA
p026v2	247	Pulse	255	5670000	58483	NA
p026v2	247	Response	101	5690373	78855	1
p026v2	248	Pulse	255	5700000	9490	NA
p026v2	250	Pulse	255	5730000	8992	NA
p026v2	251	Pulse	255	5760000	28826	NA
p026v2	251	Response	101	5761813	30639	1
p026v2	253	Pulse	255	5790000	17663	NA
p026v2	255	Response	101	5815493	12826	1
p026v2	256	Pulse	255	5820000	4334	NA
p026v2	258	Pulse	255	5850000	3836	NA
p026v2	259	Pulse	255	5880000	23670	NA
p026v2	259	Response	100	5895013	38684	1
p026v2	261	Pulse	255	5910000	4508	NA
p026v2	263	Pulse	255	5940000	4177	NA
p026v2	263	Response	101	5952933	17110	1
p026v2	265	Pulse	255	5970000	6680	NA
p026v2	267	Pulse	255	6000000	6349	NA
p026v2	267	Response	100	6009013	15362	1
p026v2	269	Pulse	255	6030000	10518	NA
p026v2	271	Pulse	255	6060000	10187	NA
p026v2	271	Response	100	6063493	13680	1
p026v2	273	Pulse	255	6090000	16022	NA
p026v2	275	Response	100	6117893	13585	1
p026v2	276	Pulse	255	6120000	2026	NA
p026v2	278	Pulse	255	6150000	1529	NA
p026v2	279	Response	101	6168533	9896	1
p026v2	281	Pulse	255	6180000	1031	NA
p026v2	283	Pulse	255	6210000	701	NA
p026v2	283	Response	101	6218533	9233	1
p026v2	285	Pulse	255	6240000	11036	NA
p026v2	287	Pulse	255	6270000	10705	NA
p026v2	287	Response	100	6276053	16758	1
p026v2	289	Pulse	255	6300000	13541	NA
p026v2	291	Pulse	255	6330000	13210	NA
p026v2	291	Response	101	6331173	14383	1
p026v2	293	Pulse	255	6360000	18379	NA
p026v2	295	Response	101	6381172	9220	1
p026v2	296	Pulse	255	6390000	8716	NA
p026v2	298	Pulse	255	6420000	8218	NA
p026v2	299	Response	100	6430452	8505	1
p026v2	301	Pulse	255	6450000	9054	NA
p026v2	303	Pulse	255	6480000	8723	NA
p026v2	303	Response	100	6481332	10055	1
p026v2	305	Pulse	255	6510000	18225	NA
p026v2	307	Response	100	6538612	16506	1
p026v2	308	Pulse	255	6540000	1229	NA
p026v2	310	Pulse	255	6570000	732	NA
p026v2	311	Response	101	6592612	13178	1
p026v2	312	Pulse	255	6600000	7234	NA
p026v2	314	Pulse	255	6630000	6736	NA
p026v2	315	Response	100	6643092	9663	1
p026v2	317	Pulse	255	6660000	6406	NA
p026v2	319	Pulse	255	6690000	6075	NA
p026v2	319	Response	101	6707252	23327	1
p026v2	321	Pulse	255	6720000	2245	NA
p026v2	323	Pulse	255	6750000	1914	NA
p026v2	323	Response	100	6754932	6846	1
p026v2	325	Pulse	255	6780000	14582	NA
p026v2	327	Response	100	6804372	8623	1
p026v2	328	Pulse	255	6810000	5419	NA
p026v2	330	Pulse	255	6840000	4921	NA
p026v2	331	Response	100	6861892	16647	1
p026v2	332	Pulse	255	6870000	7924	NA
p026v2	334	Pulse	255	6900000	7426	NA
p026v2	335	Response	101	6911652	8912	1
p026v2	337	Pulse	255	6930000	7929	NA
p026v2	339	Pulse	255	6960000	7598	NA
p026v2	339	Response	101	6970612	18210	1
p026v2	341	Pulse	255	6990000	8934	NA
p026v2	343	Pulse	255	7020000	8603	NA
p026v2	343	Response	101	7022292	10895	1
p026v2	345	Pulse	255	7050000	17272	NA
p026v2	347	Response	101	7078133	15074	1
p026v2	348	Pulse	255	7080000	1776	NA
p026v2	350	Pulse	255	7110000	1278	NA
p026v2	351	Response	100	7127573	8685	1
p026v2	353	Pulse	255	7140000	1947	NA
p026v2	355	Pulse	255	7170000	1617	NA
p026v2	355	Response	100	7178454	10070	1
p026v2	357	Pulse	255	7200000	11118	NA
p026v2	359	Response	101	7225492	6280	1
p026v2	360	Pulse	255	7230000	4455	NA
p026v2	362	Pulse	255	7260000	3958	NA
p026v2	363	Response	101	7274773	8564	1
p026v2	365	Pulse	255	7290000	4793	NA
p026v2	367	Pulse	255	7320000	4463	NA
p026v2	367	Response	101	7325412	9875	1
p026v2	369	Pulse	255	7350000	14131	NA
p026v2	371	Response	101	7379812	13613	1
p026v2	372	Pulse	255	7380000	135	NA
p026v2	373	Pulse	255	7410000	19802	NA
p026v2	375	Response	101	7435012	14484	1
p026v2	376	Pulse	255	7440000	4806	NA
p026v2	378	Pulse	255	7470000	4309	NA
p026v2	379	Response	100	7486372	10515	1
p026v2	381	Pulse	255	7500000	3145	NA
p026v2	383	Pulse	255	7530000	2814	NA
p026v2	383	Response	101	7538852	11666	1
p026v2	385	Pulse	255	7560000	10649	NA
p026v2	387	Response	101	7587972	8291	1
p026v2	388	Pulse	255	7590000	1819	NA
p026v2	390	Pulse	255	7620000	1322	NA
p026v2	391	Pulse	255	7650000	21156	NA
p026v2	391	Response	100	7651652	22809	1
p026v2	393	Pulse	255	7680000	17826	NA
p026v2	395	Pulse	255	7710000	17495	NA
p026v2	395	Response	100	7720532	28027	1
p026v2	397	Pulse	255	7740000	8998	NA
p026v2	399	Pulse	255	7770000	8668	NA
p026v2	399	Response	100	7772292	10960	1
p026v2	401	Pulse	255	7800000	17170	NA
p026v2	403	Pulse	255	7830000	16839	NA
p026v2	403	Response	101	7834052	20891	1
p026v2	405	Pulse	255	7860000	15508	NA
p026v2	407	Response	101	7884852	10030	1
p026v2	408	Pulse	255	7890000	5012	NA
p026v2	410	Pulse	255	7920000	4514	NA
p026v2	411	Response	101	7945972	20321	1
p026v2	412	Pulse	255	7950000	3850	NA
p026v2	414	Pulse	255	7980000	3353	NA
p026v2	415	Response	100	7994212	7399	1
p026v2	417	Pulse	255	8010000	5355	NA
p026v2	419	Pulse	255	8040000	5025	NA
p026v2	419	Response	100	8044934	9958	1
p026v2	421	Pulse	255	8070000	14526	NA
p026v2	423	Response	101	8096132	10328	1
p026v2	424	Pulse	255	8100000	3697	NA
p026v2	426	Pulse	255	8130000	3199	NA
p026v2	427	Response	101	8144372	7405	1
p026v2	429	Pulse	255	8160000	5202	NA
p026v2	431	Pulse	255	8190000	4871	NA
p026v2	431	Response	100	8192692	7563	1
p026v2	433	Pulse	255	8220000	16872	NA
p026v2	435	Response	101	8245092	11634	1
p026v2	436	Pulse	255	8250000	4709	NA
p026v2	438	Pulse	255	8280000	4212	NA
p026v2	439	Pulse	255	8310000	24046	NA
p026v2	439	Response	100	8320212	34258	1
p026v2	441	Pulse	255	8340000	9383	NA
p026v2	443	Pulse	255	8370000	9053	NA
p026v2	443	Response	101	8373252	12305	1
p026v2	445	Pulse	255	8400000	16221	NA
p026v2	447	Pulse	255	8430000	15891	NA
p026v2	447	Response	100	8430532	16422	1
p026v2	449	Pulse	255	8460000	19060	NA
p026v2	451	Response	101	8488052	16781	1
p026v2	452	Pulse	255	8490000	1897	NA
p026v2	454	Pulse	255	8520000	1400	NA
p026v2	455	Response	101	8549652	20886	1
p026v2	456	Pulse	255	8550000	236	NA
p026v2	457	Pulse	255	8580000	19903	NA
p026v2	459	Response	101	8603492	13065	1
p026v2	460	Pulse	255	8610000	6407	NA
p026v2	462	Pulse	255	8640000	5910	NA
p026v2	463	Response	100	8654292	10036	1
p026v2	465	Pulse	255	8670000	5246	NA
p026v2	467	Pulse	255	8700000	4915	NA
p026v2	467	Response	101	8709492	14407	1
p026v2	469	Pulse	255	8730000	10084	NA
p026v2	471	Pulse	255	8760000	9753	NA
p026v2	471	Response	101	8760612	10365	1
p026v2	473	Pulse	255	8790000	18921	NA
p026v2	475	Response	100	8809572	8162	1
p026v2	476	Pulse	255	8820000	10258	NA
p026v2	478	Pulse	255	8850000	9761	NA
p026v2	479	Response	100	8859172	8767	1
p026v2	481	Pulse	255	8880000	10430	NA
p026v2	483	Picture	instruct_trial	8899901	0	1	10999	1	0	next	other	0
p026v2	483	Pulse	255	8910000	10099	NA
p026v2	483	Response	101	8910692	10791	1
p026v2	484	Pulse	255	8940000	28933	NA
p026v2	484	Response	101	8943732	32665	1
p026v2	486	Pulse	255	8970000	15770	NA
p026v2	488	Pulse	255	9000000	15440	NA
p026v2	488	Response	100	9012292	27732	1
p026v2	490	Pulse	255	9030000	7276	NA
p026v2	492	Pulse	255	9060000	6946	NA
p026v2	492	Response	101	9069172	16117	1
p026v2	494	Pulse	255	9090000	10448	NA
p026v2	496	Response	100	9118212	8329	1
p026v2	497	Pulse	255	9120000	1618	NA
p026v2	499	Pulse	255	9150000	1121	NA
p026v2	500	Response	100	9176452	17406	1
p026v2	501	Pulse	255	9180000	3456	NA
p026v2	503	Pulse	255	9210000	2959	NA
p026v2	504	Response	100	9231492	14285	1
p026v2	505	Pulse	255	9240000	8461	NA
p026v2	507	Pulse	255	9270000	7964	NA
p026v2	508	Response	101	9286932	14730	1
p026v2	510	Pulse	255	9300000	2633	NA
p026v2	512	Pulse	255	9330000	2303	NA
p026v2	512	Response	101	9336692	8995	1
p026v2	514	Pulse	255	9360000	12804	NA
p026v2	516	Pulse	255	9390000	12474	NA
p026v2	516	Response	101	9390531	13005	1
p026v2	518	Pulse	255	9420000	18976	NA
p026v2	520	Response	100	9440132	8777	1
p026v2	521	Pulse	255	9450000	9812	NA
p026v2	523	Pulse	255	9480000	9315	NA
p026v2	524	Pulse	255	9510000	29149	NA
p026v2	524	Response	100	9522292	41441	1
p026v2	526	Pulse	255	9540000	7320	NA
p026v2	528	Pulse	255	9570000	6990	NA
p026v2	528	Response	101	9588692	25681	1
p026v2	530	Pulse	255	9600000	826	NA
p026v2	532	Pulse	255	9630000	495	NA
p026v2	532	Response	100	9646132	16627	1
p026v2	534	Pulse	255	9660000	3331	NA
p026v2	536	Pulse	255	9690000	3000	NA
p026v2	536	Response	100	9694692	7692	1
p026v2	538	Pulse	255	9720000	14835	NA
p026v2	540	Pulse	255	9750000	14505	NA
p026v2	540	Response	101	9767811	32316	1
p026v2	542	Pulse	255	9780000	1675	NA
p026v2	544	Pulse	255	9810000	1344	NA
p026v2	544	Response	100	9832771	24115	1
p026v2	545	Pulse	255	9840000	7179	NA
p026v2	547	Pulse	255	9870000	6682	NA
p026v2	548	Response	100	9892691	19208	1
p026v2	549	Pulse	255	9900000	7185	NA
p026v2	551	Pulse	255	9930000	6687	NA
p026v2	552	Response	100	9945811	12332	1
p026v2	554	Pulse	255	9960000	3690	NA
p026v2	556	Pulse	255	9990000	3359	NA
p026v2	556	Response	100	9999812	13171	1
p026v2	558	Pulse	255	10020000	9695	NA
p026v2	560	Pulse	255	10050000	9364	NA
p026v2	560	Response	100	10050133	9497	1
p026v2	562	Pulse	255	10080000	19366	NA
p026v2	564	Pulse	255	10110000	19035	NA
p026v2	564	Response	100	10110852	19887	1
p026v2	566	Pulse	255	10140000	18704	NA
p026v2	568	Response	101	10160052	8425	1
p026v2	569	Pulse	255	10170000	9874	NA
p026v2	571	Pulse	255	10200000	9377	NA
p026v2	572	Response	100	10210451	9662	1
p026v2	574	Pulse	255	10230000	9046	NA
p026v2	576	Pulse	255	10260000	8715	NA
p026v2	576	Response	100	10264691	13407	1
p026v2	578	Pulse	255	10290000	14884	NA
p026v2	580	Response	101	10316531	11085	1
p026v2	581	Pulse	255	10320000	3388	NA
p026v2	583	Pulse	255	10350000	2890	NA
p026v2	584	Response	100	10368131	10856	1
p026v2	586	Pulse	255	10380000	1393	NA
p026v2	588	Pulse	255	10410000	1063	NA
p026v2	588	Response	100	10419492	10554	1
p026v2	590	Pulse	255	10440000	10064	NA
p026v2	592	Pulse	255	10470000	9733	NA
p026v2	592	Response	101	10471491	11225	1
p026v2	594	Pulse	255	10500000	18069	NA
p026v2	596	Pulse	255	10530000	17738	NA
p026v2	596	Response	100	10541091	28829	1
p026v2	598	Pulse	255	10560000	8408	NA
p026v2	600	Pulse	255	10590000	8077	NA
p026v2	600	Response	100	10591331	9408	1
p026v2	602	Pulse	255	10620000	18246	NA
p026v2	604	Response	101	10642691	10606	1
p026v2	605	Pulse	255	10650000	7249	NA
p026v2	607	Pulse	255	10680000	6752	NA
p026v2	608	Response	100	10695811	12397	1
p026v2	610	Pulse	255	10710000	3755	NA
p026v2	612	Pulse	255	10740000	3424	NA
p026v2	612	Response	100	10745652	9076	1
p026v2	614	Pulse	255	10770000	13926	NA
p026v2	616	Response	101	10795091	8686	1
p026v2	617	Pulse	255	10800000	4762	NA
p026v2	619	Pulse	255	10830000	4265	NA
p026v2	620	Response	100	10847491	11590	1
p026v2	622	Pulse	255	10860000	2101	NA
p026v2	624	Pulse	255	10890000	1770	NA
p026v2	624	Response	100	10898531	10301	1
p026v2	626	Pulse	255	10920000	10939	NA
p026v2	628	Pulse	255	10950000	10608	NA
p026v2	628	Response	100	10968611	29219	1
p026v2	630	Pulse	255	10980000	945	NA
p026v2	632	Pulse	255	11010000	614	NA
p026v2	632	Response	101	11018451	9065	1
p026v2	634	Pulse	255	11040000	11116	NA
p026v2	636	Pulse	255	11070000	10785	NA
p026v2	636	Response	100	11084771	25556	1
p026v2	638	Pulse	255	11100000	4788	NA
p026v2	640	Pulse	255	11130000	4457	NA
p026v2	640	Response	101	11135091	9548	1
p026v2	642	Pulse	255	11160000	14459	NA
p026v2	644	Response	100	11189491	13619	1
p026v2	645	Pulse	255	11190000	463	NA
p026v2	646	Pulse	255	11220000	20131	NA
p026v2	648	Response	100	11241971	11771	1
p026v2	649	Pulse	255	11250000	7967	NA
p026v2	651	Pulse	255	11280000	7470	NA
p026v2	652	Response	101	11296051	13355	1
p026v2	654	Pulse	255	11310000	3473	NA
p026v2	656	Pulse	255	11340000	3142	NA
p026v2	656	Response	100	11349811	12953	1
p026v2	658	Pulse	255	11370000	9811	NA
p026v2	660	Pulse	255	11400000	9480	NA
p026v2	660	Response	100	11405091	14571	1
p026v2	662	Pulse	255	11430000	14482	NA
p026v2	664	Response	101	11457811	11962	1
p026v2	665	Pulse	255	11460000	1986	NA
p026v2	667	Pulse	255	11490000	1489	NA
p026v2	668	Response	100	11505891	7214	1
p026v2	670	Pulse	255	11520000	3658	NA
p026v2	672	Pulse	255	11550000	3327	NA
p026v2	672	Response	101	11558130	11457	1
p026v2	674	Pulse	255	11580000	11329	NA
p026v2	676	Response	100	11605971	6969	1
p026v2	677	Pulse	255	11610000	3832	NA
p026v2	679	Pulse	255	11640000	3335	NA
p026v2	680	Response	101	11661891	15060	1
p026v2	681	Pulse	255	11670000	8004	NA
p026v2	683	Pulse	255	11700000	7506	NA
p026v2	684	Response	100	11714531	11871	1
p026v2	686	Pulse	255	11730000	5009	NA
p026v2	688	Pulse	255	11760000	4678	NA
p026v2	688	Response	101	11769011	13689	1
p026v2	690	Pulse	255	11790000	10514	NA
p026v2	692	Pulse	255	11820000	10183	NA
p026v2	692	Response	100	11821571	11754	1
p026v2	694	Pulse	255	11850000	18018	NA
p026v2	696	Response	100	11870691	8378	1
p026v2	697	Pulse	255	11880000	9188	NA
p026v2	699	Pulse	255	11910000	8691	NA
p026v2	700	Response	100	11933411	21936	1
p026v2	701	Pulse	255	11940000	6527	NA
p026v2	703	Pulse	255	11970000	6030	NA
p026v2	704	Response	101	11987011	12875	1
p026v2	706	Pulse	255	12000000	2533	NA
p026v2	708	Pulse	255	12030000	2202	NA
p026v2	708	Response	100	12036850	9052	1
p026v2	710	Pulse	255	12060000	12703	NA
p026v2	712	Pulse	255	12090000	12373	NA
p026v2	712	Response	101	12095171	17543	1
p026v2	714	Pulse	255	12120000	14375	NA
p026v2	716	Pulse	255	12150000	14044	NA
p026v2	716	Response	100	12153891	17935	1
p026v2	718	Pulse	255	12180000	15714	NA
p026v2	720	Response	101	12207891	13273	1
p026v2	721	Pulse	255	12210000	2051	NA
p026v2	723	Pulse	255	12240000	1553	NA
p026v2	724	Picture	instruct_trial	12248613	0	1	40163	1	0	next	other	0
p026v2	724	Pulse	255	12270000	21387	NA
