Scenario - learning_JJ_english
Logfile written - 03/07/2022 13:07:38

Subject	Trial	Event Type	Code	Time	TTime	Uncertainty	Duration	Uncertainty	ReqTime	ReqDur	Stim Type	Pair Index

p027v2	0	Pulse	255	0	0	NA
p027v2	1	Picture	instruct_trial	10500	0	1	356969	1	0	next	other	0
p027v2	1	Pulse	255	30000	19500	NA
p027v2	1	Pulse	255	60000	49500	NA
p027v2	1	Pulse	255	90000	79500	NA
p027v2	1	Pulse	255	120000	109500	NA
p027v2	1	Pulse	255	150000	139500	NA
p027v2	1	Pulse	255	180000	169500	NA
p027v2	1	Pulse	255	210000	199500	NA
p027v2	1	Pulse	255	240000	229500	NA
p027v2	1	Pulse	255	270000	259500	NA
p027v2	1	Pulse	255	300000	289500	NA
p027v2	1	Pulse	255	330000	319500	NA
p027v2	1	Pulse	255	360000	349500	NA
p027v2	1	Response	101	367306	356806	1
p027v2	1	Pulse	255	390000	379500	NA
p027v2	2	Response	100	398259	8125	1
p027v2	4	Pulse	255	420000	11201	NA
p027v2	6	Response	101	448339	9210	1
p027v2	7	Pulse	255	450000	1538	NA
p027v2	9	Pulse	255	480000	1041	NA
p027v2	10	Response	100	498580	9454	1
p027v2	12	Pulse	255	510000	1043	NA
p027v2	14	Pulse	255	540000	712	NA
p027v2	14	Response	101	545539	6251	1
p027v2	16	Pulse	255	570000	14047	NA
p027v2	18	Response	101	593539	7256	1
p027v2	19	Pulse	255	600000	6384	NA
p027v2	21	Pulse	255	630000	5886	NA
p027v2	22	Response	100	645459	11179	1
p027v2	24	Pulse	255	660000	4056	NA
p027v2	26	Pulse	255	690000	3725	NA
p027v2	26	Response	101	698740	12465	1
p027v2	28	Pulse	255	720000	10727	NA
p027v2	30	Pulse	255	750000	10396	NA
p027v2	30	Response	100	754339	14736	1
p027v2	32	Pulse	255	780000	15232	NA
p027v2	34	Response	101	805459	10360	1
p027v2	35	Pulse	255	810000	4402	NA
p027v2	37	Pulse	255	840000	3738	NA
p027v2	38	Response	101	856578	10151	1
p027v2	40	Pulse	255	870000	2907	NA
p027v2	42	Pulse	255	900000	2577	NA
p027v2	42	Response	100	909139	11716	1
p027v2	44	Pulse	255	930000	10412	NA
p027v2	46	Response	100	958579	8660	1
p027v2	47	Pulse	255	960000	1249	NA
p027v2	49	Pulse	255	990000	751	NA
p027v2	50	Response	100	1012339	12925	1
p027v2	51	Pulse	255	1020000	7587	NA
p027v2	53	Pulse	255	1050000	7089	NA
p027v2	54	Response	100	1067859	14782	1
p027v2	56	Pulse	255	1080000	1759	NA
p027v2	58	Pulse	255	1110000	1428	NA
p027v2	58	Response	101	1121546	12974	1
p027v2	60	Pulse	255	1140000	7930	NA
p027v2	62	Pulse	255	1170000	7599	NA
p027v2	62	Response	100	1179300	16899	1
p027v2	64	Pulse	255	1200000	10268	NA
p027v2	66	Response	101	1228499	8437	1
p027v2	67	Pulse	255	1230000	1439	NA
p027v2	69	Pulse	255	1260000	941	NA
p027v2	70	Response	101	1275939	6714	1
p027v2	72	Pulse	255	1290000	3610	NA
p027v2	74	Pulse	255	1320000	3279	NA
p027v2	74	Response	100	1344018	27298	1
p027v2	75	Pulse	255	1350000	5782	NA
p027v2	77	Pulse	255	1380000	5284	NA
p027v2	78	Pulse	255	1410000	25119	NA
p027v2	78	Response	101	1419219	34338	1
p027v2	80	Pulse	255	1440000	10289	NA
p027v2	82	Pulse	255	1470000	9958	NA
p027v2	82	Response	100	1472900	12858	1
p027v2	84	Pulse	255	1500000	16627	NA
p027v2	86	Response	100	1525618	11915	1
p027v2	87	Pulse	255	1530000	4297	NA
p027v2	89	Pulse	255	1560000	3800	NA
p027v2	90	Response	101	1577058	10692	1
p027v2	92	Pulse	255	1590000	2469	NA
p027v2	94	Pulse	255	1620000	2139	NA
p027v2	94	Response	101	1631459	13597	1
p027v2	96	Pulse	255	1650000	8141	NA
p027v2	98	Pulse	255	1680000	7810	NA
p027v2	98	Response	100	1682898	10708	1
p027v2	100	Pulse	255	1710000	16645	NA
p027v2	102	Response	101	1733139	9453	1
p027v2	103	Pulse	255	1740000	6815	NA
p027v2	105	Pulse	255	1770000	6318	NA
p027v2	106	Response	100	1781138	7290	1
p027v2	108	Pulse	255	1800000	8320	NA
p027v2	110	Pulse	255	1830000	7990	NA
p027v2	110	Response	100	1840499	18489	1
p027v2	112	Pulse	255	1860000	8992	NA
p027v2	114	Pulse	255	1890000	8661	NA
p027v2	114	Response	101	1891939	10600	1
p027v2	116	Pulse	255	1920000	17663	NA
p027v2	118	Response	101	1938579	5911	1
p027v2	120	Pulse	255	1950000	1001	NA
p027v2	122	Pulse	255	1980000	670	NA
p027v2	122	Response	100	1988258	8928	1
p027v2	124	Pulse	255	2010000	11338	NA
p027v2	126	Response	100	2036018	7025	1
p027v2	127	Pulse	255	2040000	3841	NA
p027v2	129	Pulse	255	2070000	3344	NA
p027v2	130	Response	101	2084339	7517	1
p027v2	132	Pulse	255	2100000	5180	NA
p027v2	134	Pulse	255	2130000	4849	NA
p027v2	134	Response	101	2140739	15588	1
p027v2	136	Pulse	255	2160000	8851	NA
p027v2	138	Pulse	255	2190000	8521	NA
p027v2	138	Response	101	2196738	15259	1
p027v2	140	Pulse	255	2220000	12856	NA
p027v2	142	Pulse	255	2250000	12525	NA
p027v2	142	Response	100	2256819	19344	1
p027v2	144	Pulse	255	2280000	12695	NA
p027v2	146	Response	100	2308419	10783	1
p027v2	147	Pulse	255	2310000	1531	NA
p027v2	149	Pulse	255	2340000	1034	NA
p027v2	150	Response	100	2356099	6967	1
p027v2	152	Pulse	255	2370000	3370	NA
p027v2	154	Pulse	255	2400000	3039	NA
p027v2	154	Response	101	2417377	20417	1
p027v2	156	Pulse	255	2430000	2208	NA
p027v2	158	Pulse	255	2460000	1878	NA
p027v2	158	Response	100	2466818	8696	1
p027v2	160	Pulse	255	2490000	12713	NA
p027v2	162	Response	101	2513139	5521	1
p027v2	163	Pulse	255	2520000	6716	NA
p027v2	165	Pulse	255	2550000	6218	NA
p027v2	166	Response	101	2558019	4071	1
p027v2	168	Pulse	255	2580000	11554	NA
p027v2	170	Response	100	2603378	4601	1
p027v2	171	Pulse	255	2610000	6557	NA
p027v2	173	Pulse	255	2640000	6060	NA
p027v2	174	Response	101	2652178	8072	1
p027v2	176	Pulse	255	2670000	7395	NA
p027v2	178	Pulse	255	2700000	7065	NA
p027v2	178	Response	101	2703618	10682	1
p027v2	180	Pulse	255	2730000	15900	NA
p027v2	182	Response	100	2750018	5587	1
p027v2	183	Pulse	255	2760000	9903	NA
p027v2	185	Pulse	255	2790000	9405	NA
p027v2	186	Response	100	2804738	13978	1
p027v2	188	Pulse	255	2820000	4742	NA
p027v2	190	Pulse	255	2850000	4411	NA
p027v2	190	Response	101	2855058	9469	1
p027v2	192	Pulse	255	2880000	14413	NA
p027v2	194	Response	101	2902098	6180	1
p027v2	195	Pulse	255	2910000	7749	NA
p027v2	197	Pulse	255	2940000	7252	NA
p027v2	198	Response	101	2950738	7824	1
p027v2	200	Pulse	255	2970000	8754	NA
p027v2	202	Response	100	2998498	6922	1
p027v2	203	Pulse	255	3000000	1424	NA
p027v2	205	Pulse	255	3030000	927	NA
p027v2	206	Pulse	255	3060000	20761	NA
p027v2	206	Response	101	3063939	24700	1
p027v2	208	Pulse	255	3090000	15597	NA
p027v2	210	Pulse	255	3120000	15267	NA
p027v2	210	Response	101	3123458	18725	1
p027v2	212	Pulse	255	3150000	16103	NA
p027v2	214	Response	100	3173458	9230	1
p027v2	215	Pulse	255	3180000	6439	NA
p027v2	217	Pulse	255	3210000	5942	NA
p027v2	218	Response	101	3230178	15954	1
p027v2	219	Pulse	255	3240000	9778	NA
p027v2	221	Pulse	255	3270000	9280	NA
p027v2	222	Response	100	3280418	9532	1
p027v2	224	Pulse	255	3300000	9116	NA
p027v2	226	Response	100	3326978	5763	1
p027v2	227	Pulse	255	3330000	2953	NA
p027v2	229	Pulse	255	3360000	2455	NA
p027v2	230	Response	100	3378418	10707	1
p027v2	232	Pulse	255	3390000	1125	NA
p027v2	234	Pulse	255	3420000	794	NA
p027v2	234	Response	101	3427138	7932	1
p027v2	236	Pulse	255	3450000	12462	NA
p027v2	238	Response	100	3478338	10470	1
p027v2	239	Pulse	255	3480000	1466	NA
p027v2	241	Pulse	255	3510000	968	NA
p027v2	242	Picture	instruct_trial	3519198	0	1	19165	1	0	next	other	0
p027v2	242	Response	101	3538178	18981	1
p027v2	243	Pulse	255	3540000	1304	NA
p027v2	243	Response	100	3552977	14281	1
p027v2	245	Pulse	255	3570000	6640	NA
p027v2	247	Pulse	255	3600000	6309	NA
p027v2	247	Response	101	3607777	14086	1
p027v2	249	Pulse	255	3630000	11811	NA
p027v2	251	Pulse	255	3660000	11480	NA
p027v2	251	Response	100	3663218	14699	1
p027v2	253	Pulse	255	3690000	16316	NA
p027v2	255	Response	101	3713136	9121	1
p027v2	256	Pulse	255	3720000	6819	NA
p027v2	258	Pulse	255	3750000	6322	NA
p027v2	259	Response	101	3760417	6572	1
p027v2	261	Pulse	255	3780000	9157	NA
p027v2	263	Pulse	255	3810000	8827	NA
p027v2	263	Response	100	3813775	12602	1
p027v2	265	Pulse	255	3840000	15829	NA
p027v2	267	Response	101	3865616	11114	1
p027v2	268	Pulse	255	3870000	4332	NA
p027v2	270	Pulse	255	3900000	3835	NA
p027v2	271	Response	100	3913135	6804	1
p027v2	273	Pulse	255	3930000	6337	NA
p027v2	275	Pulse	255	3960000	6007	NA
p027v2	275	Response	100	3964496	10503	1
p027v2	277	Pulse	255	3990000	15008	NA
p027v2	279	Response	101	4010976	5654	1
p027v2	280	Pulse	255	4020000	8845	NA
p027v2	282	Pulse	255	4050000	8347	NA
p027v2	283	Response	100	4062096	10278	1
p027v2	285	Pulse	255	4080000	7517	NA
p027v2	287	Response	100	4109216	6402	1
p027v2	288	Pulse	255	4110000	687	NA
p027v2	290	Pulse	255	4140000	189	NA
p027v2	291	Response	101	4159776	9799	1
p027v2	292	Pulse	255	4170000	10024	NA
p027v2	294	Pulse	255	4200000	9527	NA
p027v2	295	Response	100	4208576	7937	1
p027v2	297	Pulse	255	4230000	11029	NA
p027v2	299	Response	100	4258176	8874	1
p027v2	300	Pulse	255	4260000	1699	NA
p027v2	302	Pulse	255	4290000	1202	NA
p027v2	303	Response	100	4303455	4492	1
p027v2	305	Pulse	255	4320000	6038	NA
p027v2	307	Pulse	255	4350000	5707	NA
p027v2	307	Response	101	4353057	8764	1
p027v2	309	Pulse	255	4380000	16542	NA
p027v2	311	Response	101	4400738	6949	1
p027v2	312	Pulse	255	4410000	9212	NA
p027v2	314	Pulse	255	4440000	8714	NA
p027v2	315	Response	100	4453538	12086	1
p027v2	317	Pulse	255	4470000	6050	NA
p027v2	319	Pulse	255	4500000	5720	NA
p027v2	319	Response	101	4500338	6057	1
p027v2	321	Pulse	255	4530000	19221	NA
p027v2	323	Response	100	4549938	8828	1
p027v2	324	Pulse	255	4560000	9891	NA
p027v2	326	Pulse	255	4590000	9394	NA
p027v2	327	Response	100	4596177	5406	1
p027v2	329	Pulse	255	4620000	13396	NA
p027v2	331	Response	101	4647618	10683	1
p027v2	332	Pulse	255	4650000	2233	NA
p027v2	334	Pulse	255	4680000	1736	NA
p027v2	335	Response	100	4694818	6388	1
p027v2	337	Pulse	255	4710000	4738	NA
p027v2	339	Pulse	255	4740000	4407	NA
p027v2	339	Response	100	4740338	4745	1
p027v2	341	Pulse	255	4770000	19242	NA
p027v2	343	Response	101	4791297	10208	1
p027v2	344	Pulse	255	4800000	8579	NA
p027v2	346	Pulse	255	4830000	8081	NA
p027v2	347	Response	100	4839777	7693	1
p027v2	349	Pulse	255	4860000	9750	NA
p027v2	351	Response	100	4886178	5597	1
p027v2	352	Pulse	255	4890000	3753	NA
p027v2	354	Pulse	255	4920000	3256	NA
p027v2	355	Response	101	4940338	13428	1
p027v2	356	Pulse	255	4950000	9591	NA
p027v2	358	Pulse	255	4980000	9094	NA
p027v2	359	Response	101	4986097	5025	1
p027v2	361	Pulse	255	5010000	13430	NA
p027v2	363	Response	100	5033936	7035	1
p027v2	364	Pulse	255	5040000	5933	NA
p027v2	366	Pulse	255	5070000	5435	NA
p027v2	367	Response	100	5083458	8727	1
p027v2	369	Pulse	255	5100000	6105	NA
p027v2	371	Pulse	255	5130000	5774	NA
p027v2	371	Response	101	5130098	5872	1
p027v2	373	Pulse	255	5160000	19442	NA
p027v2	375	Response	100	5181857	10968	1
p027v2	376	Pulse	255	5190000	7946	NA
p027v2	378	Pulse	255	5220000	7448	NA
p027v2	379	Response	101	5240338	17620	1
p027v2	380	Pulse	255	5250000	9617	NA
p027v2	382	Pulse	255	5280000	9120	NA
p027v2	383	Response	101	5289378	8332	1
p027v2	385	Pulse	255	5310000	10122	NA
p027v2	387	Pulse	255	5340000	9792	NA
p027v2	387	Response	100	5352097	21889	1
p027v2	389	Pulse	255	5370000	7461	NA
p027v2	391	Response	100	5398977	6108	1
p027v2	392	Pulse	255	5400000	964	NA
p027v2	394	Pulse	255	5430000	467	NA
p027v2	395	Response	101	5450496	10798	1
p027v2	396	Pulse	255	5460000	9302	NA
p027v2	398	Pulse	255	5490000	8805	NA
p027v2	399	Response	100	5496497	5136	1
p027v2	401	Pulse	255	5520000	12974	NA
p027v2	403	Response	101	5548577	11219	1
p027v2	404	Pulse	255	5550000	1311	NA
p027v2	406	Pulse	255	5580000	813	NA
p027v2	407	Response	100	5603457	14105	1
p027v2	408	Pulse	255	5610000	6482	NA
p027v2	410	Pulse	255	5640000	5985	NA
p027v2	411	Response	100	5651376	7195	1
p027v2	413	Pulse	255	5670000	8154	NA
p027v2	415	Pulse	255	5700000	7823	NA
p027v2	415	Response	101	5713218	21041	1
p027v2	417	Pulse	255	5730000	6326	NA
p027v2	419	Pulse	255	5760000	5995	NA
p027v2	419	Response	101	5775217	21212	1
p027v2	421	Pulse	255	5790000	4331	NA
p027v2	423	Pulse	255	5820000	4000	NA
p027v2	423	Response	100	5824897	8897	1
p027v2	425	Pulse	255	5850000	14669	NA
p027v2	427	Pulse	255	5880000	14338	NA
p027v2	427	Response	101	5883297	17635	1
p027v2	429	Pulse	255	5910000	16174	NA
p027v2	431	Response	101	5933458	9301	1
p027v2	432	Pulse	255	5940000	6344	NA
p027v2	434	Pulse	255	5970000	5846	NA
p027v2	435	Response	101	5980978	6658	1
p027v2	437	Pulse	255	6000000	8515	NA
p027v2	439	Response	100	6028097	6281	1
p027v2	440	Pulse	255	6030000	1852	NA
p027v2	442	Pulse	255	6060000	1354	NA
p027v2	443	Response	100	6078257	9446	1
p027v2	445	Pulse	255	6090000	1357	NA
p027v2	447	Pulse	255	6120000	1026	NA
p027v2	447	Response	101	6136417	17443	1
p027v2	449	Pulse	255	6150000	3195	NA
p027v2	451	Pulse	255	6180000	2865	NA
p027v2	451	Response	101	6185938	8803	1
p027v2	453	Pulse	255	6210000	13533	NA
p027v2	455	Response	101	6232098	5300	1
p027v2	456	Pulse	255	6240000	7703	NA
p027v2	458	Pulse	255	6270000	7205	NA
p027v2	459	Response	100	6285777	12817	1
p027v2	461	Pulse	255	6300000	3708	NA
p027v2	463	Pulse	255	6330000	3377	NA
p027v2	463	Response	100	6332737	6115	1
p027v2	465	Pulse	255	6360000	16879	NA
p027v2	467	Response	101	6379457	6005	1
p027v2	469	Pulse	255	6390000	50	NA
p027v2	470	Pulse	255	6420000	9885	NA
p027v2	471	Response	100	6437137	16856	1
p027v2	473	Pulse	255	6450000	2388	NA
p027v2	475	Pulse	255	6480000	2057	NA
p027v2	475	Response	101	6489057	11114	1
p027v2	477	Pulse	255	6510000	10559	NA
p027v2	479	Response	100	6535297	5525	1
p027v2	480	Pulse	255	6540000	4562	NA
p027v2	482	Pulse	255	6570000	4065	NA
p027v2	483	Picture	instruct_trial	6576101	0	1	13665	1	0	next	other	0
p027v2	483	Response	101	6589697	13596	1
p027v2	484	Pulse	255	6600000	10067	NA
p027v2	484	Response	100	6605537	15604	1
p027v2	486	Pulse	255	6630000	14069	NA
p027v2	488	Pulse	255	6660000	13738	NA
p027v2	488	Response	101	6667617	21355	1
p027v2	490	Pulse	255	6690000	11908	NA
p027v2	492	Response	100	6717297	8874	1
p027v2	493	Pulse	255	6720000	2578	NA
p027v2	495	Pulse	255	6750000	2080	NA
p027v2	496	Response	101	6764977	6892	1
p027v2	498	Pulse	255	6780000	4583	NA
p027v2	500	Pulse	255	6810000	4252	NA
p027v2	500	Response	101	6814016	8268	1
p027v2	502	Pulse	255	6840000	15587	NA
p027v2	504	Response	101	6865456	10712	1
p027v2	505	Pulse	255	6870000	4424	NA
p027v2	507	Pulse	255	6900000	3927	NA
p027v2	508	Response	101	6914816	8577	1
p027v2	510	Pulse	255	6930000	4762	NA
p027v2	512	Pulse	255	6960000	4432	NA
p027v2	512	Response	100	6962257	6689	1
p027v2	514	Pulse	255	6990000	17266	NA
p027v2	516	Response	101	7014497	11433	1
p027v2	517	Pulse	255	7020000	5437	NA
p027v2	519	Pulse	255	7050000	4939	NA
p027v2	520	Response	101	7068257	13031	1
p027v2	522	Pulse	255	7080000	1276	NA
p027v2	524	Pulse	255	7110000	945	NA
p027v2	524	Response	101	7114816	5761	1
p027v2	526	Pulse	255	7140000	14780	NA
p027v2	528	Response	100	7166577	11026	1
p027v2	529	Pulse	255	7170000	3283	NA
p027v2	531	Pulse	255	7200000	2786	NA
p027v2	532	Response	101	7222337	14957	1
p027v2	533	Pulse	255	7230000	7455	NA
p027v2	535	Pulse	255	7260000	6957	NA
p027v2	536	Response	100	7284736	21528	1
p027v2	537	Pulse	255	7290000	5127	NA
p027v2	539	Pulse	255	7320000	4629	NA
p027v2	540	Response	101	7344977	19440	1
p027v2	541	Pulse	255	7350000	4965	NA
p027v2	543	Pulse	255	7380000	4468	NA
p027v2	544	Response	100	7393937	8239	1
p027v2	546	Pulse	255	7410000	5637	NA
p027v2	548	Pulse	255	7440000	5306	NA
p027v2	548	Response	101	7462417	27723	1
p027v2	549	Pulse	255	7470000	7475	NA
p027v2	551	Pulse	255	7500000	6978	NA
p027v2	552	Response	101	7510176	6989	1
p027v2	554	Pulse	255	7530000	9314	NA
p027v2	556	Pulse	255	7560000	8983	NA
p027v2	556	Response	101	7572097	21079	1
p027v2	558	Pulse	255	7590000	7486	NA
p027v2	560	Pulse	255	7620000	7155	NA
p027v2	560	Response	101	7623535	10690	1
p027v2	562	Pulse	255	7650000	15990	NA
p027v2	564	Response	100	7673457	9116	1
p027v2	565	Pulse	255	7680000	6493	NA
p027v2	567	Pulse	255	7710000	5996	NA
p027v2	568	Response	100	7724256	10086	1
p027v2	570	Pulse	255	7740000	5332	NA
p027v2	572	Pulse	255	7770000	5001	NA
p027v2	572	Response	101	7777617	12618	1
p027v2	574	Pulse	255	7800000	12003	NA
p027v2	576	Pulse	255	7830000	11673	NA
p027v2	576	Response	101	7849617	31289	1
p027v2	577	Pulse	255	7860000	10175	NA
p027v2	579	Pulse	255	7890000	9678	NA
p027v2	580	Response	100	7896977	6489	1
p027v2	582	Pulse	255	7920000	12514	NA
p027v2	584	Response	101	7947457	9639	1
p027v2	585	Pulse	255	7950000	2350	NA
p027v2	587	Pulse	255	7980000	1853	NA
p027v2	588	Response	101	8000897	12584	1
p027v2	589	Pulse	255	8010000	9022	NA
p027v2	591	Pulse	255	8040000	8524	NA
p027v2	592	Response	100	8048496	6855	1
p027v2	594	Pulse	255	8070000	11027	NA
p027v2	596	Response	101	8098738	9434	1
p027v2	597	Pulse	255	8100000	1197	NA
p027v2	599	Pulse	255	8130000	699	NA
p027v2	600	Response	101	8148496	9030	1
p027v2	602	Pulse	255	8160000	1035	NA
p027v2	604	Pulse	255	8190000	705	NA
p027v2	604	Response	100	8197776	8480	1
p027v2	606	Pulse	255	8220000	11706	NA
p027v2	608	Pulse	255	8250000	11375	NA
p027v2	608	Response	100	8277056	38432	1
p027v2	609	Pulse	255	8280000	2879	NA
p027v2	611	Pulse	255	8310000	2381	NA
p027v2	612	Response	101	8326816	9032	1
p027v2	614	Pulse	255	8340000	2717	NA
p027v2	616	Pulse	255	8370000	2387	NA
p027v2	616	Response	100	8376177	8563	1
p027v2	618	Pulse	255	8400000	13388	NA
p027v2	620	Response	100	8427695	10753	1
p027v2	621	Pulse	255	8430000	2225	NA
p027v2	623	Pulse	255	8460000	1728	NA
p027v2	624	Response	101	8476255	7817	1
p027v2	626	Pulse	255	8490000	3230	NA
p027v2	628	Pulse	255	8520000	2899	NA
p027v2	628	Response	100	8526175	9075	1
p027v2	630	Pulse	255	8550000	13401	NA
p027v2	632	Response	100	8573537	6607	1
p027v2	633	Pulse	255	8580000	6404	NA
p027v2	635	Pulse	255	8610000	5907	NA
p027v2	636	Response	101	8633376	19117	1
p027v2	637	Pulse	255	8640000	6576	NA
p027v2	639	Pulse	255	8670000	6079	NA
p027v2	640	Response	100	8680656	6569	1
p027v2	642	Pulse	255	8700000	8914	NA
p027v2	644	Response	101	8727696	6280	1
p027v2	645	Pulse	255	8730000	2251	NA
p027v2	647	Pulse	255	8760000	1754	NA
p027v2	648	Pulse	255	8790000	21588	NA
p027v2	648	Response	101	8793696	25283	1
p027v2	650	Pulse	255	8820000	15924	NA
p027v2	652	Response	100	8841456	7049	1
p027v2	653	Pulse	255	8850000	8427	NA
p027v2	655	Pulse	255	8880000	7930	NA
p027v2	656	Response	100	8894256	12021	1
p027v2	658	Pulse	255	8910000	5266	NA
p027v2	660	Pulse	255	8940000	4935	NA
p027v2	660	Response	101	8950656	15592	1
p027v2	662	Pulse	255	8970000	8938	NA
p027v2	664	Response	100	8995936	4543	1
p027v2	665	Pulse	255	9000000	3941	NA
p027v2	667	Pulse	255	9030000	3443	NA
p027v2	668	Response	101	9041456	4734	1
p027v2	670	Pulse	255	9060000	8112	NA
p027v2	672	Pulse	255	9090000	7781	NA
p027v2	672	Response	101	9096496	14277	1
p027v2	674	Pulse	255	9120000	13117	NA
p027v2	676	Response	101	9145775	8562	1
p027v2	677	Pulse	255	9150000	4120	NA
p027v2	679	Pulse	255	9180000	3623	NA
p027v2	680	Response	100	9193135	6592	1
p027v2	682	Pulse	255	9210000	6459	NA
p027v2	684	Pulse	255	9240000	6128	NA
p027v2	684	Response	100	9269296	35424	1
p027v2	685	Pulse	255	9270000	631	NA
p027v2	687	Pulse	255	9300000	134	NA
p027v2	688	Response	101	9320093	10061	1
p027v2	689	Pulse	255	9330000	9802	NA
p027v2	691	Pulse	255	9360000	9305	NA
p027v2	692	Response	101	9368736	7875	1
p027v2	694	Pulse	255	9390000	10807	NA
p027v2	696	Response	101	9415695	6171	1
p027v2	697	Pulse	255	9420000	4144	NA
p027v2	699	Pulse	255	9450000	3646	NA
p027v2	700	Response	100	9460176	3657	1
p027v2	702	Pulse	255	9480000	9315	NA
p027v2	703	Response	101	9493696	2845	1
p027v2	704	Response	101	9501615	599	1
p027v2	705	Pulse	255	9510000	8317	NA
p027v2	707	Pulse	255	9540000	7820	NA
p027v2	708	Response	100	9551776	9430	1
p027v2	710	Pulse	255	9570000	7823	NA
p027v2	712	Response	101	9594736	2228	1
p027v2	713	Pulse	255	9600000	5159	NA
p027v2	715	Pulse	255	9630000	4662	NA
p027v2	716	Response	101	9642255	6751	1
p027v2	718	Pulse	255	9660000	7331	NA
p027v2	720	Response	101	9685616	2616	1
p027v2	721	Pulse	255	9690000	4333	NA
p027v2	723	Pulse	255	9720000	3836	NA
p027v2	724	Picture	instruct_trial	9726330	0	1	40163	1	0	next	other	0
p027v2	724	Pulse	255	9750000	23670	NA
