Scenario - learning_JJ_english
Logfile written - 03/16/2022 11:34:54

Subject	Trial	Event Type	Code	Time	TTime	Uncertainty	Duration	Uncertainty	ReqTime	ReqDur	Stim Type	Pair Index

p028v2	0	Pulse	255	0	0	NA
p028v2	1	Picture	instruct_trial	10333	0	1	229314	1	0	next	other	0
p028v2	1	Pulse	255	30000	19667	NA
p028v2	1	Pulse	255	60000	49667	NA
p028v2	1	Pulse	255	90000	79667	NA
p028v2	1	Pulse	255	120000	109667	NA
p028v2	1	Pulse	255	150000	139667	NA
p028v2	1	Pulse	255	180000	169667	NA
p028v2	1	Pulse	255	210000	199667	NA
p028v2	1	Response	101	239474	229141	1
p028v2	1	Pulse	255	240000	229667	NA
p028v2	2	Response	100	262514	22368	1
p028v2	3	Pulse	255	270000	7355	NA
p028v2	5	Pulse	255	300000	6858	NA
p028v2	6	Response	101	323314	20006	1
p028v2	7	Pulse	255	330000	6527	NA
p028v2	9	Pulse	255	360000	6030	NA
p028v2	10	Response	101	377874	13738	1
p028v2	12	Pulse	255	390000	1700	NA
p028v2	14	Pulse	255	420000	1369	NA
p028v2	14	Response	100	423075	4444	1
p028v2	16	Pulse	255	450000	16537	NA
p028v2	18	Response	100	476194	12400	1
p028v2	19	Pulse	255	480000	3707	NA
p028v2	21	Pulse	255	510000	3210	NA
p028v2	22	Response	100	524274	7318	1
p028v2	24	Pulse	255	540000	5212	NA
p028v2	26	Pulse	255	570000	4881	NA
p028v2	26	Response	100	579234	14116	1
p028v2	28	Pulse	255	600000	10384	NA
p028v2	30	Response	100	625954	6007	1
p028v2	31	Pulse	255	630000	3887	NA
p028v2	33	Pulse	255	660000	3389	NA
p028v2	34	Response	100	673155	6378	1
p028v2	36	Pulse	255	690000	6392	NA
p028v2	38	Pulse	255	720000	6061	NA
p028v2	38	Response	101	721794	7855	1
p028v2	40	Pulse	255	750000	17729	NA
p028v2	42	Response	101	770834	8233	1
p028v2	43	Pulse	255	780000	9066	NA
p028v2	45	Pulse	255	810000	8568	NA
p028v2	46	Response	100	822674	11077	1
p028v2	48	Pulse	255	840000	6904	NA
p028v2	50	Pulse	255	870000	6574	NA
p028v2	50	Response	101	870594	7168	1
p028v2	52	Pulse	255	900000	18909	NA
p028v2	54	Response	101	919634	8212	1
p028v2	55	Pulse	255	930000	10245	NA
p028v2	57	Pulse	255	960000	9748	NA
p028v2	58	Response	100	969154	8736	1
p028v2	60	Pulse	255	990000	10417	NA
p028v2	62	Response	100	1018274	8360	1
p028v2	63	Pulse	255	1020000	1587	NA
p028v2	65	Pulse	255	1050000	1090	NA
p028v2	66	Response	100	1065154	6078	1
p028v2	68	Pulse	255	1080000	4425	NA
p028v2	70	Pulse	255	1110000	4095	NA
p028v2	70	Response	101	1110514	4609	1
p028v2	72	Pulse	255	1140000	19096	NA
p028v2	74	Response	101	1161234	9999	1
p028v2	75	Pulse	255	1170000	8599	NA
p028v2	77	Pulse	255	1200000	8102	NA
p028v2	78	Response	101	1210515	8451	1
p028v2	80	Pulse	255	1230000	9105	NA
p028v2	82	Response	101	1259634	8408	1
p028v2	83	Pulse	255	1260000	275	NA
p028v2	84	Pulse	255	1290000	19942	NA
p028v2	86	Response	100	1311954	11566	1
p028v2	87	Pulse	255	1320000	7946	NA
p028v2	89	Pulse	255	1350000	7448	NA
p028v2	90	Response	100	1360274	7556	1
p028v2	92	Pulse	255	1380000	9284	NA
p028v2	94	Response	100	1409554	8508	1
p028v2	95	Pulse	255	1410000	287	NA
p028v2	96	Pulse	255	1440000	19955	NA
p028v2	98	Response	100	1458354	7978	1
p028v2	100	Pulse	255	1470000	1126	NA
p028v2	102	Pulse	255	1500000	795	NA
p028v2	102	Response	101	1506354	7149	1
p028v2	104	Pulse	255	1530000	13130	NA
p028v2	106	Response	101	1554674	7473	1
p028v2	107	Pulse	255	1560000	5133	NA
p028v2	109	Pulse	255	1590000	4636	NA
p028v2	110	Response	100	1604274	8744	1
p028v2	112	Pulse	255	1620000	5305	NA
p028v2	114	Pulse	255	1650000	4974	NA
p028v2	114	Response	100	1653154	8128	1
p028v2	116	Pulse	255	1680000	16309	NA
p028v2	118	Response	101	1701394	7373	1
p028v2	119	Pulse	255	1710000	8479	NA
p028v2	121	Pulse	255	1740000	7982	NA
p028v2	122	Response	101	1748114	5930	1
p028v2	124	Pulse	255	1770000	11484	NA
p028v2	126	Response	101	1793554	4707	1
p028v2	127	Pulse	255	1800000	6321	NA
p028v2	129	Pulse	255	1830000	5823	NA
p028v2	130	Response	100	1844354	10012	1
p028v2	132	Pulse	255	1860000	5159	NA
p028v2	134	Pulse	255	1890000	4828	NA
p028v2	134	Response	100	1897314	12142	1
p028v2	136	Pulse	255	1920000	12164	NA
p028v2	138	Response	100	1944836	6669	1
p028v2	139	Pulse	255	1950000	5000	NA
p028v2	141	Pulse	255	1980000	4503	NA
p028v2	142	Response	101	1990674	5011	1
p028v2	144	Pulse	255	2010000	8838	NA
p028v2	146	Response	101	2036354	4862	1
p028v2	147	Pulse	255	2040000	3508	NA
p028v2	149	Pulse	255	2070000	3011	NA
p028v2	150	Response	100	2083314	6159	1
p028v2	152	Pulse	255	2100000	6180	NA
p028v2	154	Pulse	255	2130000	5849	NA
p028v2	154	Response	100	2131874	7723	1
p028v2	156	Pulse	255	2160000	17684	NA
p028v2	158	Response	100	2179314	6667	1
p028v2	160	Pulse	255	2190000	188	NA
p028v2	161	Pulse	255	2220000	10023	NA
p028v2	162	Response	101	2226114	5971	1
p028v2	164	Pulse	255	2250000	13359	NA
p028v2	166	Response	101	2273315	6342	1
p028v2	167	Pulse	255	2280000	6528	NA
p028v2	169	Pulse	255	2310000	6031	NA
p028v2	170	Response	100	2319714	5579	1
p028v2	172	Pulse	255	2340000	9867	NA
p028v2	174	Response	100	2367874	7410	1
p028v2	175	Pulse	255	2370000	2037	NA
p028v2	177	Pulse	255	2400000	1539	NA
p028v2	178	Response	100	2415154	6527	1
p028v2	180	Pulse	255	2430000	4375	NA
p028v2	182	Pulse	255	2460000	4045	NA
p028v2	182	Response	100	2462433	6478	1
p028v2	184	Pulse	255	2490000	17046	NA
p028v2	186	Response	101	2510514	7229	1
p028v2	187	Pulse	255	2520000	9382	NA
p028v2	189	Pulse	255	2550000	8885	NA
p028v2	190	Response	100	2559314	8033	1
p028v2	192	Pulse	255	2580000	10221	NA
p028v2	194	Response	101	2605714	5604	1
p028v2	195	Pulse	255	2610000	4224	NA
p028v2	197	Pulse	255	2640000	3726	NA
p028v2	198	Response	100	2652354	5914	1
p028v2	200	Pulse	255	2670000	7229	NA
p028v2	202	Response	101	2698916	5814	1
p028v2	203	Pulse	255	2700000	898	NA
p028v2	205	Pulse	255	2730000	401	NA
p028v2	206	Response	100	2746834	7069	1
p028v2	208	Pulse	255	2760000	2737	NA
p028v2	210	Pulse	255	2790000	2406	NA
p028v2	210	Response	101	2792914	5320	1
p028v2	212	Pulse	255	2820000	16574	NA
p028v2	214	Response	101	2840113	6357	1
p028v2	215	Pulse	255	2850000	9744	NA
p028v2	217	Pulse	255	2880000	9247	NA
p028v2	218	Response	101	2886594	5674	1
p028v2	220	Pulse	255	2910000	12916	NA
p028v2	222	Response	100	2934273	6858	1
p028v2	223	Pulse	255	2940000	5585	NA
p028v2	225	Pulse	255	2970000	5088	NA
p028v2	226	Response	101	2980113	5036	1
p028v2	228	Pulse	255	3000000	9424	NA
p028v2	230	Response	101	3028353	7446	1
p028v2	231	Pulse	255	3030000	1594	NA
p028v2	233	Pulse	255	3060000	1096	NA
p028v2	234	Response	100	3075553	6484	1
p028v2	236	Pulse	255	3090000	3932	NA
p028v2	238	Pulse	255	3120000	3601	NA
p028v2	238	Response	100	3121393	4994	1
p028v2	240	Pulse	255	3150000	18102	NA
p028v2	242	Picture	instruct_trial	3162228	0	1	13999	1	0	next	other	0
p028v2	242	Response	100	3176114	13885	1
p028v2	243	Pulse	255	3180000	3606	NA
p028v2	243	Response	100	3206913	30520	1
p028v2	244	Pulse	255	3210000	2942	NA
p028v2	246	Pulse	255	3240000	2445	NA
p028v2	247	Response	101	3254753	7032	1
p028v2	249	Pulse	255	3270000	4781	NA
p028v2	251	Pulse	255	3300000	4450	NA
p028v2	251	Response	100	3307953	12403	1
p028v2	253	Pulse	255	3330000	11618	NA
p028v2	255	Response	100	3355954	7241	1
p028v2	256	Pulse	255	3360000	3955	NA
p028v2	258	Pulse	255	3390000	3458	NA
p028v2	259	Response	100	3416433	19725	1
p028v2	260	Pulse	255	3420000	3460	NA
p028v2	262	Pulse	255	3450000	2963	NA
p028v2	263	Response	100	3465793	8590	1
p028v2	265	Pulse	255	3480000	3799	NA
p028v2	267	Pulse	255	3510000	3468	NA
p028v2	267	Response	100	3516993	10461	1
p028v2	269	Pulse	255	3540000	12470	NA
p028v2	271	Pulse	255	3570000	12139	NA
p028v2	271	Response	100	3570193	12332	1
p028v2	273	Pulse	255	3600000	19308	NA
p028v2	275	Response	100	3618115	7092	1
p028v2	277	Pulse	255	3630000	1479	NA
p028v2	279	Pulse	255	3660000	1148	NA
p028v2	279	Response	101	3669234	10381	1
p028v2	281	Pulse	255	3690000	10316	NA
p028v2	283	Response	101	3718993	8979	1
p028v2	284	Pulse	255	3720000	820	NA
p028v2	286	Pulse	255	3750000	322	NA
p028v2	287	Response	100	3768433	8590	1
p028v2	289	Pulse	255	3780000	1158	NA
p028v2	291	Pulse	255	3810000	827	NA
p028v2	291	Response	101	3831233	22060	1
p028v2	292	Pulse	255	3840000	8663	NA
p028v2	294	Pulse	255	3870000	8165	NA
p028v2	295	Response	101	3879953	7953	1
p028v2	297	Pulse	255	3900000	9668	NA
p028v2	299	Response	100	3929873	9210	1
p028v2	300	Pulse	255	3930000	4	NA
p028v2	301	Pulse	255	3960000	19672	NA
p028v2	303	Response	100	3984995	14337	1
p028v2	304	Pulse	255	3990000	4843	NA
p028v2	306	Pulse	255	4020000	4345	NA
p028v2	307	Response	100	4041553	15733	1
p028v2	308	Pulse	255	4050000	8347	NA
p028v2	310	Pulse	255	4080000	7850	NA
p028v2	311	Response	101	4088913	6597	1
p028v2	313	Pulse	255	4110000	10686	NA
p028v2	315	Response	100	4135553	5908	1
p028v2	316	Pulse	255	4140000	4356	NA
p028v2	318	Pulse	255	4170000	3858	NA
p028v2	319	Response	101	4186273	9966	1
p028v2	321	Pulse	255	4200000	3194	NA
p028v2	323	Pulse	255	4230000	2863	NA
p028v2	323	Response	101	4234593	7457	1
p028v2	325	Pulse	255	4260000	14865	NA
p028v2	327	Response	100	4289633	14167	1
p028v2	328	Pulse	255	4290000	202	NA
p028v2	329	Pulse	255	4320000	19870	NA
p028v2	331	Response	100	4338593	8132	1
p028v2	333	Pulse	255	4350000	874	NA
p028v2	335	Pulse	255	4380000	543	NA
p028v2	335	Response	100	4387953	8496	1
p028v2	337	Pulse	255	4410000	11545	NA
p028v2	339	Response	100	4437714	8928	1
p028v2	340	Pulse	255	4440000	2215	NA
p028v2	342	Pulse	255	4470000	1717	NA
p028v2	343	Response	101	4491153	12704	1
p028v2	344	Pulse	255	4500000	8719	NA
p028v2	346	Pulse	255	4530000	8222	NA
p028v2	347	Response	101	4547313	15369	1
p028v2	349	Pulse	255	4560000	2225	NA
p028v2	351	Pulse	255	4590000	1894	NA
p028v2	351	Response	100	4595553	7447	1
p028v2	353	Pulse	255	4620000	14063	NA
p028v2	355	Pulse	255	4650000	13732	NA
p028v2	355	Response	100	4650193	13925	1
p028v2	357	Pulse	255	4680000	19401	NA
p028v2	359	Response	101	4701553	10623	1
p028v2	360	Pulse	255	4710000	8238	NA
p028v2	362	Pulse	255	4740000	7740	NA
p028v2	363	Response	100	4750033	7607	1
p028v2	364	Response	101	4755790	5698	3
p028v2	365	Pulse	255	4770000	9576	NA
p028v2	367	Pulse	255	4800000	9245	NA
p028v2	367	Response	101	4802033	11278	1
p028v2	369	Pulse	255	4830000	17580	NA
p028v2	371	Response	101	4852914	10164	1
p028v2	372	Pulse	255	4860000	6917	NA
p028v2	374	Pulse	255	4890000	6420	NA
p028v2	375	Response	100	4902513	8767	1
p028v2	377	Pulse	255	4920000	7089	NA
p028v2	379	Pulse	255	4950000	6758	NA
p028v2	379	Response	100	4953553	10311	1
p028v2	381	Pulse	255	4980000	15927	NA
p028v2	383	Response	101	5003953	9549	1
p028v2	384	Pulse	255	5010000	5930	NA
p028v2	386	Pulse	255	5040000	5433	NA
p028v2	387	Response	100	5058753	14020	1
p028v2	388	Response	101	5063713	4814	1
p028v2	389	Pulse	255	5070000	769	NA
p028v2	391	Pulse	255	5100000	439	NA
p028v2	391	Response	100	5110673	11111	1
p028v2	393	Pulse	255	5130000	8940	NA
p028v2	395	Pulse	255	5160000	8610	NA
p028v2	395	Response	100	5160993	9602	1
p028v2	397	Pulse	255	5190000	18611	NA
p028v2	399	Response	100	5214673	12954	1
p028v2	400	Pulse	255	5220000	5282	NA
p028v2	402	Pulse	255	5250000	4784	NA
p028v2	403	Response	101	5269153	13772	1
p028v2	405	Pulse	255	5280000	454	NA
p028v2	407	Pulse	255	5310000	123	NA
p028v2	407	Response	101	5321233	11356	1
p028v2	409	Pulse	255	5340000	8292	NA
p028v2	411	Pulse	255	5370000	7961	NA
p028v2	411	Response	100	5370512	8473	1
p028v2	413	Pulse	255	5400000	18963	NA
p028v2	415	Response	100	5419633	8265	1
p028v2	416	Pulse	255	5430000	10299	NA
p028v2	418	Pulse	255	5460000	9802	NA
p028v2	419	Response	100	5473712	13348	1
p028v2	421	Pulse	255	5490000	5805	NA
p028v2	423	Pulse	255	5520000	5474	NA
p028v2	423	Response	100	5524272	9746	1
p028v2	425	Pulse	255	5550000	15309	NA
p028v2	427	Response	101	5574432	9411	1
p028v2	428	Pulse	255	5580000	5479	NA
p028v2	430	Pulse	255	5610000	4982	NA
p028v2	431	Response	100	5626672	11488	1
p028v2	433	Pulse	255	5640000	2818	NA
p028v2	435	Pulse	255	5670000	2487	NA
p028v2	435	Response	101	5676992	9479	1
p028v2	437	Pulse	255	5700000	12489	NA
p028v2	439	Response	100	5727712	9870	1
p028v2	440	Pulse	255	5730000	2159	NA
p028v2	442	Pulse	255	5760000	1662	NA
p028v2	443	Response	101	5780432	11928	1
p028v2	444	Pulse	255	5790000	9497	NA
p028v2	446	Pulse	255	5820000	9000	NA
p028v2	447	Response	100	5830512	9346	1
p028v2	449	Pulse	255	5850000	9002	NA
p028v2	451	Pulse	255	5880000	8672	NA
p028v2	451	Response	101	5896912	25584	1
p028v2	453	Pulse	255	5910000	2675	NA
p028v2	455	Pulse	255	5940000	2344	NA
p028v2	455	Response	101	5957552	19896	1
p028v2	457	Pulse	255	5970000	2013	NA
p028v2	459	Pulse	255	6000000	1683	NA
p028v2	459	Response	101	6011872	13554	1
p028v2	461	Pulse	255	6030000	7685	NA
p028v2	463	Pulse	255	6060000	7354	NA
p028v2	463	Response	100	6070832	18185	1
p028v2	465	Pulse	255	6090000	8690	NA
p028v2	467	Pulse	255	6120000	8359	NA
p028v2	467	Response	101	6121472	9831	1
p028v2	469	Pulse	255	6150000	18027	NA
p028v2	471	Response	101	6173312	11009	1
p028v2	472	Pulse	255	6180000	6531	NA
p028v2	474	Pulse	255	6210000	6034	NA
p028v2	475	Response	100	6225232	11100	1
p028v2	477	Pulse	255	6240000	4370	NA
p028v2	479	Pulse	255	6270000	4039	NA
p028v2	479	Response	100	6282912	16951	1
p028v2	481	Pulse	255	6300000	6708	NA
p028v2	483	Picture	instruct_trial	6323623	0	1	12999	1	0	next	other	0
p028v2	483	Pulse	255	6330000	6377	NA
p028v2	483	Response	100	6336512	12889	1
p028v2	484	Response	100	6353152	16364	1
p028v2	485	Pulse	255	6360000	6713	NA
p028v2	487	Pulse	255	6390000	6216	NA
p028v2	488	Response	100	6402512	8562	1
p028v2	490	Pulse	255	6420000	7052	NA
p028v2	492	Pulse	255	6450000	6721	NA
p028v2	492	Response	101	6455472	12193	1
p028v2	494	Pulse	255	6480000	14056	NA
p028v2	496	Response	100	6508032	11757	1
p028v2	497	Pulse	255	6510000	1893	NA
p028v2	499	Pulse	255	6540000	1396	NA
p028v2	500	Response	100	6558752	9982	1
p028v2	502	Pulse	255	6570000	732	NA
p028v2	504	Pulse	255	6600000	401	NA
p028v2	504	Response	101	6606352	6753	1
p028v2	506	Pulse	255	6630000	13236	NA
p028v2	508	Response	100	6656192	9097	1
p028v2	509	Pulse	255	6660000	3739	NA
p028v2	511	Pulse	255	6690000	3242	NA
p028v2	512	Response	100	6708912	11988	1
p028v2	514	Pulse	255	6720000	578	NA
p028v2	516	Pulse	255	6750000	260	NA
p028v2	516	Response	100	6757632	7892	1
p028v2	518	Pulse	255	6780000	11916	NA
p028v2	520	Response	101	6807392	8977	1
p028v2	521	Pulse	255	6810000	2419	NA
p028v2	523	Pulse	255	6840000	1922	NA
p028v2	524	Response	101	6854992	6748	1
p028v2	526	Pulse	255	6870000	4591	NA
p028v2	528	Pulse	255	6900000	4260	NA
p028v2	528	Response	100	6906352	10612	1
p028v2	530	Pulse	255	6930000	13262	NA
p028v2	532	Response	101	6953552	6483	1
p028v2	533	Pulse	255	6960000	6265	NA
p028v2	535	Pulse	255	6990000	5767	NA
p028v2	536	Response	101	6999792	5394	1
p028v2	538	Pulse	255	7020000	9770	NA
p028v2	540	Response	100	7046352	5791	1
p028v2	541	Pulse	255	7050000	3440	NA
p028v2	543	Pulse	255	7080000	2942	NA
p028v2	544	Response	100	7094034	6810	1
p028v2	546	Pulse	255	7110000	5445	NA
p028v2	548	Pulse	255	7140000	5114	NA
p028v2	548	Response	100	7141072	6186	1
p028v2	550	Pulse	255	7170000	18449	NA
p028v2	552	Response	101	7187951	6069	1
p028v2	554	Pulse	255	7200000	1619	NA
p028v2	556	Pulse	255	7230000	1289	NA
p028v2	556	Response	101	7235152	6440	1
p028v2	558	Pulse	255	7260000	14457	NA
p028v2	560	Response	101	7283712	7838	1
p028v2	561	Pulse	255	7290000	6127	NA
p028v2	563	Pulse	255	7320000	5629	NA
p028v2	564	Response	101	7330591	6055	1
p028v2	566	Pulse	255	7350000	8965	NA
p028v2	568	Response	100	7378192	6826	1
p028v2	569	Pulse	255	7380000	1635	NA
p028v2	571	Pulse	255	7410000	1137	NA
p028v2	572	Response	100	7424672	5643	1
p028v2	574	Pulse	255	7440000	4806	NA
p028v2	576	Pulse	255	7470000	4476	NA
p028v2	576	Response	100	7471792	6268	1
p028v2	578	Pulse	255	7500000	17810	NA
p028v2	580	Response	100	7520752	8232	1
p028v2	581	Pulse	255	7530000	9147	NA
p028v2	583	Pulse	255	7560000	8650	NA
p028v2	584	Response	101	7567792	6276	1
p028v2	586	Pulse	255	7590000	11819	NA
p028v2	588	Response	101	7615232	6720	1
p028v2	589	Pulse	255	7620000	4655	NA
p028v2	591	Pulse	255	7650000	4158	NA
p028v2	592	Response	100	7663792	7784	1
p028v2	594	Pulse	255	7680000	5827	NA
p028v2	596	Pulse	255	7710000	5496	NA
p028v2	596	Response	100	7710831	6328	1
p028v2	598	Pulse	255	7740000	18664	NA
p028v2	600	Response	101	7759392	7725	1
p028v2	602	Pulse	255	7770000	168	NA
p028v2	603	Pulse	255	7800000	10004	NA
p028v2	604	Response	101	7809712	9550	1
p028v2	606	Pulse	255	7830000	9839	NA
p028v2	608	Pulse	255	7860000	9509	NA
p028v2	608	Response	101	7864032	13541	1
p028v2	610	Pulse	255	7890000	15511	NA
p028v2	612	Response	101	7913391	8571	1
p028v2	613	Pulse	255	7920000	6514	NA
p028v2	615	Pulse	255	7950000	6017	NA
p028v2	616	Response	100	7960592	6443	1
p028v2	618	Pulse	255	7980000	9019	NA
p028v2	620	Response	100	8008112	6800	1
p028v2	621	Pulse	255	8010000	1689	NA
p028v2	623	Pulse	255	8040000	1192	NA
p028v2	624	Response	101	8057792	8818	1
p028v2	626	Pulse	255	8070000	1694	NA
p028v2	628	Pulse	255	8100000	1363	NA
p028v2	628	Response	101	8107472	8835	1
p028v2	630	Pulse	255	8130000	12032	NA
p028v2	632	Response	100	8156671	8372	1
p028v2	633	Pulse	255	8160000	3202	NA
p028v2	635	Pulse	255	8190000	2704	NA
p028v2	636	Response	100	8203551	6090	1
p028v2	638	Pulse	255	8220000	6040	NA
p028v2	640	Response	100	8247712	3421	1
p028v2	641	Pulse	255	8250000	2210	NA
p028v2	643	Pulse	255	8280000	1712	NA
p028v2	644	Response	101	8296034	7580	1
p028v2	646	Pulse	255	8310000	3548	NA
p028v2	648	Pulse	255	8340000	3217	NA
p028v2	648	Response	101	8344272	7490	1
p028v2	650	Pulse	255	8370000	15219	NA
p028v2	652	Response	100	8391791	6680	1
p028v2	653	Pulse	255	8400000	8055	NA
p028v2	655	Pulse	255	8430000	7558	NA
p028v2	656	Response	100	8439712	7104	1
p028v2	658	Pulse	255	8460000	9894	NA
p028v2	660	Response	100	8486112	5674	1
p028v2	661	Pulse	255	8490000	3730	NA
p028v2	663	Pulse	255	8520000	3233	NA
p028v2	664	Response	100	8530031	3098	1
p028v2	666	Pulse	255	8550000	9568	NA
p028v2	668	Response	101	8578112	7349	1
p028v2	669	Pulse	255	8580000	1738	NA
p028v2	671	Pulse	255	8610000	1241	NA
p028v2	672	Response	100	8628351	9426	1
p028v2	674	Pulse	255	8640000	1243	NA
p028v2	676	Pulse	255	8670000	913	NA
p028v2	676	Response	101	8672911	3824	1
p028v2	678	Pulse	255	8700000	16580	NA
p028v2	680	Response	100	8722352	8602	1
p028v2	681	Pulse	255	8730000	7584	NA
p028v2	683	Pulse	255	8760000	7086	NA
p028v2	684	Response	101	8769071	5992	1
p028v2	686	Pulse	255	8790000	10422	NA
p028v2	688	Pulse	255	8820000	10091	NA
p028v2	688	Response	100	8820751	10843	1
p028v2	690	Pulse	255	8850000	18760	NA
p028v2	692	Response	101	8867631	6060	1
p028v2	694	Pulse	255	8880000	1931	NA
p028v2	696	Pulse	255	8910000	1600	NA
p028v2	696	Response	101	8916512	8112	1
p028v2	698	Pulse	255	8940000	13101	NA
p028v2	700	Response	101	8963231	6002	1
p028v2	701	Pulse	255	8970000	6605	NA
p028v2	703	Pulse	255	9000000	6107	NA
p028v2	704	Response	100	9009551	5493	1
p028v2	706	Pulse	255	9030000	9943	NA
p028v2	708	Response	101	9056351	5963	1
p028v2	709	Pulse	255	9060000	3446	NA
p028v2	711	Pulse	255	9090000	2949	NA
p028v2	712	Response	101	9106351	9134	1
p028v2	714	Pulse	255	9120000	3118	NA
p028v2	716	Pulse	255	9150000	2787	NA
p028v2	716	Response	100	9154431	7218	1
p028v2	718	Pulse	255	9180000	15122	NA
p028v2	720	Response	100	9201151	5942	1
p028v2	721	Pulse	255	9210000	8792	NA
p028v2	723	Pulse	255	9240000	8294	NA
p028v2	724	Picture	instruct_trial	9241871	0	1	40163	1	0	next	other	0
p028v2	724	Pulse	255	9270000	28129	NA
