Scenario - learning_JJ_english
Logfile written - 03/17/2022 12:43:45

Subject	Trial	Event Type	Code	Time	TTime	Uncertainty	Duration	Uncertainty	ReqTime	ReqDur	Stim Type	Pair Index

p029v2	0	Pulse	255	0	0	NA
p029v2	1	Picture	instruct_trial	10333	0	1	279476	1	0	next	other	0
p029v2	1	Pulse	255	30000	19667	NA
p029v2	1	Pulse	255	60000	49667	NA
p029v2	1	Pulse	255	90000	79667	NA
p029v2	1	Pulse	255	120000	109667	NA
p029v2	1	Pulse	255	150000	139667	NA
p029v2	1	Pulse	255	180000	169667	NA
p029v2	1	Pulse	255	210000	199667	NA
p029v2	1	Pulse	255	240000	229667	NA
p029v2	1	Pulse	255	270000	259667	NA
p029v2	1	Response	100	289693	279360	1
p029v2	1	Pulse	255	300000	289667	NA
p029v2	2	Pulse	255	330000	29859	NA
p029v2	2	Pulse	255	360000	59859	NA
p029v2	2	Response	101	369774	69633	1
p029v2	4	Pulse	255	390000	9699	NA
p029v2	6	Pulse	255	420000	9368	NA
p029v2	6	Response	100	441534	30902	1
p029v2	7	Pulse	255	450000	8371	NA
p029v2	9	Pulse	255	480000	7873	NA
p029v2	10	Response	101	500174	17881	1
p029v2	11	Pulse	255	510000	9709	NA
p029v2	13	Pulse	255	540000	9212	NA
p029v2	14	Pulse	255	570000	29046	NA
p029v2	14	Pulse	255	600000	59046	NA
p029v2	14	Response	100	600093	59139	1
p029v2	16	Pulse	255	630000	19385	NA
p029v2	18	Response	100	654092	13146	1
p029v2	19	Pulse	255	660000	5722	NA
p029v2	21	Pulse	255	690000	5225	NA
p029v2	22	Pulse	255	720000	25059	NA
p029v2	22	Response	101	747693	52753	1
p029v2	23	Pulse	255	750000	2231	NA
p029v2	25	Pulse	255	780000	1733	NA
p029v2	26	Response	100	801533	13101	1
p029v2	27	Pulse	255	810000	8402	NA
p029v2	29	Pulse	255	840000	7904	NA
p029v2	30	Pulse	255	870000	27739	NA
p029v2	30	Pulse	255	900000	57739	NA
p029v2	30	Response	100	918653	76392	1
p029v2	32	Pulse	255	930000	913	NA
p029v2	34	Pulse	255	960000	582	NA
p029v2	34	Response	100	986493	27075	1
p029v2	35	Pulse	255	990000	3418	NA
p029v2	37	Pulse	255	1020000	2920	NA
p029v2	38	Pulse	255	1050000	22755	NA
p029v2	38	Pulse	255	1080000	52755	NA
p029v2	38	Pulse	255	1110000	82755	NA
p029v2	38	Response	101	1139054	111808	1
p029v2	39	Pulse	255	1140000	764	NA
p029v2	41	Pulse	255	1170000	267	NA
p029v2	42	Response	101	1191296	11397	1
p029v2	43	Pulse	255	1200000	8602	NA
p029v2	45	Pulse	255	1230000	8105	NA
p029v2	46	Pulse	255	1260000	27939	NA
p029v2	46	Response	100	1276813	44752	1
p029v2	48	Pulse	255	1290000	2777	NA
p029v2	50	Pulse	255	1320000	2446	NA
p029v2	50	Pulse	255	1350000	32446	NA
p029v2	50	Response	101	1371213	53660	1
p029v2	51	Pulse	255	1380000	8618	NA
p029v2	53	Pulse	255	1410000	8120	NA
p029v2	54	Response	101	1420172	8127	1
p029v2	56	Pulse	255	1440000	9289	NA
p029v2	58	Response	100	1469053	8012	1
p029v2	59	Pulse	255	1470000	793	NA
p029v2	61	Pulse	255	1500000	295	NA
p029v2	62	Pulse	255	1530000	20129	NA
p029v2	62	Response	101	1555373	45503	1
p029v2	63	Pulse	255	1560000	4467	NA
p029v2	65	Pulse	255	1590000	3969	NA
p029v2	66	Response	100	1602414	6217	1
p029v2	68	Pulse	255	1620000	7138	NA
p029v2	70	Pulse	255	1650000	6808	NA
p029v2	70	Response	101	1657056	13864	1
p029v2	72	Pulse	255	1680000	12476	NA
p029v2	74	Response	101	1703853	5999	1
p029v2	75	Pulse	255	1710000	5980	NA
p029v2	77	Pulse	255	1740000	5482	NA
p029v2	78	Pulse	255	1770000	25316	NA
p029v2	78	Response	101	1774173	29490	1
p029v2	80	Pulse	255	1800000	15320	NA
p029v2	82	Response	101	1821773	6762	1
p029v2	83	Pulse	255	1830000	8156	NA
p029v2	85	Pulse	255	1860000	7659	NA
p029v2	86	Pulse	255	1890000	27493	NA
p029v2	86	Response	100	1891693	29187	1
p029v2	88	Pulse	255	1920000	17830	NA
p029v2	90	Response	100	1939453	6952	1
p029v2	92	Pulse	255	1950000	167	NA
p029v2	93	Pulse	255	1980000	10002	NA
p029v2	94	Response	100	1987373	7210	1
p029v2	96	Pulse	255	2010000	12171	NA
p029v2	98	Pulse	255	2040000	11841	NA
p029v2	98	Response	100	2040893	12734	1
p029v2	100	Pulse	255	2070000	18676	NA
p029v2	102	Pulse	255	2100000	18345	NA
p029v2	102	Response	101	2104893	23238	1
p029v2	104	Pulse	255	2130000	14682	NA
p029v2	106	Response	101	2153293	7644	1
p029v2	107	Pulse	255	2160000	6518	NA
p029v2	109	Pulse	255	2190000	6021	NA
p029v2	110	Response	101	2217053	22908	1
p029v2	111	Pulse	255	2220000	2857	NA
p029v2	113	Pulse	255	2250000	2360	NA
p029v2	114	Response	100	2267214	9408	1
p029v2	116	Pulse	255	2280000	2362	NA
p029v2	118	Pulse	255	2310000	2032	NA
p029v2	118	Response	101	2324572	16603	1
p029v2	120	Pulse	255	2340000	5034	NA
p029v2	122	Pulse	255	2370000	4703	NA
p029v2	122	Response	101	2372892	7595	1
p029v2	124	Pulse	255	2400000	16705	NA
p029v2	126	Response	101	2421692	8066	1
p029v2	127	Pulse	255	2430000	8208	NA
p029v2	129	Pulse	255	2460000	7711	NA
p029v2	130	Response	101	2472412	9957	1
p029v2	132	Pulse	255	2490000	7047	NA
p029v2	134	Pulse	255	2520000	6716	NA
p029v2	134	Response	100	2537853	24568	1
p029v2	136	Pulse	255	2550000	1719	NA
p029v2	138	Pulse	255	2580000	1388	NA
p029v2	138	Response	100	2585053	6441	1
p029v2	140	Pulse	255	2610000	14556	NA
p029v2	142	Pulse	255	2640000	14226	NA
p029v2	142	Response	101	2654012	28237	1
p029v2	144	Pulse	255	2670000	5562	NA
p029v2	146	Pulse	255	2700000	5231	NA
p029v2	146	Response	101	2704572	9804	1
p029v2	148	Pulse	255	2730000	14900	NA
p029v2	150	Response	101	2755693	10262	1
p029v2	151	Pulse	255	2760000	4237	NA
p029v2	153	Pulse	255	2790000	3739	NA
p029v2	154	Response	100	2803293	6866	1
p029v2	156	Pulse	255	2820000	6242	NA
p029v2	158	Pulse	255	2850000	5911	NA
p029v2	158	Response	100	2853213	9124	1
p029v2	160	Pulse	255	2880000	16246	NA
p029v2	162	Response	101	2906093	12008	1
p029v2	163	Pulse	255	2910000	3750	NA
p029v2	165	Pulse	255	2940000	3252	NA
p029v2	166	Response	101	2956892	9978	1
p029v2	168	Pulse	255	2970000	2588	NA
p029v2	170	Pulse	255	3000000	2258	NA
p029v2	170	Response	100	3016093	18350	1
p029v2	172	Pulse	255	3030000	3427	NA
p029v2	174	Pulse	255	3060000	3096	NA
p029v2	174	Response	100	3062653	5749	1
p029v2	176	Pulse	255	3090000	16931	NA
p029v2	178	Response	100	3112731	9331	1
p029v2	179	Pulse	255	3120000	7101	NA
p029v2	181	Pulse	255	3150000	6603	NA
p029v2	182	Pulse	255	3180000	26438	NA
p029v2	182	Pulse	255	3210000	56438	NA
p029v2	182	Response	100	3212413	58850	1
p029v2	184	Pulse	255	3240000	17110	NA
p029v2	186	Response	101	3260813	7592	1
p029v2	187	Pulse	255	3270000	9114	NA
p029v2	189	Pulse	255	3300000	8616	NA
p029v2	190	Response	100	3311529	9980	1
p029v2	192	Pulse	255	3330000	7952	NA
p029v2	194	Pulse	255	3360000	7621	NA
p029v2	194	Response	101	3379212	26834	1
p029v2	196	Pulse	255	3390000	291	NA
p029v2	197	Pulse	255	3420000	10126	NA
p029v2	198	Response	100	3437692	17653	1
p029v2	200	Pulse	255	3450000	1796	NA
p029v2	202	Pulse	255	3480000	1466	NA
p029v2	202	Response	101	3485053	6519	1
p029v2	204	Pulse	255	3510000	14467	NA
p029v2	206	Response	100	3533612	7748	1
p029v2	207	Pulse	255	3540000	6304	NA
p029v2	209	Pulse	255	3570000	5806	NA
p029v2	210	Pulse	255	3600000	25641	NA
p029v2	210	Pulse	255	3630000	55641	NA
p029v2	210	Response	101	3633772	59413	1
p029v2	212	Pulse	255	3660000	15813	NA
p029v2	214	Pulse	255	3690000	15483	NA
p029v2	214	Response	100	3696813	22295	1
p029v2	216	Pulse	255	3720000	12652	NA
p029v2	218	Response	101	3744413	6734	1
p029v2	219	Pulse	255	3750000	5489	NA
p029v2	221	Pulse	255	3780000	4991	NA
p029v2	222	Pulse	255	3810000	24825	NA
p029v2	222	Pulse	255	3840000	54825	NA
p029v2	222	Response	100	3841292	56118	1
p029v2	224	Pulse	255	3870000	18331	NA
p029v2	226	Pulse	255	3900000	18000	NA
p029v2	226	Response	100	3914412	32412	1
p029v2	228	Pulse	255	3930000	5171	NA
p029v2	230	Pulse	255	3960000	4840	NA
p029v2	230	Response	101	3961612	6452	1
p029v2	232	Pulse	255	3990000	18008	NA
p029v2	234	Response	100	4009453	7130	1
p029v2	236	Pulse	255	4020000	12	NA
p029v2	237	Pulse	255	4050000	9847	NA
p029v2	238	Response	100	4077532	27214	1
p029v2	239	Pulse	255	4080000	2351	NA
p029v2	241	Pulse	255	4110000	1853	NA
p029v2	242	Picture	instruct_trial	4118313	0	1	329305	1	0	next	other	0
p029v2	242	Pulse	255	4140000	21687	NA
p029v2	242	Pulse	255	4170000	51687	NA
p029v2	242	Pulse	255	4200000	81687	NA
p029v2	242	Pulse	255	4230000	111687	NA
p029v2	242	Pulse	255	4260000	141687	NA
p029v2	242	Pulse	255	4290000	171687	NA
p029v2	242	Pulse	255	4320000	201687	NA
p029v2	242	Pulse	255	4350000	231687	NA
p029v2	242	Pulse	255	4380000	261687	NA
p029v2	242	Pulse	255	4410000	291687	NA
p029v2	242	Pulse	255	4440000	321687	NA
p029v2	242	Response	100	4447452	329139	1
p029v2	243	Pulse	255	4470000	22216	NA
p029v2	243	Response	101	4488492	40707	1
p029v2	245	Pulse	255	4500000	1054	NA
p029v2	247	Pulse	255	4530000	723	NA
p029v2	247	Response	100	4557932	28655	1
p029v2	248	Pulse	255	4560000	1892	NA
p029v2	250	Pulse	255	4590000	1395	NA
p029v2	251	Pulse	255	4620000	21229	NA
p029v2	251	Response	100	4634172	35401	1
p029v2	253	Pulse	255	4650000	5399	NA
p029v2	255	Pulse	255	4680000	5069	NA
p029v2	255	Response	100	4686651	11720	1
p029v2	257	Pulse	255	4710000	12904	NA
p029v2	259	Pulse	255	4740000	12573	NA
p029v2	259	Response	100	4741132	13705	1
p029v2	261	Pulse	255	4770000	18409	NA
p029v2	263	Pulse	255	4800000	18078	NA
p029v2	263	Response	101	4820332	38410	1
p029v2	264	Pulse	255	4830000	9581	NA
p029v2	266	Pulse	255	4860000	9084	NA
p029v2	267	Response	101	4871452	10370	1
p029v2	269	Pulse	255	4890000	8087	NA
p029v2	271	Pulse	255	4920000	7756	NA
p029v2	271	Response	101	4920012	7767	1
p029v2	273	Pulse	255	4950000	19591	NA
p029v2	275	Response	101	4967052	6312	1
p029v2	277	Pulse	255	4980000	2428	NA
p029v2	279	Pulse	255	5010000	2097	NA
p029v2	279	Response	100	5016652	8749	1
p029v2	281	Pulse	255	5040000	12932	NA
p029v2	283	Pulse	255	5070000	12602	NA
p029v2	283	Response	101	5091691	34293	1
p029v2	284	Pulse	255	5100000	8105	NA
p029v2	286	Pulse	255	5130000	7607	NA
p029v2	287	Response	101	5140411	7853	1
p029v2	289	Pulse	255	5160000	9110	NA
p029v2	291	Pulse	255	5190000	8779	NA
p029v2	291	Response	100	5193132	11911	1
p029v2	293	Pulse	255	5220000	16448	NA
p029v2	295	Pulse	255	5250000	16117	NA
p029v2	295	Pulse	255	5280000	46117	NA
p029v2	295	Response	101	5292012	58129	1
p029v2	297	Pulse	255	5310000	7456	NA
p029v2	299	Pulse	255	5340000	7125	NA
p029v2	299	Response	101	5364811	31936	1
p029v2	300	Pulse	255	5370000	5128	NA
p029v2	302	Pulse	255	5400000	4631	NA
p029v2	303	Response	101	5413372	7837	1
p029v2	305	Pulse	255	5430000	6133	NA
p029v2	307	Pulse	255	5460000	5802	NA
p029v2	307	Response	100	5462732	8534	1
p029v2	309	Pulse	255	5490000	16804	NA
p029v2	311	Response	100	5510812	7286	1
p029v2	312	Pulse	255	5520000	9141	NA
p029v2	314	Pulse	255	5550000	8643	NA
p029v2	315	Response	100	5559852	8330	1
p029v2	317	Pulse	255	5580000	9646	NA
p029v2	319	Response	100	5607932	7247	1
p029v2	320	Pulse	255	5610000	1982	NA
p029v2	322	Pulse	255	5640000	1485	NA
p029v2	323	Pulse	255	5670000	21319	NA
p029v2	323	Response	101	5679851	31171	1
p029v2	325	Pulse	255	5700000	9656	NA
p029v2	327	Response	101	5728732	8057	1
p029v2	328	Pulse	255	5730000	1159	NA
p029v2	330	Pulse	255	5760000	662	NA
p029v2	331	Pulse	255	5790000	20496	NA
p029v2	331	Response	101	5805211	35707	1
p029v2	333	Pulse	255	5820000	4334	NA
p029v2	335	Pulse	255	5850000	4003	NA
p029v2	335	Response	101	5869612	23614	1
p029v2	337	Pulse	255	5880000	6	NA
p029v2	338	Pulse	255	5910000	9841	NA
p029v2	339	Response	101	5919774	9449	1
p029v2	341	Pulse	255	5940000	9843	NA
p029v2	343	Pulse	255	5970000	9513	NA
p029v2	343	Response	100	5974331	13844	1
p029v2	345	Pulse	255	6000000	15181	NA
p029v2	347	Pulse	255	6030000	14851	NA
p029v2	347	Pulse	255	6060000	44851	NA
p029v2	347	Response	101	6083531	68382	1
p029v2	348	Pulse	255	6090000	6357	NA
p029v2	350	Pulse	255	6120000	5859	NA
p029v2	351	Response	101	6135211	10905	1
p029v2	353	Pulse	255	6150000	4362	NA
p029v2	355	Pulse	255	6180000	4031	NA
p029v2	355	Response	100	6195532	19563	1
p029v2	357	Pulse	255	6210000	4034	NA
p029v2	359	Pulse	255	6240000	3703	NA
p029v2	359	Response	100	6249372	13075	1
p029v2	361	Pulse	255	6270000	10205	NA
p029v2	363	Pulse	255	6300000	9874	NA
p029v2	363	Pulse	255	6330000	39874	NA
p029v2	363	Response	100	6342252	52126	1
p029v2	365	Pulse	255	6360000	7213	NA
p029v2	367	Pulse	255	6390000	6882	NA
p029v2	367	Response	101	6400252	17134	1
p029v2	369	Pulse	255	6420000	9218	NA
p029v2	371	Pulse	255	6450000	8887	NA
p029v2	371	Response	100	6455135	14023	1
p029v2	373	Pulse	255	6480000	14390	NA
p029v2	375	Pulse	255	6510000	14059	NA
p029v2	375	Response	101	6511210	15269	1
p029v2	377	Pulse	255	6540000	18394	NA
p029v2	379	Response	100	6568971	17035	1
p029v2	380	Pulse	255	6570000	898	NA
p029v2	382	Pulse	255	6600000	401	NA
p029v2	383	Response	100	6621852	12087	1
p029v2	384	Pulse	255	6630000	8070	NA
p029v2	386	Pulse	255	6660000	7572	NA
p029v2	387	Pulse	255	6690000	27406	NA
p029v2	387	Response	101	6708251	45657	1
p029v2	389	Pulse	255	6720000	1245	NA
p029v2	391	Pulse	255	6750000	914	NA
p029v2	391	Response	101	6760331	11245	1
p029v2	393	Pulse	255	6780000	9249	NA
p029v2	395	Pulse	255	6810000	8918	NA
p029v2	395	Response	100	6832731	31649	1
p029v2	396	Pulse	255	6840000	7088	NA
p029v2	398	Pulse	255	6870000	6590	NA
p029v2	399	Response	101	6885771	12196	1
p029v2	401	Pulse	255	6900000	3760	NA
p029v2	403	Pulse	255	6930000	3429	NA
p029v2	403	Response	100	6939211	12640	1
p029v2	405	Pulse	255	6960000	10265	NA
p029v2	407	Pulse	255	6990000	9934	NA
p029v2	407	Response	100	7000731	20665	1
p029v2	409	Pulse	255	7020000	8770	NA
p029v2	411	Pulse	255	7050000	8439	NA
p029v2	411	Response	101	7050171	8610	1
p029v2	413	Pulse	255	7080000	19441	NA
p029v2	415	Pulse	255	7110000	19110	NA
p029v2	415	Response	101	7131691	40801	1
p029v2	416	Pulse	255	7140000	8114	NA
p029v2	418	Pulse	255	7170000	7616	NA
p029v2	419	Response	101	7195050	22501	1
p029v2	420	Pulse	255	7200000	4786	NA
p029v2	422	Pulse	255	7230000	4288	NA
p029v2	423	Response	101	7245291	9414	1
p029v2	425	Pulse	255	7260000	4291	NA
p029v2	427	Pulse	255	7290000	3960	NA
p029v2	427	Pulse	255	7320000	33960	NA
p029v2	427	Pulse	255	7350000	63960	NA
p029v2	427	Response	100	7367691	81652	1
p029v2	429	Pulse	255	7380000	1801	NA
p029v2	431	Pulse	255	7410000	1471	NA
p029v2	431	Response	100	7431611	23082	1
p029v2	432	Pulse	255	7440000	8306	NA
p029v2	434	Pulse	255	7470000	7809	NA
p029v2	435	Response	100	7484091	11734	1
p029v2	437	Pulse	255	7500000	5478	NA
p029v2	439	Pulse	255	7530000	5147	NA
p029v2	439	Response	101	7536251	11398	1
p029v2	441	Pulse	255	7560000	13316	NA
p029v2	443	Pulse	255	7590000	12985	NA
p029v2	443	Pulse	255	7620000	42985	NA
p029v2	443	Response	101	7621931	44916	1
p029v2	445	Pulse	255	7650000	17657	NA
p029v2	447	Pulse	255	7680000	17326	NA
p029v2	447	Response	100	7691211	28537	1
p029v2	449	Pulse	255	7710000	8329	NA
p029v2	451	Pulse	255	7740000	7999	NA
p029v2	451	Response	100	7742410	10409	1
p029v2	453	Pulse	255	7770000	17167	NA
p029v2	455	Response	100	7796331	13167	1
p029v2	456	Pulse	255	7800000	3504	NA
p029v2	458	Pulse	255	7830000	3007	NA
p029v2	459	Pulse	255	7860000	22841	NA
p029v2	459	Response	101	7885771	48612	1
p029v2	460	Pulse	255	7890000	4178	NA
p029v2	462	Pulse	255	7920000	3681	NA
p029v2	463	Response	101	7932651	6166	1
p029v2	465	Pulse	255	7950000	6850	NA
p029v2	467	Pulse	255	7980000	6519	NA
p029v2	467	Response	100	7984650	11169	1
p029v2	469	Pulse	255	8010000	14855	NA
p029v2	471	Pulse	255	8040000	14524	NA
p029v2	471	Response	101	8050331	24855	1
p029v2	473	Pulse	255	8070000	9194	NA
p029v2	475	Pulse	255	8100000	8863	NA
p029v2	475	Response	101	8115851	24714	1
p029v2	477	Pulse	255	8130000	3699	NA
p029v2	479	Pulse	255	8160000	3368	NA
p029v2	479	Response	101	8165051	8419	1
p029v2	481	Pulse	255	8190000	14537	NA
p029v2	483	Picture	instruct_trial	8205794	0	1	16499	1	0	next	other	0
p029v2	483	Pulse	255	8220000	14206	NA
p029v2	483	Response	101	8222090	16297	1
p029v2	484	Pulse	255	8250000	27541	NA
p029v2	484	Response	100	8269451	46992	1
p029v2	486	Pulse	255	8280000	46	NA
p029v2	487	Pulse	255	8310000	9881	NA
p029v2	488	Response	101	8328730	18445	1
p029v2	490	Pulse	255	8340000	884	NA
p029v2	492	Pulse	255	8370000	553	NA
p029v2	492	Pulse	255	8400000	30553	NA
p029v2	492	Response	101	8401450	32003	1
p029v2	494	Pulse	255	8430000	18057	NA
p029v2	496	Pulse	255	8460000	17726	NA
p029v2	496	Response	100	8465771	23497	1
p029v2	498	Pulse	255	8490000	13729	NA
p029v2	500	Pulse	255	8520000	13399	NA
p029v2	500	Response	101	8540811	34209	1
p029v2	501	Pulse	255	8550000	9068	NA
p029v2	503	Pulse	255	8580000	8571	NA
p029v2	504	Response	101	8587611	6016	1
p029v2	506	Pulse	255	8610000	11906	NA
p029v2	508	Response	100	8637291	8866	1
p029v2	509	Pulse	255	8640000	2577	NA
p029v2	511	Pulse	255	8670000	2079	NA
p029v2	512	Pulse	255	8700000	21913	NA
p029v2	512	Response	100	8722731	44644	1
p029v2	513	Pulse	255	8730000	7084	NA
p029v2	515	Pulse	255	8760000	6587	NA
p029v2	516	Response	100	8771690	8111	1
p029v2	518	Pulse	255	8790000	7922	NA
p029v2	520	Pulse	255	8820000	7592	NA
p029v2	520	Response	100	8842171	29762	1
p029v2	521	Pulse	255	8850000	7761	NA
p029v2	523	Pulse	255	8880000	7263	NA
p029v2	524	Response	101	8890171	7269	1
p029v2	526	Pulse	255	8910000	9433	NA
p029v2	528	Pulse	255	8940000	9102	NA
p029v2	528	Pulse	255	8970000	39102	NA
p029v2	528	Response	101	8980569	49671	1
p029v2	530	Pulse	255	9000000	8940	NA
p029v2	532	Pulse	255	9030000	8610	NA
p029v2	532	Response	101	9040811	19421	1
p029v2	534	Pulse	255	9060000	8779	NA
p029v2	536	Response	101	9087451	5899	1
p029v2	537	Pulse	255	9090000	2449	NA
p029v2	539	Pulse	255	9120000	1951	NA
p029v2	540	Response	100	9139689	11475	1
p029v2	541	Pulse	255	9150000	10120	NA
p029v2	543	Pulse	255	9180000	9622	NA
p029v2	544	Pulse	255	9210000	29457	NA
p029v2	544	Response	100	9228331	47787	1
p029v2	546	Pulse	255	9240000	1128	NA
p029v2	548	Pulse	255	9270000	798	NA
p029v2	548	Response	100	9296651	27448	1
p029v2	549	Pulse	255	9300000	3300	NA
p029v2	551	Pulse	255	9330000	2803	NA
p029v2	552	Pulse	255	9360000	22637	NA
p029v2	552	Pulse	255	9390000	52637	NA
p029v2	552	Response	100	9414970	77607	1
p029v2	553	Pulse	255	9420000	4977	NA
p029v2	555	Pulse	255	9450000	4479	NA
p029v2	556	Response	101	9461370	5684	1
p029v2	558	Pulse	255	9480000	8148	NA
p029v2	560	Pulse	255	9510000	7818	NA
p029v2	560	Pulse	255	9540000	37818	NA
p029v2	560	Pulse	255	9570000	67818	NA
p029v2	560	Response	101	9577930	75748	1
p029v2	562	Pulse	255	9600000	11658	NA
p029v2	564	Response	101	9625610	6938	1
p029v2	565	Pulse	255	9630000	4328	NA
p029v2	567	Pulse	255	9660000	3831	NA
p029v2	568	Pulse	255	9690000	23665	NA
p029v2	568	Pulse	255	9720000	53665	NA
p029v2	568	Response	100	9725610	59276	1
p029v2	570	Pulse	255	9750000	14004	NA
p029v2	572	Response	100	9774570	8244	1
p029v2	573	Pulse	255	9780000	5341	NA
p029v2	575	Pulse	255	9810000	4844	NA
p029v2	576	Response	100	9825131	9809	1
p029v2	578	Pulse	255	9840000	4346	NA
p029v2	580	Pulse	255	9870000	4016	NA
p029v2	580	Pulse	255	9900000	34016	NA
p029v2	580	Response	101	9907290	41306	1
p029v2	582	Pulse	255	9930000	12187	NA
p029v2	584	Pulse	255	9960000	11856	NA
p029v2	584	Response	100	9964170	16026	1
p029v2	586	Pulse	255	9990000	15358	NA
p029v2	588	Response	101	10015770	10798	1
p029v2	589	Pulse	255	10020000	4029	NA
p029v2	591	Pulse	255	10050000	3531	NA
p029v2	592	Pulse	255	10080000	23365	NA
p029v2	592	Pulse	255	10110000	53365	NA
p029v2	592	Pulse	255	10140000	83365	NA
p029v2	592	Response	101	10158090	101455	1
p029v2	594	Pulse	255	10170000	1375	NA
p029v2	596	Pulse	255	10200000	1044	NA
p029v2	596	Response	100	10208009	9054	1
p029v2	598	Pulse	255	10230000	11546	NA
p029v2	600	Response	101	10259769	10985	1
p029v2	601	Pulse	255	10260000	50	NA
p029v2	602	Pulse	255	10290000	19717	NA
p029v2	604	Response	101	10306328	5715	1
p029v2	606	Pulse	255	10320000	3221	NA
p029v2	608	Pulse	255	10350000	2890	NA
p029v2	608	Response	101	10353690	6581	1
p029v2	610	Pulse	255	10380000	15892	NA
p029v2	612	Response	101	10409850	15411	1
p029v2	613	Pulse	255	10410000	63	NA
p029v2	614	Pulse	255	10440000	19730	NA
p029v2	616	Response	100	10457849	7248	1
p029v2	618	Pulse	255	10470000	1734	NA
p029v2	620	Pulse	255	10500000	1403	NA
p029v2	620	Response	100	10507849	9252	1
p029v2	622	Pulse	255	10530000	11739	NA
p029v2	624	Pulse	255	10560000	11408	NA
p029v2	624	Response	101	10572649	24057	1
p029v2	626	Pulse	255	10590000	6911	NA
p029v2	628	Pulse	255	10620000	6580	NA
p029v2	628	Response	101	10634089	20669	1
p029v2	630	Pulse	255	10650000	5416	NA
p029v2	632	Pulse	255	10680000	5085	NA
p029v2	632	Response	101	10694250	19335	1
p029v2	634	Pulse	255	10710000	5255	NA
p029v2	636	Pulse	255	10740000	4924	NA
p029v2	636	Response	100	10742570	7494	1
p029v2	638	Pulse	255	10770000	16925	NA
p029v2	640	Pulse	255	10800000	16595	NA
p029v2	640	Pulse	255	10830000	46595	NA
p029v2	640	Pulse	255	10860000	76595	NA
p029v2	640	Pulse	255	10890000	106595	NA
p029v2	640	Pulse	255	10920000	136595	NA
p029v2	640	Pulse	255	10950000	166595	NA
p029v2	640	Pulse	255	10980000	196595	NA
p029v2	640	Pulse	255	11010000	226595	NA
p029v2	640	Response	100	11023690	240285	1
p029v2	642	Pulse	255	11040000	5783	NA
p029v2	644	Pulse	255	11070000	5452	NA
p029v2	644	Pulse	255	11100000	35452	NA
p029v2	644	Response	101	11107691	43143	1
p029v2	646	Pulse	255	11130000	11790	NA
p029v2	648	Response	101	11159930	11390	1
p029v2	648	Pulse	255	11160000	11459	NA
p029v2	650	Pulse	255	11190000	19628	NA
p029v2	652	Pulse	255	11220000	19297	NA
p029v2	652	Response	100	11222890	22187	1
p029v2	654	Pulse	255	11250000	16633	NA
p029v2	656	Response	100	11274810	11112	1
p029v2	657	Pulse	255	11280000	5137	NA
p029v2	659	Pulse	255	11310000	4640	NA
p029v2	660	Response	100	11327610	12084	1
p029v2	662	Pulse	255	11340000	1976	NA
p029v2	664	Pulse	255	11370000	1645	NA
p029v2	664	Pulse	255	11400000	31645	NA
p029v2	664	Response	101	11418810	50455	1
p029v2	666	Pulse	255	11430000	650	NA
p029v2	668	Pulse	255	11460000	320	NA
p029v2	668	Response	101	11468090	8409	1
p029v2	670	Pulse	255	11490000	11488	NA
p029v2	672	Response	100	11519929	11086	1
p029v2	672	Pulse	255	11520000	11157	NA
p029v2	674	Pulse	255	11550000	19659	NA
p029v2	676	Pulse	255	11580000	19328	NA
p029v2	676	Pulse	255	11610000	49328	NA
p029v2	676	Response	101	11612330	51658	1
p029v2	678	Pulse	255	11640000	17167	NA
p029v2	680	Response	100	11667688	14525	1
p029v2	681	Pulse	255	11670000	2171	NA
p029v2	683	Pulse	255	11700000	1673	NA
p029v2	684	Response	101	11717690	9198	1
p029v2	686	Pulse	255	11730000	1843	NA
p029v2	688	Pulse	255	11760000	1512	NA
p029v2	688	Response	100	11769368	10880	1
p029v2	690	Pulse	255	11790000	10180	NA
p029v2	692	Pulse	255	11820000	9850	NA
p029v2	692	Pulse	255	11850000	39850	NA
p029v2	692	Pulse	255	11880000	69850	NA
p029v2	692	Pulse	255	11910000	99850	NA
p029v2	692	Pulse	255	11940000	129850	NA
p029v2	692	Pulse	255	11970000	159850	NA
p029v2	692	Pulse	255	12000000	189850	NA
p029v2	692	Response	100	12013849	203699	1
p029v2	694	Pulse	255	12030000	5702	NA
p029v2	696	Pulse	255	12060000	5371	NA
p029v2	696	Pulse	255	12090000	35371	NA
p029v2	696	Response	101	12095128	40499	1
p029v2	698	Pulse	255	12120000	14375	NA
p029v2	700	Pulse	255	12150000	14044	NA
p029v2	700	Response	101	12152650	16694	1
p029v2	702	Pulse	255	12180000	16880	NA
p029v2	704	Pulse	255	12210000	16549	NA
p029v2	704	Response	101	12216729	23278	1
p029v2	706	Pulse	255	12240000	12886	NA
p029v2	708	Pulse	255	12270000	12555	NA
p029v2	708	Response	101	12278489	21044	1
p029v2	710	Pulse	255	12300000	11058	NA
p029v2	712	Pulse	255	12330000	10727	NA
p029v2	712	Response	101	12330088	10815	1
p029v2	714	Pulse	255	12360000	19395	NA
p029v2	716	Response	100	12381689	10754	1
p029v2	717	Pulse	255	12390000	8232	NA
p029v2	719	Pulse	255	12420000	7735	NA
p029v2	720	Response	100	12438089	15658	1
p029v2	722	Pulse	255	12450000	1405	NA
p029v2	724	Picture	instruct_trial	12478926	0	1	40163	1	0	next	other	0
p029v2	724	Pulse	255	12480000	1074	NA
p029v2	724	Pulse	255	12510000	31074	NA
