Scenario - learning_JJ_english
Logfile written - 03/11/2022 12:21:13

Subject	Trial	Event Type	Code	Time	TTime	Uncertainty	Duration	Uncertainty	ReqTime	ReqDur	Stim Type	Pair Index

P030	0	Pulse	255	0	0	NA
P030	1	Picture	instruct_trial	10333	0	1	3416872	1	0	next	other	0
P030	1	Pulse	255	30000	19667	NA
P030	1	Pulse	255	60000	49667	NA
P030	1	Pulse	255	90000	79667	NA
P030	1	Pulse	255	120000	109667	NA
P030	1	Pulse	255	150000	139667	NA
P030	1	Pulse	255	180000	169667	NA
P030	1	Pulse	255	210000	199667	NA
P030	1	Pulse	255	240000	229667	NA
P030	1	Pulse	255	270000	259667	NA
P030	1	Pulse	255	300000	289667	NA
P030	1	Pulse	255	330000	319667	NA
P030	1	Pulse	255	360000	349667	NA
P030	1	Pulse	255	390000	379667	NA
P030	1	Pulse	255	420000	409667	NA
P030	1	Pulse	255	450000	439667	NA
P030	1	Pulse	255	480000	469667	NA
P030	1	Pulse	255	510000	499667	NA
P030	1	Pulse	255	540000	529667	NA
P030	1	Pulse	255	570000	559667	NA
P030	1	Pulse	255	600000	589667	NA
P030	1	Pulse	255	630000	619667	NA
P030	1	Pulse	255	660000	649667	NA
P030	1	Pulse	255	690000	679667	NA
P030	1	Pulse	255	720000	709667	NA
P030	1	Pulse	255	750000	739667	NA
P030	1	Pulse	255	780000	769667	NA
P030	1	Pulse	255	810000	799667	NA
P030	1	Pulse	255	840000	829667	NA
P030	1	Pulse	255	870000	859667	NA
P030	1	Pulse	255	900000	889667	NA
P030	1	Pulse	255	930000	919667	NA
P030	1	Pulse	255	960000	949667	NA
P030	1	Pulse	255	990000	979667	NA
P030	1	Pulse	255	1020000	1009667	NA
P030	1	Pulse	255	1050000	1039667	NA
P030	1	Pulse	255	1080000	1069667	NA
P030	1	Pulse	255	1110000	1099667	NA
P030	1	Pulse	255	1140000	1129667	NA
P030	1	Pulse	255	1170000	1159667	NA
P030	1	Pulse	255	1200000	1189667	NA
P030	1	Pulse	255	1230000	1219667	NA
P030	1	Pulse	255	1260000	1249667	NA
P030	1	Pulse	255	1290000	1279667	NA
P030	1	Pulse	255	1320000	1309667	NA
P030	1	Pulse	255	1350000	1339667	NA
P030	1	Pulse	255	1380000	1369667	NA
P030	1	Pulse	255	1410000	1399667	NA
P030	1	Pulse	255	1440000	1429667	NA
P030	1	Pulse	255	1470000	1459667	NA
P030	1	Pulse	255	1500000	1489667	NA
P030	1	Pulse	255	1530000	1519667	NA
P030	1	Pulse	255	1560000	1549667	NA
P030	1	Pulse	255	1590000	1579667	NA
P030	1	Pulse	255	1620000	1609667	NA
P030	1	Pulse	255	1650000	1639667	NA
P030	1	Pulse	255	1680000	1669667	NA
P030	1	Pulse	255	1710000	1699667	NA
P030	1	Pulse	255	1740000	1729667	NA
P030	1	Pulse	255	1770000	1759667	NA
P030	1	Pulse	255	1800000	1789667	NA
P030	1	Pulse	255	1830000	1819667	NA
P030	1	Pulse	255	1860000	1849667	NA
P030	1	Pulse	255	1890000	1879667	NA
P030	1	Pulse	255	1920000	1909667	NA
P030	1	Pulse	255	1950000	1939667	NA
P030	1	Pulse	255	1980000	1969667	NA
P030	1	Pulse	255	2010000	1999667	NA
P030	1	Pulse	255	2040000	2029667	NA
P030	1	Pulse	255	2070000	2059667	NA
P030	1	Pulse	255	2100000	2089667	NA
P030	1	Pulse	255	2130000	2119667	NA
P030	1	Pulse	255	2160000	2149667	NA
P030	1	Pulse	255	2190000	2179667	NA
P030	1	Pulse	255	2220000	2209667	NA
P030	1	Pulse	255	2250000	2239667	NA
P030	1	Pulse	255	2280000	2269667	NA
P030	1	Pulse	255	2310000	2299667	NA
P030	1	Pulse	255	2340000	2329667	NA
P030	1	Pulse	255	2370000	2359667	NA
P030	1	Pulse	255	2400000	2389667	NA
P030	1	Pulse	255	2430000	2419667	NA
P030	1	Pulse	255	2460000	2449667	NA
P030	1	Pulse	255	2490000	2479667	NA
P030	1	Pulse	255	2520000	2509667	NA
P030	1	Pulse	255	2550000	2539667	NA
P030	1	Pulse	255	2580000	2569667	NA
P030	1	Pulse	255	2610000	2599667	NA
P030	1	Pulse	255	2640000	2629667	NA
P030	1	Pulse	255	2670000	2659667	NA
P030	1	Pulse	255	2700000	2689667	NA
P030	1	Pulse	255	2730000	2719667	NA
P030	1	Pulse	255	2760000	2749667	NA
P030	1	Pulse	255	2790000	2779667	NA
P030	1	Pulse	255	2820000	2809667	NA
P030	1	Pulse	255	2850000	2839667	NA
P030	1	Pulse	255	2880000	2869667	NA
P030	1	Pulse	255	2910000	2899667	NA
P030	1	Pulse	255	2940000	2929667	NA
P030	1	Pulse	255	2970000	2959667	NA
P030	1	Pulse	255	3000000	2989667	NA
P030	1	Pulse	255	3030000	3019667	NA
P030	1	Pulse	255	3060000	3049667	NA
P030	1	Pulse	255	3090000	3079667	NA
P030	1	Pulse	255	3120000	3109667	NA
P030	1	Pulse	255	3150000	3139667	NA
P030	1	Pulse	255	3180000	3169667	NA
P030	1	Pulse	255	3210000	3199667	NA
P030	1	Pulse	255	3240000	3229667	NA
P030	1	Pulse	255	3270000	3259667	NA
P030	1	Pulse	255	3300000	3289667	NA
P030	1	Pulse	255	3330000	3319667	NA
P030	1	Pulse	255	3360000	3349667	NA
P030	1	Pulse	255	3390000	3379667	NA
P030	1	Pulse	255	3420000	3409667	NA
P030	1	Response	101	3427043	3416710	1
P030	1	Pulse	255	3450000	3439667	NA
P030	2	Pulse	255	3480000	29797	NA
P030	2	Pulse	255	3510000	59797	NA
P030	2	Response	101	3538401	88198	1
P030	3	Pulse	255	3540000	1471	NA
P030	5	Pulse	255	3570000	974	NA
P030	6	Pulse	255	3600000	20808	NA
P030	6	Pulse	255	3630000	50808	NA
P030	6	Pulse	255	3660000	80808	NA
P030	6	Pulse	255	3690000	110808	NA
P030	6	Pulse	255	3720000	140808	NA
P030	6	Response	101	3720481	141289	1
P030	8	Pulse	255	3750000	18988	NA
P030	10	Pulse	255	3780000	18657	NA
P030	10	Response	101	3783841	22498	1
P030	12	Pulse	255	3810000	15660	NA
P030	14	Pulse	255	3840000	15329	NA
P030	14	Response	101	3840001	15330	1
P030	16	Pulse	255	3870000	19498	NA
P030	18	Pulse	255	3900000	19167	NA
P030	18	Response	100	3924961	44128	1
P030	19	Pulse	255	3930000	4838	NA
P030	21	Pulse	255	3960000	4340	NA
P030	22	Response	101	3980401	14576	1
P030	23	Pulse	255	3990000	9509	NA
P030	25	Pulse	255	4020000	9012	NA
P030	26	Pulse	255	4050000	28846	NA
P030	26	Response	101	4079361	58207	1
P030	27	Pulse	255	4080000	518	NA
P030	29	Pulse	255	4110000	20	NA
P030	30	Pulse	255	4140000	19855	NA
P030	30	Response	100	4144401	24255	1
P030	32	Pulse	255	4170000	15191	NA
P030	34	Pulse	255	4200000	14860	NA
P030	34	Response	101	4216161	31021	1
P030	36	Pulse	255	4230000	3364	NA
P030	38	Pulse	255	4260000	3033	NA
P030	38	Response	101	4272721	15754	1
P030	40	Pulse	255	4290000	6869	NA
P030	42	Pulse	255	4320000	6538	NA
P030	42	Pulse	255	4350000	36538	NA
P030	42	Response	100	4371761	58299	1
P030	43	Pulse	255	4380000	8043	NA
P030	45	Pulse	255	4410000	7545	NA
P030	46	Response	100	4425681	13061	1
P030	48	Pulse	255	4440000	3882	NA
P030	50	Pulse	255	4470000	3551	NA
P030	50	Response	101	4489441	22992	1
P030	52	Pulse	255	4500000	54	NA
P030	53	Pulse	255	4530000	9889	NA
P030	54	Response	100	4550961	20684	1
P030	55	Pulse	255	4560000	8892	NA
P030	57	Pulse	255	4590000	8394	NA
P030	58	Response	101	4599361	7589	1
P030	60	Pulse	255	4620000	10230	NA
P030	62	Pulse	255	4650000	9899	NA
P030	62	Pulse	255	4680000	39899	NA
P030	62	Response	101	4690881	50780	1
P030	64	Pulse	255	4710000	8738	NA
P030	66	Pulse	255	4740000	8407	NA
P030	66	Response	101	4744561	12968	1
P030	68	Pulse	255	4770000	14909	NA
P030	70	Pulse	255	4800000	14578	NA
P030	70	Response	101	4821120	35699	1
P030	71	Pulse	255	4830000	8748	NA
P030	73	Pulse	255	4860000	8251	NA
P030	74	Response	100	4870721	8806	1
P030	76	Pulse	255	4890000	8753	NA
P030	78	Pulse	255	4920000	8423	NA
P030	78	Pulse	255	4950000	38423	NA
P030	78	Response	101	4964241	52663	1
P030	80	Pulse	255	4980000	5261	NA
P030	82	Pulse	255	5010000	4931	NA
P030	82	Pulse	255	5040000	34931	NA
P030	82	Response	101	5061601	56532	1
P030	83	Pulse	255	5070000	8269	NA
P030	85	Pulse	255	5100000	7772	NA
P030	86	Pulse	255	5130000	27606	NA
P030	86	Response	100	5144641	42247	1
P030	88	Pulse	255	5160000	4944	NA
P030	90	Pulse	255	5190000	4613	NA
P030	90	Response	100	5207681	22294	1
P030	92	Pulse	255	5220000	1782	NA
P030	94	Pulse	255	5250000	1452	NA
P030	94	Pulse	255	5280000	31452	NA
P030	94	Pulse	255	5310000	61452	NA
P030	94	Pulse	255	5340000	91452	NA
P030	94	Response	101	5366321	117772	1
P030	95	Pulse	255	5370000	3628	NA
P030	97	Pulse	255	5400000	3131	NA
P030	98	Pulse	255	5430000	22965	NA
P030	98	Pulse	255	5460000	52965	NA
P030	98	Pulse	255	5490000	82965	NA
P030	98	Pulse	255	5520000	112965	NA
P030	98	Pulse	255	5550000	142965	NA
P030	98	Response	101	5554721	147686	1
P030	100	Pulse	255	5580000	14812	NA
P030	102	Pulse	255	5610000	14482	NA
P030	102	Response	100	5639680	44162	1
P030	103	Pulse	255	5640000	152	NA
P030	104	Pulse	255	5670000	19820	NA
P030	106	Response	101	5695201	14689	1
P030	107	Pulse	255	5700000	4657	NA
P030	109	Pulse	255	5730000	4159	NA
P030	110	Pulse	255	5760000	23994	NA
P030	110	Response	100	5770161	34154	1
P030	112	Pulse	255	5790000	9331	NA
P030	114	Pulse	255	5820000	9000	NA
P030	114	Response	100	5832640	21640	1
P030	116	Pulse	255	5850000	6836	NA
P030	118	Pulse	255	5880000	6505	NA
P030	118	Pulse	255	5910000	36505	NA
P030	118	Response	100	5916800	43306	1
P030	120	Pulse	255	5940000	12677	NA
P030	122	Pulse	255	5970000	12346	NA
P030	122	Response	101	5978480	20826	1
P030	124	Pulse	255	6000000	11015	NA
P030	126	Pulse	255	6030000	10685	NA
P030	126	Response	101	6044000	24685	1
P030	128	Pulse	255	6060000	5521	NA
P030	130	Pulse	255	6090000	5190	NA
P030	130	Response	100	6110560	25751	1
P030	131	Pulse	255	6120000	9359	NA
P030	133	Pulse	255	6150000	8862	NA
P030	134	Pulse	255	6180000	28696	NA
P030	134	Pulse	255	6210000	58696	NA
P030	134	Response	100	6211280	59976	1
P030	136	Pulse	255	6240000	18202	NA
P030	138	Pulse	255	6270000	17871	NA
P030	138	Pulse	255	6300000	47871	NA
P030	138	Response	100	6327680	75551	1
P030	139	Pulse	255	6330000	2211	NA
P030	141	Pulse	255	6360000	1714	NA
P030	142	Response	101	6380080	11628	1
P030	143	Pulse	255	6390000	9716	NA
P030	145	Pulse	255	6420000	9218	NA
P030	146	Pulse	255	6450000	29053	NA
P030	146	Response	101	6468080	47133	1
P030	148	Pulse	255	6480000	1391	NA
P030	150	Pulse	255	6510000	1060	NA
P030	150	Response	101	6532320	23380	1
P030	151	Pulse	255	6540000	7562	NA
P030	153	Pulse	255	6570000	7065	NA
P030	154	Pulse	255	6600000	26899	NA
P030	154	Response	101	6608001	34900	1
P030	156	Pulse	255	6630000	11570	NA
P030	158	Pulse	255	6660000	11239	NA
P030	158	Response	100	6672880	24119	1
P030	160	Pulse	255	6690000	6742	NA
P030	162	Pulse	255	6720000	6411	NA
P030	162	Response	101	6746000	32411	1
P030	163	Pulse	255	6750000	3914	NA
P030	165	Pulse	255	6780000	3417	NA
P030	166	Response	100	6809200	22451	1
P030	167	Pulse	255	6810000	753	NA
P030	169	Pulse	255	6840000	255	NA
P030	170	Pulse	255	6870000	20090	NA
P030	170	Response	100	6888560	38649	1
P030	172	Pulse	255	6900000	927	NA
P030	174	Pulse	255	6930000	596	NA
P030	174	Pulse	255	6960000	30596	NA
P030	174	Response	100	6980960	51556	1
P030	175	Pulse	255	6990000	8934	NA
P030	177	Pulse	255	7020000	8437	NA
P030	178	Response	101	7043520	21792	1
P030	179	Pulse	255	7050000	6273	NA
P030	181	Pulse	255	7080000	5776	NA
P030	182	Pulse	255	7110000	25610	NA
P030	182	Response	100	7119280	34890	1
P030	184	Pulse	255	7140000	10280	NA
P030	186	Pulse	255	7170000	9950	NA
P030	186	Response	100	7180560	20510	1
P030	188	Pulse	255	7200000	8952	NA
P030	190	Pulse	255	7230000	8622	NA
P030	190	Response	101	7251600	30222	1
P030	191	Pulse	255	7260000	8291	NA
P030	193	Pulse	255	7290000	7793	NA
P030	194	Pulse	255	7320000	27628	NA
P030	194	Pulse	255	7350000	57628	NA
P030	194	Response	101	7360160	67788	1
P030	196	Pulse	255	7380000	9308	NA
P030	198	Pulse	255	7410000	8970	NA
P030	198	Pulse	255	7440000	38970	NA
P030	198	Pulse	255	7470000	68970	NA
P030	198	Response	101	7475440	74410	1
P030	200	Pulse	255	7500000	14144	NA
P030	202	Pulse	255	7530000	13814	NA
P030	202	Pulse	255	7560000	43814	NA
P030	202	Pulse	255	7590000	73814	NA
P030	202	Response	101	7601440	85254	1
P030	204	Pulse	255	7620000	8155	NA
P030	206	Pulse	255	7650000	7824	NA
P030	206	Response	101	7678720	36544	1
P030	207	Pulse	255	7680000	1161	NA
P030	209	Pulse	255	7710000	664	NA
P030	210	Pulse	255	7740000	20498	NA
P030	210	Pulse	255	7770000	50498	NA
P030	210	Pulse	255	7800000	80498	NA
P030	210	Response	101	7816080	96577	1
P030	212	Pulse	255	7830000	3507	NA
P030	214	Pulse	255	7860000	3176	NA
P030	214	Response	101	7877920	21096	1
P030	216	Pulse	255	7890000	1679	NA
P030	218	Pulse	255	7920000	1348	NA
P030	218	Response	101	7945759	27108	1
P030	219	Pulse	255	7950000	4184	NA
P030	221	Pulse	255	7980000	3687	NA
P030	222	Pulse	255	8010000	23521	NA
P030	222	Pulse	255	8040000	53521	NA
P030	222	Response	101	8044400	57920	1
P030	224	Pulse	255	8070000	15193	NA
P030	226	Pulse	255	8100000	14863	NA
P030	226	Response	100	8120880	35742	1
P030	227	Pulse	255	8130000	9032	NA
P030	229	Pulse	255	8160000	8535	NA
P030	230	Pulse	255	8190000	28369	NA
P030	230	Response	101	8194960	33329	1
P030	232	Pulse	255	8220000	14540	NA
P030	234	Response	101	8247200	11409	1
P030	235	Pulse	255	8250000	2710	NA
P030	237	Pulse	255	8280000	2213	NA
P030	238	Pulse	255	8310000	22047	NA
P030	238	Pulse	255	8340000	52047	NA
P030	238	Response	100	8348400	60447	1
P030	240	Pulse	255	8370000	11220	NA
P030	242	Picture	instruct_trial	8389111	0	1	21665	1	0	next	other	0
P030	242	Pulse	255	8400000	10889	NA
P030	242	Response	101	8410640	21528	1
P030	243	Pulse	255	8430000	19057	NA
P030	243	Pulse	255	8460000	49057	NA
P030	243	Pulse	255	8490000	79057	NA
P030	243	Pulse	255	8520000	109057	NA
P030	243	Pulse	255	8550000	139057	NA
P030	243	Response	101	8559680	148737	1
P030	245	Pulse	255	8580000	9904	NA
P030	247	Pulse	255	8610000	9574	NA
P030	247	Pulse	255	8640000	39574	NA
P030	247	Pulse	255	8670000	69574	NA
P030	247	Pulse	255	8700000	99574	NA
P030	247	Response	101	8723119	122693	1
P030	248	Pulse	255	8730000	6751	NA
P030	250	Pulse	255	8760000	6254	NA
P030	251	Pulse	255	8790000	26088	NA
P030	251	Response	101	8801440	37528	1
P030	253	Pulse	255	8820000	8092	NA
P030	255	Pulse	255	8850000	7761	NA
P030	255	Pulse	255	8880000	37761	NA
P030	255	Response	101	8892399	50161	1
P030	257	Pulse	255	8910000	7100	NA
P030	259	Pulse	255	8940000	6769	NA
P030	259	Pulse	255	8970000	36769	NA
P030	259	Response	100	8995759	62528	1
P030	260	Pulse	255	9000000	4108	NA
P030	262	Pulse	255	9030000	3610	NA
P030	263	Pulse	255	9060000	23445	NA
P030	263	Pulse	255	9090000	53445	NA
P030	263	Response	101	9117840	81284	1
P030	264	Pulse	255	9120000	1952	NA
P030	266	Pulse	255	9150000	1454	NA
P030	267	Response	100	9175679	16968	1
P030	268	Pulse	255	9180000	4123	NA
P030	270	Pulse	255	9210000	3626	NA
P030	271	Pulse	255	9240000	23460	NA
P030	271	Pulse	255	9270000	53460	NA
P030	271	Response	100	9283599	67059	1
P030	273	Pulse	255	9300000	5967	NA
P030	275	Pulse	255	9330000	5636	NA
P030	275	Response	100	9344239	19875	1
P030	277	Pulse	255	9360000	5305	NA
P030	279	Pulse	255	9390000	4975	NA
P030	279	Pulse	255	9420000	34975	NA
P030	279	Response	100	9421999	36974	1
P030	281	Pulse	255	9450000	17479	NA
P030	283	Pulse	255	9480000	17148	NA
P030	283	Pulse	255	9510000	47148	NA
P030	283	Response	101	9521520	58668	1
P030	285	Pulse	255	9540000	7987	NA
P030	287	Pulse	255	9570000	7656	NA
P030	287	Pulse	255	9600000	37656	NA
P030	287	Response	101	9600719	38376	1
P030	289	Pulse	255	9630000	18827	NA
P030	291	Pulse	255	9660000	18497	NA
P030	291	Pulse	255	9690000	48497	NA
P030	291	Response	101	9701839	60336	1
P030	293	Pulse	255	9720000	7669	NA
P030	295	Pulse	255	9750000	7339	NA
P030	295	Pulse	255	9780000	37339	NA
P030	295	Pulse	255	9810000	67339	NA
P030	295	Response	101	9832719	90058	1
P030	296	Pulse	255	9840000	7180	NA
P030	298	Pulse	255	9870000	6682	NA
P030	299	Response	100	9895359	21875	1
P030	300	Pulse	255	9900000	4519	NA
P030	302	Pulse	255	9930000	4021	NA
P030	303	Pulse	255	9960000	23855	NA
P030	303	Pulse	255	9990000	53855	NA
P030	303	Pulse	255	10020000	83855	NA
P030	303	Response	101	10049119	112974	1
P030	304	Pulse	255	10050000	698	NA
P030	306	Pulse	255	10080000	201	NA
P030	307	Pulse	255	10110000	20035	NA
P030	307	Response	100	10116559	26594	1
P030	309	Pulse	255	10140000	13038	NA
P030	311	Pulse	255	10170000	12708	NA
P030	311	Pulse	255	10200000	42708	NA
P030	311	Pulse	255	10230000	72708	NA
P030	311	Response	101	10240639	83347	1
P030	313	Pulse	255	10260000	8882	NA
P030	315	Pulse	255	10290000	8552	NA
P030	315	Pulse	255	10320000	38552	NA
P030	315	Pulse	255	10350000	68552	NA
P030	315	Response	101	10353599	72151	1
P030	317	Pulse	255	10380000	15892	NA
P030	319	Pulse	255	10410000	15561	NA
P030	319	Response	101	10435119	40680	1
P030	320	Pulse	255	10440000	4732	NA
P030	322	Pulse	255	10470000	4234	NA
P030	323	Pulse	255	10500000	24068	NA
P030	323	Response	101	10517679	41748	1
P030	325	Pulse	255	10530000	1906	NA
P030	327	Pulse	255	10560000	1576	NA
P030	327	Pulse	255	10590000	31576	NA
P030	327	Response	100	10592559	34134	1
P030	329	Pulse	255	10620000	16913	NA
P030	331	Response	100	10642959	9541	1
P030	332	Pulse	255	10650000	6916	NA
P030	334	Pulse	255	10680000	6419	NA
P030	335	Response	100	10692559	8812	1
P030	337	Pulse	255	10710000	6921	NA
P030	339	Pulse	255	10740000	6591	NA
P030	339	Response	100	10766399	32989	1
P030	340	Pulse	255	10770000	3427	NA
P030	342	Pulse	255	10800000	2929	NA
P030	343	Pulse	255	10830000	22764	NA
P030	343	Pulse	255	10860000	52764	NA
P030	343	Pulse	255	10890000	82764	NA
P030	343	Pulse	255	10920000	112764	NA
P030	343	Response	101	10942319	135082	1
P030	344	Pulse	255	10950000	7609	NA
P030	346	Pulse	255	10980000	7111	NA
P030	347	Pulse	255	11010000	26945	NA
P030	347	Response	101	11013598	30544	1
P030	349	Pulse	255	11040000	15949	NA
P030	351	Pulse	255	11070000	15618	NA
P030	351	Pulse	255	11100000	45618	NA
P030	351	Response	101	11108879	54497	1
P030	353	Pulse	255	11130000	10624	NA
P030	355	Response	100	11158079	8376	1
P030	356	Pulse	255	11160000	1794	NA
P030	358	Pulse	255	11190000	1297	NA
P030	359	Pulse	255	11220000	21131	NA
P030	359	Response	101	11221838	22969	1
P030	361	Pulse	255	11250000	17634	NA
P030	363	Response	101	11274799	12101	1
P030	364	Pulse	255	11280000	5137	NA
P030	366	Pulse	255	11310000	4640	NA
P030	367	Response	101	11324959	9433	1
P030	369	Pulse	255	11340000	4642	NA
P030	371	Pulse	255	11370000	4312	NA
P030	371	Response	100	11380478	14790	1
P030	373	Pulse	255	11400000	8981	NA
P030	375	Pulse	255	11430000	8650	NA
P030	375	Response	100	11434318	12968	1
P030	377	Pulse	255	11460000	15152	NA
P030	379	Response	100	11482239	7060	1
P030	380	Pulse	255	11490000	7655	NA
P030	382	Pulse	255	11520000	7158	NA
P030	383	Response	101	11533118	10110	1
P030	385	Pulse	255	11550000	6494	NA
P030	387	Pulse	255	11580000	6163	NA
P030	387	Response	101	11594959	21122	1
P030	389	Pulse	255	11610000	4499	NA
P030	391	Pulse	255	11640000	4168	NA
P030	391	Pulse	255	11670000	34168	NA
P030	391	Pulse	255	11700000	64168	NA
P030	391	Pulse	255	11730000	94168	NA
P030	391	Response	100	11741998	106167	1
P030	391	Response	101	11742000	106168	1
P030	393	Response	100	11756639	4151	1
P030	393	Pulse	255	11760000	7512	NA
P030	395	Response	100	11789438	6619	1
P030	396	Pulse	255	11790000	515	NA
P030	398	Pulse	255	11820000	18	NA
P030	399	Pulse	255	11850000	19852	NA
P030	399	Response	101	11864398	34250	1
P030	401	Pulse	255	11880000	5189	NA
P030	403	Pulse	255	11910000	4858	NA
P030	403	Response	101	11921679	16537	1
P030	405	Pulse	255	11940000	7861	NA
P030	407	Pulse	255	11970000	7530	NA
P030	407	Response	101	11970958	8488	1
P030	409	Pulse	255	12000000	18531	NA
P030	411	Pulse	255	12030000	18201	NA
P030	411	Response	100	12044238	32439	1
P030	413	Pulse	255	12060000	5371	NA
P030	415	Pulse	255	12090000	5040	NA
P030	415	Response	100	12095198	10239	1
P030	417	Pulse	255	12120000	14375	NA
P030	419	Response	100	12141678	5723	1
P030	420	Pulse	255	12150000	8212	NA
P030	421	Response	100	12167759	15638	1
P030	422	Pulse	255	12180000	7715	NA
P030	423	Response	100	12201599	19147	1
P030	424	Pulse	255	12210000	8217	NA
P030	426	Pulse	255	12240000	7720	NA
P030	427	Pulse	255	12270000	27554	NA
P030	427	Response	101	12272078	29632	1
P030	429	Pulse	255	12300000	17391	NA
P030	431	Response	100	12320646	7706	1
P030	432	Pulse	255	12330000	9227	NA
P030	433	Response	100	12339758	8653	1
P030	434	Pulse	255	12360000	8730	NA
P030	435	Pulse	255	12390000	28564	NA
P030	435	Response	101	12413519	52083	1
P030	436	Pulse	255	12420000	6402	NA
P030	438	Pulse	255	12450000	5905	NA
P030	439	Response	100	12468159	13897	1
P030	441	Pulse	255	12480000	1408	NA
P030	443	Pulse	255	12510000	1077	NA
P030	443	Response	101	12515038	6115	1
P030	445	Pulse	255	12540000	14578	NA
P030	447	Response	100	12561039	5286	1
P030	448	Pulse	255	12570000	8915	NA
P030	450	Pulse	255	12600000	8417	NA
P030	451	Response	101	12606639	4891	1
P030	452	Response	101	12609438	2690	1
P030	453	Pulse	255	12630000	12920	NA
P030	455	Pulse	255	12660000	12589	NA
P030	455	Response	100	12677838	30427	1
P030	457	Pulse	255	12690000	1759	NA
P030	459	Pulse	255	12720000	1428	NA
P030	459	Response	101	12725437	6866	1
P030	461	Pulse	255	12750000	14096	NA
P030	463	Pulse	255	12780000	13766	NA
P030	463	Response	101	12803280	37046	1
P030	464	Pulse	255	12810000	6602	NA
P030	466	Pulse	255	12840000	6105	NA
P030	467	Pulse	255	12870000	25939	NA
P030	467	Response	101	12881358	37297	1
P030	469	Pulse	255	12900000	8110	NA
P030	471	Pulse	255	12930000	7779	NA
P030	471	Response	101	12931278	9057	1
P030	473	Response	101	12949278	7558	1
P030	473	Pulse	255	12960000	18281	NA
P030	475	Response	100	12978638	6588	1
P030	477	Pulse	255	12990000	952	NA
P030	479	Pulse	255	13020000	621	NA
P030	479	Pulse	255	13050000	30621	NA
P030	479	Response	100	13053519	34139	1
P030	481	Pulse	255	13080000	15958	NA
P030	483	Picture	instruct_trial	13094373	0	1	36497	1	0	next	other	0
P030	483	Pulse	255	13110000	15627	NA
P030	483	Response	101	13130797	36425	1
P030	484	Pulse	255	13140000	8964	NA
P030	484	Pulse	255	13170000	38964	NA
P030	484	Response	101	13182158	51122	1
P030	486	Pulse	255	13200000	7302	NA
P030	488	Pulse	255	13230000	6972	NA
P030	488	Pulse	255	13260000	36972	NA
P030	488	Pulse	255	13290000	66972	NA
P030	488	Response	101	13308558	85530	1
P030	490	Pulse	255	13320000	980	NA
P030	492	Pulse	255	13350000	649	NA
P030	492	Response	101	13369038	19687	1
P030	494	Pulse	255	13380000	485	NA
P030	496	Pulse	255	13410000	154	NA
P030	496	Pulse	255	13440000	30154	NA
P030	496	Response	101	13451678	41832	1
P030	498	Pulse	255	13470000	7826	NA
P030	500	Pulse	255	13500000	7495	NA
P030	500	Response	100	13506478	13972	1
P030	502	Pulse	255	13530000	12997	NA
P030	504	Response	101	13559198	11864	1
P030	505	Pulse	255	13560000	667	NA
P030	507	Pulse	255	13590000	170	NA
P030	508	Response	100	13608318	8322	1
P030	510	Pulse	255	13620000	1172	NA
P030	512	Pulse	255	13650000	842	NA
P030	512	Pulse	255	13680000	30842	NA
P030	512	Response	100	13687438	38279	1
P030	514	Pulse	255	13710000	12179	NA
P030	516	Pulse	255	13740000	11849	NA
P030	516	Response	100	13769997	41846	1
P030	516	Pulse	255	13770000	41849	NA
P030	518	Pulse	255	13800000	19520	NA
P030	520	Pulse	255	13830000	19189	NA
P030	520	Pulse	255	13860000	49189	NA
P030	520	Response	101	13872638	61827	1
P030	522	Pulse	255	13890000	6862	NA
P030	524	Pulse	255	13920000	6531	NA
P030	524	Response	101	13923758	10289	1
P030	526	Pulse	255	13950000	15866	NA
P030	528	Pulse	255	13980000	15536	NA
P030	528	Pulse	255	14010000	45536	NA
P030	528	Pulse	255	14040000	75536	NA
P030	528	Response	100	14044637	80173	1
P030	530	Pulse	255	14070000	14877	NA
P030	530	Response	101	14074317	19194	1
P030	532	Pulse	255	14100000	14546	NA
P030	532	Response	100	14100557	15103	1
P030	534	Pulse	255	14130000	19048	NA
P030	536	Response	101	14149357	8075	1
P030	538	Pulse	255	14160000	219	NA
P030	538	Response	101	14167838	8057	1
P030	539	Pulse	255	14190000	10054	NA
P030	540	Response	100	14199597	9485	1
P030	542	Pulse	255	14220000	9890	NA
P030	544	Pulse	255	14250000	9559	NA
P030	544	Pulse	255	14280000	39559	NA
P030	544	Response	101	14281277	40836	1
P030	546	Pulse	255	14310000	18230	NA
P030	546	Response	101	14310477	18707	1
P030	548	Response	100	14336477	14377	1
P030	549	Pulse	255	14340000	3401	NA
P030	550	Response	100	14356477	9546	1
P030	551	Pulse	255	14370000	2904	NA
P030	552	Pulse	255	14400000	22738	NA
P030	552	Response	101	14407917	30655	1
P030	554	Pulse	255	14430000	11575	NA
P030	554	Response	101	14436878	18452	1
P030	554	Response	100	14437117	18691	1
P030	556	Pulse	255	14460000	11244	NA
P030	556	Response	101	14472158	23401	1
P030	558	Pulse	255	14490000	7413	NA
P030	560	Pulse	255	14520000	7083	NA
P030	560	Pulse	255	14550000	37083	NA
P030	560	Response	101	14551117	38200	1
P030	562	Pulse	255	14580000	18420	NA
P030	564	Response	101	14603917	12007	1
P030	565	Pulse	255	14610000	5924	NA
P030	566	Response	101	14622477	8068	1
P030	566	Response	100	14622717	8309	1
P030	567	Pulse	255	14640000	5427	NA
P030	568	Pulse	255	14670000	25261	NA
P030	568	Response	101	14675197	30458	1
P030	570	Pulse	255	14700000	14264	NA
P030	572	Response	100	14728238	12171	1
P030	573	Pulse	255	14730000	1601	NA
P030	575	Pulse	255	14760000	1104	NA
P030	576	Response	100	14776797	7735	1
P030	578	Pulse	255	14790000	2773	NA
P030	580	Pulse	255	14820000	2442	NA
P030	580	Response	100	14830477	12919	1
P030	582	Response	100	14847837	6948	1
P030	582	Pulse	255	14850000	9111	NA
P030	584	Response	100	14878797	7577	1
P030	585	Pulse	255	14880000	1114	NA
P030	587	Pulse	255	14910000	617	NA
P030	588	Response	101	14928477	8928	1
P030	590	Pulse	255	14940000	1119	NA
P030	592	Pulse	255	14970000	789	NA
P030	592	Response	100	14987040	17828	1
P030	592	Response	101	14987040	17828	1
P030	594	Pulse	255	15000000	2458	NA
P030	596	Pulse	255	15030000	2127	NA
P030	596	Response	100	15039117	11244	1
P030	598	Pulse	255	15060000	10462	NA
P030	600	Response	101	15086077	6208	1
P030	601	Pulse	255	15090000	3799	NA
P030	602	Response	101	15103277	6744	1
P030	603	Pulse	255	15120000	3301	NA
P030	604	Response	101	15134957	8092	1
P030	606	Pulse	255	15150000	4637	NA
P030	606	Response	101	15150397	5034	1
P030	608	Pulse	255	15180000	4307	NA
P030	608	Response	101	15184077	8383	1
P030	610	Pulse	255	15210000	15475	NA
P030	612	Response	100	15231598	6742	1
P030	612	Response	101	15231598	6742	1
P030	613	Pulse	255	15240000	8311	NA
P030	615	Pulse	255	15270000	7814	NA
P030	616	Response	100	15280237	7885	1
P030	618	Pulse	255	15300000	9316	NA
P030	620	Response	100	15329997	8983	1
P030	620	Pulse	255	15330000	8986	NA
P030	622	Pulse	255	15360000	19487	NA
P030	624	Response	101	15381597	10754	1
P030	625	Pulse	255	15390000	8324	NA
P030	627	Pulse	255	15420000	7827	NA
P030	628	Response	100	15439997	17658	1
P030	629	Pulse	255	15450000	9829	NA
P030	631	Pulse	255	15480000	9332	NA
P030	632	Pulse	255	15510000	29166	NA
P030	632	Pulse	255	15540000	59166	NA
P030	632	Pulse	255	15570000	89166	NA
P030	632	Pulse	255	15600000	119166	NA
P030	632	Pulse	255	15630000	149166	NA
P030	632	Pulse	255	15660000	179166	NA
P030	632	Pulse	255	15690000	209166	NA
P030	632	Pulse	255	15720000	239166	NA
P030	632	Pulse	255	15750000	269166	NA
P030	632	Pulse	255	15780000	299166	NA
P030	632	Pulse	255	15810000	329166	NA
P030	632	Pulse	255	15840000	359166	NA
P030	632	Pulse	255	15870000	389166	NA
P030	632	Pulse	255	15900000	419166	NA
P030	632	Pulse	255	15930000	449166	NA
P030	632	Pulse	255	15960000	479166	NA
P030	632	Pulse	255	15990000	509166	NA
P030	632	Pulse	255	16020000	539166	NA
P030	632	Response	100	16049117	568283	1
P030	633	Pulse	255	16050000	715	NA
P030	635	Pulse	255	16080000	218	NA
P030	636	Pulse	255	16110000	20052	NA
P030	636	Response	101	16111676	21728	1
P030	638	Pulse	255	16140000	17888	NA
P030	640	Pulse	255	16170000	17557	NA
P030	640	Pulse	255	16200000	47557	NA
P030	640	Pulse	255	16230000	77557	NA
P030	640	Pulse	255	16260000	107557	NA
P030	640	Response	100	16263676	111234	1
P030	642	Pulse	255	16290000	15901	NA
P030	644	Pulse	255	16320000	15570	NA
P030	644	Response	101	16347916	43487	1
P030	645	Pulse	255	16350000	1907	NA
P030	646	Response	100	16365516	7092	1
P030	647	Pulse	255	16380000	1410	NA
P030	648	Pulse	255	16410000	21244	NA
P030	648	Response	100	16410637	21881	1
P030	650	Pulse	255	16440000	18914	NA
P030	652	Pulse	255	16470000	18583	NA
P030	652	Response	101	16478557	27140	1
P030	654	Response	100	16495357	6276	1
P030	654	Pulse	255	16500000	10920	NA
P030	656	Response	101	16526077	6665	1
P030	657	Pulse	255	16530000	3756	NA
P030	659	Pulse	255	16560000	3259	NA
P030	660	Response	100	16575517	8610	1
P030	662	Pulse	255	16590000	4095	NA
P030	664	Pulse	255	16620000	3764	NA
P030	664	Response	100	16621036	4800	1
P030	666	Pulse	255	16650000	18432	NA
P030	668	Pulse	255	16680000	18101	NA
P030	668	Response	101	16695516	33617	1
P030	670	Pulse	255	16710000	4105	NA
P030	672	Pulse	255	16740000	3774	NA
P030	672	Response	100	16750396	14170	1
P030	674	Pulse	255	16770000	9110	NA
P030	676	Pulse	255	16800000	8779	NA
P030	676	Response	101	16808156	16935	1
P030	678	Pulse	255	16830000	11448	NA
P030	680	Response	100	16856396	7514	1
P030	681	Pulse	255	16860000	3451	NA
P030	683	Pulse	255	16890000	2954	NA
P030	684	Response	101	16902156	4945	1
P030	686	Pulse	255	16920000	7456	NA
P030	688	Pulse	255	16950000	7125	NA
P030	688	Response	100	16960077	17202	1
P030	690	Pulse	255	16980000	9461	NA
P030	692	Pulse	255	17010000	9130	NA
P030	692	Pulse	255	17040000	39130	NA
P030	692	Pulse	255	17070000	69130	NA
P030	692	Response	101	17089756	88886	1
P030	693	Pulse	255	17100000	10138	NA
P030	695	Pulse	255	17130000	9641	NA
P030	696	Pulse	255	17160000	29475	NA
P030	696	Response	100	17166476	35951	1
P030	698	Pulse	255	17190000	13146	NA
P030	700	Response	101	17215596	8411	1
P030	701	Pulse	255	17220000	4316	NA
P030	703	Pulse	255	17250000	3818	NA
P030	704	Response	100	17273436	17089	1
P030	705	Pulse	255	17280000	6487	NA
P030	707	Pulse	255	17310000	5990	NA
P030	708	Response	101	17334556	20380	1
P030	709	Pulse	255	17340000	5326	NA
P030	711	Pulse	255	17370000	4828	NA
P030	712	Response	101	17391276	15939	1
P030	713	Pulse	255	17400000	8664	NA
P030	715	Pulse	255	17430000	8167	NA
P030	716	Response	100	17446316	14317	1
P030	718	Pulse	255	17460000	3170	NA
P030	720	Pulse	255	17490000	2839	NA
P030	720	Pulse	255	17520000	32839	NA
P030	720	Response	100	17539036	51875	1
P030	722	Pulse	255	17550000	511	NA
P030	724	Picture	instruct_trial	17579820	0	1	40163	1	0	next	other	0
P030	724	Pulse	255	17580000	180	NA
P030	724	Pulse	255	17610000	30180	NA
