Scenario - learning_JJ_english
Logfile written - 03/18/2022 11:36:17

Subject	Trial	Event Type	Code	Time	TTime	Uncertainty	Duration	Uncertainty	ReqTime	ReqDur	Stim Type	Pair Index

p030v2	0	Pulse	255	0	0	NA
p030v2	1	Picture	instruct_trial	10333	0	1	128655	1	0	next	other	0
p030v2	1	Pulse	255	30000	19667	NA
p030v2	1	Pulse	255	60000	49667	NA
p030v2	1	Pulse	255	90000	79667	NA
p030v2	1	Pulse	255	120000	109667	NA
p030v2	1	Response	101	138782	128449	1
p030v2	1	Pulse	255	150000	139667	NA
p030v2	2	Pulse	255	180000	29846	NA
p030v2	2	Response	101	181902	31748	1
p030v2	4	Pulse	255	210000	17683	NA
p030v2	6	Response	101	239022	16374	1
p030v2	7	Pulse	255	240000	854	NA
p030v2	9	Pulse	255	270000	356	NA
p030v2	10	Response	101	293981	14172	1
p030v2	11	Pulse	255	300000	5859	NA
p030v2	13	Pulse	255	330000	5195	NA
p030v2	14	Response	100	345261	10290	1
p030v2	16	Pulse	255	360000	4197	NA
p030v2	18	Pulse	255	390000	3867	NA
p030v2	18	Response	100	391901	5767	1
p030v2	20	Pulse	255	420000	17701	NA
p030v2	22	Response	100	442381	9752	1
p030v2	23	Pulse	255	450000	7538	NA
p030v2	25	Pulse	255	480000	7041	NA
p030v2	26	Response	101	497741	14616	1
p030v2	28	Pulse	255	510000	1877	NA
p030v2	30	Pulse	255	540000	1547	NA
p030v2	30	Response	101	543501	5048	1
p030v2	32	Pulse	255	570000	16048	NA
p030v2	34	Response	101	591901	7618	1
p030v2	35	Pulse	255	600000	8051	NA
p030v2	37	Pulse	255	630000	7554	NA
p030v2	38	Response	100	638301	5689	1
p030v2	40	Pulse	255	660000	11223	NA
p030v2	42	Response	100	687181	8073	1
p030v2	43	Pulse	255	690000	2726	NA
p030v2	45	Pulse	255	720000	2229	NA
p030v2	46	Response	101	734140	6204	1
p030v2	48	Pulse	255	750000	5398	NA
p030v2	50	Pulse	255	780000	5067	NA
p030v2	50	Response	100	781100	6168	1
p030v2	52	Pulse	255	810000	18402	NA
p030v2	54	Response	100	828940	7012	1
p030v2	56	Pulse	255	840000	573	NA
p030v2	58	Pulse	255	870000	242	NA
p030v2	58	Response	101	877581	7823	1
p030v2	60	Pulse	255	900000	11911	NA
p030v2	62	Pulse	255	930000	11580	NA
p030v2	62	Pulse	255	960000	41580	NA
p030v2	62	Pulse	255	990000	71580	NA
p030v2	62	Pulse	255	1020000	101580	NA
p030v2	62	Response	101	1026860	108440	1
p030v2	64	Pulse	255	1050000	12757	NA
p030v2	66	Response	101	1076300	8726	1
p030v2	67	Pulse	255	1080000	3594	NA
p030v2	69	Pulse	255	1110000	3097	NA
p030v2	70	Response	100	1125020	7951	1
p030v2	72	Pulse	255	1140000	4599	NA
p030v2	74	Pulse	255	1170000	4268	NA
p030v2	74	Response	100	1171979	6248	1
p030v2	76	Pulse	255	1200000	17603	NA
p030v2	78	Response	100	1216940	4212	1
p030v2	80	Pulse	255	1230000	2607	NA
p030v2	82	Pulse	255	1260000	2277	NA
p030v2	82	Response	100	1265340	7616	1
p030v2	84	Pulse	255	1290000	14278	NA
p030v2	86	Response	101	1311339	5287	1
p030v2	87	Pulse	255	1320000	8615	NA
p030v2	89	Pulse	255	1350000	8117	NA
p030v2	90	Response	101	1360300	8251	1
p030v2	92	Pulse	255	1380000	9287	NA
p030v2	94	Response	101	1407499	6455	1
p030v2	95	Pulse	255	1410000	2456	NA
p030v2	97	Pulse	255	1440000	1959	NA
p030v2	98	Response	101	1452459	4252	1
p030v2	100	Pulse	255	1470000	7128	NA
p030v2	102	Response	100	1496539	3336	1
p030v2	103	Pulse	255	1500000	3298	NA
p030v2	105	Pulse	255	1530000	2800	NA
p030v2	106	Response	101	1541579	4214	1
p030v2	108	Pulse	255	1560000	7969	NA
p030v2	110	Response	101	1586459	4097	1
p030v2	111	Pulse	255	1590000	3472	NA
p030v2	113	Pulse	255	1620000	2975	NA
p030v2	114	Response	101	1633019	5828	1
p030v2	116	Pulse	255	1650000	6477	NA
p030v2	118	Response	100	1679419	5565	1
p030v2	119	Pulse	255	1680000	480	NA
p030v2	120	Pulse	255	1710000	20148	NA
p030v2	122	Pulse	255	1740000	19817	NA
p030v2	122	Response	100	1742139	21956	1
p030v2	124	Pulse	255	1770000	17320	NA
p030v2	126	Response	100	1788138	5127	1
p030v2	128	Pulse	255	1800000	1324	NA
p030v2	130	Pulse	255	1830000	993	NA
p030v2	130	Response	100	1834858	5852	1
p030v2	132	Pulse	255	1860000	14662	NA
p030v2	134	Pulse	255	1890000	14331	NA
p030v2	134	Response	101	1894618	18949	1
p030v2	136	Pulse	255	1920000	15000	NA
p030v2	138	Response	101	1940458	5128	1
p030v2	139	Pulse	255	1950000	9337	NA
p030v2	141	Pulse	255	1980000	8839	NA
p030v2	142	Pulse	255	2010000	28674	NA
p030v2	142	Pulse	255	2040000	58674	NA
p030v2	142	Response	100	2056377	75051	1
p030v2	144	Pulse	255	2070000	3181	NA
p030v2	146	Pulse	255	2100000	2850	NA
p030v2	146	Response	100	2103258	6108	1
p030v2	148	Pulse	255	2130000	16352	NA
p030v2	150	Response	101	2149417	5439	1
p030v2	152	Pulse	255	2160000	189	NA
p030v2	153	Pulse	255	2190000	10024	NA
p030v2	154	Response	101	2196858	6716	1
p030v2	156	Pulse	255	2220000	12693	NA
p030v2	158	Response	101	2242217	4580	1
p030v2	159	Pulse	255	2250000	7696	NA
p030v2	161	Pulse	255	2280000	7199	NA
p030v2	162	Response	100	2301097	18130	1
p030v2	163	Pulse	255	2310000	8702	NA
p030v2	165	Pulse	255	2340000	8204	NA
p030v2	166	Pulse	255	2370000	28039	NA
p030v2	166	Pulse	255	2400000	58039	NA
p030v2	166	Response	100	2401256	59295	1
p030v2	168	Pulse	255	2430000	18211	NA
p030v2	170	Response	101	2447817	5698	1
p030v2	172	Pulse	255	2460000	1715	NA
p030v2	174	Pulse	255	2490000	1385	NA
p030v2	174	Response	101	2493417	4801	1
p030v2	176	Pulse	255	2520000	16053	NA
p030v2	178	Response	101	2539417	5139	1
p030v2	180	Pulse	255	2550000	57	NA
p030v2	181	Pulse	255	2580000	9892	NA
p030v2	182	Pulse	255	2610000	29726	NA
p030v2	182	Pulse	255	2640000	59726	NA
p030v2	182	Pulse	255	2670000	89726	NA
p030v2	182	Pulse	255	2700000	119726	NA
p030v2	182	Response	101	2716217	135943	1
p030v2	184	Pulse	255	2730000	3406	NA
p030v2	186	Pulse	255	2760000	3075	NA
p030v2	186	Response	100	2763416	6491	1
p030v2	188	Pulse	255	2790000	16076	NA
p030v2	190	Response	101	2810376	6122	1
p030v2	191	Pulse	255	2820000	9580	NA
p030v2	193	Pulse	255	2850000	9082	NA
p030v2	194	Response	100	2857336	6253	1
p030v2	196	Pulse	255	2880000	12251	NA
p030v2	198	Response	101	2902056	3977	1
p030v2	199	Pulse	255	2910000	7754	NA
p030v2	201	Pulse	255	2940000	7257	NA
p030v2	202	Response	100	2954216	11307	1
p030v2	204	Pulse	255	2970000	5260	NA
p030v2	206	Pulse	255	3000000	4929	NA
p030v2	206	Pulse	255	3030000	34929	NA
p030v2	206	Pulse	255	3060000	64929	NA
p030v2	206	Response	101	3078215	83145	1
p030v2	208	Pulse	255	3090000	1271	NA
p030v2	210	Pulse	255	3120000	940	NA
p030v2	210	Response	100	3127095	8035	1
p030v2	212	Pulse	255	3150000	12442	NA
p030v2	214	Response	100	3172375	4487	1
p030v2	215	Pulse	255	3180000	7445	NA
p030v2	217	Pulse	255	3210000	6948	NA
p030v2	218	Response	100	3219735	6517	1
p030v2	220	Pulse	255	3240000	9783	NA
p030v2	222	Response	101	3265335	4787	1
p030v2	223	Pulse	255	3270000	4620	NA
p030v2	225	Pulse	255	3300000	4122	NA
p030v2	226	Response	100	3310935	4892	1
p030v2	228	Pulse	255	3330000	8625	NA
p030v2	230	Response	100	3357175	5469	1
p030v2	231	Pulse	255	3360000	2628	NA
p030v2	233	Pulse	255	3390000	2130	NA
p030v2	234	Response	101	3404615	6580	1
p030v2	236	Pulse	255	3420000	4966	NA
p030v2	238	Pulse	255	3450000	4635	NA
p030v2	238	Response	101	3450935	5571	1
p030v2	240	Pulse	255	3480000	18637	NA
p030v2	242	Picture	instruct_trial	3491694	0	1	16332	1	0	next	other	0
p030v2	242	Response	101	3507974	16281	1
p030v2	243	Pulse	255	3510000	1808	NA
p030v2	243	Response	101	3529894	21702	1
p030v2	244	Pulse	255	3540000	9976	NA
p030v2	246	Pulse	255	3570000	9479	NA
p030v2	247	Response	101	3586854	16167	1
p030v2	249	Pulse	255	3600000	2649	NA
p030v2	251	Pulse	255	3630000	2318	NA
p030v2	251	Response	100	3639254	11572	1
p030v2	253	Pulse	255	3660000	10320	NA
p030v2	255	Pulse	255	3690000	9989	NA
p030v2	255	Response	100	3691974	11964	1
p030v2	257	Pulse	255	3720000	17491	NA
p030v2	259	Response	100	3740054	7215	1
p030v2	260	Pulse	255	3750000	9828	NA
p030v2	262	Pulse	255	3780000	9331	NA
p030v2	263	Response	100	3788054	7219	1
p030v2	265	Pulse	255	3810000	11500	NA
p030v2	267	Response	101	3838933	10102	1
p030v2	268	Pulse	255	3840000	1003	NA
p030v2	270	Pulse	255	3870000	506	NA
p030v2	271	Response	101	3887653	7994	1
p030v2	273	Pulse	255	3900000	1842	NA
p030v2	275	Pulse	255	3930000	1511	NA
p030v2	275	Response	101	3941334	12845	1
p030v2	277	Pulse	255	3960000	8180	NA
p030v2	279	Pulse	255	3990000	7849	NA
p030v2	279	Response	100	3992133	9982	1
p030v2	281	Pulse	255	4020000	17351	NA
p030v2	283	Response	100	4048293	15313	1
p030v2	284	Pulse	255	4050000	1522	NA
p030v2	286	Pulse	255	4080000	1025	NA
p030v2	287	Response	101	4103973	14832	1
p030v2	288	Pulse	255	4110000	5860	NA
p030v2	290	Pulse	255	4140000	5363	NA
p030v2	291	Response	100	4154772	9969	1
p030v2	293	Pulse	255	4170000	4699	NA
p030v2	295	Pulse	255	4200000	4368	NA
p030v2	295	Response	100	4221414	25782	1
p030v2	296	Pulse	255	4230000	8537	NA
p030v2	298	Pulse	255	4260000	8040	NA
p030v2	299	Response	101	4273093	10967	1
p030v2	301	Pulse	255	4290000	6376	NA
p030v2	303	Pulse	255	4320000	6045	NA
p030v2	303	Response	101	4325492	11538	1
p030v2	305	Pulse	255	4350000	14047	NA
p030v2	307	Response	101	4377333	11049	1
p030v2	308	Pulse	255	4380000	2551	NA
p030v2	310	Pulse	255	4410000	2053	NA
p030v2	311	Response	100	4431093	12980	1
p030v2	312	Pulse	255	4440000	8722	NA
p030v2	314	Pulse	255	4470000	8225	NA
p030v2	315	Response	100	4496213	24272	1
p030v2	316	Pulse	255	4500000	3728	NA
p030v2	318	Pulse	255	4530000	3231	NA
p030v2	319	Response	100	4545332	8397	1
p030v2	321	Pulse	255	4560000	4233	NA
p030v2	323	Pulse	255	4590000	3902	NA
p030v2	323	Response	100	4604453	18355	1
p030v2	325	Pulse	255	4620000	5072	NA
p030v2	327	Pulse	255	4650000	4741	NA
p030v2	327	Response	101	4651572	6313	1
p030v2	329	Pulse	255	4680000	17909	NA
p030v2	331	Response	101	4701493	9071	1
p030v2	332	Pulse	255	4710000	8413	NA
p030v2	334	Pulse	255	4740000	7915	NA
p030v2	335	Response	101	4750932	8682	1
p030v2	337	Pulse	255	4770000	8584	NA
p030v2	339	Pulse	255	4800000	8254	NA
p030v2	339	Response	101	4802852	11105	1
p030v2	341	Pulse	255	4830000	16756	NA
p030v2	343	Pulse	255	4860000	16425	NA
p030v2	343	Pulse	255	4890000	46425	NA
p030v2	343	Response	100	4901732	58157	1
p030v2	345	Pulse	255	4920000	7764	NA
p030v2	347	Pulse	255	4950000	7434	NA
p030v2	347	Response	100	4962932	20365	1
p030v2	349	Pulse	255	4980000	6603	NA
p030v2	351	Pulse	255	5010000	6272	NA
p030v2	351	Response	101	5010211	6484	1
p030v2	353	Pulse	255	5040000	19274	NA
p030v2	355	Response	101	5057411	6354	1
p030v2	357	Pulse	255	5070000	2111	NA
p030v2	359	Pulse	255	5100000	1781	NA
p030v2	359	Response	100	5105411	7192	1
p030v2	361	Pulse	255	5130000	14116	NA
p030v2	363	Response	100	5153571	7356	1
p030v2	364	Pulse	255	5160000	6286	NA
p030v2	366	Pulse	255	5190000	5788	NA
p030v2	367	Response	100	5205331	10953	1
p030v2	369	Pulse	255	5220000	4291	NA
p030v2	371	Pulse	255	5250000	3960	NA
p030v2	371	Response	100	5253891	7851	1
p030v2	373	Pulse	255	5280000	15629	NA
p030v2	375	Response	101	5305330	10628	1
p030v2	376	Pulse	255	5310000	4466	NA
p030v2	378	Pulse	255	5340000	3968	NA
p030v2	379	Response	101	5351651	5453	1
p030v2	381	Pulse	255	5370000	7971	NA
p030v2	383	Pulse	255	5400000	7640	NA
p030v2	383	Response	100	5405011	12651	1
p030v2	385	Pulse	255	5430000	14475	NA
p030v2	387	Response	100	5454131	8275	1
p030v2	388	Pulse	255	5460000	5812	NA
p030v2	390	Pulse	255	5490000	5315	NA
p030v2	391	Response	101	5501491	6639	1
p030v2	393	Pulse	255	5520000	7984	NA
p030v2	395	Pulse	255	5550000	7653	NA
p030v2	395	Response	101	5550050	7703	1
p030v2	397	Pulse	255	5580000	19488	NA
p030v2	399	Response	101	5598130	7288	1
p030v2	401	Pulse	255	5610000	1492	NA
p030v2	403	Pulse	255	5640000	1162	NA
p030v2	403	Response	100	5651890	13052	1
p030v2	405	Pulse	255	5670000	7664	NA
p030v2	407	Pulse	255	5700000	7333	NA
p030v2	407	Response	100	5700290	7623	1
p030v2	409	Pulse	255	5730000	19335	NA
p030v2	411	Response	101	5757730	16734	1
p030v2	412	Pulse	255	5760000	2172	NA
p030v2	414	Pulse	255	5790000	1675	NA
p030v2	415	Response	101	5811170	12679	1
p030v2	416	Pulse	255	5820000	8677	NA
p030v2	418	Pulse	255	5850000	8179	NA
p030v2	419	Response	101	5858529	6543	1
p030v2	421	Pulse	255	5880000	11015	NA
p030v2	423	Response	101	5906610	7295	1
p030v2	424	Pulse	255	5910000	3185	NA
p030v2	426	Pulse	255	5940000	2688	NA
p030v2	427	Response	100	5953169	5691	1
p030v2	429	Pulse	255	5970000	6357	NA
p030v2	431	Response	101	5998849	4875	1
p030v2	432	Pulse	255	6000000	1027	NA
p030v2	434	Pulse	255	6030000	529	NA
p030v2	435	Response	100	6046688	7052	1
p030v2	437	Pulse	255	6060000	2865	NA
p030v2	439	Pulse	255	6090000	2534	NA
p030v2	439	Response	101	6095569	8103	1
p030v2	441	Pulse	255	6120000	14036	NA
p030v2	443	Response	100	6148049	11755	1
p030v2	444	Pulse	255	6150000	1873	NA
p030v2	446	Pulse	255	6180000	1376	NA
p030v2	447	Response	101	6197009	8219	1
p030v2	449	Pulse	255	6210000	2545	NA
p030v2	451	Pulse	255	6240000	2214	NA
p030v2	451	Response	100	6246773	8987	1
p030v2	453	Pulse	255	6270000	12716	NA
p030v2	455	Response	100	6297648	10033	1
p030v2	456	Pulse	255	6300000	2220	NA
p030v2	458	Pulse	255	6330000	1722	NA
p030v2	459	Response	100	6346928	8485	1
p030v2	461	Pulse	255	6360000	2558	NA
p030v2	463	Pulse	255	6390000	2227	NA
p030v2	463	Response	101	6399248	11476	1
p030v2	465	Pulse	255	6420000	10229	NA
p030v2	467	Pulse	255	6450000	9899	NA
p030v2	467	Pulse	255	6480000	39899	NA
p030v2	467	Pulse	255	6510000	69899	NA
p030v2	467	Response	100	6512608	72507	1
p030v2	469	Pulse	255	6540000	16906	NA
p030v2	471	Response	100	6560368	6943	1
p030v2	472	Pulse	255	6570000	9576	NA
p030v2	474	Pulse	255	6600000	9079	NA
p030v2	475	Response	101	6607487	6400	1
p030v2	477	Pulse	255	6630000	12081	NA
p030v2	479	Response	101	6654047	5797	1
p030v2	480	Pulse	255	6660000	5751	NA
p030v2	482	Pulse	255	6690000	5254	NA
p030v2	483	Picture	instruct_trial	6694912	0	1	932751	1	0	next	other	0
p030v2	483	Pulse	255	6720000	25088	NA
p030v2	483	Pulse	255	6750000	55088	NA
p030v2	483	Pulse	255	6780000	85088	NA
p030v2	483	Pulse	255	6810000	115088	NA
p030v2	483	Pulse	255	6840000	145088	NA
p030v2	483	Pulse	255	6870000	175088	NA
p030v2	483	Pulse	255	6900000	205088	NA
p030v2	483	Pulse	255	6930000	235088	NA
p030v2	483	Pulse	255	6960000	265088	NA
p030v2	483	Pulse	255	6990000	295088	NA
p030v2	483	Pulse	255	7020000	325088	NA
p030v2	483	Pulse	255	7050000	355088	NA
p030v2	483	Pulse	255	7080000	385088	NA
p030v2	483	Pulse	255	7110000	415088	NA
p030v2	483	Pulse	255	7140000	445088	NA
p030v2	483	Pulse	255	7170000	475088	NA
p030v2	483	Pulse	255	7200000	505088	NA
p030v2	483	Pulse	255	7230000	535088	NA
p030v2	483	Pulse	255	7260000	565088	NA
p030v2	483	Pulse	255	7290000	595088	NA
p030v2	483	Pulse	255	7320000	625088	NA
p030v2	483	Pulse	255	7350000	655088	NA
p030v2	483	Pulse	255	7380000	685088	NA
p030v2	483	Pulse	255	7410000	715088	NA
p030v2	483	Pulse	255	7440000	745088	NA
p030v2	483	Pulse	255	7470000	775088	NA
p030v2	483	Pulse	255	7500000	805088	NA
p030v2	483	Pulse	255	7530000	835088	NA
p030v2	483	Pulse	255	7560000	865088	NA
p030v2	483	Pulse	255	7590000	895088	NA
p030v2	483	Pulse	255	7620000	925088	NA
p030v2	483	Response	101	7627566	932653	1
p030v2	484	Response	101	7644845	17015	1
p030v2	485	Pulse	255	7650000	5005	NA
p030v2	487	Pulse	255	7680000	4507	NA
p030v2	488	Pulse	255	7710000	24342	NA
p030v2	488	Response	101	7712365	26707	1
p030v2	490	Pulse	255	7740000	17178	NA
p030v2	492	Response	100	7768445	15293	1
p030v2	493	Pulse	255	7770000	1349	NA
p030v2	495	Pulse	255	7800000	851	NA
p030v2	496	Response	101	7815165	5851	1
p030v2	498	Pulse	255	7830000	4354	NA
p030v2	500	Pulse	255	7860000	4023	NA
p030v2	500	Response	101	7863085	7108	1
p030v2	502	Pulse	255	7890000	16525	NA
p030v2	504	Response	100	7912605	8799	1
p030v2	505	Pulse	255	7920000	7195	NA
p030v2	507	Pulse	255	7950000	6698	NA
p030v2	508	Response	100	7972124	18656	1
p030v2	509	Pulse	255	7980000	7700	NA
p030v2	511	Pulse	255	8010000	7203	NA
p030v2	512	Response	100	8023965	11002	1
p030v2	514	Pulse	255	8040000	5539	NA
p030v2	516	Pulse	255	8070000	5208	NA
p030v2	516	Response	100	8070605	5813	1
p030v2	518	Pulse	255	8100000	18876	NA
p030v2	520	Response	101	8127085	15630	1
p030v2	521	Pulse	255	8130000	2714	NA
p030v2	523	Pulse	255	8160000	2216	NA
p030v2	524	Response	101	8179885	11935	1
p030v2	525	Pulse	255	8190000	10052	NA
p030v2	527	Pulse	255	8220000	9554	NA
p030v2	528	Response	100	8230924	10313	1
p030v2	530	Pulse	255	8250000	8557	NA
p030v2	532	Pulse	255	8280000	8226	NA
p030v2	532	Response	101	8280924	9151	1
p030v2	534	Pulse	255	8310000	18561	NA
p030v2	536	Response	100	8337564	15795	1
p030v2	537	Pulse	255	8340000	2232	NA
p030v2	539	Pulse	255	8370000	1735	NA
p030v2	540	Response	101	8386124	7693	1
p030v2	542	Pulse	255	8400000	3404	NA
p030v2	544	Pulse	255	8430000	3073	NA
p030v2	544	Pulse	255	8460000	33073	NA
p030v2	544	Response	100	8468203	41277	1
p030v2	546	Pulse	255	8490000	11411	NA
p030v2	548	Response	101	8519723	10804	1
p030v2	549	Pulse	255	8520000	82	NA
p030v2	550	Pulse	255	8550000	19749	NA
p030v2	552	Pulse	255	8580000	19418	NA
p030v2	552	Pulse	255	8610000	49418	NA
p030v2	552	Response	101	8636763	76182	1
p030v2	553	Pulse	255	8640000	3092	NA
p030v2	555	Pulse	255	8670000	2594	NA
p030v2	556	Response	100	8687483	9911	1
p030v2	558	Pulse	255	8700000	2097	NA
p030v2	560	Pulse	255	8730000	1767	NA
p030v2	560	Response	101	8734683	6450	1
p030v2	562	Pulse	255	8760000	14935	NA
p030v2	564	Response	100	8781242	5846	1
p030v2	565	Pulse	255	8790000	8604	NA
p030v2	567	Pulse	255	8820000	8107	NA
p030v2	568	Response	100	8828682	6624	1
p030v2	570	Pulse	255	8850000	10943	NA
p030v2	572	Response	101	8876283	6896	1
p030v2	573	Pulse	255	8880000	3613	NA
p030v2	575	Pulse	255	8910000	3116	NA
p030v2	576	Response	101	8927003	9960	1
p030v2	578	Pulse	255	8940000	2618	NA
p030v2	580	Pulse	255	8970000	2288	NA
p030v2	580	Response	100	8974523	6811	1
p030v2	582	Pulse	255	9000000	14956	NA
p030v2	584	Response	101	9025322	9947	1
p030v2	585	Pulse	255	9030000	4626	NA
p030v2	587	Pulse	255	9060000	4129	NA
p030v2	588	Response	100	9074602	8565	1
p030v2	590	Pulse	255	9090000	4965	NA
p030v2	592	Pulse	255	9120000	4634	NA
p030v2	592	Response	100	9122522	7156	1
p030v2	594	Pulse	255	9150000	16969	NA
p030v2	596	Response	101	9172282	8920	1
p030v2	597	Pulse	255	9180000	7639	NA
p030v2	599	Pulse	255	9210000	7142	NA
p030v2	600	Response	101	9221002	7978	1
p030v2	602	Pulse	255	9240000	8477	NA
p030v2	604	Pulse	255	9270000	8147	NA
p030v2	604	Response	100	9271562	9709	1
p030v2	606	Pulse	255	9300000	17982	NA
p030v2	608	Response	100	9320442	8093	1
p030v2	609	Pulse	255	9330000	9485	NA
p030v2	611	Pulse	255	9360000	8988	NA
p030v2	612	Response	101	9372922	11744	1
p030v2	614	Pulse	255	9390000	6657	NA
p030v2	616	Pulse	255	9420000	6327	NA
p030v2	616	Pulse	255	9450000	36327	NA
p030v2	616	Pulse	255	9480000	66327	NA
p030v2	616	Pulse	255	9510000	96327	NA
p030v2	616	Response	100	9536122	122448	1
p030v2	617	Pulse	255	9540000	3671	NA
p030v2	619	Pulse	255	9570000	3174	NA
p030v2	620	Response	101	9585641	8649	1
p030v2	622	Pulse	255	9600000	3843	NA
p030v2	624	Pulse	255	9630000	3512	NA
p030v2	624	Response	101	9631722	5234	1
p030v2	626	Pulse	255	9660000	17847	NA
p030v2	628	Response	100	9679001	6517	1
p030v2	630	Pulse	255	9690000	518	NA
p030v2	632	Pulse	255	9720000	187	NA
p030v2	632	Response	100	9725561	5748	1
p030v2	634	Pulse	255	9750000	14022	NA
p030v2	636	Response	101	9772201	5892	1
p030v2	637	Pulse	255	9780000	7692	NA
p030v2	639	Pulse	255	9810000	7194	NA
p030v2	640	Response	100	9817721	4749	1
p030v2	642	Pulse	255	9840000	11863	NA
p030v2	644	Response	101	9864601	6133	1
p030v2	645	Pulse	255	9870000	5200	NA
p030v2	647	Pulse	255	9900000	4702	NA
p030v2	648	Response	100	9913481	8017	1
p030v2	650	Pulse	255	9930000	6038	NA
p030v2	652	Pulse	255	9960000	5708	NA
p030v2	652	Response	100	9965161	10868	1
p030v2	654	Pulse	255	9990000	14376	NA
p030v2	656	Response	101	10014521	8566	1
p030v2	657	Pulse	255	10020000	5380	NA
p030v2	659	Pulse	255	10050000	4882	NA
p030v2	660	Response	101	10061080	5796	1
p030v2	662	Pulse	255	10080000	8385	NA
p030v2	664	Response	100	10106680	4734	1
p030v2	665	Pulse	255	10110000	3221	NA
p030v2	667	Pulse	255	10140000	2724	NA
p030v2	668	Response	100	10154280	6838	1
p030v2	670	Pulse	255	10170000	5226	NA
p030v2	672	Pulse	255	10200000	4895	NA
p030v2	672	Response	101	10205000	9896	1
p030v2	674	Pulse	255	10230000	14564	NA
p030v2	676	Response	101	10250840	5073	1
p030v2	677	Pulse	255	10260000	9067	NA
p030v2	679	Pulse	255	10290000	8570	NA
p030v2	680	Response	100	10296999	5403	1
p030v2	682	Pulse	255	10320000	12572	NA
p030v2	684	Response	100	10343640	5881	1
p030v2	685	Pulse	255	10350000	6242	NA
p030v2	687	Pulse	255	10380000	5744	NA
p030v2	688	Response	101	10393560	9139	1
p030v2	690	Pulse	255	10410000	5914	NA
p030v2	692	Pulse	255	10440000	5583	NA
p030v2	692	Response	101	10447480	13063	1
p030v2	694	Pulse	255	10470000	12085	NA
p030v2	696	Pulse	255	10500000	11755	NA
p030v2	696	Response	101	10501800	13554	1
p030v2	698	Pulse	255	10530000	17757	NA
p030v2	700	Response	100	10553399	10825	1
p030v2	701	Pulse	255	10560000	6427	NA
p030v2	703	Pulse	255	10590000	5930	NA
p030v2	704	Response	100	10616679	22443	1
p030v2	705	Pulse	255	10620000	3266	NA
p030v2	707	Pulse	255	10650000	2768	NA
p030v2	708	Pulse	255	10680000	22603	NA
p030v2	708	Response	101	10704599	47202	1
p030v2	709	Pulse	255	10710000	5274	NA
p030v2	711	Pulse	255	10740000	4776	NA
p030v2	712	Response	100	10752679	7289	1
p030v2	714	Pulse	255	10770000	6945	NA
p030v2	716	Pulse	255	10800000	6615	NA
p030v2	716	Response	101	10803879	10494	1
p030v2	718	Pulse	255	10830000	15617	NA
p030v2	720	Response	101	10854439	9725	1
p030v2	721	Pulse	255	10860000	5453	NA
p030v2	723	Pulse	255	10890000	4956	NA
p030v2	724	Picture	instruct_trial	10895210	0	1	40163	1	0	next	other	0
p030v2	724	Pulse	255	10920000	24790	NA
