Scenario - learning_JJ_english
Logfile written - 03/29/2022 12:41:48

Subject	Trial	Event Type	Code	Time	TTime	Uncertainty	Duration	Uncertainty	ReqTime	ReqDur	Stim Type	Pair Index

p031v2	0	Pulse	255	0	0	NA
p031v2	1	Picture	instruct_trial	10500	0	1	259978	1	0	next	other	0
p031v2	1	Pulse	255	30000	19500	NA
p031v2	1	Pulse	255	60000	49500	NA
p031v2	1	Pulse	255	90000	79500	NA
p031v2	1	Pulse	255	120000	109500	NA
p031v2	1	Pulse	255	150000	139500	NA
p031v2	1	Pulse	255	180000	169500	NA
p031v2	1	Pulse	255	210000	199500	NA
p031v2	1	Pulse	255	240000	229500	NA
p031v2	1	Pulse	255	270000	259500	NA
p031v2	1	Response	101	270319	259819	1
p031v2	1	Pulse	255	300000	289500	NA
p031v2	2	Pulse	255	330000	29859	NA
p031v2	2	Response	101	354239	54098	1
p031v2	3	Pulse	255	360000	5697	NA
p031v2	5	Pulse	255	390000	5199	NA
p031v2	6	Pulse	255	420000	25034	NA
p031v2	6	Response	101	427119	32153	1
p031v2	8	Pulse	255	450000	12371	NA
p031v2	10	Pulse	255	480000	12040	NA
p031v2	10	Response	100	481759	13799	1
p031v2	12	Pulse	255	510000	17709	NA
p031v2	14	Response	100	534638	12017	1
p031v2	15	Pulse	255	540000	5212	NA
p031v2	17	Pulse	255	570000	4715	NA
p031v2	18	Response	101	591599	16148	1
p031v2	19	Pulse	255	600000	8224	NA
p031v2	21	Pulse	255	630000	7720	NA
p031v2	22	Response	101	642239	9793	1
p031v2	24	Pulse	255	660000	7223	NA
p031v2	26	Pulse	255	690000	6892	NA
p031v2	26	Response	101	704798	21690	1
p031v2	28	Pulse	255	720000	4728	NA
p031v2	30	Pulse	255	750000	4397	NA
p031v2	30	Response	101	754079	8476	1
p031v2	32	Pulse	255	780000	15399	NA
p031v2	34	Response	101	801999	7067	1
p031v2	35	Pulse	255	810000	7902	NA
p031v2	37	Pulse	255	840000	7405	NA
p031v2	38	Response	100	846158	3397	1
p031v2	40	Pulse	255	870000	13407	NA
p031v2	42	Pulse	255	900000	13076	NA
p031v2	42	Response	100	928239	41315	1
p031v2	43	Pulse	255	930000	1580	NA
p031v2	45	Pulse	255	960000	1083	NA
p031v2	46	Response	101	981118	12035	1
p031v2	47	Pulse	255	990000	8751	NA
p031v2	49	Pulse	255	1020000	8254	NA
p031v2	50	Response	100	1028478	6566	1
p031v2	52	Pulse	255	1050000	11089	NA
p031v2	54	Pulse	255	1080000	10759	NA
p031v2	54	Response	100	1080559	11317	1
p031v2	56	Pulse	255	1110000	18927	NA
p031v2	58	Response	101	1127199	5795	1
p031v2	60	Pulse	255	1140000	2265	NA
p031v2	62	Pulse	255	1170000	1934	NA
p031v2	62	Response	101	1176158	8092	1
p031v2	64	Pulse	255	1200000	13435	NA
p031v2	66	Response	101	1220879	3983	1
p031v2	67	Pulse	255	1230000	8938	NA
p031v2	69	Pulse	255	1260000	8441	NA
p031v2	70	Response	100	1268639	6914	1
p031v2	72	Pulse	255	1290000	10943	NA
p031v2	74	Response	101	1315038	5651	1
p031v2	75	Pulse	255	1320000	4780	NA
p031v2	77	Pulse	255	1350000	4283	NA
p031v2	78	Response	100	1361198	5315	1
p031v2	80	Pulse	255	1380000	8285	NA
p031v2	82	Response	100	1405758	3712	1
p031v2	83	Pulse	255	1410000	4121	NA
p031v2	85	Pulse	255	1440000	3624	NA
p031v2	86	Response	101	1453918	7376	1
p031v2	88	Pulse	255	1470000	5626	NA
p031v2	90	Response	101	1498238	3534	1
p031v2	91	Pulse	255	1500000	1629	NA
p031v2	93	Pulse	255	1530000	1132	NA
p031v2	94	Response	101	1557759	18724	1
p031v2	95	Pulse	255	1560000	2134	NA
p031v2	97	Pulse	255	1590000	1637	NA
p031v2	98	Response	101	1602318	3789	1
p031v2	100	Pulse	255	1620000	7306	NA
p031v2	102	Pulse	255	1650000	6975	NA
p031v2	102	Response	100	1652638	9613	1
p031v2	104	Pulse	255	1680000	16977	NA
p031v2	106	Pulse	255	1710000	16646	NA
p031v2	106	Response	100	1721838	28484	1
p031v2	108	Pulse	255	1740000	7649	NA
p031v2	110	Pulse	255	1770000	7319	NA
p031v2	110	Response	101	1778558	15877	1
p031v2	112	Pulse	255	1800000	10988	NA
p031v2	114	Pulse	255	1830000	10657	NA
p031v2	114	Pulse	255	1860000	40657	NA
p031v2	114	Response	100	1861438	42095	1
p031v2	116	Pulse	255	1890000	18161	NA
p031v2	118	Response	100	1915758	13588	1
p031v2	119	Pulse	255	1920000	4165	NA
p031v2	121	Pulse	255	1950000	3668	NA
p031v2	122	Response	100	1975518	19020	1
p031v2	123	Pulse	255	1980000	4337	NA
p031v2	125	Pulse	255	2010000	3840	NA
p031v2	126	Pulse	255	2040000	23674	NA
p031v2	126	Response	100	2044638	28312	1
p031v2	128	Pulse	255	2070000	14844	NA
p031v2	130	Response	101	2099358	13871	1
p031v2	131	Pulse	255	2100000	514	NA
p031v2	133	Pulse	255	2130000	17	NA
p031v2	134	Response	101	2150158	10009	1
p031v2	135	Pulse	255	2160000	9685	NA
p031v2	137	Pulse	255	2190000	9188	NA
p031v2	138	Response	101	2206078	15100	1
p031v2	140	Pulse	255	2220000	3525	NA
p031v2	142	Pulse	255	2250000	3194	NA
p031v2	142	Response	100	2256238	9432	1
p031v2	144	Pulse	255	2280000	13362	NA
p031v2	146	Response	100	2307117	10149	1
p031v2	147	Pulse	255	2310000	2699	NA
p031v2	149	Pulse	255	2340000	2202	NA
p031v2	150	Response	101	2351598	3634	1
p031v2	152	Pulse	255	2370000	7870	NA
p031v2	154	Pulse	255	2400000	7540	NA
p031v2	154	Response	100	2407278	14817	1
p031v2	156	Pulse	255	2430000	12209	NA
p031v2	158	Response	101	2451838	3715	1
p031v2	159	Pulse	255	2460000	8045	NA
p031v2	161	Pulse	255	2490000	7548	NA
p031v2	162	Response	101	2498318	5700	1
p031v2	164	Pulse	255	2520000	11216	NA
p031v2	166	Pulse	255	2550000	10886	NA
p031v2	166	Response	100	2572638	33523	1
p031v2	167	Pulse	255	2580000	7222	NA
p031v2	169	Pulse	255	2610000	6725	NA
p031v2	170	Response	101	2621517	8076	1
p031v2	172	Pulse	255	2640000	8060	NA
p031v2	174	Pulse	255	2670000	7730	NA
p031v2	174	Response	100	2680958	18687	1
p031v2	176	Pulse	255	2700000	8566	NA
p031v2	178	Pulse	255	2730000	8235	NA
p031v2	178	Response	101	2743758	21993	1
p031v2	180	Pulse	255	2760000	5738	NA
p031v2	182	Pulse	255	2790000	5407	NA
p031v2	182	Response	101	2792158	7565	1
p031v2	184	Pulse	255	2820000	17409	NA
p031v2	186	Response	101	2846477	13555	1
p031v2	187	Pulse	255	2850000	3412	NA
p031v2	189	Pulse	255	2880000	2915	NA
p031v2	190	Response	100	2904477	17226	1
p031v2	191	Pulse	255	2910000	5417	NA
p031v2	193	Pulse	255	2940000	4920	NA
p031v2	194	Response	101	2956957	11711	1
p031v2	196	Pulse	255	2970000	2589	NA
p031v2	198	Pulse	255	3000000	2259	NA
p031v2	198	Response	101	3007117	9376	1
p031v2	200	Pulse	255	3030000	12427	NA
p031v2	202	Pulse	255	3060000	12096	NA
p031v2	202	Response	101	3086637	38733	1
p031v2	203	Pulse	255	3090000	3266	NA
p031v2	205	Pulse	255	3120000	2769	NA
p031v2	206	Response	101	3141517	14120	1
p031v2	207	Pulse	255	3150000	8438	NA
p031v2	209	Pulse	255	3180000	7940	NA
p031v2	210	Response	100	3188557	6331	1
p031v2	212	Pulse	255	3210000	10943	NA
p031v2	214	Pulse	255	3240000	10612	NA
p031v2	214	Response	101	3241997	12609	1
p031v2	216	Pulse	255	3270000	17614	NA
p031v2	218	Response	100	3299597	16881	1
p031v2	219	Pulse	255	3300000	285	NA
p031v2	220	Pulse	255	3330000	19952	NA
p031v2	222	Response	100	3348957	8579	1
p031v2	224	Pulse	255	3360000	623	NA
p031v2	226	Pulse	255	3390000	293	NA
p031v2	226	Response	100	3407437	17730	1
p031v2	228	Pulse	255	3420000	2128	NA
p031v2	230	Pulse	255	3450000	1798	NA
p031v2	230	Response	100	3464156	15954	1
p031v2	232	Pulse	255	3480000	5467	NA
p031v2	234	Response	101	3508957	4093	1
p031v2	235	Pulse	255	3510000	970	NA
p031v2	237	Pulse	255	3540000	472	NA
p031v2	238	Response	101	3557037	7343	1
p031v2	240	Pulse	255	3570000	2475	NA
p031v2	242	Picture	instruct_trial	3597856	0	1	14832	1	0	next	other	0
p031v2	242	Pulse	255	3600000	2144	NA
p031v2	242	Response	101	3612557	14701	1
p031v2	243	Response	101	3621596	8742	1
p031v2	244	Pulse	255	3630000	8313	NA
p031v2	246	Pulse	255	3660000	7815	NA
p031v2	247	Response	101	3667436	5086	1
p031v2	249	Pulse	255	3690000	12151	NA
p031v2	251	Response	101	3711356	3176	1
p031v2	252	Pulse	255	3720000	8487	NA
p031v2	254	Pulse	255	3750000	7990	NA
p031v2	255	Response	101	3755517	3341	1
p031v2	257	Pulse	255	3780000	13992	NA
p031v2	259	Response	101	3799677	3338	1
p031v2	260	Pulse	255	3810000	10161	NA
p031v2	262	Pulse	255	3840000	9664	NA
p031v2	263	Response	101	3843997	3495	1
p031v2	265	Pulse	255	3870000	15500	NA
p031v2	267	Response	101	3888236	3405	1
p031v2	269	Pulse	255	3900000	1337	NA
p031v2	271	Pulse	255	3930000	1006	NA
p031v2	271	Response	101	3933116	4122	1
p031v2	273	Pulse	255	3960000	16507	NA
p031v2	275	Response	101	3977517	3693	1
p031v2	277	Pulse	255	3990000	2011	NA
p031v2	279	Pulse	255	4020000	1680	NA
p031v2	279	Response	101	4022076	3757	1
p031v2	281	Pulse	255	4050000	17515	NA
p031v2	283	Response	101	4065917	3101	1
p031v2	285	Pulse	255	4080000	3685	NA
p031v2	287	Response	101	4109757	3111	1
p031v2	288	Pulse	255	4110000	188	NA
p031v2	289	Pulse	255	4140000	19856	NA
p031v2	291	Response	101	4152956	2481	1
p031v2	293	Pulse	255	4170000	6526	NA
p031v2	295	Response	101	4197036	3231	1
p031v2	296	Pulse	255	4200000	2862	NA
p031v2	298	Pulse	255	4230000	2365	NA
p031v2	299	Response	101	4240236	2435	1
p031v2	301	Pulse	255	4260000	9367	NA
p031v2	303	Response	101	4283676	2713	1
p031v2	304	Pulse	255	4290000	6203	NA
p031v2	306	Pulse	255	4320000	5706	NA
p031v2	307	Response	101	4327756	3296	1
p031v2	309	Pulse	255	4350000	11708	NA
p031v2	311	Response	101	4371836	3213	1
p031v2	312	Pulse	255	4380000	8044	NA
p031v2	314	Pulse	255	4410000	7547	NA
p031v2	315	Response	100	4417276	4657	1
p031v2	317	Pulse	255	4440000	12216	NA
p031v2	319	Response	101	4463836	5721	1
p031v2	320	Pulse	255	4470000	6052	NA
p031v2	322	Pulse	255	4500000	5555	NA
p031v2	323	Response	101	4515116	10505	1
p031v2	325	Pulse	255	4530000	4391	NA
p031v2	327	Pulse	255	4560000	4060	NA
p031v2	327	Response	100	4560156	4216	1
p031v2	329	Pulse	255	4590000	19395	NA
p031v2	331	Response	100	4611036	10100	1
p031v2	332	Pulse	255	4620000	8898	NA
p031v2	334	Pulse	255	4650000	8401	NA
p031v2	335	Response	100	4663676	11911	1
p031v2	337	Pulse	255	4680000	5904	NA
p031v2	339	Pulse	255	4710000	5573	NA
p031v2	339	Response	101	4713596	9169	1
p031v2	341	Pulse	255	4740000	15908	NA
p031v2	343	Response	101	4757595	3173	1
p031v2	345	Pulse	255	4770000	1912	NA
p031v2	347	Pulse	255	4800000	1581	NA
p031v2	347	Response	101	4801515	3097	1
p031v2	349	Pulse	255	4830000	18082	NA
p031v2	351	Response	101	4845356	3107	1
p031v2	353	Pulse	255	4860000	4253	NA
p031v2	355	Response	101	4888635	2557	1
p031v2	356	Pulse	255	4890000	1256	NA
p031v2	358	Pulse	255	4920000	758	NA
p031v2	359	Response	101	4932156	2748	1
p031v2	361	Pulse	255	4950000	7427	NA
p031v2	363	Response	101	4976236	3332	1
p031v2	364	Pulse	255	4980000	3597	NA
p031v2	366	Pulse	255	5010000	3099	NA
p031v2	367	Response	101	5019915	2849	1
p031v2	369	Pulse	255	5040000	9601	NA
p031v2	371	Response	101	5063115	2386	1
p031v2	372	Pulse	255	5070000	6771	NA
p031v2	374	Pulse	255	5100000	6273	NA
p031v2	375	Response	101	5107276	3383	1
p031v2	377	Pulse	255	5130000	12275	NA
p031v2	379	Response	101	5151035	2980	1
p031v2	380	Pulse	255	5160000	8778	NA
p031v2	382	Pulse	255	5190000	8281	NA
p031v2	383	Response	101	5194635	2751	1
p031v2	385	Pulse	255	5220000	14950	NA
p031v2	387	Response	101	5238555	3174	1
p031v2	389	Pulse	255	5250000	953	NA
p031v2	391	Pulse	255	5280000	623	NA
p031v2	391	Response	101	5282635	3258	1
p031v2	393	Pulse	255	5310000	16957	NA
p031v2	395	Response	101	5326555	3182	1
p031v2	397	Pulse	255	5340000	2961	NA
p031v2	399	Pulse	255	5370000	2630	NA
p031v2	399	Response	101	5370716	3346	1
p031v2	401	Pulse	255	5400000	18798	NA
p031v2	403	Response	101	5415355	3823	1
p031v2	405	Pulse	255	5430000	4135	NA
p031v2	407	Response	101	5459436	3240	1
p031v2	408	Pulse	255	5460000	472	NA
p031v2	409	Pulse	255	5490000	20139	NA
p031v2	411	Response	101	5503915	3724	1
p031v2	413	Pulse	255	5520000	5643	NA
p031v2	415	Response	101	5547675	2987	1
p031v2	416	Pulse	255	5550000	2146	NA
p031v2	418	Pulse	255	5580000	1649	NA
p031v2	419	Response	101	5592155	3638	1
p031v2	421	Pulse	255	5610000	7317	NA
p031v2	423	Response	101	5635915	2902	1
p031v2	424	Pulse	255	5640000	3987	NA
p031v2	426	Pulse	255	5670000	3490	NA
p031v2	427	Response	100	5685275	8599	1
p031v2	429	Pulse	255	5700000	4325	NA
p031v2	431	Pulse	255	5730000	3995	NA
p031v2	431	Response	101	5734795	8790	1
p031v2	433	Pulse	255	5760000	14663	NA
p031v2	435	Pulse	255	5790000	14332	NA
p031v2	435	Response	100	5790315	14647	1
p031v2	437	Pulse	255	5820000	19168	NA
p031v2	439	Response	101	5834555	3392	1
p031v2	441	Pulse	255	5850000	5005	NA
p031v2	443	Response	101	5878475	3149	1
p031v2	444	Pulse	255	5880000	1341	NA
p031v2	446	Pulse	255	5910000	844	NA
p031v2	447	Response	101	5923595	4273	1
p031v2	449	Pulse	255	5940000	6013	NA
p031v2	451	Response	101	5968075	3757	1
p031v2	452	Pulse	255	5970000	1849	NA
p031v2	454	Pulse	255	6000000	1352	NA
p031v2	455	Response	100	6014635	5821	1
p031v2	457	Pulse	255	6030000	4854	NA
p031v2	459	Pulse	255	6060000	4523	NA
p031v2	459	Response	100	6060715	5238	1
p031v2	461	Pulse	255	6090000	18858	NA
p031v2	463	Response	101	6107835	6362	1
p031v2	465	Pulse	255	6120000	1695	NA
p031v2	467	Pulse	255	6150000	1365	NA
p031v2	467	Response	101	6153275	4640	1
p031v2	469	Pulse	255	6180000	16199	NA
p031v2	471	Response	101	6198155	4023	1
p031v2	473	Pulse	255	6210000	1370	NA
p031v2	475	Pulse	255	6240000	1039	NA
p031v2	475	Response	101	6242394	3434	1
p031v2	477	Pulse	255	6270000	17207	NA
p031v2	479	Response	101	6288554	5430	1
p031v2	481	Pulse	255	6300000	1044	NA
p031v2	483	Picture	instruct_trial	6329286	0	1	15499	1	0	next	other	0
p031v2	483	Pulse	255	6330000	714	NA
p031v2	483	Response	101	6344714	15428	1
p031v2	484	Response	101	6354555	9603	1
p031v2	485	Pulse	255	6360000	5382	NA
p031v2	487	Pulse	255	6390000	4885	NA
p031v2	488	Response	101	6398074	2793	1
p031v2	490	Pulse	255	6420000	11387	NA
p031v2	492	Response	101	6443594	4658	1
p031v2	493	Pulse	255	6450000	6223	NA
p031v2	495	Pulse	255	6480000	5726	NA
p031v2	496	Response	101	6488554	4114	1
p031v2	498	Pulse	255	6510000	11062	NA
p031v2	500	Response	101	6533115	3845	1
p031v2	501	Pulse	255	6540000	6731	NA
p031v2	503	Pulse	255	6570000	6234	NA
p031v2	504	Response	101	6576874	2942	1
p031v2	506	Pulse	255	6600000	12736	NA
p031v2	508	Response	100	6626395	8800	1
p031v2	509	Pulse	255	6630000	3406	NA
p031v2	511	Pulse	255	6660000	2909	NA
p031v2	512	Response	101	6670955	3698	1
p031v2	514	Pulse	255	6690000	8577	NA
p031v2	516	Response	101	6716315	4561	1
p031v2	517	Pulse	255	6720000	3580	NA
p031v2	519	Pulse	255	6750000	3083	NA
p031v2	520	Response	101	6763434	6351	1
p031v2	522	Pulse	255	6780000	6085	NA
p031v2	524	Response	101	6807354	3109	1
p031v2	525	Pulse	255	6810000	2588	NA
p031v2	527	Pulse	255	6840000	2091	NA
p031v2	528	Response	101	6851594	3519	1
p031v2	530	Pulse	255	6870000	7926	NA
p031v2	532	Response	101	6897034	4630	1
p031v2	533	Pulse	255	6900000	2763	NA
p031v2	535	Pulse	255	6930000	2265	NA
p031v2	536	Response	101	6940954	3054	1
p031v2	538	Pulse	255	6960000	8601	NA
p031v2	540	Response	101	6985594	3864	1
p031v2	541	Pulse	255	6990000	4270	NA
p031v2	543	Pulse	255	7020000	3773	NA
p031v2	544	Response	101	7030394	4002	1
p031v2	546	Pulse	255	7050000	9108	NA
p031v2	548	Response	101	7074794	3572	1
p031v2	549	Pulse	255	7080000	5111	NA
p031v2	551	Pulse	255	7110000	4614	NA
p031v2	552	Response	101	7119274	3722	1
p031v2	554	Pulse	255	7140000	10283	NA
p031v2	556	Response	101	7166554	6506	1
p031v2	557	Pulse	255	7170000	3286	NA
p031v2	559	Pulse	255	7200000	2789	NA
p031v2	560	Response	101	7211994	4616	1
p031v2	562	Pulse	255	7230000	7624	NA
p031v2	564	Response	101	7256073	3367	1
p031v2	565	Pulse	255	7260000	3794	NA
p031v2	567	Pulse	255	7290000	3296	NA
p031v2	568	Response	101	7302154	5284	1
p031v2	570	Pulse	255	7320000	7465	NA
p031v2	572	Response	101	7345753	2888	1
p031v2	573	Pulse	255	7350000	4135	NA
p031v2	575	Pulse	255	7380000	3637	NA
p031v2	576	Response	101	7390234	3706	1
p031v2	578	Pulse	255	7410000	9306	NA
p031v2	580	Response	101	7434475	3450	1
p031v2	581	Pulse	255	7440000	5476	NA
p031v2	583	Pulse	255	7470000	4978	NA
p031v2	584	Response	101	7479274	4086	1
p031v2	586	Pulse	255	7500000	10314	NA
p031v2	588	Response	101	7525033	5016	1
p031v2	589	Pulse	255	7530000	4817	NA
p031v2	591	Pulse	255	7560000	4320	NA
p031v2	592	Response	101	7569433	3587	1
p031v2	594	Pulse	255	7590000	10155	NA
p031v2	596	Pulse	255	7620000	9824	NA
p031v2	596	Response	100	7622473	12298	1
p031v2	598	Pulse	255	7650000	16993	NA
p031v2	600	Response	101	7668553	5216	1
p031v2	602	Pulse	255	7680000	997	NA
p031v2	604	Pulse	255	7710000	666	NA
p031v2	604	Response	101	7713034	3700	1
p031v2	606	Pulse	255	7740000	16501	NA
p031v2	608	Response	101	7757514	3684	1
p031v2	610	Pulse	255	7770000	2005	NA
p031v2	612	Pulse	255	7800000	1674	NA
p031v2	612	Response	101	7802073	3747	1
p031v2	614	Pulse	255	7830000	17509	NA
p031v2	616	Response	101	7847114	4291	1
p031v2	618	Pulse	255	7860000	2346	NA
p031v2	620	Pulse	255	7890000	2015	NA
p031v2	620	Response	101	7891913	3928	1
p031v2	622	Pulse	255	7920000	17683	NA
p031v2	624	Response	101	7936473	3826	1
p031v2	626	Pulse	255	7950000	3020	NA
p031v2	628	Pulse	255	7980000	2689	NA
p031v2	628	Response	101	7980873	3563	1
p031v2	630	Pulse	255	8010000	18691	NA
p031v2	632	Response	101	8025113	3473	1
p031v2	634	Pulse	255	8040000	4361	NA
p031v2	636	Pulse	255	8070000	4030	NA
p031v2	636	Response	101	8074553	8584	1
p031v2	638	Pulse	255	8100000	15032	NA
p031v2	640	Response	101	8118633	3334	1
p031v2	642	Pulse	255	8130000	869	NA
p031v2	644	Pulse	255	8160000	539	NA
p031v2	644	Response	101	8164313	4852	1
p031v2	646	Pulse	255	8190000	15207	NA
p031v2	648	Response	101	8208553	3429	1
p031v2	650	Pulse	255	8220000	1044	NA
p031v2	652	Pulse	255	8250000	713	NA
p031v2	652	Response	101	8252153	2866	1
p031v2	654	Pulse	255	8280000	17381	NA
p031v2	656	Response	101	8295994	3044	1
p031v2	658	Pulse	255	8310000	3551	NA
p031v2	660	Pulse	255	8340000	3221	NA
p031v2	660	Response	101	8340553	3773	1
p031v2	662	Pulse	255	8370000	19055	NA
p031v2	664	Response	101	8384153	2877	1
p031v2	666	Pulse	255	8400000	5392	NA
p031v2	668	Response	101	8428233	3295	1
p031v2	669	Pulse	255	8430000	1562	NA
p031v2	671	Pulse	255	8460000	1064	NA
p031v2	672	Response	101	8473273	4171	1
p031v2	674	Pulse	255	8490000	6233	NA
p031v2	676	Response	101	8517993	3896	1
p031v2	677	Pulse	255	8520000	1903	NA
p031v2	679	Pulse	255	8550000	1406	NA
p031v2	680	Response	101	8562713	3952	1
p031v2	682	Pulse	255	8580000	6908	NA
p031v2	684	Response	101	8607193	3770	1
p031v2	685	Pulse	255	8610000	2744	NA
p031v2	687	Pulse	255	8640000	2247	NA
p031v2	688	Response	100	8659193	11274	1
p031v2	690	Pulse	255	8670000	416	NA
p031v2	692	Pulse	255	8700000	85	NA
p031v2	692	Response	101	8703992	4078	1
p031v2	694	Pulse	255	8730000	15587	NA
p031v2	696	Response	101	8749033	4289	1
p031v2	698	Pulse	255	8760000	590	NA
p031v2	700	Pulse	255	8790000	260	NA
p031v2	700	Response	101	8793912	4172	1
p031v2	702	Pulse	255	8820000	15594	NA
p031v2	704	Response	101	8838873	4136	1
p031v2	706	Pulse	255	8850000	598	NA
p031v2	708	Pulse	255	8880000	267	NA
p031v2	708	Response	101	8883913	4180	1
p031v2	710	Pulse	255	8910000	15602	NA
p031v2	712	Response	101	8928632	3904	1
p031v2	714	Pulse	255	8940000	939	NA
p031v2	716	Pulse	255	8970000	609	NA
p031v2	716	Response	101	8974153	4761	1
p031v2	718	Pulse	255	9000000	15443	NA
p031v2	720	Response	101	9017913	3025	1
p031v2	722	Pulse	255	9030000	1614	NA
p031v2	724	Picture	instruct_trial	9058717	0	1	40163	1	0	next	other	0
p031v2	724	Pulse	255	9060000	1283	NA
p031v2	724	Pulse	255	9090000	31283	NA
