Scenario - learning_JJ_english
Logfile written - 04/06/2022 12:33:55

Subject	Trial	Event Type	Code	Time	TTime	Uncertainty	Duration	Uncertainty	ReqTime	ReqDur	Stim Type	Pair Index

p032v2	0	Pulse	255	0	0	NA
p032v2	1	Picture	instruct_trial	10500	0	1	227647	1	0	next	other	0
p032v2	1	Pulse	255	30000	19500	NA
p032v2	1	Pulse	255	60000	49500	NA
p032v2	1	Pulse	255	90000	79500	NA
p032v2	1	Pulse	255	120000	109500	NA
p032v2	1	Pulse	255	150000	139500	NA
p032v2	1	Pulse	255	180000	169500	NA
p032v2	1	Pulse	255	210000	199500	NA
p032v2	1	Response	101	237975	227476	1
p032v2	1	Pulse	255	240000	229500	NA
p032v2	2	Response	101	249095	8948	1
p032v2	4	Pulse	255	270000	10522	NA
p032v2	6	Pulse	255	300000	10191	NA
p032v2	6	Response	101	301494	11685	1
p032v2	8	Pulse	255	330000	18026	NA
p032v2	10	Response	101	356615	14311	1
p032v2	11	Pulse	255	360000	3197	NA
p032v2	13	Pulse	255	390000	2699	NA
p032v2	14	Response	101	405415	7949	1
p032v2	16	Pulse	255	420000	4202	NA
p032v2	18	Pulse	255	450000	3871	NA
p032v2	18	Response	101	476055	29926	1
p032v2	19	Pulse	255	480000	3874	NA
p032v2	21	Pulse	255	510000	3376	NA
p032v2	22	Pulse	255	540000	23210	NA
p032v2	22	Response	100	540215	23425	1
p032v2	24	Pulse	255	570000	19380	NA
p032v2	26	Response	101	597015	16064	1
p032v2	27	Pulse	255	600000	2884	NA
p032v2	29	Pulse	255	630000	2386	NA
p032v2	30	Response	100	647095	9316	1
p032v2	32	Pulse	255	660000	2389	NA
p032v2	34	Pulse	255	690000	2058	NA
p032v2	34	Response	101	702935	14993	1
p032v2	36	Pulse	255	720000	6560	NA
p032v2	38	Pulse	255	750000	6230	NA
p032v2	38	Pulse	255	780000	36230	NA
p032v2	38	Response	101	783415	39645	1
p032v2	40	Pulse	255	810000	16067	NA
p032v2	42	Response	100	835014	10751	1
p032v2	43	Pulse	255	840000	4904	NA
p032v2	45	Pulse	255	870000	4407	NA
p032v2	46	Response	100	898375	22616	1
p032v2	47	Pulse	255	900000	1576	NA
p032v2	49	Pulse	255	930000	1079	NA
p032v2	50	Pulse	255	960000	20913	NA
p032v2	50	Response	101	967655	28568	1
p032v2	52	Pulse	255	990000	11916	NA
p032v2	54	Response	101	1019735	11321	1
p032v2	55	Pulse	255	1020000	87	NA
p032v2	56	Pulse	255	1050000	19754	NA
p032v2	58	Pulse	255	1080000	19424	NA
p032v2	58	Response	100	1089095	28518	1
p032v2	60	Pulse	255	1110000	10427	NA
p032v2	62	Pulse	255	1140000	10096	NA
p032v2	62	Response	101	1153175	23271	1
p032v2	64	Pulse	255	1170000	6432	NA
p032v2	66	Pulse	255	1200000	6102	NA
p032v2	66	Response	101	1206375	12477	1
p032v2	68	Pulse	255	1230000	13104	NA
p032v2	70	Pulse	255	1260000	12773	NA
p032v2	70	Response	100	1284454	37226	1
p032v2	71	Pulse	255	1290000	5443	NA
p032v2	73	Pulse	255	1320000	4945	NA
p032v2	74	Pulse	255	1350000	24780	NA
p032v2	74	Response	101	1366615	41394	1
p032v2	76	Pulse	255	1380000	2951	NA
p032v2	78	Pulse	255	1410000	2620	NA
p032v2	78	Response	101	1415734	8354	1
p032v2	80	Pulse	255	1440000	13788	NA
p032v2	82	Response	101	1469334	12791	1
p032v2	83	Pulse	255	1470000	459	NA
p032v2	84	Pulse	255	1500000	20126	NA
p032v2	86	Pulse	255	1530000	19795	NA
p032v2	86	Response	100	1542375	32170	1
p032v2	88	Pulse	255	1560000	7132	NA
p032v2	90	Pulse	255	1590000	6802	NA
p032v2	90	Pulse	255	1620000	36802	NA
p032v2	90	Response	101	1642215	59016	1
p032v2	91	Pulse	255	1650000	7640	NA
p032v2	93	Pulse	255	1680000	7143	NA
p032v2	94	Response	101	1705495	22471	1
p032v2	95	Pulse	255	1710000	4312	NA
p032v2	97	Pulse	255	1740000	3815	NA
p032v2	98	Pulse	255	1770000	23649	NA
p032v2	98	Response	101	1770455	24104	1
p032v2	100	Pulse	255	1800000	19152	NA
p032v2	102	Response	101	1826540	15361	1
p032v2	103	Pulse	255	1830000	3322	NA
p032v2	105	Pulse	255	1860000	2825	NA
p032v2	106	Pulse	255	1890000	22659	NA
p032v2	106	Pulse	255	1920000	52659	NA
p032v2	106	Response	101	1924135	56795	1
p032v2	108	Pulse	255	1950000	15332	NA
p032v2	110	Pulse	255	1980000	15001	NA
p032v2	110	Response	101	1985495	20496	1
p032v2	112	Pulse	255	2010000	14004	NA
p032v2	114	Response	101	2037175	10848	1
p032v2	115	Pulse	255	2040000	2674	NA
p032v2	117	Pulse	255	2070000	2176	NA
p032v2	118	Response	101	2086134	8145	1
p032v2	120	Pulse	255	2100000	3346	NA
p032v2	122	Pulse	255	2130000	3015	NA
p032v2	122	Response	101	2134375	7390	1
p032v2	124	Pulse	255	2160000	15183	NA
p032v2	126	Response	100	2185815	10667	1
p032v2	127	Pulse	255	2190000	4020	NA
p032v2	129	Pulse	255	2220000	3523	NA
p032v2	130	Pulse	255	2250000	23357	NA
p032v2	130	Response	100	2251895	25252	1
p032v2	132	Pulse	255	2280000	17693	NA
p032v2	134	Pulse	255	2310000	17362	NA
p032v2	134	Response	101	2317655	25017	1
p032v2	136	Pulse	255	2340000	11865	NA
p032v2	138	Response	101	2364455	5990	1
p032v2	139	Pulse	255	2370000	5369	NA
p032v2	141	Pulse	255	2400000	4871	NA
p032v2	142	Response	100	2429495	24200	1
p032v2	143	Pulse	255	2430000	374	NA
p032v2	144	Pulse	255	2460000	20042	NA
p032v2	146	Pulse	255	2490000	19711	NA
p032v2	146	Response	101	2513975	43686	1
p032v2	147	Pulse	255	2520000	5881	NA
p032v2	149	Pulse	255	2550000	5384	NA
p032v2	150	Pulse	255	2580000	25218	NA
p032v2	150	Response	100	2593414	38632	1
p032v2	152	Pulse	255	2610000	6056	NA
p032v2	154	Pulse	255	2640000	5725	NA
p032v2	154	Response	100	2648535	14260	1
p032v2	156	Pulse	255	2670000	11060	NA
p032v2	158	Pulse	255	2700000	10730	NA
p032v2	158	Response	100	2726375	37105	1
p032v2	159	Pulse	255	2730000	3566	NA
p032v2	161	Pulse	255	2760000	3069	NA
p032v2	162	Pulse	255	2790000	22903	NA
p032v2	162	Response	100	2796695	29598	1
p032v2	164	Pulse	255	2820000	12906	NA
p032v2	166	Response	101	2847655	10230	1
p032v2	167	Pulse	255	2850000	2243	NA
p032v2	169	Pulse	255	2880000	1746	NA
p032v2	170	Pulse	255	2910000	21580	NA
p032v2	170	Response	101	2933656	45236	1
p032v2	171	Pulse	255	2940000	6251	NA
p032v2	173	Pulse	255	2970000	5753	NA
p032v2	174	Response	101	2991495	17082	1
p032v2	175	Pulse	255	3000000	8422	NA
p032v2	176	Response	100	3002135	225	1
p032v2	177	Pulse	255	3030000	7925	NA
p032v2	178	Response	101	3040695	8454	1
p032v2	180	Pulse	255	3060000	8927	NA
p032v2	182	Pulse	255	3090000	8597	NA
p032v2	182	Response	100	3102215	20812	1
p032v2	184	Pulse	255	3120000	7266	NA
p032v2	186	Pulse	255	3150000	6935	NA
p032v2	186	Response	100	3156535	13470	1
p032v2	188	Pulse	255	3180000	12937	NA
p032v2	190	Pulse	255	3210000	12607	NA
p032v2	190	Response	100	3231254	33861	1
p032v2	191	Pulse	255	3240000	8609	NA
p032v2	193	Pulse	255	3270000	8112	NA
p032v2	194	Response	100	3286934	14880	1
p032v2	196	Pulse	255	3300000	2615	NA
p032v2	198	Pulse	255	3330000	2284	NA
p032v2	198	Response	101	3342375	14659	1
p032v2	200	Pulse	255	3360000	7120	NA
p032v2	202	Pulse	255	3390000	6789	NA
p032v2	202	Pulse	255	3420000	36789	NA
p032v2	202	Response	100	3427895	44684	1
p032v2	204	Pulse	255	3450000	11627	NA
p032v2	206	Response	100	3479494	10790	1
p032v2	207	Pulse	255	3480000	297	NA
p032v2	208	Pulse	255	3510000	19965	NA
p032v2	210	Response	101	3537255	16889	1
p032v2	211	Pulse	255	3540000	2636	NA
p032v2	213	Pulse	255	3570000	2138	NA
p032v2	214	Response	100	3591895	13868	1
p032v2	215	Pulse	255	3600000	7974	NA
p032v2	217	Pulse	255	3630000	7476	NA
p032v2	218	Response	101	3642056	9366	1
p032v2	220	Pulse	255	3660000	7479	NA
p032v2	222	Pulse	255	3690000	7148	NA
p032v2	222	Response	100	3696696	13844	1
p032v2	224	Pulse	255	3720000	12817	NA
p032v2	226	Response	101	3748935	11421	1
p032v2	227	Pulse	255	3750000	987	NA
p032v2	229	Pulse	255	3780000	490	NA
p032v2	230	Response	101	3800374	10698	1
p032v2	231	Pulse	255	3810000	9491	NA
p032v2	233	Pulse	255	3840000	8994	NA
p032v2	234	Pulse	255	3870000	28828	NA
p032v2	234	Response	100	3888775	47604	1
p032v2	236	Pulse	255	3900000	833	NA
p032v2	238	Pulse	255	3930000	503	NA
p032v2	238	Pulse	255	3960000	30503	NA
p032v2	238	Response	101	3962141	32644	1
p032v2	240	Pulse	255	3990000	17340	NA
p032v2	242	Picture	instruct_trial	4002991	0	1	13832	1	0	next	other	0
p032v2	242	Response	101	4016695	13704	1
p032v2	243	Pulse	255	4020000	3010	NA
p032v2	243	Response	100	4047015	30025	1
p032v2	244	Pulse	255	4050000	2846	NA
p032v2	246	Pulse	255	4080000	2349	NA
p032v2	247	Response	101	4108376	20558	1
p032v2	248	Pulse	255	4110000	1518	NA
p032v2	250	Pulse	255	4140000	1020	NA
p032v2	251	Pulse	255	4170000	20855	NA
p032v2	251	Response	100	4180055	30910	1
p032v2	253	Pulse	255	4200000	9525	NA
p032v2	255	Pulse	255	4230000	9194	NA
p032v2	255	Response	100	4250775	29969	1
p032v2	256	Pulse	255	4260000	9030	NA
p032v2	258	Pulse	255	4290000	8533	NA
p032v2	259	Response	101	4315895	24262	1
p032v2	260	Pulse	255	4320000	4036	NA
p032v2	262	Pulse	255	4350000	3538	NA
p032v2	263	Response	101	4371895	15268	1
p032v2	264	Pulse	255	4380000	8040	NA
p032v2	266	Pulse	255	4410000	7543	NA
p032v2	267	Response	100	4429175	16553	1
p032v2	269	Pulse	255	4440000	380	NA
p032v2	271	Pulse	255	4470000	49	NA
p032v2	271	Response	101	4484055	14104	1
p032v2	273	Pulse	255	4500000	5551	NA
p032v2	275	Pulse	255	4530000	5220	NA
p032v2	275	Response	101	4533336	8556	1
p032v2	277	Pulse	255	4560000	16222	NA
p032v2	279	Pulse	255	4590000	15891	NA
p032v2	279	Response	100	4590695	16587	1
p032v2	281	Pulse	255	4620000	18893	NA
p032v2	283	Pulse	255	4650000	18563	NA
p032v2	283	Response	100	4657095	25658	1
p032v2	285	Pulse	255	4680000	12399	NA
p032v2	287	Pulse	255	4710000	12068	NA
p032v2	287	Response	101	4710136	12204	1
p032v2	289	Pulse	255	4740000	19404	NA
p032v2	291	Response	100	4763495	12568	1
p032v2	292	Pulse	255	4770000	6407	NA
p032v2	294	Pulse	255	4800000	5910	NA
p032v2	295	Pulse	255	4830000	25744	NA
p032v2	295	Response	100	4839575	35319	1
p032v2	297	Pulse	255	4860000	9915	NA
p032v2	299	Pulse	255	4890000	9584	NA
p032v2	299	Response	100	4919256	38840	1
p032v2	300	Pulse	255	4920000	587	NA
p032v2	302	Pulse	255	4950000	90	NA
p032v2	303	Response	101	4966855	6779	1
p032v2	305	Pulse	255	4980000	2759	NA
p032v2	307	Pulse	255	5010000	2428	NA
p032v2	307	Response	101	5019575	12003	1
p032v2	309	Pulse	255	5040000	9930	NA
p032v2	311	Response	100	5068376	7976	1
p032v2	312	Pulse	255	5070000	1433	NA
p032v2	314	Pulse	255	5100000	936	NA
p032v2	315	Response	100	5122695	13466	1
p032v2	316	Pulse	255	5130000	7105	NA
p032v2	318	Pulse	255	5160000	6607	NA
p032v2	319	Response	100	5172855	9297	1
p032v2	321	Pulse	255	5190000	6610	NA
p032v2	323	Pulse	255	5220000	6279	NA
p032v2	323	Response	100	5228536	14815	1
p032v2	325	Pulse	255	5250000	10948	NA
p032v2	327	Response	101	5279815	10432	1
p032v2	328	Pulse	255	5280000	118	NA
p032v2	329	Pulse	255	5310000	19786	NA
p032v2	331	Response	100	5331736	11191	1
p032v2	332	Pulse	255	5340000	8123	NA
p032v2	334	Pulse	255	5370000	7625	NA
p032v2	335	Response	100	5383654	11114	1
p032v2	337	Pulse	255	5400000	5961	NA
p032v2	339	Pulse	255	5430000	5631	NA
p032v2	339	Response	101	5431255	6885	1
p032v2	341	Pulse	255	5460000	18299	NA
p032v2	343	Response	100	5485175	13143	1
p032v2	344	Pulse	255	5490000	4636	NA
p032v2	346	Pulse	255	5520000	4138	NA
p032v2	347	Response	100	5538535	12508	1
p032v2	349	Pulse	255	5550000	975	NA
p032v2	351	Pulse	255	5580000	644	NA
p032v2	351	Response	101	5586375	7019	1
p032v2	353	Pulse	255	5610000	13145	NA
p032v2	355	Pulse	255	5640000	12815	NA
p032v2	355	Response	100	5666215	39029	1
p032v2	356	Pulse	255	5670000	3651	NA
p032v2	358	Pulse	255	5700000	3154	NA
p032v2	359	Response	100	5714455	7443	1
p032v2	361	Pulse	255	5730000	5156	NA
p032v2	363	Pulse	255	5760000	4826	NA
p032v2	363	Response	100	5773416	18241	1
p032v2	365	Pulse	255	5790000	6161	NA
p032v2	367	Pulse	255	5820000	5831	NA
p032v2	367	Response	100	5835658	21489	1
p032v2	369	Pulse	255	5850000	3833	NA
p032v2	371	Pulse	255	5880000	3503	NA
p032v2	371	Response	100	5885657	9160	1
p032v2	373	Pulse	255	5910000	13838	NA
p032v2	375	Response	101	5934615	8122	1
p032v2	376	Pulse	255	5940000	5341	NA
p032v2	378	Pulse	255	5970000	4843	NA
p032v2	379	Response	101	5995015	19693	1
p032v2	380	Pulse	255	6000000	4846	NA
p032v2	382	Pulse	255	6030000	4349	NA
p032v2	383	Pulse	255	6060000	24183	NA
p032v2	383	Response	100	6061095	25278	1
p032v2	385	Pulse	255	6090000	18519	NA
p032v2	387	Response	100	6111973	10169	1
p032v2	388	Pulse	255	6120000	7856	NA
p032v2	390	Pulse	255	6150000	7359	NA
p032v2	391	Response	101	6158695	5888	1
p032v2	393	Pulse	255	6180000	10861	NA
p032v2	395	Pulse	255	6210000	10530	NA
p032v2	395	Response	101	6225256	25786	1
p032v2	397	Pulse	255	6240000	4367	NA
p032v2	399	Pulse	255	6270000	4036	NA
p032v2	399	Response	101	6272775	6810	1
p032v2	401	Pulse	255	6300000	16704	NA
p032v2	403	Response	100	6320455	6828	1
p032v2	404	Pulse	255	6330000	9374	NA
p032v2	406	Pulse	255	6360000	8877	NA
p032v2	407	Response	100	6371655	10365	1
p032v2	409	Pulse	255	6390000	7879	NA
p032v2	411	Response	101	6416856	4404	1
p032v2	412	Pulse	255	6420000	3049	NA
p032v2	414	Pulse	255	6450000	2551	NA
p032v2	415	Response	101	6471656	14041	1
p032v2	416	Pulse	255	6480000	8220	NA
p032v2	418	Pulse	255	6510000	7723	NA
p032v2	419	Response	101	6522935	10492	1
p032v2	421	Pulse	255	6540000	6559	NA
p032v2	423	Response	101	6568936	5164	1
p032v2	424	Pulse	255	6570000	895	NA
p032v2	426	Pulse	255	6600000	398	NA
p032v2	427	Response	100	6629015	19247	1
p032v2	428	Pulse	255	6630000	900	NA
p032v2	430	Pulse	255	6660000	403	NA
p032v2	431	Response	101	6679096	9333	1
p032v2	433	Pulse	255	6690000	406	NA
p032v2	435	Pulse	255	6720000	75	NA
p032v2	435	Response	100	6725815	5889	1
p032v2	437	Pulse	255	6750000	13743	NA
p032v2	439	Response	101	6771255	4667	1
p032v2	440	Pulse	255	6780000	8579	NA
p032v2	442	Pulse	255	6810000	8082	NA
p032v2	443	Response	100	6830135	18051	1
p032v2	444	Pulse	255	6840000	9751	NA
p032v2	446	Pulse	255	6870000	9253	NA
p032v2	447	Response	101	6882536	11623	1
p032v2	449	Pulse	255	6900000	6923	NA
p032v2	451	Response	100	6929656	6248	1
p032v2	452	Pulse	255	6930000	259	NA
p032v2	453	Pulse	255	6960000	19927	NA
p032v2	455	Response	100	6978056	7652	1
p032v2	457	Pulse	255	6990000	1431	NA
p032v2	459	Pulse	255	7020000	1100	NA
p032v2	459	Response	100	7031736	12836	1
p032v2	461	Pulse	255	7050000	7769	NA
p032v2	463	Response	101	7078136	5574	1
p032v2	464	Pulse	255	7080000	1772	NA
p032v2	466	Pulse	255	7110000	1275	NA
p032v2	467	Response	100	7125167	6276	16
p032v2	469	Pulse	255	7140000	4277	NA
p032v2	471	Pulse	255	7170000	3946	NA
p032v2	471	Response	100	7175816	9763	1
p032v2	473	Pulse	255	7200000	13781	NA
p032v2	475	Response	101	7224056	7506	1
p032v2	476	Pulse	255	7230000	5785	NA
p032v2	478	Pulse	255	7260000	5287	NA
p032v2	479	Response	101	7269496	4617	1
p032v2	481	Pulse	255	7290000	10123	NA
p032v2	483	Picture	instruct_trial	7310208	0	1	13832	1	0	next	other	0
p032v2	483	Pulse	255	7320000	9792	NA
p032v2	483	Response	101	7323975	13767	1
p032v2	484	Pulse	255	7350000	25793	NA
p032v2	484	Response	101	7364136	39929	1
p032v2	486	Pulse	255	7380000	5464	NA
p032v2	488	Pulse	255	7410000	5133	NA
p032v2	488	Response	100	7426776	21909	1
p032v2	490	Pulse	255	7440000	2803	NA
p032v2	492	Pulse	255	7470000	2472	NA
p032v2	492	Response	101	7477176	9648	1
p032v2	494	Pulse	255	7500000	12307	NA
p032v2	496	Response	101	7525334	7311	1
p032v2	497	Pulse	255	7530000	4477	NA
p032v2	499	Pulse	255	7560000	3980	NA
p032v2	500	Response	100	7577736	11550	1
p032v2	502	Pulse	255	7590000	1816	NA
p032v2	504	Pulse	255	7620000	1485	NA
p032v2	504	Response	101	7627176	8661	1
p032v2	506	Pulse	255	7650000	12320	NA
p032v2	508	Response	100	7675416	7405	1
p032v2	509	Pulse	255	7680000	4490	NA
p032v2	511	Pulse	255	7710000	3993	NA
p032v2	512	Response	100	7731974	15801	1
p032v2	513	Pulse	255	7740000	7828	NA
p032v2	515	Pulse	255	7770000	7331	NA
p032v2	516	Response	100	7780856	8021	1
p032v2	518	Pulse	255	7800000	8667	NA
p032v2	520	Pulse	255	7830000	8336	NA
p032v2	520	Response	100	7844855	23191	1
p032v2	522	Pulse	255	7860000	4672	NA
p032v2	524	Pulse	255	7890000	4341	NA
p032v2	524	Response	101	7893896	8237	1
p032v2	526	Pulse	255	7920000	15676	NA
p032v2	528	Pulse	255	7950000	15345	NA
p032v2	528	Response	100	7953975	19320	1
p032v2	530	Pulse	255	7980000	15515	NA
p032v2	532	Pulse	255	8010000	15184	NA
p032v2	532	Response	101	8018216	23400	1
p032v2	534	Pulse	255	8040000	11354	NA
p032v2	536	Response	101	8065177	6199	1
p032v2	537	Pulse	255	8070000	4690	NA
p032v2	539	Pulse	255	8100000	4193	NA
p032v2	540	Response	100	8113096	7122	1
p032v2	542	Pulse	255	8130000	6362	NA
p032v2	544	Pulse	255	8160000	6031	NA
p032v2	544	Response	100	8180376	26407	1
p032v2	545	Pulse	255	8190000	9533	NA
p032v2	547	Pulse	255	8220000	9036	NA
p032v2	548	Response	100	8227815	6685	1
p032v2	550	Pulse	255	8250000	11705	NA
p032v2	552	Pulse	255	8280000	11374	NA
p032v2	552	Response	100	8303016	34390	1
p032v2	553	Pulse	255	8310000	6877	NA
p032v2	555	Pulse	255	8340000	6380	NA
p032v2	556	Response	101	8349575	5789	1
p032v2	558	Pulse	255	8370000	10049	NA
p032v2	560	Response	101	8396776	6494	1
p032v2	561	Pulse	255	8400000	3052	NA
p032v2	563	Pulse	255	8430000	2554	NA
p032v2	564	Response	101	8445896	8284	1
p032v2	566	Pulse	255	8460000	3723	NA
p032v2	568	Pulse	255	8490000	3393	NA
p032v2	568	Pulse	255	8520000	33393	NA
p032v2	568	Response	100	8522216	35609	1
p032v2	570	Pulse	255	8550000	17397	NA
p032v2	572	Response	100	8569256	6322	1
p032v2	574	Pulse	255	8580000	234	NA
p032v2	575	Pulse	255	8610000	10069	NA
p032v2	576	Response	100	8632056	21959	1
p032v2	577	Pulse	255	8640000	7738	NA
p032v2	579	Pulse	255	8670000	7241	NA
p032v2	580	Response	100	8687255	14330	1
p032v2	582	Pulse	255	8700000	2244	NA
p032v2	584	Pulse	255	8730000	1913	NA
p032v2	584	Response	101	8744055	15969	1
p032v2	586	Pulse	255	8760000	5416	NA
p032v2	588	Pulse	255	8790000	5085	NA
p032v2	588	Response	101	8791016	6101	1
p032v2	590	Pulse	255	8820000	18586	NA
p032v2	592	Pulse	255	8850000	18256	NA
p032v2	592	Response	100	8868136	36392	1
p032v2	594	Pulse	255	8880000	1426	NA
p032v2	596	Pulse	255	8910000	1096	NA
p032v2	596	Response	100	8914936	6032	1
p032v2	598	Pulse	255	8940000	14597	NA
p032v2	600	Response	101	8962536	6802	1
p032v2	601	Pulse	255	8970000	7267	NA
p032v2	603	Pulse	255	9000000	6769	NA
p032v2	604	Response	101	9009654	6258	1
p032v2	606	Pulse	255	9030000	9938	NA
p032v2	608	Response	101	9056776	6384	1
p032v2	609	Pulse	255	9060000	3108	NA
p032v2	611	Pulse	255	9090000	2611	NA
p032v2	612	Response	101	9110376	12821	1
p032v2	613	Pulse	255	9120000	9446	NA
p032v2	615	Pulse	255	9150000	8949	NA
p032v2	616	Response	100	9163016	11799	1
p032v2	618	Pulse	255	9180000	6452	NA
p032v2	620	Pulse	255	9210000	6121	NA
p032v2	620	Response	100	9210056	6177	1
p032v2	622	Pulse	255	9240000	19456	NA
p032v2	624	Response	101	9258296	7421	1
p032v2	626	Pulse	255	9270000	1293	NA
p032v2	628	Pulse	255	9300000	962	NA
p032v2	628	Response	101	9304616	5578	1
p032v2	630	Pulse	255	9330000	14964	NA
p032v2	632	Response	100	9358777	13409	1
p032v2	633	Pulse	255	9360000	1134	NA
p032v2	635	Pulse	255	9390000	637	NA
p032v2	636	Response	100	9405736	6207	1
p032v2	638	Pulse	255	9420000	3806	NA
p032v2	640	Pulse	255	9450000	3475	NA
p032v2	640	Response	100	9457016	10491	1
p032v2	642	Pulse	255	9480000	12477	NA
p032v2	644	Pulse	255	9510000	12146	NA
p032v2	644	Response	101	9515095	17241	1
p032v2	646	Pulse	255	9540000	14482	NA
p032v2	648	Response	101	9562696	6847	1
p032v2	649	Pulse	255	9570000	7151	NA
p032v2	651	Pulse	255	9600000	6654	NA
p032v2	652	Response	100	9610695	7183	1
p032v2	654	Pulse	255	9630000	8823	NA
p032v2	656	Response	100	9658216	6708	1
p032v2	657	Pulse	255	9660000	1660	NA
p032v2	659	Pulse	255	9690000	1162	NA
p032v2	660	Response	100	9706296	7292	1
p032v2	662	Pulse	255	9720000	3165	NA
p032v2	664	Pulse	255	9750000	2834	NA
p032v2	664	Pulse	255	9780000	32834	NA
p032v2	664	Response	100	9789656	42490	1
p032v2	666	Pulse	255	9810000	9839	NA
p032v2	668	Response	101	9837334	6842	1
p032v2	669	Pulse	255	9840000	2508	NA
p032v2	671	Pulse	255	9870000	2011	NA
p032v2	672	Response	100	9884616	6461	1
p032v2	674	Pulse	255	9900000	4847	NA
p032v2	676	Pulse	255	9930000	4516	NA
p032v2	676	Response	101	9932216	6732	1
p032v2	678	Pulse	255	9960000	17351	NA
p032v2	680	Response	100	9983655	10675	1
p032v2	681	Pulse	255	9990000	6188	NA
p032v2	683	Pulse	255	10020000	5690	NA
p032v2	684	Response	101	10030776	6300	1
p032v2	686	Pulse	255	10050000	8692	NA
p032v2	688	Response	100	10078056	6418	1
p032v2	689	Pulse	255	10080000	1862	NA
p032v2	691	Pulse	255	10110000	1365	NA
p032v2	692	Response	101	10127816	9015	1
p032v2	694	Pulse	255	10140000	1701	NA
p032v2	696	Pulse	255	10170000	1370	NA
p032v2	696	Response	101	10174376	5746	1
p032v2	698	Pulse	255	10200000	15205	NA
p032v2	700	Response	101	10219416	4290	1
p032v2	702	Pulse	255	10230000	42	NA
p032v2	703	Pulse	255	10260000	9877	NA
p032v2	704	Response	100	10272857	12568	1
p032v2	706	Pulse	255	10290000	6713	NA
p032v2	708	Pulse	255	10320000	6382	NA
p032v2	708	Response	101	10326616	12999	1
p032v2	710	Pulse	255	10350000	12884	NA
p032v2	712	Response	101	10371816	4369	1
p032v2	713	Pulse	255	10380000	8054	NA
p032v2	715	Pulse	255	10410000	7557	NA
p032v2	716	Response	100	10418296	5687	1
p032v2	718	Pulse	255	10440000	11226	NA
p032v2	720	Response	100	10466055	6950	1
p032v2	721	Pulse	255	10470000	3896	NA
p032v2	723	Pulse	255	10500000	3398	NA
p032v2	724	Picture	instruct_trial	10506768	0	1	40163	1	0	next	other	0
p032v2	724	Pulse	255	10530000	23232	NA
