Scenario - learning_JJ_english
Logfile written - 03/30/2022 12:19:37

Subject	Trial	Event Type	Code	Time	TTime	Uncertainty	Duration	Uncertainty	ReqTime	ReqDur	Stim Type	Pair Index

p032	0	Pulse	255	0	0	NA
p032	1	Picture	instruct_trial	10500	0	1	1277723	1	0	next	other	0
p032	1	Pulse	255	30000	19500	NA
p032	1	Pulse	255	60000	49500	NA
p032	1	Pulse	255	90000	79500	NA
p032	1	Pulse	255	120000	109500	NA
p032	1	Pulse	255	150000	139500	NA
p032	1	Pulse	255	180000	169500	NA
p032	1	Pulse	255	210000	199500	NA
p032	1	Pulse	255	240000	229500	NA
p032	1	Pulse	255	270000	259500	NA
p032	1	Pulse	255	300000	289500	NA
p032	1	Pulse	255	330000	319500	NA
p032	1	Pulse	255	360000	349500	NA
p032	1	Pulse	255	390000	379500	NA
p032	1	Pulse	255	420000	409500	NA
p032	1	Pulse	255	450000	439500	NA
p032	1	Pulse	255	480000	469500	NA
p032	1	Pulse	255	510000	499500	NA
p032	1	Pulse	255	540000	529500	NA
p032	1	Pulse	255	570000	559500	NA
p032	1	Pulse	255	600000	589500	NA
p032	1	Pulse	255	630000	619500	NA
p032	1	Pulse	255	660000	649500	NA
p032	1	Pulse	255	690000	679500	NA
p032	1	Pulse	255	720000	709500	NA
p032	1	Pulse	255	750000	739500	NA
p032	1	Pulse	255	780000	769500	NA
p032	1	Pulse	255	810000	799500	NA
p032	1	Pulse	255	840000	829500	NA
p032	1	Pulse	255	870000	859500	NA
p032	1	Pulse	255	900000	889500	NA
p032	1	Pulse	255	930000	919500	NA
p032	1	Pulse	255	960000	949500	NA
p032	1	Pulse	255	990000	979500	NA
p032	1	Pulse	255	1020000	1009500	NA
p032	1	Pulse	255	1050000	1039500	NA
p032	1	Pulse	255	1080000	1069500	NA
p032	1	Pulse	255	1110000	1099500	NA
p032	1	Pulse	255	1140000	1129500	NA
p032	1	Pulse	255	1170000	1159500	NA
p032	1	Pulse	255	1200000	1189500	NA
p032	1	Pulse	255	1230000	1219500	NA
p032	1	Pulse	255	1260000	1249500	NA
p032	1	Response	101	1288099	1277599	1
p032	1	Pulse	255	1290000	1279500	NA
p032	2	Response	100	1299854	9632	1
p032	4	Pulse	255	1320000	9613	NA
p032	6	Response	101	1349854	9136	1
p032	6	Pulse	255	1350000	9282	NA
p032	8	Pulse	255	1380000	19617	NA
p032	10	Response	101	1400815	10101	1
p032	11	Pulse	255	1410000	9121	NA
p032	13	Pulse	255	1440000	8623	NA
p032	14	Response	100	1452654	11111	1
p032	16	Pulse	255	1470000	6959	NA
p032	18	Pulse	255	1500000	6629	NA
p032	18	Response	101	1514814	21443	1
p032	20	Pulse	255	1530000	4798	NA
p032	22	Pulse	255	1560000	4467	NA
p032	22	Response	101	1569454	13921	1
p032	24	Pulse	255	1590000	10136	NA
p032	26	Pulse	255	1620000	9805	NA
p032	26	Response	100	1623854	13659	1
p032	28	Pulse	255	1650000	15641	NA
p032	30	Pulse	255	1680000	15310	NA
p032	30	Response	100	1680494	15804	1
p032	32	Pulse	255	1710000	18979	NA
p032	34	Response	100	1728414	7062	1
p032	36	Pulse	255	1740000	1150	NA
p032	38	Pulse	255	1770000	819	NA
p032	38	Response	100	1779060	9879	1
p032	40	Pulse	255	1800000	10488	NA
p032	42	Pulse	255	1830000	10157	NA
p032	42	Response	101	1837055	17212	1
p032	44	Pulse	255	1860000	12493	NA
p032	46	Pulse	255	1890000	12162	NA
p032	46	Response	100	1915454	37616	1
p032	47	Pulse	255	1920000	4498	NA
p032	49	Pulse	255	1950000	4001	NA
p032	50	Response	100	1968814	12649	1
p032	52	Pulse	255	1980000	671	NA
p032	54	Pulse	255	2010000	340	NA
p032	54	Response	101	2017854	8194	1
p032	56	Pulse	255	2040000	11675	NA
p032	58	Response	100	2066095	7440	1
p032	59	Pulse	255	2070000	3845	NA
p032	61	Pulse	255	2100000	3347	NA
p032	62	Response	101	2128334	21516	1
p032	63	Pulse	255	2130000	1517	NA
p032	65	Pulse	255	2160000	1019	NA
p032	66	Response	100	2177133	7987	1
p032	68	Pulse	255	2190000	2355	NA
p032	70	Pulse	255	2220000	2025	NA
p032	70	Pulse	255	2250000	32025	NA
p032	70	Response	101	2279294	61318	1
p032	71	Pulse	255	2280000	530	NA
p032	73	Pulse	255	2310000	33	NA
p032	74	Response	101	2328173	8040	1
p032	76	Pulse	255	2340000	1368	NA
p032	78	Pulse	255	2370000	1038	NA
p032	78	Response	101	2378414	9451	1
p032	80	Pulse	255	2400000	11206	NA
p032	82	Pulse	255	2430000	10875	NA
p032	82	Response	101	2432253	13129	1
p032	84	Pulse	255	2460000	17211	NA
p032	86	Response	100	2487294	14174	1
p032	87	Pulse	255	2490000	2548	NA
p032	89	Pulse	255	2520000	2051	NA
p032	90	Response	100	2544254	16139	1
p032	91	Pulse	255	2550000	5553	NA
p032	93	Pulse	255	2580000	5055	NA
p032	94	Response	100	2597934	12824	1
p032	96	Pulse	255	2610000	1558	NA
p032	98	Pulse	255	2640000	1228	NA
p032	98	Response	100	2655534	16762	1
p032	100	Pulse	255	2670000	4063	NA
p032	102	Pulse	255	2700000	3733	NA
p032	102	Response	101	2703135	6867	1
p032	104	Pulse	255	2730000	16401	NA
p032	106	Response	101	2758335	14405	1
p032	107	Pulse	255	2760000	1571	NA
p032	109	Pulse	255	2790000	1074	NA
p032	110	Response	100	2818813	19721	1
p032	111	Pulse	255	2820000	1077	NA
p032	113	Pulse	255	2850000	579	NA
p032	114	Pulse	255	2880000	20413	NA
p032	114	Response	100	2891933	32347	1
p032	116	Pulse	255	2910000	7584	NA
p032	118	Pulse	255	2940000	7253	NA
p032	118	Response	101	2946973	14226	1
p032	120	Pulse	255	2970000	12589	NA
p032	122	Response	101	2994333	6591	1
p032	123	Pulse	255	3000000	5592	NA
p032	125	Pulse	255	3030000	5094	NA
p032	126	Response	101	3041693	6621	1
p032	128	Pulse	255	3060000	7930	NA
p032	130	Pulse	255	3090000	7599	NA
p032	130	Response	101	3103133	20732	1
p032	132	Pulse	255	3120000	6435	NA
p032	134	Pulse	255	3150000	6105	NA
p032	134	Pulse	255	3180000	36105	NA
p032	134	Response	100	3184573	40678	1
p032	136	Pulse	255	3210000	14942	NA
p032	138	Response	100	3235613	10225	1
p032	139	Pulse	255	3240000	4279	NA
p032	141	Pulse	255	3270000	3782	NA
p032	142	Pulse	255	3300000	23616	NA
p032	142	Response	101	3304494	28110	1
p032	144	Pulse	255	3330000	15119	NA
p032	146	Response	101	3353294	8082	1
p032	147	Pulse	255	3360000	6623	NA
p032	149	Pulse	255	3390000	6125	NA
p032	150	Response	101	3406573	12533	1
p032	152	Pulse	255	3420000	2962	NA
p032	154	Pulse	255	3450000	2631	NA
p032	154	Response	100	3460093	12724	1
p032	156	Pulse	255	3480000	9466	NA
p032	158	Pulse	255	3510000	9136	NA
p032	158	Response	100	3513852	12988	1
p032	160	Pulse	255	3540000	15638	NA
p032	162	Pulse	255	3570000	15307	NA
p032	162	Response	101	3573534	18841	1
p032	164	Pulse	255	3600000	15976	NA
p032	166	Response	101	3620973	6618	1
p032	167	Pulse	255	3630000	8979	NA
p032	169	Pulse	255	3660000	8482	NA
p032	170	Response	101	3683692	22008	1
p032	171	Pulse	255	3690000	6151	NA
p032	173	Pulse	255	3720000	5654	NA
p032	174	Response	100	3731772	7261	1
p032	176	Pulse	255	3750000	7823	NA
p032	178	Response	100	3778172	5665	1
p032	179	Pulse	255	3780000	1660	NA
p032	181	Pulse	255	3810000	1162	NA
p032	182	Response	100	3828092	9089	1
p032	184	Pulse	255	3840000	1498	NA
p032	186	Pulse	255	3870000	1167	NA
p032	186	Response	101	3875292	6460	1
p032	188	Pulse	255	3900000	14169	NA
p032	190	Response	100	3925692	9530	1
p032	191	Pulse	255	3930000	4172	NA
p032	193	Pulse	255	3960000	3675	NA
p032	194	Pulse	255	3990000	23509	NA
p032	194	Response	100	4006253	39762	1
p032	196	Pulse	255	4020000	3347	NA
p032	198	Pulse	255	4050000	3016	NA
p032	198	Response	100	4058012	11029	1
p032	200	Pulse	255	4080000	11518	NA
p032	202	Response	101	4104972	6159	1
p032	203	Pulse	255	4110000	4854	NA
p032	205	Pulse	255	4140000	4357	NA
p032	206	Pulse	255	4170000	24191	NA
p032	206	Response	100	4191772	45963	1
p032	207	Pulse	255	4200000	8029	NA
p032	209	Pulse	255	4230000	7531	NA
p032	210	Response	100	4259212	26577	1
p032	211	Pulse	255	4260000	701	NA
p032	213	Pulse	255	4290000	204	NA
p032	214	Response	101	4307932	7970	1
p032	216	Pulse	255	4320000	1540	NA
p032	218	Pulse	255	4350000	1209	NA
p032	218	Response	101	4356972	8181	1
p032	220	Pulse	255	4380000	12544	NA
p032	222	Pulse	255	4410000	12213	NA
p032	222	Pulse	255	4440000	42213	NA
p032	222	Response	101	4440333	42546	1
p032	224	Pulse	255	4470000	19218	NA
p032	226	Response	100	4496973	15860	1
p032	227	Pulse	255	4500000	2888	NA
p032	229	Pulse	255	4530000	2391	NA
p032	230	Response	101	4552332	14558	1
p032	231	Pulse	255	4560000	7560	NA
p032	233	Pulse	255	4590000	7062	NA
p032	234	Response	100	4602412	9308	1
p032	236	Pulse	255	4620000	7065	NA
p032	238	Pulse	255	4650000	6734	NA
p032	238	Pulse	255	4680000	36734	NA
p032	238	Response	100	4684333	41067	1
p032	240	Pulse	255	4710000	15239	NA
p032	242	Picture	instruct_trial	4725092	0	1	22165	1	0	next	other	0
p032	242	Pulse	255	4740000	14908	NA
p032	242	Response	101	4747132	22040	1
p032	243	Pulse	255	4770000	22577	NA
p032	243	Response	101	4771453	24030	1
p032	245	Pulse	255	4800000	18080	NA
p032	247	Pulse	255	4830000	17749	NA
p032	247	Response	100	4832492	20241	1
p032	249	Pulse	255	4860000	17085	NA
p032	251	Response	100	4886733	13487	1
p032	252	Pulse	255	4890000	3089	NA
p032	254	Pulse	255	4920000	2591	NA
p032	255	Response	100	4936012	8437	1
p032	257	Pulse	255	4950000	3594	NA
p032	259	Pulse	255	4980000	3263	NA
p032	259	Response	100	4985932	9195	1
p032	261	Pulse	255	5010000	13598	NA
p032	263	Response	100	5039852	13119	1
p032	264	Pulse	255	5040000	102	NA
p032	265	Pulse	255	5070000	19770	NA
p032	267	Pulse	255	5100000	19439	NA
p032	267	Response	101	5106332	25771	1
p032	269	Pulse	255	5130000	13275	NA
p032	271	Response	101	5155292	8236	1
p032	272	Pulse	255	5160000	4612	NA
p032	274	Pulse	255	5190000	4115	NA
p032	275	Response	101	5207612	11561	1
p032	277	Pulse	255	5220000	1951	NA
p032	279	Pulse	255	5250000	1620	NA
p032	279	Response	100	5256972	8592	1
p032	281	Pulse	255	5280000	12622	NA
p032	283	Pulse	255	5310000	12291	NA
p032	283	Response	100	5311851	14142	1
p032	285	Pulse	255	5340000	17626	NA
p032	287	Response	101	5360092	7388	1
p032	288	Pulse	255	5370000	9796	NA
p032	290	Pulse	255	5400000	9299	NA
p032	291	Response	100	5407771	6905	1
p032	293	Pulse	255	5430000	11801	NA
p032	295	Pulse	255	5460000	11471	NA
p032	295	Response	100	5467612	19083	1
p032	297	Pulse	255	5490000	11973	NA
p032	299	Pulse	255	5520000	11642	NA
p032	299	Response	100	5525131	16774	1
p032	301	Pulse	255	5550000	14478	NA
p032	303	Response	101	5573772	7919	1
p032	304	Pulse	255	5580000	6148	NA
p032	306	Pulse	255	5610000	5651	NA
p032	307	Response	101	5622333	7818	1
p032	309	Pulse	255	5640000	7153	NA
p032	311	Pulse	255	5670000	6823	NA
p032	311	Response	100	5670331	7154	1
p032	313	Pulse	255	5700000	19157	NA
p032	315	Response	100	5725611	14438	1
p032	316	Pulse	255	5730000	4328	NA
p032	318	Pulse	255	5760000	3831	NA
p032	319	Response	100	5773051	6716	1
p032	321	Pulse	255	5790000	6500	NA
p032	323	Pulse	255	5820000	6169	NA
p032	323	Response	100	5825372	11541	1
p032	325	Pulse	255	5850000	14171	NA
p032	327	Response	101	5873931	7771	1
p032	328	Pulse	255	5880000	6007	NA
p032	330	Pulse	255	5910000	5510	NA
p032	331	Response	101	5924891	10235	1
p032	333	Pulse	255	5940000	4679	NA
p032	335	Pulse	255	5970000	4349	NA
p032	335	Response	101	5982810	17159	1
p032	337	Pulse	255	6000000	6684	NA
p032	339	Response	101	6029131	5484	1
p032	340	Pulse	255	6030000	688	NA
p032	342	Pulse	255	6060000	190	NA
p032	343	Response	100	6076092	6116	1
p032	345	Pulse	255	6090000	3526	NA
p032	347	Pulse	255	6120000	3195	NA
p032	347	Response	100	6145051	28246	1
p032	348	Pulse	255	6150000	4864	NA
p032	350	Pulse	255	6180000	4367	NA
p032	351	Response	101	6189771	3972	1
p032	353	Pulse	255	6210000	9702	NA
p032	355	Pulse	255	6240000	9372	NA
p032	355	Response	100	6265051	34422	1
p032	356	Pulse	255	6270000	4875	NA
p032	358	Pulse	255	6300000	4377	NA
p032	359	Response	100	6311290	5502	1
p032	361	Pulse	255	6330000	8213	NA
p032	363	Pulse	255	6360000	7882	NA
p032	363	Response	100	6363211	11093	1
p032	365	Pulse	255	6390000	16384	NA
p032	367	Response	100	6413691	9745	1
p032	368	Pulse	255	6420000	6221	NA
p032	370	Pulse	255	6450000	5723	NA
p032	371	Response	100	6463530	9088	1
p032	373	Pulse	255	6480000	6059	NA
p032	375	Pulse	255	6510000	5729	NA
p032	375	Response	101	6512251	7979	1
p032	377	Pulse	255	6540000	17230	NA
p032	379	Pulse	255	6570000	16900	NA
p032	379	Response	101	6578091	24991	1
p032	381	Pulse	255	6600000	11403	NA
p032	383	Response	100	6625450	6522	1
p032	384	Pulse	255	6630000	4406	NA
p032	386	Pulse	255	6660000	3908	NA
p032	387	Response	100	6673371	7113	1
p032	389	Pulse	255	6690000	6244	NA
p032	391	Response	101	6719450	5364	1
p032	392	Pulse	255	6720000	414	NA
p032	393	Pulse	255	6750000	20081	NA
p032	395	Response	101	6769290	9041	1
p032	397	Pulse	255	6780000	252	NA
p032	398	Pulse	255	6810000	10088	NA
p032	399	Response	101	6814891	4813	1
p032	401	Pulse	255	6840000	14590	NA
p032	403	Response	100	6862010	6269	1
p032	404	Pulse	255	6870000	7926	NA
p032	406	Pulse	255	6900000	7429	NA
p032	407	Response	100	6913050	10313	1
p032	409	Pulse	255	6930000	6432	NA
p032	411	Response	101	6958810	4911	1
p032	412	Pulse	255	6960000	1101	NA
p032	414	Pulse	255	6990000	604	NA
p032	415	Pulse	255	7020000	20438	NA
p032	415	Response	101	7034970	35408	1
p032	417	Pulse	255	7050000	4609	NA
p032	419	Pulse	255	7080000	4278	NA
p032	419	Response	101	7083290	7568	1
p032	421	Pulse	255	7110000	16280	NA
p032	423	Response	101	7128890	4839	1
p032	425	Pulse	255	7140000	617	NA
p032	427	Pulse	255	7170000	286	NA
p032	427	Response	100	7179290	9576	1
p032	429	Pulse	255	7200000	10288	NA
p032	431	Pulse	255	7230000	9957	NA
p032	431	Response	101	7235691	15648	1
p032	433	Pulse	255	7260000	13793	NA
p032	435	Response	100	7281849	5311	1
p032	436	Pulse	255	7290000	7963	NA
p032	438	Pulse	255	7320000	7465	NA
p032	439	Response	101	7327611	4911	1
p032	441	Pulse	255	7350000	11967	NA
p032	443	Response	100	7376651	8287	1
p032	444	Pulse	255	7380000	3304	NA
p032	446	Pulse	255	7410000	2807	NA
p032	447	Response	101	7423450	6090	1
p032	449	Pulse	255	7440000	6142	NA
p032	451	Response	100	7469130	4942	1
p032	452	Pulse	255	7470000	812	NA
p032	454	Pulse	255	7500000	315	NA
p032	455	Response	100	7515450	5599	1
p032	457	Pulse	255	7530000	4150	NA
p032	459	Pulse	255	7560000	3820	NA
p032	459	Response	100	7571371	15190	1
p032	461	Pulse	255	7590000	8155	NA
p032	463	Response	101	7618010	5834	1
p032	464	Pulse	255	7620000	1825	NA
p032	466	Pulse	255	7650000	1328	NA
p032	467	Response	100	7666570	7732	1
p032	469	Pulse	255	7680000	2997	NA
p032	471	Pulse	255	7710000	2666	NA
p032	471	Response	100	7714649	7315	1
p032	473	Pulse	255	7740000	14834	NA
p032	475	Response	101	7767609	12113	1
p032	476	Pulse	255	7770000	2338	NA
p032	478	Pulse	255	7800000	1841	NA
p032	479	Response	101	7813210	4884	1
p032	481	Pulse	255	7830000	6343	NA
p032	483	Picture	instruct_trial	7853988	0	1	25164	1	0	next	other	0
p032	483	Pulse	255	7860000	6012	NA
p032	483	Response	101	7879049	25061	1
p032	484	Pulse	255	7890000	10681	NA
p032	484	Response	101	7904730	25410	1
p032	486	Pulse	255	7920000	4851	NA
p032	488	Pulse	255	7950000	4520	NA
p032	488	Response	100	7958730	13250	1
p032	490	Pulse	255	7980000	10855	NA
p032	492	Pulse	255	8010000	10525	NA
p032	492	Response	100	8015450	15975	1
p032	494	Pulse	255	8040000	14027	NA
p032	496	Response	100	8067690	11386	1
p032	497	Pulse	255	8070000	2197	NA
p032	499	Pulse	255	8100000	1700	NA
p032	500	Response	100	8123929	15463	1
p032	501	Pulse	255	8130000	5869	NA
p032	503	Pulse	255	8160000	5371	NA
p032	504	Response	100	8176250	11456	1
p032	506	Pulse	255	8190000	3207	NA
p032	508	Pulse	255	8220000	2877	NA
p032	508	Response	101	8223210	6087	1
p032	510	Pulse	255	8250000	16378	NA
p032	512	Response	101	8270170	6218	1
p032	513	Pulse	255	8280000	9715	NA
p032	515	Pulse	255	8310000	9217	NA
p032	516	Response	101	8318329	7381	1
p032	518	Pulse	255	8340000	11220	NA
p032	520	Response	100	8366249	7138	1
p032	521	Pulse	255	8370000	3556	NA
p032	523	Pulse	255	8400000	3059	NA
p032	524	Response	100	8417529	10422	1
p032	526	Pulse	255	8430000	2062	NA
p032	528	Pulse	255	8460000	1731	NA
p032	528	Response	101	8466249	7980	1
p032	530	Pulse	255	8490000	13233	NA
p032	532	Response	100	8513849	6750	1
p032	533	Pulse	255	8520000	6069	NA
p032	535	Pulse	255	8550000	5572	NA
p032	536	Pulse	255	8580000	25406	NA
p032	536	Response	100	8583129	28535	1
p032	538	Pulse	255	8610000	16409	NA
p032	540	Response	100	8636089	12167	1
p032	541	Pulse	255	8640000	3746	NA
p032	543	Pulse	255	8670000	3249	NA
p032	544	Response	101	8685289	8372	1
p032	546	Pulse	255	8700000	4251	NA
p032	548	Pulse	255	8730000	3921	NA
p032	548	Response	101	8735849	9770	1
p032	550	Pulse	255	8760000	13756	NA
p032	552	Response	100	8785129	8554	1
p032	553	Pulse	255	8790000	4759	NA
p032	555	Pulse	255	8820000	4262	NA
p032	556	Response	100	8834169	8265	1
p032	558	Pulse	255	8850000	5431	NA
p032	560	Pulse	255	8880000	5100	NA
p032	560	Response	100	8881529	6629	1
p032	562	Pulse	255	8910000	17935	NA
p032	564	Response	100	8929528	7133	1
p032	565	Pulse	255	8940000	10272	NA
p032	567	Pulse	255	8970000	9774	NA
p032	568	Response	101	8978488	8097	1
p032	570	Pulse	255	9000000	11110	NA
p032	572	Response	101	9024570	5349	1
p032	573	Pulse	255	9030000	5280	NA
p032	575	Pulse	255	9060000	4783	NA
p032	576	Response	101	9072728	7345	1
p032	578	Pulse	255	9090000	6785	NA
p032	580	Pulse	255	9120000	6454	NA
p032	580	Response	101	9120409	6863	1
p032	582	Pulse	255	9150000	19122	NA
p032	584	Response	100	9167449	6241	1
p032	586	Pulse	255	9180000	2127	NA
p032	588	Pulse	255	9210000	1796	NA
p032	588	Response	100	9217849	9644	1
p032	590	Pulse	255	9240000	11631	NA
p032	592	Response	101	9263688	4989	1
p032	593	Pulse	255	9270000	6134	NA
p032	595	Pulse	255	9300000	5637	NA
p032	596	Response	101	9310009	5479	1
p032	598	Pulse	255	9330000	9472	NA
p032	600	Response	100	9356888	6030	1
p032	601	Pulse	255	9360000	2975	NA
p032	603	Pulse	255	9390000	2478	NA
p032	604	Response	100	9405368	7680	1
p032	606	Pulse	255	9420000	4147	NA
p032	608	Pulse	255	9450000	3816	NA
p032	608	Response	100	9451929	5745	1
p032	610	Pulse	255	9480000	17651	NA
p032	612	Response	100	9499208	6529	1
p032	614	Pulse	255	9510000	322	NA
p032	615	Pulse	255	9540000	10157	NA
p032	616	Response	100	9545689	5680	1
p032	617	Response	101	9548648	2806	1
p032	618	Pulse	255	9570000	13826	NA
p032	620	Response	101	9594250	7745	1
p032	621	Pulse	255	9600000	5663	NA
p032	623	Pulse	255	9630000	5165	NA
p032	624	Response	101	9641448	6447	1
p032	626	Pulse	255	9660000	8168	NA
p032	628	Response	100	9688968	6805	1
p032	629	Pulse	255	9690000	837	NA
p032	631	Pulse	255	9720000	340	NA
p032	632	Response	101	9736409	6583	1
p032	634	Pulse	255	9750000	3176	NA
p032	636	Pulse	255	9780000	2845	NA
p032	636	Response	101	9784649	7494	1
p032	638	Pulse	255	9810000	14847	NA
p032	640	Response	101	9835608	10124	1
p032	641	Pulse	255	9840000	4183	NA
p032	643	Pulse	255	9870000	3686	NA
p032	644	Response	100	9885368	8888	1
p032	646	Pulse	255	9900000	4189	NA
p032	648	Pulse	255	9930000	3858	NA
p032	648	Response	100	9933208	7066	1
p032	650	Pulse	255	9960000	16359	NA
p032	652	Response	101	9979688	5717	1
p032	653	Pulse	255	9990000	10196	NA
p032	655	Pulse	255	10020000	9699	NA
p032	656	Response	101	10025689	5222	1
p032	658	Pulse	255	10050000	13867	NA
p032	660	Response	101	10073209	6745	1
p032	661	Pulse	255	10080000	6704	NA
p032	663	Pulse	255	10110000	6207	NA
p032	664	Response	101	10122328	8369	1
p032	666	Pulse	255	10140000	7209	NA
p032	668	Response	100	10169288	6166	1
p032	669	Pulse	255	10170000	546	NA
p032	671	Pulse	255	10200000	48	NA
p032	672	Response	101	10215528	5410	1
p032	674	Pulse	255	10230000	4050	NA
p032	676	Pulse	255	10260000	3720	NA
p032	676	Response	100	10264328	8047	1
p032	678	Pulse	255	10290000	15221	NA
p032	680	Response	101	10313687	8578	1
p032	681	Pulse	255	10320000	6225	NA
p032	683	Pulse	255	10350000	5727	NA
p032	684	Response	100	10360968	6529	1
p032	686	Pulse	255	10380000	8563	NA
p032	688	Response	101	10406727	4960	1
p032	689	Pulse	255	10410000	3066	NA
p032	691	Pulse	255	10440000	2569	NA
p032	692	Response	100	10457527	9930	1
p032	694	Pulse	255	10470000	2071	NA
p032	696	Pulse	255	10500000	1741	NA
p032	696	Response	100	10504408	6149	1
p032	698	Pulse	255	10530000	15075	NA
p032	700	Response	100	10550567	5312	1
p032	701	Pulse	255	10560000	9245	NA
p032	703	Pulse	255	10590000	8748	NA
p032	704	Response	101	10600007	8590	1
p032	706	Pulse	255	10620000	9584	NA
p032	708	Response	100	10647687	6940	1
p032	709	Pulse	255	10650000	2254	NA
p032	711	Pulse	255	10680000	1756	NA
p032	712	Response	100	10692408	3999	1
p032	714	Pulse	255	10710000	7092	NA
p032	716	Response	101	10737447	4208	1
p032	717	Pulse	255	10740000	2428	NA
p032	719	Pulse	255	10770000	1931	NA
p032	720	Response	101	10786087	7852	1
p032	722	Pulse	255	10800000	3433	NA
p032	724	Picture	instruct_trial	10826898	0	1	40163	1	0	next	other	0
p032	724	Pulse	255	10830000	3102	NA
p032	724	Pulse	255	10860000	33102	NA
