Scenario - learning_JJ_english
Logfile written - 04/12/2022 13:03:04

Subject	Trial	Event Type	Code	Time	TTime	Uncertainty	Duration	Uncertainty	ReqTime	ReqDur	Stim Type	Pair Index

p033v2	0	Pulse	255	0	0	NA
p033v2	1	Picture	instruct_trial	10500	0	1	202816	1	0	next	other	0
p033v2	1	Pulse	255	30000	19500	NA
p033v2	1	Pulse	255	60000	49500	NA
p033v2	1	Pulse	255	90000	79500	NA
p033v2	1	Pulse	255	120000	109500	NA
p033v2	1	Pulse	255	150000	139500	NA
p033v2	1	Pulse	255	180000	169500	NA
p033v2	1	Pulse	255	210000	199500	NA
p033v2	1	Response	101	212968	202469	1
p033v2	1	Pulse	255	240000	229500	NA
p033v2	2	Pulse	255	270000	29854	NA
p033v2	2	Pulse	255	300000	59854	NA
p033v2	2	Pulse	255	330000	89854	NA
p033v2	2	Response	101	340408	100262	1
p033v2	4	Pulse	255	360000	9196	NA
p033v2	6	Pulse	255	390000	8866	NA
p033v2	6	Pulse	255	420000	38866	NA
p033v2	6	Response	101	437288	56154	1
p033v2	8	Pulse	255	450000	2205	NA
p033v2	10	Pulse	255	480000	1874	NA
p033v2	10	Pulse	255	510000	31874	NA
p033v2	10	Response	101	519528	41402	1
p033v2	12	Pulse	255	540000	10045	NA
p033v2	14	Pulse	255	570000	9714	NA
p033v2	14	Response	101	594568	34282	1
p033v2	15	Pulse	255	600000	5384	NA
p033v2	17	Pulse	255	630000	4887	NA
p033v2	18	Response	100	651688	16409	1
p033v2	19	Pulse	255	660000	8222	NA
p033v2	21	Pulse	255	690000	7725	NA
p033v2	22	Response	101	715368	22927	1
p033v2	23	Pulse	255	720000	4561	NA
p033v2	25	Pulse	255	750000	4064	NA
p033v2	26	Response	100	777608	21506	1
p033v2	27	Pulse	255	780000	2233	NA
p033v2	29	Pulse	255	810000	1736	NA
p033v2	30	Response	100	839208	20778	1
p033v2	31	Pulse	255	840000	739	NA
p033v2	33	Pulse	255	870000	241	NA
p033v2	34	Response	100	895928	16003	1
p033v2	35	Pulse	255	900000	3910	NA
p033v2	37	Pulse	255	930000	3413	NA
p033v2	38	Response	101	952968	16215	1
p033v2	39	Pulse	255	960000	6915	NA
p033v2	41	Pulse	255	990000	6418	NA
p033v2	42	Response	101	1007287	13539	1
p033v2	44	Pulse	255	1020000	2254	NA
p033v2	46	Pulse	255	1050000	1923	NA
p033v2	46	Response	100	1070087	22011	1
p033v2	47	Pulse	255	1080000	9759	NA
p033v2	49	Pulse	255	1110000	9261	NA
p033v2	50	Response	101	1129608	18703	1
p033v2	51	Pulse	255	1140000	10264	NA
p033v2	53	Pulse	255	1170000	9766	NA
p033v2	54	Response	101	1180968	10568	1
p033v2	56	Pulse	255	1200000	8602	NA
p033v2	58	Pulse	255	1230000	8272	NA
p033v2	58	Response	100	1230088	8359	1
p033v2	60	Pulse	255	1260000	19440	NA
p033v2	62	Pulse	255	1290000	19109	NA
p033v2	62	Response	101	1298967	28076	1
p033v2	64	Pulse	255	1320000	10612	NA
p033v2	66	Response	100	1346248	6529	1
p033v2	67	Pulse	255	1350000	3616	NA
p033v2	69	Pulse	255	1380000	3118	NA
p033v2	70	Response	100	1406168	19120	1
p033v2	71	Pulse	255	1410000	3787	NA
p033v2	73	Pulse	255	1440000	3290	NA
p033v2	74	Response	101	1452727	5851	1
p033v2	76	Pulse	255	1470000	6792	NA
p033v2	78	Response	101	1498807	5269	1
p033v2	79	Pulse	255	1500000	1129	NA
p033v2	81	Pulse	255	1530000	631	NA
p033v2	82	Response	101	1546567	7033	1
p033v2	84	Pulse	255	1560000	2967	NA
p033v2	86	Pulse	255	1590000	2636	NA
p033v2	86	Response	100	1596567	9204	1
p033v2	88	Pulse	255	1620000	12972	NA
p033v2	90	Response	100	1646248	8888	1
p033v2	91	Pulse	255	1650000	3642	NA
p033v2	93	Pulse	255	1680000	3144	NA
p033v2	94	Response	100	1694807	7786	1
p033v2	96	Pulse	255	1710000	4813	NA
p033v2	98	Pulse	255	1740000	4483	NA
p033v2	98	Response	100	1747367	11850	1
p033v2	100	Pulse	255	1770000	12151	NA
p033v2	102	Response	101	1795847	7668	1
p033v2	103	Pulse	255	1800000	3988	NA
p033v2	105	Pulse	255	1830000	3490	NA
p033v2	106	Response	101	1843207	6532	1
p033v2	108	Pulse	255	1860000	6326	NA
p033v2	110	Pulse	255	1890000	5995	NA
p033v2	110	Response	100	1890007	6002	1
p033v2	112	Pulse	255	1920000	19497	NA
p033v2	114	Response	100	1941608	10774	1
p033v2	115	Pulse	255	1950000	8334	NA
p033v2	117	Pulse	255	1980000	7836	NA
p033v2	118	Response	101	1989127	6798	1
p033v2	120	Pulse	255	2010000	10339	NA
p033v2	122	Pulse	255	2040000	10008	NA
p033v2	122	Response	101	2045767	15775	1
p033v2	124	Pulse	255	2070000	13844	NA
p033v2	126	Response	101	2093287	6800	1
p033v2	127	Pulse	255	2100000	6514	NA
p033v2	129	Pulse	255	2130000	6016	NA
p033v2	130	Response	101	2140087	5937	1
p033v2	132	Pulse	255	2160000	9518	NA
p033v2	134	Pulse	255	2190000	9188	NA
p033v2	134	Response	100	2198567	17755	1
p033v2	136	Pulse	255	2220000	11023	NA
p033v2	138	Response	100	2248967	9660	1
p033v2	139	Pulse	255	2250000	860	NA
p033v2	141	Pulse	255	2280000	363	NA
p033v2	142	Response	101	2298567	8764	1
p033v2	144	Pulse	255	2310000	1032	NA
p033v2	146	Pulse	255	2340000	701	NA
p033v2	146	Response	101	2353047	13748	1
p033v2	148	Pulse	255	2370000	6537	NA
p033v2	150	Response	100	2399527	5733	1
p033v2	151	Pulse	255	2400000	373	NA
p033v2	152	Pulse	255	2430000	20041	NA
p033v2	154	Response	100	2448167	7877	1
p033v2	156	Pulse	255	2460000	1378	NA
p033v2	158	Pulse	255	2490000	1048	NA
p033v2	158	Response	100	2495926	6974	1
p033v2	160	Pulse	255	2520000	13549	NA
p033v2	162	Pulse	255	2550000	13218	NA
p033v2	162	Response	101	2552327	15546	1
p033v2	164	Pulse	255	2580000	17221	NA
p033v2	166	Response	101	2606007	12897	1
p033v2	167	Pulse	255	2610000	3891	NA
p033v2	169	Pulse	255	2640000	3394	NA
p033v2	170	Response	100	2660966	14194	1
p033v2	171	Pulse	255	2670000	8896	NA
p033v2	173	Pulse	255	2700000	8399	NA
p033v2	174	Response	100	2722486	20719	1
p033v2	175	Pulse	255	2730000	7401	NA
p033v2	177	Pulse	255	2760000	6904	NA
p033v2	178	Response	100	2771687	8425	1
p033v2	180	Pulse	255	2790000	7906	NA
p033v2	182	Pulse	255	2820000	7576	NA
p033v2	182	Response	100	2828487	16062	1
p033v2	184	Pulse	255	2850000	11078	NA
p033v2	186	Pulse	255	2880000	10747	NA
p033v2	186	Response	101	2891767	22514	1
p033v2	188	Pulse	255	2910000	7750	NA
p033v2	190	Pulse	255	2940000	7419	NA
p033v2	190	Response	100	2941447	8866	1
p033v2	192	Pulse	255	2970000	18088	NA
p033v2	194	Response	101	2989607	7363	1
p033v2	195	Pulse	255	3000000	10258	NA
p033v2	197	Pulse	255	3030000	9760	NA
p033v2	198	Response	100	3045766	15361	1
p033v2	200	Pulse	255	3060000	3763	NA
p033v2	202	Pulse	255	3090000	3433	NA
p033v2	202	Response	101	3097286	10719	1
p033v2	204	Pulse	255	3120000	12268	NA
p033v2	206	Response	100	3147446	9383	1
p033v2	207	Pulse	255	3150000	2438	NA
p033v2	209	Pulse	255	3180000	1941	NA
p033v2	210	Response	101	3194007	5782	1
p033v2	212	Pulse	255	3210000	5609	NA
p033v2	214	Pulse	255	3240000	5279	NA
p033v2	214	Response	101	3240566	5845	1
p033v2	216	Pulse	255	3270000	18947	NA
p033v2	218	Response	101	3291926	10542	1
p033v2	219	Pulse	255	3300000	7950	NA
p033v2	221	Pulse	255	3330000	7453	NA
p033v2	222	Response	100	3337926	5213	1
p033v2	224	Pulse	255	3360000	11622	NA
p033v2	226	Response	101	3387446	8738	1
p033v2	227	Pulse	255	3390000	2459	NA
p033v2	229	Pulse	255	3420000	1961	NA
p033v2	230	Response	101	3435526	7322	1
p033v2	232	Pulse	255	3450000	3964	NA
p033v2	234	Pulse	255	3480000	3633	NA
p033v2	234	Response	100	3484326	7959	1
p033v2	236	Pulse	255	3510000	15135	NA
p033v2	238	Pulse	255	3540000	14804	NA
p033v2	238	Response	100	3545686	20490	1
p033v2	240	Pulse	255	3570000	13806	NA
p033v2	242	Picture	instruct_trial	3586524	0	1	1263558	1	0	next	other	0
p033v2	242	Pulse	255	3600000	13476	NA
p033v2	242	Pulse	255	3630000	43476	NA
p033v2	242	Pulse	255	3660000	73476	NA
p033v2	242	Pulse	255	3690000	103476	NA
p033v2	242	Pulse	255	3720000	133476	NA
p033v2	242	Pulse	255	3750000	163476	NA
p033v2	242	Pulse	255	3780000	193476	NA
p033v2	242	Pulse	255	3810000	223476	NA
p033v2	242	Pulse	255	3840000	253476	NA
p033v2	242	Pulse	255	3870000	283476	NA
p033v2	242	Pulse	255	3900000	313476	NA
p033v2	242	Pulse	255	3930000	343476	NA
p033v2	242	Pulse	255	3960000	373476	NA
p033v2	242	Pulse	255	3990000	403476	NA
p033v2	242	Pulse	255	4020000	433476	NA
p033v2	242	Pulse	255	4050000	463476	NA
p033v2	242	Pulse	255	4080000	493476	NA
p033v2	242	Pulse	255	4110000	523476	NA
p033v2	242	Pulse	255	4140000	553476	NA
p033v2	242	Pulse	255	4170000	583476	NA
p033v2	242	Pulse	255	4200000	613476	NA
p033v2	242	Pulse	255	4230000	643476	NA
p033v2	242	Pulse	255	4260000	673476	NA
p033v2	242	Pulse	255	4290000	703476	NA
p033v2	242	Pulse	255	4320000	733476	NA
p033v2	242	Pulse	255	4350000	763476	NA
p033v2	242	Pulse	255	4380000	793476	NA
p033v2	242	Pulse	255	4410000	823476	NA
p033v2	242	Pulse	255	4440000	853476	NA
p033v2	242	Pulse	255	4470000	883476	NA
p033v2	242	Pulse	255	4500000	913476	NA
p033v2	242	Pulse	255	4530000	943476	NA
p033v2	242	Pulse	255	4560000	973476	NA
p033v2	242	Pulse	255	4590000	1003476	NA
p033v2	242	Pulse	255	4620000	1033476	NA
p033v2	242	Pulse	255	4650000	1063476	NA
p033v2	242	Pulse	255	4680000	1093476	NA
p033v2	242	Pulse	255	4710000	1123476	NA
p033v2	242	Pulse	255	4740000	1153476	NA
p033v2	242	Pulse	255	4770000	1183476	NA
p033v2	242	Pulse	255	4800000	1213476	NA
p033v2	242	Pulse	255	4830000	1243476	NA
p033v2	242	Response	101	4849926	1263401	1
p033v2	243	Pulse	255	4860000	9752	NA
p033v2	243	Pulse	255	4890000	39752	NA
p033v2	243	Pulse	255	4920000	69752	NA
p033v2	243	Pulse	255	4950000	99752	NA
p033v2	243	Response	100	4979045	128797	1
p033v2	244	Pulse	255	4980000	763	NA
p033v2	246	Pulse	255	5010000	265	NA
p033v2	247	Pulse	255	5040000	20100	NA
p033v2	247	Pulse	255	5070000	50100	NA
p033v2	247	Response	100	5074645	54745	1
p033v2	249	Pulse	255	5100000	14938	NA
p033v2	251	Pulse	255	5130000	14608	NA
p033v2	251	Response	101	5147845	32453	1
p033v2	253	Pulse	255	5160000	1778	NA
p033v2	255	Pulse	255	5190000	1447	NA
p033v2	255	Response	101	5208885	20332	1
p033v2	257	Pulse	255	5220000	617	NA
p033v2	259	Pulse	255	5250000	286	NA
p033v2	259	Response	100	5267045	17331	1
p033v2	261	Pulse	255	5280000	2455	NA
p033v2	263	Pulse	255	5310000	2124	NA
p033v2	263	Response	101	5320485	12609	1
p033v2	265	Pulse	255	5340000	9126	NA
p033v2	267	Pulse	255	5370000	8796	NA
p033v2	267	Response	100	5384005	22801	1
p033v2	269	Pulse	255	5400000	5465	NA
p033v2	271	Pulse	255	5430000	5134	NA
p033v2	271	Pulse	255	5460000	35134	NA
p033v2	271	Response	101	5475685	50819	1
p033v2	273	Pulse	255	5490000	3806	NA
p033v2	275	Pulse	255	5520000	3476	NA
p033v2	275	Response	100	5523685	7161	1
p033v2	277	Pulse	255	5550000	15811	NA
p033v2	279	Pulse	255	5580000	15480	NA
p033v2	279	Pulse	255	5610000	45480	NA
p033v2	279	Response	101	5616405	51885	1
p033v2	281	Pulse	255	5640000	13152	NA
p033v2	283	Pulse	255	5670000	12821	NA
p033v2	283	Pulse	255	5700000	42821	NA
p033v2	283	Pulse	255	5730000	72821	NA
p033v2	283	Pulse	255	5760000	102821	NA
p033v2	283	Pulse	255	5790000	132821	NA
p033v2	283	Pulse	255	5820000	162821	NA
p033v2	283	Pulse	255	5850000	192821	NA
p033v2	283	Response	101	5870005	212826	1
p033v2	284	Pulse	255	5880000	9840	NA
p033v2	286	Pulse	255	5910000	9342	NA
p033v2	287	Response	101	5929685	18861	1
p033v2	288	Pulse	255	5940000	10178	NA
p033v2	290	Pulse	255	5970000	9681	NA
p033v2	291	Response	100	5984405	13920	1
p033v2	293	Pulse	255	6000000	5184	NA
p033v2	295	Pulse	255	6030000	4853	NA
p033v2	295	Response	100	6033445	8298	1
p033v2	297	Pulse	255	6060000	16021	NA
p033v2	299	Response	100	6084565	10255	1
p033v2	300	Pulse	255	6090000	5358	NA
p033v2	302	Pulse	255	6120000	4861	NA
p033v2	303	Pulse	255	6150000	24695	NA
p033v2	303	Response	101	6152725	27420	1
p033v2	305	Pulse	255	6180000	16865	NA
p033v2	307	Response	100	6197684	4218	1
p033v2	309	Pulse	255	6210000	1869	NA
p033v2	311	Pulse	255	6240000	1538	NA
p033v2	311	Response	101	6254644	16182	1
p033v2	313	Pulse	255	6270000	4874	NA
p033v2	315	Pulse	255	6300000	4543	NA
p033v2	315	Response	101	6307525	12068	1
p033v2	317	Pulse	255	6330000	12045	NA
p033v2	319	Pulse	255	6360000	11714	NA
p033v2	319	Response	101	6378325	30039	1
p033v2	321	Pulse	255	6390000	1218	NA
p033v2	323	Pulse	255	6420000	887	NA
p033v2	323	Response	101	6434084	14971	1
p033v2	325	Pulse	255	6450000	5389	NA
p033v2	327	Pulse	255	6480000	5058	NA
p033v2	327	Response	100	6484965	10023	1
p033v2	329	Pulse	255	6510000	14560	NA
p033v2	331	Response	100	6538165	12394	1
p033v2	332	Pulse	255	6540000	1731	NA
p033v2	334	Pulse	255	6570000	1233	NA
p033v2	335	Response	100	6593205	14273	1
p033v2	336	Pulse	255	6600000	6735	NA
p033v2	338	Pulse	255	6630000	6238	NA
p033v2	339	Response	100	6654724	20797	1
p033v2	340	Pulse	255	6660000	5074	NA
p033v2	342	Pulse	255	6690000	4577	NA
p033v2	343	Response	101	6706324	10735	1
p033v2	345	Pulse	255	6720000	3246	NA
p033v2	347	Pulse	255	6750000	2915	NA
p033v2	347	Response	101	6758164	11079	1
p033v2	349	Pulse	255	6780000	11417	NA
p033v2	351	Response	100	6807924	9011	1
p033v2	352	Pulse	255	6810000	1921	NA
p033v2	354	Pulse	255	6840000	1423	NA
p033v2	355	Response	100	6858404	9662	1
p033v2	357	Pulse	255	6870000	1093	NA
p033v2	359	Pulse	255	6900000	762	NA
p033v2	359	Response	101	6904964	5726	1
p033v2	361	Pulse	255	6930000	14597	NA
p033v2	363	Response	100	6950404	4670	1
p033v2	364	Pulse	255	6960000	9433	NA
p033v2	366	Pulse	255	6990000	8936	NA
p033v2	367	Response	101	6996724	5494	1
p033v2	369	Pulse	255	7020000	12771	NA
p033v2	371	Pulse	255	7050000	12440	NA
p033v2	371	Response	101	7071124	33564	1
p033v2	372	Pulse	255	7080000	8777	NA
p033v2	374	Pulse	255	7110000	8279	NA
p033v2	375	Response	100	7131444	19558	1
p033v2	376	Pulse	255	7140000	8449	NA
p033v2	378	Pulse	255	7170000	7951	NA
p033v2	379	Response	100	7178084	5869	1
p033v2	381	Pulse	255	7200000	11453	NA
p033v2	383	Response	101	7229364	10487	1
p033v2	384	Pulse	255	7230000	457	NA
p033v2	385	Pulse	255	7260000	20125	NA
p033v2	387	Response	101	7276564	6358	1
p033v2	389	Pulse	255	7290000	2962	NA
p033v2	391	Pulse	255	7320000	2631	NA
p033v2	391	Response	100	7325764	8395	1
p033v2	393	Pulse	255	7350000	13800	NA
p033v2	395	Response	100	7372324	5793	1
p033v2	396	Pulse	255	7380000	7469	NA
p033v2	398	Pulse	255	7410000	6972	NA
p033v2	399	Response	100	7434804	21610	1
p033v2	400	Pulse	255	7440000	5141	NA
p033v2	402	Pulse	255	7470000	4644	NA
p033v2	403	Response	100	7493124	17602	1
p033v2	404	Pulse	255	7500000	6813	NA
p033v2	406	Pulse	255	7530000	6316	NA
p033v2	407	Response	101	7541844	7994	1
p033v2	409	Pulse	255	7560000	7652	NA
p033v2	411	Response	100	7589843	7164	1
p033v2	411	Pulse	255	7590000	7321	NA
p033v2	413	Pulse	255	7620000	19656	NA
p033v2	415	Response	100	7640483	9809	1
p033v2	416	Pulse	255	7650000	9326	NA
p033v2	418	Pulse	255	7680000	8828	NA
p033v2	419	Response	100	7688483	7146	1
p033v2	421	Pulse	255	7710000	10998	NA
p033v2	423	Pulse	255	7740000	10667	NA
p033v2	423	Response	100	7744884	15550	1
p033v2	425	Pulse	255	7770000	14669	NA
p033v2	427	Response	101	7795924	10262	1
p033v2	428	Pulse	255	7800000	4006	NA
p033v2	430	Pulse	255	7830000	3509	NA
p033v2	431	Response	100	7843123	6466	1
p033v2	433	Pulse	255	7860000	6344	NA
p033v2	435	Pulse	255	7890000	6013	NA
p033v2	435	Response	101	7894324	10337	1
p033v2	437	Pulse	255	7920000	15182	NA
p033v2	439	Response	101	7947124	11975	1
p033v2	440	Pulse	255	7950000	2686	NA
p033v2	442	Pulse	255	7980000	2188	NA
p033v2	443	Response	101	7995764	7786	1
p033v2	445	Pulse	255	8010000	3857	NA
p033v2	447	Pulse	255	8040000	3527	NA
p033v2	447	Response	100	8041124	4650	1
p033v2	449	Pulse	255	8070000	18361	NA
p033v2	451	Response	101	8090403	8434	1
p033v2	452	Pulse	255	8100000	9531	NA
p033v2	454	Pulse	255	8130000	9034	NA
p033v2	455	Response	100	8137123	5992	1
p033v2	457	Pulse	255	8160000	12370	NA
p033v2	459	Response	101	8188163	10202	1
p033v2	460	Pulse	255	8190000	1706	NA
p033v2	462	Pulse	255	8220000	1209	NA
p033v2	463	Response	100	8238723	9766	1
p033v2	465	Pulse	255	8250000	878	NA
p033v2	467	Pulse	255	8280000	548	NA
p033v2	467	Response	101	8299683	20231	1
p033v2	468	Pulse	255	8310000	10216	NA
p033v2	470	Pulse	255	8340000	9719	NA
p033v2	471	Response	101	8345603	5156	1
p033v2	473	Pulse	255	8370000	13888	NA
p033v2	475	Response	100	8391283	4840	1
p033v2	476	Pulse	255	8400000	8557	NA
p033v2	478	Pulse	255	8430000	8060	NA
p033v2	479	Response	100	8442483	10377	1
p033v2	481	Pulse	255	8460000	7063	NA
p033v2	483	Picture	instruct_trial	8483268	0	1	826762	1	0	next	other	0
p033v2	483	Pulse	255	8490000	6732	NA
p033v2	483	Pulse	255	8520000	36732	NA
p033v2	483	Pulse	255	8550000	66732	NA
p033v2	483	Pulse	255	8580000	96732	NA
p033v2	483	Pulse	255	8610000	126732	NA
p033v2	483	Pulse	255	8640000	156732	NA
p033v2	483	Pulse	255	8670000	186732	NA
p033v2	483	Pulse	255	8700000	216732	NA
p033v2	483	Pulse	255	8730000	246732	NA
p033v2	483	Pulse	255	8760000	276732	NA
p033v2	483	Pulse	255	8790000	306732	NA
p033v2	483	Pulse	255	8820000	336732	NA
p033v2	483	Pulse	255	8850000	366732	NA
p033v2	483	Pulse	255	8880000	396732	NA
p033v2	483	Pulse	255	8910000	426732	NA
p033v2	483	Pulse	255	8940000	456732	NA
p033v2	483	Pulse	255	8970000	486732	NA
p033v2	483	Pulse	255	9000000	516732	NA
p033v2	483	Pulse	255	9030000	546732	NA
p033v2	483	Pulse	255	9060000	576732	NA
p033v2	483	Pulse	255	9090000	606732	NA
p033v2	483	Pulse	255	9120000	636732	NA
p033v2	483	Pulse	255	9150000	666732	NA
p033v2	483	Pulse	255	9180000	696732	NA
p033v2	483	Pulse	255	9210000	726732	NA
p033v2	483	Pulse	255	9240000	756732	NA
p033v2	483	Pulse	255	9270000	786732	NA
p033v2	483	Pulse	255	9300000	816732	NA
p033v2	483	Response	101	9309843	826575	1
p033v2	484	Pulse	255	9330000	19803	NA
p033v2	484	Response	100	9350163	39966	1
p033v2	485	Pulse	255	9360000	9640	NA
p033v2	487	Pulse	255	9390000	9143	NA
p033v2	488	Response	101	9404083	13060	1
p033v2	490	Pulse	255	9420000	5479	NA
p033v2	492	Pulse	255	9450000	5148	NA
p033v2	492	Response	100	9467282	22431	1
p033v2	494	Pulse	255	9480000	2318	NA
p033v2	496	Pulse	255	9510000	1987	NA
p033v2	496	Response	100	9530722	22709	1
p033v2	497	Pulse	255	9540000	9156	NA
p033v2	499	Pulse	255	9570000	8658	NA
p033v2	500	Response	100	9591923	20415	1
p033v2	501	Pulse	255	9600000	7994	NA
p033v2	503	Pulse	255	9630000	7497	NA
p033v2	504	Response	100	9654242	21574	1
p033v2	505	Pulse	255	9660000	5666	NA
p033v2	507	Pulse	255	9690000	5169	NA
p033v2	508	Response	101	9701522	6525	1
p033v2	510	Pulse	255	9720000	8005	NA
p033v2	512	Pulse	255	9750000	7674	NA
p033v2	512	Response	100	9757203	14877	1
p033v2	514	Pulse	255	9780000	12343	NA
p033v2	516	Response	101	9807283	9295	1
p033v2	517	Pulse	255	9810000	2513	NA
p033v2	519	Pulse	255	9840000	2016	NA
p033v2	520	Response	100	9865362	17212	1
p033v2	521	Pulse	255	9870000	4518	NA
p033v2	523	Pulse	255	9900000	4021	NA
p033v2	524	Response	101	9925202	19057	1
p033v2	525	Pulse	255	9930000	4690	NA
p033v2	527	Pulse	255	9960000	4192	NA
p033v2	528	Response	100	9973362	7389	1
p033v2	530	Pulse	255	9990000	6195	NA
p033v2	532	Pulse	255	10020000	5864	NA
p033v2	532	Response	101	10034082	19946	1
p033v2	534	Pulse	255	10050000	5533	NA
p033v2	536	Pulse	255	10080000	5203	NA
p033v2	536	Pulse	255	10110000	35203	NA
p033v2	536	Pulse	255	10140000	65203	NA
p033v2	536	Pulse	255	10170000	95203	NA
p033v2	536	Response	100	10170962	96165	1
p033v2	538	Pulse	255	10200000	18545	NA
p033v2	540	Pulse	255	10230000	18214	NA
p033v2	540	Response	100	10250962	39177	1
p033v2	541	Pulse	255	10260000	8885	NA
p033v2	543	Pulse	255	10290000	8387	NA
p033v2	544	Response	101	10296322	4544	1
p033v2	546	Pulse	255	10320000	13223	NA
p033v2	548	Pulse	255	10350000	12892	NA
p033v2	548	Response	101	10350002	12894	1
p033v2	550	Pulse	255	10380000	19561	NA
p033v2	552	Response	100	10397682	6912	1
p033v2	554	Pulse	255	10410000	1898	NA
p033v2	556	Pulse	255	10440000	1567	NA
p033v2	556	Response	100	10450082	11649	1
p033v2	558	Pulse	255	10470000	9403	NA
p033v2	560	Response	101	10498962	8034	1
p033v2	561	Pulse	255	10500000	906	NA
p033v2	563	Pulse	255	10530000	409	NA
p033v2	564	Response	101	10546082	6325	1
p033v2	566	Pulse	255	10560000	3411	NA
p033v2	568	Pulse	255	10590000	3080	NA
p033v2	568	Response	100	10591922	5002	1
p033v2	570	Pulse	255	10620000	17582	NA
p033v2	572	Response	101	10639282	6533	1
p033v2	574	Pulse	255	10650000	252	NA
p033v2	575	Pulse	255	10680000	10087	NA
p033v2	576	Response	101	10688242	8163	1
p033v2	578	Pulse	255	10710000	11257	NA
p033v2	580	Response	100	10733282	4207	1
p033v2	581	Pulse	255	10740000	6593	NA
p033v2	583	Pulse	255	10770000	6095	NA
p033v2	584	Response	101	10784642	10572	1
p033v2	586	Pulse	255	10800000	4931	NA
p033v2	588	Pulse	255	10830000	4601	NA
p033v2	588	Response	101	10858482	33083	1
p033v2	589	Pulse	255	10860000	1437	NA
p033v2	591	Pulse	255	10890000	940	NA
p033v2	592	Response	100	10911201	11975	1
p033v2	593	Pulse	255	10920000	8608	NA
p033v2	595	Pulse	255	10950000	8111	NA
p033v2	596	Response	100	10968642	16587	1
p033v2	598	Pulse	255	10980000	947	NA
p033v2	600	Pulse	255	11010000	617	NA
p033v2	600	Response	101	11015441	6058	1
p033v2	602	Pulse	255	11040000	14118	NA
p033v2	604	Response	100	11065602	9389	1
p033v2	605	Pulse	255	11070000	4288	NA
p033v2	607	Pulse	255	11100000	3791	NA
p033v2	608	Response	101	11121442	15067	1
p033v2	609	Pulse	255	11130000	8460	NA
p033v2	611	Pulse	255	11160000	7962	NA
p033v2	612	Response	100	11173042	10838	1
p033v2	614	Pulse	255	11190000	6465	NA
p033v2	616	Pulse	255	11220000	6134	NA
p033v2	616	Response	101	11227682	13816	1
p033v2	618	Pulse	255	11250000	11803	NA
p033v2	620	Pulse	255	11280000	11472	NA
p033v2	620	Response	100	11289762	21234	1
p033v2	622	Pulse	255	11310000	9808	NA
p033v2	624	Pulse	255	11340000	9478	NA
p033v2	624	Response	101	11348801	18279	1
p033v2	626	Pulse	255	11370000	10814	NA
p033v2	628	Pulse	255	11400000	10483	NA
p033v2	628	Response	101	11415442	25924	1
p033v2	630	Pulse	255	11430000	4153	NA
p033v2	632	Pulse	255	11460000	3822	NA
p033v2	632	Response	101	11469042	12863	1
p033v2	634	Pulse	255	11490000	10491	NA
p033v2	636	Pulse	255	11520000	10160	NA
p033v2	636	Response	100	11545441	35601	1
p033v2	637	Pulse	255	11550000	4496	NA
p033v2	639	Pulse	255	11580000	3999	NA
p033v2	640	Response	101	11595041	8875	1
p033v2	642	Pulse	255	11610000	4501	NA
p033v2	644	Pulse	255	11640000	4171	NA
p033v2	644	Response	100	11646241	10412	1
p033v2	646	Pulse	255	11670000	13339	NA
p033v2	648	Pulse	255	11700000	13009	NA
p033v2	648	Response	101	11704961	17970	1
p033v2	650	Pulse	255	11730000	14511	NA
p033v2	652	Response	101	11752881	7062	1
p033v2	653	Pulse	255	11760000	7014	NA
p033v2	655	Pulse	255	11790000	6517	NA
p033v2	656	Response	101	11807761	14112	1
p033v2	658	Pulse	255	11820000	1853	NA
p033v2	660	Pulse	255	11850000	1522	NA
p033v2	660	Response	101	11868241	19764	1
p033v2	662	Pulse	255	11880000	1358	NA
p033v2	664	Pulse	255	11910000	1028	NA
p033v2	664	Response	101	11916161	7189	1
p033v2	666	Pulse	255	11940000	13363	NA
p033v2	668	Pulse	255	11970000	13032	NA
p033v2	668	Response	100	11990081	33113	1
p033v2	669	Pulse	255	12000000	9868	NA
p033v2	671	Pulse	255	12030000	9371	NA
p033v2	672	Response	100	12049441	18646	1
p033v2	674	Pulse	255	12060000	41	NA
p033v2	675	Pulse	255	12090000	9876	NA
p033v2	676	Response	101	12115282	24992	1
p033v2	677	Pulse	255	12120000	4546	NA
p033v2	679	Pulse	255	12150000	4048	NA
p033v2	680	Response	101	12177441	21323	1
p033v2	681	Pulse	255	12180000	2384	NA
p033v2	683	Pulse	255	12210000	1887	NA
p033v2	684	Pulse	255	12240000	21721	NA
p033v2	684	Response	100	12250721	32442	1
p033v2	686	Pulse	255	12270000	8891	NA
p033v2	688	Pulse	255	12300000	8561	NA
p033v2	688	Response	101	12324881	33442	1
p033v2	689	Pulse	255	12330000	5064	NA
p033v2	691	Pulse	255	12360000	4566	NA
p033v2	692	Response	101	12371841	6241	1
p033v2	694	Pulse	255	12390000	7735	NA
p033v2	696	Response	100	12419761	7165	1
p033v2	697	Pulse	255	12420000	72	NA
p033v2	698	Pulse	255	12450000	19739	NA
p033v2	700	Pulse	255	12480000	19409	NA
p033v2	700	Response	100	12483441	22850	1
p033v2	702	Pulse	255	12510000	16078	NA
p033v2	704	Response	101	12534561	10308	1
p033v2	705	Pulse	255	12540000	5248	NA
p033v2	707	Pulse	255	12570000	4751	NA
p033v2	708	Response	100	12583521	8106	1
p033v2	710	Pulse	255	12600000	6087	NA
p033v2	712	Pulse	255	12630000	5756	NA
p033v2	712	Response	100	12648721	24477	1
p033v2	714	Pulse	255	12660000	759	NA
p033v2	716	Pulse	255	12690000	428	NA
p033v2	716	Response	101	12709520	19949	1
p033v2	718	Pulse	255	12720000	98	NA
p033v2	719	Pulse	255	12750000	9933	NA
p033v2	720	Response	101	12757361	7128	1
p033v2	722	Pulse	255	12780000	12102	NA
p033v2	724	Picture	instruct_trial	12798229	0	1	40163	1	0	next	other	0
p033v2	724	Pulse	255	12810000	11771	NA
