Scenario - learning_JJ_english
Logfile written - 04/14/2022 12:33:49

Subject	Trial	Event Type	Code	Time	TTime	Uncertainty	Duration	Uncertainty	ReqTime	ReqDur	Stim Type	Pair Index

p034v2	0	Pulse	255	0	0	NA
p034v2	1	Picture	instruct_trial	10333	0	1	481291	1	0	next	other	0
p034v2	1	Pulse	255	30000	19667	NA
p034v2	1	Pulse	255	60000	49667	NA
p034v2	1	Pulse	255	90000	79667	NA
p034v2	1	Pulse	255	120000	109667	NA
p034v2	1	Pulse	255	150000	139667	NA
p034v2	1	Pulse	255	180000	169667	NA
p034v2	1	Pulse	255	210000	199667	NA
p034v2	1	Pulse	255	240000	229667	NA
p034v2	1	Pulse	255	270000	259667	NA
p034v2	1	Pulse	255	300000	289667	NA
p034v2	1	Pulse	255	330000	319667	NA
p034v2	1	Pulse	255	360000	349667	NA
p034v2	1	Pulse	255	390000	379667	NA
p034v2	1	Pulse	255	420000	409667	NA
p034v2	1	Pulse	255	450000	439667	NA
p034v2	1	Pulse	255	480000	469667	NA
p034v2	1	Response	101	491441	481108	1
p034v2	1	Pulse	255	510000	499667	NA
p034v2	2	Response	101	521041	10918	1
p034v2	4	Pulse	255	540000	8546	NA
p034v2	6	Pulse	255	570000	8215	NA
p034v2	6	Response	100	571681	9896	1
p034v2	8	Pulse	255	600000	17883	NA
p034v2	10	Response	101	621681	9233	1
p034v2	11	Pulse	255	630000	8220	NA
p034v2	13	Pulse	255	660000	7723	NA
p034v2	14	Response	100	668721	6278	1
p034v2	16	Pulse	255	690000	10892	NA
p034v2	18	Response	100	717361	7922	1
p034v2	19	Pulse	255	720000	2562	NA
p034v2	21	Pulse	255	750000	2064	NA
p034v2	22	Response	100	773841	15739	1
p034v2	23	Pulse	255	780000	6067	NA
p034v2	25	Pulse	255	810000	5569	NA
p034v2	26	Response	101	821121	6524	1
p034v2	28	Pulse	255	840000	8405	NA
p034v2	30	Pulse	255	870000	8074	NA
p034v2	30	Response	101	870321	8395	1
p034v2	32	Pulse	255	900000	19243	NA
p034v2	34	Response	101	929040	17952	1
p034v2	35	Pulse	255	930000	913	NA
p034v2	37	Pulse	255	960000	416	NA
p034v2	38	Response	100	977600	7851	1
p034v2	40	Pulse	255	990000	1919	NA
p034v2	42	Pulse	255	1020000	1588	NA
p034v2	42	Response	100	1043040	24628	1
p034v2	43	Pulse	255	1050000	6757	NA
p034v2	45	Pulse	255	1080000	6259	NA
p034v2	46	Response	101	1096161	12254	1
p034v2	48	Pulse	255	1110000	3429	NA
p034v2	50	Pulse	255	1140000	3098	NA
p034v2	50	Response	100	1144161	7259	1
p034v2	52	Pulse	255	1170000	15433	NA
p034v2	54	Pulse	255	1200000	15102	NA
p034v2	54	Response	101	1201200	16302	1
p034v2	56	Pulse	255	1230000	18271	NA
p034v2	58	Response	101	1254160	12101	1
p034v2	59	Pulse	255	1260000	5775	NA
p034v2	61	Pulse	255	1290000	5278	NA
p034v2	62	Response	101	1301200	6312	1
p034v2	64	Pulse	255	1320000	8280	NA
p034v2	66	Pulse	255	1350000	7949	NA
p034v2	66	Response	101	1359280	17229	1
p034v2	68	Pulse	255	1380000	10285	NA
p034v2	70	Response	100	1408960	8914	1
p034v2	71	Pulse	255	1410000	955	NA
p034v2	73	Pulse	255	1440000	458	NA
p034v2	74	Response	101	1459520	9812	1
p034v2	75	Pulse	255	1470000	10293	NA
p034v2	77	Pulse	255	1500000	9796	NA
p034v2	78	Response	100	1505599	5229	1
p034v2	80	Pulse	255	1530000	13964	NA
p034v2	82	Response	101	1554400	8034	1
p034v2	83	Pulse	255	1560000	5468	NA
p034v2	85	Pulse	255	1590000	4970	NA
p034v2	86	Response	101	1601360	6164	1
p034v2	88	Pulse	255	1620000	8139	NA
p034v2	90	Pulse	255	1650000	7809	NA
p034v2	90	Response	100	1674480	32288	1
p034v2	91	Pulse	255	1680000	5312	NA
p034v2	93	Pulse	255	1710000	4814	NA
p034v2	94	Response	100	1727199	11848	1
p034v2	96	Pulse	255	1740000	2317	NA
p034v2	98	Pulse	255	1770000	1986	NA
p034v2	98	Response	101	1775919	7905	1
p034v2	100	Pulse	255	1800000	13655	NA
p034v2	102	Response	100	1822319	5643	1
p034v2	103	Pulse	255	1830000	7491	NA
p034v2	105	Pulse	255	1860000	6994	NA
p034v2	106	Response	100	1878319	15147	1
p034v2	108	Pulse	255	1890000	1164	NA
p034v2	110	Pulse	255	1920000	833	NA
p034v2	110	Response	101	1923600	4432	1
p034v2	112	Pulse	255	1950000	16001	NA
p034v2	114	Response	101	1975279	10949	1
p034v2	115	Pulse	255	1980000	4671	NA
p034v2	117	Pulse	255	2010000	4174	NA
p034v2	118	Response	100	2021599	5607	1
p034v2	120	Pulse	255	2040000	8009	NA
p034v2	122	Pulse	255	2070000	7679	NA
p034v2	122	Response	100	2076799	14478	1
p034v2	123	Response	101	2078799	1812	1
p034v2	124	Pulse	255	2100000	12681	NA
p034v2	126	Pulse	255	2130000	12350	NA
p034v2	126	Response	101	2137359	19709	1
p034v2	128	Pulse	255	2160000	12186	NA
p034v2	130	Response	100	2186719	8575	1
p034v2	131	Pulse	255	2190000	3189	NA
p034v2	133	Pulse	255	2220000	2692	NA
p034v2	134	Response	101	2232959	5485	1
p034v2	136	Pulse	255	2250000	6528	NA
p034v2	138	Pulse	255	2280000	6197	NA
p034v2	138	Pulse	255	2310000	36197	NA
p034v2	138	Response	100	2313358	39555	1
p034v2	140	Pulse	255	2340000	16201	NA
p034v2	142	Response	100	2361279	7149	1
p034v2	143	Pulse	255	2370000	8538	NA
p034v2	145	Pulse	255	2400000	8041	NA
p034v2	146	Response	101	2409839	7714	1
p034v2	148	Pulse	255	2430000	9710	NA
p034v2	150	Response	101	2457038	6418	1
p034v2	151	Pulse	255	2460000	2880	NA
p034v2	153	Pulse	255	2490000	2382	NA
p034v2	154	Pulse	255	2520000	22216	NA
p034v2	154	Response	100	2520478	22695	1
p034v2	156	Pulse	255	2550000	19053	NA
p034v2	158	Response	101	2566158	4880	1
p034v2	160	Pulse	255	2580000	3390	NA
p034v2	162	Pulse	255	2610000	3059	NA
p034v2	162	Response	100	2613918	6978	1
p034v2	164	Pulse	255	2640000	15561	NA
p034v2	166	Pulse	255	2670000	15230	NA
p034v2	166	Response	101	2679919	25149	1
p034v2	168	Pulse	255	2700000	9567	NA
p034v2	170	Pulse	255	2730000	9236	NA
p034v2	170	Response	101	2731118	10354	1
p034v2	172	Pulse	255	2760000	18404	NA
p034v2	174	Response	100	2787118	15192	1
p034v2	174	Response	101	2787120	15193	1
p034v2	175	Pulse	255	2790000	2742	NA
p034v2	177	Pulse	255	2820000	2244	NA
p034v2	178	Response	101	2843518	15597	1
p034v2	179	Pulse	255	2850000	6413	NA
p034v2	181	Pulse	255	2880000	5916	NA
p034v2	182	Response	101	2890158	5908	1
p034v2	184	Pulse	255	2910000	9418	NA
p034v2	186	Pulse	255	2940000	9087	NA
p034v2	186	Response	100	2960958	30045	1
p034v2	187	Pulse	255	2970000	8923	NA
p034v2	189	Pulse	255	3000000	8426	NA
p034v2	190	Pulse	255	3030000	28260	NA
p034v2	190	Response	100	3034638	32898	1
p034v2	192	Pulse	255	3060000	14931	NA
p034v2	194	Response	100	3081997	6597	1
p034v2	195	Pulse	255	3090000	7934	NA
p034v2	197	Pulse	255	3120000	7437	NA
p034v2	198	Response	101	3127598	4869	1
p034v2	200	Pulse	255	3150000	11939	NA
p034v2	202	Pulse	255	3180000	11608	NA
p034v2	202	Response	101	3182318	13926	1
p034v2	203	Response	100	3183758	1367	1
p034v2	204	Pulse	255	3210000	17277	NA
p034v2	206	Response	101	3228878	5824	1
p034v2	208	Pulse	255	3240000	614	NA
p034v2	210	Pulse	255	3270000	284	NA
p034v2	210	Response	100	3276398	6681	1
p034v2	212	Pulse	255	3300000	13118	NA
p034v2	214	Response	100	3324718	7505	1
p034v2	215	Pulse	255	3330000	5122	NA
p034v2	217	Pulse	255	3360000	4624	NA
p034v2	218	Response	100	3373998	8457	1
p034v2	220	Pulse	255	3390000	5460	NA
p034v2	222	Pulse	255	3420000	5129	NA
p034v2	222	Response	101	3420398	5527	1
p034v2	224	Pulse	255	3450000	19131	NA
p034v2	226	Response	100	3469038	7838	1
p034v2	228	Pulse	255	3480000	468	NA
p034v2	230	Pulse	255	3510000	138	NA
p034v2	230	Response	100	3519357	9495	1
p034v2	232	Pulse	255	3540000	10140	NA
p034v2	234	Pulse	255	3570000	9809	NA
p034v2	234	Response	101	3572157	11966	1
p034v2	236	Pulse	255	3600000	17311	NA
p034v2	238	Response	101	3618958	5938	1
p034v2	240	Pulse	255	3630000	648	NA
p034v2	242	Picture	instruct_trial	3659683	0	1	14999	1	0	next	other	0
p034v2	242	Pulse	255	3660000	317	NA
p034v2	242	Response	100	3674557	14875	1
p034v2	243	Pulse	255	3690000	15152	NA
p034v2	243	Response	100	3694397	19549	1
p034v2	245	Pulse	255	3720000	15155	NA
p034v2	247	Response	100	3746557	11381	1
p034v2	248	Pulse	255	3750000	3325	NA
p034v2	250	Pulse	255	3780000	2828	NA
p034v2	251	Response	101	3795918	8579	1
p034v2	253	Pulse	255	3810000	3664	NA
p034v2	255	Pulse	255	3840000	3333	NA
p034v2	255	Response	101	3868077	31410	1
p034v2	256	Pulse	255	3870000	1836	NA
p034v2	258	Pulse	255	3900000	1338	NA
p034v2	259	Response	100	3921117	12289	1
p034v2	260	Pulse	255	3930000	8674	NA
p034v2	262	Pulse	255	3960000	8176	NA
p034v2	263	Response	101	3968637	6647	1
p034v2	265	Pulse	255	3990000	10845	NA
p034v2	267	Pulse	255	4020000	10515	NA
p034v2	267	Response	100	4020557	11071	1
p034v2	269	Pulse	255	4050000	19016	NA
p034v2	271	Response	101	4072557	11242	1
p034v2	272	Pulse	255	4080000	7353	NA
p034v2	274	Pulse	255	4110000	6856	NA
p034v2	275	Response	100	4121277	7967	1
p034v2	277	Pulse	255	4140000	8192	NA
p034v2	279	Pulse	255	4170000	7861	NA
p034v2	279	Response	101	4188797	26658	1
p034v2	281	Pulse	255	4200000	698	NA
p034v2	283	Pulse	255	4230000	367	NA
p034v2	283	Response	101	4238557	8924	1
p034v2	285	Pulse	255	4260000	11035	NA
p034v2	287	Pulse	255	4290000	10705	NA
p034v2	287	Pulse	255	4320000	40705	NA
p034v2	287	Response	101	4320157	40861	1
p034v2	289	Pulse	255	4350000	19376	NA
p034v2	291	Pulse	255	4380000	19045	NA
p034v2	291	Response	100	4388876	27922	1
p034v2	293	Pulse	255	4410000	10715	NA
p034v2	295	Response	101	4433916	4301	1
p034v2	296	Pulse	255	4440000	5885	NA
p034v2	298	Pulse	255	4470000	5387	NA
p034v2	299	Response	100	4480956	6178	1
p034v2	301	Pulse	255	4500000	8556	NA
p034v2	303	Response	101	4529996	8222	1
p034v2	303	Pulse	255	4530000	8226	NA
p034v2	305	Pulse	255	4560000	19561	NA
p034v2	307	Response	100	4576396	5626	1
p034v2	309	Pulse	255	4590000	3065	NA
p034v2	311	Pulse	255	4620000	2734	NA
p034v2	311	Response	100	4631196	13930	1
p034v2	311	Response	101	4631197	13931	1
p034v2	313	Pulse	255	4650000	8403	NA
p034v2	315	Response	101	4678396	6468	1
p034v2	316	Pulse	255	4680000	1406	NA
p034v2	318	Pulse	255	4710000	909	NA
p034v2	319	Pulse	255	4740000	20743	NA
p034v2	319	Response	100	4744556	25299	1
p034v2	321	Pulse	255	4770000	14913	NA
p034v2	323	Response	101	4792716	7298	1
p034v2	324	Pulse	255	4800000	7083	NA
p034v2	326	Pulse	255	4830000	6585	NA
p034v2	327	Pulse	255	4860000	26419	NA
p034v2	327	Response	101	4869677	36096	1
p034v2	329	Pulse	255	4890000	9924	NA
p034v2	331	Response	100	4917036	6629	1
p034v2	332	Pulse	255	4920000	2760	NA
p034v2	334	Pulse	255	4950000	2263	NA
p034v2	335	Response	100	4963836	5933	1
p034v2	337	Pulse	255	4980000	5765	NA
p034v2	339	Pulse	255	5010000	5434	NA
p034v2	339	Response	101	5011916	7350	1
p034v2	341	Pulse	255	5040000	17603	NA
p034v2	343	Response	100	5065436	12708	1
p034v2	344	Pulse	255	5070000	4440	NA
p034v2	346	Pulse	255	5100000	3942	NA
p034v2	347	Response	101	5112075	5852	1
p034v2	349	Pulse	255	5130000	7445	NA
p034v2	351	Pulse	255	5160000	7114	NA
p034v2	351	Response	101	5161516	8630	1
p034v2	353	Pulse	255	5190000	17949	NA
p034v2	355	Response	100	5209755	7373	1
p034v2	356	Pulse	255	5220000	10119	NA
p034v2	358	Pulse	255	5250000	9621	NA
p034v2	359	Response	100	5258795	8251	1
p034v2	361	Pulse	255	5280000	10791	NA
p034v2	363	Response	101	5304715	5175	1
p034v2	364	Pulse	255	5310000	5127	NA
p034v2	366	Pulse	255	5340000	4630	NA
p034v2	367	Response	101	5352556	7020	1
p034v2	369	Pulse	255	5370000	6965	NA
p034v2	371	Pulse	255	5400000	6635	NA
p034v2	371	Response	100	5403195	9830	1
p034v2	373	Pulse	255	5430000	16303	NA
p034v2	375	Pulse	255	5460000	15973	NA
p034v2	375	Response	100	5462395	18368	1
p034v2	377	Pulse	255	5490000	17142	NA
p034v2	379	Response	100	5511115	7926	1
p034v2	380	Pulse	255	5520000	8812	NA
p034v2	382	Pulse	255	5550000	8314	NA
p034v2	383	Response	101	5557915	6063	1
p034v2	385	Pulse	255	5580000	11657	NA
p034v2	387	Response	101	5604075	5394	1
p034v2	388	Pulse	255	5610000	5820	NA
p034v2	390	Pulse	255	5640000	5322	NA
p034v2	391	Response	101	5648235	3392	1
p034v2	393	Pulse	255	5670000	11324	NA
p034v2	395	Response	100	5697435	8428	1
p034v2	396	Pulse	255	5700000	2495	NA
p034v2	398	Pulse	255	5730000	1997	NA
p034v2	399	Response	101	5752555	14386	1
p034v2	400	Response	100	5752875	207	1
p034v2	400	Pulse	255	5760000	7333	NA
p034v2	402	Pulse	255	5790000	6835	NA
p034v2	403	Response	101	5805435	12104	1
p034v2	405	Pulse	255	5820000	4172	NA
p034v2	407	Pulse	255	5850000	3841	NA
p034v2	407	Response	101	5853115	6955	1
p034v2	409	Pulse	255	5880000	16509	NA
p034v2	411	Pulse	255	5910000	16178	NA
p034v2	411	Response	101	5912875	19053	1
p034v2	413	Pulse	255	5940000	16681	NA
p034v2	415	Response	100	5959594	5944	1
p034v2	417	Pulse	255	5970000	18	NA
p034v2	418	Pulse	255	6000000	9853	NA
p034v2	419	Response	100	6006394	6082	1
p034v2	421	Pulse	255	6030000	13189	NA
p034v2	423	Pulse	255	6060000	12865	NA
p034v2	423	Response	100	6073914	26780	1
p034v2	424	Response	101	6074474	502	1
p034v2	425	Pulse	255	6090000	5695	NA
p034v2	427	Pulse	255	6120000	5364	NA
p034v2	427	Response	101	6120234	5598	1
p034v2	429	Pulse	255	6150000	19366	NA
p034v2	431	Response	100	6170635	9669	1
p034v2	432	Pulse	255	6180000	9202	NA
p034v2	434	Pulse	255	6210000	8705	NA
p034v2	435	Response	100	6220315	8854	1
p034v2	435	Response	101	6220317	8857	1
p034v2	437	Pulse	255	6240000	9208	NA
p034v2	439	Pulse	255	6270000	8877	NA
p034v2	439	Response	101	6278154	17031	1
p034v2	441	Pulse	255	6300000	11379	NA
p034v2	443	Response	101	6324554	5602	1
p034v2	444	Pulse	255	6330000	5382	NA
p034v2	446	Pulse	255	6360000	4885	NA
p034v2	447	Response	100	6371834	6554	1
p034v2	449	Pulse	255	6390000	7721	NA
p034v2	451	Pulse	255	6420000	7390	NA
p034v2	451	Response	101	6427434	14824	1
p034v2	453	Pulse	255	6450000	12059	NA
p034v2	455	Response	100	6475514	7242	1
p034v2	456	Pulse	255	6480000	4395	NA
p034v2	458	Pulse	255	6510000	3898	NA
p034v2	459	Response	101	6520874	4606	1
p034v2	461	Pulse	255	6540000	8734	NA
p034v2	463	Pulse	255	6570000	8403	NA
p034v2	463	Response	101	6574474	12877	1
p034v2	464	Response	100	6575194	598	1
p034v2	465	Pulse	255	6600000	15072	NA
p034v2	467	Response	100	6625034	9775	1
p034v2	468	Pulse	255	6630000	4908	NA
p034v2	470	Pulse	255	6660000	4411	NA
p034v2	471	Response	101	6672233	6479	1
p034v2	473	Pulse	255	6690000	7247	NA
p034v2	475	Pulse	255	6720000	6916	NA
p034v2	475	Response	100	6729834	16750	1
p034v2	477	Pulse	255	6750000	9752	NA
p034v2	479	Pulse	255	6780000	9421	NA
p034v2	479	Response	101	6788554	17975	1
p034v2	481	Pulse	255	6810000	10924	NA
p034v2	483	Picture	instruct_trial	6829407	0	1	62828	1	0	next	other	0
p034v2	483	Pulse	255	6840000	10593	NA
p034v2	483	Pulse	255	6870000	40593	NA
p034v2	483	Response	101	6892153	62746	1
p034v2	484	Pulse	255	6900000	7598	NA
p034v2	484	Response	100	6915674	23272	1
p034v2	486	Pulse	255	6930000	3935	NA
p034v2	488	Pulse	255	6960000	3604	NA
p034v2	488	Response	100	6971273	14877	1
p034v2	490	Pulse	255	6990000	8273	NA
p034v2	492	Response	101	7019593	7536	1
p034v2	493	Pulse	255	7020000	276	NA
p034v2	494	Pulse	255	7050000	19944	NA
p034v2	496	Response	100	7077033	16646	1
p034v2	497	Pulse	255	7080000	2781	NA
p034v2	499	Pulse	255	7110000	2284	NA
p034v2	500	Pulse	255	7140000	22118	NA
p034v2	500	Pulse	255	7170000	52118	NA
p034v2	500	Response	101	7173116	55234	1
p034v2	502	Pulse	255	7200000	16457	NA
p034v2	504	Response	101	7220233	6359	1
p034v2	505	Pulse	255	7230000	9627	NA
p034v2	507	Pulse	255	7260000	9130	NA
p034v2	508	Response	100	7270713	9677	1
p034v2	510	Pulse	255	7290000	8799	NA
p034v2	512	Pulse	255	7320000	8468	NA
p034v2	512	Response	100	7348393	36861	1
p034v2	513	Pulse	255	7350000	1471	NA
p034v2	515	Pulse	255	7380000	974	NA
p034v2	516	Response	100	7396792	7601	1
p034v2	518	Pulse	255	7410000	2810	NA
p034v2	520	Pulse	255	7440000	2479	NA
p034v2	520	Response	101	7454472	16951	1
p034v2	522	Pulse	255	7470000	5148	NA
p034v2	524	Pulse	255	7500000	4817	NA
p034v2	524	Response	101	7502633	7450	1
p034v2	526	Pulse	255	7530000	16986	NA
p034v2	528	Response	100	7552152	8807	1
p034v2	529	Pulse	255	7560000	7656	NA
p034v2	531	Pulse	255	7590000	7158	NA
p034v2	532	Response	100	7610473	17465	1
p034v2	533	Pulse	255	7620000	9327	NA
p034v2	535	Pulse	255	7650000	8830	NA
p034v2	536	Response	101	7659592	8257	1
p034v2	538	Pulse	255	7680000	9999	NA
p034v2	540	Response	100	7708633	8301	1
p034v2	541	Pulse	255	7710000	1169	NA
p034v2	543	Pulse	255	7740000	672	NA
p034v2	544	Response	101	7760152	10659	1
p034v2	545	Pulse	255	7770000	9674	NA
p034v2	547	Pulse	255	7800000	9176	NA
p034v2	548	Response	100	7813192	12203	1
p034v2	550	Pulse	255	7830000	6346	NA
p034v2	552	Pulse	255	7860000	6015	NA
p034v2	552	Response	100	7881192	27208	1
p034v2	553	Response	101	7881993	677	1
p034v2	553	Pulse	255	7890000	8684	NA
p034v2	555	Pulse	255	7920000	8187	NA
p034v2	556	Response	101	7931432	9453	1
p034v2	558	Pulse	255	7950000	8190	NA
p034v2	560	Pulse	255	7980000	7859	NA
p034v2	560	Response	100	7994872	22731	1
p034v2	562	Pulse	255	8010000	4695	NA
p034v2	564	Pulse	255	8040000	4364	NA
p034v2	564	Response	101	8045512	9877	1
p034v2	566	Pulse	255	8070000	14033	NA
p034v2	568	Pulse	255	8100000	13702	NA
p034v2	568	Response	100	8105432	19134	1
p034v2	570	Pulse	255	8130000	14038	NA
p034v2	572	Response	100	8154392	8099	1
p034v2	573	Pulse	255	8160000	5541	NA
p034v2	575	Pulse	255	8190000	5044	NA
p034v2	576	Response	100	8201992	6870	1
p034v2	578	Pulse	255	8220000	7546	NA
p034v2	580	Pulse	255	8250000	7216	NA
p034v2	580	Response	101	8251752	8967	1
p034v2	582	Pulse	255	8280000	17717	NA
p034v2	584	Response	101	8301192	8578	1
p034v2	585	Pulse	255	8310000	8721	NA
p034v2	587	Pulse	255	8340000	8223	NA
p034v2	588	Response	101	8350311	8369	1
p034v2	590	Pulse	255	8370000	9226	NA
p034v2	592	Pulse	255	8400000	8895	NA
p034v2	592	Response	100	8412711	21607	1
p034v2	594	Pulse	255	8430000	6898	NA
p034v2	596	Pulse	255	8460000	6567	NA
p034v2	596	Response	100	8463032	9599	1
p034v2	598	Pulse	255	8490000	16576	NA
p034v2	600	Pulse	255	8520000	16238	NA
p034v2	600	Response	101	8522712	18950	1
p034v2	602	Pulse	255	8550000	16908	NA
p034v2	604	Response	101	8575111	11688	1
p034v2	605	Pulse	255	8580000	4745	NA
p034v2	607	Pulse	255	8610000	4247	NA
p034v2	608	Response	101	8625671	9753	1
p034v2	610	Pulse	255	8640000	3917	NA
p034v2	612	Pulse	255	8670000	3586	NA
p034v2	612	Response	101	8694392	27978	1
p034v2	613	Pulse	255	8700000	5422	NA
p034v2	615	Pulse	255	8730000	4924	NA
p034v2	616	Response	100	8745032	9790	1
p034v2	618	Pulse	255	8760000	4427	NA
p034v2	620	Pulse	255	8790000	4096	NA
p034v2	620	Response	100	8794631	8727	1
p034v2	622	Pulse	255	8820000	14931	NA
p034v2	624	Response	100	8843911	8512	1
p034v2	625	Pulse	255	8850000	5935	NA
p034v2	627	Pulse	255	8880000	5437	NA
p034v2	628	Response	101	8894231	9503	1
p034v2	630	Pulse	255	8910000	5273	NA
p034v2	632	Pulse	255	8940000	4943	NA
p034v2	632	Response	101	8940791	5734	1
p034v2	634	Pulse	255	8970000	18777	NA
p034v2	636	Response	100	8990151	8598	1
p034v2	637	Pulse	255	9000000	9781	NA
p034v2	639	Pulse	255	9030000	9283	NA
p034v2	640	Response	101	9042551	11669	1
p034v2	641	Response	100	9047751	5036	1
p034v2	642	Pulse	255	9060000	6953	NA
p034v2	644	Pulse	255	9090000	6622	NA
p034v2	644	Response	100	9097190	13813	1
p034v2	646	Pulse	255	9120000	12291	NA
p034v2	647	Response	100	9131111	3237	1
p034v2	648	Response	101	9147031	8991	1
p034v2	649	Pulse	255	9150000	2794	NA
p034v2	651	Pulse	255	9180000	2297	NA
p034v2	652	Pulse	255	9210000	22131	NA
p034v2	652	Response	101	9210071	22202	1
p034v2	653	Response	100	9211190	990	1
p034v2	654	Pulse	255	9240000	19467	NA
p034v2	656	Pulse	255	9270000	19137	NA
p034v2	656	Response	100	9288231	37367	1
p034v2	658	Pulse	255	9300000	1308	NA
p034v2	660	Pulse	255	9330000	977	NA
p034v2	660	Response	100	9334551	5527	1
p034v2	662	Pulse	255	9360000	14978	NA
p034v2	664	Response	100	9384871	9518	1
p034v2	665	Response	101	9385591	572	1
p034v2	665	Pulse	255	9390000	4982	NA
p034v2	667	Pulse	255	9420000	4484	NA
p034v2	668	Response	101	9436311	10629	1
p034v2	670	Pulse	255	9450000	3154	NA
p034v2	672	Pulse	255	9480000	2823	NA
p034v2	672	Response	100	9482871	5694	1
p034v2	674	Pulse	255	9510000	16658	NA
p034v2	676	Response	101	9535431	11758	1
p034v2	677	Response	100	9536711	1205	1
p034v2	677	Pulse	255	9540000	4495	NA
p034v2	679	Pulse	255	9570000	3997	NA
p034v2	680	Response	101	9590390	14222	1
p034v2	681	Response	100	9590550	49	1
p034v2	681	Pulse	255	9600000	9500	NA
p034v2	683	Pulse	255	9630000	9002	NA
p034v2	684	Response	101	9637830	6667	1
p034v2	686	Pulse	255	9660000	11671	NA
p034v2	688	Response	100	9688070	9411	1
p034v2	689	Pulse	255	9690000	1841	NA
p034v2	691	Pulse	255	9720000	1344	NA
p034v2	692	Response	101	9747350	18528	1
p034v2	693	Pulse	255	9750000	2513	NA
p034v2	695	Pulse	255	9780000	2016	NA
p034v2	696	Pulse	255	9810000	21850	NA
p034v2	696	Response	101	9820550	32400	1
p034v2	698	Pulse	255	9840000	9020	NA
p034v2	700	Response	101	9868390	7080	1
p034v2	701	Pulse	255	9870000	1524	NA
p034v2	703	Pulse	255	9900000	1026	NA
p034v2	704	Response	100	9917590	8451	1
p034v2	705	Response	101	9918630	991	1
p034v2	706	Pulse	255	9930000	2029	NA
p034v2	708	Pulse	255	9960000	1698	NA
p034v2	708	Response	100	9988230	29928	1
p034v2	709	Pulse	255	9990000	1701	NA
p034v2	711	Pulse	255	10020000	1203	NA
p034v2	712	Response	101	10035350	6387	1
p034v2	714	Pulse	255	10050000	4206	NA
p034v2	714	Response	101	10052230	6436	1
p034v2	716	Pulse	255	10080000	3875	NA
p034v2	716	Response	100	10104310	28185	1
p034v2	717	Pulse	255	10110000	5544	NA
p034v2	719	Pulse	255	10140000	5047	NA
p034v2	720	Response	101	10154709	9590	1
p034v2	722	Pulse	255	10170000	4883	NA
p034v2	724	Picture	instruct_trial	10195448	0	1	40163	1	0	next	other	0
p034v2	724	Pulse	255	10200000	4552	NA
p034v2	724	Pulse	255	10230000	34552	NA
