Scenario - learning_JJ_english
Logfile written - 04/19/2022 12:50:26

Subject	Trial	Event Type	Code	Time	TTime	Uncertainty	Duration	Uncertainty	ReqTime	ReqDur	Stim Type	Pair Index

p035v2	0	Pulse	255	0	0	NA
p035v2	1	Picture	instruct_trial	10333	0	1	254978	1	0	next	other	0
p035v2	1	Pulse	255	30000	19667	NA
p035v2	1	Pulse	255	60000	49667	NA
p035v2	1	Pulse	255	90000	79667	NA
p035v2	1	Pulse	255	120000	109667	NA
p035v2	1	Pulse	255	150000	139667	NA
p035v2	1	Pulse	255	180000	169667	NA
p035v2	1	Pulse	255	210000	199667	NA
p035v2	1	Pulse	255	240000	229667	NA
p035v2	1	Response	101	265113	254780	1
p035v2	1	Pulse	255	270000	259667	NA
p035v2	2	Response	100	285433	15289	1
p035v2	4	Pulse	255	300000	4025	NA
p035v2	6	Pulse	255	330000	3694	NA
p035v2	6	Response	100	336152	9847	1
p035v2	8	Pulse	255	360000	13363	NA
p035v2	10	Pulse	255	390000	13032	NA
p035v2	10	Response	100	392073	15105	1
p035v2	12	Pulse	255	420000	17534	NA
p035v2	14	Response	100	438553	5756	1
p035v2	16	Pulse	255	450000	1038	NA
p035v2	18	Pulse	255	480000	707	NA
p035v2	18	Response	100	487192	7900	1
p035v2	20	Pulse	255	510000	12376	NA
p035v2	22	Response	100	532073	4118	1
p035v2	23	Pulse	255	540000	7879	NA
p035v2	25	Pulse	255	570000	7381	NA
p035v2	26	Response	101	581993	9208	1
p035v2	28	Pulse	255	600000	7551	NA
p035v2	30	Response	101	627113	4332	1
p035v2	31	Pulse	255	630000	2720	NA
p035v2	33	Pulse	255	660000	2223	NA
p035v2	34	Response	101	675673	7730	1
p035v2	36	Pulse	255	690000	3892	NA
p035v2	38	Pulse	255	720000	3561	NA
p035v2	38	Response	100	720392	3953	1
p035v2	40	Pulse	255	750000	19229	NA
p035v2	42	Response	100	767192	6091	1
p035v2	44	Pulse	255	780000	2400	NA
p035v2	46	Pulse	255	810000	2069	NA
p035v2	46	Response	101	811593	3662	1
p035v2	48	Pulse	255	840000	17904	NA
p035v2	50	Response	100	864712	12285	1
p035v2	51	Pulse	255	870000	5241	NA
p035v2	53	Pulse	255	900000	4743	NA
p035v2	54	Response	100	912952	7530	1
p035v2	56	Pulse	255	930000	6579	NA
p035v2	58	Pulse	255	960000	6248	NA
p035v2	58	Response	101	964153	10401	1
p035v2	60	Pulse	255	990000	15417	NA
p035v2	62	Response	101	1009433	4519	1
p035v2	64	Pulse	255	1020000	87	NA
p035v2	65	Pulse	255	1050000	9923	NA
p035v2	66	Response	101	1064473	14229	1
p035v2	68	Pulse	255	1080000	5092	NA
p035v2	70	Pulse	255	1110000	4761	NA
p035v2	70	Response	100	1121673	16434	1
p035v2	72	Pulse	255	1140000	7930	NA
p035v2	74	Pulse	255	1170000	7600	NA
p035v2	74	Response	101	1171352	8952	1
p035v2	76	Pulse	255	1200000	18268	NA
p035v2	78	Response	100	1220472	8409	1
p035v2	79	Pulse	255	1230000	9438	NA
p035v2	81	Pulse	255	1260000	8941	NA
p035v2	82	Response	101	1265432	4207	1
p035v2	84	Pulse	255	1290000	14110	NA
p035v2	86	Response	101	1315912	9691	1
p035v2	87	Pulse	255	1320000	3946	NA
p035v2	89	Pulse	255	1350000	3449	NA
p035v2	90	Response	101	1363832	7115	1
p035v2	92	Pulse	255	1380000	5785	NA
p035v2	94	Pulse	255	1410000	5454	NA
p035v2	94	Response	101	1435832	31286	1
p035v2	95	Pulse	255	1440000	4123	NA
p035v2	97	Pulse	255	1470000	3626	NA
p035v2	98	Response	101	1494792	18252	1
p035v2	99	Pulse	255	1500000	5128	NA
p035v2	101	Pulse	255	1530000	4631	NA
p035v2	102	Response	100	1543272	7737	1
p035v2	104	Pulse	255	1560000	6300	NA
p035v2	106	Pulse	255	1590000	5969	NA
p035v2	106	Response	100	1601672	17641	1
p035v2	108	Pulse	255	1620000	7805	NA
p035v2	110	Response	101	1649672	7146	1
p035v2	111	Pulse	255	1650000	142	NA
p035v2	112	Pulse	255	1680000	19809	NA
p035v2	114	Response	101	1695992	5471	1
p035v2	116	Pulse	255	1710000	3480	NA
p035v2	118	Pulse	255	1740000	3149	NA
p035v2	118	Response	100	1741272	4421	1
p035v2	120	Pulse	255	1770000	18317	NA
p035v2	122	Response	100	1788552	6539	1
p035v2	124	Pulse	255	1800000	988	NA
p035v2	126	Pulse	255	1830000	657	NA
p035v2	126	Response	100	1836472	7129	1
p035v2	128	Pulse	255	1860000	12992	NA
p035v2	130	Response	100	1883672	6334	1
p035v2	131	Pulse	255	1890000	6162	NA
p035v2	133	Pulse	255	1920000	5665	NA
p035v2	134	Response	101	1934472	9971	1
p035v2	136	Pulse	255	1950000	5001	NA
p035v2	138	Pulse	255	1980000	4670	NA
p035v2	138	Response	101	1986232	10902	1
p035v2	140	Pulse	255	2010000	13338	NA
p035v2	142	Response	100	2031272	4279	1
p035v2	143	Pulse	255	2040000	8675	NA
p035v2	145	Pulse	255	2070000	8177	NA
p035v2	146	Response	100	2078792	6803	1
p035v2	148	Pulse	255	2100000	10680	NA
p035v2	150	Response	101	2123432	3781	1
p035v2	151	Pulse	255	2130000	6516	NA
p035v2	153	Pulse	255	2160000	6019	NA
p035v2	154	Response	101	2168632	4485	1
p035v2	156	Pulse	255	2190000	10854	NA
p035v2	158	Response	101	2214711	5235	1
p035v2	159	Pulse	255	2220000	5191	NA
p035v2	161	Pulse	255	2250000	4693	NA
p035v2	162	Response	100	2260552	5079	1
p035v2	164	Pulse	255	2280000	9029	NA
p035v2	166	Pulse	255	2310000	8698	NA
p035v2	166	Response	100	2323912	22610	1
p035v2	168	Pulse	255	2340000	5701	NA
p035v2	170	Response	101	2369832	5202	1
p035v2	171	Pulse	255	2370000	37	NA
p035v2	172	Pulse	255	2400000	19705	NA
p035v2	174	Response	101	2418312	7686	1
p035v2	176	Pulse	255	2430000	1209	NA
p035v2	178	Pulse	255	2460000	878	NA
p035v2	178	Response	101	2465831	6710	1
p035v2	180	Pulse	255	2490000	13713	NA
p035v2	182	Response	101	2511272	4654	1
p035v2	183	Pulse	255	2520000	8549	NA
p035v2	185	Pulse	255	2550000	8052	NA
p035v2	186	Response	100	2566152	14038	1
p035v2	188	Pulse	255	2580000	3388	NA
p035v2	190	Pulse	255	2610000	3058	NA
p035v2	190	Response	101	2614231	7289	1
p035v2	192	Pulse	255	2640000	15393	NA
p035v2	194	Response	100	2658872	3933	1
p035v2	196	Pulse	255	2670000	730	NA
p035v2	198	Pulse	255	2700000	399	NA
p035v2	198	Response	101	2705111	5510	1
p035v2	200	Pulse	255	2730000	14400	NA
p035v2	202	Response	100	2750391	4461	1
p035v2	203	Pulse	255	2760000	9403	NA
p035v2	205	Pulse	255	2790000	8906	NA
p035v2	206	Response	101	2799752	8492	1
p035v2	208	Pulse	255	2820000	9742	NA
p035v2	210	Response	100	2849431	8842	1
p035v2	211	Pulse	255	2850000	412	NA
p035v2	212	Pulse	255	2880000	20080	NA
p035v2	214	Response	100	2897831	7580	1
p035v2	216	Pulse	255	2910000	1750	NA
p035v2	218	Pulse	255	2940000	1420	NA
p035v2	218	Response	100	2944311	5731	1
p035v2	220	Pulse	255	2970000	15254	NA
p035v2	222	Response	101	2989831	4755	1
p035v2	223	Pulse	255	3000000	10091	NA
p035v2	225	Pulse	255	3030000	9593	NA
p035v2	226	Response	100	3040311	9739	1
p035v2	228	Pulse	255	3060000	9263	NA
p035v2	230	Response	100	3085751	4683	1
p035v2	231	Pulse	255	3090000	4099	NA
p035v2	233	Pulse	255	3120000	3602	NA
p035v2	234	Response	101	3142791	16227	1
p035v2	235	Pulse	255	3150000	7104	NA
p035v2	237	Pulse	255	3180000	6607	NA
p035v2	238	Response	101	3190391	6832	1
p035v2	240	Pulse	255	3210000	9109	NA
p035v2	242	Picture	instruct_trial	3231222	0	1	121823	1	0	next	other	0
p035v2	242	Pulse	255	3240000	8778	NA
p035v2	242	Pulse	255	3270000	38778	NA
p035v2	242	Pulse	255	3300000	68778	NA
p035v2	242	Pulse	255	3330000	98778	NA
p035v2	242	Response	100	3352871	121649	1
p035v2	243	Pulse	255	3360000	6789	NA
p035v2	243	Response	100	3373351	20140	1
p035v2	245	Pulse	255	3390000	6125	NA
p035v2	247	Pulse	255	3420000	5794	NA
p035v2	247	Response	101	3427271	13065	1
p035v2	249	Pulse	255	3450000	12296	NA
p035v2	251	Response	100	3476471	8437	1
p035v2	252	Pulse	255	3480000	3466	NA
p035v2	254	Pulse	255	3510000	2969	NA
p035v2	255	Response	100	3524231	7034	1
p035v2	257	Pulse	255	3540000	5304	NA
p035v2	259	Pulse	255	3570000	4974	NA
p035v2	259	Pulse	255	3600000	34974	NA
p035v2	259	Response	100	3606231	41205	1
p035v2	261	Pulse	255	3630000	13311	NA
p035v2	263	Pulse	255	3660000	12981	NA
p035v2	263	Response	100	3672871	25852	1
p035v2	265	Pulse	255	3690000	6651	NA
p035v2	267	Pulse	255	3720000	6320	NA
p035v2	267	Response	101	3724551	10871	1
p035v2	269	Pulse	255	3750000	14988	NA
p035v2	271	Pulse	255	3780000	14658	NA
p035v2	271	Response	101	3797911	32568	1
p035v2	273	Pulse	255	3810000	1661	NA
p035v2	275	Pulse	255	3840000	1331	NA
p035v2	275	Response	101	3842311	3641	1
p035v2	277	Pulse	255	3870000	17165	NA
p035v2	279	Response	100	3889510	6345	1
p035v2	281	Pulse	255	3900000	3	NA
p035v2	282	Pulse	255	3930000	9838	NA
p035v2	283	Response	100	3943352	13024	1
p035v2	285	Pulse	255	3960000	6174	NA
p035v2	287	Pulse	255	3990000	5843	NA
p035v2	287	Response	101	3990311	6154	1
p035v2	289	Pulse	255	4020000	19178	NA
p035v2	291	Response	100	4038791	7638	1
p035v2	293	Pulse	255	4050000	682	NA
p035v2	295	Pulse	255	4080000	351	NA
p035v2	295	Response	100	4091350	11702	1
p035v2	297	Pulse	255	4110000	8187	NA
p035v2	299	Pulse	255	4140000	7856	NA
p035v2	299	Response	101	4144151	12007	1
p035v2	301	Pulse	255	4170000	15358	NA
p035v2	303	Response	101	4197990	13018	1
p035v2	304	Pulse	255	4200000	1862	NA
p035v2	306	Pulse	255	4230000	1364	NA
p035v2	307	Response	101	4243510	4709	1
p035v2	309	Pulse	255	4260000	6033	NA
p035v2	311	Pulse	255	4290000	5702	NA
p035v2	311	Response	100	4304151	19853	1
p035v2	313	Pulse	255	4320000	5372	NA
p035v2	315	Pulse	255	4350000	5041	NA
p035v2	315	Response	100	4351191	6232	1
p035v2	317	Pulse	255	4380000	18376	NA
p035v2	319	Response	100	4402870	10915	1
p035v2	320	Pulse	255	4410000	7046	NA
p035v2	322	Pulse	255	4440000	6549	NA
p035v2	323	Response	100	4448150	4533	1
p035v2	325	Pulse	255	4470000	11384	NA
p035v2	327	Response	101	4493911	4964	1
p035v2	328	Pulse	255	4500000	5887	NA
p035v2	330	Pulse	255	4530000	5390	NA
p035v2	331	Pulse	255	4560000	25224	NA
p035v2	331	Response	101	4575031	40255	1
p035v2	333	Pulse	255	4590000	4562	NA
p035v2	335	Pulse	255	4620000	4231	NA
p035v2	335	Response	101	4622231	6462	1
p035v2	337	Pulse	255	4650000	17232	NA
p035v2	339	Pulse	255	4680000	16902	NA
p035v2	339	Response	101	4685431	22332	1
p035v2	341	Pulse	255	4710000	14071	NA
p035v2	343	Response	100	4733671	7412	1
p035v2	344	Pulse	255	4740000	6241	NA
p035v2	346	Pulse	255	4770000	5744	NA
p035v2	347	Response	100	4779750	5328	1
p035v2	349	Pulse	255	4800000	9746	NA
p035v2	351	Response	101	4829831	9247	1
p035v2	352	Pulse	255	4830000	83	NA
p035v2	353	Pulse	255	4860000	19750	NA
p035v2	355	Response	101	4874630	4050	1
p035v2	357	Pulse	255	4890000	4921	NA
p035v2	359	Pulse	255	4920000	4590	NA
p035v2	359	Response	100	4921670	6260	1
p035v2	361	Pulse	255	4950000	17925	NA
p035v2	363	Response	100	4967270	4864	1
p035v2	365	Pulse	255	4980000	2262	NA
p035v2	367	Pulse	255	5010000	1932	NA
p035v2	367	Response	100	5016950	8882	1
p035v2	369	Pulse	255	5040000	12600	NA
p035v2	371	Response	100	5066870	9139	1
p035v2	372	Pulse	255	5070000	2937	NA
p035v2	374	Pulse	255	5100000	2439	NA
p035v2	375	Response	101	5114550	6824	1
p035v2	377	Pulse	255	5130000	4942	NA
p035v2	379	Pulse	255	5160000	4611	NA
p035v2	379	Pulse	255	5190000	34611	NA
p035v2	379	Pulse	255	5220000	64611	NA
p035v2	379	Response	101	5221670	66281	1
p035v2	381	Pulse	255	5250000	17951	NA
p035v2	383	Pulse	255	5280000	17620	NA
p035v2	383	Response	100	5289511	27131	1
p035v2	385	Pulse	255	5310000	9957	NA
p035v2	387	Pulse	255	5340000	9626	NA
p035v2	387	Response	100	5340870	10496	1
p035v2	389	Pulse	255	5370000	18628	NA
p035v2	391	Response	101	5387510	5807	1
p035v2	393	Pulse	255	5400000	1965	NA
p035v2	395	Pulse	255	5430000	1634	NA
p035v2	395	Response	101	5443670	15305	1
p035v2	397	Pulse	255	5460000	5803	NA
p035v2	399	Pulse	255	5490000	5473	NA
p035v2	399	Response	101	5496870	12343	1
p035v2	401	Pulse	255	5520000	12641	NA
p035v2	403	Response	100	5544389	6700	1
p035v2	404	Pulse	255	5550000	5478	NA
p035v2	406	Pulse	255	5580000	4980	NA
p035v2	407	Response	100	5592790	7604	1
p035v2	409	Pulse	255	5610000	6816	NA
p035v2	411	Pulse	255	5640000	6485	NA
p035v2	411	Response	101	5640549	7035	1
p035v2	413	Pulse	255	5670000	18987	NA
p035v2	415	Response	101	5693030	11686	1
p035v2	416	Pulse	255	5700000	6824	NA
p035v2	418	Pulse	255	5730000	6327	NA
p035v2	419	Response	101	5740390	6551	1
p035v2	421	Pulse	255	5760000	9162	NA
p035v2	423	Response	101	5788470	7301	1
p035v2	424	Pulse	255	5790000	1332	NA
p035v2	426	Pulse	255	5820000	835	NA
p035v2	427	Response	100	5838310	8979	1
p035v2	429	Pulse	255	5850000	1171	NA
p035v2	431	Pulse	255	5880000	840	NA
p035v2	431	Response	101	5886469	7309	1
p035v2	433	Pulse	255	5910000	13008	NA
p035v2	435	Response	100	5932390	5067	1
p035v2	436	Pulse	255	5940000	7511	NA
p035v2	438	Pulse	255	5970000	7014	NA
p035v2	439	Response	101	5978549	5398	1
p035v2	441	Pulse	255	6000000	11016	NA
p035v2	443	Response	100	6027510	8195	1
p035v2	444	Pulse	255	6030000	2353	NA
p035v2	446	Pulse	255	6060000	1855	NA
p035v2	447	Response	101	6074710	6400	1
p035v2	449	Pulse	255	6090000	4858	NA
p035v2	451	Pulse	255	6120000	4527	NA
p035v2	451	Response	100	6121910	6437	1
p035v2	453	Pulse	255	6150000	17695	NA
p035v2	455	Response	100	6168229	5594	1
p035v2	457	Pulse	255	6180000	1366	NA
p035v2	459	Pulse	255	6210000	1035	NA
p035v2	459	Response	100	6221749	12784	1
p035v2	461	Pulse	255	6240000	7870	NA
p035v2	463	Response	101	6267350	4890	1
p035v2	464	Pulse	255	6270000	2540	NA
p035v2	466	Pulse	255	6300000	2043	NA
p035v2	467	Response	100	6313510	5387	1
p035v2	469	Pulse	255	6330000	6045	NA
p035v2	471	Response	100	6359749	5464	1
p035v2	472	Pulse	255	6360000	48	NA
p035v2	473	Pulse	255	6390000	19716	NA
p035v2	475	Response	101	6407589	6974	1
p035v2	477	Pulse	255	6420000	1887	NA
p035v2	479	Pulse	255	6450000	1556	NA
p035v2	479	Response	101	6453669	5225	1
p035v2	481	Pulse	255	6480000	15890	NA
p035v2	483	Picture	instruct_trial	6494440	0	1	38497	1	0	next	other	0
p035v2	483	Pulse	255	6510000	15560	NA
p035v2	483	Response	101	6532789	38349	1
p035v2	484	Pulse	255	6540000	6896	NA
p035v2	484	Response	101	6550149	17046	1
p035v2	486	Pulse	255	6570000	9399	NA
p035v2	488	Pulse	255	6600000	9068	NA
p035v2	488	Response	100	6622309	31377	1
p035v2	489	Pulse	255	6630000	7571	NA
p035v2	491	Pulse	255	6660000	7073	NA
p035v2	492	Response	101	6683109	20017	1
p035v2	493	Pulse	255	6690000	6743	NA
p035v2	495	Pulse	255	6720000	6245	NA
p035v2	496	Pulse	255	6750000	26080	NA
p035v2	496	Response	101	6765990	42069	1
p035v2	498	Pulse	255	6780000	3584	NA
p035v2	500	Pulse	255	6810000	3253	NA
p035v2	500	Response	101	6814949	8202	1
p035v2	502	Pulse	255	6840000	14588	NA
p035v2	504	Pulse	255	6870000	14258	NA
p035v2	504	Response	100	6874229	18487	1
p035v2	506	Pulse	255	6900000	15260	NA
p035v2	508	Response	101	6921749	6678	1
p035v2	509	Pulse	255	6930000	8097	NA
p035v2	511	Pulse	255	6960000	7599	NA
p035v2	512	Response	100	6967349	4783	1
p035v2	514	Pulse	255	6990000	12268	NA
p035v2	516	Response	101	7011909	3847	1
p035v2	517	Pulse	255	7020000	7938	NA
p035v2	519	Pulse	255	7050000	7440	NA
p035v2	520	Response	101	7059269	6544	1
p035v2	522	Pulse	255	7080000	10276	NA
p035v2	524	Response	100	7105029	4974	1
p035v2	525	Pulse	255	7110000	4779	NA
p035v2	527	Pulse	255	7140000	4282	NA
p035v2	528	Response	101	7152389	6505	1
p035v2	530	Pulse	255	7170000	7117	NA
p035v2	532	Pulse	255	7200000	6787	NA
p035v2	532	Response	100	7201829	8616	1
p035v2	534	Pulse	255	7230000	17788	NA
p035v2	536	Response	100	7247589	5047	1
p035v2	538	Pulse	255	7260000	1959	NA
p035v2	540	Pulse	255	7290000	1628	NA
p035v2	540	Response	101	7297109	8737	1
p035v2	542	Pulse	255	7320000	12463	NA
p035v2	544	Pulse	255	7350000	12133	NA
p035v2	544	Response	101	7355269	17402	1
p035v2	546	Pulse	255	7380000	14302	NA
p035v2	548	Pulse	255	7410000	13971	NA
p035v2	548	Response	101	7412389	16360	1
p035v2	550	Pulse	255	7440000	17140	NA
p035v2	552	Response	100	7466629	13438	1
p035v2	553	Pulse	255	7470000	3310	NA
p035v2	555	Pulse	255	7500000	2813	NA
p035v2	556	Response	100	7516309	8956	1
p035v2	558	Pulse	255	7530000	3149	NA
p035v2	560	Pulse	255	7560000	2818	NA
p035v2	560	Response	100	7570708	13527	1
p035v2	562	Pulse	255	7590000	8820	NA
p035v2	564	Pulse	255	7620000	8489	NA
p035v2	564	Response	100	7620869	9358	1
p035v2	566	Pulse	255	7650000	18658	NA
p035v2	568	Response	101	7667349	5676	1
p035v2	570	Pulse	255	7680000	2162	NA
p035v2	572	Pulse	255	7710000	1831	NA
p035v2	572	Response	101	7726068	17899	1
p035v2	574	Pulse	255	7740000	3500	NA
p035v2	576	Pulse	255	7770000	3170	NA
p035v2	576	Response	101	7774548	7718	1
p035v2	578	Pulse	255	7800000	15004	NA
p035v2	580	Response	101	7822069	6742	1
p035v2	581	Pulse	255	7830000	7841	NA
p035v2	583	Pulse	255	7860000	7344	NA
p035v2	584	Response	100	7869269	6447	1
p035v2	586	Pulse	255	7890000	10346	NA
p035v2	588	Response	100	7917748	7763	1
p035v2	589	Pulse	255	7920000	2183	NA
p035v2	591	Pulse	255	7950000	1685	NA
p035v2	592	Response	101	7976309	17828	1
p035v2	593	Pulse	255	7980000	3521	NA
p035v2	595	Pulse	255	8010000	3024	NA
p035v2	596	Response	101	8023109	5966	1
p035v2	598	Pulse	255	8040000	6359	NA
p035v2	600	Response	100	8068308	4337	1
p035v2	601	Pulse	255	8070000	1529	NA
p035v2	603	Pulse	255	8100000	1032	NA
p035v2	604	Response	100	8118468	9334	1
p035v2	606	Pulse	255	8130000	1034	NA
p035v2	608	Pulse	255	8160000	703	NA
p035v2	608	Response	100	8165589	6292	1
p035v2	610	Pulse	255	8190000	13872	NA
p035v2	612	Response	100	8213268	6809	1
p035v2	613	Pulse	255	8220000	6541	NA
p035v2	615	Pulse	255	8250000	6044	NA
p035v2	616	Response	101	8261508	7387	1
p035v2	618	Pulse	255	8280000	8046	NA
p035v2	620	Pulse	255	8310000	7716	NA
p035v2	620	Response	101	8324789	22504	1
p035v2	622	Pulse	255	8340000	4719	NA
p035v2	624	Pulse	255	8370000	4388	NA
p035v2	624	Response	100	8373188	7576	1
p035v2	626	Pulse	255	8400000	16389	NA
p035v2	628	Response	100	8420468	6527	1
p035v2	629	Pulse	255	8430000	9393	NA
p035v2	631	Pulse	255	8460000	8895	NA
p035v2	632	Response	101	8467428	6158	1
p035v2	634	Pulse	255	8490000	12064	NA
p035v2	636	Response	101	8515588	7321	1
p035v2	637	Pulse	255	8520000	4234	NA
p035v2	639	Pulse	255	8550000	3737	NA
p035v2	640	Response	101	8561908	5479	1
p035v2	642	Pulse	255	8580000	7572	NA
p035v2	644	Pulse	255	8610000	7242	NA
p035v2	644	Response	100	8611588	8830	1
p035v2	646	Pulse	255	8640000	17910	NA
p035v2	648	Response	100	8659669	7248	1
p035v2	649	Pulse	255	8670000	10247	NA
p035v2	651	Pulse	255	8700000	9749	NA
p035v2	652	Response	101	8707268	6851	1
p035v2	654	Pulse	255	8730000	12252	NA
p035v2	656	Response	101	8754708	6629	1
p035v2	657	Pulse	255	8760000	5088	NA
p035v2	659	Pulse	255	8790000	4591	NA
p035v2	660	Response	101	8805509	9934	1
p035v2	662	Pulse	255	8820000	4093	NA
p035v2	664	Pulse	255	8850000	3763	NA
p035v2	664	Response	101	8850788	4551	1
p035v2	666	Pulse	255	8880000	18764	NA
p035v2	668	Response	100	8895748	4181	1
p035v2	670	Pulse	255	8910000	3775	NA
p035v2	672	Pulse	255	8940000	3437	NA
p035v2	672	Response	101	8943512	6949	1
p035v2	674	Pulse	255	8970000	16105	NA
p035v2	676	Response	100	8992548	8323	1
p035v2	677	Pulse	255	9000000	7275	NA
p035v2	679	Pulse	255	9030000	6778	NA
p035v2	680	Response	101	9049988	16600	1
p035v2	681	Pulse	255	9060000	9947	NA
p035v2	683	Pulse	255	9090000	9450	NA
p035v2	684	Response	100	9098948	8232	1
p035v2	686	Pulse	255	9120000	10619	NA
p035v2	688	Response	101	9147668	7956	1
p035v2	689	Pulse	255	9150000	2289	NA
p035v2	691	Pulse	255	9180000	1791	NA
p035v2	692	Response	100	9193908	5534	1
p035v2	694	Pulse	255	9210000	5627	NA
p035v2	696	Response	100	9239748	5045	1
p035v2	697	Pulse	255	9240000	130	NA
p035v2	698	Pulse	255	9270000	19798	NA
p035v2	700	Response	100	9293028	12495	1
p035v2	701	Pulse	255	9300000	6801	NA
p035v2	703	Pulse	255	9330000	6304	NA
p035v2	704	Response	101	9341427	7566	1
p035v2	706	Pulse	255	9360000	8140	NA
p035v2	708	Response	100	9387908	5717	1
p035v2	709	Pulse	255	9390000	1976	NA
p035v2	711	Pulse	255	9420000	1479	NA
p035v2	712	Pulse	255	9450000	21313	NA
p035v2	712	Response	100	9455428	26741	1
p035v2	714	Pulse	255	9480000	14149	NA
p035v2	716	Response	101	9501588	5407	1
p035v2	717	Pulse	255	9510000	8319	NA
p035v2	719	Pulse	255	9540000	7822	NA
p035v2	720	Response	101	9548308	5964	1
p035v2	722	Pulse	255	9570000	11161	NA
p035v2	724	Picture	instruct_trial	9589173	0	1	40163	1	0	next	other	0
p035v2	724	Pulse	255	9600000	10827	NA
