Scenario - learning_JJ_english
Logfile written - 04/21/2022 12:53:15

Subject	Trial	Event Type	Code	Time	TTime	Uncertainty	Duration	Uncertainty	ReqTime	ReqDur	Stim Type	Pair Index

p036v2	0	Pulse	255	0	0	NA
p036v2	1	Picture	instruct_trial	10496	0	1	209482	1	0	next	other	0
p036v2	1	Pulse	255	30000	19504	NA
p036v2	1	Pulse	255	60000	49504	NA
p036v2	1	Pulse	255	90000	79504	NA
p036v2	1	Pulse	255	120000	109504	NA
p036v2	1	Pulse	255	150000	139504	NA
p036v2	1	Pulse	255	180000	169504	NA
p036v2	1	Pulse	255	210000	199504	NA
p036v2	1	Response	101	219782	209286	1
p036v2	1	Pulse	255	240000	229504	NA
p036v2	2	Response	101	246662	6519	1
p036v2	4	Pulse	255	270000	12858	NA
p036v2	6	Response	100	296582	9110	1
p036v2	7	Pulse	255	300000	3362	NA
p036v2	9	Pulse	255	330000	2865	NA
p036v2	10	Response	101	347462	10161	1
p036v2	12	Pulse	255	360000	2034	NA
p036v2	14	Pulse	255	390000	1703	NA
p036v2	14	Response	101	393623	5326	1
p036v2	16	Pulse	255	420000	15871	NA
p036v2	18	Pulse	255	450000	15540	NA
p036v2	18	Response	101	452103	17643	1
p036v2	20	Pulse	255	480000	17376	NA
p036v2	22	Response	101	497302	4347	1
p036v2	24	Pulse	255	510000	2213	NA
p036v2	26	Pulse	255	540000	1883	NA
p036v2	26	Response	100	543302	5185	1
p036v2	28	Pulse	255	570000	16217	NA
p036v2	30	Response	100	594663	10549	1
p036v2	31	Pulse	255	600000	5221	NA
p036v2	33	Pulse	255	630000	4724	NA
p036v2	34	Response	100	643062	7620	1
p036v2	36	Pulse	255	660000	6559	NA
p036v2	38	Response	101	689062	5291	1
p036v2	39	Pulse	255	690000	729	NA
p036v2	41	Pulse	255	720000	232	NA
p036v2	42	Response	101	734742	4808	1
p036v2	44	Pulse	255	750000	4734	NA
p036v2	46	Pulse	255	780000	4403	NA
p036v2	46	Response	100	786344	10747	1
p036v2	48	Pulse	255	810000	13238	NA
p036v2	50	Response	101	838262	11170	1
p036v2	51	Pulse	255	840000	1575	NA
p036v2	53	Pulse	255	870000	1078	NA
p036v2	54	Response	101	882982	3895	1
p036v2	56	Pulse	255	900000	6580	NA
p036v2	58	Pulse	255	930000	6249	NA
p036v2	58	Response	100	932662	8911	1
p036v2	60	Pulse	255	960000	16918	NA
p036v2	62	Response	100	982502	9089	1
p036v2	63	Pulse	255	990000	7421	NA
p036v2	65	Pulse	255	1020000	6924	NA
p036v2	66	Response	100	1028262	5020	1
p036v2	68	Pulse	255	1050000	11259	NA
p036v2	70	Response	101	1074982	5911	1
p036v2	71	Pulse	255	1080000	4929	NA
p036v2	73	Pulse	255	1110000	4432	NA
p036v2	74	Response	101	1119702	3968	1
p036v2	76	Pulse	255	1140000	9767	NA
p036v2	78	Response	101	1167062	6499	1
p036v2	79	Pulse	255	1170000	2770	NA
p036v2	81	Pulse	255	1200000	2273	NA
p036v2	82	Response	101	1212022	4129	1
p036v2	84	Pulse	255	1230000	7442	NA
p036v2	86	Pulse	255	1260000	7111	NA
p036v2	86	Response	100	1262821	9932	1
p036v2	88	Pulse	255	1290000	16779	NA
p036v2	90	Response	100	1308182	4631	1
p036v2	92	Pulse	255	1320000	1283	NA
p036v2	94	Pulse	255	1350000	953	NA
p036v2	94	Response	100	1354261	5214	1
p036v2	96	Pulse	255	1380000	15287	NA
p036v2	98	Response	100	1401382	6339	1
p036v2	99	Pulse	255	1410000	8457	NA
p036v2	101	Pulse	255	1440000	7960	NA
p036v2	102	Response	101	1450581	8375	1
p036v2	104	Pulse	255	1470000	8962	NA
p036v2	106	Response	101	1495781	4413	1
p036v2	107	Pulse	255	1500000	4132	NA
p036v2	109	Pulse	255	1530000	3635	NA
p036v2	110	Response	100	1541542	5010	1
p036v2	112	Pulse	255	1560000	7970	NA
p036v2	114	Response	100	1586901	4541	1
p036v2	115	Pulse	255	1590000	2973	NA
p036v2	117	Pulse	255	1620000	2476	NA
p036v2	118	Response	101	1636342	8652	1
p036v2	120	Pulse	255	1650000	3145	NA
p036v2	122	Pulse	255	1680000	2814	NA
p036v2	122	Response	101	1681702	4516	1
p036v2	124	Pulse	255	1710000	17816	NA
p036v2	126	Response	101	1733542	11026	1
p036v2	127	Pulse	255	1740000	6319	NA
p036v2	129	Pulse	255	1770000	5822	NA
p036v2	130	Response	101	1781062	6718	1
p036v2	132	Pulse	255	1800000	8491	NA
p036v2	134	Response	100	1828261	6422	1
p036v2	135	Pulse	255	1830000	1661	NA
p036v2	137	Pulse	255	1860000	1163	NA
p036v2	138	Response	100	1873461	4459	1
p036v2	140	Pulse	255	1890000	5999	NA
p036v2	142	Response	101	1919461	5129	1
p036v2	143	Pulse	255	1920000	335	NA
p036v2	144	Pulse	255	1950000	20003	NA
p036v2	146	Response	101	1965141	4813	1
p036v2	148	Pulse	255	1980000	4340	NA
p036v2	150	Pulse	255	2010000	4009	NA
p036v2	150	Response	100	2014901	8911	1
p036v2	152	Pulse	255	2040000	14678	NA
p036v2	154	Response	100	2060901	5248	1
p036v2	155	Pulse	255	2070000	9014	NA
p036v2	157	Pulse	255	2100000	8517	NA
p036v2	158	Response	100	2107701	6052	1
p036v2	160	Pulse	255	2130000	11852	NA
p036v2	162	Response	101	2156821	8343	1
p036v2	163	Pulse	255	2160000	3022	NA
p036v2	165	Pulse	255	2190000	2525	NA
p036v2	166	Response	101	2205622	7981	1
p036v2	168	Pulse	255	2220000	3861	NA
p036v2	170	Pulse	255	2250000	3530	NA
p036v2	170	Response	100	2251941	5471	1
p036v2	172	Pulse	255	2280000	17532	NA
p036v2	174	Response	100	2297381	4582	1
p036v2	176	Pulse	255	2310000	2202	NA
p036v2	178	Pulse	255	2340000	1871	NA
p036v2	178	Response	100	2342741	4612	1
p036v2	180	Pulse	255	2370000	16873	NA
p036v2	182	Response	100	2388581	5123	1
p036v2	184	Pulse	255	2400000	1043	NA
p036v2	186	Pulse	255	2430000	713	NA
p036v2	186	Response	101	2438741	9454	1
p036v2	188	Pulse	255	2460000	10881	NA
p036v2	190	Response	100	2484501	5052	1
p036v2	191	Pulse	255	2490000	5384	NA
p036v2	193	Pulse	255	2520000	4887	NA
p036v2	194	Response	101	2530181	4902	1
p036v2	196	Pulse	255	2550000	9389	NA
p036v2	198	Response	100	2578981	8039	1
p036v2	199	Pulse	255	2580000	892	NA
p036v2	201	Pulse	255	2610000	395	NA
p036v2	202	Response	101	2625781	6010	1
p036v2	204	Pulse	255	2640000	3730	NA
p036v2	206	Pulse	255	2670000	3400	NA
p036v2	206	Response	100	2677141	10540	1
p036v2	208	Pulse	255	2700000	12402	NA
p036v2	210	Response	101	2722021	4092	1
p036v2	211	Pulse	255	2730000	7904	NA
p036v2	213	Pulse	255	2760000	7407	NA
p036v2	214	Response	101	2771781	9023	1
p036v2	216	Pulse	255	2790000	7743	NA
p036v2	218	Response	101	2818261	5674	1
p036v2	219	Pulse	255	2820000	1579	NA
p036v2	221	Pulse	255	2850000	1082	NA
p036v2	222	Response	100	2864101	5017	1
p036v2	224	Pulse	255	2880000	5418	NA
p036v2	226	Pulse	255	2910000	5087	NA
p036v2	226	Response	101	2912341	7428	1
p036v2	228	Pulse	255	2940000	17255	NA
p036v2	230	Response	101	2960181	7105	1
p036v2	231	Pulse	255	2970000	9758	NA
p036v2	233	Pulse	255	3000000	9261	NA
p036v2	234	Response	100	3004661	3756	1
p036v2	236	Pulse	255	3030000	14930	NA
p036v2	238	Response	100	3051861	6460	1
p036v2	239	Pulse	255	3060000	7933	NA
p036v2	241	Pulse	255	3090000	7436	NA
p036v2	242	Picture	instruct_trial	3092730	0	1	15999	1	0	next	other	0
p036v2	242	Response	101	3108661	15931	1
p036v2	243	Pulse	255	3120000	11105	NA
p036v2	243	Response	101	3134421	25526	1
p036v2	245	Pulse	255	3150000	5108	NA
p036v2	247	Pulse	255	3180000	4777	NA
p036v2	247	Response	101	3189701	14478	1
p036v2	249	Pulse	255	3210000	9779	NA
p036v2	251	Pulse	255	3240000	9448	NA
p036v2	251	Response	101	3249220	18669	1
p036v2	253	Pulse	255	3270000	10284	NA
p036v2	255	Pulse	255	3300000	9953	NA
p036v2	255	Response	101	3326500	36454	1
p036v2	256	Pulse	255	3330000	3290	NA
p036v2	258	Pulse	255	3360000	2793	NA
p036v2	259	Pulse	255	3390000	22627	NA
p036v2	259	Response	100	3394421	27048	1
p036v2	261	Pulse	255	3420000	15130	NA
p036v2	263	Response	101	3449860	14660	1
p036v2	263	Pulse	255	3450000	14799	NA
p036v2	265	Pulse	255	3480000	19635	NA
p036v2	267	Response	100	3502021	11325	1
p036v2	268	Pulse	255	3510000	7805	NA
p036v2	270	Pulse	255	3540000	7308	NA
p036v2	271	Response	101	3562180	19322	1
p036v2	272	Pulse	255	3570000	7644	NA
p036v2	274	Pulse	255	3600000	7146	NA
p036v2	275	Response	100	3609941	6921	1
p036v2	277	Pulse	255	3630000	9649	NA
p036v2	279	Response	101	3658500	7818	1
p036v2	280	Pulse	255	3660000	1319	NA
p036v2	282	Pulse	255	3690000	821	NA
p036v2	283	Response	101	3710661	11317	1
p036v2	284	Pulse	255	3720000	9156	NA
p036v2	286	Pulse	255	3750000	8659	NA
p036v2	287	Response	100	3777620	26114	1
p036v2	288	Pulse	255	3780000	2329	NA
p036v2	290	Pulse	255	3810000	1832	NA
p036v2	291	Response	101	3834341	16006	1
p036v2	292	Pulse	255	3840000	5500	NA
p036v2	294	Pulse	255	3870000	5003	NA
p036v2	295	Response	101	3882980	7818	1
p036v2	297	Pulse	255	3900000	6506	NA
p036v2	299	Pulse	255	3930000	6175	NA
p036v2	299	Response	100	3935541	11715	1
p036v2	301	Pulse	255	3960000	14010	NA
p036v2	303	Response	100	3986420	10100	1
p036v2	304	Pulse	255	3990000	3514	NA
p036v2	306	Pulse	255	4020000	3016	NA
p036v2	307	Response	100	4038660	11511	1
p036v2	309	Pulse	255	4050000	852	NA
p036v2	311	Pulse	255	4080000	522	NA
p036v2	311	Response	101	4089140	9661	1
p036v2	313	Pulse	255	4110000	10357	NA
p036v2	315	Response	101	4136580	6606	1
p036v2	316	Pulse	255	4140000	3360	NA
p036v2	318	Pulse	255	4170000	2862	NA
p036v2	319	Response	101	4190741	13437	1
p036v2	320	Pulse	255	4200000	9198	NA
p036v2	322	Pulse	255	4230000	8700	NA
p036v2	323	Response	101	4247300	15835	1
p036v2	325	Pulse	255	4260000	2204	NA
p036v2	327	Pulse	255	4290000	1873	NA
p036v2	327	Response	100	4306820	18693	1
p036v2	329	Pulse	255	4320000	2709	NA
p036v2	331	Pulse	255	4350000	2378	NA
p036v2	331	Response	100	4358900	11278	1
p036v2	333	Pulse	255	4380000	10713	NA
p036v2	335	Pulse	255	4410000	10383	NA
p036v2	335	Response	100	4416580	16963	1
p036v2	337	Pulse	255	4440000	12885	NA
p036v2	339	Response	100	4468980	11534	1
p036v2	340	Pulse	255	4470000	889	NA
p036v2	342	Pulse	255	4500000	391	NA
p036v2	343	Response	101	4526900	17125	1
p036v2	344	Pulse	255	4530000	2894	NA
p036v2	346	Pulse	255	4560000	2396	NA
p036v2	347	Response	101	4579860	12090	1
p036v2	348	Pulse	255	4590000	10065	NA
p036v2	350	Pulse	255	4620000	9567	NA
p036v2	351	Response	100	4640020	19422	1
p036v2	352	Pulse	255	4650000	9903	NA
p036v2	354	Pulse	255	4680000	9406	NA
p036v2	355	Response	100	4692740	11980	1
p036v2	357	Pulse	255	4710000	6742	NA
p036v2	359	Pulse	255	4740000	6411	NA
p036v2	359	Response	101	4745860	12271	1
p036v2	361	Pulse	255	4770000	13747	NA
p036v2	363	Response	101	4796100	9516	1
p036v2	364	Pulse	255	4800000	3750	NA
p036v2	366	Pulse	255	4830000	3253	NA
p036v2	367	Response	101	4844420	7507	1
p036v2	369	Pulse	255	4860000	5088	NA
p036v2	371	Pulse	255	4890000	4758	NA
p036v2	371	Response	101	4892900	7658	1
p036v2	373	Pulse	255	4920000	16593	NA
p036v2	375	Pulse	255	4950000	16262	NA
p036v2	375	Response	100	4952180	18442	1
p036v2	377	Pulse	255	4980000	17431	NA
p036v2	379	Response	100	5006020	13120	1
p036v2	380	Pulse	255	5010000	3935	NA
p036v2	382	Pulse	255	5040000	3438	NA
p036v2	383	Response	101	5065460	18732	1
p036v2	384	Pulse	255	5070000	4440	NA
p036v2	386	Pulse	255	5100000	3943	NA
p036v2	387	Response	101	5116420	10197	1
p036v2	389	Pulse	255	5130000	3112	NA
p036v2	391	Pulse	255	5160000	2781	NA
p036v2	391	Pulse	255	5190000	32781	NA
p036v2	391	Pulse	255	5220000	62781	NA
p036v2	391	Response	100	5230900	73681	1
p036v2	393	Pulse	255	5250000	8622	NA
p036v2	395	Pulse	255	5280000	8291	NA
p036v2	395	Response	100	5284260	12551	1
p036v2	397	Pulse	255	5310000	15293	NA
p036v2	399	Response	100	5338180	13142	1
p036v2	400	Pulse	255	5340000	1630	NA
p036v2	402	Pulse	255	5370000	1133	NA
p036v2	403	Response	101	5390900	11874	1
p036v2	404	Pulse	255	5400000	8968	NA
p036v2	406	Pulse	255	5430000	8471	NA
p036v2	407	Response	101	5440500	8805	1
p036v2	409	Pulse	255	5460000	8973	NA
p036v2	411	Pulse	255	5490000	8643	NA
p036v2	411	Response	100	5495060	13702	1
p036v2	413	Pulse	255	5520000	14478	NA
p036v2	415	Response	100	5546260	10407	1
p036v2	416	Pulse	255	5550000	3648	NA
p036v2	418	Pulse	255	5580000	3151	NA
p036v2	419	Response	100	5593700	6684	1
p036v2	421	Pulse	255	5610000	5820	NA
p036v2	423	Pulse	255	5640000	5489	NA
p036v2	423	Response	100	5641220	6709	1
p036v2	425	Pulse	255	5670000	18324	NA
p036v2	427	Response	101	5689219	7213	1
p036v2	429	Pulse	255	5700000	328	NA
p036v2	430	Pulse	255	5730000	10163	NA
p036v2	431	Response	100	5747620	17617	1
p036v2	433	Pulse	255	5760000	2000	NA
p036v2	435	Pulse	255	5790000	1669	NA
p036v2	435	Response	101	5798099	9768	1
p036v2	437	Pulse	255	5820000	11504	NA
p036v2	439	Response	100	5847139	8313	1
p036v2	440	Pulse	255	5850000	2674	NA
p036v2	442	Pulse	255	5880000	2177	NA
p036v2	443	Response	101	5895620	7631	1
p036v2	445	Pulse	255	5910000	3846	NA
p036v2	447	Pulse	255	5940000	3515	NA
p036v2	447	Response	100	5946979	10494	1
p036v2	449	Pulse	255	5970000	12517	NA
p036v2	451	Pulse	255	6000000	12186	NA
p036v2	451	Response	101	6009619	21805	1
p036v2	453	Pulse	255	6030000	9856	NA
p036v2	455	Response	101	6058979	8504	1
p036v2	456	Pulse	255	6060000	859	NA
p036v2	458	Pulse	255	6090000	362	NA
p036v2	459	Response	101	6111140	11335	1
p036v2	460	Pulse	255	6120000	8697	NA
p036v2	462	Pulse	255	6150000	8200	NA
p036v2	463	Response	100	6167139	15173	1
p036v2	465	Pulse	255	6180000	2369	NA
p036v2	467	Pulse	255	6210000	2039	NA
p036v2	467	Response	101	6217858	9897	1
p036v2	469	Pulse	255	6240000	11707	NA
p036v2	471	Response	101	6268421	9797	1
p036v2	472	Pulse	255	6270000	1377	NA
p036v2	474	Pulse	255	6300000	880	NA
p036v2	475	Response	100	6318259	8973	1
p036v2	477	Pulse	255	6330000	1216	NA
p036v2	479	Pulse	255	6360000	885	NA
p036v2	479	Response	100	6371059	11944	1
p036v2	481	Pulse	255	6390000	8554	NA
p036v2	483	Picture	instruct_trial	6411777	0	1	48996	1	0	next	other	0
p036v2	483	Pulse	255	6420000	8223	NA
p036v2	483	Pulse	255	6450000	38223	NA
p036v2	483	Response	101	6460659	48882	1
p036v2	484	Pulse	255	6480000	19060	NA
p036v2	484	Response	101	6485539	24600	1
p036v2	486	Pulse	255	6510000	14063	NA
p036v2	488	Response	101	6537619	11352	1
p036v2	489	Pulse	255	6540000	2234	NA
p036v2	491	Pulse	255	6570000	1736	NA
p036v2	492	Response	100	6585059	6629	1
p036v2	494	Pulse	255	6600000	4405	NA
p036v2	496	Pulse	255	6630000	4075	NA
p036v2	496	Response	101	6633298	7373	1
p036v2	498	Pulse	255	6660000	16243	NA
p036v2	500	Response	101	6685219	11131	1
p036v2	501	Pulse	255	6690000	4580	NA
p036v2	503	Pulse	255	6720000	4082	NA
p036v2	504	Response	101	6736979	10895	1
p036v2	506	Pulse	255	6750000	2585	NA
p036v2	508	Pulse	255	6780000	2254	NA
p036v2	508	Response	100	6783219	5473	1
p036v2	510	Pulse	255	6810000	16256	NA
p036v2	512	Pulse	255	6840000	15925	NA
p036v2	512	Response	100	6851859	27784	1
p036v2	514	Pulse	255	6870000	7762	NA
p036v2	516	Response	100	6898098	5529	1
p036v2	517	Pulse	255	6900000	1765	NA
p036v2	519	Pulse	255	6930000	1267	NA
p036v2	520	Response	101	6951218	12327	1
p036v2	521	Pulse	255	6960000	8603	NA
p036v2	523	Pulse	255	6990000	8105	NA
p036v2	524	Response	101	6997379	5319	1
p036v2	526	Pulse	255	7020000	12108	NA
p036v2	528	Response	101	7046579	8355	1
p036v2	529	Pulse	255	7050000	3278	NA
p036v2	531	Pulse	255	7080000	2780	NA
p036v2	532	Response	101	7095618	8233	1
p036v2	534	Pulse	255	7110000	3949	NA
p036v2	536	Pulse	255	7140000	3619	NA
p036v2	536	Response	101	7141139	4757	1
p036v2	538	Pulse	255	7170000	18453	NA
p036v2	540	Response	100	7187059	5181	1
p036v2	542	Pulse	255	7200000	2457	NA
p036v2	544	Pulse	255	7230000	2127	NA
p036v2	544	Response	100	7244899	17025	1
p036v2	546	Pulse	255	7260000	4629	NA
p036v2	548	Pulse	255	7290000	4298	NA
p036v2	548	Response	100	7293058	7357	1
p036v2	550	Pulse	255	7320000	16466	NA
p036v2	552	Response	101	7345058	11194	1
p036v2	553	Pulse	255	7350000	4803	NA
p036v2	555	Pulse	255	7380000	4306	NA
p036v2	556	Response	101	7392819	6959	1
p036v2	558	Pulse	255	7410000	6642	NA
p036v2	560	Pulse	255	7440000	6311	NA
p036v2	560	Response	101	7440259	6570	1
p036v2	562	Pulse	255	7470000	19312	NA
p036v2	564	Response	101	7489299	8280	1
p036v2	566	Pulse	255	7500000	317	NA
p036v2	567	Pulse	255	7530000	10152	NA
p036v2	568	Response	100	7555218	25204	1
p036v2	569	Pulse	255	7560000	4655	NA
p036v2	571	Pulse	255	7590000	4157	NA
p036v2	572	Response	100	7601538	5530	1
p036v2	574	Pulse	255	7620000	7993	NA
p036v2	576	Response	100	7649218	6881	1
p036v2	577	Pulse	255	7650000	663	NA
p036v2	579	Pulse	255	7680000	166	NA
p036v2	580	Response	100	7702098	12098	1
p036v2	581	Pulse	255	7710000	7834	NA
p036v2	583	Pulse	255	7740000	7337	NA
p036v2	584	Response	101	7748258	5429	1
p036v2	586	Pulse	255	7770000	11339	NA
p036v2	588	Response	101	7795219	6227	1
p036v2	589	Pulse	255	7800000	4676	NA
p036v2	591	Pulse	255	7830000	4178	NA
p036v2	592	Response	100	7844739	8751	1
p036v2	594	Pulse	255	7860000	4847	NA
p036v2	596	Pulse	255	7890000	4517	NA
p036v2	596	Response	100	7893139	7655	1
p036v2	598	Pulse	255	7920000	16352	NA
p036v2	600	Response	101	7939938	5959	1
p036v2	601	Pulse	255	7950000	9855	NA
p036v2	603	Pulse	255	7980000	9357	NA
p036v2	604	Response	101	7988338	7530	1
p036v2	606	Pulse	255	8010000	11193	NA
p036v2	608	Response	101	8034578	5441	1
p036v2	609	Pulse	255	8040000	5363	NA
p036v2	611	Pulse	255	8070000	4865	NA
p036v2	612	Response	101	8081138	5838	1
p036v2	614	Pulse	255	8100000	8368	NA
p036v2	616	Pulse	255	8130000	8037	NA
p036v2	616	Response	100	8132018	10055	1
p036v2	618	Pulse	255	8160000	17539	NA
p036v2	620	Response	100	8178420	5628	1
p036v2	622	Pulse	255	8190000	1043	NA
p036v2	624	Pulse	255	8220000	712	NA
p036v2	624	Response	101	8223218	3930	1
p036v2	626	Pulse	255	8250000	16380	NA
p036v2	628	Response	101	8271298	7347	1
p036v2	629	Pulse	255	8280000	8550	NA
p036v2	631	Pulse	255	8310000	8053	NA
p036v2	632	Response	100	8319458	7344	1
p036v2	634	Pulse	255	8340000	10055	NA
p036v2	636	Response	100	8365938	5663	1
p036v2	637	Pulse	255	8370000	3891	NA
p036v2	639	Pulse	255	8400000	3394	NA
p036v2	640	Response	100	8412899	6127	1
p036v2	642	Pulse	255	8430000	6563	NA
p036v2	644	Pulse	255	8460000	6232	NA
p036v2	644	Response	101	8460098	6330	1
p036v2	646	Pulse	255	8490000	19400	NA
p036v2	648	Response	101	8510258	9328	1
p036v2	649	Pulse	255	8520000	9571	NA
p036v2	651	Pulse	255	8550000	9073	NA
p036v2	652	Response	100	8558498	7405	1
p036v2	654	Pulse	255	8580000	11076	NA
p036v2	656	Response	100	8606578	7323	1
p036v2	657	Pulse	255	8610000	3246	NA
p036v2	659	Pulse	255	8640000	2748	NA
p036v2	660	Response	100	8653538	6121	1
p036v2	662	Pulse	255	8670000	6084	NA
p036v2	664	Pulse	255	8700000	5753	NA
p036v2	664	Response	100	8700738	6491	1
p036v2	666	Pulse	255	8730000	18755	NA
p036v2	668	Response	101	8747298	5722	1
p036v2	670	Pulse	255	8760000	2259	NA
p036v2	672	Pulse	255	8790000	1928	NA
p036v2	672	Response	100	8794898	6825	1
p036v2	674	Pulse	255	8820000	14596	NA
p036v2	676	Response	101	8840898	5163	1
p036v2	677	Pulse	255	8850000	8932	NA
p036v2	679	Pulse	255	8880000	8435	NA
p036v2	680	Response	100	8886338	4607	1
p036v2	682	Pulse	255	8910000	13271	NA
p036v2	684	Response	101	8932658	5598	1
p036v2	685	Pulse	255	8940000	7274	NA
p036v2	687	Pulse	255	8970000	6776	NA
p036v2	688	Response	100	8979058	5668	1
p036v2	690	Pulse	255	9000000	10445	NA
p036v2	692	Response	101	9024338	4453	1
p036v2	693	Pulse	255	9030000	5615	NA
p036v2	695	Pulse	255	9060000	5118	NA
p036v2	696	Response	101	9070978	5929	1
p036v2	698	Pulse	255	9090000	8620	NA
p036v2	700	Response	101	9118898	7187	1
p036v2	701	Pulse	255	9120000	956	NA
p036v2	703	Pulse	255	9150000	459	NA
p036v2	704	Response	100	9166818	7111	1
p036v2	706	Pulse	255	9180000	2795	NA
p036v2	708	Pulse	255	9210000	2464	NA
p036v2	708	Response	101	9213857	6322	1
p036v2	710	Pulse	255	9240000	15632	NA
p036v2	712	Response	101	9261137	6439	1
p036v2	713	Pulse	255	9270000	8802	NA
p036v2	715	Pulse	255	9300000	8305	NA
p036v2	716	Response	100	9307938	6076	1
p036v2	718	Pulse	255	9330000	11640	NA
p036v2	720	Response	100	9353938	5247	1
p036v2	721	Pulse	255	9360000	5977	NA
p036v2	723	Pulse	255	9390000	5479	NA
p036v2	724	Picture	instruct_trial	9394687	0	1	40163	1	0	next	other	0
p036v2	724	Pulse	255	9420000	25313	NA
