Scenario - learning_JJ_english
Logfile written - 04/29/2022 12:09:04

Subject	Trial	Event Type	Code	Time	TTime	Uncertainty	Duration	Uncertainty	ReqTime	ReqDur	Stim Type	Pair Index

p037v2	0	Pulse	255	0	0	NA
p037v2	1	Picture	instruct_trial	10333	0	1	261644	1	0	next	other	0
p037v2	1	Pulse	255	30000	19667	NA
p037v2	1	Pulse	255	60000	49667	NA
p037v2	1	Pulse	255	90000	79667	NA
p037v2	1	Pulse	255	120000	109667	NA
p037v2	1	Pulse	255	150000	139667	NA
p037v2	1	Pulse	255	180000	169667	NA
p037v2	1	Pulse	255	210000	199667	NA
p037v2	1	Pulse	255	240000	229667	NA
p037v2	1	Pulse	255	270000	259667	NA
p037v2	1	Response	100	271789	261456	1
p037v2	1	Pulse	255	300000	289667	NA
p037v2	2	Response	100	306669	6528	1
p037v2	4	Pulse	255	330000	12860	NA
p037v2	6	Response	101	357789	10318	1
p037v2	7	Pulse	255	360000	2030	NA
p037v2	9	Pulse	255	390000	1533	NA
p037v2	10	Response	100	411468	12836	1
p037v2	11	Pulse	255	420000	8368	NA
p037v2	13	Pulse	255	450000	7871	NA
p037v2	14	Response	100	468669	16374	1
p037v2	16	Pulse	255	480000	874	NA
p037v2	18	Pulse	255	510000	544	NA
p037v2	18	Response	101	523628	14172	1
p037v2	20	Pulse	255	540000	5879	NA
p037v2	22	Pulse	255	570000	5382	NA
p037v2	22	Response	101	581549	16930	1
p037v2	24	Pulse	255	600000	8051	NA
p037v2	26	Pulse	255	630000	7720	NA
p037v2	26	Response	101	635549	13269	1
p037v2	28	Pulse	255	660000	14056	NA
p037v2	30	Response	100	681629	5353	1
p037v2	31	Pulse	255	690000	8225	NA
p037v2	33	Pulse	255	720000	7728	NA
p037v2	34	Response	100	734828	12391	1
p037v2	36	Pulse	255	750000	4731	NA
p037v2	38	Pulse	255	780000	4400	NA
p037v2	38	Response	100	787068	11468	1
p037v2	40	Pulse	255	810000	12402	NA
p037v2	42	Pulse	255	840000	12071	NA
p037v2	42	Response	100	848028	20100	1
p037v2	44	Pulse	255	870000	11574	NA
p037v2	46	Response	101	895389	6632	1
p037v2	47	Pulse	255	900000	4411	NA
p037v2	49	Pulse	255	930000	3913	NA
p037v2	50	Response	100	949868	13616	1
p037v2	51	Pulse	255	960000	10082	NA
p037v2	53	Pulse	255	990000	9585	NA
p037v2	54	Response	100	1001708	11127	1
p037v2	56	Pulse	255	1020000	7754	NA
p037v2	58	Pulse	255	1050000	7423	NA
p037v2	58	Response	100	1061548	18972	1
p037v2	60	Pulse	255	1080000	7926	NA
p037v2	62	Pulse	255	1110000	7595	NA
p037v2	62	Response	101	1119548	17143	1
p037v2	64	Pulse	255	1140000	9931	NA
p037v2	66	Response	101	1169548	9148	1
p037v2	67	Pulse	255	1170000	268	NA
p037v2	68	Pulse	255	1200000	19935	NA
p037v2	70	Response	100	1217068	6672	1
p037v2	72	Pulse	255	1230000	2439	NA
p037v2	74	Pulse	255	1260000	2109	NA
p037v2	74	Response	100	1264668	6777	1
p037v2	76	Pulse	255	1290000	14944	NA
p037v2	78	Response	100	1310988	5601	1
p037v2	79	Pulse	255	1320000	8947	NA
p037v2	81	Pulse	255	1350000	8449	NA
p037v2	82	Response	101	1356588	4871	1
p037v2	84	Pulse	255	1380000	12951	NA
p037v2	86	Response	101	1401228	3849	1
p037v2	87	Pulse	255	1410000	8621	NA
p037v2	89	Pulse	255	1440000	8124	NA
p037v2	90	Response	100	1451627	9585	1
p037v2	92	Pulse	255	1470000	7960	NA
p037v2	94	Pulse	255	1500000	7629	NA
p037v2	94	Response	101	1503388	11017	1
p037v2	96	Pulse	255	1530000	16131	NA
p037v2	98	Response	101	1550748	6548	1
p037v2	99	Pulse	255	1560000	9134	NA
p037v2	101	Pulse	255	1590000	8637	NA
p037v2	102	Response	100	1597548	6019	1
p037v2	104	Pulse	255	1620000	11972	NA
p037v2	106	Pulse	255	1650000	11642	NA
p037v2	106	Response	101	1655947	17589	1
p037v2	108	Pulse	255	1680000	13644	NA
p037v2	110	Response	101	1702747	6061	1
p037v2	111	Pulse	255	1710000	7147	NA
p037v2	113	Pulse	255	1740000	6650	NA
p037v2	114	Response	100	1757388	13872	1
p037v2	116	Pulse	255	1770000	2153	NA
p037v2	118	Pulse	255	1800000	1822	NA
p037v2	118	Response	100	1803947	5769	1
p037v2	120	Pulse	255	1830000	15657	NA
p037v2	122	Pulse	255	1860000	15326	NA
p037v2	122	Response	101	1863787	19113	1
p037v2	124	Pulse	255	1890000	15829	NA
p037v2	126	Response	100	1908507	4005	1
p037v2	128	Pulse	255	1920000	999	NA
p037v2	130	Pulse	255	1950000	669	NA
p037v2	130	Response	100	1955787	6455	1
p037v2	132	Pulse	255	1980000	13837	NA
p037v2	134	Response	101	2004587	8093	1
p037v2	135	Pulse	255	2010000	5340	NA
p037v2	137	Pulse	255	2040000	4843	NA
p037v2	138	Response	101	2049547	4224	1
p037v2	140	Pulse	255	2070000	10012	NA
p037v2	142	Response	100	2095708	5389	1
p037v2	143	Pulse	255	2100000	4181	NA
p037v2	145	Pulse	255	2130000	3684	NA
p037v2	146	Response	100	2152187	15705	1
p037v2	147	Pulse	255	2160000	7686	NA
p037v2	149	Pulse	255	2190000	7189	NA
p037v2	150	Response	101	2198827	5850	1
p037v2	152	Pulse	255	2220000	10691	NA
p037v2	152	Response	101	2221707	12398	1
p037v2	152	Response	101	2224186	14878	1
p037v2	152	Response	101	2226267	16959	1
p037v2	152	Response	101	2228106	18798	1
p037v2	153	Response	101	2229867	393	1
p037v2	154	Pulse	255	2250000	10361	NA
p037v2	154	Response	101	2250027	10387	1
p037v2	156	Pulse	255	2280000	19529	NA
p037v2	158	Response	101	2296107	5305	1
p037v2	160	Pulse	255	2310000	3366	NA
p037v2	162	Pulse	255	2340000	3036	NA
p037v2	162	Response	100	2342906	5942	1
p037v2	164	Pulse	255	2370000	16707	NA
p037v2	166	Response	101	2398027	14400	1
p037v2	167	Pulse	255	2400000	1874	NA
p037v2	169	Pulse	255	2430000	1377	NA
p037v2	170	Response	101	2447626	8837	1
p037v2	172	Pulse	255	2460000	1880	NA
p037v2	174	Pulse	255	2490000	1549	NA
p037v2	174	Response	100	2494347	5896	1
p037v2	176	Pulse	255	2520000	15217	NA
p037v2	178	Response	100	2542426	7313	1
p037v2	179	Pulse	255	2550000	7387	NA
p037v2	181	Pulse	255	2580000	6890	NA
p037v2	182	Response	101	2587946	4670	1
p037v2	184	Pulse	255	2610000	11558	NA
p037v2	186	Pulse	255	2640000	11228	NA
p037v2	186	Response	101	2646586	17814	1
p037v2	188	Pulse	255	2670000	12897	NA
p037v2	190	Response	101	2697786	10353	1
p037v2	191	Pulse	255	2700000	2067	NA
p037v2	193	Pulse	255	2730000	1570	NA
p037v2	194	Response	100	2744666	6070	1
p037v2	196	Pulse	255	2760000	4905	NA
p037v2	198	Pulse	255	2790000	4575	NA
p037v2	198	Response	101	2790186	4761	1
p037v2	200	Response	101	2814586	13996	1
p037v2	200	Pulse	255	2820000	19409	NA
p037v2	202	Response	101	2848026	17105	1
p037v2	203	Pulse	255	2850000	1914	NA
p037v2	205	Pulse	255	2880000	1416	NA
p037v2	206	Response	101	2895229	6479	1
p037v2	208	Pulse	255	2910000	4252	NA
p037v2	210	Pulse	255	2940000	3921	NA
p037v2	210	Response	100	2941386	5307	1
p037v2	212	Pulse	255	2970000	18089	NA
p037v2	214	Response	100	2986586	4344	1
p037v2	216	Pulse	255	3000000	2926	NA
p037v2	218	Pulse	255	3030000	2596	NA
p037v2	218	Response	101	3044586	17181	1
p037v2	220	Pulse	255	3060000	4931	NA
p037v2	222	Pulse	255	3090000	4601	NA
p037v2	222	Response	101	3090666	5267	1
p037v2	224	Pulse	255	3120000	18935	NA
p037v2	226	Response	100	3135146	3751	1
p037v2	228	Pulse	255	3150000	4439	NA
p037v2	230	Pulse	255	3180000	4109	NA
p037v2	230	Response	100	3182586	6694	1
p037v2	232	Pulse	255	3210000	16943	NA
p037v2	234	Response	100	3235946	12559	1
p037v2	235	Pulse	255	3240000	3947	NA
p037v2	236	Response	101	3255545	9160	1
p037v2	236	Response	100	3258905	12520	1
p037v2	237	Pulse	255	3270000	3450	NA
p037v2	238	Response	101	3281626	4910	1
p037v2	240	Pulse	255	3300000	7952	NA
p037v2	242	Picture	instruct_trial	3322379	0	1	22498	1	0	next	other	0
p037v2	242	Pulse	255	3330000	7621	NA
p037v2	242	Response	101	3344746	22367	1
p037v2	243	Pulse	255	3360000	14957	NA
p037v2	243	Response	101	3361785	16742	1
p037v2	245	Pulse	255	3390000	17792	NA
p037v2	247	Response	100	3419465	16927	1
p037v2	248	Pulse	255	3420000	463	NA
p037v2	249	Pulse	255	3450000	20131	NA
p037v2	251	Response	101	3479065	18865	1
p037v2	252	Pulse	255	3480000	802	NA
p037v2	254	Pulse	255	3510000	304	NA
p037v2	255	Response	101	3526906	7044	1
p037v2	256	Response	100	3529706	2678	1
p037v2	256	Response	100	3532105	5077	1
p037v2	257	Pulse	255	3540000	2640	NA
p037v2	259	Pulse	255	3570000	2309	NA
p037v2	259	Response	100	3575465	7775	1
p037v2	261	Pulse	255	3600000	14144	NA
p037v2	263	Pulse	255	3630000	13814	NA
p037v2	263	Response	100	3638585	22399	1
p037v2	265	Pulse	255	3660000	10983	NA
p037v2	267	Response	101	3686025	6677	1
p037v2	268	Pulse	255	3690000	3820	NA
p037v2	270	Pulse	255	3720000	3322	NA
p037v2	271	Response	101	3738585	11742	1
p037v2	273	Pulse	255	3750000	992	NA
p037v2	275	Pulse	255	3780000	661	NA
p037v2	275	Response	101	3783387	4048	1
p037v2	277	Pulse	255	3810000	16162	NA
p037v2	279	Response	100	3829865	5697	1
p037v2	280	Pulse	255	3840000	9999	NA
p037v2	282	Pulse	255	3870000	9501	NA
p037v2	283	Response	100	3874824	4160	1
p037v2	285	Pulse	255	3900000	14670	NA
p037v2	287	Response	101	3928105	12445	1
p037v2	288	Pulse	255	3930000	1841	NA
p037v2	290	Pulse	255	3960000	1343	NA
p037v2	291	Response	100	3979145	10322	1
p037v2	293	Pulse	255	3990000	346	NA
p037v2	295	Pulse	255	4020000	15	NA
p037v2	295	Response	100	4029065	9080	1
p037v2	297	Pulse	255	4050000	10517	NA
p037v2	299	Pulse	255	4080000	10186	NA
p037v2	299	Response	101	4085865	16051	1
p037v2	301	Pulse	255	4110000	13689	NA
p037v2	303	Response	101	4137065	10422	1
p037v2	304	Pulse	255	4140000	2859	NA
p037v2	306	Pulse	255	4170000	2361	NA
p037v2	307	Response	101	4188104	10300	1
p037v2	309	Pulse	255	4200000	1364	NA
p037v2	311	Pulse	255	4230000	1033	NA
p037v2	311	Response	100	4232425	3458	1
p037v2	313	Pulse	255	4260000	17035	NA
p037v2	315	Pulse	255	4290000	16704	NA
p037v2	315	Response	101	4291226	17930	1
p037v2	317	Pulse	255	4320000	18373	NA
p037v2	319	Response	100	4336984	5027	1
p037v2	321	Pulse	255	4350000	2544	NA
p037v2	323	Pulse	255	4380000	2213	NA
p037v2	323	Response	100	4384184	6397	1
p037v2	325	Pulse	255	4410000	15381	NA
p037v2	327	Response	101	4432264	7314	1
p037v2	328	Pulse	255	4440000	7551	NA
p037v2	330	Pulse	255	4470000	7054	NA
p037v2	331	Response	101	4487624	14512	1
p037v2	333	Pulse	255	4500000	1890	NA
p037v2	335	Pulse	255	4530000	1572	NA
p037v2	335	Response	101	4547384	18956	1
p037v2	337	Pulse	255	4560000	2229	NA
p037v2	339	Pulse	255	4590000	1898	NA
p037v2	339	Response	101	4594263	6161	1
p037v2	341	Pulse	255	4620000	15233	NA
p037v2	343	Response	100	4638664	3566	1
p037v2	345	Pulse	255	4650000	903	NA
p037v2	347	Pulse	255	4680000	573	NA
p037v2	347	Response	101	4693225	13797	1
p037v2	349	Pulse	255	4710000	6241	NA
p037v2	351	Pulse	255	4740000	5911	NA
p037v2	351	Response	101	4741224	7135	1
p037v2	353	Pulse	255	4770000	18246	NA
p037v2	355	Pulse	255	4800000	17915	NA
p037v2	355	Response	100	4800264	18179	1
p037v2	357	Pulse	255	4830000	19251	NA
p037v2	359	Response	100	4846184	5104	1
p037v2	361	Pulse	255	4860000	3421	NA
p037v2	363	Pulse	255	4890000	3091	NA
p037v2	363	Response	100	4890904	3994	1
p037v2	365	Pulse	255	4920000	18592	NA
p037v2	367	Response	100	4949704	17965	1
p037v2	368	Pulse	255	4950000	96	NA
p037v2	369	Pulse	255	4980000	19764	NA
p037v2	371	Response	100	4994984	4417	1
p037v2	373	Pulse	255	5010000	4601	NA
p037v2	375	Response	101	5038664	2934	1
p037v2	376	Pulse	255	5040000	1270	NA
p037v2	378	Pulse	255	5070000	773	NA
p037v2	379	Response	101	5096184	16791	1
p037v2	380	Pulse	255	5100000	3609	NA
p037v2	382	Pulse	255	5130000	3111	NA
p037v2	383	Response	100	5142744	5689	1
p037v2	385	Pulse	255	5160000	6780	NA
p037v2	387	Response	101	5188663	5113	1
p037v2	388	Pulse	255	5190000	1284	NA
p037v2	390	Pulse	255	5220000	786	NA
p037v2	391	Response	101	5244664	15284	1
p037v2	392	Pulse	255	5250000	5288	NA
p037v2	394	Pulse	255	5280000	4791	NA
p037v2	395	Response	100	5289544	4169	1
p037v2	397	Pulse	255	5310000	9960	NA
p037v2	399	Response	101	5336903	6532	1
p037v2	400	Pulse	255	5340000	2963	NA
p037v2	402	Pulse	255	5370000	2466	NA
p037v2	403	Response	100	5389783	12083	1
p037v2	404	Pulse	255	5400000	10134	NA
p037v2	406	Pulse	255	5430000	9637	NA
p037v2	407	Response	100	5435703	5174	1
p037v2	409	Pulse	255	5460000	13806	NA
p037v2	411	Pulse	255	5490000	13475	NA
p037v2	411	Response	101	5493143	16618	1
p037v2	413	Pulse	255	5520000	16478	NA
p037v2	415	Response	101	5538663	4810	1
p037v2	417	Pulse	255	5550000	815	NA
p037v2	419	Pulse	255	5580000	484	NA
p037v2	419	Response	100	5607383	27867	1
p037v2	420	Pulse	255	5610000	2487	NA
p037v2	422	Pulse	255	5640000	1989	NA
p037v2	423	Response	101	5656823	8646	1
p037v2	425	Pulse	255	5670000	2658	NA
p037v2	427	Pulse	255	5700000	2328	NA
p037v2	427	Response	100	5701623	3951	1
p037v2	429	Pulse	255	5730000	17996	NA
p037v2	431	Response	100	5757463	15128	1
p037v2	432	Pulse	255	5760000	2333	NA
p037v2	434	Pulse	255	5790000	1836	NA
p037v2	435	Response	100	5809063	10732	1
p037v2	437	Pulse	255	5820000	505	NA
p037v2	439	Pulse	255	5850000	174	NA
p037v2	439	Response	100	5852422	2596	1
p037v2	441	Pulse	255	5880000	17175	NA
p037v2	443	Response	100	5905382	12227	1
p037v2	444	Pulse	255	5910000	4512	NA
p037v2	446	Pulse	255	5940000	4015	NA
p037v2	447	Pulse	255	5970000	23849	NA
p037v2	447	Response	101	5975062	28911	1
p037v2	449	Pulse	255	6000000	14519	NA
p037v2	451	Response	100	6024262	8451	1
p037v2	452	Pulse	255	6030000	5689	NA
p037v2	454	Pulse	255	6060000	5192	NA
p037v2	455	Response	100	6071623	6649	1
p037v2	457	Pulse	255	6090000	7861	NA
p037v2	459	Response	101	6119622	7152	1
p037v2	460	Pulse	255	6120000	198	NA
p037v2	461	Pulse	255	6150000	19865	NA
p037v2	463	Response	100	6163782	3317	1
p037v2	465	Pulse	255	6180000	5702	NA
p037v2	467	Pulse	255	6210000	5372	NA
p037v2	467	Response	100	6213302	8674	1
p037v2	469	Pulse	255	6240000	16207	NA
p037v2	471	Response	100	6267702	13578	1
p037v2	472	Pulse	255	6270000	2211	NA
p037v2	474	Pulse	255	6300000	1713	NA
p037v2	475	Response	101	6314662	6209	1
p037v2	477	Pulse	255	6330000	4882	NA
p037v2	479	Pulse	255	6360000	4552	NA
p037v2	479	Response	101	6364502	9054	1
p037v2	481	Pulse	255	6390000	15053	NA
p037v2	483	Picture	instruct_trial	6405277	0	1	28164	1	0	next	other	0
p037v2	483	Pulse	255	6420000	14723	NA
p037v2	483	Response	101	6433302	28025	1
p037v2	484	Pulse	255	6450000	16392	NA
p037v2	484	Response	100	6478342	44733	1
p037v2	485	Pulse	255	6480000	1562	NA
p037v2	487	Pulse	255	6510000	1065	NA
p037v2	488	Response	101	6538741	19641	1
p037v2	489	Pulse	255	6540000	1067	NA
p037v2	491	Pulse	255	6570000	570	NA
p037v2	492	Pulse	255	6600000	20404	NA
p037v2	492	Response	100	6604902	25306	1
p037v2	494	Pulse	255	6630000	14574	NA
p037v2	496	Pulse	255	6660000	14243	NA
p037v2	496	Response	100	6664502	18745	1
p037v2	498	Pulse	255	6690000	15079	NA
p037v2	500	Response	100	6713462	8210	1
p037v2	501	Pulse	255	6720000	6416	NA
p037v2	503	Pulse	255	6750000	5919	NA
p037v2	504	Response	100	6765061	10814	1
p037v2	506	Pulse	255	6780000	4421	NA
p037v2	508	Pulse	255	6810000	4091	NA
p037v2	508	Response	101	6812902	6992	1
p037v2	510	Pulse	255	6840000	16592	NA
p037v2	512	Response	100	6860021	6283	1
p037v2	513	Pulse	255	6870000	9929	NA
p037v2	515	Pulse	255	6900000	9431	NA
p037v2	516	Response	101	6918421	17687	1
p037v2	518	Pulse	255	6930000	1101	NA
p037v2	520	Pulse	255	6960000	771	NA
p037v2	520	Response	100	6979942	20712	1
p037v2	521	Pulse	255	6990000	9939	NA
p037v2	523	Pulse	255	7020000	9442	NA
p037v2	524	Response	100	7026662	5938	1
p037v2	526	Pulse	255	7050000	12944	NA
p037v2	528	Pulse	255	7080000	12613	NA
p037v2	528	Response	100	7092821	25435	1
p037v2	529	Response	101	7093301	417	1
p037v2	530	Pulse	255	7110000	6783	NA
p037v2	532	Pulse	255	7140000	6453	NA
p037v2	532	Response	101	7159461	25914	1
p037v2	534	Pulse	255	7170000	122	NA
p037v2	535	Pulse	255	7200000	9957	NA
p037v2	536	Response	100	7208021	7813	1
p037v2	538	Pulse	255	7230000	11460	NA
p037v2	540	Response	101	7255621	6750	1
p037v2	541	Pulse	255	7260000	4296	NA
p037v2	543	Pulse	255	7290000	3799	NA
p037v2	544	Response	100	7307541	11174	1
p037v2	546	Pulse	255	7320000	1969	NA
p037v2	548	Pulse	255	7350000	1638	NA
p037v2	548	Response	101	7360341	11979	1
p037v2	550	Pulse	255	7380000	9140	NA
p037v2	552	Response	100	7404981	3790	1
p037v2	553	Pulse	255	7410000	4809	NA
p037v2	554	Response	101	7424021	8498	1
p037v2	554	Response	100	7427941	12418	1
p037v2	555	Pulse	255	7440000	4312	NA
p037v2	556	Response	100	7453701	7847	1
p037v2	558	Pulse	255	7470000	5815	NA
p037v2	560	Pulse	255	7500000	5484	NA
p037v2	560	Response	101	7500981	6465	1
p037v2	562	Pulse	255	7530000	18485	NA
p037v2	564	Response	100	7549861	8015	1
p037v2	565	Pulse	255	7560000	9989	NA
p037v2	567	Pulse	255	7590000	9491	NA
p037v2	568	Response	101	7595461	4786	1
p037v2	570	Pulse	255	7620000	14160	NA
p037v2	572	Response	100	7639700	3529	1
p037v2	573	Pulse	255	7650000	10163	NA
p037v2	575	Pulse	255	7680000	9666	NA
p037v2	576	Response	100	7684980	4480	1
p037v2	578	Pulse	255	7710000	14501	NA
p037v2	580	Response	101	7737940	12111	1
p037v2	581	Pulse	255	7740000	2005	NA
p037v2	583	Pulse	255	7770000	1508	NA
p037v2	584	Response	100	7782340	3682	1
p037v2	586	Pulse	255	7800000	7176	NA
p037v2	588	Response	100	7827301	4146	1
p037v2	589	Response	101	7829620	2133	1
p037v2	589	Pulse	255	7830000	2513	NA
p037v2	591	Pulse	255	7860000	2015	NA
p037v2	592	Response	100	7883381	15230	1
p037v2	593	Pulse	255	7890000	6518	NA
p037v2	595	Pulse	255	7920000	6020	NA
p037v2	596	Response	100	7933940	9794	1
p037v2	598	Pulse	255	7950000	5523	NA
p037v2	600	Pulse	255	7980000	5192	NA
p037v2	600	Response	101	7985860	11053	1
p037v2	602	Pulse	255	8010000	13694	NA
p037v2	604	Pulse	255	8040000	13363	NA
p037v2	604	Response	101	8040420	13783	1
p037v2	606	Pulse	255	8070000	19199	NA
p037v2	608	Response	101	8091300	10168	1
p037v2	609	Pulse	255	8100000	8536	NA
p037v2	611	Pulse	255	8130000	8038	NA
p037v2	612	Response	101	8136980	4852	1
p037v2	614	Pulse	255	8160000	12541	NA
p037v2	616	Pulse	255	8190000	12210	NA
p037v2	616	Response	101	8195061	17270	1
p037v2	618	Pulse	255	8220000	14546	NA
p037v2	620	Response	100	8245300	9515	1
p037v2	621	Pulse	255	8250000	4549	NA
p037v2	623	Pulse	255	8280000	4052	NA
p037v2	624	Response	100	8292740	6625	1
p037v2	626	Pulse	255	8310000	6721	NA
p037v2	628	Pulse	255	8340000	6390	NA
p037v2	628	Response	101	8341300	7690	1
p037v2	630	Pulse	255	8370000	18225	NA
p037v2	632	Response	100	8390740	8634	1
p037v2	633	Pulse	255	8400000	9062	NA
p037v2	635	Pulse	255	8430000	8564	NA
p037v2	636	Response	100	8443940	12338	1
p037v2	638	Pulse	255	8460000	5567	NA
p037v2	640	Pulse	255	8490000	5237	NA
p037v2	640	Response	100	8496580	11816	1
p037v2	642	Pulse	255	8520000	12905	NA
p037v2	644	Response	100	8547700	10274	1
p037v2	645	Pulse	255	8550000	2242	NA
p037v2	647	Pulse	255	8580000	1745	NA
p037v2	648	Response	101	8601780	13359	1
p037v2	649	Pulse	255	8610000	8080	NA
p037v2	651	Pulse	255	8640000	7583	NA
p037v2	652	Response	101	8647940	5356	1
p037v2	654	Pulse	255	8670000	11585	NA
p037v2	656	Response	100	8695700	6954	1
p037v2	657	Pulse	255	8700000	4255	NA
p037v2	659	Pulse	255	8730000	3758	NA
p037v2	660	Response	101	8743540	7131	1
p037v2	661	Response	100	8749699	5958	1
p037v2	662	Pulse	255	8760000	5927	NA
p037v2	664	Pulse	255	8790000	5596	NA
p037v2	664	Response	100	8790900	6496	1
p037v2	666	Pulse	255	8820000	18597	NA
p037v2	668	Response	101	8841699	9965	1
p037v2	669	Pulse	255	8850000	8101	NA
p037v2	671	Pulse	255	8880000	7604	NA
p037v2	672	Response	100	8888019	5457	1
p037v2	674	Pulse	255	8910000	11439	NA
p037v2	676	Response	101	8936019	7128	1
p037v2	677	Pulse	255	8940000	3776	NA
p037v2	679	Pulse	255	8970000	3278	NA
p037v2	680	Response	100	8984099	7212	1
p037v2	682	Pulse	255	9000000	5447	NA
p037v2	684	Pulse	255	9030000	5117	NA
p037v2	684	Response	101	9030258	5375	1
p037v2	686	Pulse	255	9060000	19285	NA
p037v2	688	Response	100	9080019	8973	1
p037v2	689	Pulse	255	9090000	9788	NA
p037v2	691	Pulse	255	9120000	9291	NA
p037v2	692	Response	100	9128099	7224	1
p037v2	694	Pulse	255	9150000	11460	NA
p037v2	696	Response	101	9172018	3148	1
p037v2	697	Pulse	255	9180000	7796	NA
p037v2	699	Pulse	255	9210000	7299	NA
p037v2	700	Response	101	9221298	8431	1
p037v2	702	Pulse	255	9240000	8301	NA
p037v2	704	Response	101	9265218	3189	1
p037v2	705	Pulse	255	9270000	4638	NA
p037v2	707	Pulse	255	9300000	4140	NA
p037v2	708	Response	100	9319699	13673	1
p037v2	709	Pulse	255	9330000	10142	NA
p037v2	711	Pulse	255	9360000	9645	NA
p037v2	712	Response	101	9374978	14457	1
p037v2	714	Pulse	255	9390000	4481	NA
p037v2	716	Response	100	9418738	2889	1
p037v2	717	Pulse	255	9420000	1151	NA
p037v2	719	Pulse	255	9450000	654	NA
p037v2	720	Response	100	9466898	7386	1
p037v2	722	Pulse	255	9480000	2656	NA
p037v2	724	Picture	instruct_trial	9507675	0	1	40163	1	0	next	other	0
p037v2	724	Pulse	255	9510000	2325	NA
p037v2	724	Pulse	255	9540000	32325	NA
