Scenario - learning_JJ_english
Logfile written - 04/26/2022 11:42:09

Subject	Trial	Event Type	Code	Time	TTime	Uncertainty	Duration	Uncertainty	ReqTime	ReqDur	Stim Type	Pair Index

p038	0	Pulse	255	0	0	NA
p038	1	Picture	instruct_trial	10500	0	1	1538865	1	0	next	other	0
p038	1	Pulse	255	30000	19500	NA
p038	1	Pulse	255	60000	49500	NA
p038	1	Pulse	255	90000	79500	NA
p038	1	Pulse	255	120000	109500	NA
p038	1	Pulse	255	150000	139500	NA
p038	1	Pulse	255	180000	169500	NA
p038	1	Pulse	255	210000	199500	NA
p038	1	Pulse	255	240000	229500	NA
p038	1	Pulse	255	270000	259500	NA
p038	1	Pulse	255	300000	289500	NA
p038	1	Pulse	255	330000	319500	NA
p038	1	Pulse	255	360000	349500	NA
p038	1	Pulse	255	390000	379500	NA
p038	1	Pulse	255	420000	409500	NA
p038	1	Pulse	255	450000	439500	NA
p038	1	Pulse	255	480000	469500	NA
p038	1	Pulse	255	510000	499500	NA
p038	1	Pulse	255	540000	529500	NA
p038	1	Pulse	255	570000	559500	NA
p038	1	Pulse	255	600000	589500	NA
p038	1	Pulse	255	630000	619500	NA
p038	1	Pulse	255	660000	649500	NA
p038	1	Pulse	255	690000	679500	NA
p038	1	Pulse	255	720000	709500	NA
p038	1	Pulse	255	750000	739500	NA
p038	1	Pulse	255	780000	769500	NA
p038	1	Pulse	255	810000	799500	NA
p038	1	Pulse	255	840000	829500	NA
p038	1	Pulse	255	870000	859500	NA
p038	1	Pulse	255	900000	889500	NA
p038	1	Pulse	255	930000	919500	NA
p038	1	Pulse	255	960000	949500	NA
p038	1	Pulse	255	990000	979500	NA
p038	1	Pulse	255	1020000	1009500	NA
p038	1	Pulse	255	1050000	1039500	NA
p038	1	Pulse	255	1080000	1069500	NA
p038	1	Pulse	255	1110000	1099500	NA
p038	1	Pulse	255	1140000	1129500	NA
p038	1	Pulse	255	1170000	1159500	NA
p038	1	Pulse	255	1200000	1189500	NA
p038	1	Pulse	255	1230000	1219500	NA
p038	1	Pulse	255	1260000	1249500	NA
p038	1	Pulse	255	1290000	1279500	NA
p038	1	Pulse	255	1320000	1309500	NA
p038	1	Pulse	255	1350000	1339500	NA
p038	1	Pulse	255	1380000	1369500	NA
p038	1	Pulse	255	1410000	1399500	NA
p038	1	Pulse	255	1440000	1429500	NA
p038	1	Pulse	255	1470000	1459500	NA
p038	1	Pulse	255	1500000	1489500	NA
p038	1	Pulse	255	1530000	1519500	NA
p038	1	Response	101	1549236	1538737	1
p038	1	Pulse	255	1560000	1549500	NA
p038	2	Pulse	255	1590000	29803	NA
p038	2	Pulse	255	1620000	59803	NA
p038	2	Response	101	1626116	65919	1
p038	4	Pulse	255	1650000	13476	NA
p038	6	Response	100	1678516	11662	1
p038	7	Pulse	255	1680000	1313	NA
p038	9	Pulse	255	1710000	650	NA
p038	10	Response	100	1734196	14680	1
p038	11	Pulse	255	1740000	5652	NA
p038	13	Pulse	255	1770000	4988	NA
p038	14	Response	100	1796356	21178	1
p038	15	Pulse	255	1800000	3491	NA
p038	17	Pulse	255	1830000	2993	NA
p038	18	Response	101	1854436	17263	1
p038	19	Pulse	255	1860000	5496	NA
p038	21	Pulse	255	1890000	4998	NA
p038	22	Response	100	1913236	17902	1
p038	23	Pulse	255	1920000	6667	NA
p038	25	Pulse	255	1950000	6170	NA
p038	26	Response	101	1968435	14440	1
p038	28	Pulse	255	1980000	1173	NA
p038	30	Pulse	255	2010000	843	NA
p038	30	Response	101	2024276	15118	1
p038	32	Pulse	255	2040000	5345	NA
p038	34	Pulse	255	2070000	5014	NA
p038	34	Response	101	2085235	20249	1
p038	36	Pulse	255	2100000	4350	NA
p038	38	Pulse	255	2130000	4019	NA
p038	38	Response	100	2143635	17655	1
p038	40	Pulse	255	2160000	5855	NA
p038	42	Pulse	255	2190000	5525	NA
p038	42	Response	101	2194274	9799	1
p038	44	Pulse	255	2220000	15193	NA
p038	46	Pulse	255	2250000	14862	NA
p038	46	Response	101	2262035	26897	1
p038	48	Pulse	255	2280000	7532	NA
p038	50	Pulse	255	2310000	7202	NA
p038	50	Response	100	2314835	12037	1
p038	52	Pulse	255	2340000	14704	NA
p038	54	Pulse	255	2370000	14373	NA
p038	54	Response	100	2384755	29128	1
p038	56	Pulse	255	2400000	4710	NA
p038	58	Pulse	255	2430000	4379	NA
p038	58	Pulse	255	2460000	34379	NA
p038	58	Response	100	2478595	52974	1
p038	60	Pulse	255	2490000	885	NA
p038	62	Pulse	255	2520000	554	NA
p038	62	Response	101	2530675	11229	1
p038	64	Pulse	255	2550000	8889	NA
p038	66	Pulse	255	2580000	8559	NA
p038	66	Response	101	2588594	17153	1
p038	68	Pulse	255	2610000	10894	NA
p038	70	Pulse	255	2640000	10564	NA
p038	70	Pulse	255	2670000	40564	NA
p038	70	Response	101	2672434	42998	1
p038	72	Pulse	255	2700000	17068	NA
p038	74	Pulse	255	2730000	16738	NA
p038	74	Pulse	255	2760000	46738	NA
p038	74	Pulse	255	2790000	76738	NA
p038	74	Pulse	255	2820000	106738	NA
p038	74	Pulse	255	2850000	136738	NA
p038	74	Response	100	2864514	151251	1
p038	76	Pulse	255	2880000	5085	NA
p038	78	Pulse	255	2910000	4755	NA
p038	78	Response	100	2922274	17028	1
p038	80	Pulse	255	2940000	7257	NA
p038	82	Pulse	255	2970000	6926	NA
p038	82	Response	100	2986673	23600	1
p038	84	Pulse	255	3000000	2929	NA
p038	86	Pulse	255	3030000	2599	NA
p038	86	Response	101	3044673	17272	1
p038	88	Pulse	255	3060000	4934	NA
p038	90	Pulse	255	3090000	4604	NA
p038	90	Response	101	3109633	24237	1
p038	91	Pulse	255	3120000	10273	NA
p038	93	Pulse	255	3150000	9775	NA
p038	94	Response	100	3158913	8522	1
p038	96	Pulse	255	3180000	10611	NA
p038	98	Pulse	255	3210000	10280	NA
p038	98	Response	101	3212273	12554	1
p038	100	Pulse	255	3240000	17282	NA
p038	102	Response	100	3263233	10185	1
p038	103	Pulse	255	3270000	6619	NA
p038	105	Pulse	255	3300000	6122	NA
p038	106	Pulse	255	3330000	25956	NA
p038	106	Pulse	255	3360000	55956	NA
p038	106	Response	100	3376993	72949	1
p038	108	Pulse	255	3390000	2630	NA
p038	110	Pulse	255	3420000	2300	NA
p038	110	Response	101	3428832	11132	1
p038	112	Pulse	255	3450000	10635	NA
p038	114	Pulse	255	3480000	10304	NA
p038	114	Response	101	3496752	27057	1
p038	116	Pulse	255	3510000	2807	NA
p038	118	Pulse	255	3540000	2477	NA
p038	118	Response	100	3548352	10829	1
p038	120	Pulse	255	3570000	11145	NA
p038	122	Pulse	255	3600000	10815	NA
p038	122	Response	100	3617313	28127	1
p038	124	Pulse	255	3630000	2151	NA
p038	126	Pulse	255	3660000	1821	NA
p038	126	Pulse	255	3690000	31821	NA
p038	126	Response	100	3696032	37852	1
p038	128	Pulse	255	3720000	13492	NA
p038	130	Response	100	3746352	9513	1
p038	131	Pulse	255	3750000	3495	NA
p038	133	Pulse	255	3780000	2998	NA
p038	134	Response	101	3802672	15504	1
p038	135	Pulse	255	3810000	7167	NA
p038	137	Pulse	255	3840000	6669	NA
p038	138	Pulse	255	3870000	26504	NA
p038	138	Response	101	3880435	36938	1
p038	140	Pulse	255	3900000	9174	NA
p038	142	Pulse	255	3930000	8844	NA
p038	142	Response	100	3933071	11915	1
p038	144	Pulse	255	3960000	16512	NA
p038	146	Pulse	255	3990000	16182	NA
p038	146	Response	100	3997231	23413	1
p038	148	Pulse	255	4020000	12351	NA
p038	150	Pulse	255	4050000	12021	NA
p038	150	Response	101	4051071	13092	1
p038	152	Pulse	255	4080000	18523	NA
p038	154	Response	101	4107231	15424	1
p038	155	Pulse	255	4110000	2693	NA
p038	157	Pulse	255	4140000	2196	NA
p038	158	Response	101	4159631	11661	1
p038	159	Pulse	255	4170000	10198	NA
p038	161	Pulse	255	4200000	9701	NA
p038	162	Response	100	4221471	21006	1
p038	163	Pulse	255	4230000	8370	NA
p038	165	Pulse	255	4260000	7873	NA
p038	166	Response	101	4287871	25578	1
p038	167	Pulse	255	4290000	2043	NA
p038	169	Pulse	255	4320000	1545	NA
p038	170	Response	101	4338111	9498	1
p038	172	Pulse	255	4350000	1381	NA
p038	174	Pulse	255	4380000	1051	NA
p038	174	Response	101	4405230	26281	1
p038	175	Pulse	255	4410000	4720	NA
p038	177	Pulse	255	4440000	4222	NA
p038	178	Response	100	4461470	15526	1
p038	179	Pulse	255	4470000	8391	NA
p038	181	Pulse	255	4500000	7894	NA
p038	182	Response	101	4508910	6639	1
p038	184	Pulse	255	4530000	10563	NA
p038	186	Pulse	255	4560000	10232	NA
p038	186	Pulse	255	4590000	40232	NA
p038	186	Response	100	4597870	48103	1
p038	188	Pulse	255	4620000	11737	NA
p038	190	Pulse	255	4650000	11407	NA
p038	190	Response	100	4660750	22157	1
p038	192	Pulse	255	4680000	8743	NA
p038	194	Pulse	255	4710000	8412	NA
p038	194	Response	100	4712110	10522	1
p038	196	Pulse	255	4740000	17414	NA
p038	198	Response	101	4759869	6953	1
p038	199	Pulse	255	4770000	10084	NA
p038	201	Pulse	255	4800000	9587	NA
p038	202	Pulse	255	4830000	29421	NA
p038	202	Response	100	4830189	29610	1
p038	204	Pulse	255	4860000	19425	NA
p038	206	Pulse	255	4890000	19094	NA
p038	206	Response	100	4898269	27363	1
p038	208	Pulse	255	4920000	11264	NA
p038	210	Pulse	255	4950000	10933	NA
p038	210	Response	100	4950509	11442	1
p038	212	Pulse	255	4980000	19102	NA
p038	214	Response	100	4999229	8000	1
p038	216	Pulse	255	5010000	273	NA
p038	217	Pulse	255	5040000	10108	NA
p038	218	Response	100	5056509	16451	1
p038	220	Pulse	255	5070000	3111	NA
p038	222	Pulse	255	5100000	2780	NA
p038	222	Response	101	5107710	10490	1
p038	224	Pulse	255	5130000	11782	NA
p038	226	Response	100	5156429	7880	1
p038	227	Pulse	255	5160000	3452	NA
p038	229	Pulse	255	5190000	2955	NA
p038	230	Pulse	255	5220000	22789	NA
p038	230	Response	101	5222268	25058	1
p038	232	Pulse	255	5250000	17292	NA
p038	234	Pulse	255	5280000	16962	NA
p038	234	Response	101	5285148	22110	1
p038	236	Pulse	255	5310000	14465	NA
p038	238	Response	101	5334188	8322	1
p038	239	Pulse	255	5340000	5635	NA
p038	241	Pulse	255	5370000	5137	NA
p038	242	Picture	instruct_trial	5375029	0	1	98658	1	0	next	other	0
p038	242	Pulse	255	5400000	24971	NA
p038	242	Pulse	255	5430000	54971	NA
p038	242	Pulse	255	5460000	84971	NA
p038	242	Response	101	5473548	98520	1
p038	243	Pulse	255	5490000	16147	NA
p038	243	Pulse	255	5520000	46147	NA
p038	243	Pulse	255	5550000	76147	NA
p038	243	Response	100	5559548	85695	1
p038	245	Pulse	255	5580000	9989	NA
p038	247	Pulse	255	5610000	9658	NA
p038	247	Response	101	5620108	19766	1
p038	249	Pulse	255	5640000	9494	NA
p038	251	Pulse	255	5670000	9163	NA
p038	251	Pulse	255	5700000	39163	NA
p038	251	Response	101	5700428	39591	1
p038	253	Pulse	255	5730000	19168	NA
p038	255	Pulse	255	5760000	18837	NA
p038	255	Response	100	5770668	29505	1
p038	257	Pulse	255	5790000	8840	NA
p038	259	Pulse	255	5820000	8510	NA
p038	259	Response	101	5828027	16537	1
p038	261	Pulse	255	5850000	11512	NA
p038	263	Pulse	255	5880000	11182	NA
p038	263	Response	101	5889308	20489	1
p038	265	Pulse	255	5910000	10184	NA
p038	267	Pulse	255	5940000	9854	NA
p038	267	Response	100	5968907	38760	1
p038	268	Pulse	255	5970000	1024	NA
p038	270	Pulse	255	6000000	526	NA
p038	271	Response	101	6021627	11988	1
p038	272	Pulse	255	6030000	8195	NA
p038	274	Pulse	255	6060000	7698	NA
p038	275	Response	100	6081387	18919	1
p038	276	Pulse	255	6090000	8534	NA
p038	278	Pulse	255	6120000	8036	NA
p038	279	Response	100	6140587	18457	1
p038	280	Pulse	255	6150000	9205	NA
p038	282	Pulse	255	6180000	8708	NA
p038	283	Response	101	6194746	13289	1
p038	285	Pulse	255	6210000	4878	NA
p038	287	Pulse	255	6240000	4547	NA
p038	287	Response	101	6257546	22093	1
p038	289	Pulse	255	6270000	2050	NA
p038	291	Pulse	255	6300000	1719	NA
p038	291	Pulse	255	6330000	31719	NA
p038	291	Response	101	6333066	34786	1
p038	293	Pulse	255	6360000	16557	NA
p038	295	Response	101	6386587	12813	1
p038	296	Pulse	255	6390000	3227	NA
p038	298	Pulse	255	6420000	2730	NA
p038	299	Response	100	6446827	19390	1
p038	300	Pulse	255	6450000	3066	NA
p038	302	Pulse	255	6480000	2568	NA
p038	303	Pulse	255	6510000	22403	NA
p038	303	Response	101	6518826	31228	1
p038	305	Pulse	255	6540000	10740	NA
p038	307	Pulse	255	6570000	10409	NA
p038	307	Response	100	6575066	15474	1
p038	309	Pulse	255	6600000	14411	NA
p038	311	Pulse	255	6630000	14080	NA
p038	311	Response	100	6634106	18186	1
p038	313	Pulse	255	6660000	15416	NA
p038	315	Pulse	255	6690000	15086	NA
p038	315	Response	101	6694266	19352	1
p038	317	Pulse	255	6720000	15255	NA
p038	319	Pulse	255	6750000	14924	NA
p038	319	Response	101	6771145	36070	1
p038	320	Pulse	255	6780000	8761	NA
p038	322	Pulse	255	6810000	8263	NA
p038	323	Response	101	6823546	11643	1
p038	325	Pulse	255	6840000	5933	NA
p038	327	Pulse	255	6870000	5602	NA
p038	327	Response	100	6898745	34348	1
p038	328	Pulse	255	6900000	1105	NA
p038	330	Pulse	255	6930000	608	NA
p038	331	Response	100	6951625	12067	1
p038	332	Pulse	255	6960000	8277	NA
p038	334	Pulse	255	6990000	7779	NA
p038	335	Response	100	7003385	10998	1
p038	337	Pulse	255	7020000	6115	NA
p038	339	Pulse	255	7050000	5785	NA
p038	339	Response	101	7060666	16451	1
p038	341	Pulse	255	7080000	8954	NA
p038	343	Pulse	255	7110000	8623	NA
p038	343	Response	100	7113145	11768	1
p038	345	Pulse	255	7140000	16458	NA
p038	347	Response	101	7165945	12072	1
p038	348	Pulse	255	7170000	3962	NA
p038	350	Pulse	255	7200000	3465	NA
p038	351	Response	100	7227145	20444	1
p038	352	Pulse	255	7230000	2801	NA
p038	354	Pulse	255	7260000	2304	NA
p038	355	Response	100	7284584	16722	1
p038	356	Pulse	255	7290000	5306	NA
p038	358	Pulse	255	7320000	4809	NA
p038	359	Pulse	255	7350000	24643	NA
p038	359	Response	101	7350425	25067	1
p038	361	Pulse	255	7380000	19146	NA
p038	363	Response	101	7401224	10039	1
p038	364	Pulse	255	7410000	8649	NA
p038	366	Pulse	255	7440000	8152	NA
p038	367	Response	101	7449624	7610	1
p038	369	Pulse	255	7470000	9988	NA
p038	371	Pulse	255	7500000	9657	NA
p038	371	Response	101	7510664	20322	1
p038	373	Pulse	255	7530000	8827	NA
p038	375	Pulse	255	7560000	8496	NA
p038	375	Response	100	7568264	16760	1
p038	377	Pulse	255	7590000	11332	NA
p038	379	Pulse	255	7620000	11001	NA
p038	379	Response	100	7622263	13264	1
p038	381	Pulse	255	7650000	17336	NA
p038	383	Pulse	255	7680000	17006	NA
p038	383	Response	101	7698504	35509	1
p038	385	Pulse	255	7710000	1010	NA
p038	387	Pulse	255	7740000	679	NA
p038	387	Response	101	7756663	17343	1
p038	389	Pulse	255	7770000	2848	NA
p038	391	Pulse	255	7800000	2518	NA
p038	391	Response	101	7812343	14860	1
p038	393	Pulse	255	7830000	7186	NA
p038	395	Pulse	255	7860000	6856	NA
p038	395	Response	100	7884103	30959	1
p038	396	Pulse	255	7890000	5692	NA
p038	398	Pulse	255	7920000	5195	NA
p038	399	Pulse	255	7950000	25029	NA
p038	399	Response	100	7952983	28012	1
p038	401	Pulse	255	7980000	16532	NA
p038	403	Pulse	255	8010000	16201	NA
p038	403	Response	100	8034263	40464	1
p038	404	Pulse	255	8040000	5538	NA
p038	406	Pulse	255	8070000	5041	NA
p038	407	Response	101	8086343	11218	1
p038	409	Pulse	255	8100000	3211	NA
p038	411	Pulse	255	8130000	2880	NA
p038	411	Pulse	255	8160000	32880	NA
p038	411	Response	100	8166343	39223	1
p038	413	Pulse	255	8190000	13218	NA
p038	415	Response	100	8219143	12030	1
p038	416	Pulse	255	8220000	721	NA
p038	418	Pulse	255	8250000	224	NA
p038	419	Response	100	8272902	12960	1
p038	420	Pulse	255	8280000	6893	NA
p038	422	Pulse	255	8310000	6395	NA
p038	423	Response	100	8335942	22172	1
p038	424	Pulse	255	8340000	3898	NA
p038	426	Pulse	255	8370000	3401	NA
p038	427	Response	101	8388982	12217	1
p038	429	Pulse	255	8400000	570	NA
p038	431	Pulse	255	8430000	240	NA
p038	431	Response	100	8445942	16182	1
p038	433	Pulse	255	8460000	3575	NA
p038	435	Pulse	255	8490000	3245	NA
p038	435	Response	100	8514742	27987	1
p038	436	Pulse	255	8520000	5081	NA
p038	438	Pulse	255	8550000	4583	NA
p038	439	Response	100	8573942	18360	1
p038	440	Pulse	255	8580000	5919	NA
p038	442	Pulse	255	8610000	5422	NA
p038	443	Response	101	8627061	12317	1
p038	445	Pulse	255	8640000	2425	NA
p038	447	Pulse	255	8670000	2094	NA
p038	447	Response	100	8680181	12275	1
p038	449	Pulse	255	8700000	9429	NA
p038	451	Pulse	255	8730000	9099	NA
p038	451	Response	100	8741621	20720	1
p038	453	Pulse	255	8760000	7935	NA
p038	455	Pulse	255	8790000	7604	NA
p038	455	Response	100	8804421	22025	1
p038	457	Pulse	255	8820000	5107	NA
p038	459	Pulse	255	8850000	4776	NA
p038	459	Response	101	8853461	8238	1
p038	461	Pulse	255	8880000	16111	NA
p038	463	Pulse	255	8910000	15781	NA
p038	463	Response	100	8911781	17562	1
p038	465	Pulse	255	8940000	17783	NA
p038	467	Pulse	255	8970000	17452	NA
p038	467	Response	100	8970581	18034	1
p038	469	Pulse	255	9000000	18955	NA
p038	471	Response	101	9020901	9525	1
p038	472	Pulse	255	9030000	8958	NA
p038	474	Pulse	255	9060000	8461	NA
p038	475	Response	100	9070581	8876	1
p038	477	Pulse	255	9090000	8964	NA
p038	479	Pulse	255	9120000	8633	NA
p038	479	Response	100	9122740	11373	1
p038	481	Pulse	255	9150000	16802	NA
p038	483	Picture	instruct_trial	9163529	0	1	175985	1	0	next	other	0
p038	483	Pulse	255	9180000	16471	NA
p038	483	Pulse	255	9210000	46471	NA
p038	483	Pulse	255	9240000	76471	NA
p038	483	Pulse	255	9270000	106471	NA
p038	483	Pulse	255	9300000	136471	NA
p038	483	Pulse	255	9330000	166471	NA
p038	483	Response	101	9339460	175931	1
p038	484	Pulse	255	9360000	20320	NA
p038	484	Response	101	9379060	39379	1
p038	486	Pulse	255	9390000	491	NA
p038	488	Pulse	255	9420000	160	NA
p038	488	Pulse	255	9450000	30160	NA
p038	488	Response	100	9454100	34260	1
p038	490	Pulse	255	9480000	15497	NA
p038	492	Pulse	255	9510000	15167	NA
p038	492	Response	101	9517300	22466	1
p038	494	Pulse	255	9540000	12170	NA
p038	496	Pulse	255	9570000	11839	NA
p038	496	Response	101	9577059	18898	1
p038	498	Pulse	255	9600000	12508	NA
p038	500	Response	100	9629619	11796	1
p038	501	Pulse	255	9630000	179	NA
p038	502	Pulse	255	9660000	19846	NA
p038	504	Response	101	9683939	13454	1
p038	505	Pulse	255	9690000	6017	NA
p038	507	Pulse	255	9720000	5519	NA
p038	508	Response	100	9733379	8733	1
p038	510	Pulse	255	9750000	6189	NA
p038	512	Pulse	255	9780000	5858	NA
p038	512	Response	100	9798419	24277	1
p038	514	Pulse	255	9810000	1194	NA
p038	516	Pulse	255	9840000	864	NA
p038	516	Response	100	9851459	12323	1
p038	518	Pulse	255	9870000	8032	NA
p038	520	Pulse	255	9900000	7702	NA
p038	520	Response	100	9912900	20602	1
p038	522	Pulse	255	9930000	6704	NA
p038	524	Pulse	255	9960000	6374	NA
p038	524	Response	101	9963219	9592	1
p038	526	Pulse	255	9990000	16375	NA
p038	528	Pulse	255	10020000	16045	NA
p038	528	Response	101	10026978	23023	1
p038	530	Pulse	255	10050000	12548	NA
p038	532	Pulse	255	10080000	12217	NA
p038	532	Response	101	10098499	30716	1
p038	534	Pulse	255	10110000	1054	NA
p038	536	Pulse	255	10140000	723	NA
p038	536	Response	101	10152179	12902	1
p038	538	Pulse	255	10170000	7392	NA
p038	540	Pulse	255	10200000	7061	NA
p038	540	Response	100	10202978	10040	1
p038	542	Pulse	255	10230000	16563	NA
p038	544	Response	100	10257138	13371	1
p038	545	Pulse	255	10260000	2734	NA
p038	547	Pulse	255	10290000	2236	NA
p038	548	Response	100	10306178	8249	1
p038	550	Pulse	255	10320000	3405	NA
p038	552	Pulse	255	10350000	3075	NA
p038	552	Response	101	10362578	15653	1
p038	554	Pulse	255	10380000	6910	NA
p038	556	Pulse	255	10410000	6580	NA
p038	556	Response	101	10413618	10198	1
p038	558	Pulse	255	10440000	15915	NA
p038	560	Pulse	255	10470000	15584	NA
p038	560	Response	100	10476178	21762	1
p038	562	Pulse	255	10500000	13420	NA
p038	564	Pulse	255	10530000	13090	NA
p038	564	Response	101	10530418	13508	1
p038	566	Pulse	255	10560000	19092	NA
p038	568	Response	100	10579777	8539	1
p038	569	Pulse	255	10590000	10095	NA
p038	571	Pulse	255	10620000	9598	NA
p038	572	Response	100	10628737	8170	1
p038	574	Pulse	255	10650000	10767	NA
p038	576	Response	100	10678497	8933	1
p038	577	Pulse	255	10680000	1437	NA
p038	579	Pulse	255	10710000	940	NA
p038	580	Response	101	10734097	14872	1
p038	581	Pulse	255	10740000	5776	NA
p038	583	Pulse	255	10770000	5278	NA
p038	584	Response	101	10790497	15610	1
p038	585	Pulse	255	10800000	9447	NA
p038	587	Pulse	255	10830000	8950	NA
p038	588	Response	101	10839377	8161	1
p038	590	Pulse	255	10860000	10119	NA
p038	592	Pulse	255	10890000	9788	NA
p038	592	Response	100	10891857	11645	1
p038	594	Pulse	255	10920000	17624	NA
p038	596	Response	100	10939457	6750	1
p038	598	Pulse	255	10950000	128	NA
p038	599	Pulse	255	10980000	9963	NA
p038	600	Response	100	10998417	18214	1
p038	602	Pulse	255	11010000	1133	NA
p038	604	Pulse	255	11040000	802	NA
p038	604	Response	101	11048737	9539	1
p038	606	Pulse	255	11070000	10804	NA
p038	608	Response	101	11099696	10170	1
p038	609	Pulse	255	11100000	141	NA
p038	610	Pulse	255	11130000	19809	NA
p038	612	Response	100	11152576	12054	1
p038	613	Pulse	255	11160000	7312	NA
p038	615	Pulse	255	11190000	6815	NA
p038	616	Response	100	11209297	15946	1
p038	618	Pulse	255	11220000	318	NA
p038	619	Pulse	255	11250000	10153	NA
p038	620	Response	100	11258016	8003	1
p038	622	Pulse	255	11280000	11489	NA
p038	624	Pulse	255	11310000	11158	NA
p038	624	Response	101	11318336	19495	1
p038	626	Pulse	255	11340000	11161	NA
p038	628	Response	101	11367776	8607	1
p038	629	Pulse	255	11370000	2164	NA
p038	631	Pulse	255	11400000	1667	NA
p038	632	Pulse	255	11430000	21501	NA
p038	632	Response	101	11443536	35037	1
p038	634	Pulse	255	11460000	6005	NA
p038	636	Pulse	255	11490000	5675	NA
p038	636	Response	100	11492096	7770	1
p038	638	Pulse	255	11520000	17510	NA
p038	640	Response	100	11547615	14794	1
p038	641	Pulse	255	11550000	2180	NA
p038	643	Pulse	255	11580000	1683	NA
p038	644	Pulse	255	11610000	21517	NA
p038	644	Response	101	11625855	37372	1
p038	646	Pulse	255	11640000	3688	NA
p038	648	Pulse	255	11670000	3357	NA
p038	648	Response	101	11675055	8412	1
p038	650	Pulse	255	11700000	14526	NA
p038	652	Pulse	255	11730000	14195	NA
p038	652	Response	100	11735295	19490	1
p038	654	Pulse	255	11760000	14198	NA
p038	656	Response	100	11784015	7882	1
p038	657	Pulse	255	11790000	5868	NA
p038	659	Pulse	255	11820000	5370	NA
p038	660	Response	100	11830975	6179	1
p038	662	Pulse	255	11850000	8539	NA
p038	664	Pulse	255	11880000	8209	NA
p038	664	Response	100	11882254	10463	1
p038	666	Pulse	255	11910000	17211	NA
p038	668	Response	101	11932095	8975	1
p038	669	Pulse	255	11940000	7714	NA
p038	671	Pulse	255	11970000	7217	NA
p038	672	Response	100	11979454	6505	1
p038	674	Pulse	255	12000000	10052	NA
p038	676	Pulse	255	12030000	9722	NA
p038	676	Pulse	255	12060000	39722	NA
p038	676	Response	101	12065534	45256	1
p038	678	Pulse	255	12090000	14060	NA
p038	680	Response	100	12116894	10623	1
p038	681	Pulse	255	12120000	2897	NA
p038	683	Pulse	255	12150000	2400	NA
p038	684	Response	101	12166494	8728	1
p038	686	Pulse	255	12180000	3069	NA
p038	688	Pulse	255	12210000	2738	NA
p038	688	Response	100	12219694	12433	1
p038	690	Pulse	255	12240000	9907	NA
p038	692	Pulse	255	12270000	9576	NA
p038	692	Response	100	12279774	19350	1
p038	694	Pulse	255	12300000	9746	NA
p038	696	Pulse	255	12330000	9415	NA
p038	696	Response	101	12348174	27589	1
p038	698	Pulse	255	12360000	1418	NA
p038	700	Pulse	255	12390000	1087	NA
p038	700	Response	101	12395613	6701	1
p038	702	Pulse	255	12420000	13922	NA
p038	704	Response	100	12447613	11205	1
p038	705	Pulse	255	12450000	2259	NA
p038	707	Pulse	255	12480000	1762	NA
p038	708	Pulse	255	12510000	21596	NA
p038	708	Response	101	12524973	36569	1
p038	710	Pulse	255	12540000	4600	NA
p038	712	Pulse	255	12570000	4270	NA
p038	712	Response	101	12570493	4763	1
p038	714	Pulse	255	12600000	19104	NA
p038	716	Response	100	12617773	6547	1
p038	718	Pulse	255	12630000	1775	NA
p038	720	Pulse	255	12660000	1445	NA
p038	720	Pulse	255	12690000	31445	NA
p038	720	Response	100	12690413	31858	1
p038	722	Response	100	12702333	1448	1
p038	722	Pulse	255	12720000	19115	NA
p038	724	Picture	instruct_trial	12731216	0	1	40163	1	0	next	other	0
p038	724	Pulse	255	12750000	18784	NA
