Scenario - learning_JJ_english
Logfile written - 05/03/2022 13:30:15

Subject	Trial	Event Type	Code	Time	TTime	Uncertainty	Duration	Uncertainty	ReqTime	ReqDur	Stim Type	Pair Index

p038v2	0	Pulse	255	0	0	NA
p038v2	1	Picture	instruct_trial	10499	0	1	517455	1	0	next	other	0
p038v2	1	Pulse	255	30000	19501	NA
p038v2	1	Pulse	255	60000	49501	NA
p038v2	1	Pulse	255	90000	79501	NA
p038v2	1	Pulse	255	120000	109501	NA
p038v2	1	Pulse	255	150000	139501	NA
p038v2	1	Pulse	255	180000	169501	NA
p038v2	1	Pulse	255	210000	199501	NA
p038v2	1	Pulse	255	240000	229501	NA
p038v2	1	Pulse	255	270000	259501	NA
p038v2	1	Pulse	255	300000	289501	NA
p038v2	1	Pulse	255	330000	319501	NA
p038v2	1	Pulse	255	360000	349501	NA
p038v2	1	Pulse	255	390000	379501	NA
p038v2	1	Pulse	255	420000	409501	NA
p038v2	1	Pulse	255	450000	439501	NA
p038v2	1	Pulse	255	480000	469501	NA
p038v2	1	Pulse	255	510000	499501	NA
p038v2	1	Response	101	527745	517246	1
p038v2	1	Pulse	255	540000	529501	NA
p038v2	2	Response	101	555185	15065	1
p038v2	4	Pulse	255	570000	4382	NA
p038v2	6	Pulse	255	600000	4051	NA
p038v2	6	Response	100	617505	21556	1
p038v2	8	Pulse	255	630000	2054	NA
p038v2	10	Pulse	255	660000	1723	NA
p038v2	10	Pulse	255	690000	31723	NA
p038v2	10	Response	101	705265	46989	1
p038v2	12	Pulse	255	720000	4228	NA
p038v2	14	Pulse	255	750000	3898	NA
p038v2	14	Response	100	752385	6283	1
p038v2	16	Pulse	255	780000	17233	NA
p038v2	18	Response	100	800305	7207	1
p038v2	19	Pulse	255	810000	9569	NA
p038v2	21	Pulse	255	840000	9072	NA
p038v2	22	Response	100	859425	18331	1
p038v2	24	Pulse	255	870000	75	NA
p038v2	25	Pulse	255	900000	9910	NA
p038v2	26	Response	101	915824	15569	1
p038v2	28	Pulse	255	930000	3747	NA
p038v2	30	Pulse	255	960000	3416	NA
p038v2	30	Response	101	963824	7240	1
p038v2	32	Pulse	255	990000	15751	NA
p038v2	34	Response	101	1015664	11084	1
p038v2	35	Pulse	255	1020000	4255	NA
p038v2	37	Pulse	255	1050000	3757	NA
p038v2	38	Response	100	1062464	6056	1
p038v2	40	Pulse	255	1080000	7093	NA
p038v2	42	Pulse	255	1110000	6762	NA
p038v2	42	Response	101	1134738	31500	1
p038v2	43	Pulse	255	1140000	5098	NA
p038v2	45	Pulse	255	1170000	4601	NA
p038v2	46	Response	101	1183424	7859	1
p038v2	48	Pulse	255	1200000	6103	NA
p038v2	50	Response	100	1229104	4877	1
p038v2	51	Pulse	255	1230000	773	NA
p038v2	53	Pulse	255	1260000	276	NA
p038v2	54	Pulse	255	1290000	20110	NA
p038v2	54	Response	100	1311184	41294	1
p038v2	55	Pulse	255	1320000	8614	NA
p038v2	57	Pulse	255	1350000	8116	NA
p038v2	58	Response	101	1364784	12734	1
p038v2	60	Pulse	255	1380000	4786	NA
p038v2	62	Pulse	255	1410000	4455	NA
p038v2	62	Response	101	1411904	6359	1
p038v2	64	Pulse	255	1440000	17623	NA
p038v2	66	Pulse	255	1470000	17293	NA
p038v2	66	Response	101	1482144	29436	1
p038v2	68	Pulse	255	1500000	7463	NA
p038v2	70	Pulse	255	1530000	7132	NA
p038v2	70	Response	100	1531104	8236	1
p038v2	72	Pulse	255	1560000	18467	NA
p038v2	74	Response	100	1582784	10920	1
p038v2	75	Pulse	255	1590000	7137	NA
p038v2	77	Pulse	255	1620000	6640	NA
p038v2	78	Response	100	1629824	6298	1
p038v2	80	Pulse	255	1650000	9642	NA
p038v2	82	Pulse	255	1680000	9311	NA
p038v2	82	Response	101	1698304	27616	1
p038v2	84	Pulse	255	1710000	1315	NA
p038v2	86	Pulse	255	1740000	984	NA
p038v2	86	Response	101	1743024	4008	1
p038v2	88	Pulse	255	1770000	16485	NA
p038v2	90	Response	101	1796463	12617	1
p038v2	91	Pulse	255	1800000	3489	NA
p038v2	93	Pulse	255	1830000	2992	NA
p038v2	94	Response	100	1845024	7849	1
p038v2	96	Pulse	255	1860000	4494	NA
p038v2	98	Response	101	1889504	3667	1
p038v2	99	Pulse	255	1890000	330	NA
p038v2	100	Pulse	255	1920000	19998	NA
p038v2	102	Response	100	1937024	6691	1
p038v2	104	Pulse	255	1950000	2502	NA
p038v2	106	Pulse	255	1980000	2171	NA
p038v2	106	Response	101	1994470	16642	1
p038v2	107	Response	101	1999823	5162	1
p038v2	108	Pulse	255	2010000	5007	NA
p038v2	110	Response	101	2039103	3779	1
p038v2	111	Pulse	255	2040000	843	NA
p038v2	113	Pulse	255	2070000	346	NA
p038v2	114	Response	101	2093183	13363	1
p038v2	115	Pulse	255	2100000	6681	NA
p038v2	117	Pulse	255	2130000	6184	NA
p038v2	118	Response	100	2139183	5202	1
p038v2	119	Response	100	2144222	4908	1
p038v2	120	Pulse	255	2160000	10363	NA
p038v2	122	Pulse	255	2190000	10022	NA
p038v2	122	Response	101	2190783	10806	1
p038v2	123	Response	101	2195989	5012	1
p038v2	124	Pulse	255	2220000	18691	NA
p038v2	126	Response	100	2239022	7382	1
p038v2	127	Response	100	2241423	2283	1
p038v2	128	Pulse	255	2250000	528	NA
p038v2	130	Pulse	255	2280000	198	NA
p038v2	130	Response	100	2284623	4821	1
p038v2	132	Pulse	255	2310000	14866	NA
p038v2	134	Response	101	2329743	4278	1
p038v2	135	Response	101	2333022	3224	1
p038v2	135	Pulse	255	2340000	10202	NA
p038v2	137	Pulse	255	2370000	9705	NA
p038v2	138	Response	101	2381663	11202	1
p038v2	139	Response	101	2385102	3309	1
p038v2	140	Pulse	255	2400000	7874	NA
p038v2	142	Response	100	2427742	5286	1
p038v2	143	Response	100	2429982	2193	1
p038v2	143	Pulse	255	2430000	2211	NA
p038v2	145	Pulse	255	2460000	1713	NA
p038v2	146	Response	101	2475983	7530	1
p038v2	147	Response	101	2478542	2424	1
p038v2	148	Pulse	255	2490000	3549	NA
p038v2	150	Pulse	255	2520000	3218	NA
p038v2	150	Response	101	2521823	5041	1
p038v2	151	Response	101	2524382	2434	1
p038v2	152	Pulse	255	2550000	17720	NA
p038v2	154	Response	101	2573742	11131	1
p038v2	155	Response	101	2578222	4278	1
p038v2	155	Pulse	255	2580000	6057	NA
p038v2	157	Pulse	255	2610000	5559	NA
p038v2	158	Response	101	2618222	3616	1
p038v2	159	Response	101	2621102	2829	1
p038v2	160	Pulse	255	2640000	11395	NA
p038v2	162	Response	100	2665903	6967	1
p038v2	163	Response	100	2668063	1961	1
p038v2	163	Pulse	255	2670000	3898	NA
p038v2	165	Pulse	255	2700000	3401	NA
p038v2	166	Response	101	2713342	6577	1
p038v2	167	Response	101	2715742	2311	1
p038v2	168	Pulse	255	2730000	6236	NA
p038v2	170	Response	101	2758063	3968	1
p038v2	171	Pulse	255	2760000	1739	NA
p038v2	171	Response	101	2760382	2121	1
p038v2	173	Pulse	255	2790000	1242	NA
p038v2	174	Response	101	2806462	7539	1
p038v2	175	Response	101	2808942	2353	1
p038v2	176	Pulse	255	2820000	3078	NA
p038v2	178	Pulse	255	2850000	2747	NA
p038v2	178	Response	100	2852302	5049	1
p038v2	179	Response	100	2854622	2203	1
p038v2	180	Pulse	255	2880000	17248	NA
p038v2	182	Response	101	2896303	3220	1
p038v2	183	Response	101	2898942	2526	1
p038v2	184	Pulse	255	2910000	3252	NA
p038v2	186	Pulse	255	2940000	2921	NA
p038v2	186	Response	101	2943262	6184	1
p038v2	187	Response	101	2945581	2170	1
p038v2	188	Pulse	255	2970000	16256	NA
p038v2	190	Response	100	2991342	7268	1
p038v2	191	Response	100	2993662	2254	1
p038v2	191	Pulse	255	3000000	8593	NA
p038v2	193	Pulse	255	3030000	8096	NA
p038v2	194	Response	100	3037101	5031	1
p038v2	195	Response	100	3039341	2104	1
p038v2	196	Pulse	255	3060000	12431	NA
p038v2	198	Response	101	3081902	4002	1
p038v2	199	Response	101	3084221	2155	1
p038v2	199	Pulse	255	3090000	7934	NA
p038v2	201	Pulse	255	3120000	7437	NA
p038v2	202	Response	101	3130782	8053	1
p038v2	203	Response	101	3133022	2127	1
p038v2	204	Pulse	255	3150000	8772	NA
p038v2	206	Response	100	3177822	6264	1
p038v2	207	Response	100	3179901	2010	1
p038v2	207	Pulse	255	3180000	2109	NA
p038v2	209	Pulse	255	3210000	1612	NA
p038v2	210	Response	100	3223822	5268	1
p038v2	211	Response	100	3225902	2015	1
p038v2	212	Pulse	255	3240000	5781	NA
p038v2	214	Response	100	3269422	4872	1
p038v2	215	Pulse	255	3270000	450	NA
p038v2	215	Response	100	3271501	1952	1
p038v2	215	Response	100	3273341	3791	1
p038v2	216	Pulse	255	3300000	20118	NA
p038v2	218	Pulse	255	3330000	19787	NA
p038v2	218	Response	101	3353181	42969	1
p038v2	219	Response	101	3357261	3886	1
p038v2	219	Pulse	255	3360000	6624	NA
p038v2	221	Pulse	255	3390000	6127	NA
p038v2	222	Response	101	3398382	4343	1
p038v2	223	Response	101	3400941	2403	1
p038v2	224	Pulse	255	3420000	11129	NA
p038v2	226	Response	100	3448222	9020	1
p038v2	227	Pulse	255	3450000	1633	NA
p038v2	227	Response	100	3450302	1934	1
p038v2	229	Pulse	255	3480000	1135	NA
p038v2	230	Response	101	3500541	11510	1
p038v2	231	Response	101	3503501	2805	1
p038v2	231	Pulse	255	3510000	9304	NA
p038v2	233	Pulse	255	3540000	8806	NA
p038v2	234	Response	101	3564541	23182	1
p038v2	235	Pulse	255	3570000	5309	NA
p038v2	235	Response	101	3571101	6411	1
p038v2	237	Pulse	255	3600000	4812	NA
p038v2	238	Response	101	3612061	6708	1
p038v2	239	Response	101	3614621	2435	1
p038v2	240	Pulse	255	3630000	7481	NA
p038v2	242	Picture	instruct_trial	3652850	0	1	57662	1	0	next	other	0
p038v2	242	Pulse	255	3660000	7150	NA
p038v2	242	Pulse	255	3690000	37150	NA
p038v2	242	Response	101	3710381	57532	1
p038v2	243	Pulse	255	3720000	9322	NA
p038v2	243	Response	101	3745501	34823	1
p038v2	244	Response	101	3749901	4226	1
p038v2	244	Pulse	255	3750000	4325	NA
p038v2	246	Pulse	255	3780000	3828	NA
p038v2	247	Response	101	3805181	18843	1
p038v2	248	Response	101	3807660	2324	1
p038v2	248	Pulse	255	3810000	4664	NA
p038v2	250	Pulse	255	3840000	4166	NA
p038v2	251	Pulse	255	3870000	24000	NA
p038v2	251	Response	101	3876381	30382	1
p038v2	252	Response	101	3879501	3004	1
p038v2	253	Pulse	255	3900000	13171	NA
p038v2	255	Pulse	255	3930000	12840	NA
p038v2	255	Response	100	3934621	17461	1
p038v2	256	Response	100	3937101	2276	1
p038v2	257	Pulse	255	3960000	14842	NA
p038v2	259	Response	101	3981902	6413	1
p038v2	260	Response	101	3984620	2633	1
p038v2	260	Pulse	255	3990000	8012	NA
p038v2	262	Pulse	255	4020000	7515	NA
p038v2	263	Pulse	255	4050000	27349	NA
p038v2	263	Response	100	4061981	39330	1
p038v2	264	Response	100	4064379	2232	1
p038v2	265	Pulse	255	4080000	7520	NA
p038v2	267	Response	101	4109901	7091	1
p038v2	268	Pulse	255	4110000	23	NA
p038v2	268	Response	101	4112780	2804	1
p038v2	269	Pulse	255	4140000	19691	NA
p038v2	271	Response	100	4158141	7501	1
p038v2	273	Response	100	4169261	623	1
p038v2	273	Pulse	255	4170000	1362	NA
p038v2	275	Pulse	255	4200000	1031	NA
p038v2	275	Response	101	4210061	11092	1
p038v2	276	Response	101	4212220	2085	1
p038v2	277	Pulse	255	4230000	9533	NA
p038v2	279	Response	101	4256701	5904	1
p038v2	280	Response	101	4259101	2303	1
p038v2	280	Pulse	255	4260000	3203	NA
p038v2	282	Pulse	255	4290000	2705	NA
p038v2	283	Response	100	4305421	7960	1
p038v2	284	Response	100	4307418	1792	1
p038v2	285	Pulse	255	4320000	4041	NA
p038v2	287	Pulse	255	4350000	3711	NA
p038v2	287	Response	100	4370300	24010	1
p038v2	288	Response	100	4372461	2007	1
p038v2	288	Pulse	255	4380000	9546	NA
p038v2	290	Pulse	255	4410000	9049	NA
p038v2	291	Response	101	4420381	9264	1
p038v2	292	Response	101	4422620	2170	1
p038v2	293	Pulse	255	4440000	9218	NA
p038v2	295	Pulse	255	4470000	8887	NA
p038v2	295	Response	100	4473581	12468	1
p038v2	296	Response	100	4475744	1966	1
p038v2	297	Pulse	255	4500000	15889	NA
p038v2	299	Response	101	4525820	11379	1
p038v2	300	Response	101	4527980	2039	1
p038v2	300	Pulse	255	4530000	4060	NA
p038v2	300	Response	101	4531020	5079	1
p038v2	300	Response	101	4533500	7559	1
p038v2	302	Pulse	255	4560000	3562	NA
p038v2	303	Response	100	4579020	12416	1
p038v2	304	Response	100	4581179	2077	1
p038v2	305	Pulse	255	4590000	565	NA
p038v2	307	Pulse	255	4620000	234	NA
p038v2	307	Response	101	4624701	4935	1
p038v2	308	Response	101	4627339	2574	1
p038v2	309	Pulse	255	4650000	14902	NA
p038v2	311	Pulse	255	4680000	14572	NA
p038v2	311	Response	100	4684059	18631	1
p038v2	312	Response	100	4686139	1879	1
p038v2	313	Pulse	255	4710000	15407	NA
p038v2	315	Response	100	4733740	8817	1
p038v2	316	Response	100	4735979	2057	1
p038v2	316	Pulse	255	4740000	6078	NA
p038v2	318	Pulse	255	4770000	5580	NA
p038v2	319	Response	100	4794942	20356	1
p038v2	320	Response	100	4797100	2016	1
p038v2	320	Pulse	255	4800000	4916	NA
p038v2	322	Pulse	255	4830000	4419	NA
p038v2	323	Response	101	4844780	9033	1
p038v2	324	Response	101	4847500	2587	1
p038v2	325	Pulse	255	4860000	4755	NA
p038v2	327	Pulse	255	4890000	4424	NA
p038v2	327	Response	101	4897820	12244	1
p038v2	328	Response	101	4900780	2872	1
p038v2	329	Pulse	255	4920000	11759	NA
p038v2	331	Response	101	4948460	9888	1
p038v2	332	Pulse	255	4950000	1430	NA
p038v2	332	Response	101	4951019	2449	1
p038v2	334	Pulse	255	4980000	932	NA
p038v2	335	Response	101	4995820	6586	1
p038v2	336	Response	101	4998380	2480	1
p038v2	337	Pulse	255	5010000	3768	NA
p038v2	339	Pulse	255	5040000	3437	NA
p038v2	339	Response	101	5060380	23818	1
p038v2	340	Response	101	5063340	2779	1
p038v2	340	Pulse	255	5070000	9439	NA
p038v2	342	Pulse	255	5100000	8942	NA
p038v2	343	Response	101	5110220	8996	1
p038v2	344	Response	101	5112779	2389	1
p038v2	345	Pulse	255	5130000	9278	NA
p038v2	347	Response	100	5158060	7007	1
p038v2	348	Pulse	255	5160000	1781	NA
p038v2	348	Response	100	5160460	2241	1
p038v2	350	Pulse	255	5190000	1284	NA
p038v2	351	Response	100	5217340	18458	1
p038v2	352	Response	100	5219980	2433	1
p038v2	352	Pulse	255	5220000	2453	NA
p038v2	354	Pulse	255	5250000	1956	NA
p038v2	355	Response	101	5265660	7450	1
p038v2	356	Response	101	5268139	2429	1
p038v2	357	Pulse	255	5280000	3958	NA
p038v2	359	Pulse	255	5310000	3627	NA
p038v2	359	Response	101	5318460	12087	1
p038v2	360	Response	101	5321499	2961	1
p038v2	361	Pulse	255	5340000	11129	NA
p038v2	363	Pulse	255	5370000	10799	NA
p038v2	363	Response	100	5377660	18458	1
p038v2	364	Response	100	5379419	1552	1
p038v2	365	Pulse	255	5400000	11801	NA
p038v2	367	Response	100	5424619	6090	1
p038v2	368	Response	100	5426859	2163	1
p038v2	368	Pulse	255	5430000	5304	NA
p038v2	370	Pulse	255	5460000	4807	NA
p038v2	371	Response	101	5483979	18620	1
p038v2	372	Response	101	5486379	2355	1
p038v2	372	Pulse	255	5490000	5976	NA
p038v2	374	Pulse	255	5520000	5479	NA
p038v2	375	Response	100	5532460	7773	1
p038v2	376	Response	100	5535739	3219	1
p038v2	377	Pulse	255	5550000	7148	NA
p038v2	379	Pulse	255	5580000	6817	NA
p038v2	379	Response	101	5582300	9117	1
p038v2	380	Response	101	5584298	1949	1
p038v2	381	Pulse	255	5610000	17319	NA
p038v2	383	Response	101	5629899	6888	1
p038v2	384	Response	101	5632058	2047	1
p038v2	384	Pulse	255	5640000	9989	NA
p038v2	386	Pulse	255	5670000	9491	NA
p038v2	387	Response	100	5678459	7785	1
p038v2	388	Response	100	5680859	2352	1
p038v2	389	Pulse	255	5700000	11161	NA
p038v2	391	Pulse	255	5730000	10830	NA
p038v2	391	Response	101	5732059	12889	1
p038v2	392	Response	101	5735259	3090	1
p038v2	393	Pulse	255	5760000	17499	NA
p038v2	395	Response	101	5780699	7867	1
p038v2	396	Response	101	5783258	2427	1
p038v2	396	Pulse	255	5790000	9169	NA
p038v2	398	Pulse	255	5820000	8671	NA
p038v2	399	Response	101	5839258	17764	1
p038v2	400	Response	100	5848299	8972	1
p038v2	401	Pulse	255	5850000	341	NA
p038v2	401	Response	100	5850618	959	1
p038v2	403	Pulse	255	5880000	10	NA
p038v2	403	Response	101	5886299	6310	1
p038v2	404	Response	101	5889098	2609	1
p038v2	405	Pulse	255	5910000	13179	NA
p038v2	407	Response	100	5933178	6026	1
p038v2	408	Response	100	5935338	2020	1
p038v2	408	Pulse	255	5940000	6682	NA
p038v2	410	Pulse	255	5970000	6184	NA
p038v2	411	Response	100	5997499	23517	1
p038v2	412	Pulse	255	6000000	2354	NA
p038v2	412	Response	100	6000058	2412	1
p038v2	414	Pulse	255	6030000	1857	NA
p038v2	415	Response	101	6047498	9189	1
p038v2	416	Response	101	6051418	3776	1
p038v2	417	Pulse	255	6060000	2026	NA
p038v2	419	Pulse	255	6090000	1695	NA
p038v2	419	Response	101	6094459	6154	1
p038v2	420	Response	101	6097018	2380	1
p038v2	421	Pulse	255	6120000	15030	NA
p038v2	423	Response	100	6143019	7718	1
p038v2	424	Response	100	6145338	2205	1
p038v2	424	Pulse	255	6150000	6867	NA
p038v2	426	Pulse	255	6180000	6369	NA
p038v2	427	Response	100	6191099	7302	1
p038v2	428	Response	100	6193338	2042	1
p038v2	429	Pulse	255	6210000	8372	NA
p038v2	431	Response	101	6236459	4333	1
p038v2	432	Response	101	6239258	2633	1
p038v2	432	Pulse	255	6240000	3375	NA
p038v2	434	Pulse	255	6270000	2877	NA
p038v2	435	Response	101	6285019	7731	1
p038v2	436	Response	101	6288137	3016	1
p038v2	437	Pulse	255	6300000	4547	NA
p038v2	439	Pulse	255	6330000	4216	NA
p038v2	439	Response	100	6347099	21315	1
p038v2	440	Response	100	6349498	2216	1
p038v2	441	Pulse	255	6360000	2385	NA
p038v2	443	Pulse	255	6390000	2055	NA
p038v2	443	Response	100	6395419	7473	1
p038v2	444	Response	100	6397657	2046	1
p038v2	445	Pulse	255	6420000	14056	NA
p038v2	447	Response	101	6441579	5304	1
p038v2	448	Response	101	6444217	2443	1
p038v2	448	Pulse	255	6450000	8226	NA
p038v2	450	Pulse	255	6480000	7729	NA
p038v2	451	Response	101	6490778	8341	1
p038v2	452	Response	101	6495818	4882	1
p038v2	453	Pulse	255	6510000	8731	NA
p038v2	455	Response	101	6536617	5018	1
p038v2	456	Response	101	6539178	2413	1
p038v2	456	Pulse	255	6540000	3234	NA
p038v2	458	Pulse	255	6570000	2737	NA
p038v2	459	Response	100	6588058	10629	1
p038v2	460	Response	100	6590297	2036	1
p038v2	461	Pulse	255	6600000	1406	NA
p038v2	463	Pulse	255	6630000	1076	NA
p038v2	463	Response	100	6651258	22334	1
p038v2	464	Response	100	6653817	2395	1
p038v2	464	Pulse	255	6660000	8578	NA
p038v2	466	Pulse	255	6690000	8080	NA
p038v2	467	Response	101	6701986	9900	1
p038v2	468	Response	101	6704938	2853	1
p038v2	469	Pulse	255	6720000	7583	NA
p038v2	471	Response	100	6749498	6750	1
p038v2	472	Pulse	255	6750000	419	NA
p038v2	472	Response	100	6751817	2236	1
p038v2	473	Pulse	255	6780000	20087	NA
p038v2	475	Response	101	6796298	6054	1
p038v2	476	Response	101	6798777	2367	1
p038v2	477	Pulse	255	6810000	3258	NA
p038v2	479	Pulse	255	6840000	2927	NA
p038v2	479	Response	101	6857258	20185	1
p038v2	480	Response	101	6860137	2733	1
p038v2	481	Pulse	255	6870000	2263	NA
p038v2	483	Picture	instruct_trial	6898068	0	1	54829	1	0	next	other	0
p038v2	483	Pulse	255	6900000	1932	NA
p038v2	483	Pulse	255	6930000	31932	NA
p038v2	483	Response	101	6952698	54630	1
p038v2	484	Pulse	255	6960000	6937	NA
p038v2	484	Response	101	6969978	16915	1
p038v2	486	Pulse	255	6990000	9606	NA
p038v2	488	Pulse	255	7020000	9275	NA
p038v2	488	Response	101	7024457	13732	1
p038v2	490	Pulse	255	7050000	15111	NA
p038v2	492	Response	100	7078298	13078	1
p038v2	493	Pulse	255	7080000	1615	NA
p038v2	493	Response	100	7081258	2872	1
p038v2	495	Pulse	255	7110000	1117	NA
p038v2	496	Response	100	7129818	10769	1
p038v2	497	Response	100	7132297	2416	1
p038v2	497	Pulse	255	7140000	10119	NA
p038v2	499	Pulse	255	7170000	9622	NA
p038v2	500	Response	101	7178937	8393	1
p038v2	501	Response	101	7181498	2454	1
p038v2	502	Pulse	255	7200000	10624	NA
p038v2	504	Pulse	255	7230000	10294	NA
p038v2	504	Response	101	7234778	15071	1
p038v2	505	Response	101	7244777	9905	1
p038v2	506	Pulse	255	7260000	14796	NA
p038v2	508	Response	101	7288217	12682	1
p038v2	509	Pulse	255	7290000	1633	NA
p038v2	509	Response	101	7293897	5530	1
p038v2	511	Pulse	255	7320000	1135	NA
p038v2	512	Response	101	7345738	16707	1
p038v2	513	Response	101	7348537	2675	1
p038v2	513	Pulse	255	7350000	4138	NA
p038v2	515	Pulse	255	7380000	3640	NA
p038v2	516	Pulse	255	7410000	23475	NA
p038v2	516	Pulse	255	7440000	53475	NA
p038v2	516	Response	100	7443017	56491	1
p038v2	517	Response	100	7445177	1990	1
p038v2	518	Pulse	255	7470000	16481	NA
p038v2	520	Pulse	255	7500000	16150	NA
p038v2	520	Response	100	7502697	18846	1
p038v2	521	Response	100	7505097	2248	1
p038v2	522	Pulse	255	7530000	16819	NA
p038v2	524	Response	101	7557977	14465	1
p038v2	525	Pulse	255	7560000	1823	NA
p038v2	525	Response	101	7560856	2679	1
p038v2	527	Pulse	255	7590000	1326	NA
p038v2	528	Response	101	7611097	12256	1
p038v2	529	Response	101	7614136	2964	1
p038v2	529	Pulse	255	7620000	8828	NA
p038v2	531	Pulse	255	7650000	8330	NA
p038v2	532	Response	100	7657017	5181	1
p038v2	533	Response	100	7658936	1768	1
p038v2	534	Pulse	255	7680000	12499	NA
p038v2	536	Pulse	255	7710000	12168	NA
p038v2	536	Response	100	7716617	18785	1
p038v2	538	Pulse	255	7740000	13004	NA
p038v2	540	Response	101	7767256	9930	1
p038v2	541	Response	101	7769496	2171	1
p038v2	541	Pulse	255	7770000	2674	NA
p038v2	543	Pulse	255	7800000	2177	NA
p038v2	544	Response	101	7818296	10308	1
p038v2	545	Response	101	7820536	2048	1
p038v2	546	Pulse	255	7830000	1180	NA
p038v2	548	Pulse	255	7860000	849	NA
p038v2	548	Response	101	7876537	17386	1
p038v2	550	Response	100	7888936	1954	1
p038v2	550	Pulse	255	7890000	3018	NA
p038v2	552	Pulse	255	7920000	2687	NA
p038v2	552	Response	100	7928217	10905	1
p038v2	553	Response	100	7930137	1825	1
p038v2	554	Pulse	255	7950000	11356	NA
p038v2	556	Pulse	255	7980000	11025	NA
p038v2	556	Response	100	8008297	39322	1
p038v2	557	Pulse	255	8010000	1529	NA
p038v2	557	Response	100	8010376	1905	1
p038v2	559	Pulse	255	8040000	1031	NA
p038v2	560	Response	100	8056297	7162	1
p038v2	561	Response	100	8058376	1909	1
p038v2	562	Pulse	255	8070000	3200	NA
p038v2	564	Pulse	255	8100000	2870	NA
p038v2	564	Response	101	8109656	12526	1
p038v2	565	Response	101	8111976	2180	1
p038v2	566	Pulse	255	8130000	9872	NA
p038v2	568	Pulse	255	8160000	9541	NA
p038v2	568	Response	101	8162137	11678	1
p038v2	569	Response	101	8164055	1764	1
p038v2	570	Pulse	255	8190000	17376	NA
p038v2	572	Pulse	255	8220000	17046	NA
p038v2	572	Response	100	8231096	28142	1
p038v2	573	Response	100	8233496	2210	1
p038v2	574	Pulse	255	8250000	8382	NA
p038v2	576	Pulse	255	8280000	8052	NA
p038v2	576	Response	100	8281496	9548	1
p038v2	577	Response	100	8283416	1802	1
p038v2	578	Pulse	255	8310000	18053	NA
p038v2	580	Response	101	8330376	8098	1
p038v2	581	Response	101	8332696	2253	1
p038v2	581	Pulse	255	8340000	9557	NA
p038v2	583	Pulse	255	8370000	9059	NA
p038v2	584	Response	100	8376616	5510	1
p038v2	585	Response	100	8378695	1923	1
p038v2	586	Pulse	255	8400000	12895	NA
p038v2	588	Pulse	255	8430000	12564	NA
p038v2	588	Response	101	8448296	30861	1
p038v2	589	Response	101	8450615	2182	1
p038v2	590	Pulse	255	8460000	1235	NA
p038v2	592	Pulse	255	8490000	904	NA
p038v2	592	Response	101	8498696	9600	1
p038v2	593	Response	101	8500855	2093	1
p038v2	594	Pulse	255	8520000	10906	NA
p038v2	596	Pulse	255	8550000	10575	NA
p038v2	596	Response	100	8561096	21671	1
p038v2	597	Response	100	8563575	2318	1
p038v2	598	Pulse	255	8580000	8411	NA
p038v2	600	Pulse	255	8610000	8080	NA
p038v2	600	Response	100	8610936	9017	1
p038v2	601	Response	100	8612775	1690	1
p038v2	602	Pulse	255	8640000	18582	NA
p038v2	604	Pulse	255	8670000	18251	NA
p038v2	604	Response	101	8675496	23748	1
p038v2	605	Response	101	8677415	1835	1
p038v2	606	Pulse	255	8700000	14088	NA
p038v2	608	Response	100	8722855	6612	1
p038v2	609	Response	100	8724856	1946	1
p038v2	609	Pulse	255	8730000	7091	NA
p038v2	611	Pulse	255	8760000	6593	NA
p038v2	612	Response	100	8770938	7365	1
p038v2	613	Response	100	8772695	1624	1
p038v2	614	Pulse	255	8790000	8596	NA
p038v2	616	Response	101	8819176	7441	1
p038v2	617	Pulse	255	8820000	766	NA
p038v2	617	Response	101	8821495	2260	1
p038v2	619	Pulse	255	8850000	269	NA
p038v2	620	Response	101	8874457	14560	1
p038v2	621	Response	101	8877495	2932	1
p038v2	621	Pulse	255	8880000	5437	NA
p038v2	623	Pulse	255	8910000	4940	NA
p038v2	624	Response	100	8922775	7549	1
p038v2	625	Response	100	8925014	2122	1
p038v2	626	Pulse	255	8940000	6776	NA
p038v2	628	Pulse	255	8970000	6445	NA
p038v2	628	Pulse	255	9000000	36445	NA
p038v2	628	Response	101	9009735	46180	1
p038v2	629	Response	101	9014855	4971	1
p038v2	630	Pulse	255	9030000	9783	NA
p038v2	632	Response	101	9057175	6628	1
p038v2	633	Response	101	9059575	2195	1
p038v2	633	Pulse	255	9060000	2620	NA
p038v2	635	Pulse	255	9090000	2123	NA
p038v2	636	Response	101	9111335	13292	1
p038v2	637	Response	101	9113975	2433	1
p038v2	637	Pulse	255	9120000	8458	NA
p038v2	639	Pulse	255	9150000	7961	NA
p038v2	640	Response	101	9160295	8090	1
p038v2	641	Response	101	9165975	5604	1
p038v2	641	Response	101	9168054	7683	1
p038v2	642	Pulse	255	9180000	9296	NA
p038v2	644	Response	100	9209655	8621	1
p038v2	645	Pulse	255	9210000	300	NA
p038v2	645	Response	100	9211814	2114	1
p038v2	646	Pulse	255	9240000	19967	NA
p038v2	648	Pulse	255	9270000	19637	NA
p038v2	648	Response	101	9275495	25132	1
p038v2	649	Response	101	9278775	3080	1
p038v2	650	Pulse	255	9300000	13973	NA
p038v2	652	Response	101	9324615	8257	1
p038v2	653	Response	101	9326454	1764	1
p038v2	653	Pulse	255	9330000	5310	NA
p038v2	655	Pulse	255	9360000	4812	NA
p038v2	656	Response	101	9376535	11182	1
p038v2	657	Response	101	9378935	2249	1
p038v2	658	Pulse	255	9390000	2982	NA
p038v2	660	Pulse	255	9420000	2651	NA
p038v2	660	Response	101	9432055	14706	1
p038v2	661	Response	101	9434375	2194	1
p038v2	662	Pulse	255	9450000	7487	NA
p038v2	664	Response	101	9478295	5451	1
p038v2	665	Pulse	255	9480000	1656	NA
p038v2	665	Response	101	9480294	1950	1
p038v2	667	Pulse	255	9510000	1159	NA
p038v2	668	Pulse	255	9540000	20993	NA
p038v2	668	Pulse	255	9570000	50993	NA
p038v2	668	Response	100	9576293	57287	1
p038v2	669	Response	100	9578774	2273	1
p038v2	670	Pulse	255	9600000	13166	NA
p038v2	672	Pulse	255	9630000	12835	NA
p038v2	672	Response	100	9657658	40493	1
p038v2	673	Response	100	9659574	1747	1
p038v2	673	Pulse	255	9660000	2172	NA
p038v2	675	Pulse	255	9690000	1675	NA
p038v2	676	Response	100	9705732	7241	1
p038v2	677	Response	100	9707812	1989	1
p038v2	678	Pulse	255	9720000	3844	NA
p038v2	680	Pulse	255	9750000	3513	NA
p038v2	680	Response	101	9751652	5165	1
p038v2	681	Response	101	9753734	1914	1
p038v2	682	Pulse	255	9780000	17848	NA
p038v2	684	Response	100	9809094	16611	1
p038v2	685	Pulse	255	9810000	852	NA
p038v2	685	Response	100	9811334	2186	1
p038v2	687	Pulse	255	9840000	355	NA
p038v2	688	Response	101	9865014	15203	1
p038v2	689	Response	101	9867414	2271	1
p038v2	689	Pulse	255	9870000	4857	NA
p038v2	691	Pulse	255	9900000	4359	NA
p038v2	692	Response	100	9914694	8888	1
p038v2	693	Response	100	9916853	2047	1
p038v2	694	Pulse	255	9930000	4862	NA
p038v2	696	Pulse	255	9960000	4531	NA
p038v2	696	Response	100	9962055	6586	1
p038v2	697	Response	100	9964213	2079	1
p038v2	698	Pulse	255	9990000	17533	NA
p038v2	700	Pulse	255	10020000	17202	NA
p038v2	700	Pulse	255	10050000	47202	NA
p038v2	700	Pulse	255	10080000	77202	NA
p038v2	700	Response	100	10099174	96376	1
p038v2	701	Response	100	10101414	2124	1
p038v2	702	Pulse	255	10110000	378	NA
p038v2	704	Pulse	255	10140000	47	NA
p038v2	704	Response	101	10147173	7220	1
p038v2	705	Response	101	10149494	2209	1
p038v2	706	Pulse	255	10170000	12382	NA
p038v2	708	Response	100	10194614	6666	1
p038v2	709	Response	100	10196774	1993	1
p038v2	709	Pulse	255	10200000	5219	NA
p038v2	711	Pulse	255	10230000	4721	NA
p038v2	712	Response	100	10250454	15010	1
p038v2	713	Response	100	10252614	2004	1
p038v2	713	Pulse	255	10260000	9390	NA
p038v2	715	Pulse	255	10290000	8893	NA
p038v2	716	Response	101	10305974	14701	1
p038v2	717	Response	101	10308052	1947	1
p038v2	718	Pulse	255	10320000	3563	NA
p038v2	720	Pulse	255	10350000	3232	NA
p038v2	720	Response	101	10353253	6485	1
p038v2	721	Response	101	10355173	1739	1
p038v2	722	Pulse	255	10380000	16233	NA
p038v2	724	Picture	instruct_trial	10394097	0	1	40163	1	0	next	other	0
p038v2	724	Pulse	255	10410000	15903	NA
