Scenario - learning_JJ_english
Logfile written - 04/27/2022 12:10:38

Subject	Trial	Event Type	Code	Time	TTime	Uncertainty	Duration	Uncertainty	ReqTime	ReqDur	Stim Type	Pair Index

P039	0	Pulse	255	0	0	NA
P039	1	Picture	instruct_trial	10500	0	1	139322	1	0	next	other	0
P039	1	Pulse	255	30000	19500	NA
P039	1	Pulse	255	60000	49500	NA
P039	1	Pulse	255	90000	79500	NA
P039	1	Pulse	255	120000	109500	NA
P039	1	Response	101	149611	139111	1
P039	1	Pulse	255	150000	139500	NA
P039	2	Pulse	255	180000	29846	NA
P039	2	Pulse	255	210000	59846	NA
P039	2	Response	100	238013	87859	1
P039	3	Pulse	255	240000	1853	NA
P039	5	Pulse	255	270000	1356	NA
P039	6	Pulse	255	300000	21190	NA
P039	6	Response	101	318890	40080	1
P039	8	Pulse	255	330000	694	NA
P039	10	Pulse	255	360000	363	NA
P039	10	Response	101	379850	20214	1
P039	11	Pulse	255	390000	10032	NA
P039	13	Pulse	255	420000	9534	NA
P039	14	Response	100	432490	11858	1
P039	16	Pulse	255	450000	7037	NA
P039	18	Pulse	255	480000	6706	NA
P039	18	Response	101	483610	10317	1
P039	20	Pulse	255	510000	15875	NA
P039	22	Response	101	536491	12035	1
P039	23	Pulse	255	540000	3378	NA
P039	25	Pulse	255	570000	2881	NA
P039	26	Pulse	255	600000	22715	NA
P039	26	Response	100	605771	28486	1
P039	28	Pulse	255	630000	13718	NA
P039	30	Pulse	255	660000	13388	NA
P039	30	Response	101	665530	18918	1
P039	32	Pulse	255	690000	14057	NA
P039	34	Response	100	716890	10616	1
P039	35	Pulse	255	720000	3060	NA
P039	37	Pulse	255	750000	2563	NA
P039	38	Pulse	255	780000	22397	NA
P039	38	Response	101	803051	45448	1
P039	39	Pulse	255	810000	6901	NA
P039	41	Pulse	255	840000	6404	NA
P039	42	Response	101	851371	7608	1
P039	44	Pulse	255	870000	8239	NA
P039	46	Pulse	255	900000	7908	NA
P039	46	Response	100	915770	23678	1
P039	48	Pulse	255	930000	3745	NA
P039	50	Pulse	255	960000	3414	NA
P039	50	Pulse	255	990000	33414	NA
P039	50	Response	100	998971	42384	1
P039	52	Pulse	255	1020000	10585	NA
P039	54	Response	101	1047131	7385	1
P039	55	Pulse	255	1050000	2755	NA
P039	57	Pulse	255	1080000	2257	NA
P039	58	Pulse	255	1110000	22092	NA
P039	58	Response	100	1128251	40342	1
P039	60	Pulse	255	1140000	1262	NA
P039	62	Pulse	255	1170000	932	NA
P039	62	Response	101	1184011	14943	1
P039	64	Pulse	255	1200000	5601	NA
P039	66	Pulse	255	1230000	5270	NA
P039	66	Response	100	1235932	11202	1
P039	68	Pulse	255	1260000	13605	NA
P039	70	Pulse	255	1290000	13274	NA
P039	70	Response	101	1303372	26646	1
P039	72	Pulse	255	1320000	6111	NA
P039	74	Pulse	255	1350000	5780	NA
P039	74	Response	101	1378171	33951	1
P039	75	Pulse	255	1380000	1616	NA
P039	77	Pulse	255	1410000	1119	NA
P039	78	Pulse	255	1440000	20953	NA
P039	78	Response	100	1453452	34405	1
P039	80	Pulse	255	1470000	6123	NA
P039	82	Pulse	255	1500000	5793	NA
P039	82	Response	101	1505052	10844	1
P039	84	Pulse	255	1530000	14461	NA
P039	86	Pulse	255	1560000	14130	NA
P039	86	Response	100	1574172	28303	1
P039	88	Pulse	255	1590000	5300	NA
P039	90	Pulse	255	1620000	4969	NA
P039	90	Response	100	1626892	11862	1
P039	92	Pulse	255	1650000	12638	NA
P039	94	Response	100	1678971	11279	1
P039	95	Pulse	255	1680000	975	NA
P039	97	Pulse	255	1710000	478	NA
P039	98	Response	100	1729932	10244	1
P039	99	Pulse	255	1740000	9979	NA
P039	101	Pulse	255	1770000	9482	NA
P039	102	Response	101	1798411	27727	1
P039	103	Pulse	255	1800000	1485	NA
P039	105	Pulse	255	1830000	988	NA
P039	106	Response	101	1850412	11233	1
P039	107	Pulse	255	1860000	9489	NA
P039	109	Pulse	255	1890000	8992	NA
P039	110	Pulse	255	1920000	28826	NA
P039	110	Response	100	1925932	34758	1
P039	112	Pulse	255	1950000	13663	NA
P039	114	Pulse	255	1980000	13332	NA
P039	114	Response	100	1990892	24224	1
P039	116	Pulse	255	2010000	8669	NA
P039	118	Pulse	255	2040000	8338	NA
P039	118	Response	101	2054652	22990	1
P039	120	Pulse	255	2070000	4841	NA
P039	122	Pulse	255	2100000	4510	NA
P039	122	Response	101	2109613	14123	1
P039	124	Pulse	255	2130000	9845	NA
P039	126	Pulse	255	2160000	9515	NA
P039	126	Response	100	2172090	21605	1
P039	128	Pulse	255	2190000	7517	NA
P039	130	Pulse	255	2220000	7187	NA
P039	130	Response	101	2239453	26640	1
P039	132	Pulse	255	2250000	23	NA
P039	133	Pulse	255	2280000	9858	NA
P039	134	Response	101	2302173	21865	1
P039	135	Pulse	255	2310000	7694	NA
P039	137	Pulse	255	2340000	7197	NA
P039	138	Response	100	2354813	11844	1
P039	140	Pulse	255	2370000	4699	NA
P039	142	Pulse	255	2400000	4369	NA
P039	142	Response	101	2418013	22382	1
P039	144	Pulse	255	2430000	1538	NA
P039	146	Pulse	255	2460000	1207	NA
P039	146	Response	101	2473933	15140	1
P039	148	Pulse	255	2490000	5543	NA
P039	150	Pulse	255	2520000	5212	NA
P039	150	Response	100	2548173	33385	1
P039	151	Pulse	255	2550000	1715	NA
P039	153	Pulse	255	2580000	1218	NA
P039	154	Response	100	2602813	13865	1
P039	155	Pulse	255	2610000	7053	NA
P039	157	Pulse	255	2640000	6555	NA
P039	158	Response	100	2667695	24084	1
P039	159	Pulse	255	2670000	2225	NA
P039	161	Pulse	255	2700000	1728	NA
P039	162	Pulse	255	2730000	21562	NA
P039	162	Response	100	2733372	24934	1
P039	164	Pulse	255	2760000	16231	NA
P039	166	Response	101	2788092	13993	1
P039	167	Pulse	255	2790000	1735	NA
P039	169	Pulse	255	2820000	1238	NA
P039	170	Pulse	255	2850000	21072	NA
P039	170	Response	100	2859213	30285	1
P039	172	Pulse	255	2880000	10409	NA
P039	174	Pulse	255	2910000	10078	NA
P039	174	Response	100	2916971	17049	1
P039	176	Pulse	255	2940000	12580	NA
P039	178	Pulse	255	2970000	12250	NA
P039	178	Response	101	2972733	14982	1
P039	180	Pulse	255	3000000	16752	NA
P039	182	Pulse	255	3030000	16421	NA
P039	182	Response	100	3041614	28035	1
P039	184	Pulse	255	3060000	7924	NA
P039	186	Pulse	255	3090000	7593	NA
P039	186	Response	101	3092573	10166	1
P039	188	Pulse	255	3120000	16928	NA
P039	190	Response	100	3138814	5412	1
P039	192	Pulse	255	3150000	766	NA
P039	194	Pulse	255	3180000	435	NA
P039	194	Response	100	3198334	18769	1
P039	196	Pulse	255	3210000	1271	NA
P039	198	Pulse	255	3240000	940	NA
P039	198	Response	100	3263616	24556	1
P039	199	Pulse	255	3270000	6276	NA
P039	201	Pulse	255	3300000	5778	NA
P039	202	Response	101	3308654	4266	1
P039	204	Pulse	255	3330000	10947	NA
P039	206	Response	100	3358573	9189	1
P039	207	Pulse	255	3360000	1283	NA
P039	209	Pulse	255	3390000	786	NA
P039	210	Pulse	255	3420000	20620	NA
P039	210	Response	101	3440974	41594	1
P039	211	Pulse	255	3450000	8957	NA
P039	213	Pulse	255	3480000	8460	NA
P039	214	Pulse	255	3510000	28294	NA
P039	214	Response	100	3519214	37508	1
P039	216	Pulse	255	3540000	10298	NA
P039	218	Pulse	255	3570000	9967	NA
P039	218	Response	101	3580095	20062	1
P039	220	Pulse	255	3600000	9470	NA
P039	222	Pulse	255	3630000	9139	NA
P039	222	Pulse	255	3660000	39139	NA
P039	222	Response	101	3673455	52594	1
P039	224	Pulse	255	3690000	6144	NA
P039	226	Pulse	255	3720000	5813	NA
P039	226	Response	101	3731375	17188	1
P039	228	Pulse	255	3750000	8149	NA
P039	230	Response	101	3776417	4236	1
P039	231	Pulse	255	3780000	3485	NA
P039	233	Pulse	255	3810000	2989	NA
P039	234	Pulse	255	3840000	22822	NA
P039	234	Pulse	255	3870000	52822	NA
P039	234	Response	100	3877215	60037	1
P039	236	Pulse	255	3900000	12328	NA
P039	238	Pulse	255	3930000	11997	NA
P039	238	Pulse	255	3960000	41997	NA
P039	238	Response	100	3964095	46092	1
P039	240	Pulse	255	3990000	15502	NA
P039	242	Picture	instruct_trial	4004829	0	1	782601	1	0	next	other	0
P039	242	Pulse	255	4020000	15171	NA
P039	242	Pulse	255	4050000	45171	NA
P039	242	Pulse	255	4080000	75171	NA
P039	242	Pulse	255	4110000	105171	NA
P039	242	Pulse	255	4140000	135171	NA
P039	242	Pulse	255	4170000	165171	NA
P039	242	Pulse	255	4200000	195171	NA
P039	242	Pulse	255	4230000	225171	NA
P039	242	Pulse	255	4260000	255171	NA
P039	242	Pulse	255	4290000	285171	NA
P039	242	Pulse	255	4320000	315171	NA
P039	242	Pulse	255	4350000	345171	NA
P039	242	Pulse	255	4380000	375171	NA
P039	242	Pulse	255	4410000	405171	NA
P039	242	Pulse	255	4440000	435171	NA
P039	242	Pulse	255	4470000	465171	NA
P039	242	Pulse	255	4500000	495171	NA
P039	242	Pulse	255	4530000	525171	NA
P039	242	Pulse	255	4560000	555171	NA
P039	242	Pulse	255	4590000	585171	NA
P039	242	Pulse	255	4620000	615171	NA
P039	242	Pulse	255	4650000	645171	NA
P039	242	Pulse	255	4680000	675171	NA
P039	242	Pulse	255	4710000	705171	NA
P039	242	Pulse	255	4740000	735171	NA
P039	242	Pulse	255	4770000	765171	NA
P039	242	Response	101	4787376	782548	1
P039	243	Pulse	255	4800000	12404	NA
P039	243	Response	101	4816736	29140	1
P039	245	Pulse	255	4830000	2741	NA
P039	247	Pulse	255	4860000	2410	NA
P039	247	Pulse	255	4890000	32410	NA
P039	247	Response	100	4900416	42826	1
P039	249	Pulse	255	4920000	9081	NA
P039	251	Pulse	255	4950000	8750	NA
P039	251	Response	101	4974416	33166	1
P039	252	Pulse	255	4980000	5420	NA
P039	254	Pulse	255	5010000	4923	NA
P039	255	Pulse	255	5040000	24757	NA
P039	255	Response	100	5053696	38453	1
P039	257	Pulse	255	5070000	5928	NA
P039	259	Pulse	255	5100000	5597	NA
P039	259	Response	100	5107296	12893	1
P039	261	Pulse	255	5130000	12265	NA
P039	263	Pulse	255	5160000	11935	NA
P039	263	Response	100	5187216	39151	1
P039	264	Pulse	255	5190000	2605	NA
P039	266	Pulse	255	5220000	2107	NA
P039	267	Response	101	5237936	9877	1
P039	269	Pulse	255	5250000	1610	NA
P039	271	Pulse	255	5280000	1279	NA
P039	271	Response	101	5286416	7696	1
P039	273	Pulse	255	5310000	13114	NA
P039	275	Pulse	255	5340000	12783	NA
P039	275	Response	101	5342577	15360	1
P039	277	Pulse	255	5370000	16952	NA
P039	279	Response	100	5394257	10878	1
P039	280	Pulse	255	5400000	5622	NA
P039	282	Pulse	255	5430000	5125	NA
P039	283	Response	101	5457856	22815	1
P039	284	Pulse	255	5460000	1961	NA
P039	286	Pulse	255	5490000	1463	NA
P039	287	Response	101	5514096	15393	1
P039	288	Pulse	255	5520000	5799	NA
P039	290	Pulse	255	5550000	5301	NA
P039	291	Response	100	5568974	14110	1
P039	293	Pulse	255	5580000	638	NA
P039	295	Pulse	255	5610000	307	NA
P039	295	Response	100	5626495	16802	1
P039	297	Pulse	255	5640000	2976	NA
P039	299	Pulse	255	5670000	2645	NA
P039	299	Pulse	255	5700000	32645	NA
P039	299	Response	101	5712176	44821	1
P039	301	Pulse	255	5730000	7317	NA
P039	303	Pulse	255	5760000	6986	NA
P039	303	Response	101	5763855	10840	1
P039	305	Pulse	255	5790000	15654	NA
P039	307	Response	101	5816894	12218	1
P039	308	Pulse	255	5820000	2991	NA
P039	310	Pulse	255	5850000	2494	NA
P039	311	Response	100	5866095	8423	1
P039	313	Pulse	255	5880000	3496	NA
P039	315	Pulse	255	5910000	3165	NA
P039	315	Pulse	255	5940000	33165	NA
P039	315	Response	100	5963855	57020	1
P039	316	Pulse	255	5970000	6004	NA
P039	318	Pulse	255	6000000	5506	NA
P039	319	Response	100	6009937	5277	1
P039	321	Pulse	255	6030000	9675	NA
P039	323	Pulse	255	6060000	9344	NA
P039	323	Response	100	6073775	23119	1
P039	325	Pulse	255	6090000	5847	NA
P039	327	Response	101	6119935	5452	1
P039	328	Pulse	255	6120000	17	NA
P039	329	Pulse	255	6150000	19684	NA
P039	331	Pulse	255	6180000	19354	NA
P039	331	Response	101	6203856	43210	1
P039	332	Pulse	255	6210000	6024	NA
P039	334	Pulse	255	6240000	5526	NA
P039	335	Response	101	6261775	17136	1
P039	336	Pulse	255	6270000	8029	NA
P039	338	Pulse	255	6300000	7531	NA
P039	339	Response	101	6311137	8502	1
P039	341	Pulse	255	6330000	8367	NA
P039	343	Response	100	6356737	4774	1
P039	344	Pulse	255	6360000	3203	NA
P039	346	Pulse	255	6390000	2706	NA
P039	347	Pulse	255	6420000	22540	NA
P039	347	Response	100	6438818	41358	1
P039	349	Pulse	255	6450000	711	NA
P039	351	Pulse	255	6480000	381	NA
P039	351	Response	101	6486658	7038	1
P039	353	Pulse	255	6510000	12882	NA
P039	355	Pulse	255	6540000	12551	NA
P039	355	Response	101	6564897	37448	1
P039	356	Pulse	255	6570000	5054	NA
P039	358	Pulse	255	6600000	4557	NA
P039	359	Response	100	6611778	6169	1
P039	361	Pulse	255	6630000	7726	NA
P039	363	Pulse	255	6660000	7395	NA
P039	363	Pulse	255	6690000	37395	NA
P039	363	Response	100	6692659	40054	1
P039	365	Pulse	255	6720000	16899	NA
P039	367	Pulse	255	6750000	16569	NA
P039	367	Response	100	6752898	19466	1
P039	369	Pulse	255	6780000	16571	NA
P039	371	Response	100	6806739	12979	1
P039	372	Pulse	255	6810000	3075	NA
P039	374	Pulse	255	6840000	2577	NA
P039	375	Response	101	6856979	9390	1
P039	377	Pulse	255	6870000	2580	NA
P039	379	Pulse	255	6900000	2249	NA
P039	379	Response	101	6927298	29548	1
P039	380	Pulse	255	6930000	2585	NA
P039	382	Pulse	255	6960000	2088	NA
P039	383	Response	100	6973698	5620	1
P039	385	Pulse	255	6990000	5923	NA
P039	387	Pulse	255	7020000	5592	NA
P039	387	Response	100	7042338	27930	1
P039	388	Pulse	255	7050000	7595	NA
P039	390	Pulse	255	7080000	7097	NA
P039	391	Response	101	7090258	7190	1
P039	393	Pulse	255	7110000	9266	NA
P039	395	Pulse	255	7140000	8936	NA
P039	395	Pulse	255	7170000	38936	NA
P039	395	Response	101	7174658	43593	1
P039	397	Pulse	255	7200000	14940	NA
P039	399	Response	101	7221859	6468	1
P039	400	Pulse	255	7230000	7943	NA
P039	402	Pulse	255	7260000	7446	NA
P039	403	Response	100	7273459	10739	1
P039	405	Pulse	255	7290000	6115	NA
P039	407	Pulse	255	7320000	5784	NA
P039	407	Response	101	7323539	9323	1
P039	409	Pulse	255	7350000	15953	NA
P039	411	Response	101	7368499	4121	1
P039	413	Pulse	255	7380000	1123	NA
P039	415	Pulse	255	7410000	792	NA
P039	415	Response	101	7419619	10411	1
P039	417	Pulse	255	7440000	9961	NA
P039	419	Pulse	255	7470000	9630	NA
P039	419	Response	101	7474259	13889	1
P039	421	Pulse	255	7500000	15299	NA
P039	423	Response	101	7525859	10827	1
P039	424	Pulse	255	7530000	3969	NA
P039	426	Pulse	255	7560000	3472	NA
P039	427	Response	100	7583859	17165	1
P039	428	Pulse	255	7590000	5974	NA
P039	430	Pulse	255	7620000	5476	NA
P039	431	Response	101	7636819	12130	1
P039	433	Pulse	255	7650000	2646	NA
P039	435	Pulse	255	7680000	2315	NA
P039	435	Response	100	7683058	5374	1
P039	437	Pulse	255	7710000	16483	NA
P039	439	Response	101	7730180	6333	1
P039	440	Pulse	255	7740000	9653	NA
P039	442	Pulse	255	7770000	9155	NA
P039	443	Response	100	7782179	11168	1
P039	445	Pulse	255	7800000	7325	NA
P039	447	Pulse	255	7830000	6994	NA
P039	447	Response	101	7839459	16453	1
P039	449	Pulse	255	7860000	10163	NA
P039	451	Response	100	7889059	8892	1
P039	452	Pulse	255	7890000	833	NA
P039	454	Pulse	255	7920000	336	NA
P039	455	Response	100	7939460	9630	1
P039	457	Pulse	255	7950000	5	NA
P039	458	Pulse	255	7980000	9840	NA
P039	459	Response	100	8000579	20253	1
P039	460	Pulse	255	8010000	9342	NA
P039	462	Pulse	255	8040000	8845	NA
P039	463	Response	101	8049381	8060	1
P039	465	Pulse	255	8070000	10181	NA
P039	467	Pulse	255	8100000	9850	NA
P039	467	Response	100	8102259	12109	1
P039	469	Pulse	255	8130000	17352	NA
P039	471	Response	100	8159780	16801	1
P039	472	Pulse	255	8160000	23	NA
P039	473	Pulse	255	8190000	19690	NA
P039	475	Response	101	8209620	8980	1
P039	476	Pulse	255	8220000	10193	NA
P039	478	Pulse	255	8250000	9696	NA
P039	479	Response	101	8259301	8831	1
P039	481	Pulse	255	8280000	10198	NA
P039	483	Picture	instruct_trial	8300132	0	1	38497	1	0	next	other	0
P039	483	Pulse	255	8310000	9868	NA
P039	483	Response	101	8338500	38368	1
P039	484	Pulse	255	8340000	1204	NA
P039	484	Pulse	255	8370000	31204	NA
P039	484	Response	101	8382100	43304	1
P039	486	Pulse	255	8400000	7376	NA
P039	488	Pulse	255	8430000	7045	NA
P039	488	Pulse	255	8460000	37045	NA
P039	488	Response	100	8466340	43385	1
P039	490	Pulse	255	8490000	13216	NA
P039	492	Pulse	255	8520000	12885	NA
P039	492	Response	101	8545700	38586	1
P039	493	Pulse	255	8550000	4222	NA
P039	495	Pulse	255	8580000	3724	NA
P039	496	Response	101	8598661	12219	1
P039	498	Pulse	255	8610000	894	NA
P039	500	Pulse	255	8640000	563	NA
P039	500	Response	100	8646021	6584	1
P039	502	Response	101	8657540	1104	1
P039	502	Pulse	255	8670000	13564	NA
P039	504	Pulse	255	8700000	13234	NA
P039	504	Response	101	8702261	15495	1
P039	506	Pulse	255	8730000	17236	NA
P039	508	Response	100	8754261	11166	1
P039	509	Pulse	255	8760000	5573	NA
P039	511	Pulse	255	8790000	5075	NA
P039	512	Pulse	255	8820000	24910	NA
P039	512	Response	100	8839541	44451	1
P039	514	Pulse	255	8850000	81	NA
P039	515	Pulse	255	8880000	9916	NA
P039	516	Response	100	8899941	19691	1
P039	517	Pulse	255	8910000	9918	NA
P039	519	Pulse	255	8940000	9421	NA
P039	520	Response	101	8947701	6956	1
P039	522	Pulse	255	8970000	11923	NA
P039	524	Pulse	255	9000000	11593	NA
P039	524	Response	101	9022501	34094	1
P039	525	Pulse	255	9030000	7429	NA
P039	527	Pulse	255	9060000	6931	NA
P039	528	Pulse	255	9090000	26766	NA
P039	528	Response	100	9101861	38626	1
P039	530	Pulse	255	9120000	7603	NA
P039	532	Pulse	255	9150000	7272	NA
P039	532	Pulse	255	9180000	37272	NA
P039	532	Response	101	9194661	51933	1
P039	534	Pulse	255	9210000	4944	NA
P039	536	Pulse	255	9240000	4613	NA
P039	536	Response	101	9240901	5515	1
P039	538	Pulse	255	9270000	18615	NA
P039	540	Response	100	9299382	17666	1
P039	541	Pulse	255	9300000	452	NA
P039	542	Pulse	255	9330000	20120	NA
P039	544	Response	100	9347381	7170	1
P039	546	Pulse	255	9360000	2124	NA
P039	548	Pulse	255	9390000	1793	NA
P039	548	Response	100	9393462	5255	1
P039	550	Pulse	255	9420000	16128	NA
P039	552	Response	100	9447302	13099	1
P039	553	Pulse	255	9450000	2631	NA
P039	555	Pulse	255	9480000	2134	NA
P039	556	Pulse	255	9510000	21968	NA
P039	556	Response	101	9525782	37750	1
P039	558	Pulse	255	9540000	3805	NA
P039	560	Pulse	255	9570000	3475	NA
P039	560	Response	101	9577061	10536	1
P039	562	Pulse	255	9600000	12476	NA
P039	564	Response	101	9624262	6408	1
P039	565	Pulse	255	9630000	5646	NA
P039	567	Pulse	255	9660000	5149	NA
P039	568	Response	100	9671782	6765	1
P039	570	Pulse	255	9690000	7818	NA
P039	572	Response	100	9717702	5189	1
P039	573	Pulse	255	9720000	2154	NA
P039	575	Pulse	255	9750000	1657	NA
P039	576	Response	100	9764982	6473	1
P039	578	Pulse	255	9780000	4492	NA
P039	580	Pulse	255	9810000	4162	NA
P039	580	Response	100	9811302	5463	1
P039	582	Pulse	255	9840000	18163	NA
P039	584	Response	101	9860022	7854	1
P039	585	Pulse	255	9870000	9833	NA
P039	587	Pulse	255	9900000	9335	NA
P039	588	Response	101	9911223	10392	1
P039	590	Pulse	255	9930000	8338	NA
P039	592	Pulse	255	9960000	8007	NA
P039	592	Response	100	9968822	16829	1
P039	594	Pulse	255	9990000	10676	NA
P039	596	Response	100	10014822	5168	1
P039	597	Pulse	255	10020000	5013	NA
P039	599	Pulse	255	10050000	4515	NA
P039	600	Response	101	10068742	13092	1
P039	602	Pulse	255	10080000	851	NA
P039	604	Pulse	255	10110000	521	NA
P039	604	Response	101	10129623	20143	1
P039	605	Pulse	255	10140000	10189	NA
P039	607	Pulse	255	10170000	9692	NA
P039	608	Response	101	10177542	7068	1
P039	610	Pulse	255	10200000	12027	NA
P039	612	Response	101	10227222	8919	1
P039	613	Pulse	255	10230000	2697	NA
P039	615	Pulse	255	10260000	2200	NA
P039	616	Pulse	255	10290000	22034	NA
P039	616	Response	101	10294743	26777	1
P039	618	Pulse	255	10320000	14870	NA
P039	620	Response	100	10340502	5042	1
P039	621	Pulse	255	10350000	9373	NA
P039	623	Pulse	255	10380000	8876	NA
P039	624	Response	101	10384823	3533	1
P039	626	Pulse	255	10410000	14711	NA
P039	628	Response	101	10433383	7763	1
P039	629	Pulse	255	10440000	6548	NA
P039	631	Pulse	255	10470000	6051	NA
P039	632	Response	100	10482583	8468	1
P039	634	Pulse	255	10500000	6886	NA
P039	636	Pulse	255	10530000	6556	NA
P039	636	Response	100	10536103	12659	1
P039	638	Pulse	255	10560000	13391	NA
P039	640	Response	100	10582423	5483	1
P039	641	Pulse	255	10590000	7394	NA
P039	643	Pulse	255	10620000	6896	NA
P039	644	Response	101	10630823	7553	1
P039	646	Pulse	255	10650000	8732	NA
P039	648	Response	101	10677543	5944	1
P039	649	Pulse	255	10680000	2402	NA
P039	651	Pulse	255	10710000	1905	NA
P039	652	Pulse	255	10740000	21739	NA
P039	652	Response	101	10740743	22481	1
P039	654	Pulse	255	10770000	18742	NA
P039	656	Response	100	10788344	6754	1
P039	658	Pulse	255	10800000	1246	NA
P039	660	Pulse	255	10830000	915	NA
P039	660	Response	100	10836663	7578	1
P039	662	Pulse	255	10860000	12916	NA
P039	664	Response	100	10884103	6688	1
P039	665	Pulse	255	10890000	5753	NA
P039	667	Pulse	255	10920000	5255	NA
P039	668	Response	101	10933624	8713	1
P039	670	Pulse	255	10950000	5924	NA
P039	672	Pulse	255	10980000	5594	NA
P039	672	Response	101	10983303	8897	1
P039	673	Response	100	10989862	6456	1
P039	674	Pulse	255	11010000	16262	NA
P039	676	Response	101	11032024	7955	1
P039	677	Pulse	255	11040000	7932	NA
P039	679	Pulse	255	11070000	7434	NA
P039	680	Response	101	11087864	15132	1
P039	682	Pulse	255	11100000	1604	NA
P039	684	Pulse	255	11130000	1273	NA
P039	684	Response	101	11136903	8177	1
P039	686	Pulse	255	11160000	12608	NA
P039	688	Response	100	11184663	6941	1
P039	689	Pulse	255	11190000	5278	NA
P039	691	Pulse	255	11220000	4781	NA
P039	692	Response	101	11233784	8399	1
P039	694	Pulse	255	11250000	5783	NA
P039	696	Pulse	255	11280000	5452	NA
P039	696	Response	100	11281464	6917	1
P039	698	Pulse	255	11310000	18121	NA
P039	700	Response	101	11329784	7574	1
P039	701	Pulse	255	11340000	10124	NA
P039	703	Pulse	255	11370000	9626	NA
P039	704	Response	100	11374744	4205	1
P039	706	Pulse	255	11400000	14795	NA
P039	708	Response	101	11425385	9849	1
P039	709	Pulse	255	11430000	4465	NA
P039	711	Pulse	255	11460000	3968	NA
P039	712	Response	101	11477945	11746	1
P039	714	Pulse	255	11490000	1637	NA
P039	716	Pulse	255	11520000	1306	NA
P039	716	Response	100	11528024	9330	1
P039	718	Pulse	255	11550000	11475	NA
P039	720	Response	100	11572504	3648	1
P039	721	Pulse	255	11580000	7311	NA
P039	723	Pulse	255	11610000	6814	NA
P039	724	Picture	instruct_trial	11613352	0	1	40163	1	0	next	other	0
P039	724	Pulse	255	11640000	26648	NA
