Scenario - learning_JJ_english
Logfile written - 05/04/2022 11:43:40

Subject	Trial	Event Type	Code	Time	TTime	Uncertainty	Duration	Uncertainty	ReqTime	ReqDur	Stim Type	Pair Index

P039tv1	0	Pulse	255	0	0	NA
P039tv1	1	Picture	instruct_trial	10500	0	1	187317	1	0	next	other	0
P039tv1	1	Pulse	255	30000	19500	NA
P039tv1	1	Pulse	255	60000	49500	NA
P039tv1	1	Pulse	255	90000	79500	NA
P039tv1	1	Pulse	255	120000	109500	NA
P039tv1	1	Pulse	255	150000	139500	NA
P039tv1	1	Pulse	255	180000	169500	NA
P039tv1	1	Response	101	197690	187191	1
P039tv1	1	Pulse	255	210000	199500	NA
P039tv1	2	Response	100	220089	9940	1
P039tv1	4	Pulse	255	240000	9519	NA
P039tv1	6	Response	100	268090	7279	1
P039tv1	7	Pulse	255	270000	1856	NA
P039tv1	9	Pulse	255	300000	1359	NA
P039tv1	10	Response	101	313530	4723	1
P039tv1	12	Pulse	255	330000	6028	NA
P039tv1	14	Pulse	255	360000	5697	NA
P039tv1	14	Response	100	360330	6027	1
P039tv1	16	Pulse	255	390000	19198	NA
P039tv1	18	Response	100	411289	10157	1
P039tv1	19	Pulse	255	420000	8535	NA
P039tv1	21	Pulse	255	450000	8038	NA
P039tv1	22	Response	101	460970	8842	1
P039tv1	24	Pulse	255	480000	8540	NA
P039tv1	26	Response	100	507769	5979	1
P039tv1	27	Pulse	255	510000	2044	NA
P039tv1	29	Pulse	255	540000	1546	NA
P039tv1	30	Response	101	554409	5790	1
P039tv1	32	Pulse	255	570000	5215	NA
P039tv1	34	Pulse	255	600000	4884	NA
P039tv1	34	Response	101	600729	5614	1
P039tv1	36	Pulse	255	630000	18886	NA
P039tv1	38	Response	100	650089	8644	1
P039tv1	39	Pulse	255	660000	9723	NA
P039tv1	41	Pulse	255	690000	9225	NA
P039tv1	42	Response	100	696650	5709	1
P039tv1	44	Pulse	255	720000	12894	NA
P039tv1	46	Response	101	744490	7053	1
P039tv1	47	Pulse	255	750000	5397	NA
P039tv1	49	Pulse	255	780000	4900	NA
P039tv1	50	Response	100	792570	7304	1
P039tv1	52	Pulse	255	810000	6902	NA
P039tv1	54	Pulse	255	840000	6572	NA
P039tv1	54	Response	100	848169	14741	1
P039tv1	56	Pulse	255	870000	11407	NA
P039tv1	58	Pulse	255	900000	11077	NA
P039tv1	58	Response	101	906489	17566	1
P039tv1	60	Pulse	255	930000	13079	NA
P039tv1	62	Response	101	959369	12117	1
P039tv1	63	Pulse	255	960000	583	NA
P039tv1	65	Pulse	255	990000	85	NA
P039tv1	66	Response	101	1003769	3689	1
P039tv1	68	Pulse	255	1020000	5754	NA
P039tv1	70	Pulse	255	1050000	5423	NA
P039tv1	70	Response	100	1054729	10153	1
P039tv1	72	Pulse	255	1080000	14759	NA
P039tv1	74	Response	100	1105129	9557	1
P039tv1	75	Pulse	255	1110000	4762	NA
P039tv1	77	Pulse	255	1140000	4265	NA
P039tv1	78	Response	100	1153929	8028	1
P039tv1	80	Pulse	255	1170000	5601	NA
P039tv1	82	Pulse	255	1200000	5270	NA
P039tv1	82	Response	101	1206969	12239	1
P039tv1	84	Pulse	255	1230000	12605	NA
P039tv1	86	Response	101	1256249	8523	1
P039tv1	87	Pulse	255	1260000	3609	NA
P039tv1	89	Pulse	255	1290000	3111	NA
P039tv1	90	Response	101	1315049	17994	1
P039tv1	91	Pulse	255	1320000	4780	NA
P039tv1	93	Pulse	255	1350000	4283	NA
P039tv1	94	Response	100	1364249	8366	1
P039tv1	96	Pulse	255	1380000	5285	NA
P039tv1	98	Pulse	255	1410000	4955	NA
P039tv1	98	Response	101	1412488	7443	1
P039tv1	100	Pulse	255	1440000	17123	NA
P039tv1	102	Response	100	1461288	8081	1
P039tv1	103	Pulse	255	1470000	8626	NA
P039tv1	105	Pulse	255	1500000	8129	NA
P039tv1	106	Response	101	1526249	24212	1
P039tv1	107	Pulse	255	1530000	3632	NA
P039tv1	109	Pulse	255	1560000	3135	NA
P039tv1	110	Response	101	1575369	8337	1
P039tv1	112	Pulse	255	1590000	4137	NA
P039tv1	114	Pulse	255	1620000	3806	NA
P039tv1	114	Response	101	1633448	17255	1
P039tv1	116	Pulse	255	1650000	6142	NA
P039tv1	118	Pulse	255	1680000	5812	NA
P039tv1	118	Response	100	1680569	6380	1
P039tv1	120	Pulse	255	1710000	18980	NA
P039tv1	122	Response	101	1731128	9777	1
P039tv1	123	Pulse	255	1740000	8816	NA
P039tv1	125	Pulse	255	1770000	8319	NA
P039tv1	126	Response	100	1786169	14323	1
P039tv1	128	Pulse	255	1800000	3322	NA
P039tv1	130	Pulse	255	1830000	2991	NA
P039tv1	130	Response	100	1842489	15480	1
P039tv1	132	Pulse	255	1860000	6994	NA
P039tv1	134	Response	100	1889448	6111	1
P039tv1	135	Pulse	255	1890000	497	NA
P039tv1	135	Response	101	1893848	4345	1
P039tv1	136	Pulse	255	1920000	20164	NA
P039tv1	138	Response	101	1941768	11602	1
P039tv1	139	Pulse	255	1950000	8168	NA
P039tv1	141	Pulse	255	1980000	7671	NA
P039tv1	142	Response	100	1989288	6793	1
P039tv1	144	Pulse	255	2010000	10173	NA
P039tv1	146	Pulse	255	2040000	9842	NA
P039tv1	146	Response	100	2040008	9851	1
P039tv1	148	Pulse	255	2070000	19511	NA
P039tv1	150	Response	101	2086648	5828	1
P039tv1	152	Pulse	255	2100000	2848	NA
P039tv1	154	Pulse	255	2130000	2518	NA
P039tv1	154	Response	100	2134008	6525	1
P039tv1	156	Pulse	255	2160000	15519	NA
P039tv1	158	Response	101	2183128	8316	1
P039tv1	159	Pulse	255	2190000	6689	NA
P039tv1	161	Pulse	255	2220000	6192	NA
P039tv1	162	Response	100	2232248	8274	1
P039tv1	164	Pulse	255	2250000	7361	NA
P039tv1	166	Pulse	255	2280000	7030	NA
P039tv1	166	Response	101	2307048	34078	1
P039tv1	167	Pulse	255	2310000	2867	NA
P039tv1	169	Pulse	255	2340000	2369	NA
P039tv1	170	Response	101	2363848	16051	1
P039tv1	171	Pulse	255	2370000	6038	NA
P039tv1	173	Pulse	255	2400000	5541	NA
P039tv1	174	Pulse	255	2430000	25375	NA
P039tv1	174	Response	100	2444327	39702	1
P039tv1	176	Pulse	255	2460000	5213	NA
P039tv1	178	Pulse	255	2490000	4882	NA
P039tv1	178	Response	101	2500007	14889	1
P039tv1	180	Pulse	255	2520000	9551	NA
P039tv1	182	Response	101	2548808	8028	1
P039tv1	183	Pulse	255	2550000	1054	NA
P039tv1	185	Pulse	255	2580000	557	NA
P039tv1	186	Response	101	2609447	19838	1
P039tv1	187	Pulse	255	2610000	393	NA
P039tv1	188	Pulse	255	2640000	20060	NA
P039tv1	190	Response	101	2661367	11097	1
P039tv1	191	Pulse	255	2670000	8564	NA
P039tv1	193	Pulse	255	2700000	8067	NA
P039tv1	194	Response	100	2706087	3988	1
P039tv1	196	Pulse	255	2730000	13402	NA
P039tv1	198	Response	101	2753208	6279	1
P039tv1	199	Pulse	255	2760000	6739	NA
P039tv1	201	Pulse	255	2790000	6241	NA
P039tv1	202	Response	100	2800408	6483	1
P039tv1	204	Pulse	255	2820000	9077	NA
P039tv1	206	Response	101	2847127	5873	1
P039tv1	207	Pulse	255	2850000	2747	NA
P039tv1	209	Pulse	255	2880000	2249	NA
P039tv1	210	Response	100	2893767	5851	1
P039tv1	212	Pulse	255	2910000	5752	NA
P039tv1	214	Pulse	255	2940000	5421	NA
P039tv1	214	Response	100	2940328	5749	1
P039tv1	216	Pulse	255	2970000	19256	NA
P039tv1	218	Response	100	2984727	3652	1
P039tv1	220	Pulse	255	3000000	4760	NA
P039tv1	222	Pulse	255	3030000	4429	NA
P039tv1	222	Response	101	3030327	4756	1
P039tv1	224	Pulse	255	3060000	19264	NA
P039tv1	226	Response	100	3077127	6060	1
P039tv1	228	Pulse	255	3090000	2434	NA
P039tv1	230	Pulse	255	3120000	2104	NA
P039tv1	230	Response	100	3123686	5790	1
P039tv1	232	Pulse	255	3150000	15938	NA
P039tv1	234	Response	101	3172327	7934	1
P039tv1	235	Pulse	255	3180000	7608	NA
P039tv1	237	Pulse	255	3210000	7111	NA
P039tv1	238	Response	101	3217287	4232	1
P039tv1	240	Pulse	255	3240000	12280	NA
P039tv1	242	Picture	instruct_trial	3258051	0	1	12832	1	0	next	other	0
P039tv1	242	Pulse	255	3270000	11949	NA
P039tv1	242	Response	101	3270727	12677	1
P039tv1	243	Pulse	255	3300000	28950	NA
P039tv1	243	Pulse	255	3330000	58950	NA
P039tv1	243	Response	100	3337206	66157	1
P039tv1	245	Pulse	255	3360000	12290	NA
P039tv1	247	Pulse	255	3390000	11960	NA
P039tv1	247	Response	101	3401846	23805	1
P039tv1	249	Pulse	255	3420000	7629	NA
P039tv1	251	Response	100	3447127	4425	1
P039tv1	252	Pulse	255	3450000	2799	NA
P039tv1	254	Pulse	255	3480000	2302	NA
P039tv1	255	Response	101	3492087	4222	1
P039tv1	257	Pulse	255	3510000	7470	NA
P039tv1	259	Pulse	255	3540000	7140	NA
P039tv1	259	Response	101	3545926	13066	1
P039tv1	261	Pulse	255	3570000	13642	NA
P039tv1	263	Response	100	3598406	11717	1
P039tv1	264	Pulse	255	3600000	1479	NA
P039tv1	266	Pulse	255	3630000	981	NA
P039tv1	267	Response	101	3643286	4101	1
P039tv1	269	Pulse	255	3660000	6317	NA
P039tv1	271	Pulse	255	3690000	5986	NA
P039tv1	271	Response	100	3692166	8152	1
P039tv1	273	Pulse	255	3720000	17321	NA
P039tv1	275	Response	101	3737206	4197	1
P039tv1	277	Pulse	255	3750000	2325	NA
P039tv1	279	Pulse	255	3780000	1994	NA
P039tv1	279	Response	101	3783766	5760	1
P039tv1	281	Pulse	255	3810000	15829	NA
P039tv1	283	Response	101	3834086	9584	1
P039tv1	284	Pulse	255	3840000	5833	NA
P039tv1	286	Pulse	255	3870000	5335	NA
P039tv1	287	Response	100	3885285	10455	1
P039tv1	289	Pulse	255	3900000	4338	NA
P039tv1	291	Pulse	255	3930000	4007	NA
P039tv1	291	Response	101	3935445	9452	1
P039tv1	293	Pulse	255	3960000	14176	NA
P039tv1	295	Response	100	3983926	7770	1
P039tv1	296	Pulse	255	3990000	6012	NA
P039tv1	298	Pulse	255	4020000	5515	NA
P039tv1	299	Pulse	255	4050000	25349	NA
P039tv1	299	Pulse	255	4080000	55349	NA
P039tv1	299	Response	100	4080086	55435	1
P039tv1	301	Pulse	255	4110000	19521	NA
P039tv1	303	Pulse	255	4140000	19191	NA
P039tv1	303	Response	100	4168885	48076	1
P039tv1	304	Pulse	255	4170000	1028	NA
P039tv1	306	Pulse	255	4200000	531	NA
P039tv1	307	Response	100	4217286	7651	1
P039tv1	309	Pulse	255	4230000	2200	NA
P039tv1	311	Pulse	255	4260000	1869	NA
P039tv1	311	Response	101	4264085	5955	1
P039tv1	313	Pulse	255	4290000	15537	NA
P039tv1	315	Pulse	255	4320000	15207	NA
P039tv1	315	Response	100	4324485	19692	1
P039tv1	317	Pulse	255	4350000	15043	NA
P039tv1	319	Response	100	4370405	5117	1
P039tv1	320	Pulse	255	4380000	9546	NA
P039tv1	322	Pulse	255	4410000	9048	NA
P039tv1	323	Response	100	4424165	13048	1
P039tv1	325	Pulse	255	4440000	5385	NA
P039tv1	327	Response	101	4469605	4659	1
P039tv1	328	Pulse	255	4470000	221	NA
P039tv1	329	Pulse	255	4500000	19889	NA
P039tv1	331	Response	100	4521525	11083	1
P039tv1	332	Pulse	255	4530000	8392	NA
P039tv1	334	Pulse	255	4560000	7895	NA
P039tv1	335	Response	100	4582485	20214	1
P039tv1	336	Pulse	255	4590000	7398	NA
P039tv1	338	Pulse	255	4620000	6900	NA
P039tv1	339	Response	101	4627445	4179	1
P039tv1	341	Pulse	255	4650000	12069	NA
P039tv1	343	Response	100	4675124	6863	1
P039tv1	344	Pulse	255	4680000	4739	NA
P039tv1	346	Pulse	255	4710000	4242	NA
P039tv1	347	Pulse	255	4740000	24076	NA
P039tv1	347	Response	101	4746084	30160	1
P039tv1	349	Pulse	255	4770000	13413	NA
P039tv1	351	Response	101	4793764	6846	1
P039tv1	352	Pulse	255	4800000	6083	NA
P039tv1	354	Pulse	255	4830000	5585	NA
P039tv1	355	Response	101	4839524	4943	1
P039tv1	357	Pulse	255	4860000	10087	NA
P039tv1	359	Response	100	4884724	4481	1
P039tv1	360	Pulse	255	4890000	5090	NA
P039tv1	362	Pulse	255	4920000	4593	NA
P039tv1	363	Pulse	255	4950000	24427	NA
P039tv1	363	Response	100	4969604	44032	1
P039tv1	364	Pulse	255	4980000	10264	NA
P039tv1	366	Pulse	255	5010000	9767	NA
P039tv1	367	Response	100	5024165	13766	1
P039tv1	369	Pulse	255	5040000	5437	NA
P039tv1	371	Pulse	255	5070000	5106	NA
P039tv1	371	Response	100	5073764	8870	1
P039tv1	373	Pulse	255	5100000	15774	NA
P039tv1	375	Pulse	255	5130000	15444	NA
P039tv1	375	Response	101	5130964	16408	1
P039tv1	377	Pulse	255	5160000	18613	NA
P039tv1	379	Response	101	5181604	9886	1
P039tv1	380	Pulse	255	5190000	8283	NA
P039tv1	382	Pulse	255	5220000	7786	NA
P039tv1	383	Response	101	5225044	2664	1
P039tv1	384	Response	100	5233284	8071	1
P039tv1	385	Pulse	255	5250000	14454	NA
P039tv1	387	Response	100	5274965	9088	1
P039tv1	388	Pulse	255	5280000	4958	NA
P039tv1	390	Pulse	255	5310000	4460	NA
P039tv1	391	Response	101	5323524	7819	1
P039tv1	393	Pulse	255	5340000	5963	NA
P039tv1	395	Pulse	255	5370000	5632	NA
P039tv1	395	Response	100	5385524	21156	1
P039tv1	397	Pulse	255	5400000	3968	NA
P039tv1	399	Pulse	255	5430000	3638	NA
P039tv1	399	Response	101	5434804	8441	1
P039tv1	401	Pulse	255	5460000	14806	NA
P039tv1	403	Response	100	5488244	12719	1
P039tv1	404	Pulse	255	5490000	1643	NA
P039tv1	406	Pulse	255	5520000	1146	NA
P039tv1	407	Response	100	5538084	9063	1
P039tv1	409	Pulse	255	5550000	1481	NA
P039tv1	411	Pulse	255	5580000	1151	NA
P039tv1	411	Response	101	5585684	6835	1
P039tv1	413	Pulse	255	5610000	13819	NA
P039tv1	415	Pulse	255	5640000	13488	NA
P039tv1	415	Response	101	5640324	13812	1
P039tv1	417	Pulse	255	5670000	19157	NA
P039tv1	419	Pulse	255	5700000	18826	NA
P039tv1	419	Response	101	5708244	27070	1
P039tv1	421	Pulse	255	5730000	11330	NA
P039tv1	423	Response	101	5756484	7483	1
P039tv1	424	Pulse	255	5760000	3333	NA
P039tv1	426	Pulse	255	5790000	2836	NA
P039tv1	427	Response	100	5809924	12594	1
P039tv1	428	Pulse	255	5820000	10004	NA
P039tv1	430	Pulse	255	5850000	9507	NA
P039tv1	431	Response	101	5862964	12305	1
P039tv1	433	Pulse	255	5880000	6510	NA
P039tv1	435	Pulse	255	5910000	6179	NA
P039tv1	435	Response	100	5917444	13623	1
P039tv1	437	Pulse	255	5940000	12181	NA
P039tv1	439	Response	101	5964883	6734	1
P039tv1	440	Pulse	255	5970000	5018	NA
P039tv1	442	Pulse	255	6000000	4520	NA
P039tv1	443	Response	101	6022883	17237	1
P039tv1	444	Pulse	255	6030000	7023	NA
P039tv1	446	Pulse	255	6060000	6525	NA
P039tv1	447	Response	101	6078483	14843	1
P039tv1	449	Pulse	255	6090000	1028	NA
P039tv1	451	Pulse	255	6120000	698	NA
P039tv1	451	Response	100	6126477	7175	10
P039tv1	453	Pulse	255	6150000	13033	NA
P039tv1	455	Response	100	6174803	7505	1
P039tv1	456	Pulse	255	6180000	5036	NA
P039tv1	458	Pulse	255	6210000	4539	NA
P039tv1	459	Pulse	255	6240000	24373	NA
P039tv1	459	Pulse	255	6270000	54373	NA
P039tv1	459	Response	100	6273203	57576	1
P039tv1	461	Pulse	255	6300000	16379	NA
P039tv1	463	Pulse	255	6330000	16048	NA
P039tv1	463	Pulse	255	6360000	46048	NA
P039tv1	463	Response	101	6367685	53733	1
P039tv1	465	Pulse	255	6390000	11887	NA
P039tv1	467	Pulse	255	6420000	11556	NA
P039tv1	467	Pulse	255	6450000	41556	NA
P039tv1	467	Response	100	6460243	51799	1
P039tv1	469	Pulse	255	6480000	9228	NA
P039tv1	471	Pulse	255	6510000	8898	NA
P039tv1	471	Response	100	6517603	16500	1
P039tv1	473	Pulse	255	6540000	11900	NA
P039tv1	475	Pulse	255	6570000	11569	NA
P039tv1	475	Response	101	6587043	28612	1
P039tv1	477	Pulse	255	6600000	2573	NA
P039tv1	479	Pulse	255	6630000	2242	NA
P039tv1	479	Response	101	6639043	11285	1
P039tv1	481	Pulse	255	6660000	10577	NA
P039tv1	483	Picture	instruct_trial	6679754	0	1	44329	1	0	next	other	0
P039tv1	483	Pulse	255	6690000	10246	NA
P039tv1	483	Pulse	255	6720000	40246	NA
P039tv1	483	Response	101	6724003	44249	1
P039tv1	484	Response	100	6749363	25113	1
P039tv1	485	Pulse	255	6750000	586	NA
P039tv1	487	Pulse	255	6780000	88	NA
P039tv1	488	Response	100	6801843	11765	1
P039tv1	489	Pulse	255	6810000	8090	NA
P039tv1	491	Pulse	255	6840000	7593	NA
P039tv1	492	Response	101	6850483	7910	1
P039tv1	494	Pulse	255	6870000	9095	NA
P039tv1	496	Pulse	255	6900000	8765	NA
P039tv1	496	Response	101	6915842	24607	1
P039tv1	498	Pulse	255	6930000	3768	NA
P039tv1	500	Pulse	255	6960000	3437	NA
P039tv1	500	Response	100	6964642	8079	1
P039tv1	502	Pulse	255	6990000	14939	NA
P039tv1	504	Response	101	7016402	11010	1
P039tv1	505	Pulse	255	7020000	3442	NA
P039tv1	507	Pulse	255	7050000	2945	NA
P039tv1	508	Response	100	7067122	9901	1
P039tv1	510	Pulse	255	7080000	2448	NA
P039tv1	512	Pulse	255	7110000	2117	NA
P039tv1	512	Response	101	7132402	24519	1
P039tv1	513	Pulse	255	7140000	7452	NA
P039tv1	515	Pulse	255	7170000	6955	NA
P039tv1	516	Response	100	7182082	8871	1
P039tv1	518	Pulse	255	7200000	7458	NA
P039tv1	520	Pulse	255	7230000	7127	NA
P039tv1	520	Response	101	7259042	36169	1
P039tv1	521	Pulse	255	7260000	797	NA
P039tv1	523	Pulse	255	7290000	299	NA
P039tv1	524	Response	101	7310002	10136	1
P039tv1	525	Pulse	255	7320000	9801	NA
P039tv1	527	Pulse	255	7350000	9304	NA
P039tv1	528	Pulse	255	7380000	29138	NA
P039tv1	528	Response	100	7389202	38340	1
P039tv1	530	Pulse	255	7410000	10309	NA
P039tv1	532	Pulse	255	7440000	9978	NA
P039tv1	532	Response	100	7461922	31900	1
P039tv1	533	Pulse	255	7470000	7981	NA
P039tv1	535	Pulse	255	7500000	7484	NA
P039tv1	536	Response	101	7511282	8600	1
P039tv1	538	Pulse	255	7530000	8320	NA
P039tv1	540	Response	100	7557682	5671	1
P039tv1	541	Pulse	255	7560000	2156	NA
P039tv1	543	Pulse	255	7590000	1659	NA
P039tv1	544	Response	100	7612962	14454	1
P039tv1	545	Pulse	255	7620000	6994	NA
P039tv1	547	Pulse	255	7650000	6497	NA
P039tv1	548	Response	100	7661122	7453	1
P039tv1	550	Pulse	255	7680000	8499	NA
P039tv1	552	Pulse	255	7710000	8169	NA
P039tv1	552	Response	101	7712002	10170	1
P039tv1	554	Pulse	255	7740000	17504	NA
P039tv1	556	Response	101	7762002	9174	1
P039tv1	557	Pulse	255	7770000	7840	NA
P039tv1	559	Pulse	255	7800000	7343	NA
P039tv1	560	Response	101	7826322	23499	1
P039tv1	561	Pulse	255	7830000	3513	NA
P039tv1	563	Pulse	255	7860000	3015	NA
P039tv1	564	Response	101	7872642	5491	1
P039tv1	566	Pulse	255	7890000	6851	NA
P039tv1	568	Pulse	255	7920000	6520	NA
P039tv1	568	Response	101	7927362	13882	1
P039tv1	570	Pulse	255	7950000	12189	NA
P039tv1	572	Pulse	255	7980000	11858	NA
P039tv1	572	Response	100	7999043	30902	1
P039tv1	574	Pulse	255	8010000	529	NA
P039tv1	576	Pulse	255	8040000	198	NA
P039tv1	576	Response	100	8046721	6919	1
P039tv1	578	Pulse	255	8070000	12866	NA
P039tv1	580	Pulse	255	8100000	12535	NA
P039tv1	580	Response	100	8116643	29179	1
P039tv1	582	Pulse	255	8130000	2872	NA
P039tv1	584	Pulse	255	8160000	2541	NA
P039tv1	584	Pulse	255	8190000	32541	NA
P039tv1	584	Response	100	8200561	43102	1
P039tv1	586	Pulse	255	8220000	9046	NA
P039tv1	588	Pulse	255	8250000	8715	NA
P039tv1	588	Response	101	8258321	17036	1
P039tv1	590	Pulse	255	8280000	11218	NA
P039tv1	592	Pulse	255	8310000	10887	NA
P039tv1	592	Pulse	255	8340000	40887	NA
P039tv1	592	Response	100	8359841	60728	1
P039tv1	593	Pulse	255	8370000	10059	NA
P039tv1	595	Pulse	255	8400000	9562	NA
P039tv1	596	Response	100	8408641	8037	1
P039tv1	598	Pulse	255	8430000	10898	NA
P039tv1	600	Pulse	255	8460000	10567	NA
P039tv1	600	Response	101	8475761	26328	1
P039tv1	602	Pulse	255	8490000	3737	NA
P039tv1	604	Pulse	255	8520000	3406	NA
P039tv1	604	Response	101	8524401	7807	1
P039tv1	606	Pulse	255	8550000	15074	NA
P039tv1	608	Response	101	8573121	7864	1
P039tv1	609	Pulse	255	8580000	6744	NA
P039tv1	611	Pulse	255	8610000	6247	NA
P039tv1	612	Pulse	255	8640000	26081	NA
P039tv1	612	Response	100	8660160	46242	1
P039tv1	613	Pulse	255	8670000	9752	NA
P039tv1	615	Pulse	255	8700000	9254	NA
P039tv1	616	Pulse	255	8730000	29089	NA
P039tv1	616	Response	101	8736880	35969	1
P039tv1	618	Pulse	255	8760000	12593	NA
P039tv1	620	Response	100	8785840	8102	1
P039tv1	621	Pulse	255	8790000	4096	NA
P039tv1	623	Pulse	255	8820000	3599	NA
P039tv1	624	Response	101	8835200	8633	1
P039tv1	626	Pulse	255	8850000	4268	NA
P039tv1	628	Pulse	255	8880000	3937	NA
P039tv1	628	Response	101	8882000	5937	1
P039tv1	630	Pulse	255	8910000	17605	NA
P039tv1	632	Response	101	8932720	9995	1
P039tv1	633	Pulse	255	8940000	7109	NA
P039tv1	635	Pulse	255	8970000	6611	NA
P039tv1	636	Response	100	8978000	4446	1
P039tv1	638	Pulse	255	9000000	11614	NA
P039tv1	640	Response	100	9026880	8163	1
P039tv1	641	Pulse	255	9030000	2950	NA
P039tv1	643	Pulse	255	9060000	2453	NA
P039tv1	644	Response	101	9089760	22047	1
P039tv1	645	Pulse	255	9090000	122	NA
P039tv1	646	Pulse	255	9120000	19790	NA
P039tv1	648	Response	101	9148640	18099	1
P039tv1	649	Pulse	255	9150000	1294	NA
P039tv1	651	Pulse	255	9180000	797	NA
P039tv1	652	Response	101	9208000	18631	1
P039tv1	653	Pulse	255	9210000	1799	NA
P039tv1	655	Pulse	255	9240000	1302	NA
P039tv1	656	Response	100	9256480	7616	1
P039tv1	658	Pulse	255	9270000	3138	NA
P039tv1	660	Pulse	255	9300000	2807	NA
P039tv1	660	Response	100	9302400	5207	1
P039tv1	662	Pulse	255	9330000	17142	NA
P039tv1	664	Response	100	9356000	12811	1
P039tv1	665	Pulse	255	9360000	3812	NA
P039tv1	667	Pulse	255	9390000	3315	NA
P039tv1	668	Response	101	9404240	7389	1
P039tv1	670	Pulse	255	9420000	5317	NA
P039tv1	672	Pulse	255	9450000	4987	NA
P039tv1	672	Response	100	9460400	15387	1
P039tv1	674	Pulse	255	9480000	9156	NA
P039tv1	676	Pulse	255	9510000	8825	NA
P039tv1	676	Response	101	9539279	38104	1
P039tv1	677	Pulse	255	9540000	662	NA
P039tv1	679	Pulse	255	9570000	164	NA
P039tv1	680	Response	101	9592879	12877	1
P039tv1	681	Pulse	255	9600000	7000	NA
P039tv1	683	Pulse	255	9630000	6502	NA
P039tv1	684	Response	101	9647680	14016	1
P039tv1	686	Pulse	255	9660000	1839	NA
P039tv1	688	Pulse	255	9690000	1508	NA
P039tv1	688	Response	100	9698559	10067	1
P039tv1	690	Pulse	255	9720000	11010	NA
P039tv1	692	Pulse	255	9750000	10679	NA
P039tv1	692	Response	101	9772559	33238	1
P039tv1	693	Pulse	255	9780000	7348	NA
P039tv1	695	Pulse	255	9810000	6851	NA
P039tv1	696	Pulse	255	9840000	26685	NA
P039tv1	696	Response	100	9842799	29484	1
P039tv1	698	Pulse	255	9870000	16689	NA
P039tv1	700	Response	101	9888559	4917	1
P039tv1	702	Pulse	255	9900000	1026	NA
P039tv1	704	Pulse	255	9930000	695	NA
P039tv1	704	Response	101	9935919	6614	1
P039tv1	706	Pulse	255	9960000	13697	NA
P039tv1	708	Response	101	9988961	12327	1
P039tv1	709	Pulse	255	9990000	867	NA
P039tv1	711	Pulse	255	10020000	370	NA
P039tv1	712	Response	101	10036319	6523	1
P039tv1	714	Pulse	255	10050000	3206	NA
P039tv1	716	Pulse	255	10080000	2875	NA
P039tv1	716	Response	100	10083999	6874	1
P039tv1	718	Pulse	255	10110000	15543	NA
P039tv1	720	Pulse	255	10140000	15212	NA
P039tv1	720	Response	101	10160719	35931	1
P039tv1	721	Pulse	255	10170000	9215	NA
P039tv1	723	Pulse	255	10200000	8718	NA
P039tv1	724	Picture	instruct_trial	10201448	0	1	40163	1	0	next	other	0
P039tv1	724	Pulse	255	10230000	28552	NA
