Scenario - learning_JJ_english
Logfile written - 05/05/2022 12:38:15

Subject	Trial	Event Type	Code	Time	TTime	Uncertainty	Duration	Uncertainty	ReqTime	ReqDur	Stim Type	Pair Index

p040v2	0	Pulse	255	0	0	NA
p040v2	1	Picture	instruct_trial	10500	0	1	99491	1	0	next	other	0
p040v2	1	Pulse	255	30000	19500	NA
p040v2	1	Pulse	255	60000	49500	NA
p040v2	1	Pulse	255	90000	79500	NA
p040v2	1	Response	101	109838	99339	1
p040v2	1	Pulse	255	120000	109500	NA
p040v2	2	Response	100	140638	20481	1
p040v2	3	Pulse	255	150000	9179	NA
p040v2	5	Pulse	255	180000	8681	NA
p040v2	6	Response	101	203039	21554	1
p040v2	7	Pulse	255	210000	6851	NA
p040v2	9	Pulse	255	240000	6353	NA
p040v2	10	Response	101	259838	16026	1
p040v2	11	Pulse	255	270000	10022	NA
p040v2	13	Pulse	255	300000	9358	NA
p040v2	14	Response	101	308638	7830	1
p040v2	16	Pulse	255	330000	10861	NA
p040v2	18	Response	101	355757	6287	1
p040v2	19	Pulse	255	360000	4197	NA
p040v2	21	Pulse	255	390000	3700	NA
p040v2	22	Response	100	408319	11853	1
p040v2	24	Pulse	255	420000	1203	NA
p040v2	26	Pulse	255	450000	872	NA
p040v2	26	Response	100	460718	11590	1
p040v2	28	Pulse	255	480000	8874	NA
p040v2	30	Response	100	508957	7500	1
p040v2	31	Pulse	255	510000	878	NA
p040v2	33	Pulse	255	540000	380	NA
p040v2	34	Response	101	566878	17092	1
p040v2	35	Pulse	255	570000	3049	NA
p040v2	37	Pulse	255	600000	2552	NA
p040v2	38	Response	101	616317	8703	1
p040v2	40	Pulse	255	630000	3221	NA
p040v2	42	Pulse	255	660000	2890	NA
p040v2	42	Response	100	676077	18967	1
p040v2	44	Pulse	255	690000	3393	NA
p040v2	46	Pulse	255	720000	3062	NA
p040v2	46	Response	100	723037	6099	1
p040v2	48	Pulse	255	750000	16564	NA
p040v2	50	Response	101	773036	9270	1
p040v2	51	Pulse	255	780000	6901	NA
p040v2	53	Pulse	255	810000	6403	NA
p040v2	54	Response	100	831917	18155	1
p040v2	55	Pulse	255	840000	7906	NA
p040v2	57	Pulse	255	870000	7409	NA
p040v2	58	Response	101	882637	9879	1
p040v2	60	Pulse	255	900000	6911	NA
p040v2	62	Pulse	255	930000	6581	NA
p040v2	62	Response	101	939596	16177	1
p040v2	64	Pulse	255	960000	9916	NA
p040v2	66	Pulse	255	990000	9586	NA
p040v2	66	Response	101	1004076	23662	1
p040v2	68	Pulse	255	1020000	5422	NA
p040v2	70	Pulse	255	1050000	5091	NA
p040v2	70	Response	101	1052556	7648	1
p040v2	72	Pulse	255	1080000	16926	NA
p040v2	74	Pulse	255	1110000	16595	NA
p040v2	74	Response	100	1125676	32271	1
p040v2	76	Pulse	255	1140000	3932	NA
p040v2	78	Pulse	255	1170000	3602	NA
p040v2	78	Response	101	1172716	6318	1
p040v2	80	Pulse	255	1200000	16770	NA
p040v2	82	Response	100	1227036	13475	1
p040v2	83	Pulse	255	1230000	2774	NA
p040v2	85	Pulse	255	1260000	2276	NA
p040v2	86	Response	101	1274236	6346	1
p040v2	88	Pulse	255	1290000	5279	NA
p040v2	90	Pulse	255	1320000	4948	NA
p040v2	90	Response	101	1321195	6143	1
p040v2	92	Pulse	255	1350000	18283	NA
p040v2	94	Pulse	255	1380000	17952	NA
p040v2	94	Response	100	1389035	26988	1
p040v2	96	Pulse	255	1410000	10456	NA
p040v2	98	Response	100	1437035	7160	1
p040v2	99	Pulse	255	1440000	2792	NA
p040v2	101	Pulse	255	1470000	2295	NA
p040v2	102	Response	101	1499995	22124	1
p040v2	102	Pulse	255	1500000	22129	NA
p040v2	104	Pulse	255	1530000	19465	NA
p040v2	106	Pulse	255	1560000	19135	NA
p040v2	106	Response	100	1564315	23449	1
p040v2	108	Pulse	255	1590000	15304	NA
p040v2	110	Response	101	1611275	6249	1
p040v2	111	Pulse	255	1620000	8641	NA
p040v2	113	Pulse	255	1650000	8143	NA
p040v2	114	Pulse	255	1680000	27978	NA
p040v2	114	Response	100	1687116	35094	1
p040v2	116	Pulse	255	1710000	12482	NA
p040v2	118	Response	101	1739195	11346	1
p040v2	119	Pulse	255	1740000	652	NA
p040v2	121	Pulse	255	1770000	155	NA
p040v2	122	Pulse	255	1800000	19989	NA
p040v2	122	Response	100	1806395	26384	1
p040v2	124	Pulse	255	1830000	13159	NA
p040v2	126	Pulse	255	1860000	12828	NA
p040v2	126	Pulse	255	1890000	42828	NA
p040v2	126	Response	101	1898714	51543	1
p040v2	128	Pulse	255	1920000	10834	NA
p040v2	130	Response	101	1946075	6578	1
p040v2	131	Pulse	255	1950000	3837	NA
p040v2	133	Pulse	255	1980000	3339	NA
p040v2	134	Response	101	1997354	10528	1
p040v2	136	Pulse	255	2010000	2176	NA
p040v2	138	Pulse	255	2040000	1845	NA
p040v2	138	Response	101	2058634	20479	1
p040v2	140	Pulse	255	2070000	848	NA
p040v2	142	Pulse	255	2100000	517	NA
p040v2	142	Response	101	2120474	20991	1
p040v2	143	Pulse	255	2130000	9352	NA
p040v2	145	Pulse	255	2160000	8855	NA
p040v2	146	Response	101	2187594	26283	1
p040v2	147	Pulse	255	2190000	2358	NA
p040v2	149	Pulse	255	2220000	1861	NA
p040v2	150	Response	100	2237994	9689	1
p040v2	152	Pulse	255	2250000	1530	NA
p040v2	154	Pulse	255	2280000	1199	NA
p040v2	154	Response	101	2299034	20233	1
p040v2	156	Pulse	255	2310000	535	NA
p040v2	158	Pulse	255	2340000	205	NA
p040v2	158	Response	101	2352074	12278	1
p040v2	160	Pulse	255	2370000	7540	NA
p040v2	162	Pulse	255	2400000	7209	NA
p040v2	162	Response	101	2416794	24003	1
p040v2	164	Pulse	255	2430000	2712	NA
p040v2	166	Pulse	255	2460000	2382	NA
p040v2	166	Pulse	255	2490000	32382	NA
p040v2	166	Response	100	2501273	43655	1
p040v2	168	Pulse	255	2520000	8220	NA
p040v2	170	Pulse	255	2550000	7889	NA
p040v2	170	Response	101	2552713	10602	1
p040v2	172	Pulse	255	2580000	16891	NA
p040v2	174	Pulse	255	2610000	16560	NA
p040v2	174	Response	100	2624954	31514	1
p040v2	176	Pulse	255	2640000	4564	NA
p040v2	178	Pulse	255	2670000	4233	NA
p040v2	178	Response	101	2678955	13188	1
p040v2	180	Pulse	255	2700000	10569	NA
p040v2	182	Response	101	2725113	5351	1
p040v2	183	Pulse	255	2730000	4739	NA
p040v2	185	Pulse	255	2760000	4241	NA
p040v2	186	Response	100	2777832	11908	1
p040v2	188	Pulse	255	2790000	1744	NA
p040v2	190	Pulse	255	2820000	1413	NA
p040v2	190	Response	101	2831032	12446	1
p040v2	192	Pulse	255	2850000	8582	NA
p040v2	194	Response	101	2878953	7204	1
p040v2	195	Pulse	255	2880000	919	NA
p040v2	197	Pulse	255	2910000	421	NA
p040v2	198	Response	100	2935512	15768	1
p040v2	199	Pulse	255	2940000	4424	NA
p040v2	201	Pulse	255	2970000	3926	NA
p040v2	202	Response	101	2999113	22873	1
p040v2	203	Pulse	255	3000000	762	NA
p040v2	205	Pulse	255	3030000	265	NA
p040v2	206	Response	100	3054553	14652	1
p040v2	207	Pulse	255	3060000	5267	NA
p040v2	209	Pulse	255	3090000	4770	NA
p040v2	210	Response	101	3105752	10356	1
p040v2	212	Pulse	255	3120000	3773	NA
p040v2	214	Pulse	255	3150000	3442	NA
p040v2	214	Response	101	3179992	33434	1
p040v2	214	Pulse	255	3180000	33442	NA
p040v2	216	Pulse	255	3210000	19613	NA
p040v2	218	Pulse	255	3240000	19282	NA
p040v2	218	Response	100	3260552	39834	1
p040v2	219	Pulse	255	3270000	9285	NA
p040v2	221	Pulse	255	3300000	8788	NA
p040v2	222	Response	101	3312632	11254	1
p040v2	224	Pulse	255	3330000	6958	NA
p040v2	226	Pulse	255	3360000	6627	NA
p040v2	226	Response	101	3363512	10139	1
p040v2	228	Pulse	255	3390000	15962	NA
p040v2	230	Pulse	255	3420000	15631	NA
p040v2	230	Response	101	3441992	37623	1
p040v2	231	Pulse	255	3450000	7801	NA
p040v2	233	Pulse	255	3480000	7304	NA
p040v2	234	Pulse	255	3510000	27138	NA
p040v2	234	Response	100	3514631	31770	1
p040v2	236	Pulse	255	3540000	14975	NA
p040v2	238	Pulse	255	3570000	14645	NA
p040v2	238	Response	101	3576951	21596	1
p040v2	240	Pulse	255	3600000	12647	NA
p040v2	242	Picture	instruct_trial	3617683	0	1	12832	1	0	next	other	0
p040v2	242	Pulse	255	3630000	12317	NA
p040v2	242	Response	101	3630311	12628	1
p040v2	243	Pulse	255	3660000	29318	NA
p040v2	243	Response	101	3688951	58269	1
p040v2	244	Pulse	255	3690000	990	NA
p040v2	246	Pulse	255	3720000	492	NA
p040v2	247	Pulse	255	3750000	20326	NA
p040v2	247	Response	101	3753431	23757	1
p040v2	249	Pulse	255	3780000	16163	NA
p040v2	251	Pulse	255	3810000	15832	NA
p040v2	251	Response	100	3811271	17103	1
p040v2	253	Pulse	255	3840000	18335	NA
p040v2	255	Pulse	255	3870000	18004	NA
p040v2	255	Response	100	3877191	25195	1
p040v2	257	Pulse	255	3900000	12340	NA
p040v2	259	Pulse	255	3930000	12010	NA
p040v2	259	Response	101	3945271	27280	1
p040v2	261	Pulse	255	3960000	4346	NA
p040v2	263	Pulse	255	3990000	4016	NA
p040v2	263	Pulse	255	4020000	34016	NA
p040v2	263	Response	101	4022471	36486	1
p040v2	265	Pulse	255	4050000	17020	NA
p040v2	267	Pulse	255	4080000	16689	NA
p040v2	267	Response	100	4083670	20359	1
p040v2	269	Pulse	255	4110000	15858	NA
p040v2	271	Pulse	255	4140000	15528	NA
p040v2	271	Response	100	4160790	36318	1
p040v2	272	Pulse	255	4170000	9031	NA
p040v2	274	Pulse	255	4200000	8534	NA
p040v2	275	Response	100	4208710	7078	1
p040v2	277	Pulse	255	4230000	10869	NA
p040v2	279	Pulse	255	4260000	10539	NA
p040v2	279	Response	101	4279430	29969	1
p040v2	281	Pulse	255	4290000	42	NA
p040v2	282	Pulse	255	4320000	9877	NA
p040v2	283	Response	101	4332150	11862	1
p040v2	285	Pulse	255	4350000	7380	NA
p040v2	287	Pulse	255	4380000	7050	NA
p040v2	287	Response	100	4392790	19839	1
p040v2	289	Pulse	255	4410000	6719	NA
p040v2	291	Pulse	255	4440000	6388	NA
p040v2	291	Response	101	4448070	14458	1
p040v2	293	Pulse	255	4470000	11390	NA
p040v2	295	Response	101	4496150	7209	1
p040v2	296	Pulse	255	4500000	3727	NA
p040v2	298	Pulse	255	4530000	3230	NA
p040v2	299	Response	100	4551030	14094	1
p040v2	300	Pulse	255	4560000	8899	NA
p040v2	302	Pulse	255	4590000	8401	NA
p040v2	303	Pulse	255	4620000	28235	NA
p040v2	303	Response	101	4624869	33105	1
p040v2	305	Pulse	255	4650000	14739	NA
p040v2	307	Response	100	4676710	11118	1
p040v2	308	Pulse	255	4680000	3243	NA
p040v2	310	Pulse	255	4710000	2746	NA
p040v2	311	Pulse	255	4740000	22580	NA
p040v2	311	Response	101	4740149	22729	1
p040v2	313	Pulse	255	4770000	19416	NA
p040v2	315	Response	101	4792069	11154	1
p040v2	316	Pulse	255	4800000	7753	NA
p040v2	318	Pulse	255	4830000	7256	NA
p040v2	319	Response	100	4851349	18438	1
p040v2	320	Pulse	255	4860000	8592	NA
p040v2	322	Pulse	255	4890000	8094	NA
p040v2	323	Response	101	4897829	5758	1
p040v2	325	Pulse	255	4920000	11763	NA
p040v2	327	Pulse	255	4950000	11432	NA
p040v2	327	Response	101	4963269	24701	1
p040v2	329	Pulse	255	4980000	6269	NA
p040v2	331	Pulse	255	5010000	5938	NA
p040v2	331	Response	100	5011989	7927	1
p040v2	333	Pulse	255	5040000	17606	NA
p040v2	335	Response	100	5066069	13345	1
p040v2	336	Pulse	255	5070000	3777	NA
p040v2	338	Pulse	255	5100000	3280	NA
p040v2	339	Pulse	255	5130000	23114	NA
p040v2	339	Response	100	5146868	39982	1
p040v2	341	Pulse	255	5160000	2618	NA
p040v2	343	Pulse	255	5190000	2288	NA
p040v2	343	Response	101	5200548	12836	1
p040v2	345	Pulse	255	5220000	8956	NA
p040v2	347	Response	101	5245588	4214	1
p040v2	348	Pulse	255	5250000	4293	NA
p040v2	350	Pulse	255	5280000	3795	NA
p040v2	351	Response	101	5308148	21778	1
p040v2	352	Pulse	255	5310000	1798	NA
p040v2	354	Pulse	255	5340000	1301	NA
p040v2	355	Response	100	5356628	7763	1
p040v2	357	Pulse	255	5370000	2970	NA
p040v2	359	Pulse	255	5400000	2639	NA
p040v2	359	Response	101	5414947	17587	1
p040v2	361	Pulse	255	5430000	4642	NA
p040v2	363	Pulse	255	5460000	4311	NA
p040v2	363	Response	101	5462468	6779	1
p040v2	365	Pulse	255	5490000	17146	NA
p040v2	367	Response	101	5512628	9443	1
p040v2	368	Pulse	255	5520000	7316	NA
p040v2	370	Pulse	255	5550000	6819	NA
p040v2	371	Response	100	5577428	24081	1
p040v2	372	Pulse	255	5580000	2488	NA
p040v2	374	Pulse	255	5610000	1991	NA
p040v2	375	Response	100	5635347	17173	1
p040v2	376	Pulse	255	5640000	4494	NA
p040v2	378	Pulse	255	5670000	3996	NA
p040v2	379	Response	100	5683348	7178	1
p040v2	381	Pulse	255	5700000	6165	NA
p040v2	383	Pulse	255	5730000	5835	NA
p040v2	383	Response	101	5733587	9422	1
p040v2	385	Pulse	255	5760000	16003	NA
p040v2	387	Response	101	5781347	7019	1
p040v2	388	Pulse	255	5790000	8506	NA
p040v2	390	Pulse	255	5820000	8009	NA
p040v2	391	Response	101	5838387	16230	1
p040v2	393	Pulse	255	5850000	1179	NA
p040v2	395	Pulse	255	5880000	848	NA
p040v2	395	Response	101	5882787	3635	1
p040v2	397	Pulse	255	5910000	16683	NA
p040v2	399	Pulse	255	5940000	16352	NA
p040v2	399	Response	100	5953667	30019	1
p040v2	401	Pulse	255	5970000	5856	NA
p040v2	403	Pulse	255	6000000	5525	NA
p040v2	403	Response	100	6021987	27512	1
p040v2	404	Pulse	255	6030000	7861	NA
p040v2	406	Pulse	255	6060000	7364	NA
p040v2	407	Response	101	6071027	8224	1
p040v2	409	Pulse	255	6090000	8533	NA
p040v2	411	Pulse	255	6120000	8202	NA
p040v2	411	Response	100	6133186	21388	1
p040v2	413	Pulse	255	6150000	6371	NA
p040v2	415	Pulse	255	6180000	6041	NA
p040v2	415	Response	100	6183907	9947	1
p040v2	417	Pulse	255	6210000	15709	NA
p040v2	419	Response	100	6236946	12325	1
p040v2	420	Pulse	255	6240000	2880	NA
p040v2	422	Pulse	255	6270000	2382	NA
p040v2	423	Pulse	255	6300000	22217	NA
p040v2	423	Pulse	255	6330000	52217	NA
p040v2	423	Response	100	6354787	77003	1
p040v2	424	Pulse	255	6360000	5057	NA
p040v2	426	Pulse	255	6390000	4559	NA
p040v2	427	Response	101	6402946	7340	1
p040v2	429	Pulse	255	6420000	6562	NA
p040v2	431	Pulse	255	6450000	6231	NA
p040v2	431	Response	100	6457586	13817	1
p040v2	433	Pulse	255	6480000	11900	NA
p040v2	435	Pulse	255	6510000	11569	NA
p040v2	435	Response	100	6519026	20595	1
p040v2	437	Pulse	255	6540000	10572	NA
p040v2	439	Pulse	255	6570000	10241	NA
p040v2	439	Response	100	6595266	35507	1
p040v2	440	Pulse	255	6600000	4578	NA
p040v2	442	Pulse	255	6630000	4080	NA
p040v2	443	Response	101	6642546	6460	1
p040v2	445	Pulse	255	6660000	6916	NA
p040v2	447	Pulse	255	6690000	6585	NA
p040v2	447	Response	100	6694226	10811	1
p040v2	449	Pulse	255	6720000	10254	NA
p040v2	451	Pulse	255	6750000	9924	NA
p040v2	451	Response	100	6767505	27429	1
p040v2	453	Pulse	255	6780000	2094	NA
p040v2	455	Pulse	255	6810000	1763	NA
p040v2	455	Response	101	6826785	18548	1
p040v2	457	Pulse	255	6840000	2766	NA
p040v2	459	Pulse	255	6870000	2435	NA
p040v2	459	Response	101	6874865	7300	1
p040v2	461	Pulse	255	6900000	14603	NA
p040v2	463	Pulse	255	6930000	14272	NA
p040v2	463	Response	100	6939425	23698	1
p040v2	465	Pulse	255	6960000	10109	NA
p040v2	467	Pulse	255	6990000	9788	NA
p040v2	467	Response	100	6996465	16252	1
p040v2	469	Pulse	255	7020000	13114	NA
p040v2	471	Response	101	7045025	7808	1
p040v2	472	Pulse	255	7050000	4784	NA
p040v2	474	Pulse	255	7080000	4286	NA
p040v2	475	Response	101	7097985	12105	1
p040v2	477	Pulse	255	7110000	1623	NA
p040v2	479	Pulse	255	7140000	1292	NA
p040v2	479	Response	100	7151025	12317	1
p040v2	481	Pulse	255	7170000	8461	NA
p040v2	483	Picture	instruct_trial	7191870	0	1	18165	1	0	next	other	0
p040v2	483	Pulse	255	7200000	8130	NA
p040v2	483	Response	101	7209904	18034	1
p040v2	484	Pulse	255	7230000	19798	NA
p040v2	484	Response	100	7247424	37223	1
p040v2	486	Pulse	255	7260000	2136	NA
p040v2	488	Pulse	255	7290000	1805	NA
p040v2	488	Response	100	7317904	29710	1
p040v2	489	Pulse	255	7320000	1974	NA
p040v2	491	Pulse	255	7350000	1477	NA
p040v2	492	Response	101	7375744	17055	1
p040v2	493	Pulse	255	7380000	4146	NA
p040v2	495	Pulse	255	7410000	3649	NA
p040v2	496	Pulse	255	7440000	23483	NA
p040v2	496	Response	101	7440464	23947	1
p040v2	498	Pulse	255	7470000	19153	NA
p040v2	500	Response	101	7495904	14726	1
p040v2	501	Pulse	255	7500000	3990	NA
p040v2	503	Pulse	255	7530000	3493	NA
p040v2	504	Response	100	7547504	10831	1
p040v2	506	Pulse	255	7560000	1995	NA
p040v2	508	Pulse	255	7590000	1665	NA
p040v2	508	Pulse	255	7620000	31665	NA
p040v2	508	Response	100	7642463	54128	1
p040v2	509	Pulse	255	7650000	7336	NA
p040v2	511	Pulse	255	7680000	6839	NA
p040v2	512	Response	101	7705423	22097	1
p040v2	513	Pulse	255	7710000	4508	NA
p040v2	515	Pulse	255	7740000	4011	NA
p040v2	516	Response	101	7756383	10228	1
p040v2	518	Pulse	255	7770000	3180	NA
p040v2	520	Pulse	255	7800000	2850	NA
p040v2	520	Response	100	7812064	14913	1
p040v2	522	Pulse	255	7830000	7519	NA
p040v2	524	Pulse	255	7860000	7188	NA
p040v2	524	Response	100	7874224	21412	1
p040v2	526	Pulse	255	7890000	5357	NA
p040v2	528	Pulse	255	7920000	5027	NA
p040v2	528	Response	101	7927103	12130	1
p040v2	530	Pulse	255	7950000	12362	NA
p040v2	532	Pulse	255	7980000	12031	NA
p040v2	532	Response	101	7980863	12894	1
p040v2	534	Pulse	255	8010000	18700	NA
p040v2	536	Response	100	8033102	11472	1
p040v2	537	Pulse	255	8040000	6704	NA
p040v2	539	Pulse	255	8070000	6206	NA
p040v2	540	Response	101	8088383	14423	1
p040v2	542	Pulse	255	8100000	1209	NA
p040v2	544	Pulse	255	8130000	879	NA
p040v2	544	Response	101	8146543	17421	1
p040v2	546	Pulse	255	8160000	3048	NA
p040v2	548	Pulse	255	8190000	2717	NA
p040v2	548	Response	101	8208303	21020	1
p040v2	550	Pulse	255	8220000	1220	NA
p040v2	552	Pulse	255	8250000	889	NA
p040v2	552	Response	101	8266062	16952	1
p040v2	554	Pulse	255	8280000	3558	NA
p040v2	556	Pulse	255	8310000	3228	NA
p040v2	556	Response	100	8318622	11850	1
p040v2	558	Pulse	255	8340000	10896	NA
p040v2	560	Response	101	8369822	10388	1
p040v2	561	Pulse	255	8370000	67	NA
p040v2	562	Pulse	255	8400000	19734	NA
p040v2	564	Response	100	8422382	11785	1
p040v2	565	Pulse	255	8430000	7571	NA
p040v2	567	Pulse	255	8460000	7074	NA
p040v2	568	Response	101	8468142	5050	1
p040v2	570	Pulse	255	8490000	11409	NA
p040v2	572	Pulse	255	8520000	11079	NA
p040v2	572	Response	101	8547342	38421	1
p040v2	573	Pulse	255	8550000	2582	NA
p040v2	575	Pulse	255	8580000	2085	NA
p040v2	576	Pulse	255	8610000	21919	NA
p040v2	576	Response	100	8611262	23181	1
p040v2	578	Pulse	255	8640000	18255	NA
p040v2	580	Response	101	8661981	9906	1
p040v2	581	Pulse	255	8670000	7926	NA
p040v2	583	Pulse	255	8700000	7428	NA
p040v2	584	Response	100	8711181	8444	1
p040v2	586	Pulse	255	8730000	8431	NA
p040v2	588	Pulse	255	8760000	8100	NA
p040v2	588	Response	100	8765581	13681	1
p040v2	590	Pulse	255	8790000	13936	NA
p040v2	592	Response	101	8818061	11666	1
p040v2	593	Pulse	255	8820000	1773	NA
p040v2	595	Pulse	255	8850000	1275	NA
p040v2	596	Pulse	255	8880000	21109	NA
p040v2	596	Response	100	8887501	28610	1
p040v2	598	Pulse	255	8910000	12113	NA
p040v2	600	Pulse	255	8940000	11782	NA
p040v2	600	Response	100	8940061	11843	1
p040v2	602	Pulse	255	8970000	19451	NA
p040v2	604	Response	100	8991580	10701	1
p040v2	605	Pulse	255	9000000	8288	NA
p040v2	607	Pulse	255	9030000	7790	NA
p040v2	608	Pulse	255	9060000	27625	NA
p040v2	608	Response	100	9060141	27765	1
p040v2	610	Pulse	255	9090000	19461	NA
p040v2	612	Response	100	9111901	11032	1
p040v2	613	Pulse	255	9120000	7965	NA
p040v2	615	Pulse	255	9150000	7468	NA
p040v2	616	Response	100	9168701	16003	1
p040v2	618	Pulse	255	9180000	804	NA
p040v2	620	Pulse	255	9210000	474	NA
p040v2	620	Response	101	9231660	22134	1
p040v2	621	Pulse	255	9240000	8142	NA
p040v2	623	Pulse	255	9270000	7645	NA
p040v2	624	Response	100	9277660	5139	1
p040v2	626	Pulse	255	9300000	11814	NA
p040v2	628	Pulse	255	9330000	11483	NA
p040v2	628	Response	100	9330141	11624	1
p040v2	630	Pulse	255	9360000	19318	NA
p040v2	632	Response	100	9376221	5208	1
p040v2	634	Pulse	255	9390000	3322	NA
p040v2	636	Pulse	255	9420000	2992	NA
p040v2	636	Response	101	9444700	27692	1
p040v2	637	Pulse	255	9450000	5161	NA
p040v2	639	Pulse	255	9480000	4664	NA
p040v2	640	Response	101	9490220	4718	1
p040v2	642	Pulse	255	9510000	9332	NA
p040v2	644	Pulse	255	9540000	9002	NA
p040v2	644	Response	100	9545340	14342	1
p040v2	646	Pulse	255	9570000	14171	NA
p040v2	648	Pulse	255	9600000	13840	NA
p040v2	648	Response	101	9605340	19180	1
p040v2	650	Pulse	255	9630000	14176	NA
p040v2	652	Response	101	9656140	9985	1
p040v2	653	Pulse	255	9660000	3679	NA
p040v2	655	Pulse	255	9690000	3182	NA
p040v2	656	Response	100	9719020	22036	1
p040v2	657	Pulse	255	9720000	852	NA
p040v2	659	Pulse	255	9750000	354	NA
p040v2	660	Response	100	9768699	8888	1
p040v2	662	Pulse	255	9780000	857	NA
p040v2	664	Pulse	255	9810000	526	NA
p040v2	664	Response	101	9820379	10905	1
p040v2	666	Pulse	255	9840000	9195	NA
p040v2	668	Pulse	255	9870000	8864	NA
p040v2	668	Response	100	9879340	18204	1
p040v2	670	Pulse	255	9900000	10200	NA
p040v2	672	Pulse	255	9930000	9869	NA
p040v2	672	Pulse	255	9960000	39869	NA
p040v2	672	Response	101	9961339	41208	1
p040v2	674	Pulse	255	9990000	18207	NA
p040v2	676	Response	100	10017419	15296	1
p040v2	677	Pulse	255	10020000	2378	NA
p040v2	679	Pulse	255	10050000	1880	NA
p040v2	680	Response	101	10072859	14574	1
p040v2	681	Pulse	255	10080000	7049	NA
p040v2	683	Pulse	255	10110000	6552	NA
p040v2	684	Pulse	255	10140000	26386	NA
p040v2	684	Response	101	10163979	50365	1
p040v2	685	Pulse	255	10170000	5891	NA
p040v2	687	Pulse	255	10200000	5393	NA
p040v2	688	Pulse	255	10230000	25227	NA
p040v2	688	Response	101	10238459	33686	1
p040v2	690	Pulse	255	10260000	11065	NA
p040v2	692	Response	100	10288218	8952	1
p040v2	693	Pulse	255	10290000	1735	NA
p040v2	695	Pulse	255	10320000	1237	NA
p040v2	696	Response	101	10339419	10490	1
p040v2	698	Pulse	255	10350000	73	NA
p040v2	699	Pulse	255	10380000	9909	NA
p040v2	700	Response	100	10388858	8601	1
p040v2	702	Pulse	255	10410000	10744	NA
p040v2	704	Pulse	255	10440000	10414	NA
p040v2	704	Response	101	10442458	12872	1
p040v2	706	Pulse	255	10470000	17083	NA
p040v2	708	Response	101	10497338	14090	1
p040v2	709	Pulse	255	10500000	2586	NA
p040v2	711	Pulse	255	10530000	2089	NA
p040v2	712	Response	100	10546538	8461	1
p040v2	714	Pulse	255	10560000	2925	NA
p040v2	716	Pulse	255	10590000	2594	NA
p040v2	716	Response	100	10606058	18652	1
p040v2	718	Pulse	255	10620000	3430	NA
p040v2	720	Pulse	255	10650000	3100	NA
p040v2	720	Response	101	10659978	13077	1
p040v2	722	Pulse	255	10680000	9602	NA
p040v2	724	Picture	instruct_trial	10700729	0	1	40163	1	0	next	other	0
p040v2	724	Pulse	255	10710000	9271	NA
p040v2	724	Pulse	255	10740000	39271	NA
