Scenario - learning_JJ_english
Logfile written - 05/09/2022 12:20:16

Subject	Trial	Event Type	Code	Time	TTime	Uncertainty	Duration	Uncertainty	ReqTime	ReqDur	Stim Type	Pair Index

P041tv2	0	Pulse	255	0	0	NA
P041tv2	1	Picture	instruct_trial	10500	0	1	582616	1	0	next	other	0
P041tv2	1	Pulse	255	30000	19500	NA
P041tv2	1	Pulse	255	60000	49500	NA
P041tv2	1	Pulse	255	90000	79500	NA
P041tv2	1	Pulse	255	120000	109500	NA
P041tv2	1	Pulse	255	150000	139500	NA
P041tv2	1	Pulse	255	180000	169500	NA
P041tv2	1	Pulse	255	210000	199500	NA
P041tv2	1	Pulse	255	240000	229500	NA
P041tv2	1	Pulse	255	270000	259500	NA
P041tv2	1	Pulse	255	300000	289500	NA
P041tv2	1	Pulse	255	330000	319500	NA
P041tv2	1	Pulse	255	360000	349500	NA
P041tv2	1	Pulse	255	390000	379500	NA
P041tv2	1	Pulse	255	420000	409500	NA
P041tv2	1	Pulse	255	450000	439500	NA
P041tv2	1	Pulse	255	480000	469500	NA
P041tv2	1	Pulse	255	510000	499500	NA
P041tv2	1	Pulse	255	540000	529500	NA
P041tv2	1	Pulse	255	570000	559500	NA
P041tv2	1	Response	101	593034	582534	1
P041tv2	1	Pulse	255	600000	589500	NA
P041tv2	2	Pulse	255	630000	29885	NA
P041tv2	2	Pulse	255	660000	59885	NA
P041tv2	2	Pulse	255	690000	89885	NA
P041tv2	2	Pulse	255	720000	119885	NA
P041tv2	2	Response	100	738954	138839	1
P041tv2	4	Pulse	255	750000	397	NA
P041tv2	6	Pulse	255	780000	67	NA
P041tv2	6	Response	101	808554	28621	1
P041tv2	7	Pulse	255	810000	1403	NA
P041tv2	9	Pulse	255	840000	905	NA
P041tv2	10	Pulse	255	870000	20739	NA
P041tv2	10	Response	100	871673	22413	1
P041tv2	12	Pulse	255	900000	17909	NA
P041tv2	14	Pulse	255	930000	17578	NA
P041tv2	14	Response	100	955674	43252	1
P041tv2	15	Pulse	255	960000	4249	NA
P041tv2	17	Pulse	255	990000	3751	NA
P041tv2	18	Pulse	255	1020000	23585	NA
P041tv2	18	Response	101	1029354	32939	1
P041tv2	20	Pulse	255	1050000	10256	NA
P041tv2	22	Pulse	255	1080000	9925	NA
P041tv2	22	Response	101	1081833	11758	1
P041tv2	24	Pulse	255	1110000	17760	NA
P041tv2	26	Pulse	255	1140000	17430	NA
P041tv2	26	Response	101	1144313	21743	1
P041tv2	28	Pulse	255	1170000	15266	NA
P041tv2	30	Response	100	1196553	11488	1
P041tv2	31	Pulse	255	1200000	3269	NA
P041tv2	33	Pulse	255	1230000	2772	NA
P041tv2	34	Response	101	1252153	14760	1
P041tv2	35	Pulse	255	1260000	7774	NA
P041tv2	37	Pulse	255	1290000	7277	NA
P041tv2	38	Response	101	1310954	18065	1
P041tv2	39	Pulse	255	1320000	8946	NA
P041tv2	41	Pulse	255	1350000	8449	NA
P041tv2	42	Pulse	255	1380000	28283	NA
P041tv2	42	Response	101	1381353	29636	1
P041tv2	44	Pulse	255	1410000	18120	NA
P041tv2	46	Response	100	1431673	9462	1
P041tv2	47	Pulse	255	1440000	8123	NA
P041tv2	49	Pulse	255	1470000	7626	NA
P041tv2	50	Response	101	1481433	8893	1
P041tv2	52	Pulse	255	1500000	8128	NA
P041tv2	54	Pulse	255	1530000	7798	NA
P041tv2	54	Response	100	1541034	18831	1
P041tv2	56	Pulse	255	1560000	8467	NA
P041tv2	58	Pulse	255	1590000	8136	NA
P041tv2	58	Pulse	255	1620000	38136	NA
P041tv2	58	Response	101	1620873	39009	1
P041tv2	60	Pulse	255	1650000	18640	NA
P041tv2	62	Pulse	255	1680000	18310	NA
P041tv2	62	Response	100	1703193	41503	1
P041tv2	63	Pulse	255	1710000	6647	NA
P041tv2	65	Pulse	255	1740000	6149	NA
P041tv2	66	Response	101	1756953	12936	1
P041tv2	68	Pulse	255	1770000	2652	NA
P041tv2	70	Pulse	255	1800000	2321	NA
P041tv2	70	Response	100	1806952	9274	1
P041tv2	72	Pulse	255	1830000	12656	NA
P041tv2	74	Pulse	255	1860000	12326	NA
P041tv2	74	Response	100	1860233	12559	1
P041tv2	76	Pulse	255	1890000	19328	NA
P041tv2	78	Response	100	1912313	11310	1
P041tv2	79	Pulse	255	1920000	7498	NA
P041tv2	81	Pulse	255	1950000	7008	NA
P041tv2	82	Response	100	1964793	11627	1
P041tv2	84	Pulse	255	1980000	4670	NA
P041tv2	86	Pulse	255	2010000	4339	NA
P041tv2	86	Response	101	2012873	7212	1
P041tv2	88	Pulse	255	2040000	16674	NA
P041tv2	90	Response	101	2068633	14977	1
P041tv2	91	Pulse	255	2070000	1178	NA
P041tv2	93	Pulse	255	2100000	681	NA
P041tv2	94	Pulse	255	2130000	20515	NA
P041tv2	94	Pulse	255	2160000	50515	NA
P041tv2	94	Pulse	255	2190000	80515	NA
P041tv2	94	Pulse	255	2220000	110515	NA
P041tv2	94	Response	101	2231273	121788	1
P041tv2	96	Pulse	255	2250000	8193	NA
P041tv2	98	Pulse	255	2280000	7862	NA
P041tv2	98	Response	101	2280953	8816	1
P041tv2	100	Pulse	255	2310000	18531	NA
P041tv2	102	Response	100	2331593	9793	1
P041tv2	103	Pulse	255	2340000	8201	NA
P041tv2	105	Pulse	255	2370000	7704	NA
P041tv2	106	Response	100	2386473	14011	1
P041tv2	108	Pulse	255	2400000	3040	NA
P041tv2	110	Pulse	255	2430000	2709	NA
P041tv2	110	Response	101	2435833	8542	1
P041tv2	112	Pulse	255	2460000	13711	NA
P041tv2	114	Pulse	255	2490000	13380	NA
P041tv2	114	Response	101	2499352	22733	1
P041tv2	116	Pulse	255	2520000	10216	NA
P041tv2	118	Response	100	2548232	8118	1
P041tv2	119	Pulse	255	2550000	1720	NA
P041tv2	121	Pulse	255	2580000	1222	NA
P041tv2	122	Pulse	255	2610000	21056	NA
P041tv2	122	Response	100	2630073	41129	1
P041tv2	123	Pulse	255	2640000	9727	NA
P041tv2	125	Pulse	255	2670000	9229	NA
P041tv2	126	Response	101	2682232	11296	1
P041tv2	128	Pulse	255	2700000	7232	NA
P041tv2	130	Pulse	255	2730000	6901	NA
P041tv2	130	Response	100	2730952	7853	1
P041tv2	132	Pulse	255	2760000	18570	NA
P041tv2	134	Response	100	2783832	12071	1
P041tv2	135	Pulse	255	2790000	6073	NA
P041tv2	137	Pulse	255	2820000	5576	NA
P041tv2	138	Pulse	255	2850000	25410	NA
P041tv2	138	Response	100	2859352	34762	1
P041tv2	140	Pulse	255	2880000	10247	NA
P041tv2	142	Pulse	255	2910000	9917	NA
P041tv2	142	Response	100	2913992	13909	1
P041tv2	144	Pulse	255	2940000	15585	NA
P041tv2	146	Pulse	255	2970000	15255	NA
P041tv2	146	Response	101	2970632	15887	1
P041tv2	148	Pulse	255	3000000	18924	NA
P041tv2	150	Response	101	3019512	8105	1
P041tv2	152	Pulse	255	3030000	95	NA
P041tv2	153	Pulse	255	3060000	9930	NA
P041tv2	154	Pulse	255	3090000	29764	NA
P041tv2	154	Pulse	255	3120000	59764	NA
P041tv2	154	Response	101	3139752	79516	1
P041tv2	155	Pulse	255	3150000	10104	NA
P041tv2	157	Pulse	255	3180000	9607	NA
P041tv2	158	Response	101	3195032	14473	1
P041tv2	160	Pulse	255	3210000	4443	NA
P041tv2	162	Pulse	255	3240000	4112	NA
P041tv2	162	Response	100	3257112	21224	1
P041tv2	164	Pulse	255	3270000	2448	NA
P041tv2	166	Pulse	255	3300000	2118	NA
P041tv2	166	Pulse	255	3330000	32118	NA
P041tv2	166	Pulse	255	3360000	62118	NA
P041tv2	166	Pulse	255	3390000	92118	NA
P041tv2	166	Pulse	255	3420000	122118	NA
P041tv2	166	Response	100	3441032	143150	1
P041tv2	167	Pulse	255	3450000	8797	NA
P041tv2	169	Pulse	255	3480000	8299	NA
P041tv2	170	Response	100	3495912	14046	1
P041tv2	172	Pulse	255	3510000	3636	NA
P041tv2	174	Pulse	255	3540000	3305	NA
P041tv2	174	Response	101	3553192	16497	1
P041tv2	176	Pulse	255	3570000	6307	NA
P041tv2	178	Pulse	255	3600000	5977	NA
P041tv2	178	Response	100	3600872	6849	1
P041tv2	180	Pulse	255	3630000	18645	NA
P041tv2	182	Response	101	3648871	7185	1
P041tv2	184	Pulse	255	3660000	649	NA
P041tv2	186	Pulse	255	3690000	318	NA
P041tv2	186	Response	101	3698232	8550	1
P041tv2	188	Pulse	255	3720000	11320	NA
P041tv2	190	Response	101	3746792	7781	1
P041tv2	191	Pulse	255	3750000	3157	NA
P041tv2	193	Pulse	255	3780000	2659	NA
P041tv2	194	Response	100	3792712	5205	1
P041tv2	196	Pulse	255	3810000	6828	NA
P041tv2	198	Pulse	255	3840000	6497	NA
P041tv2	198	Response	101	3841031	7529	1
P041tv2	200	Pulse	255	3870000	18499	NA
P041tv2	202	Response	100	3889512	7680	1
P041tv2	204	Pulse	255	3900000	3	NA
P041tv2	205	Pulse	255	3930000	9838	NA
P041tv2	206	Response	100	3951751	21424	1
P041tv2	207	Pulse	255	3960000	8174	NA
P041tv2	209	Pulse	255	3990000	7677	NA
P041tv2	210	Response	100	4003351	10862	1
P041tv2	212	Pulse	255	4020000	6180	NA
P041tv2	214	Pulse	255	4050000	5849	NA
P041tv2	214	Response	100	4055511	11360	1
P041tv2	216	Pulse	255	4080000	14017	NA
P041tv2	218	Response	101	4109992	13678	1
P041tv2	218	Pulse	255	4110000	13687	NA
P041tv2	220	Pulse	255	4140000	19523	NA
P041tv2	222	Response	101	4158711	7903	1
P041tv2	224	Pulse	255	4170000	860	NA
P041tv2	226	Pulse	255	4200000	529	NA
P041tv2	226	Response	100	4205431	5960	1
P041tv2	228	Pulse	255	4230000	14030	NA
P041tv2	230	Pulse	255	4260000	13700	NA
P041tv2	230	Response	100	4262951	16651	1
P041tv2	232	Pulse	255	4290000	16535	NA
P041tv2	234	Response	101	4316712	12916	1
P041tv2	235	Pulse	255	4320000	3206	NA
P041tv2	237	Pulse	255	4350000	2708	NA
P041tv2	238	Response	101	4364471	7014	1
P041tv2	240	Pulse	255	4380000	5044	NA
P041tv2	242	Picture	instruct_trial	4405287	0	1	94492	1	0	next	other	0
P041tv2	242	Pulse	255	4410000	4713	NA
P041tv2	242	Pulse	255	4440000	34713	NA
P041tv2	242	Pulse	255	4470000	64713	NA
P041tv2	242	Response	101	4499591	94305	1
P041tv2	243	Pulse	255	4500000	55	NA
P041tv2	243	Pulse	255	4530000	30055	NA
P041tv2	243	Pulse	255	4560000	60055	NA
P041tv2	243	Pulse	255	4590000	90055	NA
P041tv2	243	Pulse	255	4620000	120055	NA
P041tv2	243	Pulse	255	4650000	150055	NA
P041tv2	243	Pulse	255	4680000	180055	NA
P041tv2	243	Response	100	4689111	189166	1
P041tv2	245	Pulse	255	4710000	10406	NA
P041tv2	247	Pulse	255	4740000	10075	NA
P041tv2	247	Pulse	255	4770000	40075	NA
P041tv2	247	Pulse	255	4800000	70075	NA
P041tv2	247	Pulse	255	4830000	100075	NA
P041tv2	247	Pulse	255	4860000	130075	NA
P041tv2	247	Pulse	255	4890000	160075	NA
P041tv2	247	Pulse	255	4920000	190075	NA
P041tv2	247	Pulse	255	4950000	220075	NA
P041tv2	247	Pulse	255	4980000	250075	NA
P041tv2	247	Response	100	5001830	271905	1
P041tv2	248	Pulse	255	5010000	8098	NA
P041tv2	250	Pulse	255	5040000	7601	NA
P041tv2	251	Pulse	255	5070000	27435	NA
P041tv2	251	Pulse	255	5100000	57435	NA
P041tv2	251	Response	100	5124951	82386	1
P041tv2	252	Pulse	255	5130000	4942	NA
P041tv2	254	Pulse	255	5160000	4445	NA
P041tv2	255	Pulse	255	5190000	24279	NA
P041tv2	255	Response	100	5216391	50670	1
P041tv2	256	Pulse	255	5220000	3450	NA
P041tv2	258	Pulse	255	5250000	2953	NA
P041tv2	259	Pulse	255	5280000	22787	NA
P041tv2	259	Response	101	5298391	41178	1
P041tv2	261	Pulse	255	5310000	1125	NA
P041tv2	263	Pulse	255	5340000	794	NA
P041tv2	263	Response	100	5367271	28065	1
P041tv2	264	Pulse	255	5370000	2630	NA
P041tv2	266	Pulse	255	5400000	2133	NA
P041tv2	267	Response	101	5427431	19398	1
P041tv2	268	Pulse	255	5430000	2468	NA
P041tv2	270	Pulse	255	5460000	1971	NA
P041tv2	271	Pulse	255	5490000	21805	NA
P041tv2	271	Response	101	5513190	44995	1
P041tv2	272	Pulse	255	5520000	6643	NA
P041tv2	274	Pulse	255	5550000	6145	NA
P041tv2	275	Response	101	5569910	15890	1
P041tv2	276	Pulse	255	5580000	9981	NA
P041tv2	278	Pulse	255	5610000	9483	NA
P041tv2	279	Response	100	5633110	22428	1
P041tv2	280	Pulse	255	5640000	6820	NA
P041tv2	282	Pulse	255	5670000	6322	NA
P041tv2	283	Response	100	5683910	10066	1
P041tv2	285	Pulse	255	5700000	5658	NA
P041tv2	287	Pulse	255	5730000	5327	NA
P041tv2	287	Response	101	5732230	7557	1
P041tv2	289	Pulse	255	5760000	17329	NA
P041tv2	291	Response	100	5780710	7708	1
P041tv2	292	Pulse	255	5790000	9166	NA
P041tv2	294	Pulse	255	5820000	8668	NA
P041tv2	295	Response	100	5830550	9053	1
P041tv2	297	Pulse	255	5850000	9004	NA
P041tv2	299	Pulse	255	5880000	8673	NA
P041tv2	299	Response	101	5893031	21704	1
P041tv2	301	Pulse	255	5910000	6510	NA
P041tv2	303	Pulse	255	5940000	6179	NA
P041tv2	303	Response	101	5941430	7609	1
P041tv2	305	Pulse	255	5970000	18180	NA
P041tv2	307	Response	101	5996389	14239	1
P041tv2	308	Pulse	255	6000000	3518	NA
P041tv2	310	Pulse	255	6030000	3020	NA
P041tv2	311	Response	100	6045110	7965	1
P041tv2	313	Pulse	255	6060000	4356	NA
P041tv2	315	Pulse	255	6090000	4025	NA
P041tv2	315	Pulse	255	6120000	34025	NA
P041tv2	315	Pulse	255	6150000	64025	NA
P041tv2	315	Response	101	6152791	66817	1
P041tv2	317	Pulse	255	6180000	16699	NA
P041tv2	319	Response	100	6203590	9958	1
P041tv2	320	Pulse	255	6210000	6202	NA
P041tv2	322	Pulse	255	6240000	5705	NA
P041tv2	323	Response	101	6249990	5529	1
P041tv2	325	Pulse	255	6270000	9540	NA
P041tv2	327	Response	101	6297030	6240	1
P041tv2	328	Pulse	255	6300000	2877	NA
P041tv2	330	Pulse	255	6330000	2380	NA
P041tv2	331	Response	101	6342790	5004	1
P041tv2	333	Pulse	255	6360000	6715	NA
P041tv2	335	Pulse	255	6390000	6384	NA
P041tv2	335	Response	101	6391510	7894	1
P041tv2	337	Pulse	255	6420000	18053	NA
P041tv2	339	Response	101	6439110	6832	1
P041tv2	341	Pulse	255	6450000	390	NA
P041tv2	343	Pulse	255	6480000	59	NA
P041tv2	343	Response	100	6487350	7410	1
P041tv2	345	Pulse	255	6510000	12228	NA
P041tv2	347	Response	100	6537030	8927	1
P041tv2	348	Pulse	255	6540000	2898	NA
P041tv2	350	Pulse	255	6570000	2400	NA
P041tv2	351	Response	101	6582950	5184	1
P041tv2	353	Pulse	255	6600000	6569	NA
P041tv2	355	Pulse	255	6630000	6239	NA
P041tv2	355	Response	101	6631669	7908	1
P041tv2	357	Pulse	255	6660000	17907	NA
P041tv2	359	Response	100	6679429	7005	1
P041tv2	361	Pulse	255	6690000	78	NA
P041tv2	362	Pulse	255	6720000	9913	NA
P041tv2	363	Response	100	6727670	7417	1
P041tv2	365	Pulse	255	6750000	11915	NA
P041tv2	367	Response	100	6774150	5734	1
P041tv2	368	Pulse	255	6780000	5752	NA
P041tv2	370	Pulse	255	6810000	5254	NA
P041tv2	371	Response	100	6821110	6198	1
P041tv2	373	Pulse	255	6840000	8423	NA
P041tv2	375	Response	101	6867509	5601	1
P041tv2	376	Pulse	255	6870000	2426	NA
P041tv2	378	Pulse	255	6900000	1929	NA
P041tv2	379	Response	101	6917590	9353	1
P041tv2	381	Pulse	255	6930000	1931	NA
P041tv2	383	Pulse	255	6960000	1601	NA
P041tv2	383	Response	100	6963190	4791	1
P041tv2	385	Pulse	255	6990000	16269	NA
P041tv2	387	Response	100	7011989	7927	1
P041tv2	388	Pulse	255	7020000	7939	NA
P041tv2	390	Pulse	255	7050000	7441	NA
P041tv2	391	Response	101	7057349	4625	1
P041tv2	393	Pulse	255	7080000	12110	NA
P041tv2	395	Response	101	7106949	8729	1
P041tv2	396	Pulse	255	7110000	2947	NA
P041tv2	398	Pulse	255	7140000	2450	NA
P041tv2	399	Response	101	7152709	4993	1
P041tv2	401	Pulse	255	7170000	6785	NA
P041tv2	403	Response	100	7199910	6364	1
P041tv2	403	Pulse	255	7200000	6455	NA
P041tv2	405	Pulse	255	7230000	19623	NA
P041tv2	407	Response	100	7247669	6961	1
P041tv2	409	Pulse	255	7260000	1793	NA
P041tv2	411	Pulse	255	7290000	1463	NA
P041tv2	411	Response	101	7294470	5932	1
P041tv2	413	Pulse	255	7320000	15131	NA
P041tv2	415	Response	101	7342229	7029	1
P041tv2	416	Pulse	255	7350000	7634	NA
P041tv2	418	Pulse	255	7380000	7137	NA
P041tv2	419	Response	101	7389589	6560	1
P041tv2	421	Pulse	255	7410000	9972	NA
P041tv2	423	Response	101	7435509	5151	1
P041tv2	424	Pulse	255	7440000	4309	NA
P041tv2	426	Pulse	255	7470000	3811	NA
P041tv2	427	Response	100	7485349	8995	1
P041tv2	429	Pulse	255	7500000	4147	NA
P041tv2	431	Pulse	255	7530000	3816	NA
P041tv2	431	Response	101	7533589	7405	1
P041tv2	433	Pulse	255	7560000	15985	NA
P041tv2	435	Response	100	7582789	8443	1
P041tv2	436	Pulse	255	7590000	7155	NA
P041tv2	438	Pulse	255	7620000	6657	NA
P041tv2	439	Response	101	7628870	5362	1
P041tv2	441	Pulse	255	7650000	10660	NA
P041tv2	443	Response	100	7676229	6557	1
P041tv2	444	Pulse	255	7680000	3663	NA
P041tv2	446	Pulse	255	7710000	3165	NA
P041tv2	447	Response	101	7722389	5389	1
P041tv2	449	Pulse	255	7740000	7168	NA
P041tv2	451	Response	100	7768949	5786	1
P041tv2	452	Pulse	255	7770000	1004	NA
P041tv2	454	Pulse	255	7800000	507	NA
P041tv2	455	Response	100	7814629	4970	1
P041tv2	457	Pulse	255	7830000	4842	NA
P041tv2	459	Pulse	255	7860000	4512	NA
P041tv2	459	Response	100	7865349	9861	1
P041tv2	461	Pulse	255	7890000	14180	NA
P041tv2	463	Response	101	7911269	5118	1
P041tv2	464	Pulse	255	7920000	8683	NA
P041tv2	466	Pulse	255	7950000	8186	NA
P041tv2	467	Response	100	7957989	6009	1
P041tv2	469	Pulse	255	7980000	11521	NA
P041tv2	471	Response	100	8005109	6299	1
P041tv2	472	Pulse	255	8010000	4691	NA
P041tv2	474	Pulse	255	8040000	4194	NA
P041tv2	475	Response	101	8052309	6337	1
P041tv2	477	Pulse	255	8070000	7196	NA
P041tv2	479	Pulse	255	8100000	6865	NA
P041tv2	479	Response	101	8100629	7494	1
P041tv2	481	Pulse	255	8130000	18867	NA
P041tv2	483	Picture	instruct_trial	8141464	0	1	273310	1	0	next	other	0
P041tv2	483	Pulse	255	8160000	18536	NA
P041tv2	483	Pulse	255	8190000	48536	NA
P041tv2	483	Pulse	255	8220000	78536	NA
P041tv2	483	Pulse	255	8250000	108536	NA
P041tv2	483	Pulse	255	8280000	138536	NA
P041tv2	483	Pulse	255	8310000	168536	NA
P041tv2	483	Pulse	255	8340000	198536	NA
P041tv2	483	Pulse	255	8370000	228536	NA
P041tv2	483	Pulse	255	8400000	258536	NA
P041tv2	483	Response	101	8414629	273165	1
P041tv2	484	Pulse	255	8430000	15060	NA
P041tv2	484	Pulse	255	8460000	45060	NA
P041tv2	484	Response	100	8483589	68648	1
P041tv2	485	Pulse	255	8490000	6233	NA
P041tv2	487	Pulse	255	8520000	5735	NA
P041tv2	488	Pulse	255	8550000	25569	NA
P041tv2	488	Pulse	255	8580000	55569	NA
P041tv2	488	Response	100	8601348	76918	1
P041tv2	489	Pulse	255	8610000	8576	NA
P041tv2	491	Pulse	255	8640000	8079	NA
P041tv2	492	Pulse	255	8670000	27913	NA
P041tv2	492	Pulse	255	8700000	57913	NA
P041tv2	492	Response	100	8701029	58942	1
P041tv2	494	Pulse	255	8730000	18586	NA
P041tv2	496	Pulse	255	8760000	18255	NA
P041tv2	496	Response	100	8775828	34083	1
P041tv2	498	Pulse	255	8790000	3759	NA
P041tv2	500	Pulse	255	8820000	3428	NA
P041tv2	500	Response	101	8827748	11176	1
P041tv2	502	Pulse	255	8850000	11763	NA
P041tv2	504	Pulse	255	8880000	11432	NA
P041tv2	504	Response	100	8883348	14781	1
P041tv2	506	Pulse	255	8910000	16268	NA
P041tv2	508	Pulse	255	8940000	15937	NA
P041tv2	508	Response	101	8946388	22325	1
P041tv2	510	Pulse	255	8970000	13107	NA
P041tv2	512	Pulse	255	9000000	12776	NA
P041tv2	512	Response	101	9002788	15564	1
P041tv2	514	Pulse	255	9030000	16778	NA
P041tv2	516	Response	101	9052388	8836	1
P041tv2	517	Pulse	255	9060000	7448	NA
P041tv2	519	Pulse	255	9090000	6951	NA
P041tv2	520	Response	100	9115348	22133	1
P041tv2	521	Pulse	255	9120000	4454	NA
P041tv2	523	Pulse	255	9150000	3956	NA
P041tv2	524	Response	100	9164148	7938	1
P041tv2	526	Pulse	255	9180000	5459	NA
P041tv2	528	Pulse	255	9210000	5128	NA
P041tv2	528	Response	101	9210788	5916	1
P041tv2	530	Pulse	255	9240000	18796	NA
P041tv2	532	Response	100	9260228	8694	1
P041tv2	533	Pulse	255	9270000	9633	NA
P041tv2	535	Pulse	255	9300000	9136	NA
P041tv2	536	Response	100	9312228	11198	1
P041tv2	538	Pulse	255	9330000	7305	NA
P041tv2	540	Pulse	255	9360000	6974	NA
P041tv2	540	Response	101	9363668	10642	1
P041tv2	542	Pulse	255	9390000	15810	NA
P041tv2	544	Pulse	255	9420000	15479	NA
P041tv2	544	Response	101	9436788	32267	1
P041tv2	546	Pulse	255	9450000	2816	NA
P041tv2	548	Pulse	255	9480000	2485	NA
P041tv2	548	Pulse	255	9510000	32485	NA
P041tv2	548	Response	101	9512788	35273	1
P041tv2	550	Pulse	255	9540000	16822	NA
P041tv2	552	Response	100	9562948	9439	1
P041tv2	553	Pulse	255	9570000	6993	NA
P041tv2	555	Pulse	255	9600000	6495	NA
P041tv2	556	Response	100	9610948	7277	1
P041tv2	558	Pulse	255	9630000	8664	NA
P041tv2	560	Response	100	9658468	6801	1
P041tv2	561	Pulse	255	9660000	1334	NA
P041tv2	563	Pulse	255	9690000	837	NA
P041tv2	564	Response	100	9704468	5139	1
P041tv2	566	Pulse	255	9720000	5006	NA
P041tv2	568	Pulse	255	9750000	4675	NA
P041tv2	568	Response	101	9752228	6902	1
P041tv2	570	Pulse	255	9780000	17343	NA
P041tv2	572	Response	101	9797187	4200	1
P041tv2	574	Pulse	255	9810000	2347	NA
P041tv2	576	Pulse	255	9840000	2016	NA
P041tv2	576	Response	101	9843022	5038	9
P041tv2	578	Pulse	255	9870000	16518	NA
P041tv2	580	Response	101	9889507	5694	1
P041tv2	582	Pulse	255	9900000	22	NA
P041tv2	583	Pulse	255	9930000	9857	NA
P041tv2	584	Response	100	9935587	5278	1
P041tv2	586	Pulse	255	9960000	14026	NA
P041tv2	588	Response	100	9983189	6884	1
P041tv2	589	Pulse	255	9990000	6696	NA
P041tv2	591	Pulse	255	10020000	6198	NA
P041tv2	592	Response	101	10030388	6420	1
P041tv2	594	Pulse	255	10050000	9200	NA
P041tv2	596	Pulse	255	10080000	8870	NA
P041tv2	596	Response	101	10081348	10217	1
P041tv2	598	Pulse	255	10110000	18205	NA
P041tv2	600	Response	100	10127987	5862	1
P041tv2	602	Pulse	255	10140000	1542	NA
P041tv2	604	Pulse	255	10170000	1212	NA
P041tv2	604	Response	100	10174468	5679	1
P041tv2	606	Pulse	255	10200000	15046	NA
P041tv2	608	Response	100	10221028	5743	1
P041tv2	609	Pulse	255	10230000	8883	NA
P041tv2	611	Pulse	255	10260000	8385	NA
P041tv2	612	Response	100	10266547	4767	1
P041tv2	614	Pulse	255	10290000	13054	NA
P041tv2	616	Response	101	10312627	5351	1
P041tv2	617	Pulse	255	10320000	7224	NA
P041tv2	619	Pulse	255	10350000	6727	NA
P041tv2	620	Response	101	10358387	4948	1
P041tv2	622	Pulse	255	10380000	11229	NA
P041tv2	624	Response	100	10406227	7125	1
P041tv2	625	Pulse	255	10410000	3565	NA
P041tv2	627	Pulse	255	10440000	3068	NA
P041tv2	628	Response	100	10452707	5610	1
P041tv2	630	Pulse	255	10470000	6904	NA
P041tv2	632	Pulse	255	10500000	6573	NA
P041tv2	632	Response	101	10501668	8241	1
P041tv2	634	Pulse	255	10530000	17908	NA
P041tv2	636	Response	101	10548948	6525	1
P041tv2	638	Pulse	255	10560000	579	NA
P041tv2	640	Pulse	255	10590000	248	NA
P041tv2	640	Response	101	10596787	7035	1
P041tv2	642	Pulse	255	10620000	12749	NA
P041tv2	644	Response	100	10642787	5205	1
P041tv2	645	Pulse	255	10650000	7086	NA
P041tv2	647	Pulse	255	10680000	6588	NA
P041tv2	648	Response	100	10689347	5770	1
P041tv2	650	Pulse	255	10710000	10257	NA
P041tv2	652	Response	101	10736147	6073	1
P041tv2	653	Pulse	255	10740000	3761	NA
P041tv2	655	Pulse	255	10770000	3263	NA
P041tv2	656	Response	101	10788547	11645	1
P041tv2	658	Pulse	255	10800000	933	NA
P041tv2	660	Pulse	255	10830000	602	NA
P041tv2	660	Response	101	10835427	6029	1
P041tv2	662	Pulse	255	10860000	14103	NA
P041tv2	664	Response	101	10883106	6879	1
P041tv2	665	Pulse	255	10890000	6773	NA
P041tv2	667	Pulse	255	10920000	6276	NA
P041tv2	668	Response	100	10930467	6577	1
P041tv2	670	Pulse	255	10950000	9112	NA
P041tv2	672	Response	101	10976707	5488	1
P041tv2	673	Pulse	255	10980000	3115	NA
P041tv2	675	Pulse	255	11010000	2617	NA
P041tv2	676	Response	100	11027187	9638	1
P041tv2	678	Pulse	255	11040000	2287	NA
P041tv2	680	Pulse	255	11070000	1956	NA
P041tv2	680	Response	101	11073427	5383	1
P041tv2	682	Pulse	255	11100000	16124	NA
P041tv2	684	Response	100	11121506	7300	1
P041tv2	685	Pulse	255	11130000	8294	NA
P041tv2	687	Pulse	255	11160000	7797	NA
P041tv2	688	Response	101	11168867	6497	1
P041tv2	690	Pulse	255	11190000	10632	NA
P041tv2	692	Response	100	11217906	8208	1
P041tv2	693	Pulse	255	11220000	1969	NA
P041tv2	695	Pulse	255	11250000	1472	NA
P041tv2	696	Response	100	11266387	7692	1
P041tv2	698	Pulse	255	11280000	3141	NA
P041tv2	700	Pulse	255	11310000	2810	NA
P041tv2	700	Response	100	11315266	8076	1
P041tv2	702	Pulse	255	11340000	14311	NA
P041tv2	704	Response	101	11366067	10048	1
P041tv2	705	Pulse	255	11370000	3815	NA
P041tv2	707	Pulse	255	11400000	3318	NA
P041tv2	708	Response	100	11414706	7858	1
P041tv2	710	Pulse	255	11430000	4820	NA
P041tv2	712	Pulse	255	11460000	4489	NA
P041tv2	712	Response	100	11463986	8475	1
P041tv2	714	Pulse	255	11490000	15491	NA
P041tv2	716	Response	101	11513106	8267	1
P041tv2	717	Pulse	255	11520000	6828	NA
P041tv2	719	Pulse	255	11550000	6330	NA
P041tv2	720	Response	101	11561186	7351	1
P041tv2	722	Pulse	255	11580000	8333	NA
P041tv2	724	Picture	instruct_trial	11601998	0	1	40163	1	0	next	other	0
P041tv2	724	Pulse	255	11610000	8002	NA
P041tv2	724	Pulse	255	11640000	38002	NA
