Scenario - learning_JJ_english
Logfile written - 05/16/2022 12:56:57

Subject	Trial	Event Type	Code	Time	TTime	Uncertainty	Duration	Uncertainty	ReqTime	ReqDur	Stim Type	Pair Index

P041tv1	0	Pulse	255	0	0	NA
P041tv1	1	Picture	instruct_trial	10500	0	1	1876504	1	0	next	other	0
P041tv1	1	Pulse	255	30000	19500	NA
P041tv1	1	Pulse	255	60000	49500	NA
P041tv1	1	Pulse	255	90000	79500	NA
P041tv1	1	Pulse	255	120000	109500	NA
P041tv1	1	Pulse	255	150000	139500	NA
P041tv1	1	Pulse	255	180000	169500	NA
P041tv1	1	Pulse	255	210000	199500	NA
P041tv1	1	Pulse	255	240000	229500	NA
P041tv1	1	Pulse	255	270000	259500	NA
P041tv1	1	Pulse	255	300000	289500	NA
P041tv1	1	Pulse	255	330000	319500	NA
P041tv1	1	Pulse	255	360000	349500	NA
P041tv1	1	Pulse	255	390000	379500	NA
P041tv1	1	Pulse	255	420000	409500	NA
P041tv1	1	Pulse	255	450000	439500	NA
P041tv1	1	Pulse	255	480000	469500	NA
P041tv1	1	Pulse	255	510000	499500	NA
P041tv1	1	Pulse	255	540000	529500	NA
P041tv1	1	Pulse	255	570000	559500	NA
P041tv1	1	Pulse	255	600000	589500	NA
P041tv1	1	Pulse	255	630000	619500	NA
P041tv1	1	Pulse	255	660000	649500	NA
P041tv1	1	Pulse	255	690000	679500	NA
P041tv1	1	Pulse	255	720000	709500	NA
P041tv1	1	Pulse	255	750000	739500	NA
P041tv1	1	Pulse	255	780000	769500	NA
P041tv1	1	Pulse	255	810000	799500	NA
P041tv1	1	Pulse	255	840000	829500	NA
P041tv1	1	Pulse	255	870000	859500	NA
P041tv1	1	Pulse	255	900000	889500	NA
P041tv1	1	Pulse	255	930000	919500	NA
P041tv1	1	Pulse	255	960000	949500	NA
P041tv1	1	Pulse	255	990000	979500	NA
P041tv1	1	Pulse	255	1020000	1009500	NA
P041tv1	1	Pulse	255	1050000	1039500	NA
P041tv1	1	Pulse	255	1080000	1069500	NA
P041tv1	1	Pulse	255	1110000	1099500	NA
P041tv1	1	Pulse	255	1140000	1129500	NA
P041tv1	1	Pulse	255	1170000	1159500	NA
P041tv1	1	Pulse	255	1200000	1189500	NA
P041tv1	1	Pulse	255	1230000	1219500	NA
P041tv1	1	Pulse	255	1260000	1249500	NA
P041tv1	1	Pulse	255	1290000	1279500	NA
P041tv1	1	Pulse	255	1320000	1309500	NA
P041tv1	1	Pulse	255	1350000	1339500	NA
P041tv1	1	Pulse	255	1380000	1369500	NA
P041tv1	1	Pulse	255	1410000	1399500	NA
P041tv1	1	Pulse	255	1440000	1429500	NA
P041tv1	1	Pulse	255	1470000	1459500	NA
P041tv1	1	Pulse	255	1500000	1489500	NA
P041tv1	1	Pulse	255	1530000	1519500	NA
P041tv1	1	Pulse	255	1560000	1549500	NA
P041tv1	1	Pulse	255	1590000	1579500	NA
P041tv1	1	Pulse	255	1620000	1609500	NA
P041tv1	1	Pulse	255	1650000	1639500	NA
P041tv1	1	Pulse	255	1680000	1669500	NA
P041tv1	1	Pulse	255	1710000	1699500	NA
P041tv1	1	Pulse	255	1740000	1729500	NA
P041tv1	1	Pulse	255	1770000	1759500	NA
P041tv1	1	Pulse	255	1800000	1789500	NA
P041tv1	1	Pulse	255	1830000	1819500	NA
P041tv1	1	Pulse	255	1860000	1849500	NA
P041tv1	1	Response	101	1886799	1876299	1
P041tv1	1	Pulse	255	1890000	1879500	NA
P041tv1	2	Pulse	255	1920000	29829	NA
P041tv1	2	Response	100	1939758	49587	1
P041tv1	3	Pulse	255	1950000	10167	NA
P041tv1	5	Pulse	255	1980000	9670	NA
P041tv1	6	Pulse	255	2010000	29504	NA
P041tv1	6	Pulse	255	2040000	59504	NA
P041tv1	6	Pulse	255	2070000	89504	NA
P041tv1	6	Pulse	255	2100000	119504	NA
P041tv1	6	Response	100	2112638	132142	1
P041tv1	8	Pulse	255	2130000	6850	NA
P041tv1	10	Pulse	255	2160000	6519	NA
P041tv1	10	Response	100	2180639	27157	1
P041tv1	11	Pulse	255	2190000	9188	NA
P041tv1	13	Pulse	255	2220000	8691	NA
P041tv1	14	Pulse	255	2250000	28525	NA
P041tv1	14	Response	100	2266398	44923	1
P041tv1	16	Pulse	255	2280000	3196	NA
P041tv1	18	Pulse	255	2310000	2865	NA
P041tv1	18	Response	101	2319519	12384	1
P041tv1	20	Pulse	255	2340000	10034	NA
P041tv1	22	Pulse	255	2370000	9703	NA
P041tv1	22	Response	100	2370799	10502	1
P041tv1	24	Pulse	255	2400000	18705	NA
P041tv1	26	Response	101	2423277	11652	1
P041tv1	27	Pulse	255	2430000	6542	NA
P041tv1	29	Pulse	255	2460000	6045	NA
P041tv1	30	Pulse	255	2490000	25879	NA
P041tv1	30	Response	101	2518879	54758	1
P041tv1	31	Pulse	255	2520000	1050	NA
P041tv1	33	Pulse	255	2550000	553	NA
P041tv1	34	Response	101	2570637	11025	1
P041tv1	35	Pulse	255	2580000	9222	NA
P041tv1	37	Pulse	255	2610000	8724	NA
P041tv1	38	Response	100	2622157	10716	1
P041tv1	40	Pulse	255	2640000	7394	NA
P041tv1	42	Pulse	255	2670000	7063	NA
P041tv1	42	Response	100	2672478	9541	1
P041tv1	44	Pulse	255	2700000	17065	NA
P041tv1	46	Response	101	2718639	5372	1
P041tv1	48	Pulse	255	2730000	902	NA
P041tv1	50	Pulse	255	2760000	571	NA
P041tv1	50	Response	100	2773998	14569	1
P041tv1	52	Pulse	255	2790000	5573	NA
P041tv1	54	Pulse	255	2820000	5243	NA
P041tv1	54	Response	100	2826798	12041	1
P041tv1	56	Pulse	255	2850000	12745	NA
P041tv1	58	Response	101	2875598	8012	1
P041tv1	59	Pulse	255	2880000	4248	NA
P041tv1	61	Pulse	255	2910000	3751	NA
P041tv1	62	Response	101	2923277	6861	1
P041tv1	64	Pulse	255	2940000	6253	NA
P041tv1	66	Pulse	255	2970000	5922	NA
P041tv1	66	Response	101	2972159	8082	1
P041tv1	68	Pulse	255	3000000	17424	NA
P041tv1	70	Response	100	3019278	6371	1
P041tv1	72	Pulse	255	3030000	261	NA
P041tv1	72	Response	101	3030798	1059	1
P041tv1	73	Pulse	255	3060000	10096	NA
P041tv1	74	Response	100	3066478	6409	1
P041tv1	76	Pulse	255	3090000	13099	NA
P041tv1	78	Pulse	255	3120000	12768	NA
P041tv1	78	Response	100	3124557	17325	1
P041tv1	80	Pulse	255	3150000	14937	NA
P041tv1	82	Response	100	3176077	10683	1
P041tv1	83	Pulse	255	3180000	3774	NA
P041tv1	85	Pulse	255	3210000	3277	NA
P041tv1	86	Response	101	3224157	7268	1
P041tv1	88	Pulse	255	3240000	5446	NA
P041tv1	90	Pulse	255	3270000	5115	NA
P041tv1	90	Response	101	3276078	11193	1
P041tv1	92	Pulse	255	3300000	13450	NA
P041tv1	94	Response	101	3326715	9835	1
P041tv1	95	Pulse	255	3330000	3120	NA
P041tv1	97	Pulse	255	3360000	2623	NA
P041tv1	98	Response	101	3374638	7095	1
P041tv1	100	Pulse	255	3390000	4959	NA
P041tv1	102	Pulse	255	3420000	4628	NA
P041tv1	102	Response	100	3423918	8545	1
P041tv1	104	Pulse	255	3450000	15630	NA
P041tv1	106	Response	100	3471517	6816	1
P041tv1	107	Pulse	255	3480000	8299	NA
P041tv1	109	Pulse	255	3510000	7802	NA
P041tv1	110	Response	101	3518717	6353	1
P041tv1	112	Pulse	255	3540000	10804	NA
P041tv1	114	Response	101	3566076	6550	1
P041tv1	115	Pulse	255	3570000	3808	NA
P041tv1	117	Pulse	255	3600000	3310	NA
P041tv1	118	Response	100	3612398	5542	1
P041tv1	120	Pulse	255	3630000	7146	NA
P041tv1	122	Response	100	3659998	6813	1
P041tv1	122	Pulse	255	3660000	6815	NA
P041tv1	124	Pulse	255	3690000	19483	NA
P041tv1	126	Response	100	3707597	6750	1
P041tv1	128	Pulse	255	3720000	1987	NA
P041tv1	130	Pulse	255	3750000	1657	NA
P041tv1	130	Response	100	3754238	5894	1
P041tv1	132	Pulse	255	3780000	15325	NA
P041tv1	134	Response	101	3800877	5871	1
P041tv1	135	Pulse	255	3810000	8995	NA
P041tv1	137	Pulse	255	3840000	8497	NA
P041tv1	138	Response	101	3849117	7449	1
P041tv1	140	Pulse	255	3870000	10500	NA
P041tv1	142	Response	100	3895038	5206	1
P041tv1	143	Pulse	255	3900000	4836	NA
P041tv1	145	Pulse	255	3930000	4339	NA
P041tv1	146	Response	100	3940397	4570	1
P041tv1	148	Pulse	255	3960000	9174	NA
P041tv1	150	Response	101	3988317	7161	1
P041tv1	151	Pulse	255	3990000	1511	NA
P041tv1	153	Pulse	255	4020000	1013	NA
P041tv1	154	Response	101	4037437	8285	1
P041tv1	156	Pulse	255	4050000	2183	NA
P041tv1	158	Pulse	255	4080000	1852	NA
P041tv1	158	Response	101	4083757	5609	1
P041tv1	160	Pulse	255	4110000	15853	NA
P041tv1	162	Response	100	4134797	10320	1
P041tv1	163	Pulse	255	4140000	5023	NA
P041tv1	165	Pulse	255	4170000	4526	NA
P041tv1	166	Response	100	4183597	7957	1
P041tv1	168	Pulse	255	4200000	5862	NA
P041tv1	170	Pulse	255	4230000	5531	NA
P041tv1	170	Response	101	4231198	6729	1
P041tv1	172	Pulse	255	4260000	18366	NA
P041tv1	174	Response	101	4280157	8192	1
P041tv1	175	Pulse	255	4290000	9703	NA
P041tv1	177	Pulse	255	4320000	9205	NA
P041tv1	178	Response	101	4330237	9277	1
P041tv1	180	Pulse	255	4350000	9375	NA
P041tv1	182	Response	101	4379197	8241	1
P041tv1	183	Pulse	255	4380000	711	NA
P041tv1	185	Pulse	255	4410000	214	NA
P041tv1	186	Response	100	4427837	7885	1
P041tv1	188	Pulse	255	4440000	1716	NA
P041tv1	190	Pulse	255	4470000	1386	NA
P041tv1	190	Response	101	4478475	9861	1
P041tv1	192	Pulse	255	4500000	11054	NA
P041tv1	194	Response	100	4526157	6880	1
P041tv1	195	Pulse	255	4530000	3724	NA
P041tv1	197	Pulse	255	4560000	3227	NA
P041tv1	198	Response	101	4575837	8898	1
P041tv1	200	Pulse	255	4590000	3729	NA
P041tv1	202	Pulse	255	4620000	3398	NA
P041tv1	202	Response	100	4627836	11234	1
P041tv1	204	Pulse	255	4650000	11734	NA
P041tv1	206	Response	101	4676957	8360	1
P041tv1	207	Pulse	255	4680000	2904	NA
P041tv1	209	Pulse	255	4710000	2406	NA
P041tv1	210	Response	100	4726076	8316	1
P041tv1	212	Pulse	255	4740000	3409	NA
P041tv1	214	Pulse	255	4770000	3078	NA
P041tv1	214	Response	100	4774636	7714	1
P041tv1	216	Pulse	255	4800000	14913	NA
P041tv1	218	Response	100	4824797	9379	1
P041tv1	219	Pulse	255	4830000	5083	NA
P041tv1	221	Pulse	255	4860000	4586	NA
P041tv1	222	Response	101	4873515	7935	1
P041tv1	224	Pulse	255	4890000	6088	NA
P041tv1	226	Pulse	255	4920000	5757	NA
P041tv1	226	Response	100	4921917	7674	1
P041tv1	228	Pulse	255	4950000	17592	NA
P041tv1	230	Response	100	4971036	8298	1
P041tv1	231	Pulse	255	4980000	8762	NA
P041tv1	233	Pulse	255	5010000	8265	NA
P041tv1	234	Response	101	5019596	7695	1
P041tv1	236	Pulse	255	5040000	9934	NA
P041tv1	238	Response	101	5067436	7039	1
P041tv1	239	Pulse	255	5070000	2437	NA
P041tv1	241	Pulse	255	5100000	1940	NA
P041tv1	242	Picture	instruct_trial	5108226	0	1	38997	1	0	next	other	0
P041tv1	242	Pulse	255	5130000	21774	NA
P041tv1	242	Response	100	5147036	38810	1
P041tv1	243	Pulse	255	5160000	12611	NA
P041tv1	243	Pulse	255	5190000	42611	NA
P041tv1	243	Pulse	255	5220000	72611	NA
P041tv1	243	Pulse	255	5250000	102611	NA
P041tv1	243	Pulse	255	5280000	132611	NA
P041tv1	243	Pulse	255	5310000	162611	NA
P041tv1	243	Response	100	5338880	191491	1
P041tv1	244	Pulse	255	5340000	961	NA
P041tv1	246	Pulse	255	5370000	463	NA
P041tv1	247	Pulse	255	5400000	20298	NA
P041tv1	247	Pulse	255	5430000	50298	NA
P041tv1	247	Response	100	5432876	53174	1
P041tv1	249	Pulse	255	5460000	16637	NA
P041tv1	251	Response	100	5483996	10302	1
P041tv1	252	Pulse	255	5490000	5807	NA
P041tv1	254	Pulse	255	5520000	5309	NA
P041tv1	255	Response	100	5540316	15460	1
P041tv1	256	Pulse	255	5550000	9478	NA
P041tv1	258	Pulse	255	5580000	8981	NA
P041tv1	259	Response	101	5597996	16811	1
P041tv1	261	Pulse	255	5610000	1484	NA
P041tv1	263	Pulse	255	5640000	1153	NA
P041tv1	263	Response	100	5663517	24670	1
P041tv1	264	Pulse	255	5670000	6322	NA
P041tv1	266	Pulse	255	5700000	5825	NA
P041tv1	267	Response	101	5712956	8615	1
P041tv1	269	Pulse	255	5730000	6661	NA
P041tv1	271	Pulse	255	5760000	6330	NA
P041tv1	271	Response	101	5768156	14486	1
P041tv1	273	Pulse	255	5790000	11332	NA
P041tv1	275	Response	101	5818396	9397	1
P041tv1	276	Pulse	255	5820000	1502	NA
P041tv1	278	Pulse	255	5850000	1005	NA
P041tv1	279	Response	100	5864958	5797	1
P041tv1	281	Pulse	255	5880000	4507	NA
P041tv1	283	Pulse	255	5910000	4176	NA
P041tv1	283	Response	100	5915436	9612	1
P041tv1	285	Pulse	255	5940000	14178	NA
P041tv1	287	Response	101	5960796	4644	1
P041tv1	288	Pulse	255	5970000	9015	NA
P041tv1	290	Pulse	255	6000000	8517	NA
P041tv1	291	Response	100	6010076	8427	1
P041tv1	293	Pulse	255	6030000	9520	NA
P041tv1	295	Response	100	6059836	9025	1
P041tv1	296	Pulse	255	6060000	23	NA
P041tv1	297	Pulse	255	6090000	19691	NA
P041tv1	299	Response	101	6109036	8396	1
P041tv1	301	Pulse	255	6120000	528	NA
P041tv1	303	Pulse	255	6150000	198	NA
P041tv1	303	Response	101	6158396	8594	1
P041tv1	305	Pulse	255	6180000	11199	NA
P041tv1	307	Response	101	6206155	7024	1
P041tv1	308	Pulse	255	6210000	3702	NA
P041tv1	310	Pulse	255	6240000	3205	NA
P041tv1	311	Response	100	6255036	8075	1
P041tv1	313	Pulse	255	6270000	4541	NA
P041tv1	315	Pulse	255	6300000	4210	NA
P041tv1	315	Response	100	6307275	11485	1
P041tv1	317	Pulse	255	6330000	12212	NA
P041tv1	319	Response	100	6357356	9237	1
P041tv1	320	Pulse	255	6360000	2549	NA
P041tv1	322	Pulse	255	6390000	2051	NA
P041tv1	323	Response	100	6407994	9880	1
P041tv1	325	Pulse	255	6420000	1554	NA
P041tv1	327	Pulse	255	6450000	1223	NA
P041tv1	327	Response	101	6459996	11219	1
P041tv1	329	Pulse	255	6480000	9559	NA
P041tv1	331	Response	101	6509116	8343	1
P041tv1	332	Pulse	255	6510000	729	NA
P041tv1	334	Pulse	255	6540000	231	NA
P041tv1	335	Response	101	6557995	8061	1
P041tv1	337	Pulse	255	6570000	1567	NA
P041tv1	339	Pulse	255	6600000	1236	NA
P041tv1	339	Response	101	6606795	8031	1
P041tv1	341	Pulse	255	6630000	12738	NA
P041tv1	343	Response	100	6654956	7363	1
P041tv1	344	Pulse	255	6660000	4908	NA
P041tv1	346	Pulse	255	6690000	4411	NA
P041tv1	347	Response	100	6706796	11040	1
P041tv1	349	Pulse	255	6720000	2747	NA
P041tv1	351	Pulse	255	6750000	2416	NA
P041tv1	351	Response	101	6755196	7612	1
P041tv1	353	Pulse	255	6780000	14417	NA
P041tv1	355	Response	101	6803515	7602	1
P041tv1	356	Pulse	255	6810000	6421	NA
P041tv1	358	Pulse	255	6840000	5923	NA
P041tv1	359	Response	100	6854715	10473	1
P041tv1	361	Pulse	255	6870000	4759	NA
P041tv1	363	Pulse	255	6900000	4429	NA
P041tv1	363	Response	100	6904395	8824	1
P041tv1	365	Pulse	255	6930000	15097	NA
P041tv1	367	Response	100	6951675	6441	1
P041tv1	368	Pulse	255	6960000	8267	NA
P041tv1	370	Pulse	255	6990000	7770	NA
P041tv1	371	Response	100	7001835	9439	1
P041tv1	373	Pulse	255	7020000	7772	NA
P041tv1	375	Pulse	255	7050000	7441	NA
P041tv1	375	Response	101	7050395	7837	1
P041tv1	377	Pulse	255	7080000	19110	NA
P041tv1	379	Response	101	7099675	8454	1
P041tv1	380	Pulse	255	7110000	10280	NA
P041tv1	382	Pulse	255	7140000	9782	NA
P041tv1	383	Response	100	7148795	8411	1
P041tv1	385	Pulse	255	7170000	10785	NA
P041tv1	387	Response	100	7198235	8689	1
P041tv1	388	Pulse	255	7200000	1622	NA
P041tv1	390	Pulse	255	7230000	1124	NA
P041tv1	391	Response	101	7247035	7993	1
P041tv1	393	Pulse	255	7260000	2460	NA
P041tv1	395	Pulse	255	7290000	2129	NA
P041tv1	395	Response	101	7295434	7563	1
P041tv1	397	Pulse	255	7320000	14131	NA
P041tv1	399	Response	101	7343835	7635	1
P041tv1	400	Pulse	255	7350000	5967	NA
P041tv1	402	Pulse	255	7380000	5470	NA
P041tv1	403	Response	100	7393515	8819	1
P041tv1	405	Pulse	255	7410000	5973	NA
P041tv1	407	Pulse	255	7440000	5642	NA
P041tv1	407	Response	100	7443755	9397	1
P041tv1	409	Pulse	255	7470000	15810	NA
P041tv1	411	Response	101	7492555	8035	1
P041tv1	412	Pulse	255	7500000	7314	NA
P041tv1	414	Pulse	255	7530000	6816	NA
P041tv1	415	Response	101	7543835	10485	1
P041tv1	417	Pulse	255	7560000	5652	NA
P041tv1	419	Pulse	255	7590000	5322	NA
P041tv1	419	Response	101	7593275	8597	1
P041tv1	421	Pulse	255	7620000	16323	NA
P041tv1	423	Response	101	7641355	7347	1
P041tv1	424	Pulse	255	7650000	8493	NA
P041tv1	426	Pulse	255	7680000	7996	NA
P041tv1	427	Response	100	7690875	8705	1
P041tv1	429	Pulse	255	7710000	8665	NA
P041tv1	431	Response	101	7739675	8009	1
P041tv1	432	Pulse	255	7740000	168	NA
P041tv1	433	Pulse	255	7770000	19836	NA
P041tv1	435	Response	100	7790955	10460	1
P041tv1	436	Pulse	255	7800000	8839	NA
P041tv1	438	Pulse	255	7830000	8342	NA
P041tv1	439	Response	101	7839674	7851	1
P041tv1	441	Pulse	255	7860000	9845	NA
P041tv1	443	Response	100	7888954	8468	1
P041tv1	444	Pulse	255	7890000	848	NA
P041tv1	446	Pulse	255	7920000	351	NA
P041tv1	447	Response	101	7936795	6980	1
P041tv1	449	Pulse	255	7950000	2686	NA
P041tv1	451	Pulse	255	7980000	2356	NA
P041tv1	451	Response	100	7988474	10829	1
P041tv1	453	Pulse	255	8010000	11024	NA
P041tv1	455	Response	100	8037594	8287	1
P041tv1	456	Pulse	255	8040000	2361	NA
P041tv1	458	Pulse	255	8070000	1863	NA
P041tv1	459	Response	100	8087435	9133	1
P041tv1	461	Pulse	255	8100000	2033	NA
P041tv1	463	Pulse	255	8130000	1702	NA
P041tv1	463	Response	101	8137354	9056	1
P041tv1	465	Pulse	255	8160000	12204	NA
P041tv1	467	Response	100	8186793	8666	1
P041tv1	468	Pulse	255	8190000	3040	NA
P041tv1	470	Pulse	255	8220000	2543	NA
P041tv1	471	Response	100	8235674	8051	1
P041tv1	473	Pulse	255	8250000	3879	NA
P041tv1	475	Pulse	255	8280000	3548	NA
P041tv1	475	Response	101	8284474	8022	1
P041tv1	477	Pulse	255	8310000	15050	NA
P041tv1	479	Response	101	8331994	6713	1
P041tv1	480	Pulse	255	8340000	7886	NA
P041tv1	482	Pulse	255	8370000	7389	NA
P041tv1	483	Picture	instruct_trial	8372777	0	1	1593862	1	0	next	other	0
P041tv1	483	Pulse	255	8400000	27223	NA
P041tv1	483	Pulse	255	8430000	57223	NA
P041tv1	483	Pulse	255	8460000	87223	NA
P041tv1	483	Pulse	255	8490000	117223	NA
P041tv1	483	Pulse	255	8520000	147223	NA
P041tv1	483	Pulse	255	8550000	177223	NA
P041tv1	483	Pulse	255	8580000	207223	NA
P041tv1	483	Pulse	255	8610000	237223	NA
P041tv1	483	Pulse	255	8640000	267223	NA
P041tv1	483	Pulse	255	8670000	297223	NA
P041tv1	483	Pulse	255	8700000	327223	NA
P041tv1	483	Pulse	255	8730000	357223	NA
P041tv1	483	Pulse	255	8760000	387223	NA
P041tv1	483	Pulse	255	8790000	417223	NA
P041tv1	483	Pulse	255	8820000	447223	NA
P041tv1	483	Pulse	255	8850000	477223	NA
P041tv1	483	Pulse	255	8880000	507223	NA
P041tv1	483	Pulse	255	8910000	537223	NA
P041tv1	483	Pulse	255	8940000	567223	NA
P041tv1	483	Pulse	255	8970000	597223	NA
P041tv1	483	Pulse	255	9000000	627223	NA
P041tv1	483	Pulse	255	9030000	657223	NA
P041tv1	483	Pulse	255	9060000	687223	NA
P041tv1	483	Pulse	255	9090000	717223	NA
P041tv1	483	Pulse	255	9120000	747223	NA
P041tv1	483	Pulse	255	9150000	777223	NA
P041tv1	483	Pulse	255	9180000	807223	NA
P041tv1	483	Pulse	255	9210000	837223	NA
P041tv1	483	Pulse	255	9240000	867223	NA
P041tv1	483	Pulse	255	9270000	897223	NA
P041tv1	483	Pulse	255	9300000	927223	NA
P041tv1	483	Pulse	255	9330000	957223	NA
P041tv1	483	Pulse	255	9360000	987223	NA
P041tv1	483	Pulse	255	9390000	1017223	NA
P041tv1	483	Pulse	255	9420000	1047223	NA
P041tv1	483	Pulse	255	9450000	1077223	NA
P041tv1	483	Pulse	255	9480000	1107223	NA
P041tv1	483	Pulse	255	9510000	1137223	NA
P041tv1	483	Pulse	255	9540000	1167223	NA
P041tv1	483	Pulse	255	9570000	1197223	NA
P041tv1	483	Pulse	255	9600000	1227223	NA
P041tv1	483	Pulse	255	9630000	1257223	NA
P041tv1	483	Pulse	255	9660000	1287223	NA
P041tv1	483	Pulse	255	9690000	1317223	NA
P041tv1	483	Pulse	255	9720000	1347223	NA
P041tv1	483	Pulse	255	9750000	1377223	NA
P041tv1	483	Pulse	255	9780000	1407223	NA
P041tv1	483	Pulse	255	9810000	1437223	NA
P041tv1	483	Pulse	255	9840000	1467223	NA
P041tv1	483	Pulse	255	9870000	1497223	NA
P041tv1	483	Pulse	255	9900000	1527223	NA
P041tv1	483	Pulse	255	9930000	1557223	NA
P041tv1	483	Pulse	255	9960000	1587223	NA
P041tv1	483	Response	101	9966553	1593776	1
P041tv1	484	Pulse	255	9990000	23194	NA
P041tv1	484	Pulse	255	10020000	53194	NA
P041tv1	484	Response	100	10029113	62307	1
P041tv1	486	Pulse	255	10050000	10367	NA
P041tv1	488	Pulse	255	10080000	10036	NA
P041tv1	488	Response	100	10107513	37549	1
P041tv1	489	Pulse	255	10110000	2373	NA
P041tv1	491	Pulse	255	10140000	1876	NA
P041tv1	492	Response	100	10155756	7466	1
P041tv1	494	Pulse	255	10170000	3711	NA
P041tv1	496	Pulse	255	10200000	3381	NA
P041tv1	496	Response	100	10214393	17774	1
P041tv1	498	Pulse	255	10230000	5216	NA
P041tv1	500	Pulse	255	10260000	4886	NA
P041tv1	500	Response	101	10265192	10078	1
P041tv1	502	Pulse	255	10290000	14387	NA
P041tv1	504	Pulse	255	10320000	14057	NA
P041tv1	504	Response	100	10327272	21329	1
P041tv1	506	Pulse	255	10350000	12226	NA
P041tv1	508	Response	101	10377833	9728	1
P041tv1	509	Pulse	255	10380000	2063	NA
P041tv1	511	Pulse	255	10410000	1566	NA
P041tv1	512	Response	101	10433592	14992	1
P041tv1	513	Pulse	255	10440000	6235	NA
P041tv1	515	Pulse	255	10470000	5737	NA
P041tv1	516	Response	101	10486553	12124	1
P041tv1	518	Pulse	255	10500000	2907	NA
P041tv1	520	Pulse	255	10530000	2576	NA
P041tv1	520	Response	100	10534792	7368	1
P041tv1	522	Pulse	255	10560000	14744	NA
P041tv1	524	Response	100	10585913	10326	1
P041tv1	525	Pulse	255	10590000	3914	NA
P041tv1	527	Pulse	255	10620000	3417	NA
P041tv1	528	Response	101	10633991	7242	1
P041tv1	530	Pulse	255	10650000	5586	NA
P041tv1	532	Pulse	255	10680000	5255	NA
P041tv1	532	Response	100	10684553	9808	1
P041tv1	534	Pulse	255	10710000	14924	NA
P041tv1	536	Response	100	10732152	6745	1
P041tv1	537	Pulse	255	10740000	7760	NA
P041tv1	539	Pulse	255	10770000	7263	NA
P041tv1	540	Response	101	10784073	11170	1
P041tv1	542	Pulse	255	10800000	5432	NA
P041tv1	544	Pulse	255	10830000	5102	NA
P041tv1	544	Response	101	10833834	8936	1
P041tv1	546	Pulse	255	10860000	15770	NA
P041tv1	548	Response	101	10882393	7832	1
P041tv1	549	Pulse	255	10890000	7440	NA
P041tv1	551	Pulse	255	10920000	6950	NA
P041tv1	552	Response	100	10932713	9490	1
P041tv1	554	Pulse	255	10950000	6778	NA
P041tv1	556	Pulse	255	10980000	6448	NA
P041tv1	556	Response	100	10981751	8199	1
P041tv1	558	Pulse	255	11010000	17783	NA
P041tv1	560	Response	100	11031992	9444	1
P041tv1	561	Pulse	255	11040000	7953	NA
P041tv1	563	Pulse	255	11070000	7455	NA
P041tv1	564	Response	100	11082233	9522	1
P041tv1	566	Pulse	255	11100000	7291	NA
P041tv1	568	Pulse	255	11130000	6961	NA
P041tv1	568	Response	101	11135193	12153	1
P041tv1	570	Pulse	255	11160000	14296	NA
P041tv1	572	Response	101	11184793	8758	1
P041tv1	573	Pulse	255	11190000	5133	NA
P041tv1	575	Pulse	255	11220000	4635	NA
P041tv1	576	Response	101	11237111	11581	1
P041tv1	578	Pulse	255	11250000	2471	NA
P041tv1	580	Pulse	255	11280000	2141	NA
P041tv1	580	Response	101	11286953	9093	1
P041tv1	582	Pulse	255	11310000	12642	NA
P041tv1	584	Response	100	11339512	11824	1
P041tv1	585	Pulse	255	11340000	313	NA
P041tv1	586	Pulse	255	11370000	19980	NA
P041tv1	588	Response	100	11388872	8521	1
P041tv1	590	Pulse	255	11400000	651	NA
P041tv1	592	Pulse	255	11430000	321	NA
P041tv1	592	Response	101	11439432	9752	1
P041tv1	594	Pulse	255	11460000	10156	NA
P041tv1	596	Pulse	255	11490000	9825	NA
P041tv1	596	Response	101	11490633	10457	1
P041tv1	598	Pulse	255	11520000	18827	NA
P041tv1	600	Response	100	11540951	9447	1
P041tv1	601	Pulse	255	11550000	8997	NA
P041tv1	603	Pulse	255	11580000	8499	NA
P041tv1	604	Response	100	11588872	7206	1
P041tv1	606	Pulse	255	11610000	10669	NA
P041tv1	608	Pulse	255	11640000	10338	NA
P041tv1	608	Response	100	11643912	14250	1
P041tv1	610	Pulse	255	11670000	15673	NA
P041tv1	612	Response	100	11695511	10853	1
P041tv1	613	Pulse	255	11700000	4344	NA
P041tv1	615	Pulse	255	11730000	3846	NA
P041tv1	616	Response	101	11746712	10392	1
P041tv1	618	Pulse	255	11760000	2849	NA
P041tv1	620	Pulse	255	11790000	2518	NA
P041tv1	620	Response	101	11794792	7310	1
P041tv1	622	Pulse	255	11820000	14686	NA
P041tv1	624	Response	100	11845912	10268	1
P041tv1	625	Pulse	255	11850000	4023	NA
P041tv1	627	Pulse	255	11880000	3526	NA
P041tv1	628	Response	100	11895672	9032	1
P041tv1	630	Pulse	255	11910000	3862	NA
P041tv1	632	Pulse	255	11940000	3531	NA
P041tv1	632	Response	101	11946871	10402	1
P041tv1	634	Pulse	255	11970000	12699	NA
P041tv1	636	Response	101	11995111	7480	1
P041tv1	637	Pulse	255	12000000	4703	NA
P041tv1	639	Pulse	255	12030000	4205	NA
P041tv1	640	Response	101	12045192	9231	1
P041tv1	642	Pulse	255	12060000	4375	NA
P041tv1	644	Pulse	255	12090000	4044	NA
P041tv1	644	Response	100	12095112	9156	1
P041tv1	646	Pulse	255	12120000	14379	NA
P041tv1	648	Response	100	12145272	9320	1
P041tv1	649	Pulse	255	12150000	4549	NA
P041tv1	651	Pulse	255	12180000	4052	NA
P041tv1	652	Response	101	12194552	8438	1
P041tv1	654	Pulse	255	12210000	5054	NA
P041tv1	656	Pulse	255	12240000	4723	NA
P041tv1	656	Response	101	12244312	9035	1
P041tv1	658	Pulse	255	12270000	15225	NA
P041tv1	660	Response	101	12295592	10486	1
P041tv1	661	Pulse	255	12300000	4229	NA
P041tv1	663	Pulse	255	12330000	3731	NA
P041tv1	664	Response	101	12346631	10196	1
P041tv1	666	Pulse	255	12360000	2901	NA
P041tv1	668	Pulse	255	12390000	2570	NA
P041tv1	668	Response	100	12396231	8800	1
P041tv1	670	Pulse	255	12420000	13238	NA
P041tv1	672	Response	101	12449592	12499	1
P041tv1	673	Pulse	255	12450000	242	NA
P041tv1	674	Pulse	255	12480000	19910	NA
P041tv1	676	Response	100	12500550	10129	1
P041tv1	677	Pulse	255	12510000	9246	NA
P041tv1	679	Pulse	255	12540000	8749	NA
P041tv1	680	Response	101	12551271	9854	1
P041tv1	682	Pulse	255	12570000	8252	NA
P041tv1	684	Pulse	255	12600000	7921	NA
P041tv1	684	Response	100	12600871	8792	1
P041tv1	686	Pulse	255	12630000	18589	NA
P041tv1	688	Response	101	12653271	11530	1
P041tv1	689	Pulse	255	12660000	6593	NA
P041tv1	691	Pulse	255	12690000	6096	NA
P041tv1	692	Response	100	12713511	19441	1
P041tv1	693	Pulse	255	12720000	6431	NA
P041tv1	695	Pulse	255	12750000	5934	NA
P041tv1	696	Response	100	12762391	8159	1
P041tv1	698	Pulse	255	12780000	7103	NA
P041tv1	700	Pulse	255	12810000	6773	NA
P041tv1	700	Response	100	12811671	8444	1
P041tv1	702	Pulse	255	12840000	17941	NA
P041tv1	704	Response	101	12862631	10241	1
P041tv1	705	Pulse	255	12870000	7278	NA
P041tv1	707	Pulse	255	12900000	6780	NA
P041tv1	708	Response	100	12912471	9085	1
P041tv1	710	Pulse	255	12930000	7116	NA
P041tv1	712	Pulse	255	12960000	6786	NA
P041tv1	712	Response	100	12961752	8537	1
P041tv1	714	Pulse	255	12990000	17787	NA
P041tv1	716	Response	101	13009431	6887	1
P041tv1	718	Pulse	255	13020000	125	NA
P041tv1	719	Pulse	255	13050000	9960	NA
P041tv1	720	Response	101	13059431	9225	1
P041tv1	722	Pulse	255	13080000	10129	NA
P041tv1	724	Picture	instruct_trial	13100202	0	1	40163	1	0	next	other	0
P041tv1	724	Pulse	255	13110000	9798	NA
P041tv1	724	Pulse	255	13140000	39798	NA
