Scenario - learning_JJ_english
Logfile written - 05/17/2022 12:24:54

Subject	Trial	Event Type	Code	Time	TTime	Uncertainty	Duration	Uncertainty	ReqTime	ReqDur	Stim Type	Pair Index

P042tv1	0	Pulse	255	0	0	NA
P042tv1	1	Picture	instruct_trial	10500	0	1	193650	1	0	next	other	0
P042tv1	1	Pulse	255	30000	19500	NA
P042tv1	1	Pulse	255	60000	49500	NA
P042tv1	1	Pulse	255	90000	79500	NA
P042tv1	1	Pulse	255	120000	109500	NA
P042tv1	1	Pulse	255	150000	139500	NA
P042tv1	1	Pulse	255	180000	169500	NA
P042tv1	1	Response	101	203985	193485	1
P042tv1	1	Pulse	255	210000	199500	NA
P042tv1	2	Response	101	223505	13356	1
P042tv1	4	Pulse	255	240000	6020	NA
P042tv1	6	Pulse	255	270000	5689	NA
P042tv1	6	Response	100	271505	7194	1
P042tv1	8	Pulse	255	300000	18024	NA
P042tv1	10	Response	101	317985	5678	1
P042tv1	12	Pulse	255	330000	1528	NA
P042tv1	14	Pulse	255	360000	1197	NA
P042tv1	14	Response	100	363425	4622	1
P042tv1	16	Pulse	255	390000	16032	NA
P042tv1	18	Response	100	413025	8726	1
P042tv1	19	Pulse	255	420000	6868	NA
P042tv1	21	Pulse	255	450000	6371	NA
P042tv1	22	Response	100	460064	6269	1
P042tv1	24	Pulse	255	480000	9540	NA
P042tv1	26	Pulse	255	510000	9209	NA
P042tv1	26	Response	101	514785	13994	1
P042tv1	28	Pulse	255	540000	14711	NA
P042tv1	30	Response	101	559904	4285	1
P042tv1	31	Pulse	255	570000	10048	NA
P042tv1	33	Pulse	255	600000	9550	NA
P042tv1	34	Response	101	610464	9849	1
P042tv1	36	Pulse	255	630000	9053	NA
P042tv1	38	Response	100	656944	5666	1
P042tv1	39	Pulse	255	660000	2890	NA
P042tv1	41	Pulse	255	690000	2392	NA
P042tv1	42	Response	100	708704	10931	1
P042tv1	44	Pulse	255	720000	895	NA
P042tv1	46	Pulse	255	750000	564	NA
P042tv1	46	Response	101	753984	4548	1
P042tv1	48	Pulse	255	780000	15565	NA
P042tv1	50	Response	100	801504	6739	1
P042tv1	51	Pulse	255	810000	8402	NA
P042tv1	53	Pulse	255	840000	7905	NA
P042tv1	54	Response	100	850064	7803	1
P042tv1	56	Pulse	255	870000	9407	NA
P042tv1	58	Pulse	255	900000	9076	NA
P042tv1	58	Response	100	902304	11381	1
P042tv1	60	Pulse	255	930000	17245	NA
P042tv1	62	Response	101	946944	3858	1
P042tv1	64	Pulse	255	960000	2582	NA
P042tv1	66	Pulse	255	990000	2251	NA
P042tv1	66	Response	101	996144	8395	1
P042tv1	68	Pulse	255	1020000	13420	NA
P042tv1	70	Response	100	1040864	3953	1
P042tv1	71	Pulse	255	1050000	9089	NA
P042tv1	73	Pulse	255	1080000	8592	NA
P042tv1	74	Response	100	1092224	10650	1
P042tv1	76	Pulse	255	1110000	7261	NA
P042tv1	78	Response	100	1136864	3795	1
P042tv1	79	Pulse	255	1140000	2931	NA
P042tv1	81	Pulse	255	1170000	2434	NA
P042tv1	82	Response	100	1185585	7853	1
P042tv1	84	Pulse	255	1200000	3936	NA
P042tv1	86	Pulse	255	1230000	3605	NA
P042tv1	86	Response	101	1232864	6469	1
P042tv1	88	Pulse	255	1260000	16607	NA
P042tv1	90	Response	101	1283184	9460	1
P042tv1	91	Pulse	255	1290000	6610	NA
P042tv1	93	Pulse	255	1320000	6113	NA
P042tv1	94	Response	101	1332864	8811	1
P042tv1	96	Pulse	255	1350000	6616	NA
P042tv1	98	Pulse	255	1380000	6285	NA
P042tv1	98	Response	101	1382864	9148	1
P042tv1	100	Pulse	255	1410000	16620	NA
P042tv1	102	Response	100	1429024	5313	1
P042tv1	104	Pulse	255	1440000	457	NA
P042tv1	106	Pulse	255	1470000	126	NA
P042tv1	106	Response	100	1483184	13311	1
P042tv1	108	Pulse	255	1500000	6295	NA
P042tv1	110	Response	101	1528784	4748	1
P042tv1	111	Pulse	255	1530000	1132	NA
P042tv1	113	Pulse	255	1560000	634	NA
P042tv1	114	Pulse	255	1590000	20468	NA
P042tv1	114	Response	101	1611984	42452	1
P042tv1	115	Pulse	255	1620000	7805	NA
P042tv1	117	Pulse	255	1650000	7308	NA
P042tv1	118	Response	100	1656703	3846	1
P042tv1	120	Pulse	255	1680000	12810	NA
P042tv1	122	Response	100	1701744	4223	1
P042tv1	123	Pulse	255	1710000	8146	NA
P042tv1	125	Pulse	255	1740000	7649	NA
P042tv1	126	Response	100	1749984	7467	1
P042tv1	128	Pulse	255	1770000	9485	NA
P042tv1	130	Response	100	1794704	3858	1
P042tv1	131	Pulse	255	1800000	5155	NA
P042tv1	133	Pulse	255	1830000	4657	NA
P042tv1	134	Response	101	1840144	4635	1
P042tv1	136	Pulse	255	1860000	9326	NA
P042tv1	138	Response	101	1889264	8259	1
P042tv1	139	Pulse	255	1890000	663	NA
P042tv1	141	Pulse	255	1920000	165	NA
P042tv1	142	Response	100	1934384	4383	1
P042tv1	144	Pulse	255	1950000	5167	NA
P042tv1	146	Pulse	255	1980000	4837	NA
P042tv1	146	Response	100	1985024	9860	1
P042tv1	148	Pulse	255	2010000	14505	NA
P042tv1	150	Response	101	2029423	3598	1
P042tv1	152	Pulse	255	2040000	176	NA
P042tv1	153	Pulse	255	2070000	10011	NA
P042tv1	154	Response	101	2077824	7669	1
P042tv1	156	Pulse	255	2100000	11680	NA
P042tv1	158	Response	101	2122463	3812	1
P042tv1	159	Pulse	255	2130000	7350	NA
P042tv1	161	Pulse	255	2160000	6852	NA
P042tv1	162	Response	100	2169503	6190	1
P042tv1	164	Pulse	255	2190000	10021	NA
P042tv1	166	Response	100	2214063	3754	1
P042tv1	167	Pulse	255	2220000	5857	NA
P042tv1	169	Pulse	255	2250000	5367	NA
P042tv1	170	Response	101	2259823	5018	1
P042tv1	172	Pulse	255	2280000	9696	NA
P042tv1	174	Pulse	255	2310000	9365	NA
P042tv1	174	Response	101	2313104	12468	1
P042tv1	176	Pulse	255	2340000	16367	NA
P042tv1	178	Response	101	2362463	8500	1
P042tv1	179	Pulse	255	2370000	7370	NA
P042tv1	181	Pulse	255	2400000	6873	NA
P042tv1	182	Response	101	2407263	3970	1
P042tv1	184	Pulse	255	2430000	12208	NA
P042tv1	186	Response	100	2454783	6661	1
P042tv1	187	Pulse	255	2460000	5045	NA
P042tv1	189	Pulse	255	2490000	4548	NA
P042tv1	190	Response	101	2504623	9005	1
P042tv1	192	Pulse	255	2520000	4883	NA
P042tv1	194	Pulse	255	2550000	4553	NA
P042tv1	194	Response	100	2550144	4696	1
P042tv1	196	Pulse	255	2580000	19387	NA
P042tv1	198	Response	101	2595183	4240	1
P042tv1	200	Pulse	255	2610000	4391	NA
P042tv1	202	Pulse	255	2640000	4061	NA
P042tv1	202	Response	100	2643423	7484	1
P042tv1	204	Pulse	255	2670000	16062	NA
P042tv1	206	Response	101	2691503	7234	1
P042tv1	207	Pulse	255	2700000	8399	NA
P042tv1	208	Response	101	2718223	16289	1
P042tv1	209	Pulse	255	2730000	7901	NA
P042tv1	210	Response	100	2736063	3798	1
P042tv1	212	Pulse	255	2760000	13403	NA
P042tv1	214	Response	100	2781423	4496	1
P042tv1	215	Pulse	255	2790000	8406	NA
P042tv1	217	Pulse	255	2820000	7909	NA
P042tv1	218	Response	100	2828223	5966	1
P042tv1	220	Pulse	255	2850000	11245	NA
P042tv1	222	Response	101	2872863	3777	1
P042tv1	223	Pulse	255	2880000	7081	NA
P042tv1	225	Pulse	255	2910000	6584	NA
P042tv1	226	Response	100	2918382	4800	1
P042tv1	228	Pulse	255	2940000	11086	NA
P042tv1	230	Pulse	255	2970000	10755	NA
P042tv1	230	Response	100	2978223	18978	1
P042tv1	232	Pulse	255	3000000	11258	NA
P042tv1	234	Response	101	3027583	8510	1
P042tv1	235	Pulse	255	3030000	2261	NA
P042tv1	237	Pulse	255	3060000	1764	NA
P042tv1	238	Response	101	3072142	3740	1
P042tv1	240	Pulse	255	3090000	7432	NA
P042tv1	242	Picture	instruct_trial	3112898	0	1	17165	1	0	next	other	0
P042tv1	242	Pulse	255	3120000	7102	NA
P042tv1	242	Response	101	3129903	17004	1
P042tv1	243	Response	100	3144143	13913	1
P042tv1	244	Pulse	255	3150000	5771	NA
P042tv1	246	Pulse	255	3180000	5274	NA
P042tv1	247	Response	100	3203422	18530	1
P042tv1	248	Pulse	255	3210000	6443	NA
P042tv1	250	Pulse	255	3240000	5946	NA
P042tv1	251	Response	100	3255823	11602	1
P042tv1	253	Pulse	255	3270000	3782	NA
P042tv1	255	Pulse	255	3300000	3451	NA
P042tv1	255	Response	100	3305663	9114	1
P042tv1	257	Pulse	255	3330000	13953	NA
P042tv1	259	Pulse	255	3360000	13622	NA
P042tv1	259	Response	101	3367423	21044	1
P042tv1	261	Pulse	255	3390000	12125	NA
P042tv1	263	Pulse	255	3420000	11794	NA
P042tv1	263	Response	100	3431183	22977	1
P042tv1	265	Pulse	255	3450000	8297	NA
P042tv1	267	Pulse	255	3480000	7966	NA
P042tv1	267	Response	100	3487822	15788	1
P042tv1	269	Pulse	255	3510000	11802	NA
P042tv1	271	Response	100	3536062	7533	1
P042tv1	272	Pulse	255	3540000	3805	NA
P042tv1	274	Pulse	255	3570000	3308	NA
P042tv1	275	Response	101	3584702	7844	1
P042tv1	277	Pulse	255	3600000	4810	NA
P042tv1	279	Pulse	255	3630000	4479	NA
P042tv1	279	Response	100	3636222	10702	1
P042tv1	281	Pulse	255	3660000	13315	NA
P042tv1	283	Response	100	3687742	10726	1
P042tv1	284	Pulse	255	3690000	2151	NA
P042tv1	286	Pulse	255	3720000	1654	NA
P042tv1	287	Response	101	3741502	12991	1
P042tv1	288	Pulse	255	3750000	8323	NA
P042tv1	290	Pulse	255	3780000	7825	NA
P042tv1	291	Response	101	3795262	12922	1
P042tv1	293	Pulse	255	3810000	4328	NA
P042tv1	295	Pulse	255	3840000	3998	NA
P042tv1	295	Response	100	3843022	7020	1
P042tv1	297	Pulse	255	3870000	16499	NA
P042tv1	299	Response	101	3889902	6071	1
P042tv1	300	Pulse	255	3900000	10002	NA
P042tv1	302	Pulse	255	3930000	9505	NA
P042tv1	303	Response	100	3942942	12281	1
P042tv1	305	Pulse	255	3960000	6674	NA
P042tv1	307	Pulse	255	3990000	6344	NA
P042tv1	307	Response	101	3993742	10086	1
P042tv1	309	Pulse	255	4020000	15845	NA
P042tv1	311	Response	101	4043102	8617	1
P042tv1	312	Pulse	255	4050000	6849	NA
P042tv1	314	Pulse	255	4080000	6351	NA
P042tv1	315	Response	100	4096382	12568	1
P042tv1	317	Pulse	255	4110000	3188	NA
P042tv1	319	Pulse	255	4140000	2857	NA
P042tv1	319	Response	100	4141422	4279	1
P042tv1	321	Pulse	255	4170000	18192	NA
P042tv1	323	Response	100	4193582	11442	1
P042tv1	324	Pulse	255	4200000	6362	NA
P042tv1	326	Pulse	255	4230000	5864	NA
P042tv1	327	Response	101	4242382	8081	1
P042tv1	329	Pulse	255	4260000	7200	NA
P042tv1	331	Pulse	255	4290000	6870	NA
P042tv1	331	Response	101	4293822	10691	1
P042tv1	333	Pulse	255	4320000	15705	NA
P042tv1	335	Response	101	4348621	13995	1
P042tv1	336	Pulse	255	4350000	1209	NA
P042tv1	338	Pulse	255	4380000	711	NA
P042tv1	339	Response	101	4404621	15167	1
P042tv1	340	Pulse	255	4410000	5213	NA
P042tv1	342	Pulse	255	4440000	4716	NA
P042tv1	343	Response	100	4456942	11492	1
P042tv1	345	Pulse	255	4470000	2552	NA
P042tv1	347	Pulse	255	4500000	2221	NA
P042tv1	347	Response	100	4505263	7485	1
P042tv1	349	Pulse	255	4530000	14223	NA
P042tv1	351	Pulse	255	4560000	13892	NA
P042tv1	351	Response	101	4567982	21874	1
P042tv1	353	Pulse	255	4590000	11562	NA
P042tv1	355	Pulse	255	4620000	11231	NA
P042tv1	355	Response	101	4630621	21852	1
P042tv1	357	Pulse	255	4650000	8901	NA
P042tv1	359	Pulse	255	4680000	8570	NA
P042tv1	359	Response	100	4683822	12391	1
P042tv1	361	Pulse	255	4710000	15738	NA
P042tv1	363	Response	100	4735422	10829	1
P042tv1	364	Pulse	255	4740000	4409	NA
P042tv1	366	Pulse	255	4770000	3911	NA
P042tv1	367	Response	100	4782701	6447	1
P042tv1	369	Pulse	255	4800000	6914	NA
P042tv1	371	Pulse	255	4830000	6583	NA
P042tv1	371	Response	100	4833102	9684	1
P042tv1	373	Pulse	255	4860000	16418	NA
P042tv1	375	Response	101	4888701	14789	1
P042tv1	376	Pulse	255	4890000	1255	NA
P042tv1	378	Pulse	255	4920000	758	NA
P042tv1	379	Response	101	4938301	8894	1
P042tv1	381	Pulse	255	4950000	1260	NA
P042tv1	383	Pulse	255	4980000	930	NA
P042tv1	383	Pulse	255	5010000	30930	NA
P042tv1	383	Response	101	5019261	40191	1
P042tv1	385	Pulse	255	5040000	10267	NA
P042tv1	387	Response	100	5066782	6719	1
P042tv1	388	Pulse	255	5070000	3104	NA
P042tv1	390	Pulse	255	5100000	2607	NA
P042tv1	391	Response	101	5116701	9142	1
P042tv1	393	Pulse	255	5130000	2776	NA
P042tv1	395	Pulse	255	5160000	2445	NA
P042tv1	395	Response	101	5166461	8906	1
P042tv1	397	Pulse	255	5190000	13113	NA
P042tv1	399	Response	101	5216461	9244	1
P042tv1	400	Pulse	255	5220000	3450	NA
P042tv1	402	Pulse	255	5250000	2953	NA
P042tv1	403	Pulse	255	5280000	22787	NA
P042tv1	403	Response	100	5282861	25648	1
P042tv1	405	Pulse	255	5310000	16624	NA
P042tv1	407	Response	100	5331901	8194	1
P042tv1	408	Pulse	255	5340000	7960	NA
P042tv1	410	Pulse	255	5370000	7463	NA
P042tv1	411	Response	101	5395581	22878	1
P042tv1	412	Pulse	255	5400000	4299	NA
P042tv1	414	Pulse	255	5430000	3802	NA
P042tv1	415	Response	101	5443758	7394	1
P042tv1	417	Pulse	255	5460000	5804	NA
P042tv1	417	Response	101	5470861	16665	1
P042tv1	419	Pulse	255	5490000	5473	NA
P042tv1	419	Response	101	5496301	11774	1
P042tv1	421	Pulse	255	5520000	13309	NA
P042tv1	423	Response	101	5543101	6079	1
P042tv1	424	Pulse	255	5550000	6812	NA
P042tv1	426	Pulse	255	5580000	6314	NA
P042tv1	427	Pulse	255	5610000	26149	NA
P042tv1	427	Response	100	5612301	28449	1
P042tv1	429	Pulse	255	5640000	17319	NA
P042tv1	431	Response	101	5661181	8169	1
P042tv1	432	Pulse	255	5670000	8655	NA
P042tv1	434	Pulse	255	5700000	8158	NA
P042tv1	435	Response	100	5710781	8773	1
P042tv1	437	Pulse	255	5730000	8827	NA
P042tv1	439	Pulse	255	5760000	8496	NA
P042tv1	439	Response	101	5760781	9277	1
P042tv1	441	Pulse	255	5790000	18831	NA
P042tv1	443	Response	100	5813341	11842	1
P042tv1	444	Pulse	255	5820000	6502	NA
P042tv1	446	Pulse	255	5850000	6004	NA
P042tv1	447	Response	101	5862221	8059	1
P042tv1	449	Pulse	255	5880000	7340	NA
P042tv1	451	Pulse	255	5910000	7010	NA
P042tv1	451	Response	100	5929581	26590	1
P042tv1	453	Pulse	255	5940000	13	NA
P042tv1	454	Pulse	255	5970000	9848	NA
P042tv1	455	Response	100	5977581	7263	1
P042tv1	457	Pulse	255	6000000	12017	NA
P042tv1	459	Response	100	6027260	8947	1
P042tv1	460	Pulse	255	6030000	2687	NA
P042tv1	462	Pulse	255	6060000	2190	NA
P042tv1	463	Response	100	6076780	8804	1
P042tv1	465	Pulse	255	6090000	2692	NA
P042tv1	467	Pulse	255	6120000	2361	NA
P042tv1	467	Response	100	6127181	9542	1
P042tv1	469	Pulse	255	6150000	12363	NA
P042tv1	471	Pulse	255	6180000	12032	NA
P042tv1	471	Response	100	6197261	29293	1
P042tv1	473	Pulse	255	6210000	2203	NA
P042tv1	475	Pulse	255	6240000	1872	NA
P042tv1	475	Response	101	6246620	8492	1
P042tv1	477	Pulse	255	6270000	12873	NA
P042tv1	479	Pulse	255	6300000	12543	NA
P042tv1	479	Response	101	6304061	16603	1
P042tv1	481	Pulse	255	6330000	15545	NA
P042tv1	483	Picture	instruct_trial	6344782	0	5	13336	5	0	next	other	0
P042tv1	483	Response	100	6358061	13279	1
P042tv1	484	Pulse	255	6360000	1716	NA
P042tv1	484	Response	101	6369980	11696	1
P042tv1	486	Pulse	255	6390000	9551	NA
P042tv1	488	Pulse	255	6420000	9220	NA
P042tv1	488	Response	101	6420940	10161	1
P042tv1	490	Pulse	255	6450000	18555	NA
P042tv1	492	Response	101	6479340	17565	1
P042tv1	493	Pulse	255	6480000	559	NA
P042tv1	495	Pulse	255	6510000	62	NA
P042tv1	496	Response	101	6525740	5637	1
P042tv1	498	Pulse	255	6540000	3731	NA
P042tv1	500	Pulse	255	6570000	3400	NA
P042tv1	500	Response	101	6578540	11941	1
P042tv1	502	Pulse	255	6600000	11069	NA
P042tv1	504	Response	101	6625742	6480	1
P042tv1	505	Pulse	255	6630000	4072	NA
P042tv1	507	Pulse	255	6660000	3575	NA
P042tv1	508	Response	100	6672620	6029	1
P042tv1	510	Pulse	255	6690000	6910	NA
P042tv1	512	Pulse	255	6720000	6580	NA
P042tv1	512	Response	100	6722220	8800	1
P042tv1	514	Pulse	255	6750000	17248	NA
P042tv1	516	Response	100	6768300	5218	1
P042tv1	518	Pulse	255	6780000	1252	NA
P042tv1	520	Pulse	255	6810000	921	NA
P042tv1	520	Response	101	6813180	4101	1
P042tv1	522	Pulse	255	6840000	16422	NA
P042tv1	524	Response	101	6859900	5992	1
P042tv1	525	Pulse	255	6870000	9926	NA
P042tv1	527	Pulse	255	6900000	9428	NA
P042tv1	528	Response	100	6908060	7322	1
P042tv1	530	Pulse	255	6930000	11431	NA
P042tv1	532	Response	101	6958060	9160	1
P042tv1	533	Pulse	255	6960000	1767	NA
P042tv1	535	Pulse	255	6990000	1270	NA
P042tv1	536	Response	101	7004540	5644	1
P042tv1	538	Pulse	255	7020000	4939	NA
P042tv1	540	Pulse	255	7050000	4608	NA
P042tv1	540	Response	100	7052780	7388	1
P042tv1	542	Pulse	255	7080000	16776	NA
P042tv1	544	Response	100	7099580	6026	1
P042tv1	545	Pulse	255	7110000	10280	NA
P042tv1	547	Pulse	255	7140000	9782	NA
P042tv1	548	Response	100	7147100	6716	1
P042tv1	550	Pulse	255	7170000	12451	NA
P042tv1	552	Response	101	7198140	10260	1
P042tv1	553	Pulse	255	7200000	1788	NA
P042tv1	555	Pulse	255	7230000	1291	NA
P042tv1	556	Response	101	7245180	6305	1
P042tv1	558	Pulse	255	7260000	4293	NA
P042tv1	560	Pulse	255	7290000	3962	NA
P042tv1	560	Response	101	7307019	20982	1
P042tv1	562	Pulse	255	7320000	2465	NA
P042tv1	564	Pulse	255	7350000	2134	NA
P042tv1	564	Response	101	7354700	6834	1
P042tv1	566	Pulse	255	7380000	14803	NA
P042tv1	568	Response	100	7399660	4132	1
P042tv1	569	Pulse	255	7410000	10139	NA
P042tv1	571	Pulse	255	7440000	9642	NA
P042tv1	572	Response	100	7446220	5696	1
P042tv1	574	Pulse	255	7470000	13310	NA
P042tv1	576	Response	100	7492460	5439	1
P042tv1	577	Pulse	255	7500000	7480	NA
P042tv1	579	Pulse	255	7530000	6983	NA
P042tv1	580	Response	100	7542300	9117	1
P042tv1	582	Pulse	255	7560000	7319	NA
P042tv1	584	Pulse	255	7590000	6988	NA
P042tv1	584	Response	101	7590220	7208	1
P042tv1	586	Pulse	255	7620000	19323	NA
P042tv1	588	Response	101	7638220	7212	1
P042tv1	590	Pulse	255	7650000	1327	NA
P042tv1	592	Pulse	255	7680000	996	NA
P042tv1	592	Response	100	7685020	6016	1
P042tv1	594	Pulse	255	7710000	14498	NA
P042tv1	596	Response	100	7730700	4867	1
P042tv1	597	Pulse	255	7740000	9168	NA
P042tv1	599	Pulse	255	7770000	8670	NA
P042tv1	600	Response	101	7776939	5444	1
P042tv1	602	Pulse	255	7800000	12672	NA
P042tv1	604	Response	101	7823580	5921	1
P042tv1	605	Pulse	255	7830000	6342	NA
P042tv1	607	Pulse	255	7860000	5845	NA
P042tv1	608	Response	101	7870859	6538	1
P042tv1	610	Pulse	255	7890000	8681	NA
P042tv1	612	Pulse	255	7920000	8350	NA
P042tv1	612	Response	101	7923179	11529	1
P042tv1	614	Pulse	255	7950000	16352	NA
P042tv1	616	Response	100	7976619	12640	1
P042tv1	617	Pulse	255	7980000	3189	NA
P042tv1	619	Pulse	255	8010000	2691	NA
P042tv1	620	Response	100	8024939	7465	1
P042tv1	622	Pulse	255	8040000	4527	NA
P042tv1	624	Pulse	255	8070000	4196	NA
P042tv1	624	Response	101	8073019	7216	1
P042tv1	626	Pulse	255	8100000	16531	NA
P042tv1	628	Response	101	8120139	6340	1
P042tv1	629	Pulse	255	8130000	9701	NA
P042tv1	631	Pulse	255	8160000	9204	NA
P042tv1	632	Response	100	8166859	5897	1
P042tv1	634	Pulse	255	8190000	12706	NA
P042tv1	636	Response	100	8217019	9395	1
P042tv1	637	Pulse	255	8220000	2876	NA
P042tv1	639	Pulse	255	8250000	2379	NA
P042tv1	640	Response	100	8265899	8112	1
P042tv1	642	Pulse	255	8280000	3715	NA
P042tv1	644	Pulse	255	8310000	3384	NA
P042tv1	644	Response	101	8319579	12963	1
P042tv1	646	Pulse	255	8340000	9886	NA
P042tv1	648	Response	101	8366539	6094	1
P042tv1	649	Pulse	255	8370000	3389	NA
P042tv1	651	Pulse	255	8400000	2892	NA
P042tv1	652	Response	100	8411179	3905	1
P042tv1	654	Pulse	255	8430000	8394	NA
P042tv1	656	Response	100	8457099	5162	1
P042tv1	657	Pulse	255	8460000	2730	NA
P042tv1	659	Pulse	255	8490000	2233	NA
P042tv1	660	Response	100	8503980	6047	1
P042tv1	662	Pulse	255	8520000	5569	NA
P042tv1	664	Pulse	255	8550000	5238	NA
P042tv1	664	Response	100	8553579	8817	1
P042tv1	666	Pulse	255	8580000	15906	NA
P042tv1	668	Response	101	8599819	5394	1
P042tv1	669	Pulse	255	8610000	10076	NA
P042tv1	671	Pulse	255	8640000	9579	NA
P042tv1	672	Response	100	8647899	7311	1
P042tv1	674	Pulse	255	8670000	11581	NA
P042tv1	676	Response	101	8695339	6589	1
P042tv1	677	Pulse	255	8700000	4584	NA
P042tv1	679	Pulse	255	8730000	4087	NA
P042tv1	680	Response	100	8743259	7180	1
P042tv1	682	Pulse	255	8760000	6256	NA
P042tv1	684	Pulse	255	8790000	5925	NA
P042tv1	684	Response	101	8790779	6704	1
P042tv1	686	Pulse	255	8820000	18760	NA
P042tv1	688	Response	100	8838779	7208	1
P042tv1	690	Pulse	255	8850000	764	NA
P042tv1	692	Pulse	255	8880000	433	NA
P042tv1	692	Response	101	8883419	3852	1
P042tv1	694	Pulse	255	8910000	16101	NA
P042tv1	696	Response	101	8931578	7349	1
P042tv1	697	Pulse	255	8940000	8271	NA
P042tv1	699	Pulse	255	8970000	7774	NA
P042tv1	700	Response	101	8978379	5987	1
P042tv1	702	Pulse	255	9000000	11110	NA
P042tv1	704	Pulse	255	9030000	10779	NA
P042tv1	704	Response	100	9047739	28517	1
P042tv1	706	Pulse	255	9060000	1782	NA
P042tv1	708	Pulse	255	9090000	1452	NA
P042tv1	708	Response	101	9100938	12390	1
P042tv1	710	Pulse	255	9120000	8620	NA
P042tv1	712	Response	101	9149579	7868	1
P042tv1	713	Pulse	255	9150000	290	NA
P042tv1	714	Pulse	255	9180000	19958	NA
P042tv1	716	Response	100	9196219	5846	1
P042tv1	718	Pulse	255	9210000	3295	NA
P042tv1	720	Pulse	255	9240000	2964	NA
P042tv1	720	Response	100	9248539	11503	1
P042tv1	722	Pulse	255	9270000	10966	NA
P042tv1	724	Picture	instruct_trial	9289364	0	1	40163	1	0	next	other	0
P042tv1	724	Pulse	255	9300000	10636	NA
P042tv1	724	Response	100	9329419	40054	1
