Scenario - learning_JJ_english
Logfile written - 05/10/2022 11:42:05

Subject	Trial	Event Type	Code	Time	TTime	Uncertainty	Duration	Uncertainty	ReqTime	ReqDur	Stim Type	Pair Index

P042tv2	0	Pulse	255	0	0	NA
P042tv2	1	Picture	instruct_trial	10500	0	1	89826	1	0	next	other	0
P042tv2	1	Pulse	255	30000	19500	NA
P042tv2	1	Pulse	255	60000	49500	NA
P042tv2	1	Pulse	255	90000	79500	NA
P042tv2	1	Response	101	100226	89726	1
P042tv2	1	Pulse	255	120000	109500	NA
P042tv2	2	Pulse	255	150000	29843	NA
P042tv2	2	Response	100	171666	51509	1
P042tv2	3	Pulse	255	180000	8181	NA
P042tv2	5	Pulse	255	210000	7684	NA
P042tv2	6	Response	101	223186	10703	1
P042tv2	8	Pulse	255	240000	6353	NA
P042tv2	10	Pulse	255	270000	6022	NA
P042tv2	10	Response	100	272225	8248	1
P042tv2	12	Pulse	255	300000	17357	NA
P042tv2	14	Response	100	319905	6932	1
P042tv2	15	Pulse	255	330000	10027	NA
P042tv2	17	Pulse	255	360000	9530	NA
P042tv2	18	Response	100	372946	12310	1
P042tv2	20	Pulse	255	390000	6533	NA
P042tv2	22	Pulse	255	420000	6202	NA
P042tv2	22	Response	101	424386	10588	1
P042tv2	24	Pulse	255	450000	15204	NA
P042tv2	26	Pulse	255	480000	14873	NA
P042tv2	26	Response	100	482386	17259	1
P042tv2	28	Pulse	255	510000	17209	NA
P042tv2	30	Pulse	255	540000	16878	NA
P042tv2	30	Response	101	544786	21664	1
P042tv2	32	Pulse	255	570000	14714	NA
P042tv2	34	Response	100	593506	7889	1
P042tv2	35	Pulse	255	600000	6384	NA
P042tv2	37	Pulse	255	630000	5887	NA
P042tv2	38	Response	100	641506	7227	1
P042tv2	40	Pulse	255	660000	8056	NA
P042tv2	42	Pulse	255	690000	7725	NA
P042tv2	42	Response	101	691026	8751	1
P042tv2	44	Pulse	255	720000	18560	NA
P042tv2	46	Response	101	738786	7015	1
P042tv2	48	Pulse	255	750000	731	NA
P042tv2	50	Pulse	255	780000	400	NA
P042tv2	50	Response	100	794549	14949	1
P042tv2	52	Pulse	255	810000	5069	NA
P042tv2	54	Pulse	255	840000	4738	NA
P042tv2	54	Response	101	841905	6643	1
P042tv2	56	Pulse	255	870000	17573	NA
P042tv2	58	Response	100	897985	15228	1
P042tv2	59	Pulse	255	900000	1910	NA
P042tv2	61	Pulse	255	930000	1413	NA
P042tv2	62	Response	101	946386	7633	1
P042tv2	64	Pulse	255	960000	3082	NA
P042tv2	66	Pulse	255	990000	2751	NA
P042tv2	66	Response	101	991026	3777	1
P042tv2	68	Pulse	255	1020000	18586	NA
P042tv2	70	Response	100	1038625	6880	1
P042tv2	71	Response	101	1041105	2361	1
P042tv2	72	Pulse	255	1050000	923	NA
P042tv2	74	Pulse	255	1080000	593	NA
P042tv2	74	Response	101	1084705	5298	1
P042tv2	76	Pulse	255	1110000	14761	NA
P042tv2	78	Response	100	1133185	7615	1
P042tv2	79	Pulse	255	1140000	6764	NA
P042tv2	81	Pulse	255	1170000	6267	NA
P042tv2	82	Response	101	1179905	6006	1
P042tv2	84	Pulse	255	1200000	9602	NA
P042tv2	86	Response	101	1228385	7657	1
P042tv2	87	Pulse	255	1230000	1439	NA
P042tv2	89	Pulse	255	1260000	942	NA
P042tv2	90	Response	101	1281505	12281	1
P042tv2	91	Pulse	255	1290000	8443	NA
P042tv2	93	Pulse	255	1320000	7946	NA
P042tv2	94	Response	101	1338145	15926	1
P042tv2	96	Pulse	255	1350000	1449	NA
P042tv2	98	Pulse	255	1380000	1119	NA
P042tv2	98	Response	101	1383025	4144	1
P042tv2	100	Pulse	255	1410000	16453	NA
P042tv2	102	Response	100	1435025	11148	1
P042tv2	103	Pulse	255	1440000	4790	NA
P042tv2	105	Pulse	255	1470000	4293	NA
P042tv2	106	Response	101	1487905	12032	1
P042tv2	108	Pulse	255	1500000	1629	NA
P042tv2	110	Pulse	255	1530000	1298	NA
P042tv2	110	Response	101	1540785	12083	1
P042tv2	112	Pulse	255	1560000	8800	NA
P042tv2	114	Pulse	255	1590000	8469	NA
P042tv2	114	Response	100	1612786	31255	1
P042tv2	115	Pulse	255	1620000	7139	NA
P042tv2	117	Pulse	255	1650000	6641	NA
P042tv2	118	Response	100	1661025	7501	1
P042tv2	120	Pulse	255	1680000	8477	NA
P042tv2	122	Pulse	255	1710000	8146	NA
P042tv2	122	Response	101	1712945	11092	1
P042tv2	124	Pulse	255	1740000	16648	NA
P042tv2	126	Response	101	1763584	9902	1
P042tv2	127	Pulse	255	1770000	6318	NA
P042tv2	129	Pulse	255	1800000	5821	NA
P042tv2	130	Response	100	1812785	8441	1
P042tv2	132	Pulse	255	1830000	6824	NA
P042tv2	134	Pulse	255	1860000	6493	NA
P042tv2	134	Response	101	1862064	8557	1
P042tv2	136	Pulse	255	1890000	17495	NA
P042tv2	138	Pulse	255	1920000	17164	NA
P042tv2	138	Response	100	1922465	19629	1
P042tv2	140	Pulse	255	1950000	17000	NA
P042tv2	142	Response	100	1969345	6014	1
P042tv2	144	Pulse	255	1980000	171	NA
P042tv2	145	Pulse	255	2010000	10006	NA
P042tv2	146	Response	100	2018064	7904	1
P042tv2	148	Pulse	255	2040000	11508	NA
P042tv2	150	Response	101	2063185	4362	1
P042tv2	151	Pulse	255	2070000	6678	NA
P042tv2	153	Pulse	255	2100000	6180	NA
P042tv2	154	Response	101	2111505	7520	1
P042tv2	156	Pulse	255	2130000	8016	NA
P042tv2	158	Response	101	2159504	7189	1
P042tv2	159	Pulse	255	2160000	353	NA
P042tv2	160	Pulse	255	2190000	20020	NA
P042tv2	162	Response	100	2206304	5994	1
P042tv2	164	Pulse	255	2220000	3191	NA
P042tv2	166	Pulse	255	2250000	2860	NA
P042tv2	166	Response	101	2261904	14765	1
P042tv2	168	Pulse	255	2280000	7696	NA
P042tv2	170	Response	101	2309024	6389	1
P042tv2	171	Pulse	255	2310000	866	NA
P042tv2	173	Pulse	255	2340000	368	NA
P042tv2	174	Response	100	2356065	6267	1
P042tv2	176	Pulse	255	2370000	3537	NA
P042tv2	178	Pulse	255	2400000	3207	NA
P042tv2	178	Response	100	2407664	10871	1
P042tv2	180	Pulse	255	2430000	11875	NA
P042tv2	182	Response	101	2455505	7049	1
P042tv2	183	Pulse	255	2460000	4378	NA
P042tv2	185	Pulse	255	2490000	3881	NA
P042tv2	186	Response	101	2505905	9620	1
P042tv2	188	Pulse	255	2520000	3717	NA
P042tv2	190	Pulse	255	2550000	3386	NA
P042tv2	190	Response	101	2555745	9131	1
P042tv2	192	Pulse	255	2580000	13721	NA
P042tv2	194	Response	100	2600544	3934	1
P042tv2	195	Pulse	255	2610000	9391	NA
P042tv2	197	Pulse	255	2640000	8893	NA
P042tv2	198	Response	101	2646384	5112	1
P042tv2	200	Pulse	255	2670000	13229	NA
P042tv2	202	Response	101	2694384	7282	1
P042tv2	203	Pulse	255	2700000	5566	NA
P042tv2	205	Pulse	255	2730000	5068	NA
P042tv2	206	Response	101	2741985	6887	1
P042tv2	208	Pulse	255	2760000	7571	NA
P042tv2	210	Response	100	2787104	4344	1
P042tv2	211	Pulse	255	2790000	2740	NA
P042tv2	213	Pulse	255	2820000	2243	NA
P042tv2	214	Response	100	2833264	5342	1
P042tv2	216	Pulse	255	2850000	6245	NA
P042tv2	218	Pulse	255	2880000	5914	NA
P042tv2	218	Response	101	2880784	6698	1
P042tv2	220	Pulse	255	2910000	18749	NA
P042tv2	222	Response	101	2925824	4243	1
P042tv2	224	Pulse	255	2940000	3753	NA
P042tv2	226	Pulse	255	2970000	3422	NA
P042tv2	226	Response	100	2970784	4206	1
P042tv2	228	Pulse	255	3000000	18757	NA
P042tv2	230	Response	101	3021904	10330	1
P042tv2	231	Pulse	255	3030000	7927	NA
P042tv2	233	Pulse	255	3060000	7430	NA
P042tv2	234	Response	100	3068304	5568	1
P042tv2	236	Pulse	255	3090000	11265	NA
P042tv2	238	Response	101	3115824	6758	1
P042tv2	239	Pulse	255	3120000	4102	NA
P042tv2	241	Pulse	255	3150000	3605	NA
P042tv2	242	Picture	instruct_trial	3156561	0	1	58995	1	0	next	other	0
P042tv2	242	Pulse	255	3180000	23439	NA
P042tv2	242	Pulse	255	3210000	53439	NA
P042tv2	242	Response	101	3215504	58943	1
P042tv2	243	Response	100	3227264	11541	1
P042tv2	245	Pulse	255	3240000	2279	NA
P042tv2	247	Pulse	255	3270000	1949	NA
P042tv2	247	Response	101	3277104	9052	1
P042tv2	249	Pulse	255	3300000	12450	NA
P042tv2	251	Pulse	255	3330000	12119	NA
P042tv2	251	Response	100	3331584	13704	1
P042tv2	253	Pulse	255	3360000	17955	NA
P042tv2	255	Response	101	3376704	4328	1
P042tv2	257	Pulse	255	3390000	2792	NA
P042tv2	259	Pulse	255	3420000	2461	NA
P042tv2	259	Response	100	3422703	5165	1
P042tv2	261	Pulse	255	3450000	16796	NA
P042tv2	263	Response	101	3477503	13969	1
P042tv2	264	Pulse	255	3480000	2300	NA
P042tv2	266	Pulse	255	3510000	1803	NA
P042tv2	267	Response	101	3533023	14660	1
P042tv2	268	Pulse	255	3540000	6805	NA
P042tv2	270	Pulse	255	3570000	6307	NA
P042tv2	271	Response	101	3579344	5485	1
P042tv2	273	Pulse	255	3600000	10143	NA
P042tv2	275	Response	101	3627024	6836	1
P042tv2	276	Pulse	255	3630000	2813	NA
P042tv2	278	Pulse	255	3660000	2316	NA
P042tv2	279	Response	101	3675024	7173	1
P042tv2	281	Pulse	255	3690000	4485	NA
P042tv2	283	Pulse	255	3720000	4154	NA
P042tv2	283	Response	100	3724144	8298	1
P042tv2	285	Pulse	255	3750000	15322	NA
P042tv2	287	Response	101	3772144	7135	1
P042tv2	288	Pulse	255	3780000	7659	NA
P042tv2	290	Pulse	255	3810000	7161	NA
P042tv2	291	Response	100	3821503	8499	1
P042tv2	293	Pulse	255	3840000	7997	NA
P042tv2	295	Response	101	3868064	5730	1
P042tv2	296	Pulse	255	3870000	1834	NA
P042tv2	298	Pulse	255	3900000	1336	NA
P042tv2	299	Response	101	3922143	13314	1
P042tv2	300	Pulse	255	3930000	7672	NA
P042tv2	302	Pulse	255	3960000	7174	NA
P042tv2	303	Response	101	3969263	6272	1
P042tv2	305	Pulse	255	3990000	10343	NA
P042tv2	307	Response	100	4018704	8716	1
P042tv2	308	Pulse	255	4020000	1180	NA
P042tv2	310	Pulse	255	4050000	683	NA
P042tv2	311	Response	100	4065023	5540	1
P042tv2	313	Pulse	255	4080000	4518	NA
P042tv2	315	Pulse	255	4110000	4188	NA
P042tv2	315	Response	101	4118143	12331	1
P042tv2	317	Pulse	255	4140000	11356	NA
P042tv2	319	Response	101	4168623	9649	1
P042tv2	320	Pulse	255	4170000	1193	NA
P042tv2	322	Pulse	255	4200000	696	NA
P042tv2	323	Response	101	4213663	4192	1
P042tv2	325	Pulse	255	4230000	5864	NA
P042tv2	327	Pulse	255	4260000	5534	NA
P042tv2	327	Response	100	4269663	15197	1
P042tv2	329	Pulse	255	4290000	9869	NA
P042tv2	331	Response	100	4314303	3841	1
P042tv2	332	Pulse	255	4320000	5539	NA
P042tv2	334	Pulse	255	4350000	5042	NA
P042tv2	335	Response	100	4359343	4219	1
P042tv2	337	Pulse	255	4380000	10210	NA
P042tv2	339	Response	101	4408063	7943	1
P042tv2	340	Pulse	255	4410000	1880	NA
P042tv2	342	Pulse	255	4440000	1383	NA
P042tv2	343	Pulse	255	4470000	21217	NA
P042tv2	343	Response	101	4477423	28640	1
P042tv2	345	Pulse	255	4500000	12054	NA
P042tv2	347	Response	101	4524703	6426	1
P042tv2	348	Pulse	255	4530000	5224	NA
P042tv2	350	Pulse	255	4560000	4726	NA
P042tv2	351	Response	100	4574863	9424	1
P042tv2	353	Pulse	255	4590000	4729	NA
P042tv2	355	Response	100	4619503	3902	1
P042tv2	356	Pulse	255	4620000	399	NA
P042tv2	357	Pulse	255	4650000	20066	NA
P042tv2	359	Response	101	4670863	10598	1
P042tv2	360	Pulse	255	4680000	9070	NA
P042tv2	362	Pulse	255	4710000	8572	NA
P042tv2	363	Response	101	4718623	7029	1
P042tv2	365	Pulse	255	4740000	10908	NA
P042tv2	367	Response	101	4765502	6080	1
P042tv2	368	Pulse	255	4770000	4411	NA
P042tv2	370	Pulse	255	4800000	3914	NA
P042tv2	371	Response	101	4820543	14291	1
P042tv2	372	Pulse	255	4830000	9249	NA
P042tv2	374	Pulse	255	4860000	8752	NA
P042tv2	375	Response	100	4868782	7369	1
P042tv2	377	Pulse	255	4890000	10757	NA
P042tv2	379	Response	100	4913743	4166	1
P042tv2	380	Pulse	255	4920000	6091	NA
P042tv2	382	Pulse	255	4950000	5593	NA
P042tv2	383	Response	101	4967423	12850	1
P042tv2	385	Pulse	255	4980000	2096	NA
P042tv2	387	Pulse	255	5010000	1766	NA
P042tv2	387	Response	101	5013663	5428	1
P042tv2	389	Pulse	255	5040000	15934	NA
P042tv2	391	Response	100	5061502	7105	1
P042tv2	392	Pulse	255	5070000	8437	NA
P042tv2	394	Pulse	255	5100000	7939	NA
P042tv2	395	Response	100	5106703	4476	1
P042tv2	397	Pulse	255	5130000	12775	NA
P042tv2	399	Response	100	5155983	8427	1
P042tv2	400	Pulse	255	5160000	3945	NA
P042tv2	402	Pulse	255	5190000	3448	NA
P042tv2	403	Response	101	5203983	7265	1
P042tv2	405	Pulse	255	5220000	5617	NA
P042tv2	407	Pulse	255	5250000	5286	NA
P042tv2	407	Response	101	5250782	6068	1
P042tv2	409	Pulse	255	5280000	18787	NA
P042tv2	411	Pulse	255	5310000	18457	NA
P042tv2	411	Response	100	5316463	24919	1
P042tv2	413	Pulse	255	5340000	13126	NA
P042tv2	415	Response	100	5363742	6538	1
P042tv2	416	Pulse	255	5370000	6130	NA
P042tv2	418	Pulse	255	5400000	5632	NA
P042tv2	419	Response	100	5408782	4249	1
P042tv2	421	Pulse	255	5430000	10801	NA
P042tv2	423	Response	100	5458062	8533	1
P042tv2	424	Pulse	255	5460000	1804	NA
P042tv2	426	Pulse	255	5490000	1307	NA
P042tv2	427	Response	101	5503103	4244	1
P042tv2	429	Pulse	255	5520000	6476	NA
P042tv2	431	Response	100	5549583	5728	1
P042tv2	432	Pulse	255	5550000	312	NA
P042tv2	433	Pulse	255	5580000	19980	NA
P042tv2	435	Response	101	5598382	8031	1
P042tv2	437	Pulse	255	5610000	1151	NA
P042tv2	439	Pulse	255	5640000	820	NA
P042tv2	439	Response	100	5647102	7922	1
P042tv2	441	Pulse	255	5670000	12488	NA
P042tv2	443	Response	101	5691743	3900	1
P042tv2	444	Pulse	255	5700000	8158	NA
P042tv2	446	Pulse	255	5730000	7661	NA
P042tv2	447	Response	100	5737182	4676	1
P042tv2	449	Pulse	255	5760000	12329	NA
P042tv2	451	Response	101	5784622	6621	1
P042tv2	452	Pulse	255	5790000	5333	NA
P042tv2	454	Pulse	255	5820000	4835	NA
P042tv2	455	Response	101	5832782	7452	1
P042tv2	457	Pulse	255	5850000	6838	NA
P042tv2	459	Response	101	5877902	4409	1
P042tv2	460	Pulse	255	5880000	2007	NA
P042tv2	462	Pulse	255	5910000	1510	NA
P042tv2	463	Response	100	5926942	8287	1
P042tv2	465	Pulse	255	5940000	2679	NA
P042tv2	467	Pulse	255	5970000	2348	NA
P042tv2	467	Response	101	5975742	8091	1
P042tv2	469	Pulse	255	6000000	13850	NA
P042tv2	471	Response	101	6020462	3982	1
P042tv2	472	Pulse	255	6030000	9353	NA
P042tv2	474	Pulse	255	6060000	8856	NA
P042tv2	475	Response	100	6067262	5952	1
P042tv2	477	Pulse	255	6090000	12358	NA
P042tv2	479	Response	100	6115822	7849	1
P042tv2	480	Pulse	255	6120000	4028	NA
P042tv2	482	Pulse	255	6150000	3531	NA
P042tv2	483	Picture	instruct_trial	6156635	0	1	108657	1	0	next	other	0
P042tv2	483	Pulse	255	6180000	23365	NA
P042tv2	483	Pulse	255	6210000	53365	NA
P042tv2	483	Pulse	255	6240000	83365	NA
P042tv2	483	Response	101	6265102	108467	1
P042tv2	484	Pulse	255	6270000	4541	NA
P042tv2	484	Response	101	6279742	14283	1
P042tv2	486	Pulse	255	6300000	9876	NA
P042tv2	488	Pulse	255	6330000	9546	NA
P042tv2	488	Response	101	6330541	10087	1
P042tv2	490	Pulse	255	6360000	19047	NA
P042tv2	492	Response	100	6379262	7979	1
P042tv2	494	Pulse	255	6390000	218	NA
P042tv2	495	Pulse	255	6420000	10053	NA
P042tv2	496	Response	100	6426142	6030	1
P042tv2	498	Pulse	255	6450000	13389	NA
P042tv2	500	Pulse	255	6480000	13058	NA
P042tv2	500	Response	100	6483661	16720	1
P042tv2	502	Pulse	255	6510000	15894	NA
P042tv2	504	Response	100	6532142	7705	1
P042tv2	505	Pulse	255	6540000	7731	NA
P042tv2	507	Pulse	255	6570000	7233	NA
P042tv2	508	Response	101	6579501	6569	1
P042tv2	510	Pulse	255	6600000	10069	NA
P042tv2	512	Response	101	6628142	7880	1
P042tv2	513	Pulse	255	6630000	1739	NA
P042tv2	515	Pulse	255	6660000	1242	NA
P042tv2	516	Response	101	6684702	15778	1
P042tv2	517	Pulse	255	6690000	5244	NA
P042tv2	519	Pulse	255	6720000	4746	NA
P042tv2	520	Response	100	6733981	8562	1
P042tv2	522	Pulse	255	6750000	5582	NA
P042tv2	524	Pulse	255	6780000	5252	NA
P042tv2	524	Response	101	6780061	5313	1
P042tv2	526	Pulse	255	6810000	19420	NA
P042tv2	528	Response	101	6826302	5391	1
P042tv2	530	Pulse	255	6840000	3257	NA
P042tv2	532	Pulse	255	6870000	2926	NA
P042tv2	532	Response	100	6876462	9388	1
P042tv2	534	Pulse	255	6900000	13095	NA
P042tv2	536	Response	100	6923661	6425	1
P042tv2	537	Pulse	255	6930000	6264	NA
P042tv2	539	Pulse	255	6960000	5767	NA
P042tv2	540	Response	101	6968061	3662	1
P042tv2	542	Pulse	255	6990000	11436	NA
P042tv2	544	Response	101	7016461	7566	1
P042tv2	545	Pulse	255	7020000	3439	NA
P042tv2	547	Pulse	255	7050000	2942	NA
P042tv2	548	Response	101	7060542	3318	1
P042tv2	550	Pulse	255	7080000	8944	NA
P042tv2	552	Pulse	255	7110000	8613	NA
P042tv2	552	Response	100	7110461	9074	1
P042tv2	554	Pulse	255	7140000	19115	NA
P042tv2	556	Response	100	7155901	4685	1
P042tv2	558	Pulse	255	7170000	3619	NA
P042tv2	560	Pulse	255	7200000	3288	NA
P042tv2	560	Response	100	7202221	5509	1
P042tv2	562	Pulse	255	7230000	17289	NA
P042tv2	564	Response	100	7248301	5260	1
P042tv2	566	Pulse	255	7260000	1293	NA
P042tv2	568	Pulse	255	7290000	963	NA
P042tv2	568	Response	101	7297261	8224	1
P042tv2	570	Pulse	255	7320000	12298	NA
P042tv2	572	Response	101	7341661	3628	1
P042tv2	573	Pulse	255	7350000	8134	NA
P042tv2	575	Pulse	255	7380000	7637	NA
P042tv2	576	Response	101	7386941	4412	1
P042tv2	578	Pulse	255	7410000	12639	NA
P042tv2	580	Response	101	7433901	6209	1
P042tv2	581	Pulse	255	7440000	5975	NA
P042tv2	583	Pulse	255	7470000	5478	NA
P042tv2	584	Response	100	7481661	6973	1
P042tv2	586	Pulse	255	7500000	7814	NA
P042tv2	588	Response	100	7527341	4824	1
P042tv2	589	Pulse	255	7530000	2483	NA
P042tv2	591	Pulse	255	7560000	1986	NA
P042tv2	592	Response	101	7576301	8121	1
P042tv2	594	Pulse	255	7590000	3322	NA
P042tv2	596	Pulse	255	7620000	2991	NA
P042tv2	596	Response	101	7623981	6972	1
P042tv2	598	Pulse	255	7650000	15493	NA
P042tv2	600	Response	100	7670701	5862	1
P042tv2	601	Pulse	255	7680000	9162	NA
P042tv2	603	Pulse	255	7710000	8665	NA
P042tv2	604	Response	100	7716861	5360	1
P042tv2	606	Pulse	255	7740000	12667	NA
P042tv2	608	Response	100	7761981	4318	1
P042tv2	609	Pulse	255	7770000	7837	NA
P042tv2	611	Pulse	255	7800000	7340	NA
P042tv2	612	Response	100	7807421	4594	1
P042tv2	614	Pulse	255	7830000	12175	NA
P042tv2	616	Response	101	7855901	7745	1
P042tv2	617	Pulse	255	7860000	4012	NA
P042tv2	619	Pulse	255	7890000	3514	NA
P042tv2	620	Response	101	7901101	4450	1
P042tv2	622	Pulse	255	7920000	8516	NA
P042tv2	624	Response	100	7946941	5127	1
P042tv2	625	Pulse	255	7950000	2853	NA
P042tv2	627	Pulse	255	7980000	2356	NA
P042tv2	628	Response	100	7991660	3850	1
P042tv2	630	Pulse	255	8010000	7858	NA
P042tv2	632	Response	101	8039102	6629	1
P042tv2	633	Pulse	255	8040000	694	NA
P042tv2	635	Pulse	255	8070000	197	NA
P042tv2	636	Response	101	8085980	6011	1
P042tv2	638	Pulse	255	8100000	3532	NA
P042tv2	640	Pulse	255	8130000	3202	NA
P042tv2	640	Response	101	8134141	7342	1
P042tv2	642	Pulse	255	8160000	15370	NA
P042tv2	644	Response	100	8180620	5659	1
P042tv2	645	Pulse	255	8190000	9206	NA
P042tv2	647	Pulse	255	8220000	8709	NA
P042tv2	648	Response	100	8225181	3724	1
P042tv2	650	Pulse	255	8250000	14378	NA
P042tv2	652	Response	101	8274221	8268	1
P042tv2	653	Pulse	255	8280000	5714	NA
P042tv2	655	Pulse	255	8310000	5217	NA
P042tv2	656	Response	101	8319421	4472	1
P042tv2	658	Pulse	255	8340000	10053	NA
P042tv2	660	Response	101	8364541	4263	1
P042tv2	661	Pulse	255	8370000	5389	NA
P042tv2	663	Pulse	255	8400000	4892	NA
P042tv2	664	Response	101	8412382	7107	1
P042tv2	666	Pulse	255	8430000	7227	NA
P042tv2	668	Response	100	8457741	4637	1
P042tv2	669	Pulse	255	8460000	2064	NA
P042tv2	671	Pulse	255	8490000	1566	NA
P042tv2	672	Response	101	8502860	4261	1
P042tv2	674	Pulse	255	8520000	6735	NA
P042tv2	676	Response	100	8549980	6384	1
P042tv2	676	Pulse	255	8550000	6404	NA
P042tv2	678	Pulse	255	8580000	19573	NA
P042tv2	680	Response	101	8597820	7062	1
P042tv2	682	Pulse	255	8610000	1743	NA
P042tv2	684	Pulse	255	8640000	1413	NA
P042tv2	684	Response	100	8644140	5553	1
P042tv2	686	Pulse	255	8670000	15414	NA
P042tv2	688	Response	101	8689260	4343	1
P042tv2	690	Pulse	255	8700000	251	NA
P042tv2	691	Pulse	255	8730000	10086	NA
P042tv2	692	Response	100	8735820	5741	1
P042tv2	694	Pulse	255	8760000	13755	NA
P042tv2	696	Response	100	8786300	9724	1
P042tv2	697	Pulse	255	8790000	3592	NA
P042tv2	699	Pulse	255	8820000	3095	NA
P042tv2	700	Response	100	8831180	4109	1
P042tv2	702	Pulse	255	8850000	8430	NA
P042tv2	704	Response	101	8878701	6800	1
P042tv2	705	Pulse	255	8880000	1100	NA
P042tv2	707	Pulse	255	8910000	603	NA
P042tv2	708	Response	100	8925260	5697	1
P042tv2	710	Pulse	255	8940000	4272	NA
P042tv2	712	Pulse	255	8970000	3941	NA
P042tv2	712	Response	100	8970380	4321	1
P042tv2	714	Pulse	255	9000000	19109	NA
P042tv2	716	Response	101	9015980	4758	1
P042tv2	718	Pulse	255	9030000	3613	NA
P042tv2	720	Pulse	255	9060000	3282	NA
P042tv2	720	Response	101	9063580	6862	1
P042tv2	722	Pulse	255	9090000	15950	NA
P042tv2	724	Picture	instruct_trial	9104380	0	1	40163	1	0	next	other	0
P042tv2	724	Pulse	255	9120000	15620	NA
