Scenario - learning_JJ_english
Logfile written - 05/19/2022 12:46:49

Subject	Trial	Event Type	Code	Time	TTime	Uncertainty	Duration	Uncertainty	ReqTime	ReqDur	Stim Type	Pair Index

P043v2	0	Pulse	255	0	0	NA
P043v2	1	Picture	instruct_trial	10500	0	1	227980	1	0	next	other	0
P043v2	1	Pulse	255	30000	19500	NA
P043v2	1	Pulse	255	60000	49500	NA
P043v2	1	Pulse	255	90000	79500	NA
P043v2	1	Pulse	255	120000	109500	NA
P043v2	1	Pulse	255	150000	139500	NA
P043v2	1	Pulse	255	180000	169500	NA
P043v2	1	Pulse	255	210000	199500	NA
P043v2	1	Response	100	238351	227852	1
P043v2	1	Pulse	255	240000	229500	NA
P043v2	2	Response	100	254910	14764	1
P043v2	4	Pulse	255	270000	4689	NA
P043v2	6	Pulse	255	300000	4358	NA
P043v2	6	Response	100	305631	9989	1
P043v2	8	Pulse	255	330000	13860	NA
P043v2	10	Response	100	353631	7161	1
P043v2	11	Pulse	255	360000	6197	NA
P043v2	13	Pulse	255	390000	5699	NA
P043v2	14	Response	100	406591	12124	1
P043v2	16	Pulse	255	420000	2869	NA
P043v2	18	Pulse	255	450000	2538	NA
P043v2	18	Response	101	468352	20890	1
P043v2	20	Pulse	255	480000	1208	NA
P043v2	22	Pulse	255	510000	710	NA
P043v2	22	Response	100	515630	6341	1
P043v2	24	Pulse	255	540000	13878	NA
P043v2	26	Response	101	564511	8058	1
P043v2	27	Pulse	255	570000	5382	NA
P043v2	29	Pulse	255	600000	4884	NA
P043v2	30	Response	100	611551	6269	1
P043v2	32	Pulse	255	630000	8053	NA
P043v2	34	Pulse	255	660000	7723	NA
P043v2	34	Response	101	662271	9993	1
P043v2	36	Pulse	255	690000	17224	NA
P043v2	38	Response	101	711711	8605	1
P043v2	39	Pulse	255	720000	8228	NA
P043v2	41	Pulse	255	750000	7730	NA
P043v2	42	Response	100	761231	8796	1
P043v2	44	Pulse	255	780000	8233	NA
P043v2	46	Pulse	255	810000	7902	NA
P043v2	46	Response	101	822030	19932	1
P043v2	48	Pulse	255	840000	7571	NA
P043v2	50	Response	101	868030	5271	1
P043v2	51	Pulse	255	870000	1908	NA
P043v2	53	Pulse	255	900000	1411	NA
P043v2	54	Response	100	917392	8636	1
P043v2	56	Pulse	255	930000	2080	NA
P043v2	58	Pulse	255	960000	1749	NA
P043v2	58	Response	100	989231	30980	1
P043v2	59	Pulse	255	990000	585	NA
P043v2	61	Pulse	255	1020000	88	NA
P043v2	62	Response	101	1042911	12833	1
P043v2	63	Pulse	255	1050000	6923	NA
P043v2	65	Pulse	255	1080000	6426	NA
P043v2	66	Response	100	1103790	20050	1
P043v2	67	Pulse	255	1110000	6095	NA
P043v2	69	Pulse	255	1140000	5598	NA
P043v2	70	Response	100	1153150	8582	1
P043v2	72	Pulse	255	1170000	6433	NA
P043v2	74	Pulse	255	1200000	6103	NA
P043v2	74	Response	100	1216191	22294	1
P043v2	76	Pulse	255	1230000	3272	NA
P043v2	78	Pulse	255	1260000	2941	NA
P043v2	78	Response	100	1264910	7852	1
P043v2	80	Pulse	255	1290000	14610	NA
P043v2	82	Pulse	255	1320000	14279	NA
P043v2	82	Response	100	1322110	16389	1
P043v2	84	Pulse	255	1350000	17448	NA
P043v2	86	Pulse	255	1380000	17117	NA
P043v2	86	Response	101	1382430	19548	1
P043v2	88	Pulse	255	1410000	17120	NA
P043v2	90	Response	100	1429231	6020	1
P043v2	92	Pulse	255	1440000	291	NA
P043v2	93	Pulse	255	1470000	10126	NA
P043v2	94	Response	100	1479391	9350	1
P043v2	96	Pulse	255	1500000	10128	NA
P043v2	98	Response	101	1529470	9268	1
P043v2	99	Pulse	255	1530000	465	NA
P043v2	100	Pulse	255	1560000	20133	NA
P043v2	102	Response	100	1577951	7753	1
P043v2	104	Pulse	255	1590000	1637	NA
P043v2	106	Pulse	255	1620000	1306	NA
P043v2	106	Response	100	1627152	8458	1
P043v2	108	Pulse	255	1650000	12308	NA
P043v2	110	Response	101	1678270	10247	1
P043v2	111	Pulse	255	1680000	1645	NA
P043v2	113	Pulse	255	1710000	1147	NA
P043v2	114	Response	100	1732831	13813	1
P043v2	115	Pulse	255	1740000	6983	NA
P043v2	117	Pulse	255	1770000	6485	NA
P043v2	118	Response	100	1785791	12111	1
P043v2	120	Pulse	255	1800000	3821	NA
P043v2	122	Pulse	255	1830000	3491	NA
P043v2	122	Response	100	1840190	13680	1
P043v2	124	Pulse	255	1860000	9326	NA
P043v2	126	Pulse	255	1890000	8995	NA
P043v2	126	Response	101	1909709	28705	1
P043v2	127	Pulse	255	1920000	10165	NA
P043v2	129	Pulse	255	1950000	9667	NA
P043v2	130	Response	100	1958351	7852	1
P043v2	132	Pulse	255	1980000	11170	NA
P043v2	134	Pulse	255	2010000	10839	NA
P043v2	134	Response	101	2011070	11909	1
P043v2	136	Pulse	255	2040000	18508	NA
P043v2	138	Pulse	255	2070000	18177	NA
P043v2	138	Response	100	2074510	22687	1
P043v2	140	Pulse	255	2100000	15013	NA
P043v2	142	Response	100	2123069	7752	1
P043v2	143	Pulse	255	2130000	6850	NA
P043v2	145	Pulse	255	2160000	6352	NA
P043v2	146	Response	100	2173949	10136	1
P043v2	148	Pulse	255	2190000	5522	NA
P043v2	150	Pulse	255	2220000	5191	NA
P043v2	150	Response	101	2223069	8260	1
P043v2	152	Pulse	255	2250000	16526	NA
P043v2	154	Response	101	2278589	14785	1
P043v2	155	Pulse	255	2280000	1363	NA
P043v2	157	Pulse	255	2310000	866	NA
P043v2	158	Response	101	2325951	6650	1
P043v2	160	Pulse	255	2340000	3535	NA
P043v2	162	Pulse	255	2370000	3204	NA
P043v2	162	Response	100	2372831	6035	1
P043v2	164	Pulse	255	2400000	16705	NA
P043v2	166	Response	100	2421070	7444	1
P043v2	167	Pulse	255	2430000	8875	NA
P043v2	169	Pulse	255	2460000	8378	NA
P043v2	170	Response	101	2468430	6643	1
P043v2	172	Pulse	255	2490000	11047	NA
P043v2	174	Pulse	255	2520000	10716	NA
P043v2	174	Response	101	2523790	14506	1
P043v2	176	Pulse	255	2550000	15719	NA
P043v2	178	Response	101	2571390	6778	1
P043v2	179	Pulse	255	2580000	8555	NA
P043v2	181	Pulse	255	2610000	8058	NA
P043v2	182	Response	101	2617869	5761	1
P043v2	184	Pulse	255	2640000	11727	NA
P043v2	186	Response	100	2666990	8386	1
P043v2	187	Pulse	255	2670000	2897	NA
P043v2	189	Pulse	255	2700000	2399	NA
P043v2	190	Response	100	2728670	20903	1
P043v2	191	Pulse	255	2730000	1235	NA
P043v2	193	Pulse	255	2760000	738	NA
P043v2	194	Response	100	2777869	8441	1
P043v2	196	Pulse	255	2790000	1741	NA
P043v2	198	Pulse	255	2820000	1410	NA
P043v2	198	Response	101	2824430	5840	1
P043v2	200	Pulse	255	2850000	15078	NA
P043v2	202	Pulse	255	2880000	14747	NA
P043v2	202	Response	100	2900430	35177	1
P043v2	203	Pulse	255	2910000	9417	NA
P043v2	205	Pulse	255	2940000	8920	NA
P043v2	206	Response	100	2959151	17904	1
P043v2	208	Pulse	255	2970000	423	NA
P043v2	210	Pulse	255	3000000	92	NA
P043v2	210	Response	100	3006749	6841	1
P043v2	212	Pulse	255	3030000	12760	NA
P043v2	214	Response	100	3053790	6219	1
P043v2	215	Pulse	255	3060000	6097	NA
P043v2	217	Pulse	255	3090000	5599	NA
P043v2	218	Response	100	3106909	12342	1
P043v2	220	Pulse	255	3120000	2602	NA
P043v2	222	Pulse	255	3150000	2272	NA
P043v2	222	Response	101	3155709	7981	1
P043v2	224	Pulse	255	3180000	13773	NA
P043v2	226	Response	100	3205548	8991	1
P043v2	227	Pulse	255	3210000	4277	NA
P043v2	229	Pulse	255	3240000	3779	NA
P043v2	230	Response	100	3254190	7803	1
P043v2	232	Pulse	255	3270000	5282	NA
P043v2	234	Response	101	3299790	4741	1
P043v2	235	Pulse	255	3300000	118	NA
P043v2	236	Pulse	255	3330000	19786	NA
P043v2	238	Response	101	3347549	7004	1
P043v2	240	Pulse	255	3360000	1956	NA
P043v2	242	Picture	instruct_trial	3388374	0	1	13166	1	0	next	other	0
P043v2	242	Pulse	255	3390000	1626	NA
P043v2	242	Response	100	3401469	13095	1
P043v2	243	Pulse	255	3420000	18294	NA
P043v2	243	Response	101	3425709	24002	1
P043v2	245	Pulse	255	3450000	13796	NA
P043v2	247	Response	100	3477629	11095	1
P043v2	248	Pulse	255	3480000	2300	NA
P043v2	250	Pulse	255	3510000	1803	NA
P043v2	251	Response	100	3534749	16386	1
P043v2	252	Pulse	255	3540000	5138	NA
P043v2	254	Pulse	255	3570000	4641	NA
P043v2	255	Response	100	3584669	9145	1
P043v2	257	Pulse	255	3600000	4810	NA
P043v2	259	Pulse	255	3630000	4480	NA
P043v2	259	Response	100	3632349	6829	1
P043v2	261	Pulse	255	3660000	17148	NA
P043v2	263	Response	100	3679309	6126	1
P043v2	265	Pulse	255	3690000	152	NA
P043v2	266	Pulse	255	3720000	9987	NA
P043v2	267	Response	101	3727149	6970	1
P043v2	269	Pulse	255	3750000	12323	NA
P043v2	271	Response	101	3776508	8500	1
P043v2	272	Pulse	255	3780000	3326	NA
P043v2	274	Pulse	255	3810000	2829	NA
P043v2	275	Response	101	3823710	6372	1
P043v2	277	Pulse	255	3840000	5831	NA
P043v2	279	Pulse	255	3870000	5500	NA
P043v2	279	Response	100	3874989	10489	1
P043v2	281	Pulse	255	3900000	14502	NA
P043v2	283	Response	100	3924829	9000	1
P043v2	284	Pulse	255	3930000	5005	NA
P043v2	286	Pulse	255	3960000	4508	NA
P043v2	287	Response	101	3972110	6452	1
P043v2	289	Pulse	255	3990000	7344	NA
P043v2	291	Pulse	255	4020000	7013	NA
P043v2	291	Response	100	4024429	11442	1
P043v2	293	Pulse	255	4050000	15182	NA
P043v2	295	Response	100	4078349	13200	1
P043v2	296	Pulse	255	4080000	1519	NA
P043v2	298	Pulse	255	4110000	1021	NA
P043v2	299	Response	100	4138109	18965	1
P043v2	300	Pulse	255	4140000	1691	NA
P043v2	302	Pulse	255	4170000	1193	NA
P043v2	303	Response	101	4196349	17376	1
P043v2	304	Pulse	255	4200000	3529	NA
P043v2	306	Pulse	255	4230000	3031	NA
P043v2	307	Response	101	4243709	6575	1
P043v2	309	Pulse	255	4260000	5867	NA
P043v2	311	Pulse	255	4290000	5536	NA
P043v2	311	Response	100	4290829	6366	1
P043v2	313	Pulse	255	4320000	18705	NA
P043v2	315	Response	100	4337789	6163	1
P043v2	317	Pulse	255	4350000	1709	NA
P043v2	319	Pulse	255	4380000	1378	NA
P043v2	319	Response	100	4384828	6206	1
P043v2	321	Pulse	255	4410000	14713	NA
P043v2	323	Response	100	4430028	4410	1
P043v2	324	Pulse	255	4440000	9882	NA
P043v2	326	Pulse	255	4470000	9385	NA
P043v2	327	Response	101	4478268	7487	1
P043v2	329	Pulse	255	4500000	11221	NA
P043v2	331	Response	101	4524108	4998	1
P043v2	332	Pulse	255	4530000	5724	NA
P043v2	334	Pulse	255	4560000	5226	NA
P043v2	335	Pulse	255	4590000	25061	NA
P043v2	335	Response	101	4593309	28370	1
P043v2	337	Pulse	255	4620000	16231	NA
P043v2	339	Response	101	4640989	6889	1
P043v2	340	Pulse	255	4650000	8901	NA
P043v2	342	Pulse	255	4680000	8403	NA
P043v2	343	Response	100	4687148	5386	1
P043v2	345	Pulse	255	4710000	12406	NA
P043v2	347	Pulse	255	4740000	12075	NA
P043v2	347	Response	100	4758748	30823	1
P043v2	349	Pulse	255	4770000	745	NA
P043v2	351	Pulse	255	4800000	414	NA
P043v2	351	Response	101	4804827	5241	1
P043v2	353	Pulse	255	4830000	14749	NA
P043v2	355	Pulse	255	4860000	14418	NA
P043v2	355	Response	100	4878109	32527	1
P043v2	357	Pulse	255	4890000	1422	NA
P043v2	359	Pulse	255	4920000	1091	NA
P043v2	359	Response	100	4925307	6399	1
P043v2	361	Pulse	255	4950000	14259	NA
P043v2	363	Response	100	4979391	13320	1
P043v2	364	Pulse	255	4980000	430	NA
P043v2	365	Pulse	255	5010000	20097	NA
P043v2	367	Pulse	255	5040000	19767	NA
P043v2	367	Response	101	5058429	38196	1
P043v2	369	Pulse	255	5070000	1104	NA
P043v2	371	Pulse	255	5100000	774	NA
P043v2	371	Response	100	5105387	6161	1
P043v2	373	Pulse	255	5130000	14108	NA
P043v2	375	Response	101	5153227	7005	1
P043v2	376	Pulse	255	5160000	6612	NA
P043v2	378	Pulse	255	5190000	6114	NA
P043v2	379	Pulse	255	5220000	25948	NA
P043v2	379	Response	101	5224428	30376	1
P043v2	381	Pulse	255	5250000	15119	NA
P043v2	383	Response	100	5272268	7055	1
P043v2	384	Pulse	255	5280000	7622	NA
P043v2	386	Pulse	255	5310000	7124	NA
P043v2	387	Response	100	5327868	14827	1
P043v2	389	Pulse	255	5340000	1628	NA
P043v2	391	Pulse	255	5370000	1297	NA
P043v2	391	Response	101	5376907	8204	1
P043v2	393	Pulse	255	5400000	12632	NA
P043v2	395	Response	101	5427547	9848	1
P043v2	396	Pulse	255	5430000	2302	NA
P043v2	398	Pulse	255	5460000	1805	NA
P043v2	399	Response	101	5475868	7507	1
P043v2	401	Pulse	255	5490000	3640	NA
P043v2	403	Pulse	255	5520000	3310	NA
P043v2	403	Response	100	5526428	9737	1
P043v2	405	Pulse	255	5550000	13145	NA
P043v2	407	Response	100	5576508	9322	1
P043v2	408	Pulse	255	5580000	3315	NA
P043v2	410	Pulse	255	5610000	2817	NA
P043v2	411	Response	101	5639949	22600	1
P043v2	411	Pulse	255	5640000	22652	NA
P043v2	413	Response	101	5657948	7602	1
P043v2	413	Pulse	255	5670000	19655	NA
P043v2	415	Pulse	255	5700000	19324	NA
P043v2	415	Response	100	5708347	27671	1
P043v2	417	Pulse	255	5730000	11160	NA
P043v2	419	Pulse	255	5760000	10830	NA
P043v2	419	Response	101	5762028	12858	1
P043v2	421	Pulse	255	5790000	17508	NA
P043v2	423	Response	101	5809947	7115	1
P043v2	424	Pulse	255	5820000	10002	NA
P043v2	426	Pulse	255	5850000	9504	NA
P043v2	427	Response	100	5862027	11366	1
P043v2	429	Pulse	255	5880000	7507	NA
P043v2	431	Pulse	255	5910000	7176	NA
P043v2	431	Response	100	5927308	24484	1
P043v2	433	Pulse	255	5940000	2179	NA
P043v2	435	Pulse	255	5970000	1849	NA
P043v2	435	Response	100	5979147	10996	1
P043v2	437	Pulse	255	6000000	10350	NA
P043v2	439	Pulse	255	6030000	10020	NA
P043v2	439	Response	101	6032107	12127	1
P043v2	441	Pulse	255	6060000	17355	NA
P043v2	443	Response	100	6082267	9291	1
P043v2	444	Pulse	255	6090000	7525	NA
P043v2	446	Pulse	255	6120000	7028	NA
P043v2	447	Response	101	6145628	22490	1
P043v2	448	Pulse	255	6150000	4197	NA
P043v2	450	Pulse	255	6180000	3700	NA
P043v2	451	Response	100	6192348	5882	1
P043v2	453	Pulse	255	6210000	7202	NA
P043v2	455	Pulse	255	6240000	6872	NA
P043v2	455	Response	100	6240747	7619	1
P043v2	457	Pulse	255	6270000	18873	NA
P043v2	459	Response	100	6295387	13929	1
P043v2	460	Pulse	255	6300000	4544	NA
P043v2	462	Pulse	255	6330000	4046	NA
P043v2	463	Pulse	255	6360000	23880	NA
P043v2	463	Response	101	6371707	35587	1
P043v2	465	Pulse	255	6390000	7884	NA
P043v2	467	Pulse	255	6420000	7554	NA
P043v2	467	Response	100	6421467	9021	1
P043v2	469	Pulse	255	6450000	18055	NA
P043v2	471	Response	100	6472586	10311	1
P043v2	472	Pulse	255	6480000	7226	NA
P043v2	474	Pulse	255	6510000	6728	NA
P043v2	475	Response	101	6517788	4350	1
P043v2	477	Pulse	255	6540000	11730	NA
P043v2	479	Response	101	6567307	8707	1
P043v2	480	Pulse	255	6570000	2567	NA
P043v2	482	Pulse	255	6600000	2070	NA
P043v2	483	Picture	instruct_trial	6608096	0	1	13832	1	0	next	other	0
P043v2	483	Response	100	6621787	13691	1
P043v2	484	Pulse	255	6630000	7905	NA
P043v2	484	Response	100	6651948	29853	1
P043v2	485	Pulse	255	6660000	7908	NA
P043v2	487	Pulse	255	6690000	7410	NA
P043v2	488	Response	100	6705466	12711	1
P043v2	490	Pulse	255	6720000	4080	NA
P043v2	492	Pulse	255	6750000	3749	NA
P043v2	492	Response	101	6751547	5296	1
P043v2	494	Pulse	255	6780000	17917	NA
P043v2	496	Response	101	6803546	11133	1
P043v2	497	Pulse	255	6810000	6254	NA
P043v2	499	Pulse	255	6840000	5757	NA
P043v2	500	Response	101	6852107	7698	1
P043v2	502	Pulse	255	6870000	7426	NA
P043v2	504	Pulse	255	6900000	7095	NA
P043v2	504	Response	101	6901467	8562	1
P043v2	506	Pulse	255	6930000	18097	NA
P043v2	508	Response	100	6954026	11792	1
P043v2	509	Pulse	255	6960000	5767	NA
P043v2	511	Pulse	255	6990000	5270	NA
P043v2	512	Response	100	7005787	10891	1
P043v2	514	Pulse	255	7020000	3773	NA
P043v2	516	Pulse	255	7050000	3442	NA
P043v2	516	Response	100	7061787	15229	1
P043v2	518	Pulse	255	7080000	7777	NA
P043v2	520	Pulse	255	7110000	7447	NA
P043v2	520	Response	101	7122906	20353	1
P043v2	522	Pulse	255	7140000	6616	NA
P043v2	524	Pulse	255	7170000	6285	NA
P043v2	524	Response	101	7170747	7032	1
P043v2	526	Pulse	255	7200000	18787	NA
P043v2	528	Response	100	7223946	12402	1
P043v2	529	Pulse	255	7230000	5957	NA
P043v2	531	Pulse	255	7260000	5460	NA
P043v2	532	Response	100	7273146	8440	1
P043v2	534	Pulse	255	7290000	6462	NA
P043v2	536	Pulse	255	7320000	6132	NA
P043v2	536	Response	101	7322826	8957	1
P043v2	538	Pulse	255	7350000	16633	NA
P043v2	540	Response	100	7369386	5689	1
P043v2	542	Pulse	255	7380000	137	NA
P043v2	543	Pulse	255	7410000	9972	NA
P043v2	544	Response	101	7421866	11673	1
P043v2	546	Pulse	255	7440000	7642	NA
P043v2	548	Response	100	7468827	6138	1
P043v2	549	Pulse	255	7470000	978	NA
P043v2	551	Pulse	255	7500000	481	NA
P043v2	552	Response	101	7523866	14181	1
P043v2	553	Pulse	255	7530000	5983	NA
P043v2	555	Pulse	255	7560000	5486	NA
P043v2	556	Response	101	7574346	9666	1
P043v2	558	Pulse	255	7590000	5155	NA
P043v2	560	Pulse	255	7620000	4824	NA
P043v2	560	Response	101	7627306	12130	1
P043v2	562	Pulse	255	7650000	12160	NA
P043v2	564	Response	101	7676266	8095	1
P043v2	565	Pulse	255	7680000	3663	NA
P043v2	567	Pulse	255	7710000	3166	NA
P043v2	568	Pulse	255	7740000	23000	NA
P043v2	568	Response	100	7764347	47346	1
P043v2	569	Pulse	255	7770000	5504	NA
P043v2	571	Pulse	255	7800000	5007	NA
P043v2	572	Response	100	7811867	6708	1
P043v2	574	Pulse	255	7830000	7676	NA
P043v2	576	Response	100	7859626	6971	1
P043v2	577	Pulse	255	7860000	179	NA
P043v2	578	Pulse	255	7890000	19846	NA
P043v2	580	Response	100	7914667	14182	1
P043v2	581	Pulse	255	7920000	5184	NA
P043v2	583	Pulse	255	7950000	4686	NA
P043v2	584	Pulse	255	7980000	24520	NA
P043v2	584	Response	101	7997066	41586	1
P043v2	586	Pulse	255	8010000	2525	NA
P043v2	588	Pulse	255	8040000	2194	NA
P043v2	588	Response	101	8044426	6620	1
P043v2	590	Pulse	255	8070000	15196	NA
P043v2	592	Response	100	8095306	10171	1
P043v2	593	Pulse	255	8100000	4532	NA
P043v2	595	Pulse	255	8130000	4035	NA
P043v2	596	Response	100	8142985	6854	1
P043v2	598	Pulse	255	8160000	6537	NA
P043v2	600	Response	101	8188426	4633	1
P043v2	601	Pulse	255	8190000	1374	NA
P043v2	603	Pulse	255	8220000	877	NA
P043v2	604	Pulse	255	8250000	20711	NA
P043v2	604	Response	101	8254907	25617	1
P043v2	606	Pulse	255	8280000	14714	NA
P043v2	608	Response	101	8308425	12808	1
P043v2	609	Pulse	255	8310000	1384	NA
P043v2	611	Pulse	255	8340000	887	NA
P043v2	612	Response	101	8357065	7786	1
P043v2	614	Pulse	255	8370000	2556	NA
P043v2	616	Pulse	255	8400000	2225	NA
P043v2	616	Pulse	255	8430000	32225	NA
P043v2	616	Response	100	8445705	47930	1
P043v2	618	Pulse	255	8460000	3897	NA
P043v2	620	Pulse	255	8490000	3566	NA
P043v2	620	Response	100	8492985	6552	1
P043v2	622	Pulse	255	8520000	16568	NA
P043v2	624	Response	101	8539465	5702	1
P043v2	626	Pulse	255	8550000	72	NA
P043v2	627	Pulse	255	8580000	9907	NA
P043v2	628	Response	101	8586825	6566	1
P043v2	630	Pulse	255	8610000	12743	NA
P043v2	632	Response	100	8634346	6757	1
P043v2	633	Pulse	255	8640000	5579	NA
P043v2	635	Pulse	255	8670000	5082	NA
P043v2	636	Response	100	8681706	6622	1
P043v2	638	Pulse	255	8700000	7917	NA
P043v2	640	Response	100	8728906	6493	1
P043v2	641	Pulse	255	8730000	921	NA
P043v2	643	Pulse	255	8760000	430	NA
P043v2	644	Response	101	8776825	7083	1
P043v2	646	Pulse	255	8790000	2759	NA
P043v2	648	Pulse	255	8820000	2428	NA
P043v2	648	Response	101	8824345	6773	1
P043v2	650	Pulse	255	8850000	15263	NA
P043v2	652	Pulse	255	8880000	14932	NA
P043v2	652	Response	100	8883305	18237	1
P043v2	654	Pulse	255	8910000	16268	NA
P043v2	656	Response	100	8932185	8122	1
P043v2	657	Pulse	255	8940000	7771	NA
P043v2	659	Pulse	255	8970000	7274	NA
P043v2	660	Response	100	8980025	7133	1
P043v2	662	Pulse	255	9000000	9443	NA
P043v2	664	Response	100	9029945	9057	1
P043v2	664	Pulse	255	9030000	9112	NA
P043v2	666	Pulse	255	9060000	19614	NA
P043v2	668	Response	101	9079466	8749	1
P043v2	670	Pulse	255	9090000	118	NA
P043v2	671	Pulse	255	9120000	9954	NA
P043v2	672	Response	100	9127946	7734	1
P043v2	674	Pulse	255	9150000	11623	NA
P043v2	676	Pulse	255	9180000	11292	NA
P043v2	676	Response	101	9182026	13317	1
P043v2	678	Pulse	255	9210000	17461	NA
P043v2	680	Response	100	9232025	9155	1
P043v2	681	Pulse	255	9240000	7797	NA
P043v2	683	Pulse	255	9270000	7300	NA
P043v2	684	Response	101	9279225	6359	1
P043v2	686	Pulse	255	9300000	10302	NA
P043v2	688	Response	100	9324825	4796	1
P043v2	689	Pulse	255	9330000	4972	NA
P043v2	691	Pulse	255	9360000	4475	NA
P043v2	692	Response	101	9382344	16653	1
P043v2	693	Pulse	255	9390000	7477	NA
P043v2	695	Pulse	255	9420000	6980	NA
P043v2	696	Response	100	9433225	10039	1
P043v2	698	Pulse	255	9450000	6316	NA
P043v2	700	Pulse	255	9480000	5985	NA
P043v2	700	Response	101	9481225	7210	1
P043v2	702	Pulse	255	9510000	18320	NA
P043v2	704	Response	100	9529545	7534	1
P043v2	706	Pulse	255	9540000	0	NA
P043v2	707	Pulse	255	9570000	9826	NA
P043v2	708	Response	101	9577944	7604	1
P043v2	710	Pulse	255	9600000	11662	NA
P043v2	712	Response	101	9624184	5515	1
P043v2	713	Pulse	255	9630000	5665	NA
P043v2	715	Pulse	255	9660000	5167	NA
P043v2	716	Response	100	9670985	5986	1
P043v2	718	Pulse	255	9690000	8503	NA
P043v2	720	Response	100	9718424	6597	1
P043v2	721	Pulse	255	9720000	1506	NA
P043v2	723	Pulse	255	9750000	1009	NA
P043v2	724	Picture	instruct_trial	9759157	0	1	40163	1	0	next	other	0
P043v2	724	Pulse	255	9780000	20843	NA
