Scenario - learning_JJ_english
Logfile written - 05/25/2022 12:41:26

Subject	Trial	Event Type	Code	Time	TTime	Uncertainty	Duration	Uncertainty	ReqTime	ReqDur	Stim Type	Pair Index

p044v2	0	Pulse	255	0	0	NA
p044v2	1	Picture	instruct_trial	10500	0	1	192817	1	0	next	other	0
p044v2	1	Pulse	255	30000	19500	NA
p044v2	1	Pulse	255	60000	49500	NA
p044v2	1	Pulse	255	90000	79500	NA
p044v2	1	Pulse	255	120000	109500	NA
p044v2	1	Pulse	255	150000	139500	NA
p044v2	1	Pulse	255	180000	169500	NA
p044v2	1	Response	101	203109	192610	1
p044v2	1	Pulse	255	210000	199500	NA
p044v2	2	Response	100	230222	19906	1
p044v2	3	Pulse	255	240000	9686	NA
p044v2	5	Pulse	255	270000	9189	NA
p044v2	6	Response	101	281742	10598	1
p044v2	8	Pulse	255	300000	7858	NA
p044v2	10	Pulse	255	330000	7527	NA
p044v2	10	Response	100	337343	14870	1
p044v2	12	Pulse	255	360000	12196	NA
p044v2	14	Pulse	255	390000	11699	NA
p044v2	14	Response	101	390943	12641	1
p044v2	16	Pulse	255	420000	18534	NA
p044v2	18	Response	100	447183	15386	1
p044v2	19	Pulse	255	450000	2705	NA
p044v2	21	Pulse	255	480000	2207	NA
p044v2	22	Response	101	505903	17778	1
p044v2	23	Pulse	255	510000	4043	NA
p044v2	25	Pulse	255	540000	3546	NA
p044v2	26	Response	101	562303	15683	1
p044v2	27	Pulse	255	570000	7548	NA
p044v2	29	Pulse	255	600000	7051	NA
p044v2	30	Response	101	612622	9507	1
p044v2	32	Pulse	255	630000	6887	NA
p044v2	34	Pulse	255	660000	6556	NA
p044v2	34	Response	101	672142	18698	1
p044v2	36	Pulse	255	690000	7392	NA
p044v2	38	Pulse	255	720000	7061	NA
p044v2	38	Response	100	742622	29683	1
p044v2	39	Pulse	255	750000	7230	NA
p044v2	41	Pulse	255	780000	6733	NA
p044v2	42	Response	101	793500	10067	1
p044v2	44	Pulse	255	810000	6069	NA
p044v2	46	Pulse	255	840000	5738	NA
p044v2	46	Response	101	851902	17640	1
p044v2	48	Pulse	255	870000	7574	NA
p044v2	50	Pulse	255	900000	7243	NA
p044v2	50	Response	101	915262	22505	1
p044v2	52	Pulse	255	930000	4246	NA
p044v2	54	Pulse	255	960000	3916	NA
p044v2	54	Response	100	969502	13418	1
p044v2	56	Pulse	255	990000	10084	NA
p044v2	58	Pulse	255	1020000	9754	NA
p044v2	58	Response	100	1025901	15655	1
p044v2	60	Pulse	255	1050000	13589	NA
p044v2	62	Pulse	255	1080000	13258	NA
p044v2	62	Response	101	1082222	15480	1
p044v2	64	Pulse	255	1110000	17261	NA
p044v2	66	Pulse	255	1140000	16930	NA
p044v2	66	Response	101	1144462	21392	1
p044v2	68	Pulse	255	1170000	15099	NA
p044v2	70	Pulse	255	1200000	14769	NA
p044v2	70	Response	101	1208622	23390	1
p044v2	72	Pulse	255	1230000	10938	NA
p044v2	74	Pulse	255	1260000	10608	NA
p044v2	74	Response	101	1270142	20749	1
p044v2	76	Pulse	255	1290000	9444	NA
p044v2	78	Pulse	255	1320000	9113	NA
p044v2	78	Response	100	1327981	17094	1
p044v2	80	Pulse	255	1350000	11615	NA
p044v2	82	Pulse	255	1380000	11285	NA
p044v2	82	Response	100	1393901	25186	1
p044v2	84	Pulse	255	1410000	5621	NA
p044v2	86	Pulse	255	1440000	5290	NA
p044v2	86	Response	101	1460461	25751	1
p044v2	87	Pulse	255	1470000	9459	NA
p044v2	89	Pulse	255	1500000	8962	NA
p044v2	90	Response	101	1525261	24057	1
p044v2	91	Pulse	255	1530000	4631	NA
p044v2	93	Pulse	255	1560000	4134	NA
p044v2	94	Pulse	255	1590000	23802	NA
p044v2	94	Response	101	1592621	26423	1
p044v2	96	Pulse	255	1620000	16972	NA
p044v2	98	Pulse	255	1650000	16641	NA
p044v2	98	Response	101	1651742	18382	1
p044v2	100	Pulse	255	1680000	17810	NA
p044v2	102	Pulse	255	1710000	17479	NA
p044v2	102	Response	101	1725101	32581	1
p044v2	104	Pulse	255	1740000	4483	NA
p044v2	106	Pulse	255	1770000	4152	NA
p044v2	106	Response	101	1791101	25253	1
p044v2	107	Pulse	255	1800000	8821	NA
p044v2	109	Pulse	255	1830000	8324	NA
p044v2	110	Response	100	1845420	13412	1
p044v2	112	Pulse	255	1860000	4160	NA
p044v2	114	Pulse	255	1890000	3829	NA
p044v2	114	Response	101	1894862	8691	1
p044v2	116	Pulse	255	1920000	14664	NA
p044v2	118	Response	101	1947501	11835	1
p044v2	119	Pulse	255	1950000	2335	NA
p044v2	121	Pulse	255	1980000	1837	NA
p044v2	122	Response	101	2005101	16772	1
p044v2	123	Pulse	255	2010000	4840	NA
p044v2	125	Pulse	255	2040000	4342	NA
p044v2	126	Response	100	2064541	18718	1
p044v2	127	Pulse	255	2070000	5345	NA
p044v2	129	Pulse	255	2100000	4847	NA
p044v2	130	Response	101	2112221	6903	1
p044v2	132	Pulse	255	2130000	7350	NA
p044v2	134	Pulse	255	2160000	7019	NA
p044v2	134	Response	101	2170301	17320	1
p044v2	136	Pulse	255	2190000	9188	NA
p044v2	138	Response	101	2219501	8358	1
p044v2	139	Pulse	255	2220000	358	NA
p044v2	140	Pulse	255	2250000	20026	NA
p044v2	142	Response	101	2267901	7596	1
p044v2	144	Pulse	255	2280000	1697	NA
p044v2	146	Pulse	255	2310000	1366	NA
p044v2	146	Response	100	2315099	6465	1
p044v2	148	Pulse	255	2340000	14367	NA
p044v2	150	Response	101	2363980	8017	1
p044v2	151	Pulse	255	2370000	5871	NA
p044v2	153	Pulse	255	2400000	5373	NA
p044v2	154	Response	101	2410061	5268	1
p044v2	156	Pulse	255	2430000	9542	NA
p044v2	158	Pulse	255	2460000	9212	NA
p044v2	158	Response	101	2469741	18952	1
p044v2	160	Pulse	255	2490000	9881	NA
p044v2	162	Pulse	255	2520000	9550	NA
p044v2	162	Response	100	2522221	11771	1
p044v2	164	Pulse	255	2550000	17385	NA
p044v2	166	Pulse	255	2580000	17055	NA
p044v2	166	Response	100	2588060	25115	1
p044v2	168	Pulse	255	2610000	11558	NA
p044v2	170	Pulse	255	2640000	11227	NA
p044v2	170	Response	101	2650221	21448	1
p044v2	172	Pulse	255	2670000	9396	NA
p044v2	174	Response	101	2695981	5046	1
p044v2	175	Pulse	255	2700000	3900	NA
p044v2	177	Pulse	255	2730000	3402	NA
p044v2	178	Response	101	2744300	7370	1
p044v2	180	Pulse	255	2760000	5238	NA
p044v2	182	Pulse	255	2790000	4907	NA
p044v2	182	Response	100	2802541	17448	1
p044v2	184	Pulse	255	2820000	7076	NA
p044v2	186	Pulse	255	2850000	6746	NA
p044v2	186	Response	101	2867100	23846	1
p044v2	188	Pulse	255	2880000	2415	NA
p044v2	190	Pulse	255	2910000	2085	NA
p044v2	190	Response	101	2922460	14545	1
p044v2	192	Pulse	255	2940000	7087	NA
p044v2	194	Pulse	255	2970000	6756	NA
p044v2	194	Response	101	2976300	13056	1
p044v2	196	Pulse	255	3000000	13258	NA
p044v2	198	Response	100	3023899	6827	1
p044v2	199	Pulse	255	3030000	5928	NA
p044v2	201	Pulse	255	3060000	5431	NA
p044v2	202	Response	100	3074780	9878	1
p044v2	204	Pulse	255	3090000	4767	NA
p044v2	206	Pulse	255	3120000	4436	NA
p044v2	206	Response	101	3123420	7856	1
p044v2	208	Pulse	255	3150000	16104	NA
p044v2	210	Pulse	255	3180000	15773	NA
p044v2	210	Response	100	3184300	20074	1
p044v2	212	Pulse	255	3210000	15276	NA
p044v2	214	Pulse	255	3240000	14945	NA
p044v2	214	Response	101	3242298	17243	1
p044v2	216	Pulse	255	3270000	17281	NA
p044v2	218	Response	100	3294459	11243	1
p044v2	219	Pulse	255	3300000	5451	NA
p044v2	221	Pulse	255	3330000	4954	NA
p044v2	222	Response	101	3343740	8528	1
p044v2	224	Pulse	255	3360000	5790	NA
p044v2	226	Pulse	255	3390000	5293	NA
p044v2	226	Response	100	3401659	16951	1
p044v2	228	Pulse	255	3420000	7962	NA
p044v2	230	Pulse	255	3450000	7631	NA
p044v2	230	Response	100	3453099	10730	1
p044v2	232	Pulse	255	3480000	16466	NA
p044v2	234	Pulse	255	3510000	16135	NA
p044v2	234	Response	100	3527980	34115	1
p044v2	236	Pulse	255	3540000	1639	NA
p044v2	238	Pulse	255	3570000	1308	NA
p044v2	238	Response	100	3585499	16808	1
p044v2	240	Pulse	255	3600000	3977	NA
p044v2	242	Picture	instruct_trial	3626353	0	1	20832	1	0	next	other	0
p044v2	242	Pulse	255	3630000	3647	NA
p044v2	242	Response	101	3647100	20746	1
p044v2	243	Pulse	255	3660000	12649	NA
p044v2	243	Response	101	3668299	20948	1
p044v2	245	Pulse	255	3690000	11318	NA
p044v2	247	Pulse	255	3720000	10821	NA
p044v2	247	Response	101	3722779	13600	1
p044v2	249	Pulse	255	3750000	16823	NA
p044v2	251	Response	100	3778300	14792	1
p044v2	252	Pulse	255	3780000	1493	NA
p044v2	254	Pulse	255	3810000	996	NA
p044v2	255	Response	101	3832460	13290	1
p044v2	256	Pulse	255	3840000	7331	NA
p044v2	258	Pulse	255	3870000	6834	NA
p044v2	259	Response	100	3891980	18481	1
p044v2	260	Pulse	255	3900000	7836	NA
p044v2	262	Pulse	255	3930000	7339	NA
p044v2	263	Response	101	3949739	16912	1
p044v2	264	Pulse	255	3960000	10175	NA
p044v2	266	Pulse	255	3990000	9677	NA
p044v2	267	Response	100	3998699	8211	1
p044v2	269	Pulse	255	4020000	10847	NA
p044v2	271	Pulse	255	4050000	10516	NA
p044v2	271	Response	100	4066540	27056	1
p044v2	273	Pulse	255	4080000	3019	NA
p044v2	275	Pulse	255	4110000	2522	NA
p044v2	275	Response	100	4123658	16180	1
p044v2	277	Pulse	255	4140000	5857	NA
p044v2	279	Pulse	255	4170000	5527	NA
p044v2	279	Response	101	4177819	13345	1
p044v2	281	Pulse	255	4200000	11695	NA
p044v2	283	Pulse	255	4230000	11365	NA
p044v2	283	Response	101	4232619	13984	1
p044v2	285	Pulse	255	4260000	16867	NA
p044v2	287	Pulse	255	4290000	16536	NA
p044v2	287	Response	100	4296138	22674	1
p044v2	289	Pulse	255	4320000	13372	NA
p044v2	291	Pulse	255	4350000	13042	NA
p044v2	291	Response	100	4361420	24461	1
p044v2	293	Pulse	255	4380000	8045	NA
p044v2	295	Pulse	255	4410000	7714	NA
p044v2	295	Response	101	4410379	8093	1
p044v2	297	Pulse	255	4440000	19216	NA
p044v2	299	Response	100	4458778	7663	1
p044v2	301	Pulse	255	4470000	720	NA
p044v2	303	Pulse	255	4500000	389	NA
p044v2	303	Pulse	255	4530000	30389	NA
p044v2	303	Response	101	4530779	31168	1
p044v2	305	Pulse	255	4560000	18726	NA
p044v2	307	Response	100	4578059	6454	1
p044v2	309	Pulse	255	4590000	1563	NA
p044v2	311	Pulse	255	4620000	1233	NA
p044v2	311	Pulse	255	4650000	31233	NA
p044v2	311	Response	101	4658699	39932	1
p044v2	313	Pulse	255	4680000	10904	NA
p044v2	315	Pulse	255	4710000	10573	NA
p044v2	315	Response	101	4711177	11750	1
p044v2	317	Pulse	255	4740000	18408	NA
p044v2	319	Pulse	255	4770000	18078	NA
p044v2	319	Response	101	4779098	27176	1
p044v2	321	Pulse	255	4800000	10414	NA
p044v2	323	Response	101	4828858	8942	1
p044v2	324	Pulse	255	4830000	1084	NA
p044v2	326	Pulse	255	4860000	587	NA
p044v2	327	Pulse	255	4890000	20421	NA
p044v2	327	Response	100	4905339	35760	1
p044v2	329	Pulse	255	4920000	4258	NA
p044v2	331	Pulse	255	4950000	3928	NA
p044v2	331	Response	100	4954299	8226	1
p044v2	333	Pulse	255	4980000	15263	NA
p044v2	335	Response	100	5002699	7464	1
p044v2	336	Pulse	255	5010000	7099	NA
p044v2	338	Pulse	255	5040000	6602	NA
p044v2	339	Response	100	5066779	23215	1
p044v2	340	Pulse	255	5070000	3105	NA
p044v2	342	Pulse	255	5100000	2607	NA
p044v2	343	Response	101	5124378	16820	1
p044v2	344	Pulse	255	5130000	5443	NA
p044v2	346	Pulse	255	5160000	4946	NA
p044v2	347	Response	101	5175256	10036	1
p044v2	349	Pulse	255	5190000	4282	NA
p044v2	351	Pulse	255	5220000	3951	NA
p044v2	351	Response	101	5249418	33369	1
p044v2	352	Pulse	255	5250000	454	NA
p044v2	353	Pulse	255	5280000	20122	NA
p044v2	355	Pulse	255	5310000	19791	NA
p044v2	355	Response	100	5314457	24248	1
p044v2	357	Pulse	255	5340000	15127	NA
p044v2	359	Pulse	255	5370000	14796	NA
p044v2	359	Response	101	5376138	20934	1
p044v2	361	Pulse	255	5400000	13466	NA
p044v2	363	Response	101	5428617	11752	1
p044v2	364	Pulse	255	5430000	1303	NA
p044v2	366	Pulse	255	5460000	805	NA
p044v2	367	Response	101	5478698	9171	1
p044v2	369	Pulse	255	5490000	808	NA
p044v2	371	Pulse	255	5520000	477	NA
p044v2	371	Response	100	5543178	23655	1
p044v2	372	Pulse	255	5550000	6646	NA
p044v2	374	Pulse	255	5580000	6149	NA
p044v2	375	Pulse	255	5610000	25983	NA
p044v2	375	Response	100	5619018	35001	1
p044v2	377	Pulse	255	5640000	10487	NA
p044v2	379	Response	101	5668538	8528	1
p044v2	380	Pulse	255	5670000	1324	NA
p044v2	382	Pulse	255	5700000	826	NA
p044v2	383	Pulse	255	5730000	20660	NA
p044v2	383	Response	101	5748221	38881	1
p044v2	385	Pulse	255	5760000	1331	NA
p044v2	387	Pulse	255	5790000	1001	NA
p044v2	387	Response	101	5796858	7858	1
p044v2	389	Pulse	255	5820000	12669	NA
p044v2	391	Pulse	255	5850000	12338	NA
p044v2	391	Response	101	5866378	28716	1
p044v2	393	Pulse	255	5880000	3175	NA
p044v2	395	Pulse	255	5910000	2844	NA
p044v2	395	Response	100	5928057	20902	1
p044v2	397	Pulse	255	5940000	1514	NA
p044v2	399	Pulse	255	5970000	1183	NA
p044v2	399	Response	100	5997738	28921	1
p044v2	400	Pulse	255	6000000	2185	NA
p044v2	402	Pulse	255	6030000	1688	NA
p044v2	403	Pulse	255	6060000	21522	NA
p044v2	403	Response	100	6079897	41419	1
p044v2	404	Pulse	255	6090000	10026	NA
p044v2	406	Pulse	255	6120000	9529	NA
p044v2	407	Response	101	6137098	16461	1
p044v2	409	Pulse	255	6150000	2365	NA
p044v2	411	Pulse	255	6180000	2034	NA
p044v2	411	Pulse	255	6210000	32034	NA
p044v2	411	Response	100	6227817	49852	1
p044v2	413	Pulse	255	6240000	1706	NA
p044v2	415	Pulse	255	6270000	1376	NA
p044v2	415	Response	100	6280618	11993	1
p044v2	417	Pulse	255	6300000	8878	NA
p044v2	419	Pulse	255	6330000	8380	NA
p044v2	419	Response	100	6333097	11477	1
p044v2	421	Pulse	255	6360000	16382	NA
p044v2	423	Pulse	255	6390000	16051	NA
p044v2	423	Pulse	255	6420000	46051	NA
p044v2	423	Response	101	6445978	72029	1
p044v2	424	Pulse	255	6450000	3891	NA
p044v2	426	Pulse	255	6480000	3394	NA
p044v2	427	Response	101	6496697	9925	1
p044v2	429	Pulse	255	6510000	2896	NA
p044v2	431	Pulse	255	6540000	2566	NA
p044v2	431	Response	100	6547258	9823	1
p044v2	433	Pulse	255	6570000	12234	NA
p044v2	435	Pulse	255	6600000	11903	NA
p044v2	435	Response	100	6622458	34361	1
p044v2	436	Pulse	255	6630000	7406	NA
p044v2	438	Pulse	255	6660000	6909	NA
p044v2	439	Pulse	255	6690000	26743	NA
p044v2	439	Response	100	6705177	41920	1
p044v2	441	Pulse	255	6720000	4414	NA
p044v2	443	Pulse	255	6750000	4084	NA
p044v2	443	Response	101	6754377	8461	1
p044v2	445	Pulse	255	6780000	15085	NA
p044v2	447	Response	100	6805257	10011	1
p044v2	448	Pulse	255	6810000	4589	NA
p044v2	450	Pulse	255	6840000	4091	NA
p044v2	451	Pulse	255	6870000	23926	NA
p044v2	451	Response	101	6875657	29583	1
p044v2	453	Pulse	255	6900000	13929	NA
p044v2	455	Pulse	255	6930000	13598	NA
p044v2	455	Response	101	6953977	37575	1
p044v2	456	Pulse	255	6960000	5935	NA
p044v2	458	Pulse	255	6990000	5438	NA
p044v2	459	Response	101	7003336	8608	1
p044v2	461	Pulse	255	7020000	6273	NA
p044v2	463	Pulse	255	7050000	5943	NA
p044v2	463	Pulse	255	7080000	35943	NA
p044v2	463	Response	100	7100856	56799	1
p044v2	464	Pulse	255	7110000	8948	NA
p044v2	466	Pulse	255	7140000	8450	NA
p044v2	467	Response	101	7164857	23141	1
p044v2	468	Pulse	255	7170000	4953	NA
p044v2	470	Pulse	255	7200000	4456	NA
p044v2	471	Response	101	7216057	10347	1
p044v2	473	Pulse	255	7230000	3459	NA
p044v2	475	Pulse	255	7260000	3128	NA
p044v2	475	Response	100	7272376	15504	1
p044v2	477	Pulse	255	7290000	7130	NA
p044v2	479	Pulse	255	7320000	6799	NA
p044v2	479	Response	100	7335176	21975	1
p044v2	481	Pulse	255	7350000	4302	NA
p044v2	483	Picture	instruct_trial	7376195	0	1	15332	1	0	next	other	0
p044v2	483	Pulse	255	7380000	3805	NA
p044v2	483	Response	101	7391416	15221	1
p044v2	484	Pulse	255	7410000	18306	NA
p044v2	484	Response	100	7431176	39482	1
p044v2	485	Pulse	255	7440000	8643	NA
p044v2	487	Pulse	255	7470000	8146	NA
p044v2	488	Response	100	7499097	26910	1
p044v2	489	Pulse	255	7500000	815	NA
p044v2	491	Pulse	255	7530000	318	NA
p044v2	492	Response	100	7549017	9169	1
p044v2	494	Pulse	255	7560000	487	NA
p044v2	496	Pulse	255	7590000	157	NA
p044v2	496	Response	101	7604296	14452	1
p044v2	498	Pulse	255	7620000	5325	NA
p044v2	500	Pulse	255	7650000	4828	NA
p044v2	500	Response	101	7656777	11606	1
p044v2	502	Pulse	255	7680000	12830	NA
p044v2	504	Pulse	255	7710000	12499	NA
p044v2	504	Response	100	7715576	18075	1
p044v2	506	Pulse	255	7740000	14002	NA
p044v2	508	Pulse	255	7770000	13671	NA
p044v2	508	Response	101	7775656	19327	1
p044v2	510	Pulse	255	7800000	13840	NA
p044v2	512	Pulse	255	7830000	13510	NA
p044v2	512	Pulse	255	7860000	43510	NA
p044v2	512	Response	100	7881496	65005	1
p044v2	513	Pulse	255	7890000	8349	NA
p044v2	515	Pulse	255	7920000	7851	NA
p044v2	516	Response	101	7938696	16382	1
p044v2	518	Pulse	255	7950000	854	NA
p044v2	520	Pulse	255	7980000	524	NA
p044v2	520	Response	100	7995256	15780	1
p044v2	522	Pulse	255	8010000	4359	NA
p044v2	524	Pulse	255	8040000	4029	NA
p044v2	524	Response	101	8061976	26004	1
p044v2	525	Pulse	255	8070000	7864	NA
p044v2	527	Pulse	255	8100000	7367	NA
p044v2	528	Response	101	8115496	12697	1
p044v2	530	Pulse	255	8130000	4036	NA
p044v2	532	Pulse	255	8160000	3706	NA
p044v2	532	Response	100	8172216	15921	1
p044v2	534	Pulse	255	8190000	7375	NA
p044v2	536	Pulse	255	8220000	7044	NA
p044v2	536	Response	100	8241656	28700	1
p044v2	537	Pulse	255	8250000	8213	NA
p044v2	539	Pulse	255	8280000	7716	NA
p044v2	540	Pulse	255	8310000	27550	NA
p044v2	540	Pulse	255	8340000	57550	NA
p044v2	540	Response	100	8363655	81205	1
p044v2	541	Pulse	255	8370000	6224	NA
p044v2	543	Pulse	255	8400000	5726	NA
p044v2	544	Response	101	8417016	12576	1
p044v2	546	Pulse	255	8430000	2563	NA
p044v2	548	Pulse	255	8460000	2065	NA
p044v2	548	Response	100	8476216	18281	1
p044v2	550	Pulse	255	8490000	3401	NA
p044v2	552	Pulse	255	8520000	3070	NA
p044v2	552	Response	100	8525976	9046	1
p044v2	554	Pulse	255	8550000	13572	NA
p044v2	556	Pulse	255	8580000	13075	NA
p044v2	556	Response	101	8591575	24650	1
p044v2	558	Pulse	255	8610000	7911	NA
p044v2	560	Pulse	255	8640000	7580	NA
p044v2	560	Response	100	8640216	7796	1
p044v2	562	Pulse	255	8670000	19249	NA
p044v2	564	Response	100	8690536	9453	1
p044v2	565	Pulse	255	8700000	9419	NA
p044v2	567	Pulse	255	8730000	8921	NA
p044v2	568	Response	101	8739655	8411	1
p044v2	570	Pulse	255	8760000	9924	NA
p044v2	572	Pulse	255	8790000	9593	NA
p044v2	572	Response	100	8799815	19408	1
p044v2	574	Pulse	255	8820000	9762	NA
p044v2	576	Pulse	255	8850000	9432	NA
p044v2	576	Response	100	8854936	14367	1
p044v2	578	Pulse	255	8880000	14600	NA
p044v2	580	Pulse	255	8910000	14270	NA
p044v2	580	Response	101	8935415	39685	1
p044v2	581	Pulse	255	8940000	4440	NA
p044v2	583	Pulse	255	8970000	3943	NA
p044v2	584	Response	100	8992295	16072	1
p044v2	585	Pulse	255	9000000	7611	NA
p044v2	587	Pulse	255	9030000	7114	NA
p044v2	588	Response	100	9059255	26203	1
p044v2	589	Pulse	255	9060000	617	NA
p044v2	591	Pulse	255	9090000	120	NA
p044v2	592	Response	101	9113655	13609	1
p044v2	593	Pulse	255	9120000	6289	NA
p044v2	595	Pulse	255	9150000	5791	NA
p044v2	596	Response	101	9179655	25281	1
p044v2	597	Pulse	255	9180000	294	NA
p044v2	598	Pulse	255	9210000	19962	NA
p044v2	600	Response	100	9235334	14965	1
p044v2	601	Pulse	255	9240000	4466	NA
p044v2	603	Pulse	255	9270000	3968	NA
p044v2	604	Pulse	255	9300000	23803	NA
p044v2	604	Response	101	9312295	36097	1
p044v2	606	Pulse	255	9330000	7307	NA
p044v2	608	Pulse	255	9360000	6809	NA
p044v2	608	Response	101	9374055	20865	1
p044v2	610	Pulse	255	9390000	5479	NA
p044v2	612	Pulse	255	9420000	5148	NA
p044v2	612	Response	100	9423015	8163	1
p044v2	614	Pulse	255	9450000	16483	NA
p044v2	616	Response	101	9472135	8287	1
p044v2	617	Pulse	255	9480000	7820	NA
p044v2	619	Pulse	255	9510000	7322	NA
p044v2	620	Response	100	9539415	26572	1
p044v2	621	Pulse	255	9540000	492	NA
p044v2	622	Pulse	255	9570000	20160	NA
p044v2	624	Response	100	9588534	8363	1
p044v2	626	Pulse	255	9600000	997	NA
p044v2	628	Pulse	255	9630000	667	NA
p044v2	628	Response	100	9647334	18001	1
p044v2	630	Pulse	255	9660000	2169	NA
p044v2	632	Pulse	255	9690000	1838	NA
p044v2	632	Response	101	9694775	6613	1
p044v2	634	Pulse	255	9720000	14840	NA
p044v2	636	Response	100	9747414	11923	1
p044v2	637	Pulse	255	9750000	2510	NA
p044v2	639	Pulse	255	9780000	2013	NA
p044v2	640	Response	101	9795335	7182	1
p044v2	642	Pulse	255	9810000	4182	NA
p044v2	644	Pulse	255	9840000	3851	NA
p044v2	644	Response	100	9843655	7506	1
p044v2	646	Pulse	255	9870000	15853	NA
p044v2	648	Pulse	255	9900000	15522	NA
p044v2	648	Response	100	9901254	16777	1
p044v2	650	Pulse	255	9930000	18358	NA
p044v2	652	Response	101	9948934	6961	1
p044v2	654	Pulse	255	9960000	529	NA
p044v2	656	Pulse	255	9990000	198	NA
p044v2	656	Response	101	10004054	14252	1
p044v2	658	Pulse	255	10020000	5533	NA
p044v2	660	Pulse	255	10050000	5036	NA
p044v2	660	Response	101	10068934	23970	1
p044v2	662	Pulse	255	10080000	539	NA
p044v2	664	Pulse	255	10110000	208	NA
p044v2	664	Response	101	10117494	7702	1
p044v2	666	Pulse	255	10140000	12043	NA
p044v2	668	Pulse	255	10170000	11712	NA
p044v2	668	Response	100	10178374	20087	1
p044v2	670	Pulse	255	10200000	11215	NA
p044v2	672	Pulse	255	10230000	10884	NA
p044v2	672	Response	100	10239574	20458	1
p044v2	674	Pulse	255	10260000	9887	NA
p044v2	676	Response	100	10287174	6730	1
p044v2	677	Pulse	255	10290000	2724	NA
p044v2	679	Pulse	255	10320000	2226	NA
p044v2	680	Response	101	10335654	7714	1
p044v2	682	Pulse	255	10350000	3895	NA
p044v2	684	Pulse	255	10380000	3565	NA
p044v2	684	Response	100	10393254	16819	1
p044v2	686	Pulse	255	10410000	6234	NA
p044v2	688	Pulse	255	10440000	5903	NA
p044v2	688	Response	101	10446373	12276	1
p044v2	690	Pulse	255	10470000	13238	NA
p044v2	692	Response	100	10496534	9442	1
p044v2	693	Pulse	255	10500000	3408	NA
p044v2	695	Pulse	255	10530000	2911	NA
p044v2	696	Response	100	10545094	7672	1
p044v2	698	Pulse	255	10560000	4413	NA
p044v2	700	Pulse	255	10590000	4083	NA
p044v2	700	Response	100	10611095	25177	1
p044v2	701	Pulse	255	10620000	8752	NA
p044v2	703	Pulse	255	10650000	8254	NA
p044v2	704	Response	101	10660134	8222	1
p044v2	706	Pulse	255	10680000	9423	NA
p044v2	708	Response	100	10707894	6986	1
p044v2	709	Pulse	255	10710000	1927	NA
p044v2	711	Pulse	255	10740000	1429	NA
p044v2	712	Response	100	10768614	19878	1
p044v2	713	Pulse	255	10770000	1265	NA
p044v2	715	Pulse	255	10800000	768	NA
p044v2	716	Response	100	10825654	16256	1
p044v2	717	Pulse	255	10830000	4270	NA
p044v2	719	Pulse	255	10860000	3773	NA
p044v2	720	Response	101	10874693	8300	1
p044v2	722	Pulse	255	10890000	4775	NA
p044v2	724	Picture	instruct_trial	10915555	0	1	40163	1	0	next	other	0
p044v2	724	Pulse	255	10920000	4445	NA
p044v2	724	Pulse	255	10950000	34445	NA
