Scenario - learning_JJ_english
Logfile written - 05/30/2022 12:30:43

Subject	Trial	Event Type	Code	Time	TTime	Uncertainty	Duration	Uncertainty	ReqTime	ReqDur	Stim Type	Pair Index

P045v2	0	Pulse	255	0	0	NA
P045v2	1	Picture	instruct_trial	10666	0	1	418130	1	0	next	other	0
P045v2	1	Pulse	255	30000	19334	NA
P045v2	1	Pulse	255	60000	49334	NA
P045v2	1	Pulse	255	90000	79334	NA
P045v2	1	Pulse	255	120000	109334	NA
P045v2	1	Pulse	255	150000	139334	NA
P045v2	1	Pulse	255	180000	169334	NA
P045v2	1	Pulse	255	210000	199334	NA
P045v2	1	Pulse	255	240000	229334	NA
P045v2	1	Pulse	255	270000	259334	NA
P045v2	1	Pulse	255	300000	289334	NA
P045v2	1	Pulse	255	330000	319334	NA
P045v2	1	Pulse	255	360000	349334	NA
P045v2	1	Pulse	255	390000	379334	NA
P045v2	1	Pulse	255	420000	409334	NA
P045v2	1	Response	101	428528	417861	1
P045v2	1	Pulse	255	450000	439334	NA
P045v2	2	Pulse	255	480000	29538	NA
P045v2	2	Response	101	480289	29827	1
P045v2	4	Pulse	255	510000	19209	NA
P045v2	6	Response	100	533569	12281	1
P045v2	7	Pulse	255	540000	6379	NA
P045v2	9	Pulse	255	570000	5882	NA
P045v2	10	Response	101	583249	8965	1
P045v2	12	Pulse	255	600000	6217	NA
P045v2	14	Pulse	255	630000	5887	NA
P045v2	14	Response	101	631249	7135	1
P045v2	16	Pulse	255	660000	18222	NA
P045v2	18	Response	101	685009	12733	1
P045v2	19	Pulse	255	690000	4892	NA
P045v2	21	Pulse	255	720000	4395	NA
P045v2	22	Response	101	731969	5865	1
P045v2	24	Pulse	255	750000	7564	NA
P045v2	26	Response	100	778609	5842	1
P045v2	27	Pulse	255	780000	1234	NA
P045v2	29	Pulse	255	810000	736	NA
P045v2	30	Response	100	829728	10298	1
P045v2	31	Pulse	255	840000	10071	NA
P045v2	33	Pulse	255	870000	9574	NA
P045v2	34	Response	100	877888	7296	1
P045v2	36	Pulse	255	900000	11576	NA
P045v2	38	Response	101	926768	8014	1
P045v2	39	Pulse	255	930000	3080	NA
P045v2	41	Pulse	255	960000	2582	NA
P045v2	42	Response	101	974129	6545	1
P045v2	44	Pulse	255	990000	5418	NA
P045v2	46	Pulse	255	1020000	5087	NA
P045v2	46	Response	100	1023489	8576	1
P045v2	48	Pulse	255	1050000	16089	NA
P045v2	50	Response	101	1071408	7167	1
P045v2	51	Pulse	255	1080000	8426	NA
P045v2	53	Pulse	255	1110000	7928	NA
P045v2	54	Response	101	1119089	6851	1
P045v2	56	Pulse	255	1140000	10431	NA
P045v2	58	Response	100	1164208	4141	1
P045v2	59	Pulse	255	1170000	5600	NA
P045v2	61	Pulse	255	1200000	5103	NA
P045v2	62	Response	100	1212929	7866	1
P045v2	64	Pulse	255	1230000	6605	NA
P045v2	66	Response	100	1259809	6083	1
P045v2	67	Pulse	255	1260000	109	NA
P045v2	68	Pulse	255	1290000	19776	NA
P045v2	70	Pulse	255	1320000	19279	NA
P045v2	70	Response	100	1325806	25084	1
P045v2	72	Pulse	255	1350000	13782	NA
P045v2	74	Response	101	1373486	6770	1
P045v2	75	Pulse	255	1380000	6452	NA
P045v2	77	Pulse	255	1410000	5954	NA
P045v2	78	Response	101	1422605	8394	1
P045v2	80	Pulse	255	1440000	6957	NA
P045v2	82	Pulse	255	1470000	6459	NA
P045v2	82	Response	101	1470605	7065	1
P045v2	84	Pulse	255	1500000	18961	NA
P045v2	86	Response	100	1519567	8030	1
P045v2	87	Pulse	255	1530000	10298	NA
P045v2	89	Pulse	255	1560000	9800	NA
P045v2	90	Response	100	1567726	7194	1
P045v2	92	Pulse	255	1590000	11803	NA
P045v2	94	Response	100	1614846	6152	1
P045v2	95	Pulse	255	1620000	4973	NA
P045v2	97	Pulse	255	1650000	4475	NA
P045v2	98	Response	100	1663405	7548	1
P045v2	100	Pulse	255	1680000	6144	NA
P045v2	102	Pulse	255	1710000	5814	NA
P045v2	102	Response	101	1711245	7059	1
P045v2	104	Pulse	255	1740000	18315	NA
P045v2	106	Response	101	1758525	6343	1
P045v2	108	Pulse	255	1770000	986	NA
P045v2	110	Pulse	255	1800000	655	NA
P045v2	110	Response	100	1804609	5264	1
P045v2	112	Pulse	255	1830000	14990	NA
P045v2	114	Response	100	1850525	5018	1
P045v2	115	Pulse	255	1860000	9326	NA
P045v2	117	Pulse	255	1890000	8829	NA
P045v2	118	Response	101	1895805	4468	1
P045v2	120	Pulse	255	1920000	13664	NA
P045v2	122	Response	101	1942366	5534	1
P045v2	123	Pulse	255	1950000	7501	NA
P045v2	125	Pulse	255	1980000	7004	NA
P045v2	126	Response	101	1989165	5836	1
P045v2	128	Pulse	255	2010000	10339	NA
P045v2	130	Response	101	2037085	7094	1
P045v2	131	Pulse	255	2040000	2842	NA
P045v2	133	Pulse	255	2070000	2345	NA
P045v2	134	Response	100	2084368	6547	1
P045v2	136	Pulse	255	2100000	5181	NA
P045v2	138	Pulse	255	2130000	4850	NA
P045v2	138	Response	100	2131888	6738	1
P045v2	140	Pulse	255	2160000	17685	NA
P045v2	142	Response	101	2179087	6441	1
P045v2	144	Pulse	255	2190000	522	NA
P045v2	146	Pulse	255	2220000	192	NA
P045v2	146	Response	101	2225168	5359	1
P045v2	148	Pulse	255	2250000	14360	NA
P045v2	150	Response	100	2272288	6150	1
P045v2	151	Pulse	255	2280000	7530	NA
P045v2	153	Pulse	255	2310000	7032	NA
P045v2	154	Response	100	2317727	4593	1
P045v2	156	Pulse	255	2340000	11868	NA
P045v2	158	Pulse	255	2370000	11537	NA
P045v2	158	Response	100	2371408	12944	1
P045v2	160	Pulse	255	2400000	18206	NA
P045v2	162	Response	101	2417647	5522	1
P045v2	164	Pulse	255	2430000	1876	NA
P045v2	166	Pulse	255	2460000	1379	NA
P045v2	166	Response	101	2464927	6306	1
P045v2	168	Pulse	255	2490000	14547	NA
P045v2	170	Response	100	2511567	5783	1
P045v2	171	Pulse	255	2520000	8384	NA
P045v2	173	Pulse	255	2550000	7886	NA
P045v2	174	Response	100	2556927	4648	1
P045v2	176	Pulse	255	2580000	12555	NA
P045v2	178	Response	100	2602527	4585	1
P045v2	179	Pulse	255	2610000	7391	NA
P045v2	181	Pulse	255	2640000	6894	NA
P045v2	182	Response	100	2650367	7096	1
P045v2	184	Pulse	255	2670000	9230	NA
P045v2	186	Response	101	2695407	4306	1
P045v2	187	Pulse	255	2700000	4399	NA
P045v2	189	Pulse	255	2730000	3902	NA
P045v2	190	Response	100	2741807	5377	1
P045v2	192	Pulse	255	2760000	7738	NA
P045v2	194	Response	101	2789167	6574	1
P045v2	195	Pulse	255	2790000	741	NA
P045v2	197	Pulse	255	2820000	244	NA
P045v2	198	Response	100	2835407	5318	1
P045v2	200	Pulse	255	2850000	4079	NA
P045v2	202	Pulse	255	2880000	3582	NA
P045v2	202	Response	101	2880526	4108	1
P045v2	204	Pulse	255	2910000	19083	NA
P045v2	206	Response	100	2925966	4719	1
P045v2	208	Pulse	255	2940000	3587	NA
P045v2	210	Pulse	255	2970000	3256	NA
P045v2	210	Response	101	2972927	6183	1
P045v2	212	Pulse	255	3000000	16591	NA
P045v2	214	Response	101	3022607	8701	1
P045v2	215	Pulse	255	3030000	7261	NA
P045v2	217	Pulse	255	3060000	6764	NA
P045v2	218	Response	101	3073407	10005	1
P045v2	220	Pulse	255	3090000	6100	NA
P045v2	222	Response	100	3119807	5576	1
P045v2	223	Pulse	255	3120000	103	NA
P045v2	224	Pulse	255	3150000	19770	NA
P045v2	226	Response	101	3166287	5726	1
P045v2	228	Pulse	255	3180000	3275	NA
P045v2	230	Pulse	255	3210000	2944	NA
P045v2	230	Response	101	3212608	5551	1
P045v2	232	Pulse	255	3240000	16945	NA
P045v2	234	Response	100	3258126	4741	1
P045v2	236	Pulse	255	3270000	1449	NA
P045v2	238	Pulse	255	3300000	1118	NA
P045v2	238	Response	100	3304847	5966	1
P045v2	240	Pulse	255	3330000	14620	NA
P045v2	242	Picture	instruct_trial	3345878	0	1	90492	1	0	next	other	0
P045v2	242	Pulse	255	3360000	14122	NA
P045v2	242	Pulse	255	3390000	44122	NA
P045v2	242	Pulse	255	3420000	74122	NA
P045v2	242	Response	101	3436286	90409	1
P045v2	243	Pulse	255	3450000	13464	NA
P045v2	243	Response	101	3468526	31989	1
P045v2	245	Pulse	255	3480000	967	NA
P045v2	247	Pulse	255	3510000	470	NA
P045v2	247	Response	100	3538847	29317	1
P045v2	248	Pulse	255	3540000	973	NA
P045v2	250	Pulse	255	3570000	475	NA
P045v2	251	Response	101	3592526	12835	1
P045v2	252	Pulse	255	3600000	7311	NA
P045v2	254	Pulse	255	3630000	6813	NA
P045v2	255	Response	100	3653007	19654	1
P045v2	256	Pulse	255	3660000	6816	NA
P045v2	258	Pulse	255	3690000	6318	NA
P045v2	259	Response	100	3703406	9392	1
P045v2	261	Pulse	255	3720000	6154	NA
P045v2	263	Pulse	255	3750000	5824	NA
P045v2	263	Response	101	3750526	6350	1
P045v2	265	Pulse	255	3780000	18992	NA
P045v2	267	Response	101	3802846	11507	1
P045v2	268	Pulse	255	3810000	6995	NA
P045v2	270	Pulse	255	3840000	6498	NA
P045v2	271	Response	100	3854445	10778	1
P045v2	273	Pulse	255	3870000	5167	NA
P045v2	275	Pulse	255	3900000	4670	NA
P045v2	275	Response	100	3901886	6557	1
P045v2	277	Pulse	255	3930000	17672	NA
P045v2	279	Response	101	3953566	10906	1
P045v2	280	Pulse	255	3960000	6342	NA
P045v2	282	Pulse	255	3990000	5844	NA
P045v2	283	Response	101	4001167	6845	1
P045v2	285	Pulse	255	4020000	8347	NA
P045v2	287	Pulse	255	4050000	8016	NA
P045v2	287	Response	100	4050766	8782	1
P045v2	289	Pulse	255	4080000	18851	NA
P045v2	291	Response	101	4101086	9439	1
P045v2	292	Pulse	255	4110000	8855	NA
P045v2	294	Pulse	255	4140000	8357	NA
P045v2	295	Response	101	4150205	8396	1
P045v2	297	Pulse	255	4170000	9360	NA
P045v2	299	Response	100	4199406	8435	1
P045v2	300	Pulse	255	4200000	530	NA
P045v2	302	Pulse	255	4230000	32	NA
P045v2	303	Response	100	4248845	8712	1
P045v2	305	Pulse	255	4260000	702	NA
P045v2	307	Pulse	255	4290000	371	NA
P045v2	307	Response	100	4296766	7137	1
P045v2	309	Pulse	255	4320000	12706	NA
P045v2	311	Response	101	4347408	9783	1
P045v2	312	Pulse	255	4350000	2543	NA
P045v2	314	Pulse	255	4380000	2045	NA
P045v2	315	Response	101	4393726	5439	1
P045v2	317	Pulse	255	4410000	5881	NA
P045v2	319	Pulse	255	4440000	5383	NA
P045v2	319	Response	101	4442046	7429	1
P045v2	321	Pulse	255	4470000	17552	NA
P045v2	323	Response	101	4489645	6866	1
P045v2	324	Pulse	255	4500000	10222	NA
P045v2	326	Pulse	255	4530000	9724	NA
P045v2	327	Response	100	4537403	6962	1
P045v2	329	Pulse	255	4560000	12060	NA
P045v2	331	Response	100	4587726	9455	1
P045v2	332	Pulse	255	4590000	2230	NA
P045v2	334	Pulse	255	4620000	1733	NA
P045v2	335	Response	100	4635326	6726	1
P045v2	337	Pulse	255	4650000	4235	NA
P045v2	339	Pulse	255	4680000	3904	NA
P045v2	339	Response	100	4683326	7230	1
P045v2	341	Pulse	255	4710000	16239	NA
P045v2	343	Response	101	4731726	7634	1
P045v2	344	Pulse	255	4740000	8076	NA
P045v2	346	Pulse	255	4770000	7578	NA
P045v2	347	Response	101	4778445	5857	1
P045v2	349	Pulse	255	4800000	11081	NA
P045v2	351	Response	100	4825886	6636	1
P045v2	352	Pulse	255	4830000	3917	NA
P045v2	354	Pulse	255	4860000	3420	NA
P045v2	355	Response	100	4871726	4980	1
P045v2	357	Pulse	255	4890000	7756	NA
P045v2	359	Response	101	4919086	6511	1
P045v2	360	Pulse	255	4920000	759	NA
P045v2	362	Pulse	255	4950000	261	NA
P045v2	363	Response	101	4967564	7660	1
P045v2	365	Pulse	255	4980000	1931	NA
P045v2	367	Pulse	255	5010000	1433	NA
P045v2	367	Response	101	5014526	5959	1
P045v2	369	Pulse	255	5040000	14935	NA
P045v2	371	Response	101	5062845	7449	1
P045v2	372	Pulse	255	5070000	7105	NA
P045v2	374	Pulse	255	5100000	6607	NA
P045v2	375	Response	100	5111964	8405	1
P045v2	377	Pulse	255	5130000	7610	NA
P045v2	379	Response	100	5158364	5643	1
P045v2	380	Pulse	255	5160000	1446	NA
P045v2	382	Pulse	255	5190000	949	NA
P045v2	383	Response	101	5207005	7621	1
P045v2	385	Pulse	255	5220000	2618	NA
P045v2	387	Pulse	255	5250000	2287	NA
P045v2	387	Response	101	5257805	10092	1
P045v2	389	Pulse	255	5280000	11789	NA
P045v2	391	Response	100	5306845	8303	1
P045v2	392	Pulse	255	5310000	2959	NA
P045v2	394	Pulse	255	5340000	2462	NA
P045v2	395	Response	100	5353564	5860	1
P045v2	397	Pulse	255	5370000	5964	NA
P045v2	399	Pulse	255	5400000	5633	NA
P045v2	399	Response	100	5400844	6478	1
P045v2	401	Pulse	255	5430000	18635	NA
P045v2	403	Response	101	5448365	6669	1
P045v2	405	Pulse	255	5460000	1139	NA
P045v2	407	Pulse	255	5490000	808	NA
P045v2	407	Response	101	5493563	4371	1
P045v2	409	Pulse	255	5520000	15976	NA
P045v2	411	Response	100	5540844	6489	1
P045v2	412	Pulse	255	5550000	8979	NA
P045v2	414	Pulse	255	5580000	8482	NA
P045v2	415	Response	100	5586764	5081	1
P045v2	417	Pulse	255	5610000	12817	NA
P045v2	419	Response	100	5633724	6044	1
P045v2	420	Pulse	255	5640000	6154	NA
P045v2	422	Pulse	255	5670000	5657	NA
P045v2	423	Response	100	5680605	6096	1
P045v2	425	Pulse	255	5700000	8992	NA
P045v2	427	Response	101	5727483	6145	1
P045v2	428	Pulse	255	5730000	2329	NA
P045v2	430	Pulse	255	5760000	1831	NA
P045v2	431	Response	100	5774205	5870	1
P045v2	433	Pulse	255	5790000	5334	NA
P045v2	435	Response	101	5819164	4167	1
P045v2	436	Pulse	255	5820000	670	NA
P045v2	438	Pulse	255	5850000	173	NA
P045v2	439	Response	100	5865403	5244	1
P045v2	441	Pulse	255	5880000	4175	NA
P045v2	443	Pulse	255	5910000	3678	NA
P045v2	443	Response	101	5910525	4202	1
P045v2	445	Pulse	255	5940000	19012	NA
P045v2	447	Response	100	5955644	4325	1
P045v2	449	Pulse	255	5970000	3849	NA
P045v2	451	Pulse	255	6000000	3519	NA
P045v2	451	Response	101	6001964	5483	1
P045v2	453	Pulse	255	6030000	17520	NA
P045v2	455	Response	101	6049725	6748	1
P045v2	456	Pulse	255	6060000	10190	NA
P045v2	458	Pulse	255	6090000	9693	NA
P045v2	459	Response	101	6098685	8212	1
P045v2	461	Pulse	255	6120000	10862	NA
P045v2	463	Response	100	6144845	5376	1
P045v2	464	Pulse	255	6150000	5032	NA
P045v2	466	Pulse	255	6180000	4534	NA
P045v2	467	Response	101	6190924	5293	1
P045v2	469	Pulse	255	6210000	8536	NA
P045v2	471	Response	101	6238364	6570	1
P045v2	472	Pulse	255	6240000	1540	NA
P045v2	474	Pulse	255	6270000	1042	NA
P045v2	475	Response	100	6284284	5160	1
P045v2	477	Pulse	255	6300000	5211	NA
P045v2	479	Pulse	255	6330000	4880	NA
P045v2	479	Response	100	6331244	6125	1
P045v2	481	Pulse	255	6360000	18215	NA
P045v2	483	Picture	instruct_trial	6372282	0	1	25164	1	0	next	other	0
P045v2	483	Pulse	255	6390000	17718	NA
P045v2	483	Response	101	6397244	24962	1
P045v2	484	Pulse	255	6420000	22387	NA
P045v2	484	Response	100	6422044	24431	1
P045v2	486	Pulse	255	6450000	17556	NA
P045v2	488	Response	100	6475404	12463	1
P045v2	489	Pulse	255	6480000	4394	NA
P045v2	491	Pulse	255	6510000	3896	NA
P045v2	492	Response	101	6534444	18175	1
P045v2	493	Pulse	255	6540000	5399	NA
P045v2	495	Pulse	255	6570000	4901	NA
P045v2	496	Response	101	6588124	12860	1
P045v2	498	Pulse	255	6600000	1404	NA
P045v2	500	Pulse	255	6630000	907	NA
P045v2	500	Response	101	6640923	11830	1
P045v2	502	Pulse	255	6660000	8575	NA
P045v2	504	Response	100	6687884	5962	1
P045v2	505	Pulse	255	6690000	1912	NA
P045v2	507	Pulse	255	6720000	1415	NA
P045v2	508	Response	101	6739963	11045	1
P045v2	509	Pulse	255	6750000	9916	NA
P045v2	511	Pulse	255	6780000	9419	NA
P045v2	512	Response	100	6790850	9937	1
P045v2	514	Pulse	255	6810000	8755	NA
P045v2	516	Response	101	6838603	7027	1
P045v2	517	Pulse	255	6840000	1258	NA
P045v2	519	Pulse	255	6870000	761	NA
P045v2	520	Response	101	6888603	9032	1
P045v2	522	Pulse	255	6900000	930	NA
P045v2	524	Pulse	255	6930000	433	NA
P045v2	524	Response	100	6935724	6157	1
P045v2	526	Pulse	255	6960000	13768	NA
P045v2	528	Response	100	6986204	9474	1
P045v2	529	Pulse	255	6990000	3604	NA
P045v2	531	Pulse	255	7020000	3107	NA
P045v2	532	Response	101	7037324	10265	1
P045v2	534	Pulse	255	7050000	2276	NA
P045v2	536	Pulse	255	7080000	1946	NA
P045v2	536	Response	100	7087403	9348	1
P045v2	538	Pulse	255	7110000	12114	NA
P045v2	540	Response	101	7139004	10620	1
P045v2	541	Pulse	255	7140000	951	NA
P045v2	543	Pulse	255	7170000	454	NA
P045v2	544	Response	100	7187083	7204	1
P045v2	546	Pulse	255	7200000	2456	NA
P045v2	548	Pulse	255	7230000	2125	NA
P045v2	548	Response	101	7235883	8009	1
P045v2	550	Pulse	255	7260000	13627	NA
P045v2	552	Response	101	7282522	5818	1
P045v2	553	Pulse	255	7290000	7297	NA
P045v2	555	Pulse	255	7320000	6799	NA
P045v2	556	Response	101	7334603	11236	1
P045v2	558	Pulse	255	7350000	4969	NA
P045v2	560	Pulse	255	7380000	4471	NA
P045v2	560	Response	101	7387243	11714	1
P045v2	562	Pulse	255	7410000	12307	NA
P045v2	564	Response	100	7433243	5219	1
P045v2	565	Pulse	255	7440000	6643	NA
P045v2	567	Pulse	255	7470000	6146	NA
P045v2	568	Response	100	7485322	11302	1
P045v2	570	Pulse	255	7500000	4149	NA
P045v2	572	Pulse	255	7530000	3651	NA
P045v2	572	Response	101	7540762	14413	1
P045v2	574	Pulse	255	7560000	8820	NA
P045v2	576	Pulse	255	7590000	8323	NA
P045v2	576	Response	101	7608763	27085	1
P045v2	578	Pulse	255	7620000	826	NA
P045v2	580	Pulse	255	7650000	495	NA
P045v2	580	Response	100	7657643	8138	1
P045v2	582	Pulse	255	7680000	11830	NA
P045v2	584	Response	101	7704603	6102	1
P045v2	585	Pulse	255	7710000	5333	NA
P045v2	587	Pulse	255	7740000	4836	NA
P045v2	588	Response	100	7756922	11592	1
P045v2	590	Pulse	255	7770000	2672	NA
P045v2	592	Pulse	255	7800000	2341	NA
P045v2	592	Response	100	7806923	9264	1
P045v2	594	Pulse	255	7830000	12676	NA
P045v2	596	Response	101	7859963	12142	1
P045v2	596	Pulse	255	7860000	12179	NA
P045v2	598	Pulse	255	7890000	19514	NA
P045v2	600	Response	101	7908123	7306	1
P045v2	602	Pulse	255	7920000	1359	NA
P045v2	604	Pulse	255	7950000	1021	NA
P045v2	604	Response	100	7955723	6744	1
P045v2	606	Pulse	255	7980000	13856	NA
P045v2	608	Response	100	8004123	7481	1
P045v2	609	Pulse	255	8010000	5693	NA
P045v2	611	Pulse	255	8040000	5195	NA
P045v2	612	Response	101	8051242	6272	1
P045v2	614	Pulse	255	8070000	8364	NA
P045v2	616	Pulse	255	8100000	7867	NA
P045v2	616	Response	100	8102363	10229	1
P045v2	618	Pulse	255	8130000	17202	NA
P045v2	620	Response	101	8152682	9387	1
P045v2	621	Pulse	255	8160000	7205	NA
P045v2	623	Pulse	255	8190000	6708	NA
P045v2	624	Response	101	8202043	8585	1
P045v2	626	Pulse	255	8220000	7544	NA
P045v2	628	Pulse	255	8250000	7213	NA
P045v2	628	Response	100	8255002	12216	1
P045v2	630	Pulse	255	8280000	14549	NA
P045v2	632	Response	100	8306841	10892	1
P045v2	633	Pulse	255	8310000	3052	NA
P045v2	635	Pulse	255	8340000	2555	NA
P045v2	636	Response	101	8355481	7870	1
P045v2	638	Pulse	255	8370000	4057	NA
P045v2	640	Pulse	255	8400000	3560	NA
P045v2	640	Response	100	8405002	8562	1
P045v2	642	Pulse	255	8430000	14562	NA
P045v2	644	Response	101	8456522	10753	1
P045v2	645	Pulse	255	8460000	3398	NA
P045v2	647	Pulse	255	8490000	2901	NA
P045v2	648	Response	100	8507403	10138	1
P045v2	650	Pulse	255	8520000	2070	NA
P045v2	652	Pulse	255	8550000	1740	NA
P045v2	652	Response	100	8559882	11622	1
P045v2	654	Pulse	255	8580000	9742	NA
P045v2	656	Response	101	8609482	8893	1
P045v2	657	Pulse	255	8610000	412	NA
P045v2	658	Pulse	255	8640000	20079	NA
P045v2	660	Response	101	8659802	9383	1
P045v2	661	Pulse	255	8670000	10083	NA
P045v2	663	Pulse	255	8700000	9585	NA
P045v2	664	Response	100	8706682	6102	1
P045v2	666	Pulse	255	8730000	12921	NA
P045v2	668	Response	100	8754123	6713	1
P045v2	669	Pulse	255	8760000	5758	NA
P045v2	671	Pulse	255	8790000	5260	NA
P045v2	672	Response	101	8801242	6170	1
P045v2	674	Pulse	255	8820000	8262	NA
P045v2	676	Pulse	255	8850000	7765	NA
P045v2	676	Response	101	8852442	10207	1
P045v2	678	Pulse	255	8880000	17100	NA
P045v2	680	Response	100	8900203	6972	1
P045v2	681	Pulse	255	8910000	9604	NA
P045v2	683	Pulse	255	8940000	9106	NA
P045v2	684	Response	100	8947562	6335	1
P045v2	686	Pulse	255	8970000	11942	NA
P045v2	688	Response	101	8995802	7413	1
P045v2	689	Pulse	255	9000000	4112	NA
P045v2	691	Pulse	255	9030000	3614	NA
P045v2	692	Response	101	9041962	5411	1
P045v2	694	Pulse	255	9060000	7617	NA
P045v2	696	Response	101	9088922	6041	1
P045v2	697	Pulse	255	9090000	953	NA
P045v2	699	Pulse	255	9120000	456	NA
P045v2	700	Response	100	9135001	5291	1
P045v2	702	Pulse	255	9150000	4458	NA
P045v2	704	Pulse	255	9180000	4127	NA
P045v2	704	Response	100	9183803	7930	1
P045v2	706	Pulse	255	9210000	15796	NA
P045v2	708	Response	101	9231482	6947	1
P045v2	709	Pulse	255	9240000	8466	NA
P045v2	711	Pulse	255	9270000	7968	NA
P045v2	712	Response	100	9277640	5443	1
P045v2	714	Pulse	255	9300000	11970	NA
P045v2	716	Response	101	9324602	6241	1
P045v2	717	Pulse	255	9330000	5307	NA
P045v2	719	Pulse	255	9360000	4810	NA
P045v2	720	Response	100	9372842	7486	1
P045v2	722	Pulse	255	9390000	6645	NA
P045v2	724	Picture	instruct_trial	9413685	0	1	40163	1	0	next	other	0
P045v2	724	Pulse	255	9420000	6315	NA
P045v2	724	Pulse	255	9450000	36315	NA
