Scenario - learning_JJ_english
Logfile written - 05/23/2022 11:50:34

Subject	Trial	Event Type	Code	Time	TTime	Uncertainty	Duration	Uncertainty	ReqTime	ReqDur	Stim Type	Pair Index

P045v1	0	Pulse	255	0	0	NA
P045v1	1	Picture	instruct_trial	10500	0	1	83826	1	0	next	other	0
P045v1	1	Pulse	255	30000	19500	NA
P045v1	1	Pulse	255	60000	49500	NA
P045v1	1	Pulse	255	90000	79500	NA
P045v1	1	Response	101	94211	83711	1
P045v1	1	Pulse	255	120000	109500	NA
P045v1	2	Pulse	255	150000	29843	NA
P045v1	2	Response	100	150530	30373	1
P045v1	4	Pulse	255	180000	19013	NA
P045v1	6	Pulse	255	210000	18683	NA
P045v1	6	Response	101	219970	28652	1
P045v1	8	Pulse	255	240000	9519	NA
P045v1	10	Pulse	255	270000	9189	NA
P045v1	10	Response	100	275651	14839	1
P045v1	12	Pulse	255	300000	13858	NA
P045v1	14	Pulse	255	330000	13527	NA
P045v1	14	Response	100	344850	28377	1
P045v1	16	Pulse	255	360000	4697	NA
P045v1	18	Pulse	255	390000	4366	NA
P045v1	18	Response	101	400130	14497	1
P045v1	20	Pulse	255	420000	9368	NA
P045v1	22	Pulse	255	450000	9038	NA
P045v1	22	Response	101	453811	12848	1
P045v1	24	Pulse	255	480000	15706	NA
P045v1	26	Response	101	505890	11266	1
P045v1	27	Pulse	255	510000	4043	NA
P045v1	29	Pulse	255	540000	3546	NA
P045v1	30	Response	101	560370	13750	1
P045v1	31	Pulse	255	570000	9548	NA
P045v1	33	Pulse	255	600000	9051	NA
P045v1	34	Response	101	611650	10535	1
P045v1	36	Pulse	255	630000	7887	NA
P045v1	38	Pulse	255	660000	7556	NA
P045v1	38	Response	100	667410	14966	1
P045v1	40	Pulse	255	690000	12058	NA
P045v1	42	Pulse	255	720000	11727	NA
P045v1	42	Response	101	722930	14658	1
P045v1	44	Pulse	255	750000	16563	NA
P045v1	46	Response	101	770130	6362	1
P045v1	47	Pulse	255	780000	9733	NA
P045v1	49	Pulse	255	810000	9235	NA
P045v1	50	Response	100	820210	9279	1
P045v1	52	Pulse	255	840000	9405	NA
P045v1	54	Pulse	255	870000	9074	NA
P045v1	54	Response	100	874447	13521	1
P045v1	56	Pulse	255	900000	15076	NA
P045v1	58	Pulse	255	930000	14745	NA
P045v1	58	Response	101	932930	17675	1
P045v1	60	Pulse	255	960000	16581	NA
P045v1	62	Pulse	255	990000	16250	NA
P045v1	62	Response	101	995890	22141	1
P045v1	64	Pulse	255	1020000	13586	NA
P045v1	66	Pulse	255	1050000	13256	NA
P045v1	66	Response	101	1055810	19065	1
P045v1	68	Pulse	255	1080000	13758	NA
P045v1	70	Response	100	1107010	10438	1
P045v1	71	Pulse	255	1110000	2929	NA
P045v1	73	Pulse	255	1140000	2431	NA
P045v1	74	Response	100	1165569	17834	1
P045v1	75	Pulse	255	1170000	4267	NA
P045v1	77	Pulse	255	1200000	3770	NA
P045v1	78	Response	100	1218450	12054	1
P045v1	80	Pulse	255	1230000	1106	NA
P045v1	82	Pulse	255	1260000	775	NA
P045v1	82	Response	100	1275089	15864	1
P045v1	84	Pulse	255	1290000	4444	NA
P045v1	86	Pulse	255	1320000	4113	NA
P045v1	86	Response	101	1327889	12002	1
P045v1	88	Pulse	255	1350000	11615	NA
P045v1	90	Response	101	1376450	7734	1
P045v1	91	Pulse	255	1380000	3452	NA
P045v1	93	Pulse	255	1410000	2954	NA
P045v1	94	Response	100	1435410	18199	1
P045v1	95	Pulse	255	1440000	4457	NA
P045v1	97	Pulse	255	1470000	3960	NA
P045v1	98	Response	101	1481730	5524	1
P045v1	100	Pulse	255	1500000	7795	NA
P045v1	102	Pulse	255	1530000	7464	NA
P045v1	102	Response	100	1530769	8233	1
P045v1	104	Pulse	255	1560000	18799	NA
P045v1	106	Pulse	255	1590000	18469	NA
P045v1	106	Response	100	1609970	38438	1
P045v1	107	Pulse	255	1620000	9972	NA
P045v1	109	Pulse	255	1650000	9475	NA
P045v1	110	Response	101	1663490	12799	1
P045v1	112	Pulse	255	1680000	5978	NA
P045v1	114	Pulse	255	1710000	5647	NA
P045v1	114	Response	101	1722289	17936	1
P045v1	116	Pulse	255	1740000	7316	NA
P045v1	118	Pulse	255	1770000	6985	NA
P045v1	118	Response	100	1771489	8474	1
P045v1	120	Pulse	255	1800000	17987	NA
P045v1	122	Pulse	255	1830000	17656	NA
P045v1	122	Response	100	1843249	30905	1
P045v1	124	Pulse	255	1860000	6326	NA
P045v1	126	Pulse	255	1890000	5996	NA
P045v1	126	Response	100	1896369	12365	1
P045v1	128	Pulse	255	1920000	13164	NA
P045v1	130	Pulse	255	1950000	12834	NA
P045v1	130	Response	100	1956529	19363	1
P045v1	132	Pulse	255	1980000	13003	NA
P045v1	134	Response	101	2007969	10641	1
P045v1	135	Pulse	255	2010000	1840	NA
P045v1	137	Pulse	255	2040000	1342	NA
P045v1	138	Response	101	2062689	13866	1
P045v1	139	Pulse	255	2070000	7178	NA
P045v1	141	Pulse	255	2100000	6680	NA
P045v1	142	Response	100	2118850	15364	1
P045v1	144	Pulse	255	2130000	683	NA
P045v1	146	Pulse	255	2160000	353	NA
P045v1	146	Response	100	2182054	22406	1
P045v1	147	Pulse	255	2190000	7855	NA
P045v1	149	Pulse	255	2220000	7357	NA
P045v1	150	Response	101	2231489	8680	1
P045v1	152	Pulse	255	2250000	8027	NA
P045v1	154	Pulse	255	2280000	7696	NA
P045v1	154	Response	101	2280769	8465	1
P045v1	156	Pulse	255	2310000	18697	NA
P045v1	158	Response	101	2328448	6815	1
P045v1	160	Pulse	255	2340000	1035	NA
P045v1	162	Pulse	255	2370000	704	NA
P045v1	162	Response	100	2376609	7314	1
P045v1	164	Pulse	255	2400000	12872	NA
P045v1	166	Pulse	255	2430000	12542	NA
P045v1	166	Response	101	2446769	29310	1
P045v1	168	Pulse	255	2460000	2712	NA
P045v1	170	Pulse	255	2490000	2381	NA
P045v1	170	Response	101	2492608	4989	1
P045v1	172	Pulse	255	2520000	16882	NA
P045v1	174	Response	101	2546769	13321	1
P045v1	175	Pulse	255	2550000	3053	NA
P045v1	177	Pulse	255	2580000	2556	NA
P045v1	178	Response	100	2607568	19958	1
P045v1	179	Pulse	255	2610000	2225	NA
P045v1	181	Pulse	255	2640000	1727	NA
P045v1	182	Response	101	2652849	4411	1
P045v1	184	Pulse	255	2670000	6730	NA
P045v1	186	Pulse	255	2700000	6399	NA
P045v1	186	Response	100	2717168	23567	1
P045v1	188	Pulse	255	2730000	2402	NA
P045v1	190	Pulse	255	2760000	2071	NA
P045v1	190	Response	101	2770449	12520	1
P045v1	192	Pulse	255	2790000	9073	NA
P045v1	194	Response	100	2817329	6071	1
P045v1	195	Pulse	255	2820000	2576	NA
P045v1	197	Pulse	255	2850000	2079	NA
P045v1	198	Response	101	2864369	6282	1
P045v1	200	Pulse	255	2880000	5248	NA
P045v1	202	Pulse	255	2910000	4917	NA
P045v1	202	Response	100	2914848	9766	1
P045v1	204	Pulse	255	2940000	14752	NA
P045v1	206	Response	101	2965969	10391	1
P045v1	207	Pulse	255	2970000	3922	NA
P045v1	209	Pulse	255	3000000	3425	NA
P045v1	210	Response	100	3013328	6588	1
P045v1	212	Pulse	255	3030000	6261	NA
P045v1	214	Pulse	255	3060000	5930	NA
P045v1	214	Response	100	3060368	6298	1
P045v1	216	Pulse	255	3090000	19098	NA
P045v1	218	Response	100	3116208	14976	1
P045v1	219	Pulse	255	3120000	3602	NA
P045v1	221	Pulse	255	3150000	3115	NA
P045v1	222	Response	101	3165328	8267	1
P045v1	224	Pulse	255	3180000	4274	NA
P045v1	226	Pulse	255	3210000	3943	NA
P045v1	226	Response	100	3214289	8232	1
P045v1	228	Pulse	255	3240000	15278	NA
P045v1	230	Response	100	3261488	6436	1
P045v1	231	Pulse	255	3270000	8448	NA
P045v1	233	Pulse	255	3300000	7951	NA
P045v1	234	Response	101	3308530	6315	1
P045v1	236	Pulse	255	3330000	10953	NA
P045v1	238	Response	101	3354928	5550	1
P045v1	239	Pulse	255	3360000	4956	NA
P045v1	241	Pulse	255	3390000	4459	NA
P045v1	242	Picture	instruct_trial	3395707	0	1	53162	1	0	next	other	0
P045v1	242	Pulse	255	3420000	24293	NA
P045v1	242	Response	101	3448768	53061	1
P045v1	243	Pulse	255	3450000	964	NA
P045v1	243	Pulse	255	3480000	30964	NA
P045v1	243	Pulse	255	3510000	60964	NA
P045v1	243	Response	100	3519248	70212	1
P045v1	245	Pulse	255	3540000	10305	NA
P045v1	247	Pulse	255	3570000	9974	NA
P045v1	247	Response	100	3599408	39382	1
P045v1	248	Pulse	255	3600000	477	NA
P045v1	249	Pulse	255	3630000	20145	NA
P045v1	251	Response	100	3656608	16422	1
P045v1	252	Pulse	255	3660000	3316	NA
P045v1	254	Pulse	255	3690000	2818	NA
P045v1	255	Pulse	255	3720000	22652	NA
P045v1	255	Response	101	3721889	24541	1
P045v1	257	Pulse	255	3750000	17655	NA
P045v1	259	Response	101	3777968	15293	1
P045v1	260	Pulse	255	3780000	1826	NA
P045v1	262	Pulse	255	3810000	1329	NA
P045v1	263	Response	100	3831007	12170	1
P045v1	264	Pulse	255	3840000	8831	NA
P045v1	266	Pulse	255	3870000	8333	NA
P045v1	267	Response	101	3886208	14375	1
P045v1	269	Pulse	255	3900000	3336	NA
P045v1	271	Pulse	255	3930000	3006	NA
P045v1	271	Response	100	3940848	13854	1
P045v1	273	Pulse	255	3960000	8674	NA
P045v1	275	Pulse	255	3990000	8344	NA
P045v1	275	Response	101	3991248	9592	1
P045v1	277	Pulse	255	4020000	18345	NA
P045v1	279	Response	100	4045248	13263	1
P045v1	280	Pulse	255	4050000	4682	NA
P045v1	282	Pulse	255	4080000	4185	NA
P045v1	283	Response	100	4094608	8627	1
P045v1	285	Pulse	255	4110000	4854	NA
P045v1	287	Pulse	255	4140000	4523	NA
P045v1	287	Response	100	4145007	9531	1
P045v1	289	Pulse	255	4170000	14525	NA
P045v1	291	Pulse	255	4200000	14195	NA
P045v1	291	Response	100	4202847	17041	1
P045v1	293	Pulse	255	4230000	16697	NA
P045v1	295	Response	100	4249087	5454	1
P045v1	297	Pulse	255	4260000	534	NA
P045v1	299	Pulse	255	4290000	204	NA
P045v1	299	Response	101	4303568	13772	1
P045v1	301	Pulse	255	4320000	6039	NA
P045v1	303	Pulse	255	4350000	5708	NA
P045v1	303	Response	100	4375168	30876	1
P045v1	304	Pulse	255	4380000	4711	NA
P045v1	306	Pulse	255	4410000	4214	NA
P045v1	307	Response	101	4424448	8496	1
P045v1	309	Pulse	255	4440000	5049	NA
P045v1	311	Pulse	255	4470000	4719	NA
P045v1	311	Pulse	255	4500000	34719	NA
P045v1	311	Response	100	4503648	38366	1
P045v1	313	Pulse	255	4530000	15890	NA
P045v1	315	Response	100	4550527	6086	1
P045v1	316	Pulse	255	4560000	9393	NA
P045v1	318	Pulse	255	4590000	8895	NA
P045v1	319	Response	100	4602688	11417	1
P045v1	321	Pulse	255	4620000	6898	NA
P045v1	323	Pulse	255	4650000	6567	NA
P045v1	323	Response	100	4663007	19575	1
P045v1	325	Pulse	255	4680000	6570	NA
P045v1	327	Pulse	255	4710000	6239	NA
P045v1	327	Response	101	4715887	12127	1
P045v1	329	Pulse	255	4740000	13575	NA
P045v1	331	Response	101	4767087	10331	1
P045v1	332	Pulse	255	4770000	2745	NA
P045v1	334	Pulse	255	4800000	2247	NA
P045v1	335	Response	101	4818287	10369	1
P045v1	337	Pulse	255	4830000	1250	NA
P045v1	339	Pulse	255	4860000	919	NA
P045v1	339	Response	101	4871646	12566	1
P045v1	341	Pulse	255	4890000	7921	NA
P045v1	343	Pulse	255	4920000	7591	NA
P045v1	343	Response	100	4924927	12518	1
P045v1	345	Pulse	255	4950000	14593	NA
P045v1	347	Response	100	4973807	8068	1
P045v1	348	Pulse	255	4980000	6096	NA
P045v1	350	Pulse	255	5010000	5599	NA
P045v1	351	Response	101	5025647	11080	1
P045v1	353	Pulse	255	5040000	3935	NA
P045v1	355	Pulse	255	5070000	3604	NA
P045v1	355	Response	101	5083567	17171	1
P045v1	357	Pulse	255	5100000	5940	NA
P045v1	359	Pulse	255	5130000	5609	NA
P045v1	359	Response	100	5136046	11655	1
P045v1	361	Pulse	255	5160000	13444	NA
P045v1	363	Pulse	255	5190000	13114	NA
P045v1	363	Response	100	5191087	14201	1
P045v1	365	Pulse	255	5220000	18449	NA
P045v1	367	Response	100	5240847	8966	1
P045v1	368	Pulse	255	5250000	8952	NA
P045v1	370	Pulse	255	5280000	8455	NA
P045v1	371	Response	100	5289247	7536	1
P045v1	373	Pulse	255	5310000	10291	NA
P045v1	375	Response	101	5338767	8728	1
P045v1	376	Pulse	255	5340000	1128	NA
P045v1	378	Pulse	255	5370000	630	NA
P045v1	379	Response	101	5393407	13871	1
P045v1	380	Pulse	255	5400000	6466	NA
P045v1	382	Pulse	255	5430000	5968	NA
P045v1	383	Response	100	5443647	9449	1
P045v1	385	Pulse	255	5460000	5971	NA
P045v1	387	Pulse	255	5490000	5640	NA
P045v1	387	Response	100	5498447	14087	1
P045v1	389	Pulse	255	5520000	11142	NA
P045v1	391	Response	101	5547487	8299	1
P045v1	392	Pulse	255	5550000	2312	NA
P045v1	394	Pulse	255	5580000	1815	NA
P045v1	395	Pulse	255	5610000	21649	NA
P045v1	395	Response	101	5610046	21695	1
P045v1	397	Pulse	255	5640000	19485	NA
P045v1	399	Response	101	5657646	6801	1
P045v1	401	Pulse	255	5670000	1823	NA
P045v1	403	Pulse	255	5700000	1492	NA
P045v1	403	Response	100	5708207	9699	1
P045v1	405	Pulse	255	5730000	11327	NA
P045v1	407	Pulse	255	5760000	10996	NA
P045v1	407	Response	100	5761247	12243	1
P045v1	409	Pulse	255	5790000	18332	NA
P045v1	411	Response	101	5811246	9247	1
P045v1	412	Pulse	255	5820000	8668	NA
P045v1	414	Pulse	255	5850000	8171	NA
P045v1	415	Response	101	5860207	8212	1
P045v1	417	Pulse	255	5880000	9340	NA
P045v1	419	Response	101	5909087	8097	1
P045v1	420	Pulse	255	5910000	844	NA
P045v1	422	Pulse	255	5940000	346	NA
P045v1	423	Response	101	5957886	8067	1
P045v1	425	Pulse	255	5970000	1682	NA
P045v1	427	Pulse	255	6000000	1351	NA
P045v1	427	Response	100	6013406	14758	1
P045v1	429	Pulse	255	6030000	6187	NA
P045v1	431	Pulse	255	6060000	5856	NA
P045v1	431	Response	101	6062606	8462	1
P045v1	433	Pulse	255	6090000	16858	NA
P045v1	435	Response	100	6116447	12974	1
P045v1	436	Pulse	255	6120000	3361	NA
P045v1	438	Pulse	255	6150000	2864	NA
P045v1	439	Response	101	6166526	9225	1
P045v1	441	Pulse	255	6180000	3033	NA
P045v1	443	Pulse	255	6210000	2703	NA
P045v1	443	Response	100	6218927	11630	1
P045v1	445	Pulse	255	6240000	10538	NA
P045v1	447	Response	101	6269326	9533	1
P045v1	448	Pulse	255	6270000	541	NA
P045v1	450	Pulse	255	6300000	44	NA
P045v1	451	Response	100	6319726	9604	1
P045v1	452	Pulse	255	6330000	10212	NA
P045v1	454	Pulse	255	6360000	9715	NA
P045v1	455	Response	100	6370365	9914	1
P045v1	457	Pulse	255	6390000	9218	NA
P045v1	459	Pulse	255	6420000	8887	NA
P045v1	459	Response	100	6420766	9653	1
P045v1	461	Pulse	255	6450000	18722	NA
P045v1	463	Response	101	6474206	12598	1
P045v1	464	Pulse	255	6480000	5726	NA
P045v1	466	Pulse	255	6510000	5228	NA
P045v1	467	Response	100	6525566	10628	1
P045v1	469	Pulse	255	6540000	3898	NA
P045v1	471	Pulse	255	6570000	3567	NA
P045v1	471	Response	100	6576605	10172	1
P045v1	473	Pulse	255	6600000	12902	NA
P045v1	475	Response	101	6627565	10137	1
P045v1	476	Pulse	255	6630000	2239	NA
P045v1	478	Pulse	255	6660000	1742	NA
P045v1	479	Response	101	6679166	10742	1
P045v1	481	Pulse	255	6690000	411	NA
P045v1	483	Picture	instruct_trial	6719920	0	1	44829	1	0	next	other	0
P045v1	483	Pulse	255	6720000	80	NA
P045v1	483	Pulse	255	6750000	30080	NA
P045v1	483	Response	101	6764606	44686	1
P045v1	484	Pulse	255	6780000	15084	NA
P045v1	484	Response	101	6794045	29129	1
P045v1	486	Pulse	255	6810000	5421	NA
P045v1	488	Pulse	255	6840000	5090	NA
P045v1	488	Response	100	6864606	29697	1
P045v1	489	Pulse	255	6870000	5259	NA
P045v1	491	Pulse	255	6900000	4762	NA
P045v1	492	Response	101	6919966	14562	1
P045v1	493	Pulse	255	6930000	9931	NA
P045v1	495	Pulse	255	6960000	9434	NA
P045v1	496	Response	101	6971406	10674	1
P045v1	498	Pulse	255	6990000	8103	NA
P045v1	500	Pulse	255	7020000	7772	NA
P045v1	500	Response	101	7033006	20778	1
P045v1	502	Pulse	255	7050000	6608	NA
P045v1	504	Pulse	255	7080000	6277	NA
P045v1	504	Response	101	7080766	7043	1
P045v1	506	Pulse	255	7110000	18779	NA
P045v1	508	Response	100	7136525	14973	1
P045v1	509	Pulse	255	7140000	3283	NA
P045v1	511	Pulse	255	7170000	2786	NA
P045v1	512	Response	100	7191806	14426	1
P045v1	513	Pulse	255	7200000	8121	NA
P045v1	515	Pulse	255	7230000	7624	NA
P045v1	516	Response	100	7241486	8943	1
P045v1	518	Pulse	255	7260000	8126	NA
P045v1	520	Pulse	255	7290000	7796	NA
P045v1	520	Response	101	7293885	11681	1
P045v1	522	Pulse	255	7320000	15631	NA
P045v1	524	Response	101	7343725	9025	1
P045v1	525	Pulse	255	7350000	6134	NA
P045v1	527	Pulse	255	7380000	5637	NA
P045v1	528	Response	100	7397325	12796	1
P045v1	530	Pulse	255	7410000	2140	NA
P045v1	532	Pulse	255	7440000	1809	NA
P045v1	532	Response	100	7460766	22575	1
P045v1	533	Pulse	255	7470000	9144	NA
P045v1	535	Pulse	255	7500000	8647	NA
P045v1	536	Response	101	7511484	9965	1
P045v1	538	Pulse	255	7530000	7983	NA
P045v1	540	Pulse	255	7560000	7652	NA
P045v1	540	Response	100	7561966	9619	1
P045v1	542	Pulse	255	7590000	17654	NA
P045v1	544	Response	100	7611645	8968	1
P045v1	545	Pulse	255	7620000	8157	NA
P045v1	547	Pulse	255	7650000	7660	NA
P045v1	548	Response	100	7660764	8259	1
P045v1	550	Pulse	255	7680000	8829	NA
P045v1	552	Pulse	255	7710000	8498	NA
P045v1	552	Response	101	7712286	10784	1
P045v1	554	Pulse	255	7740000	17334	NA
P045v1	556	Response	101	7766445	13448	1
P045v1	557	Pulse	255	7770000	3504	NA
P045v1	559	Pulse	255	7800000	3007	NA
P045v1	560	Response	101	7818686	11527	1
P045v1	562	Pulse	255	7830000	843	NA
P045v1	564	Pulse	255	7860000	512	NA
P045v1	564	Response	101	7871085	11597	1
P045v1	566	Pulse	255	7890000	8514	NA
P045v1	568	Pulse	255	7920000	8183	NA
P045v1	568	Response	100	7921165	9348	1
P045v1	570	Pulse	255	7950000	18352	NA
P045v1	572	Response	100	7973165	11186	1
P045v1	573	Pulse	255	7980000	6689	NA
P045v1	575	Pulse	255	8010000	6191	NA
P045v1	576	Response	100	8025325	11350	1
P045v1	578	Pulse	255	8040000	4194	NA
P045v1	580	Pulse	255	8070000	3863	NA
P045v1	580	Response	100	8076124	9987	1
P045v1	582	Pulse	255	8100000	13365	NA
P045v1	584	Response	101	8127166	10200	1
P045v1	585	Pulse	255	8130000	2702	NA
P045v1	587	Pulse	255	8160000	2204	NA
P045v1	588	Response	101	8178924	10962	1
P045v1	590	Pulse	255	8190000	541	NA
P045v1	592	Pulse	255	8220000	210	NA
P045v1	592	Response	100	8232205	12415	1
P045v1	594	Pulse	255	8250000	7378	NA
P045v1	596	Pulse	255	8280000	7048	NA
P045v1	596	Response	100	8283964	11012	1
P045v1	598	Pulse	255	8310000	15550	NA
P045v1	600	Response	101	8336925	12144	1
P045v1	601	Pulse	255	8340000	2887	NA
P045v1	603	Pulse	255	8370000	2389	NA
P045v1	604	Response	101	8388522	10746	1
P045v1	606	Pulse	255	8400000	1059	NA
P045v1	608	Pulse	255	8430000	728	NA
P045v1	608	Response	101	8438285	9013	1
P045v1	610	Pulse	255	8460000	11230	NA
P045v1	612	Response	101	8488847	9746	1
P045v1	613	Pulse	255	8490000	1066	NA
P045v1	615	Pulse	255	8520000	569	NA
P045v1	616	Response	100	8542045	12448	1
P045v1	617	Pulse	255	8550000	7904	NA
P045v1	619	Pulse	255	8580000	7407	NA
P045v1	620	Response	100	8595165	12406	1
P045v1	622	Pulse	255	8610000	4410	NA
P045v1	624	Pulse	255	8640000	4079	NA
P045v1	624	Response	101	8646605	10684	1
P045v1	626	Pulse	255	8670000	12914	NA
P045v1	628	Response	101	8699805	12388	1
P045v1	629	Pulse	255	8700000	85	NA
P045v1	630	Pulse	255	8730000	19752	NA
P045v1	632	Response	100	8751805	11227	1
P045v1	633	Pulse	255	8760000	8089	NA
P045v1	635	Pulse	255	8790000	7592	NA
P045v1	636	Response	100	8805484	12910	1
P045v1	638	Pulse	255	8820000	4095	NA
P045v1	640	Pulse	255	8850000	3764	NA
P045v1	640	Response	100	8855324	9088	1
P045v1	642	Pulse	255	8880000	14266	NA
P045v1	644	Response	101	8905805	9740	1
P045v1	645	Pulse	255	8910000	4102	NA
P045v1	647	Pulse	255	8940000	3605	NA
P045v1	648	Pulse	255	8970000	23439	NA
P045v1	648	Response	101	8977484	30924	1
P045v1	650	Pulse	255	9000000	12110	NA
P045v1	652	Response	100	9027165	8944	1
P045v1	653	Pulse	255	9030000	2780	NA
P045v1	655	Pulse	255	9060000	2282	NA
P045v1	656	Response	100	9074924	7041	1
P045v1	658	Pulse	255	9090000	4618	NA
P045v1	660	Pulse	255	9120000	4287	NA
P045v1	660	Response	100	9120924	5212	1
P045v1	662	Pulse	255	9150000	18622	NA
P045v1	664	Response	100	9169725	8016	1
P045v1	665	Pulse	255	9180000	10125	NA
P045v1	667	Pulse	255	9210000	9628	NA
P045v1	668	Response	101	9219724	9186	1
P045v1	670	Pulse	255	9240000	9797	NA
P045v1	672	Response	100	9266844	6310	1
P045v1	673	Pulse	255	9270000	2967	NA
P045v1	675	Pulse	255	9300000	2470	NA
P045v1	676	Response	101	9325564	17868	1
P045v1	677	Pulse	255	9330000	4305	NA
P045v1	679	Pulse	255	9360000	3808	NA
P045v1	680	Response	100	9376764	10407	1
P045v1	682	Pulse	255	9390000	2811	NA
P045v1	684	Pulse	255	9420000	2480	NA
P045v1	684	Response	101	9426044	8524	1
P045v1	686	Pulse	255	9450000	13482	NA
P045v1	688	Response	100	9473882	7033	1
P045v1	689	Pulse	255	9480000	5985	NA
P045v1	691	Pulse	255	9510000	5488	NA
P045v1	692	Response	101	9521003	6325	1
P045v1	694	Pulse	255	9540000	8490	NA
P045v1	696	Response	101	9569003	7163	1
P045v1	697	Pulse	255	9570000	826	NA
P045v1	699	Pulse	255	9600000	329	NA
P045v1	700	Response	101	9619723	9886	1
P045v1	701	Pulse	255	9630000	10164	NA
P045v1	703	Pulse	255	9660000	9667	NA
P045v1	704	Response	100	9666524	6025	1
P045v1	706	Pulse	255	9690000	13002	NA
P045v1	708	Response	100	9715405	8076	1
P045v1	709	Pulse	255	9720000	4506	NA
P045v1	711	Pulse	255	9750000	4008	NA
P045v1	712	Response	101	9762764	6607	1
P045v1	714	Pulse	255	9780000	6844	NA
P045v1	716	Response	100	9809964	6478	1
P045v1	716	Pulse	255	9810000	6513	NA
P045v1	718	Pulse	255	9840000	19515	NA
P045v1	720	Response	100	9860124	9308	1
P045v1	721	Pulse	255	9870000	9685	NA
P045v1	723	Pulse	255	9900000	9188	NA
P045v1	724	Picture	instruct_trial	9900978	0	1	40163	1	0	next	other	0
P045v1	724	Pulse	255	9930000	29022	NA
