Scenario - learning_JJ_english
Logfile written - 06/01/2022 12:26:28

Subject	Trial	Event Type	Code	Time	TTime	Uncertainty	Duration	Uncertainty	ReqTime	ReqDur	Stim Type	Pair Index

P046v2	0	Pulse	255	0	0	NA
P046v2	1	Picture	instruct_trial	10500	0	1	469126	1	0	next	other	0
P046v2	1	Pulse	255	30000	19500	NA
P046v2	1	Pulse	255	60000	49500	NA
P046v2	1	Pulse	255	90000	79500	NA
P046v2	1	Pulse	255	120000	109500	NA
P046v2	1	Pulse	255	150000	139500	NA
P046v2	1	Pulse	255	180000	169500	NA
P046v2	1	Pulse	255	210000	199500	NA
P046v2	1	Pulse	255	240000	229500	NA
P046v2	1	Pulse	255	270000	259500	NA
P046v2	1	Pulse	255	300000	289500	NA
P046v2	1	Pulse	255	330000	319500	NA
P046v2	1	Pulse	255	360000	349500	NA
P046v2	1	Pulse	255	390000	379500	NA
P046v2	1	Pulse	255	420000	409500	NA
P046v2	1	Pulse	255	450000	439500	NA
P046v2	1	Response	100	479435	468936	1
P046v2	1	Pulse	255	480000	469500	NA
P046v2	2	Response	100	491754	11295	1
P046v2	4	Pulse	255	510000	7710	NA
P046v2	6	Pulse	255	540000	7212	NA
P046v2	6	Response	101	542153	9365	1
P046v2	8	Pulse	255	570000	17381	NA
P046v2	10	Response	100	592714	9764	1
P046v2	11	Pulse	255	600000	7217	NA
P046v2	13	Pulse	255	630000	6720	NA
P046v2	14	Response	101	639193	5747	1
P046v2	16	Pulse	255	660000	10389	NA
P046v2	18	Response	101	688794	8686	1
P046v2	19	Pulse	255	690000	1059	NA
P046v2	21	Pulse	255	720000	562	NA
P046v2	22	Response	100	737514	7743	1
P046v2	24	Pulse	255	750000	2064	NA
P046v2	26	Pulse	255	780000	1733	NA
P046v2	26	Response	101	785199	6933	1
P046v2	28	Pulse	255	810000	14402	NA
P046v2	30	Response	100	829993	4064	1
P046v2	31	Pulse	255	840000	9905	NA
P046v2	33	Pulse	255	870000	9407	NA
P046v2	34	Response	101	875913	5154	1
P046v2	36	Pulse	255	900000	13576	NA
P046v2	38	Response	101	923113	6359	1
P046v2	39	Pulse	255	930000	6746	NA
P046v2	41	Pulse	255	960000	6249	NA
P046v2	42	Response	100	970473	6389	1
P046v2	44	Pulse	255	990000	9084	NA
P046v2	46	Response	100	1015913	4667	1
P046v2	47	Pulse	255	1020000	3921	NA
P046v2	49	Pulse	255	1050000	3423	NA
P046v2	50	Response	101	1061194	4285	1
P046v2	52	Pulse	255	1080000	8426	NA
P046v2	54	Response	100	1105753	3681	1
P046v2	55	Pulse	255	1110000	4095	NA
P046v2	57	Pulse	255	1140000	3598	NA
P046v2	58	Response	101	1152713	5978	1
P046v2	60	Pulse	255	1170000	6767	NA
P046v2	62	Response	100	1199673	5942	1
P046v2	63	Pulse	255	1200000	270	NA
P046v2	64	Pulse	255	1230000	19938	NA
P046v2	66	Response	101	1245273	4880	1
P046v2	68	Pulse	255	1260000	4275	NA
P046v2	70	Pulse	255	1290000	3944	NA
P046v2	70	Response	101	1291515	5459	1
P046v2	72	Pulse	255	1320000	17945	NA
P046v2	74	Response	100	1337913	5528	1
P046v2	76	Pulse	255	1350000	1616	NA
P046v2	78	Pulse	255	1380000	1119	NA
P046v2	78	Response	101	1382713	3832	1
P046v2	80	Pulse	255	1410000	16787	NA
P046v2	82	Response	100	1428232	4688	1
P046v2	84	Pulse	255	1440000	1291	NA
P046v2	86	Pulse	255	1470000	793	NA
P046v2	86	Response	100	1473672	4465	1
P046v2	88	Pulse	255	1500000	15795	NA
P046v2	90	Response	101	1518313	3777	1
P046v2	92	Pulse	255	1530000	1298	NA
P046v2	94	Pulse	255	1560000	801	NA
P046v2	94	Response	100	1565912	6713	1
P046v2	96	Pulse	255	1590000	13636	NA
P046v2	98	Response	100	1613511	6816	1
P046v2	99	Pulse	255	1620000	6306	NA
P046v2	101	Pulse	255	1650000	5808	NA
P046v2	102	Response	101	1662552	8028	1
P046v2	104	Pulse	255	1680000	6978	NA
P046v2	106	Pulse	255	1710000	6480	NA
P046v2	106	Response	101	1721592	18072	1
P046v2	108	Pulse	255	1740000	7983	NA
P046v2	110	Pulse	255	1770000	7652	NA
P046v2	110	Response	100	1770312	7964	1
P046v2	112	Pulse	255	1800000	19154	NA
P046v2	114	Response	101	1819592	8415	1
P046v2	115	Pulse	255	1830000	10324	NA
P046v2	117	Pulse	255	1860000	9826	NA
P046v2	118	Response	101	1867433	6926	1
P046v2	120	Pulse	255	1890000	12162	NA
P046v2	122	Response	101	1912873	4537	1
P046v2	123	Pulse	255	1920000	6998	NA
P046v2	125	Pulse	255	1950000	6501	NA
P046v2	126	Response	101	1964312	10480	1
P046v2	128	Pulse	255	1980000	5170	NA
P046v2	130	Pulse	255	2010000	4673	NA
P046v2	130	Response	101	2010872	5545	1
P046v2	132	Pulse	255	2040000	18674	NA
P046v2	134	Response	100	2056312	4656	1
P046v2	136	Pulse	255	2070000	3178	NA
P046v2	138	Pulse	255	2100000	2848	NA
P046v2	138	Response	100	2100951	3799	1
P046v2	140	Pulse	255	2130000	18516	NA
P046v2	142	Response	101	2147432	5617	1
P046v2	144	Pulse	255	2160000	2186	NA
P046v2	146	Pulse	255	2190000	1856	NA
P046v2	146	Response	100	2212952	24808	1
P046v2	147	Pulse	255	2220000	6858	NA
P046v2	149	Pulse	255	2250000	6360	NA
P046v2	150	Response	100	2258392	4587	1
P046v2	152	Pulse	255	2280000	11196	NA
P046v2	154	Pulse	255	2310000	10865	NA
P046v2	154	Response	101	2312312	13177	1
P046v2	156	Pulse	255	2340000	17201	NA
P046v2	158	Response	100	2359112	5815	1
P046v2	160	Pulse	255	2370000	371	NA
P046v2	161	Pulse	255	2400000	10206	NA
P046v2	162	Response	101	2408151	8025	1
P046v2	164	Pulse	255	2430000	11376	NA
P046v2	166	Response	101	2459671	10549	1
P046v2	167	Pulse	255	2460000	212	NA
P046v2	168	Pulse	255	2490000	19880	NA
P046v2	170	Response	100	2505752	5135	1
P046v2	172	Pulse	255	2520000	3717	NA
P046v2	174	Pulse	255	2550000	3387	NA
P046v2	174	Response	101	2550071	3458	1
P046v2	176	Pulse	255	2580000	19388	NA
P046v2	178	Response	101	2595351	4242	1
P046v2	180	Pulse	255	2610000	4225	NA
P046v2	182	Pulse	255	2640000	3894	NA
P046v2	182	Response	100	2641111	5006	1
P046v2	184	Pulse	255	2670000	18396	NA
P046v2	186	Response	100	2689591	7656	1
P046v2	187	Pulse	255	2700000	10232	NA
P046v2	189	Pulse	255	2730000	9735	NA
P046v2	190	Response	101	2739992	9395	1
P046v2	192	Pulse	255	2760000	9571	NA
P046v2	194	Response	101	2784952	4025	1
P046v2	195	Pulse	255	2790000	4907	NA
P046v2	197	Pulse	255	2820000	4410	NA
P046v2	198	Response	100	2832152	6229	1
P046v2	200	Pulse	255	2850000	7412	NA
P046v2	202	Response	101	2879350	6432	1
P046v2	203	Pulse	255	2880000	582	NA
P046v2	205	Pulse	255	2910000	85	NA
P046v2	206	Response	101	2929032	8951	1
P046v2	208	Pulse	255	2940000	587	NA
P046v2	210	Pulse	255	2970000	90	NA
P046v2	210	Response	100	2974470	4560	1
P046v2	212	Pulse	255	3000000	15091	NA
P046v2	214	Response	101	3023671	8265	1
P046v2	215	Pulse	255	3030000	6261	NA
P046v2	217	Pulse	255	3060000	5764	NA
P046v2	218	Response	101	3086071	21669	1
P046v2	219	Pulse	255	3090000	3767	NA
P046v2	221	Pulse	255	3120000	3269	NA
P046v2	222	Response	100	3132151	5255	1
P046v2	224	Pulse	255	3150000	7438	NA
P046v2	226	Pulse	255	3180000	7108	NA
P046v2	226	Response	101	3181671	8778	1
P046v2	228	Pulse	255	3210000	17942	NA
P046v2	230	Pulse	255	3240000	17445	NA
P046v2	230	Response	100	3243591	21036	1
P046v2	232	Pulse	255	3270000	15948	NA
P046v2	234	Response	100	3293751	9368	1
P046v2	235	Pulse	255	3300000	6118	NA
P046v2	237	Pulse	255	3330000	5621	NA
P046v2	238	Response	100	3342151	7606	1
P046v2	240	Pulse	255	3360000	7456	NA
P046v2	242	Picture	instruct_trial	3383041	0	1	20332	1	0	next	other	0
P046v2	242	Pulse	255	3390000	6959	NA
P046v2	242	Response	100	3403191	20150	1
P046v2	243	Response	100	3415191	11652	1
P046v2	244	Pulse	255	3420000	4628	NA
P046v2	246	Pulse	255	3450000	4131	NA
P046v2	247	Response	100	3466230	10029	1
P046v2	249	Pulse	255	3480000	3300	NA
P046v2	251	Pulse	255	3510000	2803	NA
P046v2	251	Response	101	3517268	10071	1
P046v2	253	Pulse	255	3540000	12305	NA
P046v2	255	Response	101	3568309	10283	1
P046v2	256	Pulse	255	3570000	1642	NA
P046v2	258	Pulse	255	3600000	1144	NA
P046v2	259	Response	101	3618231	9043	1
P046v2	261	Pulse	255	3630000	1314	NA
P046v2	263	Pulse	255	3660000	816	NA
P046v2	263	Response	101	3676791	17607	1
P046v2	265	Pulse	255	3690000	2819	NA
P046v2	267	Pulse	255	3720000	2321	NA
P046v2	267	Response	100	3723591	5912	1
P046v2	269	Pulse	255	3750000	15989	NA
P046v2	271	Pulse	255	3780000	15659	NA
P046v2	271	Response	101	3781910	17569	1
P046v2	273	Pulse	255	3810000	17661	NA
P046v2	275	Response	100	3832151	9481	1
P046v2	276	Pulse	255	3840000	7665	NA
P046v2	278	Pulse	255	3870000	7167	NA
P046v2	279	Response	100	3885351	12352	1
P046v2	281	Pulse	255	3900000	4170	NA
P046v2	283	Pulse	255	3930000	3839	NA
P046v2	283	Response	101	3932150	5989	1
P046v2	285	Pulse	255	3960000	17341	NA
P046v2	287	Response	100	3984150	10994	1
P046v2	288	Pulse	255	3990000	5678	NA
P046v2	290	Pulse	255	4020000	5180	NA
P046v2	291	Response	101	4037431	12279	1
P046v2	293	Pulse	255	4050000	2183	NA
P046v2	295	Pulse	255	4080000	1853	NA
P046v2	295	Response	101	4082550	4403	1
P046v2	297	Pulse	255	4110000	17020	NA
P046v2	299	Response	100	4128950	5473	1
P046v2	301	Pulse	255	4140000	525	NA
P046v2	303	Pulse	255	4170000	27	NA
P046v2	303	Response	100	4179270	9297	1
P046v2	305	Pulse	255	4200000	10196	NA
P046v2	307	Response	100	4225029	4727	1
P046v2	308	Pulse	255	4230000	4865	NA
P046v2	310	Pulse	255	4260000	4368	NA
P046v2	311	Response	101	4269513	3548	1
P046v2	313	Pulse	255	4290000	10037	NA
P046v2	315	Response	101	4317193	6732	1
P046v2	316	Pulse	255	4320000	2707	NA
P046v2	318	Pulse	255	4350000	2209	NA
P046v2	319	Pulse	255	4380000	21877	NA
P046v2	319	Response	101	4380310	22187	1
P046v2	321	Pulse	255	4410000	19213	NA
P046v2	323	Response	101	4427429	6145	1
P046v2	325	Pulse	255	4440000	2050	NA
P046v2	327	Pulse	255	4470000	1720	NA
P046v2	327	Response	101	4480149	11868	1
P046v2	329	Pulse	255	4500000	9388	NA
P046v2	331	Response	100	4527430	6321	1
P046v2	332	Pulse	255	4530000	2391	NA
P046v2	334	Pulse	255	4560000	1894	NA
P046v2	335	Response	100	4573750	5312	1
P046v2	337	Pulse	255	4590000	5730	NA
P046v2	339	Pulse	255	4620000	5232	NA
P046v2	339	Response	100	4624870	10102	1
P046v2	341	Pulse	255	4650000	14734	NA
P046v2	343	Response	100	4678070	12307	1
P046v2	344	Pulse	255	4680000	1738	NA
P046v2	346	Pulse	255	4710000	1240	NA
P046v2	347	Response	101	4723030	3938	1
P046v2	349	Pulse	255	4740000	6576	NA
P046v2	351	Pulse	255	4770000	6079	NA
P046v2	351	Response	101	4778950	15028	1
P046v2	353	Pulse	255	4800000	10581	NA
P046v2	355	Pulse	255	4830000	10250	NA
P046v2	355	Response	100	4832310	12561	1
P046v2	357	Pulse	255	4860000	17252	NA
P046v2	359	Response	100	4879189	5944	1
P046v2	361	Pulse	255	4890000	423	NA
P046v2	363	Pulse	255	4920000	92	NA
P046v2	363	Response	101	4926389	6481	1
P046v2	365	Pulse	255	4950000	13094	NA
P046v2	367	Response	101	4977031	9627	1
P046v2	368	Pulse	255	4980000	2764	NA
P046v2	370	Pulse	255	5010000	2266	NA
P046v2	371	Response	101	5021671	3605	1
P046v2	373	Pulse	255	5040000	7935	NA
P046v2	375	Response	100	5069910	7514	1
P046v2	375	Pulse	255	5070000	7604	NA
P046v2	377	Pulse	255	5100000	19606	NA
P046v2	379	Response	100	5117510	6785	1
P046v2	381	Pulse	255	5130000	2110	NA
P046v2	383	Pulse	255	5160000	1779	NA
P046v2	383	Response	101	5172789	14568	1
P046v2	385	Pulse	255	5190000	6782	NA
P046v2	387	Response	101	5218949	5400	1
P046v2	388	Pulse	255	5220000	951	NA
P046v2	390	Pulse	255	5250000	454	NA
P046v2	391	Response	100	5268630	8918	1
P046v2	393	Pulse	255	5280000	957	NA
P046v2	395	Pulse	255	5310000	626	NA
P046v2	395	Response	100	5316390	7015	1
P046v2	397	Pulse	255	5340000	13127	NA
P046v2	399	Pulse	255	5370000	12797	NA
P046v2	399	Response	100	5379269	22066	1
P046v2	401	Pulse	255	5400000	10299	NA
P046v2	403	Response	101	5426310	6112	1
P046v2	404	Pulse	255	5430000	3636	NA
P046v2	406	Pulse	255	5460000	3139	NA
P046v2	407	Response	101	5471989	4795	1
P046v2	409	Pulse	255	5490000	7474	NA
P046v2	411	Pulse	255	5520000	6977	NA
P046v2	411	Response	100	5526389	13366	1
P046v2	413	Pulse	255	5550000	13146	NA
P046v2	415	Response	100	5573749	6397	1
P046v2	416	Pulse	255	5580000	6149	NA
P046v2	418	Pulse	255	5610000	5651	NA
P046v2	419	Response	100	5620629	5948	1
P046v2	421	Pulse	255	5640000	8987	NA
P046v2	423	Response	101	5668549	7205	1
P046v2	424	Pulse	255	5670000	1324	NA
P046v2	426	Pulse	255	5700000	826	NA
P046v2	427	Response	101	5715349	6009	1
P046v2	429	Pulse	255	5730000	4162	NA
P046v2	431	Pulse	255	5760000	3831	NA
P046v2	431	Response	100	5761669	5501	1
P046v2	433	Pulse	255	5790000	17833	NA
P046v2	435	Response	101	5809189	6691	1
P046v2	437	Pulse	255	5820000	337	NA
P046v2	439	Pulse	255	5850000	6	NA
P046v2	439	Response	101	5856309	6315	1
P046v2	441	Pulse	255	5880000	13174	NA
P046v2	443	Response	101	5902708	5551	1
P046v2	444	Pulse	255	5910000	7177	NA
P046v2	446	Pulse	255	5940000	6680	NA
P046v2	447	Response	100	5947587	3934	1
P046v2	449	Pulse	255	5970000	12015	NA
P046v2	451	Pulse	255	6000000	11518	NA
P046v2	451	Response	100	6007268	18786	1
P046v2	453	Pulse	255	6030000	12354	NA
P046v2	455	Response	100	6056466	8323	1
P046v2	456	Pulse	255	6060000	3357	NA
P046v2	458	Pulse	255	6090000	2860	NA
P046v2	459	Response	101	6103348	6042	1
P046v2	461	Pulse	255	6120000	6196	NA
P046v2	463	Pulse	255	6150000	5698	NA
P046v2	463	Response	100	6165748	21446	1
P046v2	465	Pulse	255	6180000	3868	NA
P046v2	467	Pulse	255	6210000	3370	NA
P046v2	467	Response	101	6222788	16158	1
P046v2	469	Pulse	255	6240000	6706	NA
P046v2	471	Response	101	6268709	5084	1
P046v2	472	Pulse	255	6270000	1209	NA
P046v2	474	Pulse	255	6300000	712	NA
P046v2	475	Response	100	6313108	3654	1
P046v2	477	Pulse	255	6330000	6380	NA
P046v2	479	Pulse	255	6360000	6050	NA
P046v2	479	Response	100	6368708	14758	1
P046v2	481	Pulse	255	6390000	10885	NA
P046v2	483	Picture	instruct_trial	6409612	0	1	10499	1	0	next	other	0
P046v2	483	Response	100	6419989	10376	1
P046v2	483	Pulse	255	6420000	10388	NA
P046v2	484	Response	101	6432308	12030	1
P046v2	486	Pulse	255	6450000	7224	NA
P046v2	488	Pulse	255	6480000	6727	NA
P046v2	488	Response	101	6485348	12075	1
P046v2	490	Pulse	255	6510000	14229	NA
P046v2	492	Pulse	255	6540000	13898	NA
P046v2	492	Response	100	6552868	26766	1
P046v2	494	Pulse	255	6570000	6734	NA
P046v2	496	Pulse	255	6600000	6404	NA
P046v2	496	Response	100	6600628	7032	1
P046v2	498	Pulse	255	6630000	18905	NA
P046v2	500	Response	100	6648229	6637	1
P046v2	502	Pulse	255	6660000	1243	NA
P046v2	504	Pulse	255	6690000	912	NA
P046v2	504	Response	100	6693588	4500	1
P046v2	506	Pulse	255	6720000	15913	NA
P046v2	508	Response	101	6738388	3970	1
P046v2	510	Pulse	255	6750000	1084	NA
P046v2	512	Pulse	255	6780000	753	NA
P046v2	512	Response	101	6785268	6021	1
P046v2	514	Pulse	255	6810000	14255	NA
P046v2	516	Response	101	6838708	12632	1
P046v2	517	Pulse	255	6840000	1092	NA
P046v2	519	Pulse	255	6870000	594	NA
P046v2	520	Response	100	6885828	6256	1
P046v2	522	Pulse	255	6900000	3763	NA
P046v2	524	Pulse	255	6930000	3266	NA
P046v2	524	Response	101	6932548	5814	1
P046v2	526	Pulse	255	6960000	16934	NA
P046v2	528	Response	101	6979188	5625	1
P046v2	530	Pulse	255	6990000	271	NA
P046v2	531	Pulse	255	7020000	10107	NA
P046v2	532	Response	100	7026388	6329	1
P046v2	534	Pulse	255	7050000	13109	NA
P046v2	536	Pulse	255	7080000	12778	NA
P046v2	536	Response	100	7081908	14686	1
P046v2	538	Pulse	255	7110000	17614	NA
P046v2	540	Response	101	7132227	9510	1
P046v2	541	Pulse	255	7140000	7617	NA
P046v2	543	Pulse	255	7170000	7120	NA
P046v2	544	Response	101	7177908	4862	1
P046v2	546	Pulse	255	7200000	11622	NA
P046v2	548	Response	101	7224308	5599	1
P046v2	549	Pulse	255	7230000	5625	NA
P046v2	551	Pulse	255	7260000	5128	NA
P046v2	552	Response	101	7269107	4069	1
P046v2	554	Pulse	255	7290000	10463	NA
P046v2	556	Pulse	255	7320000	10132	NA
P046v2	556	Response	100	7321908	12040	1
P046v2	558	Pulse	255	7350000	17634	NA
P046v2	560	Response	100	7368068	5205	1
P046v2	562	Pulse	255	7380000	1472	NA
P046v2	564	Pulse	255	7410000	1141	NA
P046v2	564	Response	101	7424948	16089	1
P046v2	566	Pulse	255	7440000	4643	NA
P046v2	568	Pulse	255	7470000	4146	NA
P046v2	568	Response	101	7472387	6533	1
P046v2	570	Pulse	255	7500000	17147	NA
P046v2	572	Response	100	7521507	8324	1
P046v2	573	Pulse	255	7530000	8317	NA
P046v2	575	Pulse	255	7560000	7820	NA
P046v2	576	Response	101	7572947	10434	1
P046v2	578	Pulse	255	7590000	6656	NA
P046v2	580	Response	101	7618788	5113	1
P046v2	581	Pulse	255	7620000	1159	NA
P046v2	583	Pulse	255	7650000	662	NA
P046v2	584	Response	100	7664309	4638	1
P046v2	586	Pulse	255	7680000	5164	NA
P046v2	588	Response	100	7709666	4500	1
P046v2	589	Pulse	255	7710000	167	NA
P046v2	590	Pulse	255	7740000	19835	NA
P046v2	592	Response	101	7756547	6051	1
P046v2	594	Pulse	255	7770000	3005	NA
P046v2	596	Pulse	255	7800000	2675	NA
P046v2	596	Response	101	7804308	6982	1
P046v2	598	Pulse	255	7830000	15176	NA
P046v2	600	Response	100	7850547	5392	1
P046v2	601	Pulse	255	7860000	9346	NA
P046v2	603	Pulse	255	7890000	8849	NA
P046v2	604	Response	100	7904148	12830	1
P046v2	606	Pulse	255	7920000	5351	NA
P046v2	608	Pulse	255	7950000	4854	NA
P046v2	608	Response	101	7955588	10442	1
P046v2	610	Pulse	255	7980000	14023	NA
P046v2	612	Response	100	8001107	4632	1
P046v2	613	Pulse	255	8010000	8692	NA
P046v2	615	Pulse	255	8040000	8195	NA
P046v2	616	Response	101	8045347	3209	1
P046v2	618	Pulse	255	8070000	14197	NA
P046v2	620	Response	100	8093027	6893	1
P046v2	621	Pulse	255	8100000	6867	NA
P046v2	623	Pulse	255	8130000	6370	NA
P046v2	624	Response	100	8138067	4271	1
P046v2	626	Pulse	255	8160000	11538	NA
P046v2	628	Response	100	8187745	8953	1
P046v2	629	Pulse	255	8190000	2208	NA
P046v2	631	Pulse	255	8220000	1711	NA
P046v2	632	Response	101	8232306	3852	1
P046v2	634	Pulse	255	8250000	7213	NA
P046v2	636	Pulse	255	8280000	6716	NA
P046v2	636	Response	101	8282306	9022	1
P046v2	638	Pulse	255	8310000	17218	NA
P046v2	640	Response	101	8327507	4227	1
P046v2	642	Pulse	255	8340000	2055	NA
P046v2	644	Pulse	255	8370000	1557	NA
P046v2	644	Response	100	8374147	5705	1
P046v2	646	Pulse	255	8400000	15392	NA
P046v2	648	Response	101	8426625	11520	1
P046v2	649	Pulse	255	8430000	3229	NA
P046v2	651	Pulse	255	8460000	2732	NA
P046v2	652	Response	101	8472707	5273	1
P046v2	654	Pulse	255	8490000	6901	NA
P046v2	656	Pulse	255	8520000	6570	NA
P046v2	656	Response	101	8529746	16316	1
P046v2	658	Pulse	255	8550000	9739	NA
P046v2	660	Pulse	255	8580000	9242	NA
P046v2	660	Response	100	8586147	15389	1
P046v2	662	Pulse	255	8610000	13411	NA
P046v2	664	Response	101	8630866	3946	1
P046v2	665	Pulse	255	8640000	9080	NA
P046v2	667	Pulse	255	8670000	8583	NA
P046v2	668	Response	101	8683347	11764	1
P046v2	670	Pulse	255	8700000	6252	NA
P046v2	672	Pulse	255	8730000	5755	NA
P046v2	672	Response	101	8735187	10942	1
P046v2	674	Pulse	255	8760000	14423	NA
P046v2	676	Response	100	8780387	4313	1
P046v2	677	Pulse	255	8790000	9426	NA
P046v2	679	Pulse	255	8820000	8929	NA
P046v2	680	Response	101	8825906	4670	1
P046v2	682	Pulse	255	8850000	13598	NA
P046v2	684	Response	101	8872067	5334	1
P046v2	685	Pulse	255	8880000	7768	NA
P046v2	687	Pulse	255	8910000	7270	NA
P046v2	688	Response	101	8916786	3891	1
P046v2	690	Pulse	255	8940000	12772	NA
P046v2	692	Response	100	8965906	8348	1
P046v2	693	Pulse	255	8970000	3942	NA
P046v2	695	Pulse	255	9000000	3445	NA
P046v2	696	Response	100	9013187	6299	1
P046v2	698	Pulse	255	9030000	6281	NA
P046v2	700	Response	100	9057905	3689	1
P046v2	701	Pulse	255	9060000	1950	NA
P046v2	703	Pulse	255	9090000	1453	NA
P046v2	704	Response	101	9102546	3834	1
P046v2	706	Pulse	255	9120000	6955	NA
P046v2	708	Response	100	9149586	6211	1
P046v2	709	Pulse	255	9150000	292	NA
P046v2	710	Pulse	255	9180000	19959	NA
P046v2	712	Response	101	9203906	13368	1
P046v2	713	Pulse	255	9210000	5963	NA
P046v2	715	Pulse	255	9240000	5466	NA
P046v2	716	Response	101	9253026	8159	1
P046v2	718	Pulse	255	9270000	6468	NA
P046v2	720	Response	101	9299186	5157	1
P046v2	721	Pulse	255	9300000	638	NA
P046v2	723	Pulse	255	9330000	141	NA
P046v2	724	Picture	instruct_trial	9340192	0	1	40163	1	0	next	other	0
P046v2	724	Pulse	255	9360000	19808	NA
