Scenario - learning_JJ_english
Logfile written - 06/02/2022 12:29:17

Subject	Trial	Event Type	Code	Time	TTime	Uncertainty	Duration	Uncertainty	ReqTime	ReqDur	Stim Type	Pair Index

P047v2	0	Pulse	255	0	0	NA
P047v2	1	Picture	instruct_trial	10500	0	1	50162	1	0	next	other	0
P047v2	1	Pulse	255	30000	19500	NA
P047v2	1	Pulse	255	60000	49500	NA
P047v2	1	Response	101	60535	50036	1
P047v2	1	Pulse	255	90000	79500	NA
P047v2	2	Pulse	255	120000	29674	NA
P047v2	2	Response	100	136854	46528	1
P047v2	4	Pulse	255	150000	2679	NA
P047v2	6	Pulse	255	180000	2188	NA
P047v2	6	Pulse	255	210000	32188	NA
P047v2	6	Response	100	239416	61605	1
P047v2	7	Pulse	255	240000	520	NA
P047v2	9	Pulse	255	270000	23	NA
P047v2	10	Response	101	292696	12553	1
P047v2	11	Pulse	255	300000	7191	NA
P047v2	13	Pulse	255	330000	6694	NA
P047v2	14	Response	101	349496	16024	1
P047v2	16	Pulse	255	360000	31	NA
P047v2	17	Pulse	255	390000	9866	NA
P047v2	18	Pulse	255	420000	29533	NA
P047v2	18	Response	101	425896	35429	1
P047v2	20	Pulse	255	450000	13704	NA
P047v2	22	Response	101	475896	9269	1
P047v2	23	Pulse	255	480000	4041	NA
P047v2	25	Pulse	255	510000	3543	NA
P047v2	26	Response	100	528216	11427	1
P047v2	28	Pulse	255	540000	1379	NA
P047v2	30	Pulse	255	570000	1049	NA
P047v2	30	Response	101	578455	9504	1
P047v2	32	Pulse	255	600000	11050	NA
P047v2	34	Response	100	624376	5096	1
P047v2	35	Pulse	255	630000	5554	NA
P047v2	37	Pulse	255	660000	5056	NA
P047v2	38	Response	100	669576	4299	1
P047v2	40	Pulse	255	690000	9892	NA
P047v2	42	Response	101	717496	6890	1
P047v2	43	Pulse	255	720000	2395	NA
P047v2	45	Pulse	255	750000	1898	NA
P047v2	46	Response	101	764695	6260	1
P047v2	48	Pulse	255	780000	4900	NA
P047v2	50	Pulse	255	810000	4403	NA
P047v2	50	Response	101	817735	12138	1
P047v2	52	Pulse	255	840000	11738	NA
P047v2	54	Response	101	863897	5304	1
P047v2	55	Pulse	255	870000	5908	NA
P047v2	57	Pulse	255	900000	5410	NA
P047v2	58	Response	101	910055	5133	1
P047v2	60	Pulse	255	930000	9412	NA
P047v2	62	Pulse	255	960000	9082	NA
P047v2	62	Response	100	962456	11538	1
P047v2	64	Pulse	255	990000	17084	NA
P047v2	66	Response	100	1013575	10162	1
P047v2	67	Pulse	255	1020000	6254	NA
P047v2	69	Pulse	255	1050000	5757	NA
P047v2	70	Response	101	1072614	18038	1
P047v2	71	Pulse	255	1080000	7259	NA
P047v2	73	Pulse	255	1110000	6762	NA
P047v2	74	Response	101	1123095	9524	1
P047v2	76	Pulse	255	1140000	6431	NA
P047v2	78	Pulse	255	1170000	5934	NA
P047v2	78	Response	101	1173017	8950	1
P047v2	80	Pulse	255	1200000	16602	NA
P047v2	82	Response	101	1219095	5199	1
P047v2	84	Pulse	255	1230000	439	NA
P047v2	86	Pulse	255	1260000	109	NA
P047v2	86	Response	100	1267815	7924	1
P047v2	88	Pulse	255	1290000	11777	NA
P047v2	90	Response	100	1313973	5253	1
P047v2	91	Pulse	255	1320000	5947	NA
P047v2	93	Pulse	255	1350000	5449	NA
P047v2	94	Response	100	1358935	4052	1
P047v2	96	Pulse	255	1380000	10618	NA
P047v2	98	Pulse	255	1410000	10121	NA
P047v2	98	Response	100	1417817	17937	1
P047v2	100	Pulse	255	1440000	11790	NA
P047v2	102	Response	101	1467015	8307	1
P047v2	103	Pulse	255	1470000	2793	NA
P047v2	105	Pulse	255	1500000	2296	NA
P047v2	106	Response	101	1514455	6418	1
P047v2	108	Pulse	255	1530000	5131	NA
P047v2	110	Pulse	255	1560000	4634	NA
P047v2	110	Response	100	1581495	26129	1
P047v2	111	Pulse	255	1590000	8303	NA
P047v2	113	Pulse	255	1620000	7806	NA
P047v2	114	Response	100	1632135	9608	1
P047v2	116	Pulse	255	1650000	7475	NA
P047v2	118	Pulse	255	1680000	6978	NA
P047v2	118	Response	101	1681973	8950	1
P047v2	120	Pulse	255	1710000	17646	NA
P047v2	122	Response	101	1730134	7283	1
P047v2	123	Pulse	255	1740000	9816	NA
P047v2	125	Pulse	255	1770000	9319	NA
P047v2	126	Response	101	1788774	17760	1
P047v2	128	Pulse	255	1800000	822	NA
P047v2	130	Pulse	255	1830000	325	NA
P047v2	130	Response	100	1857974	28298	1
P047v2	131	Pulse	255	1860000	1827	NA
P047v2	133	Pulse	255	1890000	1330	NA
P047v2	134	Response	101	1912214	13211	1
P047v2	135	Pulse	255	1920000	7665	NA
P047v2	137	Pulse	255	1950000	7168	NA
P047v2	138	Response	100	1962854	9689	1
P047v2	140	Pulse	255	1980000	6671	NA
P047v2	142	Pulse	255	2010000	6340	NA
P047v2	142	Response	101	2020694	17034	1
P047v2	144	Pulse	255	2040000	8842	NA
P047v2	146	Pulse	255	2070000	8511	NA
P047v2	146	Response	101	2074615	13126	1
P047v2	148	Pulse	255	2100000	14847	NA
P047v2	150	Response	100	2128294	12643	1
P047v2	151	Pulse	255	2130000	1517	NA
P047v2	153	Pulse	255	2160000	1020	NA
P047v2	154	Response	100	2176534	7388	1
P047v2	156	Pulse	255	2190000	3022	NA
P047v2	158	Pulse	255	2220000	2525	NA
P047v2	158	Response	100	2232934	15459	1
P047v2	160	Pulse	255	2250000	6527	NA
P047v2	162	Pulse	255	2280000	6196	NA
P047v2	162	Response	101	2280772	6968	1
P047v2	164	Pulse	255	2310000	18698	NA
P047v2	166	Response	101	2333975	12175	1
P047v2	167	Pulse	255	2340000	5868	NA
P047v2	169	Pulse	255	2370000	5371	NA
P047v2	170	Response	100	2394294	19333	1
P047v2	171	Pulse	255	2400000	5540	NA
P047v2	173	Pulse	255	2430000	5043	NA
P047v2	174	Response	100	2447574	12285	1
P047v2	176	Pulse	255	2460000	2046	NA
P047v2	178	Pulse	255	2490000	1548	NA
P047v2	178	Response	100	2494133	5682	1
P047v2	180	Pulse	255	2520000	15383	NA
P047v2	182	Pulse	255	2550000	14886	NA
P047v2	182	Response	100	2561332	26218	1
P047v2	184	Pulse	255	2580000	8222	NA
P047v2	186	Response	101	2609813	7705	1
P047v2	187	Pulse	255	2610000	59	NA
P047v2	188	Pulse	255	2640000	19726	NA
P047v2	190	Response	100	2659493	8889	1
P047v2	192	Pulse	255	2670000	64	NA
P047v2	193	Pulse	255	2700000	9899	NA
P047v2	194	Response	101	2718052	17618	1
P047v2	196	Pulse	255	2730000	1569	NA
P047v2	198	Pulse	255	2760000	1238	NA
P047v2	198	Response	100	2765335	6573	1
P047v2	200	Pulse	255	2790000	14240	NA
P047v2	202	Response	100	2811813	5722	1
P047v2	203	Response	101	2817173	5249	1
P047v2	203	Pulse	255	2820000	8076	NA
P047v2	205	Pulse	255	2850000	7579	NA
P047v2	206	Response	100	2857894	5140	1
P047v2	208	Pulse	255	2880000	11581	NA
P047v2	210	Pulse	255	2910000	11250	NA
P047v2	210	Response	101	2925813	27064	1
P047v2	212	Pulse	255	2940000	3754	NA
P047v2	214	Pulse	255	2970000	3256	NA
P047v2	214	Response	100	2972293	5550	1
P047v2	214	Response	101	2972300	5557	1
P047v2	215	Response	101	2980454	8044	1
P047v2	216	Pulse	255	3000000	17258	NA
P047v2	218	Response	101	3019974	6734	1
P047v2	219	Pulse	255	3030000	9928	NA
P047v2	221	Pulse	255	3060000	9430	NA
P047v2	222	Response	100	3071333	10431	1
P047v2	224	Pulse	255	3090000	8266	NA
P047v2	226	Pulse	255	3120000	7936	NA
P047v2	226	Response	101	3120533	8469	1
P047v2	228	Pulse	255	3150000	18937	NA
P047v2	230	Response	101	3169493	8099	1
P047v2	232	Pulse	255	3180000	108	NA
P047v2	233	Pulse	255	3210000	9943	NA
P047v2	234	Response	100	3217013	6624	1
P047v2	236	Pulse	255	3240000	12446	NA
P047v2	238	Response	100	3269493	11608	1
P047v2	239	Pulse	255	3270000	449	NA
P047v2	240	Pulse	255	3300000	20117	NA
P047v2	242	Picture	instruct_trial	3310381	0	1	557785	1	0	next	other	0
P047v2	242	Pulse	255	3330000	19619	NA
P047v2	242	Pulse	255	3360000	49619	NA
P047v2	242	Pulse	255	3390000	79619	NA
P047v2	242	Pulse	255	3420000	109619	NA
P047v2	242	Pulse	255	3450000	139619	NA
P047v2	242	Pulse	255	3480000	169619	NA
P047v2	242	Pulse	255	3510000	199619	NA
P047v2	242	Pulse	255	3540000	229619	NA
P047v2	242	Pulse	255	3570000	259619	NA
P047v2	242	Pulse	255	3600000	289619	NA
P047v2	242	Pulse	255	3630000	319619	NA
P047v2	242	Pulse	255	3660000	349619	NA
P047v2	242	Pulse	255	3690000	379619	NA
P047v2	242	Pulse	255	3720000	409619	NA
P047v2	242	Pulse	255	3750000	439619	NA
P047v2	242	Pulse	255	3780000	469619	NA
P047v2	242	Pulse	255	3810000	499619	NA
P047v2	242	Pulse	255	3840000	529619	NA
P047v2	242	Response	101	3867973	557592	1
P047v2	243	Pulse	255	3870000	1668	NA
P047v2	243	Response	100	3886374	18041	1
P047v2	245	Pulse	255	3900000	3170	NA
P047v2	247	Pulse	255	3930000	2673	NA
P047v2	247	Response	100	3951733	24406	1
P047v2	248	Pulse	255	3960000	8175	NA
P047v2	250	Pulse	255	3990000	7678	NA
P047v2	251	Response	100	4003333	10678	1
P047v2	253	Pulse	255	4020000	6180	NA
P047v2	255	Pulse	255	4050000	5683	NA
P047v2	255	Response	101	4055654	11337	1
P047v2	257	Pulse	255	4080000	13852	NA
P047v2	259	Pulse	255	4110000	13354	NA
P047v2	259	Response	101	4117573	20927	1
P047v2	261	Pulse	255	4140000	12024	NA
P047v2	263	Pulse	255	4170000	11526	NA
P047v2	263	Response	100	4172132	13659	1
P047v2	265	Pulse	255	4200000	17362	NA
P047v2	267	Response	101	4223813	10843	1
P047v2	268	Pulse	255	4230000	6032	NA
P047v2	270	Pulse	255	4260000	5535	NA
P047v2	271	Response	100	4271332	6534	1
P047v2	273	Pulse	255	4290000	8204	NA
P047v2	275	Pulse	255	4320000	7706	NA
P047v2	275	Response	101	4321331	9037	1
P047v2	277	Pulse	255	4350000	18208	NA
P047v2	279	Response	101	4371092	8803	1
P047v2	280	Pulse	255	4380000	8711	NA
P047v2	282	Pulse	255	4410000	8214	NA
P047v2	283	Response	100	4420612	8494	1
P047v2	285	Pulse	255	4440000	8883	NA
P047v2	287	Response	100	4466532	4918	1
P047v2	288	Pulse	255	4470000	3386	NA
P047v2	290	Pulse	255	4500000	2889	NA
P047v2	291	Response	101	4517654	10210	1
P047v2	293	Pulse	255	4530000	1892	NA
P047v2	295	Pulse	255	4560000	1394	NA
P047v2	295	Response	100	4570212	11606	1
P047v2	297	Pulse	255	4590000	9396	NA
P047v2	299	Pulse	255	4620000	8899	NA
P047v2	299	Response	101	4623092	11990	1
P047v2	301	Pulse	255	4650000	16401	NA
P047v2	303	Pulse	255	4680000	15903	NA
P047v2	303	Response	100	4682532	18435	1
P047v2	305	Pulse	255	4710000	17073	NA
P047v2	307	Response	101	4732932	9507	1
P047v2	308	Pulse	255	4740000	6909	NA
P047v2	310	Pulse	255	4770000	6412	NA
P047v2	311	Response	101	4782052	8131	1
P047v2	313	Pulse	255	4800000	7414	NA
P047v2	315	Pulse	255	4830000	6917	NA
P047v2	315	Response	100	4840933	17850	1
P047v2	317	Pulse	255	4860000	8586	NA
P047v2	319	Response	100	4886053	4142	1
P047v2	320	Pulse	255	4890000	3756	NA
P047v2	322	Pulse	255	4920000	3259	NA
P047v2	323	Response	100	4938692	11784	1
P047v2	325	Pulse	255	4950000	928	NA
P047v2	327	Pulse	255	4980000	431	NA
P047v2	327	Response	101	4985251	5682	1
P047v2	329	Pulse	255	5010000	14265	NA
P047v2	331	Response	101	5036692	10460	1
P047v2	332	Pulse	255	5040000	3102	NA
P047v2	334	Pulse	255	5070000	2605	NA
P047v2	335	Response	101	5092771	15043	1
P047v2	336	Pulse	255	5100000	7107	NA
P047v2	338	Pulse	255	5130000	6610	NA
P047v2	339	Response	101	5143972	10249	1
P047v2	341	Pulse	255	5160000	5612	NA
P047v2	343	Pulse	255	5190000	5282	NA
P047v2	343	Response	100	5202051	17333	1
P047v2	345	Pulse	255	5220000	7451	NA
P047v2	347	Pulse	255	5250000	6953	NA
P047v2	347	Response	100	5257172	14125	1
P047v2	349	Pulse	255	5280000	12289	NA
P047v2	351	Response	101	5303651	5443	1
P047v2	352	Pulse	255	5310000	6292	NA
P047v2	354	Pulse	255	5340000	5795	NA
P047v2	355	Response	101	5368691	24154	1
P047v2	356	Pulse	255	5370000	1131	NA
P047v2	358	Pulse	255	5400000	634	NA
P047v2	359	Response	100	5416292	6593	1
P047v2	361	Pulse	255	5430000	3303	NA
P047v2	363	Pulse	255	5460000	2805	NA
P047v2	363	Response	100	5475652	18457	1
P047v2	365	Pulse	255	5490000	3808	NA
P047v2	367	Pulse	255	5520000	3310	NA
P047v2	367	Response	100	5531652	14963	1
P047v2	369	Pulse	255	5550000	7813	NA
P047v2	371	Pulse	255	5580000	7315	NA
P047v2	371	Response	100	5580131	7446	1
P047v2	373	Pulse	255	5610000	19484	NA
P047v2	375	Response	101	5632932	11918	1
P047v2	376	Pulse	255	5640000	6987	NA
P047v2	378	Pulse	255	5670000	6490	NA
P047v2	379	Response	101	5684531	10689	1
P047v2	381	Pulse	255	5700000	4993	NA
P047v2	383	Pulse	255	5730000	4495	NA
P047v2	383	Response	100	5733571	8067	1
P047v2	385	Pulse	255	5760000	15997	NA
P047v2	387	Pulse	255	5790000	15499	NA
P047v2	387	Response	100	5799571	25070	1
P047v2	389	Pulse	255	5820000	10003	NA
P047v2	391	Response	101	5847651	7156	1
P047v2	392	Pulse	255	5850000	2173	NA
P047v2	394	Pulse	255	5880000	1675	NA
P047v2	395	Response	101	5898291	9633	1
P047v2	397	Pulse	255	5910000	1178	NA
P047v2	399	Pulse	255	5940000	680	NA
P047v2	399	Response	101	5944851	5531	1
P047v2	401	Pulse	255	5970000	14682	NA
P047v2	403	Response	100	5996931	11115	1
P047v2	404	Pulse	255	6000000	3019	NA
P047v2	406	Pulse	255	6030000	2521	NA
P047v2	407	Response	100	6049651	11840	1
P047v2	408	Pulse	255	6060000	10190	NA
P047v2	410	Pulse	255	6090000	9693	NA
P047v2	411	Response	101	6102770	12130	1
P047v2	413	Pulse	255	6120000	6695	NA
P047v2	415	Pulse	255	6150000	6198	NA
P047v2	415	Response	101	6177731	33929	1
P047v2	416	Pulse	255	6180000	2201	NA
P047v2	418	Pulse	255	6210000	1704	NA
P047v2	419	Response	101	6228852	10223	1
P047v2	421	Pulse	255	6240000	706	NA
P047v2	423	Pulse	255	6270000	209	NA
P047v2	423	Response	101	6277653	7862	1
P047v2	425	Pulse	255	6300000	11877	NA
P047v2	427	Pulse	255	6330000	11380	NA
P047v2	427	Response	100	6357009	38389	1
P047v2	428	Pulse	255	6360000	2883	NA
P047v2	430	Pulse	255	6390000	2386	NA
P047v2	431	Response	101	6411011	13064	1
P047v2	432	Pulse	255	6420000	8888	NA
P047v2	434	Pulse	255	6450000	8391	NA
P047v2	435	Response	100	6461650	9708	1
P047v2	437	Pulse	255	6480000	7893	NA
P047v2	439	Pulse	255	6510000	7396	NA
P047v2	439	Response	101	6511250	8646	1
P047v2	441	Pulse	255	6540000	18231	NA
P047v2	443	Response	100	6568450	16184	1
P047v2	444	Pulse	255	6570000	1402	NA
P047v2	446	Pulse	255	6600000	904	NA
P047v2	447	Pulse	255	6630000	20738	NA
P047v2	447	Response	101	6631730	22469	1
P047v2	449	Pulse	255	6660000	17741	NA
P047v2	451	Response	100	6678930	6174	1
P047v2	453	Pulse	255	6690000	579	NA
P047v2	455	Pulse	255	6720000	81	NA
P047v2	455	Response	100	6732450	12532	1
P047v2	457	Pulse	255	6750000	7083	NA
P047v2	459	Pulse	255	6780000	6753	NA
P047v2	459	Response	100	6785090	11843	1
P047v2	461	Pulse	255	6810000	14421	NA
P047v2	463	Pulse	255	6840000	13924	NA
P047v2	463	Response	101	6847410	21334	1
P047v2	465	Pulse	255	6870000	12093	NA
P047v2	467	Response	100	6897169	8932	1
P047v2	468	Pulse	255	6900000	2763	NA
P047v2	470	Pulse	255	6930000	2266	NA
P047v2	471	Response	100	6957410	19344	1
P047v2	472	Pulse	255	6960000	2435	NA
P047v2	474	Pulse	255	6990000	1938	NA
P047v2	475	Response	101	7006050	7656	1
P047v2	477	Pulse	255	7020000	3440	NA
P047v2	479	Pulse	255	7050000	2943	NA
P047v2	479	Response	101	7052128	5071	1
P047v2	481	Pulse	255	7080000	17444	NA
P047v2	483	Picture	instruct_trial	7093053	0	1	6333	1	0	next	other	0
P047v2	483	Response	101	7099250	6197	1
P047v2	484	Pulse	255	7110000	10448	NA
P047v2	484	Pulse	255	7140000	40448	NA
P047v2	484	Response	100	7147730	48177	1
P047v2	486	Pulse	255	7170000	11786	NA
P047v2	488	Pulse	255	7200000	11289	NA
P047v2	488	Response	101	7202930	14219	1
P047v2	490	Pulse	255	7230000	16624	NA
P047v2	492	Response	101	7255569	11696	1
P047v2	493	Pulse	255	7260000	4294	NA
P047v2	495	Pulse	255	7290000	3797	NA
P047v2	496	Response	100	7308370	11835	1
P047v2	498	Pulse	255	7320000	1133	NA
P047v2	500	Pulse	255	7350000	636	NA
P047v2	500	Response	100	7362769	13405	1
P047v2	502	Pulse	255	7380000	6805	NA
P047v2	504	Pulse	255	7410000	6307	NA
P047v2	504	Response	101	7412210	8517	1
P047v2	506	Pulse	255	7440000	17309	NA
P047v2	508	Response	100	7462129	8941	1
P047v2	509	Pulse	255	7470000	7812	NA
P047v2	511	Pulse	255	7500000	7315	NA
P047v2	512	Response	100	7510929	7911	1
P047v2	514	Pulse	255	7530000	8651	NA
P047v2	516	Response	100	7557251	5404	1
P047v2	517	Pulse	255	7560000	2654	NA
P047v2	519	Pulse	255	7590000	2157	NA
P047v2	520	Response	101	7602848	4672	1
P047v2	522	Pulse	255	7620000	6659	NA
P047v2	524	Pulse	255	7650000	6161	NA
P047v2	524	Response	101	7651330	7491	1
P047v2	526	Pulse	255	7680000	18163	NA
P047v2	528	Response	100	7698209	5875	1
P047v2	530	Pulse	255	7710000	1334	NA
P047v2	532	Pulse	255	7740000	836	NA
P047v2	532	Response	100	7753250	14086	1
P047v2	534	Pulse	255	7770000	6338	NA
P047v2	536	Pulse	255	7800000	5841	NA
P047v2	536	Response	101	7801408	7249	1
P047v2	538	Pulse	255	7830000	18176	NA
P047v2	540	Response	101	7848847	6525	1
P047v2	541	Response	100	7853327	4340	1
P047v2	542	Pulse	255	7860000	680	NA
P047v2	544	Pulse	255	7890000	183	NA
P047v2	544	Response	100	7914129	24312	1
P047v2	545	Pulse	255	7920000	5685	NA
P047v2	547	Pulse	255	7950000	5187	NA
P047v2	548	Response	100	7963250	8105	1
P047v2	550	Pulse	255	7980000	6357	NA
P047v2	552	Pulse	255	8010000	5859	NA
P047v2	552	Response	101	8013249	9108	1
P047v2	554	Pulse	255	8040000	16361	NA
P047v2	556	Response	101	8064689	10553	1
P047v2	557	Pulse	255	8070000	5198	NA
P047v2	559	Pulse	255	8100000	4700	NA
P047v2	560	Response	101	8114209	8577	1
P047v2	562	Pulse	255	8130000	5370	NA
P047v2	564	Pulse	255	8160000	4872	NA
P047v2	564	Response	101	8160449	5321	1
P047v2	566	Pulse	255	8190000	19040	NA
P047v2	568	Response	100	8211249	9792	1
P047v2	569	Pulse	255	8220000	8544	NA
P047v2	571	Pulse	255	8250000	8046	NA
P047v2	572	Response	100	8263089	10803	1
P047v2	574	Pulse	255	8280000	6383	NA
P047v2	576	Pulse	255	8310000	5885	NA
P047v2	576	Response	100	8311009	6894	1
P047v2	578	Pulse	255	8340000	18553	NA
P047v2	580	Response	100	8358771	6827	1
P047v2	582	Pulse	255	8370000	724	NA
P047v2	584	Pulse	255	8400000	393	NA
P047v2	584	Response	101	8407650	8044	1
P047v2	586	Pulse	255	8430000	11895	NA
P047v2	588	Response	101	8454129	5526	1
P047v2	589	Pulse	255	8460000	5732	NA
P047v2	591	Pulse	255	8490000	5234	NA
P047v2	592	Response	100	8502529	7597	1
P047v2	594	Pulse	255	8520000	7070	NA
P047v2	596	Response	100	8549809	6382	1
P047v2	597	Pulse	255	8550000	73	NA
P047v2	598	Pulse	255	8580000	19741	NA
P047v2	600	Response	101	8598529	7772	1
P047v2	602	Pulse	255	8610000	1078	NA
P047v2	604	Pulse	255	8640000	581	NA
P047v2	604	Response	101	8647490	8071	1
P047v2	606	Pulse	255	8670000	12083	NA
P047v2	608	Response	101	8698289	9874	1
P047v2	609	Pulse	255	8700000	1586	NA
P047v2	611	Pulse	255	8730000	1089	NA
P047v2	612	Response	101	8747168	8091	1
P047v2	614	Pulse	255	8760000	2424	NA
P047v2	616	Pulse	255	8790000	1927	NA
P047v2	616	Response	100	8794289	6216	1
P047v2	618	Pulse	255	8820000	15262	NA
P047v2	620	Response	100	8841650	6414	1
P047v2	621	Pulse	255	8850000	8265	NA
P047v2	623	Pulse	255	8880000	7768	NA
P047v2	624	Response	101	8901248	18683	1
P047v2	625	Pulse	255	8910000	8604	NA
P047v2	627	Pulse	255	8940000	8106	NA
P047v2	628	Response	101	8949088	7028	1
P047v2	630	Pulse	255	8970000	10442	NA
P047v2	632	Response	100	8997728	7672	1
P047v2	633	Pulse	255	9000000	2112	NA
P047v2	635	Pulse	255	9030000	1615	NA
P047v2	636	Response	100	9045328	6610	1
P047v2	638	Pulse	255	9060000	4284	NA
P047v2	640	Pulse	255	9090000	3786	NA
P047v2	640	Response	100	9093169	6955	1
P047v2	642	Pulse	255	9120000	16454	NA
P047v2	644	Response	101	9142928	8885	1
P047v2	645	Pulse	255	9150000	6958	NA
P047v2	647	Pulse	255	9180000	6460	NA
P047v2	648	Response	101	9189488	5616	1
P047v2	650	Pulse	255	9210000	10129	NA
P047v2	652	Response	100	9234209	3841	1
P047v2	653	Pulse	255	9240000	5632	NA
P047v2	655	Pulse	255	9270000	5135	NA
P047v2	656	Response	100	9282608	7411	1
P047v2	658	Pulse	255	9300000	6971	NA
P047v2	660	Response	100	9329008	5481	1
P047v2	661	Pulse	255	9330000	807	NA
P047v2	663	Pulse	255	9360000	310	NA
P047v2	664	Response	100	9380128	10105	1
P047v2	665	Pulse	255	9390000	9812	NA
P047v2	667	Pulse	255	9420000	9314	NA
P047v2	668	Response	101	9427088	6070	1
P047v2	670	Pulse	255	9450000	12483	NA
P047v2	672	Response	100	9474448	6600	1
P047v2	673	Pulse	255	9480000	5487	NA
P047v2	675	Pulse	255	9510000	4989	NA
P047v2	676	Response	101	9519248	3905	1
P047v2	678	Pulse	255	9540000	10325	NA
P047v2	680	Response	100	9564688	4682	1
P047v2	681	Pulse	255	9570000	5161	NA
P047v2	683	Pulse	255	9600000	4664	NA
P047v2	684	Response	101	9610928	5259	1
P047v2	686	Pulse	255	9630000	8666	NA
P047v2	688	Pulse	255	9660000	8169	NA
P047v2	688	Response	100	9660302	8470	1
P047v2	690	Pulse	255	9690000	19170	NA
P047v2	692	Response	101	9710208	8881	1
P047v2	693	Pulse	255	9720000	9674	NA
P047v2	695	Pulse	255	9750000	9176	NA
P047v2	696	Response	101	9758127	6971	1
P047v2	698	Pulse	255	9780000	11345	NA
P047v2	700	Response	101	9807408	8256	1
P047v2	701	Pulse	255	9810000	2515	NA
P047v2	703	Pulse	255	9840000	2018	NA
P047v2	704	Response	100	9856047	7732	1
P047v2	706	Pulse	255	9870000	3521	NA
P047v2	708	Pulse	255	9900000	3023	NA
P047v2	708	Response	101	9903806	6829	1
P047v2	710	Pulse	255	9930000	15691	NA
P047v2	712	Response	101	9951088	6282	1
P047v2	713	Pulse	255	9960000	8861	NA
P047v2	715	Pulse	255	9990000	8364	NA
P047v2	716	Response	100	9999167	7198	1
P047v2	718	Pulse	255	10020000	10366	NA
P047v2	720	Response	100	10044367	4236	1
P047v2	721	Pulse	255	10050000	5536	NA
P047v2	723	Pulse	255	10080000	5039	NA
P047v2	724	Picture	instruct_trial	10085294	0	1	40163	1	0	next	other	0
P047v2	724	Pulse	255	10110000	24706	NA
