Scenario - learning_JJ_english
Logfile written - 05/26/2022 11:40:19

Subject	Trial	Event Type	Code	Time	TTime	Uncertainty	Duration	Uncertainty	ReqTime	ReqDur	Stim Type	Pair Index

P047v1	0	Pulse	255	0	0	NA
P047v1	1	Picture	instruct_trial	10500	0	1	141821	1	0	next	other	0
P047v1	1	Pulse	255	30000	19500	NA
P047v1	1	Pulse	255	60000	49500	NA
P047v1	1	Pulse	255	90000	79500	NA
P047v1	1	Pulse	255	120000	109500	NA
P047v1	1	Pulse	255	150000	139500	NA
P047v1	1	Response	101	152172	141672	1
P047v1	1	Pulse	255	180000	169500	NA
P047v1	2	Pulse	255	210000	29682	NA
P047v1	2	Pulse	255	240000	59682	NA
P047v1	2	Response	100	257611	77293	1
P047v1	4	Pulse	255	270000	1856	NA
P047v1	6	Pulse	255	300000	1359	NA
P047v1	6	Response	101	311611	12969	1
P047v1	8	Pulse	255	330000	7861	NA
P047v1	10	Pulse	255	360000	7530	NA
P047v1	10	Pulse	255	390000	37530	NA
P047v1	10	Response	101	397532	45062	1
P047v1	12	Pulse	255	420000	12035	NA
P047v1	14	Pulse	255	450000	11704	NA
P047v1	14	Response	100	470491	32195	1
P047v1	15	Pulse	255	480000	9374	NA
P047v1	17	Pulse	255	510000	8876	NA
P047v1	18	Pulse	255	540000	28544	NA
P047v1	18	Pulse	255	570000	58544	NA
P047v1	18	Response	100	575371	63915	1
P047v1	20	Pulse	255	600000	14217	NA
P047v1	22	Response	101	627692	11411	1
P047v1	23	Pulse	255	630000	2220	NA
P047v1	25	Pulse	255	660000	1723	NA
P047v1	26	Pulse	255	690000	21557	NA
P047v1	26	Response	100	690011	21569	1
P047v1	28	Pulse	255	720000	19560	NA
P047v1	30	Pulse	255	750000	19229	NA
P047v1	30	Response	100	762251	31481	1
P047v1	32	Pulse	255	780000	7233	NA
P047v1	34	Pulse	255	810000	6736	NA
P047v1	34	Response	100	820730	17466	1
P047v1	36	Pulse	255	840000	8738	NA
P047v1	38	Pulse	255	870000	8407	NA
P047v1	38	Response	101	870731	9138	1
P047v1	40	Pulse	255	900000	18742	NA
P047v1	42	Response	101	925931	14343	1
P047v1	43	Pulse	255	930000	3913	NA
P047v1	45	Pulse	255	960000	3416	NA
P047v1	46	Response	100	979210	12293	1
P047v1	48	Pulse	255	990000	252	NA
P047v1	49	Pulse	255	1020000	10087	NA
P047v1	50	Response	101	1035211	15132	1
P047v1	52	Pulse	255	1050000	4257	NA
P047v1	54	Pulse	255	1080000	3926	NA
P047v1	54	Response	101	1086651	10577	1
P047v1	56	Pulse	255	1110000	12928	NA
P047v1	58	Pulse	255	1140000	12597	NA
P047v1	58	Response	100	1148251	20848	1
P047v1	60	Pulse	255	1170000	11266	NA
P047v1	62	Pulse	255	1200000	10936	NA
P047v1	62	Response	100	1213771	24707	1
P047v1	64	Pulse	255	1230000	5772	NA
P047v1	66	Pulse	255	1260000	5441	NA
P047v1	66	Response	100	1269611	15052	1
P047v1	68	Pulse	255	1290000	9944	NA
P047v1	70	Response	101	1318009	7622	1
P047v1	71	Pulse	255	1320000	1947	NA
P047v1	73	Pulse	255	1350000	1450	NA
P047v1	74	Response	101	1366890	8174	1
P047v1	76	Pulse	255	1380000	2619	NA
P047v1	78	Pulse	255	1410000	2288	NA
P047v1	78	Pulse	255	1440000	32288	NA
P047v1	78	Response	101	1460970	53258	1
P047v1	79	Pulse	255	1470000	8959	NA
P047v1	81	Pulse	255	1500000	8462	NA
P047v1	82	Response	101	1510651	8947	1
P047v1	84	Pulse	255	1530000	8964	NA
P047v1	86	Pulse	255	1560000	8634	NA
P047v1	86	Response	100	1576331	24965	1
P047v1	88	Pulse	255	1590000	3137	NA
P047v1	90	Pulse	255	1620000	2806	NA
P047v1	90	Response	100	1630091	12897	1
P047v1	92	Pulse	255	1650000	9475	NA
P047v1	94	Response	100	1679210	8187	1
P047v1	95	Pulse	255	1680000	645	NA
P047v1	97	Pulse	255	1710000	147	NA
P047v1	98	Response	100	1726890	6872	1
P047v1	100	Pulse	255	1740000	2650	NA
P047v1	102	Pulse	255	1770000	2319	NA
P047v1	102	Response	101	1798811	31130	1
P047v1	103	Pulse	255	1800000	989	NA
P047v1	105	Pulse	255	1830000	491	NA
P047v1	106	Response	101	1847770	8095	1
P047v1	108	Pulse	255	1860000	1827	NA
P047v1	110	Pulse	255	1890000	1496	NA
P047v1	110	Pulse	255	1920000	31496	NA
P047v1	110	Response	100	1921530	33027	1
P047v1	112	Pulse	255	1950000	18000	NA
P047v1	114	Response	100	1969850	7520	1
P047v1	115	Pulse	255	1980000	10003	NA
P047v1	117	Pulse	255	2010000	9506	NA
P047v1	118	Response	101	2018330	7670	1
P047v1	120	Pulse	255	2040000	11175	NA
P047v1	122	Response	101	2066410	7254	1
P047v1	123	Pulse	255	2070000	3512	NA
P047v1	125	Pulse	255	2100000	3014	NA
P047v1	126	Response	101	2115129	7811	1
P047v1	128	Pulse	255	2130000	4350	NA
P047v1	130	Pulse	255	2160000	4019	NA
P047v1	130	Response	100	2167851	11871	1
P047v1	132	Pulse	255	2190000	11688	NA
P047v1	134	Pulse	255	2220000	11357	NA
P047v1	134	Response	101	2225052	16409	1
P047v1	136	Pulse	255	2250000	14526	NA
P047v1	138	Response	100	2275290	9319	1
P047v1	139	Pulse	255	2280000	4530	NA
P047v1	141	Pulse	255	2310000	4032	NA
P047v1	142	Pulse	255	2340000	23867	NA
P047v1	142	Response	101	2358889	42756	1
P047v1	144	Pulse	255	2370000	705	NA
P047v1	146	Pulse	255	2400000	207	NA
P047v1	146	Response	101	2406650	6857	1
P047v1	148	Pulse	255	2430000	12875	NA
P047v1	150	Response	101	2459370	11915	1
P047v1	151	Pulse	255	2460000	546	NA
P047v1	153	Pulse	255	2490000	48	NA
P047v1	154	Response	100	2512090	11972	1
P047v1	155	Pulse	255	2520000	7717	NA
P047v1	157	Pulse	255	2550000	7220	NA
P047v1	158	Response	100	2562730	9784	1
P047v1	160	Pulse	255	2580000	6889	NA
P047v1	162	Pulse	255	2610000	6558	NA
P047v1	162	Response	101	2615290	11848	1
P047v1	164	Pulse	255	2640000	14227	NA
P047v1	166	Response	101	2663290	7186	1
P047v1	167	Pulse	255	2670000	6563	NA
P047v1	169	Pulse	255	2700000	6066	NA
P047v1	170	Pulse	255	2730000	25900	NA
P047v1	170	Response	100	2736169	32069	1
P047v1	172	Pulse	255	2760000	13404	NA
P047v1	174	Response	100	2783049	6122	1
P047v1	175	Pulse	255	2790000	6907	NA
P047v1	177	Pulse	255	2820000	6410	NA
P047v1	178	Response	100	2828729	4806	1
P047v1	180	Pulse	255	2850000	10745	NA
P047v1	182	Response	100	2877609	8024	1
P047v1	183	Pulse	255	2880000	2249	NA
P047v1	185	Pulse	255	2910000	1751	NA
P047v1	186	Response	101	2926249	7834	1
P047v1	188	Pulse	255	2940000	3254	NA
P047v1	190	Pulse	255	2970000	2923	NA
P047v1	190	Response	100	2976249	9172	1
P047v1	192	Pulse	255	3000000	13258	NA
P047v1	194	Response	101	3028249	11009	1
P047v1	195	Pulse	255	3030000	1595	NA
P047v1	197	Pulse	255	3060000	1098	NA
P047v1	198	Response	100	3078409	9341	1
P047v1	200	Pulse	255	3090000	1100	NA
P047v1	202	Pulse	255	3120000	603	NA
P047v1	202	Response	101	3132249	12851	1
P047v1	204	Pulse	255	3150000	7272	NA
P047v1	206	Pulse	255	3180000	6774	NA
P047v1	206	Response	100	3187369	14144	1
P047v1	208	Pulse	255	3210000	12110	NA
P047v1	210	Pulse	255	3240000	11612	NA
P047v1	210	Response	101	3262569	34182	1
P047v1	211	Pulse	255	3270000	7282	NA
P047v1	213	Pulse	255	3300000	6785	NA
P047v1	214	Response	101	3323369	19821	1
P047v1	215	Pulse	255	3330000	6454	NA
P047v1	217	Pulse	255	3360000	5957	NA
P047v1	218	Response	101	3373049	8840	1
P047v1	220	Pulse	255	3390000	6459	NA
P047v1	222	Pulse	255	3420000	6128	NA
P047v1	222	Response	100	3441689	27817	1
P047v1	223	Pulse	255	3450000	8131	NA
P047v1	225	Pulse	255	3480000	7633	NA
P047v1	226	Response	101	3495209	12677	1
P047v1	228	Pulse	255	3510000	4303	NA
P047v1	230	Pulse	255	3540000	3972	NA
P047v1	230	Response	101	3540567	4539	1
P047v1	232	Pulse	255	3570000	18974	NA
P047v1	234	Response	100	3585688	4331	1
P047v1	236	Pulse	255	3600000	3811	NA
P047v1	238	Pulse	255	3630000	3480	NA
P047v1	238	Response	100	3635048	8528	1
P047v1	240	Pulse	255	3660000	14482	NA
P047v1	242	Picture	instruct_trial	3676016	0	1	17832	1	0	next	other	0
P047v1	242	Pulse	255	3690000	13984	NA
P047v1	242	Response	101	3693689	17673	1
P047v1	243	Pulse	255	3720000	25986	NA
P047v1	243	Response	100	3721287	27273	1
P047v1	245	Pulse	255	3750000	18323	NA
P047v1	247	Pulse	255	3780000	17825	NA
P047v1	247	Response	101	3792328	30154	1
P047v1	249	Pulse	255	3810000	7162	NA
P047v1	251	Pulse	255	3840000	6831	NA
P047v1	251	Response	101	3843847	10678	1
P047v1	253	Pulse	255	3870000	15667	NA
P047v1	255	Pulse	255	3900000	15336	NA
P047v1	255	Response	101	3900009	15344	1
P047v1	257	Pulse	255	3930000	19505	NA
P047v1	259	Response	101	3949048	8056	1
P047v1	261	Pulse	255	3960000	509	NA
P047v1	263	Pulse	255	3990000	178	NA
P047v1	263	Pulse	255	4020000	30178	NA
P047v1	263	Response	101	4022888	33066	1
P047v1	265	Pulse	255	4050000	16682	NA
P047v1	267	Response	101	4076169	12520	1
P047v1	268	Pulse	255	4080000	3686	NA
P047v1	270	Pulse	255	4110000	3188	NA
P047v1	271	Response	100	4134168	17024	1
P047v1	272	Pulse	255	4140000	5691	NA
P047v1	274	Pulse	255	4170000	5193	NA
P047v1	275	Pulse	255	4200000	24861	NA
P047v1	275	Response	101	4211770	36631	1
P047v1	277	Pulse	255	4230000	7698	NA
P047v1	279	Pulse	255	4260000	7368	NA
P047v1	279	Response	101	4287048	34415	1
P047v1	280	Pulse	255	4290000	2871	NA
P047v1	282	Pulse	255	4320000	2373	NA
P047v1	283	Response	100	4343370	15411	1
P047v1	284	Pulse	255	4350000	6542	NA
P047v1	286	Pulse	255	4380000	6045	NA
P047v1	287	Response	100	4395847	11727	1
P047v1	289	Pulse	255	4410000	3714	NA
P047v1	291	Pulse	255	4440000	3217	NA
P047v1	291	Response	101	4452968	16185	1
P047v1	293	Pulse	255	4470000	6553	NA
P047v1	295	Pulse	255	4500000	6222	NA
P047v1	295	Response	100	4510088	16310	1
P047v1	297	Pulse	255	4530000	9391	NA
P047v1	299	Response	100	4559048	8108	1
P047v1	300	Pulse	255	4560000	894	NA
P047v1	302	Pulse	255	4590000	397	NA
P047v1	303	Response	100	4612888	13119	1
P047v1	304	Pulse	255	4620000	7066	NA
P047v1	306	Pulse	255	4650000	6568	NA
P047v1	307	Response	100	4670487	16889	1
P047v1	308	Pulse	255	4680000	9404	NA
P047v1	310	Pulse	255	4710000	8907	NA
P047v1	311	Response	101	4724327	13068	1
P047v1	313	Pulse	255	4740000	5243	NA
P047v1	315	Pulse	255	4770000	4912	NA
P047v1	315	Response	101	4793927	28839	1
P047v1	316	Pulse	255	4800000	5915	NA
P047v1	318	Pulse	255	4830000	5417	NA
P047v1	319	Response	101	4846008	11259	1
P047v1	321	Pulse	255	4860000	3587	NA
P047v1	323	Pulse	255	4890000	3089	NA
P047v1	323	Response	100	4900808	13897	1
P047v1	325	Pulse	255	4920000	8758	NA
P047v1	327	Pulse	255	4950000	8427	NA
P047v1	327	Response	100	4955447	13875	1
P047v1	329	Pulse	255	4980000	14096	NA
P047v1	331	Pulse	255	5010000	13599	NA
P047v1	331	Response	101	5013928	17527	1
P047v1	333	Pulse	255	5040000	15601	NA
P047v1	335	Response	101	5069848	14952	1
P047v1	336	Pulse	255	5070000	105	NA
P047v1	337	Pulse	255	5100000	19773	NA
P047v1	339	Response	100	5116567	6009	1
P047v1	341	Pulse	255	5130000	2943	NA
P047v1	343	Pulse	255	5160000	2613	NA
P047v1	343	Response	101	5165287	7900	1
P047v1	345	Pulse	255	5190000	14281	NA
P047v1	347	Pulse	255	5220000	13950	NA
P047v1	347	Response	100	5238567	32517	1
P047v1	349	Pulse	255	5250000	954	NA
P047v1	351	Pulse	255	5280000	623	NA
P047v1	351	Response	100	5294487	15110	1
P047v1	353	Pulse	255	5310000	5125	NA
P047v1	355	Pulse	255	5340000	4628	NA
P047v1	355	Response	101	5348087	12715	1
P047v1	357	Pulse	255	5370000	11463	NA
P047v1	359	Response	101	5397207	8340	1
P047v1	360	Pulse	255	5400000	2634	NA
P047v1	362	Pulse	255	5430000	2136	NA
P047v1	363	Response	100	5454727	16531	1
P047v1	364	Pulse	255	5460000	5138	NA
P047v1	366	Pulse	255	5490000	4641	NA
P047v1	367	Response	100	5504486	8795	1
P047v1	369	Pulse	255	5520000	4977	NA
P047v1	371	Pulse	255	5550000	4646	NA
P047v1	371	Response	101	5551847	6493	1
P047v1	373	Pulse	255	5580000	17648	NA
P047v1	375	Response	100	5604087	11237	1
P047v1	376	Pulse	255	5610000	5818	NA
P047v1	378	Pulse	255	5640000	5321	NA
P047v1	379	Response	101	5655926	11081	1
P047v1	381	Pulse	255	5670000	3657	NA
P047v1	383	Pulse	255	5700000	3326	NA
P047v1	383	Response	101	5704967	8293	1
P047v1	385	Pulse	255	5730000	14494	NA
P047v1	387	Pulse	255	5760000	13997	NA
P047v1	387	Response	100	5762887	16884	1
P047v1	389	Pulse	255	5790000	16666	NA
P047v1	391	Response	100	5812406	8742	1
P047v1	392	Pulse	255	5820000	7503	NA
P047v1	394	Pulse	255	5850000	7005	NA
P047v1	395	Response	101	5862247	8920	1
P047v1	397	Pulse	255	5880000	7341	NA
P047v1	399	Response	100	5909845	6856	1
P047v1	400	Pulse	255	5910000	11	NA
P047v1	401	Pulse	255	5940000	19679	NA
P047v1	403	Response	101	5961045	10227	1
P047v1	404	Pulse	255	5970000	8849	NA
P047v1	406	Pulse	255	6000000	8352	NA
P047v1	407	Response	101	6025927	24113	1
P047v1	408	Pulse	255	6030000	4021	NA
P047v1	409	Response	101	6053846	17535	1
P047v1	410	Pulse	255	6060000	3524	NA
P047v1	411	Response	100	6073607	6965	1
P047v1	413	Pulse	255	6090000	5860	NA
P047v1	415	Response	101	6119927	5456	1
P047v1	416	Pulse	255	6120000	29	NA
P047v1	417	Response	101	6141446	11143	1
P047v1	417	Pulse	255	6150000	19697	NA
P047v1	419	Response	101	6165206	4406	1
P047v1	421	Pulse	255	6180000	4368	NA
P047v1	423	Pulse	255	6210000	4037	NA
P047v1	423	Response	100	6212327	6364	1
P047v1	425	Pulse	255	6240000	17205	NA
P047v1	427	Response	100	6264166	11040	1
P047v1	428	Pulse	255	6270000	5709	NA
P047v1	430	Pulse	255	6300000	5211	NA
P047v1	431	Response	101	6320407	15452	1
P047v1	432	Pulse	255	6330000	9547	NA
P047v1	434	Pulse	255	6360000	9049	NA
P047v1	435	Response	101	6369927	8644	1
P047v1	437	Pulse	255	6390000	9552	NA
P047v1	439	Response	100	6419926	9147	1
P047v1	439	Pulse	255	6420000	9221	NA
P047v1	441	Pulse	255	6450000	19556	NA
P047v1	443	Response	100	6476647	15872	1
P047v1	444	Pulse	255	6480000	3227	NA
P047v1	446	Pulse	255	6510000	2730	NA
P047v1	447	Response	101	6529526	11924	1
P047v1	449	Pulse	255	6540000	66	NA
P047v1	449	Response	100	6550805	10871	1
P047v1	450	Pulse	255	6570000	9901	NA
P047v1	451	Response	101	6577766	7501	1
P047v1	453	Pulse	255	6600000	11737	NA
P047v1	455	Response	101	6628486	9725	1
P047v1	456	Pulse	255	6630000	1407	NA
P047v1	458	Pulse	255	6660000	909	NA
P047v1	459	Response	100	6683209	13953	1
P047v1	460	Pulse	255	6690000	6745	NA
P047v1	462	Pulse	255	6720000	6248	NA
P047v1	463	Response	100	6731125	7206	1
P047v1	465	Pulse	255	6750000	8417	NA
P047v1	467	Pulse	255	6780000	8086	NA
P047v1	467	Response	101	6781686	9772	1
P047v1	469	Pulse	255	6810000	17921	NA
P047v1	471	Pulse	255	6840000	17590	NA
P047v1	471	Response	100	6850565	28156	1
P047v1	473	Pulse	255	6870000	8927	NA
P047v1	475	Pulse	255	6900000	8430	NA
P047v1	475	Response	101	6902005	10435	1
P047v1	477	Pulse	255	6930000	17598	NA
P047v1	479	Response	101	6948086	5353	1
P047v1	480	Response	100	6958164	9932	1
P047v1	481	Pulse	255	6960000	1435	NA
P047v1	483	Picture	instruct_trial	6989062	0	1	47496	1	0	next	other	0
P047v1	483	Pulse	255	6990000	938	NA
P047v1	483	Pulse	255	7020000	30938	NA
P047v1	483	Response	101	7036406	47344	1
P047v1	484	Pulse	255	7050000	13275	NA
P047v1	484	Pulse	255	7080000	43275	NA
P047v1	484	Response	101	7080966	44241	1
P047v1	486	Pulse	255	7110000	18614	NA
P047v1	488	Pulse	255	7140000	18116	NA
P047v1	488	Response	101	7142646	20762	1
P047v1	490	Pulse	255	7170000	16952	NA
P047v1	492	Response	100	7194165	10787	1
P047v1	493	Pulse	255	7200000	5789	NA
P047v1	495	Pulse	255	7230000	5292	NA
P047v1	496	Response	101	7241285	6411	1
P047v1	498	Pulse	255	7260000	8294	NA
P047v1	500	Pulse	255	7290000	7797	NA
P047v1	500	Response	101	7290165	7962	1
P047v1	502	Pulse	255	7320000	19298	NA
P047v1	504	Response	100	7342726	11693	1
P047v1	505	Pulse	255	7350000	7135	NA
P047v1	507	Pulse	255	7380000	6638	NA
P047v1	508	Response	101	7391684	8156	1
P047v1	510	Pulse	255	7410000	7807	NA
P047v1	512	Pulse	255	7440000	7310	NA
P047v1	512	Response	100	7442325	9635	1
P047v1	514	Pulse	255	7470000	17145	NA
P047v1	516	Response	101	7492805	9619	1
P047v1	517	Pulse	255	7500000	7148	NA
P047v1	519	Pulse	255	7530000	6651	NA
P047v1	520	Response	100	7549925	16410	1
P047v1	521	Pulse	255	7560000	9987	NA
P047v1	523	Pulse	255	7590000	9489	NA
P047v1	524	Response	101	7598086	7409	1
P047v1	525	Response	100	7603045	4869	1
P047v1	526	Pulse	255	7620000	11492	NA
P047v1	528	Pulse	255	7650000	10994	NA
P047v1	528	Response	100	7656245	17239	1
P047v1	530	Pulse	255	7680000	13330	NA
P047v1	532	Pulse	255	7710000	12833	NA
P047v1	532	Response	101	7734965	37798	1
P047v1	533	Pulse	255	7740000	4836	NA
P047v1	535	Pulse	255	7770000	4339	NA
P047v1	536	Response	100	7786085	10258	1
P047v1	538	Pulse	255	7800000	3508	NA
P047v1	540	Pulse	255	7830000	3011	NA
P047v1	540	Response	101	7834485	7495	1
P047v1	542	Pulse	255	7860000	15012	NA
P047v1	544	Response	100	7885445	9960	1
P047v1	545	Pulse	255	7890000	4349	NA
P047v1	547	Pulse	255	7920000	3852	NA
P047v1	548	Response	101	7932885	6404	1
P047v1	550	Pulse	255	7950000	6687	NA
P047v1	552	Response	101	7979524	5714	1
P047v1	553	Pulse	255	7980000	357	NA
P047v1	554	Pulse	255	8010000	20025	NA
P047v1	556	Response	100	8027682	7210	1
P047v1	558	Pulse	255	8040000	1862	NA
P047v1	560	Pulse	255	8070000	1531	NA
P047v1	560	Response	101	8073684	5215	1
P047v1	562	Pulse	255	8100000	15866	NA
P047v1	564	Response	100	8124964	10500	1
P047v1	565	Pulse	255	8130000	4870	NA
P047v1	567	Pulse	255	8160000	4372	NA
P047v1	568	Response	100	8178085	12291	1
P047v1	570	Pulse	255	8190000	1375	NA
P047v1	572	Pulse	255	8220000	1045	NA
P047v1	572	Response	101	8225365	6409	1
P047v1	574	Pulse	255	8250000	14213	NA
P047v1	576	Response	101	8276486	10201	1
P047v1	577	Pulse	255	8280000	3383	NA
P047v1	579	Pulse	255	8310000	2885	NA
P047v1	580	Pulse	255	8340000	22553	NA
P047v1	580	Response	100	8347525	30078	1
P047v1	582	Pulse	255	8370000	12057	NA
P047v1	584	Response	101	8393684	5410	1
P047v1	585	Pulse	255	8400000	6226	NA
P047v1	587	Pulse	255	8430000	5729	NA
P047v1	588	Response	101	8451924	17487	1
P047v1	589	Pulse	255	8460000	7898	NA
P047v1	591	Pulse	255	8490000	7401	NA
P047v1	592	Pulse	255	8520000	27235	NA
P047v1	592	Response	101	8528965	36199	1
P047v1	594	Pulse	255	8550000	10572	NA
P047v1	596	Pulse	255	8580000	10242	NA
P047v1	596	Response	101	8604324	34565	1
P047v1	597	Pulse	255	8610000	5578	NA
P047v1	599	Pulse	255	8640000	5081	NA
P047v1	600	Response	100	8657044	11959	1
P047v1	602	Pulse	255	8670000	2417	NA
P047v1	604	Pulse	255	8700000	2086	NA
P047v1	604	Response	101	8707924	10010	1
P047v1	606	Pulse	255	8730000	11588	NA
P047v1	608	Pulse	255	8760000	11090	NA
P047v1	608	Response	101	8762244	13334	1
P047v1	610	Pulse	255	8790000	17259	NA
P047v1	612	Response	101	8807044	3973	1
P047v1	614	Pulse	255	8820000	2430	NA
P047v1	616	Pulse	255	8850000	1932	NA
P047v1	616	Response	100	8861845	13777	1
P047v1	618	Pulse	255	8880000	7768	NA
P047v1	620	Pulse	255	8910000	7437	NA
P047v1	620	Response	101	8922244	19681	1
P047v1	622	Pulse	255	8940000	7273	NA
P047v1	624	Pulse	255	8970000	6942	NA
P047v1	624	Response	101	8970884	7826	1
P047v1	626	Pulse	255	9000000	18611	NA
P047v1	628	Response	101	9019844	8124	1
P047v1	629	Pulse	255	9030000	9947	NA
P047v1	631	Pulse	255	9060000	9450	NA
P047v1	632	Pulse	255	9090000	29284	NA
P047v1	632	Response	100	9106964	46248	1
P047v1	634	Pulse	255	9120000	2622	NA
P047v1	636	Pulse	255	9150000	2292	NA
P047v1	636	Response	101	9176564	28856	1
P047v1	637	Pulse	255	9180000	3294	NA
P047v1	639	Pulse	255	9210000	2797	NA
P047v1	640	Response	101	9226802	9433	1
P047v1	642	Pulse	255	9240000	2799	NA
P047v1	644	Pulse	255	9270000	2302	NA
P047v1	644	Response	101	9278481	10783	1
P047v1	646	Pulse	255	9300000	11137	NA
P047v1	648	Response	101	9327200	7840	1
P047v1	649	Pulse	255	9330000	2641	NA
P047v1	651	Pulse	255	9360000	2143	NA
P047v1	652	Response	100	9378560	10371	1
P047v1	654	Pulse	255	9390000	979	NA
P047v1	656	Pulse	255	9420000	648	NA
P047v1	656	Response	100	9433761	14410	1
P047v1	658	Pulse	255	9450000	5817	NA
P047v1	660	Pulse	255	9480000	5320	NA
P047v1	660	Response	100	9490081	15401	1
P047v1	662	Pulse	255	9510000	9489	NA
P047v1	664	Response	100	9539361	8352	1
P047v1	665	Pulse	255	9540000	492	NA
P047v1	666	Pulse	255	9570000	20160	NA
P047v1	668	Response	101	9587041	6703	1
P047v1	670	Pulse	255	9600000	2497	NA
P047v1	672	Pulse	255	9630000	2000	NA
P047v1	672	Response	100	9634721	6721	1
P047v1	674	Pulse	255	9660000	14835	NA
P047v1	676	Response	101	9685040	9544	1
P047v1	677	Pulse	255	9690000	4838	NA
P047v1	679	Pulse	255	9720000	4341	NA
P047v1	680	Response	100	9735521	9696	1
P047v1	682	Pulse	255	9750000	4010	NA
P047v1	684	Pulse	255	9780000	3679	NA
P047v1	684	Response	101	9781761	5441	1
P047v1	686	Pulse	255	9810000	17847	NA
P047v1	688	Response	100	9837360	14710	1
P047v1	689	Pulse	255	9840000	2518	NA
P047v1	691	Pulse	255	9870000	2021	NA
P047v1	692	Response	101	9895760	17448	1
P047v1	693	Pulse	255	9900000	4190	NA
P047v1	695	Pulse	255	9930000	3692	NA
P047v1	696	Response	101	9947361	10721	1
P047v1	698	Pulse	255	9960000	2195	NA
P047v1	700	Pulse	255	9990000	1698	NA
P047v1	700	Response	101	9994481	6178	1
P047v1	702	Pulse	255	10020000	15033	NA
P047v1	704	Response	100	10046481	11182	1
P047v1	705	Pulse	255	10050000	3369	NA
P047v1	707	Pulse	255	10080000	2872	NA
P047v1	708	Response	101	10094803	7509	1
P047v1	710	Pulse	255	10110000	4708	NA
P047v1	712	Response	101	10139443	3820	1
P047v1	713	Pulse	255	10140000	378	NA
P047v1	714	Pulse	255	10170000	20045	NA
P047v1	716	Response	100	10188243	7958	1
P047v1	718	Pulse	255	10200000	1216	NA
P047v1	720	Pulse	255	10230000	885	NA
P047v1	720	Response	100	10238483	9369	1
P047v1	722	Pulse	255	10260000	11054	NA
P047v1	724	Picture	instruct_trial	10279277	0	1	40163	1	0	next	other	0
P047v1	724	Pulse	255	10290000	10723	NA
