Scenario - learning_JJ_english
Logfile written - 06/07/2022 13:02:07

Subject	Trial	Event Type	Code	Time	TTime	Uncertainty	Duration	Uncertainty	ReqTime	ReqDur	Stim Type	Pair Index

p048v2	0	Pulse	255	0	0	NA
p048v2	1	Picture	instruct_trial	10500	0	1	244956	1	0	next	other	0
p048v2	1	Pulse	255	30000	19500	NA
p048v2	1	Pulse	255	60000	49500	NA
p048v2	1	Pulse	255	90000	79500	NA
p048v2	1	Pulse	255	120000	109500	NA
p048v2	1	Pulse	255	150000	139500	NA
p048v2	1	Pulse	255	180000	169500	NA
p048v2	1	Pulse	255	210000	199500	NA
p048v2	1	Pulse	255	240000	229500	NA
p048v2	1	Response	100	255247	244747	1
p048v2	1	Pulse	255	270000	259500	NA
p048v2	2	Response	100	285406	15286	1
p048v2	4	Pulse	255	300000	4051	NA
p048v2	6	Pulse	255	330000	3723	NA
p048v2	6	Response	101	332847	6570	1
p048v2	8	Pulse	255	360000	16726	NA
p048v2	10	Response	100	376763	3162	1
p048v2	12	Pulse	255	390000	2734	NA
p048v2	14	Pulse	255	420000	2406	NA
p048v2	14	Response	101	420046	2452	1
p048v2	16	Pulse	255	450000	19409	NA
p048v2	18	Response	100	464763	3844	1
p048v2	20	Pulse	255	480000	4750	NA
p048v2	22	Pulse	255	510000	4089	NA
p048v2	22	Response	101	511805	5894	1
p048v2	24	Pulse	255	540000	17925	NA
p048v2	26	Response	100	556522	4119	1
p048v2	28	Pulse	255	570000	3100	NA
p048v2	30	Pulse	255	600000	2772	NA
p048v2	30	Response	101	600204	2976	1
p048v2	32	Pulse	255	630000	19274	NA
p048v2	34	Response	100	645486	4432	1
p048v2	36	Pulse	255	660000	4115	NA
p048v2	38	Pulse	255	690000	3787	NA
p048v2	38	Response	100	691405	5192	1
p048v2	40	Pulse	255	720000	18124	NA
p048v2	42	Response	100	736124	3920	1
p048v2	44	Pulse	255	750000	3465	NA
p048v2	46	Pulse	255	780000	3137	NA
p048v2	46	Response	101	781161	4298	1
p048v2	48	Pulse	255	810000	18640	NA
p048v2	50	Response	100	825805	4116	1
p048v2	52	Pulse	255	840000	3814	NA
p048v2	54	Pulse	255	870000	3486	NA
p048v2	54	Response	101	875083	8570	1
p048v2	56	Pulse	255	900000	14490	NA
p048v2	58	Response	101	919002	3164	1
p048v2	60	Pulse	255	930000	497	NA
p048v2	62	Pulse	255	960000	170	NA
p048v2	62	Response	100	962525	2694	1
p048v2	64	Pulse	255	990000	17005	NA
p048v2	66	Response	101	1009725	6402	1
p048v2	67	Pulse	255	1020000	10178	NA
p048v2	69	Pulse	255	1050000	9684	NA
p048v2	70	Response	101	1053564	3084	1
p048v2	72	Pulse	255	1080000	16188	NA
p048v2	74	Response	100	1097006	2866	1
p048v2	76	Pulse	255	1110000	2529	NA
p048v2	78	Response	101	1139162	1363	1
p048v2	79	Pulse	255	1140000	702	NA
p048v2	81	Pulse	255	1170000	374	NA
p048v2	81	Response	100	1172523	2896	1
p048v2	82	Response	100	1183242	3450	1
p048v2	84	Pulse	255	1200000	6378	NA
p048v2	86	Response	100	1226761	2811	1
p048v2	87	Pulse	255	1230000	3050	NA
p048v2	89	Pulse	255	1260000	2723	NA
p048v2	90	Response	100	1271485	4043	1
p048v2	92	Pulse	255	1290000	8060	NA
p048v2	94	Response	101	1314840	2572	1
p048v2	95	Pulse	255	1320000	5066	NA
p048v2	97	Pulse	255	1350000	4738	NA
p048v2	98	Response	100	1357644	2217	1
p048v2	100	Pulse	255	1380000	11909	NA
p048v2	102	Response	101	1401725	3306	1
p048v2	103	Pulse	255	1410000	8082	NA
p048v2	105	Pulse	255	1440000	7754	NA
p048v2	106	Response	101	1446203	3792	1
p048v2	108	Pulse	255	1470000	13425	NA
p048v2	110	Response	101	1494441	7538	1
p048v2	111	Pulse	255	1500000	5431	NA
p048v2	113	Pulse	255	1530000	4937	NA
p048v2	114	Response	100	1539906	4678	1
p048v2	116	Pulse	255	1560000	9775	NA
p048v2	118	Response	100	1584921	4368	1
p048v2	119	Pulse	255	1590000	4948	NA
p048v2	121	Pulse	255	1620000	4453	NA
p048v2	122	Response	100	1631563	5851	1
p048v2	124	Pulse	255	1650000	7958	NA
p048v2	126	Response	100	1675964	3594	1
p048v2	127	Pulse	255	1680000	3964	NA
p048v2	129	Pulse	255	1710000	3636	NA
p048v2	130	Response	100	1721881	5352	1
p048v2	132	Pulse	255	1740000	7640	NA
p048v2	134	Response	101	1765568	2881	1
p048v2	135	Pulse	255	1770000	4313	NA
p048v2	137	Pulse	255	1800000	3819	NA
p048v2	138	Response	101	1809721	3374	1
p048v2	140	Pulse	255	1830000	9823	NA
p048v2	142	Response	101	1853000	2495	1
p048v2	143	Pulse	255	1860000	6829	NA
p048v2	145	Response	100	1887481	3815	1
p048v2	145	Pulse	255	1890000	6334	NA
p048v2	146	Response	100	1896123	2292	1
p048v2	148	Pulse	255	1920000	13671	NA
p048v2	150	Response	100	1942282	5625	1
p048v2	151	Pulse	255	1950000	7678	NA
p048v2	153	Pulse	255	1980000	7350	NA
p048v2	154	Response	100	1988042	5227	1
p048v2	156	Pulse	255	2010000	11521	NA
p048v2	158	Response	101	2037000	8193	1
p048v2	159	Pulse	255	2040000	2861	NA
p048v2	161	Pulse	255	2070000	2534	NA
p048v2	162	Response	100	2080923	3291	1
p048v2	164	Pulse	255	2100000	8704	NA
p048v2	166	Response	100	2125403	3780	1
p048v2	167	Pulse	255	2130000	4544	NA
p048v2	169	Pulse	255	2160000	4049	NA
p048v2	170	Response	100	2172922	6806	1
p048v2	172	Pulse	255	2190000	6554	NA
p048v2	174	Response	101	2217082	3309	1
p048v2	175	Pulse	255	2220000	2727	NA
p048v2	177	Pulse	255	2250000	2399	NA
p048v2	178	Response	101	2262683	4917	1
p048v2	180	Pulse	255	2280000	6903	NA
p048v2	182	Response	101	2308040	4615	1
p048v2	183	Pulse	255	2310000	1910	NA
p048v2	185	Pulse	255	2340000	1582	NA
p048v2	186	Response	101	2363400	14817	1
p048v2	187	Pulse	255	2370000	6420	NA
p048v2	189	Pulse	255	2400000	6092	NA
p048v2	190	Pulse	255	2430000	25927	NA
p048v2	190	Response	101	2434760	30687	1
p048v2	192	Pulse	255	2460000	14768	NA
p048v2	194	Response	100	2482999	7439	1
p048v2	195	Pulse	255	2490000	6941	NA
p048v2	197	Pulse	255	2520000	6613	NA
p048v2	198	Response	100	2530759	7207	1
p048v2	200	Pulse	255	2550000	8951	NA
p048v2	202	Response	101	2579000	7623	1
p048v2	203	Pulse	255	2580000	958	NA
p048v2	205	Pulse	255	2610000	463	NA
p048v2	206	Response	101	2626199	6497	1
p048v2	208	Pulse	255	2640000	3302	NA
p048v2	210	Pulse	255	2670000	2974	NA
p048v2	210	Response	100	2671559	4532	1
p048v2	212	Pulse	255	2700000	17976	NA
p048v2	214	Response	100	2718520	6168	1
p048v2	216	Pulse	255	2730000	1151	NA
p048v2	218	Pulse	255	2760000	823	NA
p048v2	218	Response	101	2764680	5504	1
p048v2	220	Pulse	255	2790000	14993	NA
p048v2	222	Response	100	2811562	6227	1
p048v2	223	Pulse	255	2820000	8333	NA
p048v2	225	Pulse	255	2850000	8005	NA
p048v2	226	Response	101	2867479	15319	1
p048v2	228	Pulse	255	2880000	2178	NA
p048v2	230	Pulse	255	2910000	1850	NA
p048v2	230	Response	101	2916119	7969	1
p048v2	232	Pulse	255	2940000	13353	NA
p048v2	234	Response	101	2960762	3788	1
p048v2	235	Pulse	255	2970000	9193	NA
p048v2	237	Pulse	255	3000000	8698	NA
p048v2	238	Response	100	3027478	26012	1
p048v2	239	Pulse	255	3030000	2371	NA
p048v2	241	Pulse	255	3060000	2043	NA
p048v2	242	Picture	instruct_trial	3068122	0	1	30994	1	0	next	other	0
p048v2	242	Pulse	255	3090000	21878	NA
p048v2	242	Response	101	3098998	30876	1
p048v2	243	Pulse	255	3120000	20717	NA
p048v2	243	Response	101	3124918	25636	1
p048v2	245	Pulse	255	3150000	14557	NA
p048v2	247	Pulse	255	3180000	14229	NA
p048v2	247	Response	100	3185798	20028	1
p048v2	249	Pulse	255	3210000	13901	NA
p048v2	251	Pulse	255	3240000	13573	NA
p048v2	251	Response	100	3244601	18174	1
p048v2	253	Pulse	255	3270000	15078	NA
p048v2	255	Response	101	3294279	9029	1
p048v2	256	Pulse	255	3300000	5585	NA
p048v2	258	Pulse	255	3330000	5091	NA
p048v2	259	Response	101	3342361	7287	1
p048v2	261	Pulse	255	3360000	7263	NA
p048v2	263	Pulse	255	3390000	6935	NA
p048v2	263	Response	100	3398680	15614	1
p048v2	265	Pulse	255	3420000	10939	NA
p048v2	267	Response	101	3449958	10570	1
p048v2	267	Pulse	255	3450000	10611	NA
p048v2	269	Pulse	255	3480000	19615	NA
p048v2	271	Response	101	3497959	7246	1
p048v2	273	Pulse	255	3510000	1790	NA
p048v2	275	Pulse	255	3540000	1462	NA
p048v2	275	Response	101	3550119	11581	1
p048v2	277	Pulse	255	3570000	9633	NA
p048v2	279	Response	101	3598200	7504	1
p048v2	280	Pulse	255	3600000	1640	NA
p048v2	282	Pulse	255	3630000	1145	NA
p048v2	283	Response	100	3647877	8857	1
p048v2	285	Pulse	255	3660000	1650	NA
p048v2	287	Pulse	255	3690000	1322	NA
p048v2	287	Response	101	3694518	5840	1
p048v2	289	Pulse	255	3720000	14992	NA
p048v2	291	Pulse	255	3750000	14664	NA
p048v2	291	Response	101	3758357	23021	1
p048v2	293	Pulse	255	3780000	11170	NA
p048v2	295	Response	100	3807479	8321	1
p048v2	296	Pulse	255	3810000	2344	NA
p048v2	298	Pulse	255	3840000	2016	NA
p048v2	299	Response	100	3860038	11888	1
p048v2	300	Pulse	255	3870000	9853	NA
p048v2	302	Pulse	255	3900000	9358	NA
p048v2	303	Response	101	3906276	5470	1
p048v2	305	Pulse	255	3930000	13363	NA
p048v2	307	Pulse	255	3960000	13035	NA
p048v2	307	Response	101	3978360	31395	1
p048v2	309	Pulse	255	3990000	1376	NA
p048v2	311	Pulse	255	4020000	1048	NA
p048v2	311	Response	101	4025156	6204	1
p048v2	313	Pulse	255	4050000	14551	NA
p048v2	315	Response	100	4069077	3300	1
p048v2	317	Pulse	255	4080000	392	NA
p048v2	319	Pulse	255	4110000	64	NA
p048v2	319	Response	101	4114998	5062	1
p048v2	321	Pulse	255	4140000	14733	NA
p048v2	323	Response	100	4161481	5887	1
p048v2	324	Pulse	255	4170000	8407	NA
p048v2	326	Pulse	255	4200000	7912	NA
p048v2	327	Response	101	4207398	5145	1
p048v2	329	Pulse	255	4230000	12250	NA
p048v2	331	Response	100	4255795	7717	1
p048v2	332	Pulse	255	4260000	4090	NA
p048v2	334	Pulse	255	4290000	3762	NA
p048v2	335	Response	101	4301155	4753	1
p048v2	336	Response	100	4307238	6003	1
p048v2	337	Response	100	4312996	1429	1
p048v2	337	Pulse	255	4320000	8433	NA
p048v2	339	Response	101	4347078	5184	1
p048v2	340	Pulse	255	4350000	2773	NA
p048v2	342	Pulse	255	4380000	2445	NA
p048v2	343	Response	101	4394917	7197	1
p048v2	345	Pulse	255	4410000	4617	NA
p048v2	347	Pulse	255	4440000	4289	NA
p048v2	347	Response	100	4442679	6968	1
p048v2	349	Pulse	255	4470000	16792	NA
p048v2	351	Response	101	4489799	6263	1
p048v2	352	Pulse	255	4500000	10132	NA
p048v2	354	Pulse	255	4530000	9804	NA
p048v2	355	Response	100	4538197	7836	1
p048v2	357	Pulse	255	4560000	11476	NA
p048v2	359	Response	101	4584995	6143	1
p048v2	360	Pulse	255	4590000	4815	NA
p048v2	362	Pulse	255	4620000	4487	NA
p048v2	363	Response	100	4632756	7078	1
p048v2	365	Pulse	255	4650000	6826	NA
p048v2	367	Pulse	255	4680000	6498	NA
p048v2	367	Response	100	4682356	8854	1
p048v2	369	Pulse	255	4710000	17335	NA
p048v2	371	Response	101	4728038	5044	1
p048v2	373	Pulse	255	4740000	1676	NA
p048v2	375	Pulse	255	4770000	1348	NA
p048v2	375	Response	101	4774277	5626	1
p048v2	377	Pulse	255	4800000	15518	NA
p048v2	379	Response	101	4824115	9304	1
p048v2	380	Pulse	255	4830000	5691	NA
p048v2	382	Pulse	255	4860000	5197	NA
p048v2	383	Response	101	4869554	4586	1
p048v2	385	Pulse	255	4890000	10035	NA
p048v2	387	Response	101	4914917	4623	1
p048v2	388	Pulse	255	4920000	5041	NA
p048v2	390	Pulse	255	4950000	4546	NA
p048v2	391	Response	101	4960677	5058	1
p048v2	393	Pulse	255	4980000	9051	NA
p048v2	395	Response	101	5007714	6437	1
p048v2	396	Pulse	255	5010000	2224	NA
p048v2	398	Pulse	255	5040000	1896	NA
p048v2	399	Response	101	5053157	4888	1
p048v2	401	Pulse	255	5070000	6401	NA
p048v2	403	Response	101	5097954	4027	1
p048v2	404	Pulse	255	5100000	1907	NA
p048v2	406	Pulse	255	5130000	1412	NA
p048v2	407	Response	101	5142038	3285	1
p048v2	409	Pulse	255	5160000	7750	NA
p048v2	411	Response	101	5186834	4255	1
p048v2	412	Pulse	255	5190000	3089	NA
p048v2	414	Pulse	255	5220000	2761	NA
p048v2	415	Response	101	5233315	5911	1
p048v2	417	Pulse	255	5250000	6433	NA
p048v2	419	Pulse	255	5280000	6105	NA
p048v2	419	Response	100	5283719	9824	1
p048v2	421	Pulse	255	5310000	15775	NA
p048v2	423	Response	101	5329634	5081	1
p048v2	424	Pulse	255	5340000	10281	NA
p048v2	426	Pulse	255	5370000	9787	NA
p048v2	427	Response	100	5376117	5739	1
p048v2	429	Pulse	255	5400000	13458	NA
p048v2	431	Response	101	5420274	3404	1
p048v2	432	Pulse	255	5430000	9631	NA
p048v2	434	Pulse	255	5460000	9136	NA
p048v2	435	Response	101	5465395	4367	1
p048v2	437	Pulse	255	5490000	14307	NA
p048v2	439	Response	101	5511474	5454	1
p048v2	440	Pulse	255	5520000	8480	NA
p048v2	442	Pulse	255	5550000	7986	NA
p048v2	443	Response	100	5562675	10496	1
p048v2	445	Pulse	255	5580000	6991	NA
p048v2	447	Pulse	255	5610000	6663	NA
p048v2	447	Response	100	5615234	11898	1
p048v2	449	Pulse	255	5640000	14334	NA
p048v2	451	Response	101	5661156	5162	1
p048v2	452	Pulse	255	5670000	8674	NA
p048v2	454	Pulse	255	5700000	8179	NA
p048v2	455	Response	101	5706996	5011	1
p048v2	457	Pulse	255	5730000	12684	NA
p048v2	459	Response	100	5754594	6950	1
p048v2	460	Pulse	255	5760000	5357	NA
p048v2	462	Pulse	255	5790000	5029	NA
p048v2	463	Response	101	5800354	5218	1
p048v2	465	Pulse	255	5820000	9200	NA
p048v2	467	Response	101	5845956	4828	1
p048v2	468	Pulse	255	5850000	3873	NA
p048v2	470	Pulse	255	5880000	3379	NA
p048v2	471	Response	100	5893793	7007	1
p048v2	473	Pulse	255	5910000	5717	NA
p048v2	475	Pulse	255	5940000	5389	NA
p048v2	475	Response	101	5946274	11663	1
p048v2	477	Pulse	255	5970000	13226	NA
p048v2	479	Response	101	5991474	4373	1
p048v2	480	Pulse	255	6000000	8399	NA
p048v2	482	Pulse	255	6030000	8071	NA
p048v2	483	Picture	instruct_trial	6032094	0	1	775029	1	0	next	other	0
p048v2	483	Pulse	255	6060000	27906	NA
p048v2	483	Pulse	255	6090000	57906	NA
p048v2	483	Pulse	255	6120000	87906	NA
p048v2	483	Pulse	255	6150000	117906	NA
p048v2	483	Pulse	255	6180000	147906	NA
p048v2	483	Pulse	255	6210000	177906	NA
p048v2	483	Pulse	255	6240000	207906	NA
p048v2	483	Pulse	255	6270000	237906	NA
p048v2	483	Pulse	255	6300000	267906	NA
p048v2	483	Pulse	255	6330000	297906	NA
p048v2	483	Pulse	255	6360000	327906	NA
p048v2	483	Pulse	255	6390000	357906	NA
p048v2	483	Pulse	255	6420000	387906	NA
p048v2	483	Pulse	255	6450000	417906	NA
p048v2	483	Pulse	255	6480000	447906	NA
p048v2	483	Pulse	255	6510000	477906	NA
p048v2	483	Pulse	255	6540000	507906	NA
p048v2	483	Pulse	255	6570000	537906	NA
p048v2	483	Pulse	255	6600000	567906	NA
p048v2	483	Pulse	255	6630000	597906	NA
p048v2	483	Pulse	255	6660000	627906	NA
p048v2	483	Pulse	255	6690000	657906	NA
p048v2	483	Pulse	255	6720000	687906	NA
p048v2	483	Pulse	255	6750000	717906	NA
p048v2	483	Pulse	255	6780000	747906	NA
p048v2	483	Response	100	6807075	774981	1
p048v2	484	Pulse	255	6810000	2711	NA
p048v2	484	Response	100	6831956	24667	1
p048v2	485	Pulse	255	6840000	7882	NA
p048v2	487	Pulse	255	6870000	7388	NA
p048v2	488	Response	100	6881792	9015	1
p048v2	490	Pulse	255	6900000	7726	NA
p048v2	492	Response	100	6925871	3269	1
p048v2	493	Pulse	255	6930000	4066	NA
p048v2	495	Pulse	255	6960000	3571	NA
p048v2	496	Response	100	6973311	6717	1
p048v2	498	Pulse	255	6990000	6243	NA
p048v2	500	Pulse	255	7020000	5915	NA
p048v2	500	Response	100	7024671	10586	1
p048v2	502	Pulse	255	7050000	14918	NA
p048v2	504	Response	100	7070831	5421	1
p048v2	505	Pulse	255	7080000	9092	NA
p048v2	507	Pulse	255	7110000	8764	NA
p048v2	508	Response	100	7117070	5669	1
p048v2	510	Pulse	255	7140000	12435	NA
p048v2	512	Response	101	7165790	7897	1
p048v2	513	Pulse	255	7170000	4108	NA
p048v2	515	Pulse	255	7200000	3614	NA
p048v2	516	Response	100	7209793	3242	1
p048v2	518	Pulse	255	7230000	9785	NA
p048v2	520	Response	100	7256352	5809	1
p048v2	521	Pulse	255	7260000	3458	NA
p048v2	523	Pulse	255	7290000	3130	NA
p048v2	524	Response	100	7299473	2438	1
p048v2	526	Pulse	255	7320000	10301	NA
p048v2	528	Pulse	255	7350000	9973	NA
p048v2	528	Pulse	255	7380000	39973	NA
p048v2	528	Response	101	7380833	40806	1
p048v2	530	Pulse	255	7410000	18815	NA
p048v2	532	Response	101	7427631	6118	1
p048v2	534	Pulse	255	7440000	2157	NA
p048v2	536	Pulse	255	7470000	1829	NA
p048v2	536	Response	100	7473873	5702	1
p048v2	538	Pulse	255	7500000	15832	NA
p048v2	540	Response	100	7524515	10019	1
p048v2	541	Pulse	255	7530000	5339	NA
p048v2	543	Pulse	255	7560000	5011	NA
p048v2	544	Response	101	7568272	3119	1
p048v2	546	Pulse	255	7590000	11349	NA
p048v2	548	Response	100	7613471	4491	1
p048v2	549	Pulse	255	7620000	6355	NA
p048v2	551	Pulse	255	7650000	6027	NA
p048v2	552	Response	101	7660752	6615	1
p048v2	554	Pulse	255	7680000	8865	NA
p048v2	556	Response	100	7704751	3288	1
p048v2	557	Pulse	255	7710000	5204	NA
p048v2	559	Pulse	255	7740000	4710	NA
p048v2	560	Response	101	7750351	4896	1
p048v2	562	Pulse	255	7770000	9214	NA
p048v2	564	Response	100	7794430	3316	1
p048v2	565	Pulse	255	7800000	5387	NA
p048v2	567	Pulse	255	7830000	5059	NA
p048v2	568	Response	101	7839152	4046	1
p048v2	570	Pulse	255	7860000	10564	NA
p048v2	572	Response	100	7883151	3387	1
p048v2	573	Pulse	255	7890000	6736	NA
p048v2	575	Pulse	255	7920000	6408	NA
p048v2	576	Response	100	7926352	2595	1
p048v2	578	Pulse	255	7950000	13412	NA
p048v2	580	Response	100	7971953	5037	1
p048v2	581	Pulse	255	7980000	7919	NA
p048v2	583	Pulse	255	8010000	7591	NA
p048v2	584	Response	100	8016350	3776	1
p048v2	586	Pulse	255	8040000	13262	NA
p048v2	588	Response	100	8060992	3925	1
p048v2	589	Pulse	255	8070000	8935	NA
p048v2	591	Pulse	255	8100000	8607	NA
p048v2	592	Response	101	8106753	5195	1
p048v2	594	Pulse	255	8130000	12945	NA
p048v2	596	Response	100	8150589	3206	1
p048v2	597	Pulse	255	8160000	9284	NA
p048v2	599	Pulse	255	8190000	8956	NA
p048v2	600	Response	101	8195312	4104	1
p048v2	602	Pulse	255	8220000	14294	NA
p048v2	604	Response	100	8241150	5115	1
p048v2	605	Pulse	255	8250000	8800	NA
p048v2	607	Pulse	255	8280000	8472	NA
p048v2	608	Response	100	8287949	6256	1
p048v2	610	Pulse	255	8310000	11810	NA
p048v2	612	Response	101	8335311	6793	1
p048v2	613	Pulse	255	8340000	4650	NA
p048v2	615	Pulse	255	8370000	4322	NA
p048v2	616	Response	101	8384751	8908	1
p048v2	618	Pulse	255	8400000	4994	NA
p048v2	620	Response	100	8429949	4615	1
p048v2	621	Pulse	255	8430000	0	NA
p048v2	622	Pulse	255	8460000	19669	NA
p048v2	624	Response	101	8476752	6093	1
p048v2	626	Pulse	255	8490000	3010	NA
p048v2	628	Pulse	255	8520000	2683	NA
p048v2	628	Response	100	8521310	3993	1
p048v2	630	Pulse	255	8550000	18352	NA
p048v2	632	Response	101	8568190	6214	1
p048v2	634	Pulse	255	8580000	1527	NA
p048v2	636	Pulse	255	8610000	1199	NA
p048v2	636	Response	100	8612750	3949	1
p048v2	638	Pulse	255	8640000	16868	NA
p048v2	640	Response	101	8660432	6972	1
p048v2	641	Pulse	255	8670000	9375	NA
p048v2	643	Pulse	255	8700000	9047	NA
p048v2	644	Response	100	8705948	4830	1
p048v2	646	Pulse	255	8730000	13718	NA
p048v2	648	Response	100	8751388	4778	1
p048v2	649	Pulse	255	8760000	8558	NA
p048v2	651	Pulse	255	8790000	8063	NA
p048v2	652	Response	101	8800511	8409	1
p048v2	654	Pulse	255	8820000	9235	NA
p048v2	656	Response	100	8847391	6298	1
p048v2	657	Pulse	255	8850000	2575	NA
p048v2	659	Pulse	255	8880000	2247	NA
p048v2	660	Response	100	8894270	6352	1
p048v2	662	Pulse	255	8910000	5252	NA
p048v2	664	Pulse	255	8940000	4924	NA
p048v2	664	Response	101	8941549	6472	1
p048v2	666	Pulse	255	8970000	17927	NA
p048v2	668	Response	100	8986191	3789	1
p048v2	670	Pulse	255	9000000	3601	NA
p048v2	672	Pulse	255	9030000	3273	NA
p048v2	672	Response	100	9030748	4021	1
p048v2	674	Pulse	255	9060000	18943	NA
p048v2	676	Response	101	9078431	7045	1
p048v2	678	Pulse	255	9090000	1118	NA
p048v2	680	Pulse	255	9120000	790	NA
p048v2	680	Response	100	9126429	7219	1
p048v2	682	Pulse	255	9150000	13293	NA
p048v2	684	Response	100	9171548	4513	1
p048v2	685	Pulse	255	9180000	8299	NA
p048v2	687	Pulse	255	9210000	7805	NA
p048v2	688	Response	100	9218990	6630	1
p048v2	690	Pulse	255	9240000	10643	NA
p048v2	692	Response	101	9268271	8586	1
p048v2	693	Pulse	255	9270000	1650	NA
p048v2	695	Pulse	255	9300000	1155	NA
p048v2	696	Response	101	9317068	8059	1
p048v2	698	Pulse	255	9330000	2494	NA
p048v2	700	Pulse	255	9360000	2166	NA
p048v2	700	Response	100	9362188	4354	1
p048v2	702	Pulse	255	9390000	17335	NA
p048v2	704	Response	101	9409709	6716	1
p048v2	705	Pulse	255	9420000	10175	NA
p048v2	707	Pulse	255	9450000	9680	NA
p048v2	708	Response	100	9455309	4824	1
p048v2	710	Pulse	255	9480000	14185	NA
p048v2	712	Response	100	9501228	5085	1
p048v2	713	Pulse	255	9510000	8691	NA
p048v2	715	Pulse	255	9540000	8363	NA
p048v2	716	Response	100	9546908	5106	1
p048v2	718	Pulse	255	9570000	12701	NA
p048v2	720	Pulse	255	9600000	12373	NA
p048v2	720	Response	100	9606669	19042	1
p048v2	722	Pulse	255	9630000	12878	NA
p048v2	724	Picture	instruct_trial	9647449	0	1	40160	1	0	next	other	0
p048v2	724	Pulse	255	9660000	12551	NA
