Scenario - learning_JJ_english
Logfile written - 06/06/2022 11:55:01

Subject	Trial	Event Type	Code	Time	TTime	Uncertainty	Duration	Uncertainty	ReqTime	ReqDur	Stim Type	Pair Index

P049v1	0	Pulse	255	0	0	NA
P049v1	1	Picture	instruct_trial	10499	0	1	506516	1	0	next	other	0
P049v1	1	Pulse	255	30000	19501	NA
P049v1	1	Pulse	255	60000	49501	NA
P049v1	1	Pulse	255	90000	79501	NA
P049v1	1	Pulse	255	120000	109501	NA
P049v1	1	Pulse	255	150000	139501	NA
P049v1	1	Pulse	255	180000	169501	NA
P049v1	1	Pulse	255	210000	199501	NA
P049v1	1	Pulse	255	240000	229501	NA
P049v1	1	Pulse	255	270000	259501	NA
P049v1	1	Pulse	255	300000	289501	NA
P049v1	1	Pulse	255	330000	319501	NA
P049v1	1	Pulse	255	360000	349501	NA
P049v1	1	Pulse	255	390000	379501	NA
P049v1	1	Pulse	255	420000	409501	NA
P049v1	1	Pulse	255	450000	439501	NA
P049v1	1	Pulse	255	480000	469501	NA
P049v1	1	Pulse	255	510000	499501	NA
P049v1	1	Response	101	516923	506423	1
P049v1	1	Pulse	255	540000	529501	NA
P049v1	2	Response	101	557563	17410	1
P049v1	4	Pulse	255	570000	1996	NA
P049v1	6	Pulse	255	600000	1694	NA
P049v1	6	Response	100	608123	9817	1
P049v1	8	Pulse	255	630000	11534	NA
P049v1	10	Response	101	658763	10116	1
P049v1	11	Pulse	255	660000	1149	NA
P049v1	13	Pulse	255	690000	820	NA
P049v1	14	Response	101	715320	15954	1
P049v1	15	Pulse	255	720000	4593	NA
P049v1	17	Pulse	255	750000	4283	NA
P049v1	18	Response	100	769720	13875	1
P049v1	19	Pulse	255	780000	10192	NA
P049v1	21	Pulse	255	810000	9841	NA
P049v1	22	Response	101	818199	7835	1
P049v1	24	Pulse	255	840000	11463	NA
P049v1	26	Pulse	255	870000	11329	NA
P049v1	26	Response	100	870203	11532	1
P049v1	28	Pulse	255	900000	19470	NA
P049v1	30	Response	101	920603	9890	1
P049v1	31	Pulse	255	930000	9311	NA
P049v1	33	Pulse	255	960000	9006	NA
P049v1	34	Response	100	970998	9904	1
P049v1	36	Pulse	255	990000	8460	NA
P049v1	38	Pulse	255	1020000	8276	NA
P049v1	38	Response	101	1028279	16555	1
P049v1	40	Pulse	255	1050000	11381	NA
P049v1	42	Pulse	255	1080000	11199	NA
P049v1	42	Response	101	1086440	17640	1
P049v1	44	Pulse	255	1110000	13241	NA
P049v1	46	Pulse	255	1140000	13058	NA
P049v1	46	Response	100	1144600	17658	1
P049v1	48	Pulse	255	1170000	15090	NA
P049v1	50	Response	101	1194202	9111	1
P049v1	51	Pulse	255	1200000	5709	NA
P049v1	53	Pulse	255	1230000	5384	NA
P049v1	54	Response	101	1243880	9165	1
P049v1	56	Pulse	255	1260000	5773	NA
P049v1	58	Pulse	255	1290000	5588	NA
P049v1	58	Response	101	1297401	12988	1
P049v1	60	Pulse	255	1320000	12264	NA
P049v1	62	Response	101	1349081	11163	1
P049v1	63	Pulse	255	1350000	834	NA
P049v1	65	Pulse	255	1380000	518	NA
P049v1	66	Response	100	1401159	11578	1
P049v1	67	Pulse	255	1410000	8755	NA
P049v1	69	Pulse	255	1440000	8433	NA
P049v1	70	Response	101	1450198	8530	1
P049v1	72	Pulse	255	1470000	9438	NA
P049v1	74	Response	101	1498362	7619	1
P049v1	75	Pulse	255	1500000	1554	NA
P049v1	77	Pulse	255	1530000	1233	NA
P049v1	78	Response	100	1553644	14766	1
P049v1	79	Pulse	255	1560000	6267	NA
P049v1	81	Pulse	255	1590000	5954	NA
P049v1	82	Response	101	1602200	8058	1
P049v1	84	Pulse	255	1620000	7483	NA
P049v1	86	Pulse	255	1650000	7302	NA
P049v1	86	Response	100	1663959	21261	1
P049v1	88	Pulse	255	1680000	5710	NA
P049v1	90	Pulse	255	1710000	5528	NA
P049v1	90	Response	101	1734999	30527	1
P049v1	91	Pulse	255	1740000	4915	NA
P049v1	93	Pulse	255	1770000	4609	NA
P049v1	94	Response	101	1792442	16926	1
P049v1	95	Pulse	255	1800000	7473	NA
P049v1	97	Pulse	255	1830000	7145	NA
P049v1	98	Response	100	1851160	18203	1
P049v1	99	Pulse	255	1860000	8755	NA
P049v1	101	Pulse	255	1890000	3992	NA
P049v1	102	Response	101	1908841	12760	1
P049v1	104	Pulse	255	1920000	821	NA
P049v1	106	Pulse	255	1950000	640	NA
P049v1	106	Response	101	1960996	11636	1
P049v1	108	Pulse	255	1980000	8681	NA
P049v1	110	Pulse	255	2010000	8500	NA
P049v1	110	Response	100	2028518	27018	1
P049v1	112	Pulse	255	2040000	1130	NA
P049v1	114	Pulse	255	2070000	949	NA
P049v1	114	Response	100	2080199	11148	1
P049v1	116	Pulse	255	2100000	9322	NA
P049v1	118	Pulse	255	2130000	9045	NA
P049v1	118	Response	101	2140997	20042	1
P049v1	120	Pulse	255	2160000	8669	NA
P049v1	122	Pulse	255	2190000	8481	NA
P049v1	122	Response	101	2191797	10278	1
P049v1	124	Pulse	255	2220000	17806	NA
P049v1	126	Response	101	2242920	10514	1
P049v1	127	Pulse	255	2250000	6908	NA
P049v1	129	Pulse	255	2280000	6642	NA
P049v1	130	Pulse	255	2310000	26542	NA
P049v1	130	Pulse	255	2340000	56542	NA
P049v1	130	Response	101	2343591	60133	1
P049v1	132	Pulse	255	2370000	16068	NA
P049v1	134	Response	100	2396438	12353	1
P049v1	135	Pulse	255	2400000	3476	NA
P049v1	137	Pulse	255	2430000	3152	NA
P049v1	138	Pulse	255	2460000	22945	NA
P049v1	138	Response	100	2460197	23142	1
P049v1	140	Pulse	255	2490000	19480	NA
P049v1	142	Response	101	2513158	12459	1
P049v1	143	Pulse	255	2520000	6757	NA
P049v1	145	Pulse	255	2550000	6306	NA
P049v1	146	Response	101	2561158	7364	1
P049v1	148	Pulse	255	2580000	8507	NA
P049v1	150	Pulse	255	2610000	8389	NA
P049v1	150	Response	100	2610760	9149	1
P049v1	152	Pulse	255	2640000	18834	NA
P049v1	154	Response	100	2662197	10850	1
P049v1	155	Pulse	255	2670000	7720	NA
P049v1	157	Pulse	255	2700000	7372	NA
P049v1	158	Response	101	2721555	18830	1
P049v1	159	Pulse	255	2730000	8362	NA
P049v1	161	Pulse	255	2760000	8041	NA
P049v1	162	Response	101	2780837	18774	1
P049v1	163	Pulse	255	2790000	9077	NA
P049v1	165	Pulse	255	2820000	8783	NA
P049v1	166	Response	101	2835157	13841	1
P049v1	168	Pulse	255	2850000	4551	NA
P049v1	170	Pulse	255	2880000	4369	NA
P049v1	170	Response	101	2886917	11286	1
P049v1	172	Pulse	255	2910000	12798	NA
P049v1	174	Response	100	2931877	4389	1
P049v1	175	Pulse	255	2940000	8036	NA
P049v1	177	Pulse	255	2970000	7710	NA
P049v1	178	Response	100	2976836	4424	1
P049v1	180	Pulse	255	3000000	12798	NA
P049v1	182	Response	100	3020996	3615	1
P049v1	183	Pulse	255	3030000	8921	NA
P049v1	185	Pulse	255	3060000	8584	NA
P049v1	186	Response	101	3065317	3804	1
P049v1	188	Pulse	255	3090000	14345	NA
P049v1	190	Response	100	3114597	8781	1
P049v1	191	Pulse	255	3120000	5316	NA
P049v1	193	Pulse	255	3150000	4981	NA
P049v1	194	Response	101	3164676	9551	1
P049v1	196	Pulse	255	3180000	5000	NA
P049v1	198	Pulse	255	3210000	4780	NA
P049v1	198	Response	101	3214915	9695	1
P049v1	200	Pulse	255	3240000	14741	NA
P049v1	202	Response	101	3263477	8031	1
P049v1	203	Pulse	255	3270000	6478	NA
P049v1	205	Pulse	255	3300000	6130	NA
P049v1	206	Response	101	3317797	13827	1
P049v1	208	Pulse	255	3330000	1863	NA
P049v1	210	Pulse	255	3360000	1682	NA
P049v1	210	Response	100	3385636	27318	1
P049v1	211	Pulse	255	3390000	4278	NA
P049v1	213	Pulse	255	3420000	3894	NA
P049v1	214	Response	101	3435162	8938	1
P049v1	216	Pulse	255	3450000	4508	NA
P049v1	218	Pulse	255	3480000	4324	NA
P049v1	218	Response	101	3481795	6119	1
P049v1	220	Pulse	255	3510000	17944	NA
P049v1	222	Pulse	255	3540000	17758	NA
P049v1	222	Response	100	3545235	22992	1
P049v1	224	Pulse	255	3570000	14426	NA
P049v1	226	Pulse	255	3600000	14242	NA
P049v1	226	Response	100	3600435	14677	1
P049v1	228	Pulse	255	3630000	19214	NA
P049v1	230	Response	101	3645956	4985	1
P049v1	232	Pulse	255	3660000	3690	NA
P049v1	234	Pulse	255	3690000	3506	NA
P049v1	234	Response	101	3699556	13062	1
P049v1	236	Pulse	255	3720000	10133	NA
P049v1	238	Pulse	255	3750000	9951	NA
P049v1	238	Response	100	3763081	23032	1
P049v1	240	Pulse	255	3780000	6595	NA
P049v1	242	Picture	instruct_trial	3803591	0	1	18934	1	0	next	other	0
P049v1	242	Pulse	255	3810000	6409	NA
P049v1	242	Response	101	3822436	18845	1
P049v1	243	Pulse	255	3840000	17309	NA
P049v1	243	Response	101	3841793	19102	1
P049v1	245	Pulse	255	3870000	17858	NA
P049v1	247	Response	101	3899156	16800	1
P049v1	248	Pulse	255	3900000	756	NA
P049v1	250	Pulse	255	3930000	435	NA
P049v1	251	Response	101	3957237	17572	1
P049v1	252	Pulse	255	3960000	2673	NA
P049v1	254	Pulse	255	3990000	2366	NA
P049v1	255	Response	101	4010754	13018	1
P049v1	256	Pulse	255	4020000	9160	NA
P049v1	258	Pulse	255	4050000	8853	NA
P049v1	259	Response	100	4060836	9564	1
P049v1	261	Pulse	255	4080000	8825	NA
P049v1	263	Response	101	4107634	6275	1
P049v1	264	Pulse	255	4110000	2192	NA
P049v1	266	Pulse	255	4140000	1874	NA
P049v1	267	Response	100	4162595	14373	1
P049v1	268	Pulse	255	4170000	7276	NA
P049v1	270	Pulse	255	4200000	6971	NA
P049v1	271	Response	100	4214032	10904	1
P049v1	273	Pulse	255	4230000	5621	NA
P049v1	275	Pulse	255	4260000	5440	NA
P049v1	275	Response	101	4278915	24355	1
P049v1	277	Pulse	255	4290000	765	NA
P049v1	279	Pulse	255	4320000	582	NA
P049v1	279	Response	101	4334034	14616	1
P049v1	281	Pulse	255	4350000	5634	NA
P049v1	283	Pulse	255	4380000	5455	NA
P049v1	283	Response	100	4386674	12129	1
P049v1	285	Pulse	255	4410000	12959	NA
P049v1	287	Response	100	4439794	12573	1
P049v1	288	Pulse	255	4440000	119	NA
P049v1	289	Pulse	255	4470000	19887	NA
P049v1	291	Response	100	4490034	9736	1
P049v1	292	Pulse	255	4500000	9881	NA
P049v1	294	Pulse	255	4530000	9536	NA
P049v1	295	Response	101	4534354	3788	1
P049v1	297	Pulse	255	4560000	15191	NA
P049v1	299	Response	101	4582994	8002	1
P049v1	300	Pulse	255	4590000	6920	NA
P049v1	302	Pulse	255	4620000	6589	NA
P049v1	303	Response	100	4633555	10041	1
P049v1	305	Pulse	255	4650000	6111	NA
P049v1	307	Pulse	255	4680000	5929	NA
P049v1	307	Response	101	4680513	6442	1
P049v1	309	Pulse	255	4710000	19164	NA
P049v1	311	Response	101	4723958	2941	1
P049v1	313	Pulse	255	4740000	5636	NA
P049v1	315	Response	100	4767714	3082	1
P049v1	316	Pulse	255	4770000	2204	NA
P049v1	318	Pulse	255	4800000	1834	NA
P049v1	319	Response	101	4811389	3120	1
P049v1	321	Pulse	255	4830000	8150	NA
P049v1	322	Response	101	4845952	4019	1
P049v1	323	Response	101	4854993	2957	1
P049v1	324	Pulse	255	4860000	4919	NA
P049v1	326	Pulse	255	4890000	4615	NA
P049v1	327	Response	100	4899392	3902	1
P049v1	329	Pulse	255	4920000	10247	NA
P049v1	331	Response	101	4943233	3299	1
P049v1	332	Pulse	255	4950000	6681	NA
P049v1	334	Pulse	255	4980000	6353	NA
P049v1	335	Response	101	4990592	6825	1
P049v1	337	Pulse	255	5010000	9089	NA
P049v1	339	Response	100	5036353	5261	1
P049v1	340	Pulse	255	5040000	3561	NA
P049v1	342	Pulse	255	5070000	3245	NA
P049v1	343	Response	101	5083793	6938	1
P049v1	345	Pulse	255	5100000	5865	NA
P049v1	347	Pulse	255	5130000	5680	NA
P049v1	347	Response	101	5131074	6754	1
P049v1	349	Pulse	255	5160000	18602	NA
P049v1	351	Response	101	5175393	3813	1
P049v1	353	Pulse	255	5190000	4282	NA
P049v1	355	Pulse	255	5220000	4114	NA
P049v1	355	Response	100	5222273	6387	1
P049v1	357	Pulse	255	5250000	17396	NA
P049v1	359	Response	100	5272993	10203	1
P049v1	360	Pulse	255	5280000	6920	NA
P049v1	362	Pulse	255	5310000	6600	NA
P049v1	363	Response	101	5318112	4614	1
P049v1	365	Pulse	255	5340000	11557	NA
P049v1	367	Response	101	5369552	10908	1
P049v1	368	Pulse	255	5370000	360	NA
P049v1	370	Pulse	255	5400000	53	NA
P049v1	371	Response	101	5416994	6944	1
P049v1	373	Pulse	255	5430000	2648	NA
P049v1	375	Pulse	255	5460000	2469	NA
P049v1	375	Response	100	5462194	4663	1
P049v1	377	Pulse	255	5490000	17468	NA
P049v1	379	Response	101	5506032	3319	1
P049v1	381	Pulse	255	5520000	3639	NA
P049v1	383	Pulse	255	5550000	3470	NA
P049v1	383	Response	100	5552592	6062	1
P049v1	385	Pulse	255	5580000	17092	NA
P049v1	387	Response	101	5595232	2142	1
P049v1	389	Pulse	255	5610000	4342	NA
P049v1	391	Response	101	5638752	2872	1
P049v1	392	Pulse	255	5640000	1165	NA
P049v1	394	Pulse	255	5670000	849	NA
P049v1	395	Response	100	5685630	6379	1
P049v1	397	Pulse	255	5700000	4044	NA
P049v1	399	Pulse	255	5730000	3860	NA
P049v1	399	Response	100	5734272	8132	1
P049v1	401	Pulse	255	5760000	15377	NA
P049v1	403	Response	101	5783712	8908	1
P049v1	404	Pulse	255	5790000	6203	NA
P049v1	406	Pulse	255	5820000	5900	NA
P049v1	407	Response	100	5830191	5992	1
P049v1	409	Pulse	255	5850000	9555	NA
P049v1	411	Response	101	5874189	3562	1
P049v1	412	Pulse	255	5880000	5725	NA
P049v1	414	Pulse	255	5910000	5359	NA
P049v1	415	Response	101	5922272	7530	1
P049v1	417	Pulse	255	5940000	7418	NA
P049v1	419	Pulse	255	5970000	7183	NA
P049v1	419	Response	100	5977951	15134	1
P049v1	421	Pulse	255	6000000	11729	NA
P049v1	423	Response	100	6022992	4541	1
P049v1	424	Pulse	255	6030000	6922	NA
P049v1	426	Pulse	255	6060000	6605	NA
P049v1	427	Response	101	6066352	2856	1
P049v1	429	Pulse	255	6090000	13269	NA
P049v1	431	Response	100	6110751	3838	1
P049v1	432	Pulse	255	6120000	9166	NA
P049v1	434	Pulse	255	6150000	8826	NA
P049v1	435	Response	100	6153871	2593	1
P049v1	437	Pulse	255	6180000	15832	NA
P049v1	439	Response	101	6197469	3120	1
P049v1	441	Pulse	255	6210000	2224	NA
P049v1	443	Pulse	255	6240000	2096	NA
P049v1	443	Response	101	6241230	3326	1
P049v1	445	Pulse	255	6270000	18422	NA
P049v1	447	Response	100	6284353	2502	1
P049v1	449	Pulse	255	6300000	5321	NA
P049v1	450	Response	101	6318673	3912	1
P049v1	451	Response	101	6327231	2370	1
P049v1	452	Pulse	255	6330000	2684	NA
P049v1	454	Pulse	255	6360000	2292	NA
P049v1	455	Response	101	6370591	2755	1
P049v1	457	Pulse	255	6390000	9070	NA
P049v1	459	Response	101	6413951	2839	1
P049v1	460	Pulse	255	6420000	5963	NA
P049v1	462	Pulse	255	6450000	5632	NA
P049v1	463	Response	100	6457791	3322	1
P049v1	465	Pulse	255	6480000	11889	NA
P049v1	467	Response	101	6500911	2618	1
P049v1	468	Pulse	255	6510000	8988	NA
P049v1	470	Pulse	255	6540000	8672	NA
P049v1	471	Response	100	6544190	2757	1
P049v1	473	Pulse	255	6570000	15411	NA
P049v1	475	Response	101	6587790	3018	1
P049v1	477	Pulse	255	6600000	1892	NA
P049v1	479	Pulse	255	6630000	1717	NA
P049v1	479	Response	101	6631951	3668	1
P049v1	481	Pulse	255	6660000	17712	NA
P049v1	483	Picture	instruct_trial	6672502	0	1	2663	1	0	next	other	0
P049v1	483	Response	101	6675070	2568	1
P049v1	484	Pulse	255	6690000	14668	NA
P049v1	484	Response	101	6697072	21740	1
P049v1	486	Pulse	255	6720000	12605	NA
P049v1	488	Response	100	6740750	3163	1
P049v1	489	Pulse	255	6750000	9163	NA
P049v1	491	Pulse	255	6780000	8890	NA
P049v1	492	Response	101	6783790	2580	1
P049v1	494	Pulse	255	6810000	15883	NA
P049v1	496	Response	100	6830030	5731	1
P049v1	497	Pulse	255	6840000	9885	NA
P049v1	499	Pulse	255	6870000	9513	NA
P049v1	500	Response	100	6876830	6213	1
P049v1	502	Pulse	255	6900000	12785	NA
P049v1	504	Response	101	6922027	4626	1
P049v1	505	Pulse	255	6930000	7891	NA
P049v1	507	Pulse	255	6960000	7582	NA
P049v1	508	Response	101	6971470	8950	1
P049v1	510	Pulse	255	6990000	8203	NA
P049v1	512	Pulse	255	7020000	8020	NA
P049v1	512	Response	101	7029069	17090	1
P049v1	514	Pulse	255	7050000	10625	NA
P049v1	516	Response	101	7077309	7755	1
P049v1	517	Pulse	255	7080000	2604	NA
P049v1	519	Pulse	255	7110000	2286	NA
P049v1	520	Response	101	7121149	3319	1
P049v1	522	Pulse	255	7140000	8529	NA
P049v1	524	Pulse	255	7170000	8359	NA
P049v1	524	Response	101	7172669	11028	1
P049v1	526	Pulse	255	7200000	16986	NA
P049v1	528	Response	100	7217629	4473	1
P049v1	530	Pulse	255	7230000	1976	NA
P049v1	532	Pulse	255	7260000	1765	NA
P049v1	532	Response	100	7262669	4434	1
P049v1	534	Pulse	255	7290000	16999	NA
P049v1	536	Response	100	7310510	7244	1
P049v1	537	Pulse	255	7320000	9402	NA
P049v1	539	Pulse	255	7350000	9000	NA
P049v1	540	Response	101	7353871	2777	1
P049v1	542	Pulse	255	7380000	15802	NA
P049v1	544	Response	100	7398669	4285	1
P049v1	546	Pulse	255	7410000	1000	NA
P049v1	548	Pulse	255	7440000	820	NA
P049v1	548	Response	101	7442589	3409	1
P049v1	550	Pulse	255	7470000	17074	NA
P049v1	552	Response	101	7487949	4841	1
P049v1	554	Pulse	255	7500000	1653	NA
P049v1	556	Pulse	255	7530000	1472	NA
P049v1	556	Response	100	7532748	4220	1
P049v1	558	Pulse	255	7560000	16929	NA
P049v1	560	Response	101	7576987	3727	1
P049v1	562	Pulse	255	7590000	2682	NA
P049v1	564	Pulse	255	7620000	2500	NA
P049v1	564	Response	100	7621230	3729	1
P049v1	566	Pulse	255	7650000	18442	NA
P049v1	568	Response	101	7664669	2927	1
P049v1	570	Pulse	255	7680000	4969	NA
P049v1	572	Response	101	7708430	3216	1
P049v1	573	Pulse	255	7710000	1483	NA
P049v1	575	Pulse	255	7740000	1012	NA
P049v1	576	Response	100	7751788	2673	1
P049v1	578	Pulse	255	7770000	7776	NA
P049v1	579	Response	101	7788509	6201	1
P049v1	580	Response	101	7792428	18	1
P049v1	581	Response	101	7795389	2812	1
P049v1	581	Pulse	255	7800000	7423	NA
P049v1	582	Response	101	7803868	1031	1
P049v1	583	Pulse	255	7830000	7081	NA
P049v1	584	Response	101	7839710	6691	1
P049v1	586	Pulse	255	7860000	9937	NA
P049v1	588	Response	101	7883308	3066	1
P049v1	589	Pulse	255	7890000	6607	NA
P049v1	591	Pulse	255	7920000	6249	NA
P049v1	592	Response	100	7932987	9130	1
P049v1	594	Pulse	255	7950000	6679	NA
P049v1	596	Pulse	255	7980000	6414	NA
P049v1	596	Response	101	7984747	11162	1
P049v1	598	Pulse	255	8010000	14893	NA
P049v1	600	Response	100	8037466	12174	1
P049v1	601	Pulse	255	8040000	2450	NA
P049v1	603	Pulse	255	8070000	2039	NA
P049v1	604	Response	100	8085626	7568	1
P049v1	606	Pulse	255	8100000	3896	NA
P049v1	608	Pulse	255	8130000	3689	NA
P049v1	608	Response	100	8130269	3957	1
P049v1	610	Pulse	255	8160000	19395	NA
P049v1	612	Response	101	8177466	6673	1
P049v1	614	Pulse	255	8190000	2206	NA
P049v1	616	Pulse	255	8220000	2031	NA
P049v1	616	Response	100	8221548	3579	1
P049v1	618	Pulse	255	8250000	18164	NA
P049v1	620	Response	101	8269546	7484	1
P049v1	622	Pulse	255	8280000	111	NA
P049v1	623	Pulse	255	8310000	10030	NA
P049v1	624	Response	100	8322029	11963	1
P049v1	626	Pulse	255	8340000	7627	NA
P049v1	628	Pulse	255	8370000	7446	NA
P049v1	628	Response	100	8372587	10033	1
P049v1	630	Pulse	255	8400000	17074	NA
P049v1	632	Response	101	8418668	5564	1
P049v1	634	Pulse	255	8430000	906	NA
P049v1	636	Pulse	255	8460000	722	NA
P049v1	636	Response	101	8466905	7627	1
P049v1	638	Pulse	255	8490000	12766	NA
P049v1	640	Pulse	255	8520000	12583	NA
P049v1	640	Response	101	8521468	14051	1
P049v1	642	Pulse	255	8550000	18179	NA
P049v1	644	Response	100	8570507	8505	1
P049v1	645	Pulse	255	8580000	9406	NA
P049v1	647	Pulse	255	8610000	9059	NA
P049v1	648	Response	101	8623224	12200	1
P049v1	650	Pulse	255	8640000	6470	NA
P049v1	652	Pulse	255	8670000	6282	NA
P049v1	652	Response	100	8679631	15913	1
P049v1	654	Pulse	255	8700000	10031	NA
P049v1	656	Response	101	8727308	7159	1
P049v1	657	Pulse	255	8730000	2607	NA
P049v1	659	Pulse	255	8760000	2263	NA
P049v1	660	Response	100	8771385	3527	1
P049v1	662	Pulse	255	8790000	8274	NA
P049v1	664	Response	101	8815144	3237	1
P049v1	665	Pulse	255	8820000	4771	NA
P049v1	667	Pulse	255	8850000	4448	NA
P049v1	668	Response	100	8869225	13569	1
P049v1	670	Pulse	255	8880000	404	NA
P049v1	672	Pulse	255	8910000	221	NA
P049v1	672	Response	101	8916425	6646	1
P049v1	674	Pulse	255	8940000	13228	NA
P049v1	676	Response	100	8962508	5547	1
P049v1	677	Pulse	255	8970000	7314	NA
P049v1	679	Pulse	255	9000000	6935	NA
P049v1	680	Response	101	9011304	8141	1
P049v1	682	Pulse	255	9030000	8370	NA
P049v1	684	Response	100	9058826	6965	1
P049v1	685	Pulse	255	9060000	1088	NA
P049v1	687	Pulse	255	9090000	846	NA
P049v1	688	Response	101	9103786	4530	1
P049v1	690	Pulse	255	9120000	5893	NA
P049v1	691	Response	101	9143384	9196	1
P049v1	692	Response	101	9146505	2218	1
P049v1	693	Pulse	255	9150000	3408	NA
P049v1	695	Pulse	255	9180000	3082	NA
P049v1	696	Response	101	9192506	5465	1
P049v1	698	Pulse	255	9210000	7171	NA
P049v1	700	Response	100	9236425	3415	1
P049v1	701	Pulse	255	9240000	3488	NA
P049v1	703	Pulse	255	9270000	3158	NA
P049v1	704	Response	100	9279785	2847	1
P049v1	706	Pulse	255	9300000	9848	NA
P049v1	708	Response	101	9324347	3916	1
P049v1	709	Pulse	255	9330000	5565	NA
P049v1	711	Pulse	255	9360000	5198	NA
P049v1	712	Response	101	9368345	3443	1
P049v1	714	Pulse	255	9390000	11332	NA
P049v1	716	Response	101	9413709	4859	1
P049v1	717	Pulse	255	9420000	6196	NA
P049v1	719	Pulse	255	9450000	5861	NA
P049v1	720	Response	100	9465865	11624	1
P049v1	721	Response	101	9469063	3111	1
P049v1	722	Pulse	255	9480000	3809	NA
P049v1	724	Picture	instruct_trial	9506372	0	1	40082	1	0	next	other	0
P049v1	724	Pulse	255	9510000	3628	NA
P049v1	724	Pulse	255	9540000	33628	NA
