Scenario - learning_JJ_english
Logfile written - 06/13/2022 15:44:16

Subject	Trial	Event Type	Code	Time	TTime	Uncertainty	Duration	Uncertainty	ReqTime	ReqDur	Stim Type	Pair Index

P049v2	0	Pulse	255	0	0	NA
P049v2	1	Picture	instruct_trial	10500	0	1	62293	1	0	next	other	0
P049v2	1	Pulse	255	30000	19500	NA
P049v2	1	Pulse	255	60000	49500	NA
P049v2	1	Response	101	72587	62087	1
P049v2	1	Pulse	255	90000	79500	NA
P049v2	2	Response	100	98906	8778	1
P049v2	4	Pulse	255	120000	10709	NA
P049v2	6	Response	100	148589	9096	1
P049v2	7	Pulse	255	150000	1323	NA
P049v2	9	Pulse	255	180000	780	NA
P049v2	10	Response	101	201228	11911	1
P049v2	11	Pulse	255	210000	8699	NA
P049v2	13	Pulse	255	240000	8368	NA
P049v2	14	Response	101	247948	6218	1
P049v2	16	Pulse	255	270000	11734	NA
P049v2	18	Response	100	293947	5386	1
P049v2	19	Pulse	255	300000	5966	NA
P049v2	21	Pulse	255	330000	5654	NA
P049v2	22	Response	100	339867	5302	1
P049v2	24	Pulse	255	360000	9813	NA
P049v2	26	Response	101	385869	5497	1
P049v2	27	Pulse	255	390000	4046	NA
P049v2	29	Pulse	255	420000	3727	NA
P049v2	30	Response	100	429225	2856	1
P049v2	32	Pulse	255	450000	10443	NA
P049v2	34	Response	101	472267	2530	1
P049v2	35	Pulse	255	480000	7646	NA
P049v2	37	Pulse	255	510000	7346	NA
P049v2	38	Response	101	515467	2713	1
P049v2	40	Pulse	255	540000	14208	NA
P049v2	42	Response	101	559067	3091	1
P049v2	44	Pulse	255	570000	618	NA
P049v2	46	Pulse	255	600000	436	NA
P049v2	46	Response	100	603387	3823	1
P049v2	48	Pulse	255	630000	16293	NA
P049v2	50	Response	101	652268	8382	1
P049v2	51	Pulse	255	660000	7644	NA
P049v2	53	Pulse	255	690000	7333	NA
P049v2	54	Response	100	701146	8380	1
P049v2	56	Pulse	255	720000	8548	NA
P049v2	58	Response	101	743547	1916	1
P049v2	59	Pulse	255	750000	6367	NA
P049v2	61	Pulse	255	780000	6046	NA
P049v2	62	Response	101	789786	5731	1
P049v2	64	Pulse	255	810000	9861	NA
P049v2	66	Response	101	834104	3767	1
P049v2	67	Pulse	255	840000	5813	NA
P049v2	69	Pulse	255	870000	5544	NA
P049v2	70	Response	101	879305	4751	1
P049v2	72	Pulse	255	900000	10377	NA
P049v2	74	Response	100	923946	4141	1
P049v2	75	Pulse	255	930000	5967	NA
P049v2	77	Pulse	255	960000	5622	NA
P049v2	78	Response	100	970266	5791	1
P049v2	80	Pulse	255	990000	9377	NA
P049v2	82	Pulse	255	1020000	9148	NA
P049v2	82	Response	101	1020346	9494	1
P049v2	84	Pulse	255	1050000	19334	NA
P049v2	86	Response	100	1064346	3497	1
P049v2	88	Pulse	255	1080000	5338	NA
P049v2	90	Response	100	1108184	3340	1
P049v2	91	Pulse	255	1110000	1732	NA
P049v2	93	Pulse	255	1140000	1410	NA
P049v2	94	Response	100	1151068	2360	1
P049v2	96	Pulse	255	1170000	8559	NA
P049v2	97	Response	101	1184105	2583	1
P049v2	98	Response	101	1194187	2585	1
P049v2	99	Pulse	255	1200000	5737	NA
P049v2	101	Pulse	255	1230000	5383	NA
P049v2	102	Response	101	1238505	3789	1
P049v2	104	Pulse	255	1260000	11182	NA
P049v2	106	Response	101	1284266	5265	1
P049v2	107	Pulse	255	1290000	5648	NA
P049v2	109	Pulse	255	1320000	5188	NA
P049v2	110	Response	100	1328026	3116	1
P049v2	112	Pulse	255	1350000	11605	NA
P049v2	114	Response	101	1372103	3559	1
P049v2	115	Pulse	255	1380000	7814	NA
P049v2	117	Pulse	255	1410000	7477	NA
P049v2	118	Response	100	1415387	2761	1
P049v2	120	Pulse	255	1440000	14276	NA
P049v2	122	Response	100	1459145	3239	1
P049v2	124	Pulse	255	1470000	527	NA
P049v2	126	Pulse	255	1500000	323	NA
P049v2	126	Response	100	1502984	3307	1
P049v2	128	Pulse	255	1530000	16588	NA
P049v2	130	Response	101	1548505	4915	1
P049v2	132	Pulse	255	1560000	1207	NA
P049v2	134	Pulse	255	1590000	1028	NA
P049v2	134	Response	101	1591864	2892	1
P049v2	136	Pulse	255	1620000	17799	NA
P049v2	138	Response	101	1640987	8607	1
P049v2	139	Pulse	255	1650000	8925	NA
P049v2	141	Pulse	255	1680000	8580	NA
P049v2	142	Response	100	1685144	3625	1
P049v2	144	Pulse	255	1710000	14485	NA
P049v2	146	Response	100	1733225	7472	1
P049v2	147	Pulse	255	1740000	6693	NA
P049v2	149	Pulse	255	1770000	6422	NA
P049v2	150	Response	101	1779385	5710	1
P049v2	152	Pulse	255	1800000	10300	NA
P049v2	154	Response	101	1824903	5033	1
P049v2	155	Pulse	255	1830000	5014	NA
P049v2	157	Pulse	255	1860000	4709	NA
P049v2	158	Response	100	1868344	2957	1
P049v2	160	Pulse	255	1890000	11328	NA
P049v2	162	Response	101	1911944	3095	1
P049v2	163	Pulse	255	1920000	7972	NA
P049v2	165	Pulse	255	1950000	7661	NA
P049v2	166	Response	101	1954186	1748	1
P049v2	168	Pulse	255	1980000	15549	NA
P049v2	170	Response	101	1997464	2832	1
P049v2	172	Pulse	255	2010000	2220	NA
P049v2	174	Pulse	255	2040000	1986	NA
P049v2	174	Response	100	2052824	14810	1
P049v2	176	Pulse	255	2070000	6860	NA
P049v2	178	Pulse	255	2100000	6561	NA
P049v2	178	Response	101	2112585	19146	1
P049v2	180	Pulse	255	2130000	7080	NA
P049v2	182	Pulse	255	2160000	6899	NA
P049v2	182	Response	100	2171545	18444	1
P049v2	184	Pulse	255	2190000	8142	NA
P049v2	186	Response	101	2217146	5108	1
P049v2	187	Pulse	255	2220000	2768	NA
P049v2	189	Pulse	255	2250000	2455	NA
P049v2	190	Response	101	2262103	4461	1
P049v2	192	Pulse	255	2280000	7583	NA
P049v2	193	Response	100	2295143	2645	1
P049v2	194	Response	100	2305143	2549	1
P049v2	195	Pulse	255	2310000	4773	NA
P049v2	197	Pulse	255	2340000	4349	NA
P049v2	198	Response	100	2348504	2739	1
P049v2	200	Pulse	255	2370000	11172	NA
P049v2	202	Response	101	2392182	3171	1
P049v2	203	Pulse	255	2400000	7732	NA
P049v2	205	Pulse	255	2430000	7440	NA
P049v2	206	Response	100	2436185	3534	1
P049v2	208	Pulse	255	2460000	13436	NA
P049v2	209	Response	101	2469383	2738	1
P049v2	209	Response	100	2475464	8819	1
P049v2	210	Response	100	2479783	3040	1
P049v2	211	Pulse	255	2490000	10136	NA
P049v2	213	Pulse	255	2520000	9836	NA
P049v2	214	Response	100	2522662	2372	1
P049v2	216	Pulse	255	2550000	17004	NA
P049v2	217	Response	100	2555786	2707	1
P049v2	217	Response	100	2558506	5428	1
P049v2	217	Response	100	2560347	7269	1
P049v2	217	Response	100	2562024	8945	1
P049v2	218	Response	100	2565065	1886	1
P049v2	219	Response	100	2570503	5354	1
P049v2	220	Pulse	255	2580000	4616	NA
P049v2	222	Response	101	2608743	3176	1
P049v2	223	Pulse	255	2610000	1123	NA
P049v2	225	Pulse	255	2640000	801	NA
P049v2	226	Response	101	2652503	3197	1
P049v2	228	Pulse	255	2670000	7171	NA
P049v2	230	Pulse	255	2700000	6991	NA
P049v2	230	Response	100	2703223	10214	1
P049v2	232	Pulse	255	2730000	16463	NA
P049v2	234	Response	101	2750019	6301	1
P049v2	235	Pulse	255	2760000	9896	NA
P049v2	237	Pulse	255	2790000	9587	NA
P049v2	238	Response	100	2793141	2627	1
P049v2	240	Pulse	255	2820000	16544	NA
P049v2	242	Picture	instruct_trial	2833637	0	1	18485	1	0	next	other	0
P049v2	242	Pulse	255	2850000	16363	NA
P049v2	242	Response	101	2851943	18306	1
P049v2	243	Response	100	2860822	8534	1
P049v2	245	Pulse	255	2880000	8861	NA
P049v2	247	Pulse	255	2910000	8653	NA
P049v2	247	Response	101	2910342	8995	1
P049v2	249	Pulse	255	2940000	19330	NA
P049v2	250	Response	100	2944260	3509	1
P049v2	251	Response	100	2953381	2536	1
P049v2	253	Pulse	255	2970000	6334	NA
P049v2	255	Response	101	2996505	2659	1
P049v2	256	Pulse	255	3000000	3411	NA
P049v2	258	Pulse	255	3030000	3102	NA
P049v2	259	Response	100	3040581	3565	1
P049v2	261	Pulse	255	3060000	9079	NA
P049v2	262	Response	100	3078023	7020	1
P049v2	263	Response	100	3084743	3642	1
P049v2	264	Pulse	255	3090000	5173	NA
P049v2	266	Response	101	3119861	4695	1
P049v2	266	Pulse	255	3120000	4834	NA
P049v2	267	Response	101	3128344	3079	1
P049v2	269	Pulse	255	3150000	11324	NA
P049v2	270	Response	100	3162104	3346	1
P049v2	270	Response	100	3167461	8704	1
P049v2	271	Response	100	3172183	3374	1
P049v2	272	Pulse	255	3180000	7734	NA
P049v2	274	Pulse	255	3210000	7377	NA
P049v2	275	Response	100	3226583	13862	1
P049v2	277	Pulse	255	3240000	3092	NA
P049v2	279	Pulse	255	3270000	2873	NA
P049v2	279	Response	100	3278663	11536	1
P049v2	281	Pulse	255	3300000	11020	NA
P049v2	283	Response	101	3324342	5181	1
P049v2	284	Pulse	255	3330000	5572	NA
P049v2	286	Pulse	255	3360000	5285	NA
P049v2	287	Response	101	3386340	21531	1
P049v2	288	Pulse	255	3390000	3577	NA
P049v2	290	Pulse	255	3420000	3270	NA
P049v2	291	Response	101	3434662	7832	1
P049v2	293	Pulse	255	3450000	4993	NA
P049v2	295	Pulse	255	3480000	4812	NA
P049v2	295	Response	101	3494742	19554	1
P049v2	297	Pulse	255	3510000	4932	NA
P049v2	299	Pulse	255	3540000	4743	NA
P049v2	299	Response	100	3563542	28285	1
P049v2	300	Pulse	255	3570000	6325	NA
P049v2	302	Pulse	255	3600000	6011	NA
P049v2	303	Response	101	3624101	20014	1
P049v2	304	Pulse	255	3630000	5815	NA
P049v2	306	Pulse	255	3660000	5513	NA
P049v2	307	Response	101	3673220	8530	1
P049v2	309	Pulse	255	3690000	6469	NA
P049v2	311	Response	100	3719221	5510	1
P049v2	312	Pulse	255	3720000	631	NA
P049v2	314	Pulse	255	3750000	320	NA
P049v2	315	Response	101	3763701	3873	1
P049v2	317	Pulse	255	3780000	5911	NA
P049v2	319	Response	101	3807061	2792	1
P049v2	320	Pulse	255	3810000	2857	NA
P049v2	322	Pulse	255	3840000	2557	NA
P049v2	323	Response	100	3854021	6521	1
P049v2	325	Pulse	255	3870000	5653	NA
P049v2	327	Response	101	3897381	2866	1
P049v2	328	Pulse	255	3900000	2536	NA
P049v2	330	Pulse	255	3930000	2231	NA
P049v2	330	Response	101	3931461	3691	1
P049v2	331	Response	101	3941461	3592	1
P049v2	333	Pulse	255	3960000	8215	NA
P049v2	333	Response	101	3960024	8239	1
P049v2	335	Response	101	3987221	5174	1
P049v2	336	Pulse	255	3990000	2691	NA
P049v2	338	Pulse	255	4020000	2378	NA
P049v2	339	Response	101	4033381	5660	1
P049v2	341	Pulse	255	4050000	6292	NA
P049v2	343	Response	100	4077941	3978	1
P049v2	344	Pulse	255	4080000	1972	NA
P049v2	346	Pulse	255	4110000	1658	NA
P049v2	347	Response	101	4123221	4781	1
P049v2	349	Pulse	255	4140000	6461	NA
P049v2	351	Response	101	4168341	4620	1
P049v2	352	Pulse	255	4170000	1573	NA
P049v2	354	Pulse	255	4200000	1240	NA
P049v2	355	Response	100	4212500	3639	1
P049v2	357	Pulse	255	4230000	7187	NA
P049v2	359	Response	100	4256022	3031	1
P049v2	360	Pulse	255	4260000	3894	NA
P049v2	362	Pulse	255	4290000	3509	NA
P049v2	363	Response	100	4299460	2873	1
P049v2	365	Pulse	255	4320000	10227	NA
P049v2	367	Response	100	4342980	3006	1
P049v2	368	Pulse	255	4350000	6933	NA
P049v2	370	Pulse	255	4380000	6621	NA
P049v2	371	Response	101	4386582	3102	1
P049v2	373	Pulse	255	4410000	13093	NA
P049v2	374	Response	101	4425459	8471	1
P049v2	375	Response	101	4430899	3812	1
P049v2	376	Pulse	255	4440000	9019	NA
P049v2	378	Pulse	255	4470000	8618	NA
P049v2	379	Response	101	4476179	4697	1
P049v2	381	Pulse	255	4500000	13496	NA
P049v2	383	Response	101	4520420	3738	1
P049v2	384	Pulse	255	4530000	9496	NA
P049v2	386	Pulse	255	4560000	9170	NA
P049v2	387	Response	101	4565699	4771	1
P049v2	389	Pulse	255	4590000	13975	NA
P049v2	391	Response	101	4609380	3171	1
P049v2	393	Pulse	255	4620000	317	NA
P049v2	395	Pulse	255	4650000	138	NA
P049v2	395	Response	101	4652820	2958	1
P049v2	397	Pulse	255	4680000	16844	NA
P049v2	399	Response	101	4699699	6364	1
P049v2	400	Pulse	255	4710000	10216	NA
P049v2	402	Pulse	255	4740000	9883	NA
P049v2	403	Response	101	4743459	3241	1
P049v2	405	Pulse	255	4770000	16215	NA
P049v2	407	Response	100	4786499	2535	1
P049v2	409	Pulse	255	4800000	3175	NA
P049v2	410	Response	101	4826819	9914	1
P049v2	411	Pulse	255	4830000	2988	NA
P049v2	411	Response	101	4831459	4447	1
P049v2	413	Pulse	255	4860000	18233	NA
P049v2	415	Response	100	4876978	5031	1
P049v2	417	Pulse	255	4890000	2708	NA
P049v2	418	Response	100	4912017	4645	1
P049v2	419	Response	100	4918499	1008	1
P049v2	420	Pulse	255	4920000	1342	NA
P049v2	422	Pulse	255	4950000	1016	NA
P049v2	423	Response	101	4962577	3466	1
P049v2	425	Pulse	255	4980000	7120	NA
P049v2	427	Response	100	5007140	4082	1
P049v2	428	Pulse	255	5010000	2772	NA
P049v2	430	Pulse	255	5040000	2459	NA
P049v2	431	Response	100	5052819	5181	1
P049v2	433	Pulse	255	5070000	6800	NA
P049v2	435	Response	101	5099059	5730	1
P049v2	436	Pulse	255	5100000	857	NA
P049v2	438	Pulse	255	5130000	542	NA
P049v2	438	Response	100	5138818	9360	1
P049v2	439	Response	100	5142418	2862	1
P049v2	441	Pulse	255	5160000	7266	NA
P049v2	443	Response	101	5188019	5106	1
P049v2	444	Pulse	255	5190000	1894	NA
P049v2	446	Pulse	255	5220000	1585	NA
P049v2	447	Response	100	5232498	3942	1
P049v2	449	Pulse	255	5250000	7125	NA
P049v2	451	Response	101	5277699	4643	1
P049v2	452	Pulse	255	5280000	2213	NA
P049v2	454	Pulse	255	5310000	1884	NA
P049v2	455	Response	101	5319939	1703	1
P049v2	457	Pulse	255	5340000	9734	NA
P049v2	458	Response	100	5359458	9120	1
P049v2	459	Response	100	5364816	4380	1
P049v2	460	Pulse	255	5370000	4998	NA
P049v2	462	Pulse	255	5400000	4680	NA
P049v2	463	Response	100	5427297	21817	1
P049v2	464	Pulse	255	5430000	2620	NA
P049v2	466	Pulse	255	5460000	2293	NA
P049v2	467	Response	101	5475542	7734	1
P049v2	469	Pulse	255	5490000	4146	NA
P049v2	471	Response	101	5519858	3825	1
P049v2	472	Pulse	255	5520000	57	NA
P049v2	473	Pulse	255	5550000	19824	NA
P049v2	474	Response	100	5558498	8239	1
P049v2	475	Response	100	5569938	9582	1
P049v2	476	Pulse	255	5580000	9978	NA
P049v2	478	Response	101	5605458	5116	1
P049v2	478	Response	101	5609298	8955	1
P049v2	478	Pulse	255	5610000	9658	NA
P049v2	479	Response	101	5613057	2671	1
P049v2	481	Pulse	255	5640000	16562	NA
P049v2	483	Picture	instruct_trial	5653638	0	1	24066	1	0	next	other	0
P049v2	483	Pulse	255	5670000	16362	NA
P049v2	483	Response	101	5677618	23980	1
P049v2	484	Response	100	5684656	6785	1
P049v2	486	Pulse	255	5700000	5031	NA
P049v2	488	Pulse	255	5730000	4833	NA
P049v2	488	Response	101	5731859	6692	1
P049v2	490	Pulse	255	5760000	17791	NA
P049v2	492	Response	100	5778337	5951	1
P049v2	494	Pulse	255	5790000	1337	NA
P049v2	496	Pulse	255	5820000	1212	NA
P049v2	496	Response	100	5828335	9547	1
P049v2	498	Pulse	255	5850000	11334	NA
P049v2	500	Response	101	5871938	3073	1
P049v2	501	Pulse	255	5880000	7977	NA
P049v2	503	Pulse	255	5910000	7655	NA
P049v2	504	Response	100	5917615	5168	1
P049v2	506	Pulse	255	5940000	12118	NA
P049v2	508	Response	101	5961058	2997	1
P049v2	509	Pulse	255	5970000	8825	NA
P049v2	511	Pulse	255	6000000	8502	NA
P049v2	512	Response	101	6007857	6260	1
P049v2	514	Pulse	255	6030000	11823	NA
P049v2	516	Response	100	6055218	6858	1
P049v2	517	Pulse	255	6060000	4698	NA
P049v2	519	Pulse	255	6090000	4384	NA
P049v2	520	Response	101	6098335	2620	1
P049v2	522	Pulse	255	6120000	11186	NA
P049v2	523	Response	100	6133217	4321	1
P049v2	523	Response	100	6137297	8401	1
P049v2	524	Response	100	6140736	1743	1
P049v2	525	Pulse	255	6150000	9180	NA
P049v2	527	Response	100	6176897	5757	1
P049v2	527	Pulse	255	6180000	8861	NA
P049v2	528	Response	100	6184418	3176	1
P049v2	530	Pulse	255	6210000	15269	NA
P049v2	532	Response	101	6227058	2146	1
P049v2	534	Pulse	255	6240000	2630	NA
P049v2	536	Pulse	255	6270000	2481	NA
P049v2	536	Response	100	6272497	4978	1
P049v2	538	Pulse	255	6300000	17167	NA
P049v2	540	Response	101	6314415	1404	1
P049v2	542	Pulse	255	6330000	5188	NA
P049v2	544	Response	100	6358817	3822	1
P049v2	545	Pulse	255	6360000	1097	NA
P049v2	547	Pulse	255	6390000	776	NA
P049v2	548	Response	101	6403056	3738	1
P049v2	550	Pulse	255	6420000	6637	NA
P049v2	552	Response	101	6446497	2955	1
P049v2	553	Pulse	255	6450000	3422	NA
P049v2	555	Pulse	255	6480000	3110	NA
P049v2	556	Response	100	6494016	7027	1
P049v2	558	Pulse	255	6510000	5663	NA
P049v2	560	Pulse	255	6540000	5484	NA
P049v2	560	Response	100	6540416	5900	1
P049v2	562	Pulse	255	6570000	19198	NA
P049v2	564	Response	101	6584496	3515	1
P049v2	565	Response	101	6588816	4236	1
P049v2	566	Pulse	255	6600000	5201	NA
P049v2	568	Pulse	255	6630000	5019	NA
P049v2	568	Response	100	6630016	5035	1
P049v2	570	Pulse	255	6660000	19667	NA
P049v2	572	Pulse	255	6690000	19486	NA
P049v2	572	Response	100	6691856	21341	1
P049v2	574	Pulse	255	6720000	17821	NA
P049v2	576	Response	101	6735536	3179	1
P049v2	578	Pulse	255	6750000	4143	NA
P049v2	580	Pulse	255	6780000	3964	NA
P049v2	580	Response	100	6785214	9178	1
P049v2	582	Pulse	255	6810000	14411	NA
P049v2	584	Response	101	6829776	4001	1
P049v2	585	Pulse	255	6840000	10138	NA
P049v2	587	Pulse	255	6870000	9891	NA
P049v2	588	Response	101	6879695	9488	1
P049v2	590	Pulse	255	6900000	9998	NA
P049v2	592	Response	100	6925456	5274	1
P049v2	593	Pulse	255	6930000	4458	NA
P049v2	595	Pulse	255	6960000	4069	NA
P049v2	596	Response	101	6971296	5266	1
P049v2	598	Pulse	255	6990000	8363	NA
P049v2	600	Response	101	7016414	4595	1
P049v2	601	Pulse	255	7020000	3533	NA
P049v2	603	Pulse	255	7050000	3234	NA
P049v2	604	Response	101	7060658	3692	1
P049v2	606	Pulse	255	7080000	8971	NA
P049v2	608	Response	101	7106656	5428	1
P049v2	609	Pulse	255	7110000	3256	NA
P049v2	611	Pulse	255	7140000	2942	NA
P049v2	611	Response	100	7140655	3597	1
P049v2	611	Response	100	7146495	9437	1
P049v2	612	Response	100	7149936	2773	1
P049v2	614	Pulse	255	7170000	9810	NA
P049v2	616	Response	101	7196575	6208	1
P049v2	617	Pulse	255	7200000	3338	NA
P049v2	619	Pulse	255	7230000	3008	NA
P049v2	619	Response	100	7233615	6623	1
P049v2	620	Response	100	7238574	1483	1
P049v2	622	Pulse	255	7260000	10966	NA
P049v2	624	Response	100	7282894	3680	1
P049v2	625	Pulse	255	7290000	7023	NA
P049v2	627	Pulse	255	7320000	6718	NA
P049v2	628	Response	101	7330253	6874	1
P049v2	630	Pulse	255	7350000	9435	NA
P049v2	632	Response	101	7378015	7268	1
P049v2	633	Pulse	255	7380000	1903	NA
P049v2	635	Pulse	255	7410000	1591	NA
P049v2	636	Response	100	7422015	3530	1
P049v2	638	Pulse	255	7440000	7556	NA
P049v2	640	Response	100	7467055	4432	1
P049v2	641	Pulse	255	7470000	2861	NA
P049v2	643	Response	101	7499135	1683	1
P049v2	643	Pulse	255	7500000	2548	NA
P049v2	643	Response	101	7505295	7843	1
P049v2	644	Response	101	7510493	2945	1
P049v2	646	Pulse	255	7530000	9189	NA
P049v2	648	Response	100	7555374	4383	1
P049v2	649	Pulse	255	7560000	4545	NA
P049v2	651	Pulse	255	7590000	4231	NA
P049v2	652	Response	101	7603134	7266	1
P049v2	654	Pulse	255	7620000	6559	NA
P049v2	655	Response	100	7641454	7932	1
P049v2	656	Response	100	7647614	3994	1
P049v2	657	Pulse	255	7650000	2304	NA
P049v2	659	Pulse	255	7680000	2001	NA
P049v2	660	Response	100	7690734	2615	1
P049v2	662	Pulse	255	7710000	8943	NA
P049v2	664	Response	101	7735695	4452	1
P049v2	665	Pulse	255	7740000	4222	NA
P049v2	667	Pulse	255	7770000	3912	NA
P049v2	667	Response	100	7772174	6086	1
P049v2	667	Response	100	7776089	10000	5
P049v2	668	Response	100	7778813	2624	1
P049v2	670	Pulse	255	7800000	10871	NA
P049v2	672	Response	101	7822254	2979	1
P049v2	673	Pulse	255	7830000	7656	NA
P049v2	674	Response	100	7850732	18226	1
P049v2	675	Response	100	7855613	3027	1
P049v2	675	Pulse	255	7860000	7413	NA
P049v2	675	Response	100	7862654	10067	1
P049v2	676	Response	100	7864973	2289	1
P049v2	678	Pulse	255	7890000	14699	NA
P049v2	680	Response	101	7917613	12133	1
P049v2	681	Pulse	255	7920000	2305	NA
P049v2	683	Pulse	255	7950000	2029	NA
P049v2	684	Response	100	7961374	3304	1
P049v2	686	Pulse	255	7980000	8305	NA
P049v2	688	Response	101	8005857	3980	1
P049v2	689	Pulse	255	8010000	4057	NA
P049v2	691	Pulse	255	8040000	3692	NA
P049v2	692	Response	100	8062975	16552	1
P049v2	693	Pulse	255	8070000	6940	NA
P049v2	695	Pulse	255	8100000	6628	NA
P049v2	696	Response	100	8108092	4600	1
P049v2	698	Pulse	255	8130000	11612	NA
P049v2	699	Response	101	8143134	4664	1
P049v2	700	Response	101	8151136	2568	1
P049v2	701	Pulse	255	8160000	8780	NA
P049v2	703	Pulse	255	8190000	8480	NA
P049v2	704	Response	101	8206414	14797	1
P049v2	706	Pulse	255	8220000	3283	NA
P049v2	708	Pulse	255	8250000	3103	NA
P049v2	708	Response	100	8250893	3996	1
P049v2	710	Pulse	255	8280000	18793	NA
P049v2	712	Response	101	8297291	5898	1
P049v2	714	Pulse	255	8310000	2381	NA
P049v2	716	Pulse	255	8340000	2201	NA
P049v2	716	Response	101	8347613	9814	1
P049v2	718	Pulse	255	8370000	12060	NA
P049v2	720	Response	100	8392731	4645	1
P049v2	721	Pulse	255	8400000	7187	NA
P049v2	723	Pulse	255	8430000	6883	NA
P049v2	724	Picture	instruct_trial	8433227	0	0	40174	1	0	next	other	0
P049v2	724	Pulse	255	8460000	26773	NA
