Scenario - learning_JJ_english
Logfile written - 06/09/2022 11:21:52

Subject	Trial	Event Type	Code	Time	TTime	Uncertainty	Duration	Uncertainty	ReqTime	ReqDur	Stim Type	Pair Index

P050v1	0	Pulse	255	0	0	NA
P050v1	1	Picture	instruct_trial	10666	0	1	224056	1	0	next	other	0
P050v1	1	Pulse	255	30000	19334	NA
P050v1	1	Pulse	255	60000	49334	NA
P050v1	1	Pulse	255	90000	79334	NA
P050v1	1	Pulse	255	120000	109334	NA
P050v1	1	Pulse	255	150000	139334	NA
P050v1	1	Pulse	255	180000	169334	NA
P050v1	1	Pulse	255	210000	199334	NA
P050v1	1	Response	100	234527	223861	1
P050v1	1	Pulse	255	240000	229334	NA
P050v1	2	Response	101	263088	22956	1
P050v1	3	Pulse	255	270000	6827	NA
P050v1	5	Pulse	255	300000	6531	NA
P050v1	6	Response	101	318689	15091	1
P050v1	8	Pulse	255	330000	744	NA
P050v1	10	Pulse	255	360000	566	NA
P050v1	10	Response	100	368687	9253	1
P050v1	12	Pulse	255	390000	10984	NA
P050v1	14	Response	100	418843	9646	1
P050v1	15	Pulse	255	420000	1070	NA
P050v1	17	Pulse	255	450000	712	NA
P050v1	18	Response	101	466686	7276	1
P050v1	20	Pulse	255	480000	2976	NA
P050v1	22	Pulse	255	510000	2413	NA
P050v1	22	Response	101	513968	6380	1
P050v1	24	Pulse	255	540000	15526	NA
P050v1	26	Response	101	564125	9468	1
P050v1	27	Pulse	255	570000	5729	NA
P050v1	29	Pulse	255	600000	5401	NA
P050v1	30	Response	101	614444	9741	1
P050v1	32	Pulse	255	630000	5244	NA
P050v1	34	Pulse	255	660000	5063	NA
P050v1	34	Response	100	665165	10229	1
P050v1	36	Pulse	255	690000	14519	NA
P050v1	38	Pulse	255	720000	14340	NA
P050v1	38	Response	101	728605	22945	1
P050v1	40	Pulse	255	750000	11066	NA
P050v1	42	Pulse	255	780000	10728	NA
P050v1	42	Response	100	803803	34530	1
P050v1	43	Pulse	255	810000	6112	NA
P050v1	45	Pulse	255	840000	5778	NA
P050v1	46	Response	101	861806	17482	1
P050v1	47	Pulse	255	870000	8109	NA
P050v1	49	Pulse	255	900000	7787	NA
P050v1	50	Pulse	255	930000	27675	NA
P050v1	50	Response	101	931725	29400	1
P050v1	52	Pulse	255	960000	17961	NA
P050v1	54	Response	101	989003	16784	1
P050v1	55	Pulse	255	990000	910	NA
P050v1	57	Pulse	255	1020000	539	NA
P050v1	58	Pulse	255	1050000	20439	NA
P050v1	58	Response	101	1055885	26324	1
P050v1	60	Pulse	255	1080000	13788	NA
P050v1	62	Response	101	1106126	9639	1
P050v1	63	Pulse	255	1110000	3790	NA
P050v1	65	Pulse	255	1140000	3466	NA
P050v1	66	Response	101	1159325	12694	1
P050v1	68	Pulse	255	1170000	357	NA
P050v1	70	Pulse	255	1200000	179	NA
P050v1	70	Response	101	1205486	5665	1
P050v1	72	Pulse	255	1230000	14192	NA
P050v1	74	Pulse	255	1260000	14014	NA
P050v1	74	Response	101	1277804	31818	1
P050v1	76	Pulse	255	1290000	1898	NA
P050v1	78	Pulse	255	1320000	1718	NA
P050v1	78	Response	100	1339483	21201	1
P050v1	80	Pulse	255	1350000	228	NA
P050v1	82	Pulse	255	1380000	48	NA
P050v1	82	Response	101	1393245	13293	1
P050v1	84	Pulse	255	1410000	6448	NA
P050v1	86	Pulse	255	1440000	6269	NA
P050v1	86	Response	100	1461004	27273	1
P050v1	87	Pulse	255	1470000	8910	NA
P050v1	89	Pulse	255	1500000	8598	NA
P050v1	90	Response	100	1521409	19912	1
P050v1	91	Pulse	255	1530000	8507	NA
P050v1	93	Pulse	255	1560000	8184	NA
P050v1	94	Response	101	1571722	9786	1
P050v1	96	Pulse	255	1590000	8028	NA
P050v1	98	Pulse	255	1620000	7820	NA
P050v1	98	Response	101	1623565	11385	1
P050v1	100	Pulse	255	1650000	16109	NA
P050v1	102	Response	101	1673083	9011	1
P050v1	103	Pulse	255	1680000	6834	NA
P050v1	105	Pulse	255	1710000	6513	NA
P050v1	106	Pulse	255	1740000	26416	NA
P050v1	106	Response	101	1748124	34540	1
P050v1	108	Pulse	255	1770000	11565	NA
P050v1	110	Pulse	255	1800000	11284	NA
P050v1	110	Response	101	1815962	27246	1
P050v1	112	Pulse	255	1830000	3719	NA
P050v1	114	Pulse	255	1860000	3573	NA
P050v1	114	Response	101	1873803	17376	1
P050v1	116	Pulse	255	1890000	5854	NA
P050v1	118	Pulse	255	1920000	5584	NA
P050v1	118	Response	100	1934600	20183	1
P050v1	120	Pulse	255	1950000	5075	NA
P050v1	122	Pulse	255	1980000	4896	NA
P050v1	122	Response	101	2004523	29419	1
P050v1	123	Pulse	255	2010000	5394	NA
P050v1	125	Pulse	255	2040000	5099	NA
P050v1	126	Response	100	2060365	15344	1
P050v1	127	Pulse	255	2070000	9548	NA
P050v1	129	Pulse	255	2100000	9219	NA
P050v1	130	Response	101	2129643	28760	1
P050v1	131	Pulse	255	2130000	271	NA
P050v1	132	Pulse	255	2160000	20044	NA
P050v1	134	Response	101	2181083	10873	1
P050v1	135	Pulse	255	2190000	8830	NA
P050v1	137	Pulse	255	2220000	8498	NA
P050v1	138	Response	100	2246362	24761	1
P050v1	139	Pulse	255	2250000	3552	NA
P050v1	141	Pulse	255	2280000	3245	NA
P050v1	142	Response	101	2302284	15427	1
P050v1	143	Pulse	255	2310000	7631	NA
P050v1	145	Pulse	255	2340000	7317	NA
P050v1	146	Response	100	2365802	23022	1
P050v1	147	Pulse	255	2370000	4112	NA
P050v1	149	Pulse	255	2400000	3798	NA
P050v1	150	Response	101	2412763	6439	1
P050v1	152	Pulse	255	2430000	6918	NA
P050v1	154	Pulse	255	2460000	6736	NA
P050v1	154	Response	100	2476282	23018	1
P050v1	156	Pulse	255	2490000	3399	NA
P050v1	158	Pulse	255	2520000	3218	NA
P050v1	158	Response	101	2522761	5979	1
P050v1	160	Pulse	255	2550000	16885	NA
P050v1	162	Pulse	255	2580000	16705	NA
P050v1	162	Response	101	2602204	38908	1
P050v1	163	Pulse	255	2610000	7640	NA
P050v1	165	Pulse	255	2640000	7305	NA
P050v1	166	Response	101	2663721	20861	1
P050v1	167	Pulse	255	2670000	6194	NA
P050v1	169	Pulse	255	2700000	5871	NA
P050v1	170	Response	101	2717881	13644	1
P050v1	172	Pulse	255	2730000	1804	NA
P050v1	174	Pulse	255	2760000	1624	NA
P050v1	174	Pulse	255	2790000	31624	NA
P050v1	174	Response	101	2793166	34790	1
P050v1	176	Pulse	255	2820000	16531	NA
P050v1	178	Response	100	2847161	13396	1
P050v1	179	Pulse	255	2850000	2672	NA
P050v1	181	Pulse	255	2880000	2347	NA
P050v1	182	Response	101	2896924	9175	1
P050v1	184	Pulse	255	2910000	2733	NA
P050v1	186	Pulse	255	2940000	2539	NA
P050v1	186	Response	100	2967243	29781	1
P050v1	187	Pulse	255	2970000	2670	NA
P050v1	189	Pulse	255	3000000	2350	NA
P050v1	190	Response	101	3019964	12213	1
P050v1	191	Pulse	255	3030000	9951	NA
P050v1	193	Pulse	255	3060000	9622	NA
P050v1	194	Pulse	255	3090000	29522	NA
P050v1	194	Response	100	3091881	31403	1
P050v1	196	Pulse	255	3120000	17805	NA
P050v1	198	Response	101	3139162	6758	1
P050v1	200	Pulse	255	3150000	535	NA
P050v1	202	Pulse	255	3180000	301	NA
P050v1	202	Response	100	3206120	26421	1
P050v1	203	Pulse	255	3210000	3792	NA
P050v1	205	Pulse	255	3240000	3476	NA
P050v1	206	Pulse	255	3270000	23375	NA
P050v1	206	Response	101	3276281	29656	1
P050v1	208	Pulse	255	3300000	13378	NA
P050v1	210	Response	101	3327002	10221	1
P050v1	211	Pulse	255	3330000	2912	NA
P050v1	213	Pulse	255	3360000	2498	NA
P050v1	214	Response	100	3385079	17459	1
P050v1	215	Pulse	255	3390000	4748	NA
P050v1	217	Pulse	255	3420000	4439	NA
P050v1	218	Response	101	3447481	21843	1
P050v1	219	Pulse	255	3450000	2435	NA
P050v1	221	Pulse	255	3480000	2126	NA
P050v1	222	Response	101	3493961	5990	1
P050v1	224	Pulse	255	3510000	5642	NA
P050v1	226	Pulse	255	3540000	5463	NA
P050v1	226	Response	100	3548198	13661	1
P050v1	228	Pulse	255	3570000	11465	NA
P050v1	230	Pulse	255	3600000	11242	NA
P050v1	230	Response	100	3608440	19682	1
P050v1	232	Pulse	255	3630000	11164	NA
P050v1	234	Pulse	255	3660000	10985	NA
P050v1	234	Response	101	3666279	17263	1
P050v1	236	Pulse	255	3690000	13414	NA
P050v1	238	Response	101	3712117	5353	1
P050v1	239	Pulse	255	3720000	7799	NA
P050v1	241	Pulse	255	3750000	7454	NA
P050v1	242	Picture	instruct_trial	3752646	0	1	14599	1	0	next	other	0
P050v1	242	Response	100	3767159	14514	1
P050v1	243	Pulse	255	3780000	12422	NA
P050v1	243	Pulse	255	3810000	42422	NA
P050v1	243	Pulse	255	3840000	72422	NA
P050v1	243	Response	101	3843240	75662	1
P050v1	245	Pulse	255	3870000	16445	NA
P050v1	247	Response	101	3896119	12365	1
P050v1	248	Pulse	255	3900000	3782	NA
P050v1	250	Pulse	255	3930000	3470	NA
P050v1	251	Pulse	255	3960000	23373	NA
P050v1	251	Response	101	3966997	30370	1
P050v1	253	Pulse	255	3990000	12572	NA
P050v1	255	Pulse	255	4020000	12394	NA
P050v1	255	Response	101	4034921	27315	1
P050v1	257	Pulse	255	4050000	4743	NA
P050v1	259	Pulse	255	4080000	4540	NA
P050v1	259	Response	100	4094840	19380	1
P050v1	261	Pulse	255	4110000	4841	NA
P050v1	263	Pulse	255	4140000	4654	NA
P050v1	263	Response	100	4158119	22773	1
P050v1	265	Pulse	255	4170000	1568	NA
P050v1	267	Pulse	255	4200000	1398	NA
P050v1	267	Response	100	4225320	26718	1
P050v1	268	Pulse	255	4230000	4594	NA
P050v1	270	Pulse	255	4260000	4277	NA
P050v1	271	Pulse	255	4290000	24232	NA
P050v1	271	Response	101	4299402	33634	1
P050v1	273	Pulse	255	4320000	10284	NA
P050v1	275	Pulse	255	4350000	10103	NA
P050v1	275	Response	100	4367559	27662	1
P050v1	277	Pulse	255	4380000	2126	NA
P050v1	279	Pulse	255	4410000	1943	NA
P050v1	279	Pulse	255	4440000	31943	NA
P050v1	279	Response	100	4450842	42785	1
P050v1	281	Pulse	255	4470000	8785	NA
P050v1	283	Pulse	255	4500000	8606	NA
P050v1	283	Pulse	255	4530000	38606	NA
P050v1	283	Response	100	4546919	55525	1
P050v1	285	Pulse	255	4560000	2732	NA
P050v1	287	Pulse	255	4590000	2553	NA
P050v1	287	Response	100	4605161	17714	1
P050v1	289	Pulse	255	4620000	4520	NA
P050v1	291	Pulse	255	4650000	4326	NA
P050v1	291	Response	101	4652520	6846	1
P050v1	293	Pulse	255	4680000	17164	NA
P050v1	295	Response	100	4703238	10218	1
P050v1	296	Pulse	255	4710000	6677	NA
P050v1	298	Pulse	255	4740000	6358	NA
P050v1	299	Pulse	255	4770000	26261	NA
P050v1	299	Response	100	4770039	26300	1
P050v1	301	Pulse	255	4800000	19634	NA
P050v1	303	Response	100	4820117	9572	1
P050v1	304	Pulse	255	4830000	9797	NA
P050v1	306	Pulse	255	4860000	9485	NA
P050v1	307	Response	101	4879078	18420	1
P050v1	309	Pulse	255	4890000	605	NA
P050v1	311	Pulse	255	4920000	426	NA
P050v1	311	Response	101	4937717	18143	1
P050v1	313	Pulse	255	4950000	1966	NA
P050v1	315	Pulse	255	4980000	1799	NA
P050v1	315	Response	101	4987959	9757	1
P050v1	317	Pulse	255	5010000	11735	NA
P050v1	319	Pulse	255	5040000	11556	NA
P050v1	319	Response	101	5043239	14795	1
P050v1	321	Pulse	255	5070000	16450	NA
P050v1	323	Response	100	5094917	11188	1
P050v1	324	Pulse	255	5100000	4997	NA
P050v1	326	Pulse	255	5130000	4682	NA
P050v1	327	Pulse	255	5160000	24585	NA
P050v1	327	Response	101	5160198	24783	1
P050v1	329	Pulse	255	5190000	19555	NA
P050v1	331	Response	100	5216679	16054	1
P050v1	332	Pulse	255	5220000	3236	NA
P050v1	334	Pulse	255	5250000	2925	NA
P050v1	335	Response	101	5270279	13085	1
P050v1	336	Pulse	255	5280000	9636	NA
P050v1	338	Pulse	255	5310000	9310	NA
P050v1	339	Response	101	5328521	17770	1
P050v1	341	Pulse	255	5340000	1155	NA
P050v1	343	Pulse	255	5370000	996	NA
P050v1	343	Response	100	5375394	6390	1
P050v1	345	Pulse	255	5400000	14291	NA
P050v1	347	Response	101	5424919	8932	1
P050v1	348	Pulse	255	5430000	4993	NA
P050v1	350	Pulse	255	5460000	4672	NA
P050v1	351	Pulse	255	5490000	24569	NA
P050v1	351	Response	101	5490437	25006	1
P050v1	353	Pulse	255	5520000	19250	NA
P050v1	355	Pulse	255	5550000	19074	NA
P050v1	355	Response	100	5553076	22150	1
P050v1	357	Pulse	255	5580000	16605	NA
P050v1	359	Pulse	255	5610000	16428	NA
P050v1	359	Response	101	5612275	18703	1
P050v1	361	Pulse	255	5640000	17466	NA
P050v1	363	Response	101	5666516	13801	1
P050v1	364	Pulse	255	5670000	3399	NA
P050v1	366	Pulse	255	5700000	3085	NA
P050v1	367	Response	101	5720914	13880	1
P050v1	368	Pulse	255	5730000	9001	NA
P050v1	370	Pulse	255	5760000	8694	NA
P050v1	371	Response	101	5788196	26790	1
P050v1	372	Pulse	255	5790000	1719	NA
P050v1	374	Pulse	255	5820000	1440	NA
P050v1	375	Pulse	255	5850000	21343	NA
P050v1	375	Response	100	5870193	41537	1
P050v1	376	Pulse	255	5880000	9722	NA
P050v1	378	Pulse	255	5910000	9411	NA
P050v1	379	Response	101	5925795	15106	1
P050v1	381	Pulse	255	5940000	3892	NA
P050v1	383	Pulse	255	5970000	3714	NA
P050v1	383	Response	101	5982436	16150	1
P050v1	385	Pulse	255	6000000	7243	NA
P050v1	387	Pulse	255	6030000	7063	NA
P050v1	387	Response	101	6031801	8863	1
P050v1	389	Pulse	255	6060000	17871	NA
P050v1	391	Pulse	255	6090000	17693	NA
P050v1	391	Response	101	6090595	18288	1
P050v1	393	Pulse	255	6120000	19157	NA
P050v1	395	Response	100	6139796	8776	1
P050v1	396	Pulse	255	6150000	10119	NA
P050v1	398	Pulse	255	6180000	9739	NA
P050v1	399	Pulse	255	6210000	29638	NA
P050v1	399	Pulse	255	6240000	59638	NA
P050v1	399	Pulse	255	6270000	89638	NA
P050v1	399	Pulse	255	6300000	119638	NA
P050v1	399	Pulse	255	6330000	149638	NA
P050v1	399	Response	100	6350115	169753	1
P050v1	400	Pulse	255	6360000	9799	NA
P050v1	402	Pulse	255	6390000	9488	NA
P050v1	403	Pulse	255	6420000	29390	NA
P050v1	403	Response	100	6427795	37185	1
P050v1	405	Pulse	255	6450000	11877	NA
P050v1	407	Pulse	255	6480000	11697	NA
P050v1	407	Response	101	6487639	19337	1
P050v1	409	Pulse	255	6510000	12043	NA
P050v1	411	Pulse	255	6540000	11864	NA
P050v1	411	Pulse	255	6570000	41864	NA
P050v1	411	Response	100	6583156	55020	1
P050v1	413	Pulse	255	6600000	6522	NA
P050v1	415	Pulse	255	6630000	6343	NA
P050v1	415	Response	101	6659794	36137	1
P050v1	416	Pulse	255	6660000	123	NA
P050v1	417	Pulse	255	6690000	19889	NA
P050v1	419	Response	100	6714032	13720	1
P050v1	420	Pulse	255	6720000	5883	NA
P050v1	422	Pulse	255	6750000	5574	NA
P050v1	423	Response	101	6773635	19107	1
P050v1	424	Pulse	255	6780000	6280	NA
P050v1	426	Pulse	255	6810000	5971	NA
P050v1	427	Response	101	6835874	21745	1
P050v1	428	Pulse	255	6840000	3958	NA
P050v1	430	Pulse	255	6870000	3655	NA
P050v1	431	Response	101	6883714	7169	1
P050v1	433	Pulse	255	6900000	5967	NA
P050v1	435	Pulse	255	6930000	5788	NA
P050v1	435	Response	101	6939475	15263	1
P050v1	437	Pulse	255	6960000	10223	NA
P050v1	439	Pulse	255	6990000	10040	NA
P050v1	439	Response	101	6994516	14556	1
P050v1	441	Pulse	255	7020000	15142	NA
P050v1	443	Response	100	7048351	13312	1
P050v1	444	Pulse	255	7050000	1566	NA
P050v1	446	Pulse	255	7080000	1258	NA
P050v1	447	Response	100	7095235	6395	1
P050v1	449	Pulse	255	7110000	4422	NA
P050v1	451	Pulse	255	7140000	4240	NA
P050v1	451	Response	100	7155232	19473	1
P050v1	453	Pulse	255	7170000	4372	NA
P050v1	455	Pulse	255	7200000	4172	NA
P050v1	455	Response	101	7215393	19564	1
P050v1	457	Pulse	255	7230000	4286	NA
P050v1	459	Pulse	255	7260000	4108	NA
P050v1	459	Response	101	7271074	15182	1
P050v1	461	Pulse	255	7290000	8615	NA
P050v1	463	Pulse	255	7320000	8436	NA
P050v1	463	Response	100	7331233	19669	1
P050v1	465	Pulse	255	7350000	8402	NA
P050v1	467	Pulse	255	7380000	8161	NA
P050v1	467	Response	101	7384436	12597	1
P050v1	469	Pulse	255	7410000	15250	NA
P050v1	471	Response	101	7436751	11822	1
P050v1	472	Pulse	255	7440000	3168	NA
P050v1	474	Pulse	255	7470000	2877	NA
P050v1	475	Response	101	7489072	11843	1
P050v1	477	Pulse	255	7500000	606	NA
P050v1	479	Pulse	255	7530000	425	NA
P050v1	479	Response	100	7538193	8618	1
P050v1	481	Pulse	255	7560000	11438	NA
P050v1	483	Picture	instruct_trial	7578763	0	1	13979	1	0	next	other	0
P050v1	483	Pulse	255	7590000	11237	NA
P050v1	483	Response	100	7592592	13829	1
P050v1	484	Pulse	255	7620000	27091	NA
P050v1	484	Pulse	255	7650000	57091	NA
P050v1	484	Response	100	7668912	76003	1
P050v1	486	Pulse	255	7680000	786	NA
P050v1	488	Pulse	255	7710000	628	NA
P050v1	488	Pulse	255	7740000	30628	NA
P050v1	488	Response	100	7755231	45858	1
P050v1	490	Pulse	255	7770000	4459	NA
P050v1	492	Pulse	255	7800000	4211	NA
P050v1	492	Pulse	255	7830000	34211	NA
P050v1	492	Response	100	7845156	49367	1
P050v1	494	Pulse	255	7860000	4525	NA
P050v1	496	Pulse	255	7890000	4344	NA
P050v1	496	Pulse	255	7920000	34344	NA
P050v1	496	Response	100	7921312	35655	1
P050v1	498	Pulse	255	7950000	18357	NA
P050v1	500	Pulse	255	7980000	18168	NA
P050v1	500	Pulse	255	8010000	48168	NA
P050v1	500	Response	101	8017553	55721	1
P050v1	502	Pulse	255	8040000	12119	NA
P050v1	504	Pulse	255	8070000	11950	NA
P050v1	504	Response	101	8075313	17263	1
P050v1	506	Pulse	255	8100000	14367	NA
P050v1	508	Response	100	8127072	11257	1
P050v1	509	Pulse	255	8130000	2844	NA
P050v1	511	Pulse	255	8160000	2522	NA
P050v1	512	Response	101	8180112	12529	1
P050v1	513	Pulse	255	8190000	9806	NA
P050v1	515	Pulse	255	8220000	9493	NA
P050v1	516	Response	101	8238833	18228	1
P050v1	518	Pulse	255	8250000	794	NA
P050v1	520	Pulse	255	8280000	615	NA
P050v1	520	Response	101	8292672	13286	1
P050v1	522	Pulse	255	8310000	7020	NA
P050v1	524	Pulse	255	8340000	6852	NA
P050v1	524	Pulse	255	8370000	36852	NA
P050v1	524	Response	100	8370591	37444	1
P050v1	526	Pulse	255	8400000	19077	NA
P050v1	528	Pulse	255	8430000	18897	NA
P050v1	528	Response	100	8434753	23650	1
P050v1	530	Pulse	255	8460000	14935	NA
P050v1	532	Pulse	255	8490000	14758	NA
P050v1	532	Response	101	8507472	32230	1
P050v1	534	Pulse	255	8520000	2217	NA
P050v1	536	Pulse	255	8550000	2051	NA
P050v1	536	Response	101	8571153	23203	1
P050v1	537	Pulse	255	8580000	8762	NA
P050v1	539	Pulse	255	8610000	8441	NA
P050v1	540	Response	101	8621631	9975	1
P050v1	542	Pulse	255	8640000	8044	NA
P050v1	544	Pulse	255	8670000	7789	NA
P050v1	544	Response	101	8685311	23100	1
P050v1	546	Pulse	255	8700000	4377	NA
P050v1	548	Pulse	255	8730000	4196	NA
P050v1	548	Response	100	8738907	13104	1
P050v1	550	Pulse	255	8760000	10767	NA
P050v1	552	Pulse	255	8790000	10583	NA
P050v1	552	Response	100	8803792	24375	1
P050v1	554	Pulse	255	8820000	5902	NA
P050v1	556	Pulse	255	8850000	5724	NA
P050v1	556	Response	100	8859070	14794	1
P050v1	558	Pulse	255	8880000	10576	NA
P050v1	560	Pulse	255	8910000	10396	NA
P050v1	560	Response	101	8936352	36748	1
P050v1	561	Pulse	255	8940000	3561	NA
P050v1	563	Pulse	255	8970000	3238	NA
P050v1	564	Response	101	8988031	11166	1
P050v1	566	Pulse	255	9000000	1658	NA
P050v1	568	Pulse	255	9030000	1479	NA
P050v1	568	Response	100	9040032	11512	1
P050v1	570	Pulse	255	9060000	9652	NA
P050v1	572	Pulse	255	9090000	9475	NA
P050v1	572	Response	100	9100991	20466	1
P050v1	574	Pulse	255	9120000	8718	NA
P050v1	576	Pulse	255	9150000	8514	NA
P050v1	576	Response	101	9155791	14305	1
P050v1	578	Pulse	255	9180000	13801	NA
P050v1	580	Pulse	255	9210000	13620	NA
P050v1	580	Response	101	9210031	13652	1
P050v1	582	Pulse	255	9240000	19629	NA
P050v1	584	Pulse	255	9270000	19462	NA
P050v1	584	Response	101	9286350	35812	1
P050v1	586	Pulse	255	9300000	3321	NA
P050v1	588	Pulse	255	9330000	3141	NA
P050v1	588	Pulse	255	9360000	33141	NA
P050v1	588	Response	100	9374991	48132	1
P050v1	590	Pulse	255	9390000	4669	NA
P050v1	592	Pulse	255	9420000	4488	NA
P050v1	592	Response	101	9430509	14997	1
P050v1	594	Pulse	255	9450000	9182	NA
P050v1	596	Pulse	255	9480000	9048	NA
P050v1	596	Response	101	9485629	14678	1
P050v1	598	Pulse	255	9510000	14060	NA
P050v1	600	Response	100	9530268	4149	1
P050v1	601	Pulse	255	9540000	9647	NA
P050v1	603	Pulse	255	9570000	9216	NA
P050v1	604	Response	100	9574109	3228	1
P050v1	606	Pulse	255	9600000	15493	NA
P050v1	608	Response	101	9624829	10040	1
P050v1	609	Pulse	255	9630000	5085	NA
P050v1	611	Pulse	255	9660000	4718	NA
P050v1	612	Response	101	9688508	23129	1
P050v1	613	Pulse	255	9690000	1409	NA
P050v1	615	Pulse	255	9720000	1087	NA
P050v1	616	Response	100	9740986	11975	1
P050v1	617	Pulse	255	9750000	8928	NA
P050v1	619	Pulse	255	9780000	8564	NA
P050v1	620	Response	100	9791309	9775	1
P050v1	622	Pulse	255	9810000	8421	NA
P050v1	624	Pulse	255	9840000	8239	NA
P050v1	624	Response	100	9850589	18828	1
P050v1	626	Pulse	255	9870000	9096	NA
P050v1	628	Pulse	255	9900000	8911	NA
P050v1	628	Response	101	9902269	11181	1
P050v1	630	Pulse	255	9930000	17411	NA
P050v1	632	Response	101	9957309	14540	1
P050v1	633	Pulse	255	9960000	2540	NA
P050v1	635	Pulse	255	9990000	2231	NA
P050v1	636	Response	100	10010510	12641	1
P050v1	637	Pulse	255	10020000	9405	NA
P050v1	639	Pulse	255	10050000	9092	NA
P050v1	640	Response	100	10066668	15661	1
P050v1	642	Pulse	255	10080000	3063	NA
P050v1	644	Pulse	255	10110000	2895	NA
P050v1	644	Response	100	10119870	12765	1
P050v1	646	Pulse	255	10140000	9808	NA
P050v1	648	Response	101	10168590	8219	1
P050v1	649	Pulse	255	10170000	1304	NA
P050v1	651	Pulse	255	10200000	951	NA
P050v1	652	Response	100	10225468	16322	1
P050v1	653	Pulse	255	10230000	4449	NA
P050v1	655	Pulse	255	10260000	4138	NA
P050v1	656	Response	100	10274831	8871	1
P050v1	658	Pulse	255	10290000	4843	NA
P050v1	660	Pulse	255	10320000	4638	NA
P050v1	660	Response	100	10324988	9626	1
P050v1	662	Pulse	255	10350000	14709	NA
P050v1	664	Response	100	10374432	8921	1
P050v1	665	Pulse	255	10380000	5482	NA
P050v1	667	Pulse	255	10410000	5181	NA
P050v1	668	Response	101	10429148	14231	1
P050v1	670	Pulse	255	10440000	537	NA
P050v1	672	Pulse	255	10470000	358	NA
P050v1	672	Response	100	10477150	7508	1
P050v1	674	Pulse	255	10500000	12533	NA
P050v1	676	Response	101	10526185	8536	1
P050v1	677	Pulse	255	10530000	3731	NA
P050v1	679	Pulse	255	10560000	3383	NA
P050v1	680	Response	101	10581467	14741	1
P050v1	681	Pulse	255	10590000	8446	NA
P050v1	683	Pulse	255	10620000	8126	NA
P050v1	684	Response	101	10629148	7176	1
P050v1	686	Pulse	255	10650000	10534	NA
P050v1	688	Response	100	10675866	6212	1
P050v1	689	Pulse	255	10680000	4052	NA
P050v1	691	Pulse	255	10710000	3703	NA
P050v1	692	Response	100	10724664	8268	1
P050v1	694	Pulse	255	10740000	5046	NA
P050v1	696	Pulse	255	10770000	4889	NA
P050v1	696	Response	101	10773628	8516	1
P050v1	698	Pulse	255	10800000	16056	NA
P050v1	700	Response	101	10820669	6546	1
P050v1	701	Pulse	255	10830000	9245	NA
P050v1	703	Pulse	255	10860000	8938	NA
P050v1	704	Response	101	10880027	18866	1
P050v1	705	Pulse	255	10890000	9870	NA
P050v1	707	Pulse	255	10920000	9557	NA
P050v1	708	Response	100	10941390	20794	1
P050v1	709	Pulse	255	10950000	8524	NA
P050v1	711	Pulse	255	10980000	8220	NA
P050v1	712	Response	101	10988191	6313	1
P050v1	714	Pulse	255	11010000	11484	NA
P050v1	716	Response	100	11035387	6691	1
P050v1	717	Pulse	255	11040000	4528	NA
P050v1	719	Pulse	255	11070000	4221	NA
P050v1	720	Pulse	255	11100000	24124	NA
P050v1	720	Response	101	11101143	25267	1
P050v1	722	Pulse	255	11130000	18566	NA
P050v1	724	Picture	instruct_trial	11141610	0	1	40081	1	0	next	other	0
P050v1	724	Pulse	255	11160000	18390	NA
