Scenario - learning_JJ_english
Logfile written - 06/16/2022 12:42:19

Subject	Trial	Event Type	Code	Time	TTime	Uncertainty	Duration	Uncertainty	ReqTime	ReqDur	Stim Type	Pair Index

P050v2	0	Pulse	255	0	0	NA
P050v2	1	Picture	instruct_trial	10496	0	4	317766	4	0	next	other	0
P050v2	1	Pulse	255	30000	19504	NA
P050v2	1	Pulse	255	60000	49504	NA
P050v2	1	Pulse	255	90000	79504	NA
P050v2	1	Pulse	255	120000	109504	NA
P050v2	1	Pulse	255	150000	139504	NA
P050v2	1	Pulse	255	180000	169504	NA
P050v2	1	Pulse	255	210000	199504	NA
P050v2	1	Pulse	255	240000	229504	NA
P050v2	1	Pulse	255	270000	259504	NA
P050v2	1	Pulse	255	300000	289504	NA
P050v2	1	Response	101	328063	317567	1
P050v2	1	Pulse	255	330000	319504	NA
P050v2	2	Pulse	255	360000	29851	NA
P050v2	2	Pulse	255	390000	59851	NA
P050v2	2	Response	100	415339	85190	1
P050v2	3	Pulse	255	420000	4574	NA
P050v2	5	Pulse	255	450000	3706	NA
P050v2	6	Pulse	255	480000	23581	NA
P050v2	6	Response	101	497583	41164	1
P050v2	8	Pulse	255	510000	2077	NA
P050v2	10	Pulse	255	540000	1890	NA
P050v2	10	Pulse	255	570000	31890	NA
P050v2	10	Response	101	582861	44751	1
P050v2	12	Pulse	255	600000	6622	NA
P050v2	14	Pulse	255	630000	6442	NA
P050v2	14	Pulse	255	660000	36442	NA
P050v2	14	Response	101	671339	47780	1
P050v2	16	Pulse	255	690000	8345	NA
P050v2	18	Pulse	255	720000	8129	NA
P050v2	18	Response	101	741265	29395	1
P050v2	19	Pulse	255	750000	8647	NA
P050v2	21	Pulse	255	780000	8283	NA
P050v2	22	Pulse	255	810000	27808	NA
P050v2	22	Response	101	823738	41546	1
P050v2	24	Pulse	255	840000	5959	NA
P050v2	26	Pulse	255	870000	5780	NA
P050v2	26	Pulse	255	900000	35780	NA
P050v2	26	Response	101	913260	49040	1
P050v2	28	Pulse	255	930000	6419	NA
P050v2	30	Pulse	255	960000	6235	NA
P050v2	30	Pulse	255	990000	36235	NA
P050v2	30	Response	100	990942	37177	1
P050v2	32	Pulse	255	1020000	18724	NA
P050v2	34	Pulse	255	1050000	18540	NA
P050v2	34	Pulse	255	1080000	48540	NA
P050v2	34	Pulse	255	1110000	78540	NA
P050v2	34	Response	100	1113978	82518	1
P050v2	36	Pulse	255	1140000	15691	NA
P050v2	38	Pulse	255	1170000	15512	NA
P050v2	38	Response	101	1175740	21252	1
P050v2	40	Pulse	255	1200000	13924	NA
P050v2	42	Pulse	255	1230000	13743	NA
P050v2	42	Response	100	1234939	18682	1
P050v2	44	Pulse	255	1260000	14732	NA
P050v2	46	Pulse	255	1290000	14465	NA
P050v2	46	Response	100	1298538	23003	1
P050v2	48	Pulse	255	1320000	11119	NA
P050v2	50	Pulse	255	1350000	10921	NA
P050v2	50	Response	101	1354940	15861	1
P050v2	52	Pulse	255	1380000	14738	NA
P050v2	54	Pulse	255	1410000	14552	NA
P050v2	54	Pulse	255	1440000	44552	NA
P050v2	54	Response	100	1450858	55410	1
P050v2	56	Pulse	255	1470000	8832	NA
P050v2	58	Pulse	255	1500000	8653	NA
P050v2	58	Response	100	1518298	26951	1
P050v2	60	Pulse	255	1530000	1364	NA
P050v2	62	Pulse	255	1560000	1178	NA
P050v2	62	Response	100	1571019	12196	1
P050v2	64	Pulse	255	1590000	8653	NA
P050v2	66	Pulse	255	1620000	8468	NA
P050v2	66	Pulse	255	1650000	38468	NA
P050v2	66	Pulse	255	1680000	68468	NA
P050v2	66	Pulse	255	1710000	98468	NA
P050v2	66	Pulse	255	1740000	128468	NA
P050v2	66	Pulse	255	1770000	158468	NA
P050v2	66	Response	100	1776300	164768	1
P050v2	68	Pulse	255	1800000	13365	NA
P050v2	70	Pulse	255	1830000	13177	NA
P050v2	70	Response	101	1844458	27634	1
P050v2	72	Pulse	255	1860000	5210	NA
P050v2	74	Pulse	255	1890000	5029	NA
P050v2	74	Response	101	1897740	12768	1
P050v2	76	Pulse	255	1920000	11945	NA
P050v2	78	Pulse	255	1950000	11627	NA
P050v2	78	Response	101	1954138	15766	1
P050v2	80	Pulse	255	1980000	15457	NA
P050v2	82	Pulse	255	2010000	15274	NA
P050v2	82	Response	101	2023500	28775	1
P050v2	84	Pulse	255	2040000	6177	NA
P050v2	86	Pulse	255	2070000	5998	NA
P050v2	86	Response	100	2078220	14218	1
P050v2	88	Pulse	255	2100000	11457	NA
P050v2	90	Pulse	255	2130000	11277	NA
P050v2	90	Response	101	2150779	32056	1
P050v2	91	Pulse	255	2160000	9132	NA
P050v2	93	Pulse	255	2190000	8699	NA
P050v2	94	Pulse	255	2220000	28582	NA
P050v2	94	Response	101	2229177	37759	1
P050v2	96	Pulse	255	2250000	10492	NA
P050v2	98	Pulse	255	2280000	10315	NA
P050v2	98	Response	101	2298139	28454	1
P050v2	100	Pulse	255	2310000	1459	NA
P050v2	102	Pulse	255	2340000	1280	NA
P050v2	102	Response	101	2362712	23992	1
P050v2	103	Pulse	255	2370000	7210	NA
P050v2	105	Pulse	255	2400000	6876	NA
P050v2	106	Pulse	255	2430000	26769	NA
P050v2	106	Response	100	2448538	45307	1
P050v2	108	Pulse	255	2460000	1127	NA
P050v2	110	Pulse	255	2490000	942	NA
P050v2	110	Response	100	2501339	12281	1
P050v2	112	Pulse	255	2520000	8324	NA
P050v2	114	Pulse	255	2550000	8133	NA
P050v2	114	Response	101	2556137	14270	1
P050v2	116	Pulse	255	2580000	13531	NA
P050v2	118	Pulse	255	2610000	13352	NA
P050v2	118	Response	100	2630057	33409	1
P050v2	119	Pulse	255	2640000	9854	NA
P050v2	121	Pulse	255	2670000	9524	NA
P050v2	122	Response	100	2685017	14444	1
P050v2	124	Pulse	255	2700000	4650	NA
P050v2	126	Pulse	255	2730000	4448	NA
P050v2	126	Response	100	2741577	16025	1
P050v2	128	Pulse	255	2760000	8118	NA
P050v2	130	Pulse	255	2790000	7902	NA
P050v2	130	Pulse	255	2820000	37902	NA
P050v2	130	Response	101	2829896	47797	1
P050v2	132	Pulse	255	2850000	9724	NA
P050v2	134	Pulse	255	2880000	9545	NA
P050v2	134	Response	100	2886217	15762	1
P050v2	136	Pulse	255	2910000	13472	NA
P050v2	138	Pulse	255	2940000	13303	NA
P050v2	138	Response	101	2965418	38720	1
P050v2	139	Pulse	255	2970000	4493	NA
P050v2	141	Pulse	255	3000000	4183	NA
P050v2	142	Response	101	3015655	9739	1
P050v2	144	Pulse	255	3030000	3996	NA
P050v2	146	Pulse	255	3060000	3811	NA
P050v2	146	Pulse	255	3090000	33811	NA
P050v2	146	Response	101	3108457	52269	1
P050v2	148	Pulse	255	3120000	1211	NA
P050v2	150	Pulse	255	3150000	1029	NA
P050v2	150	Response	101	3160695	11724	1
P050v2	152	Pulse	255	3180000	8988	NA
P050v2	154	Pulse	255	3210000	8807	NA
P050v2	154	Response	101	3226060	24867	1
P050v2	156	Pulse	255	3240000	3617	NA
P050v2	158	Pulse	255	3270000	3435	NA
P050v2	158	Response	100	3283575	17011	1
P050v2	160	Pulse	255	3300000	6091	NA
P050v2	162	Pulse	255	3330000	5910	NA
P050v2	162	Response	101	3336456	12366	1
P050v2	164	Pulse	255	3360000	13202	NA
P050v2	166	Pulse	255	3390000	13021	NA
P050v2	166	Response	100	3403498	26518	1
P050v2	166	Response	101	3403516	26537	1
P050v2	168	Pulse	255	3420000	6008	NA
P050v2	170	Response	101	3447897	3726	1
P050v2	171	Response	100	3448056	74	1
P050v2	171	Pulse	255	3450000	2018	NA
P050v2	173	Pulse	255	3480000	1700	NA
P050v2	174	Response	100	3505338	16941	1
P050v2	175	Response	101	3505496	69	1
P050v2	175	Pulse	255	3510000	4573	NA
P050v2	177	Pulse	255	3540000	4184	NA
P050v2	178	Pulse	255	3570000	24067	NA
P050v2	178	Pulse	255	3600000	54067	NA
P050v2	178	Pulse	255	3630000	84067	NA
P050v2	178	Response	100	3651174	105241	1
P050v2	179	Pulse	255	3660000	8741	NA
P050v2	181	Pulse	255	3690000	8416	NA
P050v2	182	Response	100	3703894	12207	1
P050v2	184	Pulse	255	3720000	5789	NA
P050v2	186	Pulse	255	3750000	5535	NA
P050v2	186	Response	101	3755500	11035	1
P050v2	188	Pulse	255	3780000	14180	NA
P050v2	190	Response	100	3809175	13174	1
P050v2	191	Pulse	255	3810000	753	NA
P050v2	193	Pulse	255	3840000	437	NA
P050v2	194	Response	101	3860376	10714	1
P050v2	195	Pulse	255	3870000	9539	NA
P050v2	197	Pulse	255	3900000	9162	NA
P050v2	198	Response	100	3914694	13757	1
P050v2	200	Pulse	255	3930000	4982	NA
P050v2	202	Pulse	255	3960000	4801	NA
P050v2	202	Response	101	3982695	27496	1
P050v2	203	Pulse	255	3990000	7217	NA
P050v2	205	Pulse	255	4020000	6802	NA
P050v2	206	Response	101	4039256	15958	1
P050v2	208	Pulse	255	4050000	427	NA
P050v2	210	Pulse	255	4080000	246	NA
P050v2	210	Pulse	255	4110000	30246	NA
P050v2	210	Response	101	4117736	37982	1
P050v2	212	Pulse	255	4140000	11943	NA
P050v2	214	Pulse	255	4170000	11744	NA
P050v2	214	Response	101	4173013	14756	1
P050v2	216	Pulse	255	4200000	16655	NA
P050v2	218	Response	100	4229257	15731	1
P050v2	219	Pulse	255	4230000	657	NA
P050v2	221	Pulse	255	4260000	316	NA
P050v2	222	Response	100	4284453	14669	1
P050v2	223	Pulse	255	4290000	5461	NA
P050v2	225	Pulse	255	4320000	5131	NA
P050v2	226	Response	100	4339816	14849	1
P050v2	227	Pulse	255	4350000	10098	NA
P050v2	229	Pulse	255	4380000	9771	NA
P050v2	230	Pulse	255	4410000	29666	NA
P050v2	230	Pulse	255	4440000	59666	NA
P050v2	230	Pulse	255	4470000	89666	NA
P050v2	230	Pulse	255	4500000	119666	NA
P050v2	230	Pulse	255	4530000	149666	NA
P050v2	230	Response	100	4556292	175958	1
P050v2	231	Pulse	255	4560000	3620	NA
P050v2	233	Pulse	255	4590000	3319	NA
P050v2	234	Response	101	4613094	16317	1
P050v2	235	Pulse	255	4620000	6732	NA
P050v2	237	Pulse	255	4650000	6415	NA
P050v2	238	Response	100	4675653	21998	1
P050v2	239	Pulse	255	4680000	4260	NA
P050v2	241	Pulse	255	4710000	3957	NA
P050v2	242	Picture	instruct_trial	4716149	0	1	22265	1	0	next	other	0
P050v2	242	Response	100	4738373	22224	1
P050v2	243	Pulse	255	4740000	1420	NA
P050v2	243	Pulse	255	4770000	31420	NA
P050v2	243	Pulse	255	4800000	61420	NA
P050v2	243	Response	101	4801335	62755	1
P050v2	245	Pulse	255	4830000	18338	NA
P050v2	247	Pulse	255	4860000	18127	NA
P050v2	247	Response	100	4866132	24259	1
P050v2	249	Pulse	255	4890000	13561	NA
P050v2	251	Pulse	255	4920000	13378	NA
P050v2	251	Response	101	4928532	21910	1
P050v2	253	Pulse	255	4950000	11179	NA
P050v2	255	Pulse	255	4980000	10996	NA
P050v2	255	Pulse	255	5010000	40996	NA
P050v2	255	Response	100	5017814	48809	1
P050v2	257	Pulse	255	5040000	11845	NA
P050v2	259	Pulse	255	5070000	11638	NA
P050v2	259	Response	100	5099255	40893	1
P050v2	260	Pulse	255	5100000	659	NA
P050v2	262	Pulse	255	5130000	373	NA
P050v2	263	Pulse	255	5160000	20270	NA
P050v2	263	Response	101	5165730	26000	1
P050v2	265	Pulse	255	5190000	13964	NA
P050v2	267	Pulse	255	5220000	13785	NA
P050v2	267	Response	100	5234052	27836	1
P050v2	269	Pulse	255	5250000	5602	NA
P050v2	271	Pulse	255	5280000	5422	NA
P050v2	271	Response	101	5299572	24994	1
P050v2	273	Pulse	255	5310000	107	NA
P050v2	274	Pulse	255	5340000	10026	NA
P050v2	275	Response	100	5357412	17340	1
P050v2	277	Pulse	255	5370000	2260	NA
P050v2	279	Pulse	255	5400000	2070	NA
P050v2	279	Response	100	5417651	19721	1
P050v2	281	Pulse	255	5430000	2044	NA
P050v2	283	Pulse	255	5460000	1864	NA
P050v2	283	Response	101	5475091	16955	1
P050v2	285	Pulse	255	5490000	4604	NA
P050v2	287	Pulse	255	5520000	4427	NA
P050v2	287	Response	100	5533665	18092	1
P050v2	289	Pulse	255	5550000	6029	NA
P050v2	291	Pulse	255	5580000	5851	NA
P050v2	291	Response	101	5587811	13663	1
P050v2	293	Pulse	255	5610000	11867	NA
P050v2	295	Pulse	255	5640000	11689	NA
P050v2	295	Pulse	255	5670000	41689	NA
P050v2	295	Pulse	255	5700000	71689	NA
P050v2	295	Response	101	5716611	88300	1
P050v2	297	Pulse	255	5730000	3061	NA
P050v2	299	Pulse	255	5760000	2882	NA
P050v2	299	Response	100	5769730	12612	1
P050v2	301	Pulse	255	5790000	9862	NA
P050v2	303	Pulse	255	5820000	9677	NA
P050v2	303	Response	101	5828770	18447	1
P050v2	305	Pulse	255	5850000	10926	NA
P050v2	307	Pulse	255	5880000	10748	NA
P050v2	307	Response	101	5884610	15358	1
P050v2	309	Pulse	255	5910000	15023	NA
P050v2	311	Pulse	255	5940000	14843	NA
P050v2	311	Response	101	5951811	26654	1
P050v2	313	Pulse	255	5970000	7870	NA
P050v2	315	Pulse	255	6000000	7682	NA
P050v2	315	Response	101	6013891	21573	1
P050v2	317	Pulse	255	6030000	5789	NA
P050v2	319	Pulse	255	6060000	5603	NA
P050v2	319	Response	100	6078132	23736	1
P050v2	321	Pulse	255	6090000	1537	NA
P050v2	323	Pulse	255	6120000	1374	NA
P050v2	323	Response	100	6135010	16384	1
P050v2	325	Pulse	255	6150000	4632	NA
P050v2	327	Pulse	255	6180000	4423	NA
P050v2	327	Response	101	6197172	21594	1
P050v2	329	Pulse	255	6210000	2510	NA
P050v2	331	Pulse	255	6240000	2331	NA
P050v2	331	Response	100	6251331	13662	1
P050v2	333	Pulse	255	6270000	8350	NA
P050v2	335	Pulse	255	6300000	8153	NA
P050v2	335	Response	100	6300850	9003	1
P050v2	337	Pulse	255	6330000	18771	NA
P050v2	339	Pulse	255	6360000	18589	NA
P050v2	339	Response	100	6364773	23361	1
P050v2	341	Pulse	255	6390000	14880	NA
P050v2	343	Pulse	255	6420000	14699	NA
P050v2	343	Response	100	6444930	39629	1
P050v2	343	Response	101	6444936	39635	24
P050v2	344	Pulse	255	6450000	4971	NA
P050v2	346	Pulse	255	6480000	4633	NA
P050v2	347	Pulse	255	6510000	24535	NA
P050v2	347	Pulse	255	6540000	54535	NA
P050v2	347	Response	101	6568690	83225	1
P050v2	348	Pulse	255	6570000	1224	NA
P050v2	350	Pulse	255	6600000	917	NA
P050v2	351	Response	100	6623253	14069	1
P050v2	352	Pulse	255	6630000	6659	NA
P050v2	354	Pulse	255	6660000	6312	NA
P050v2	355	Response	100	6676852	12987	1
P050v2	357	Pulse	255	6690000	2837	NA
P050v2	359	Pulse	255	6720000	2656	NA
P050v2	359	Response	101	6733571	16227	1
P050v2	361	Pulse	255	6750000	6145	NA
P050v2	363	Pulse	255	6780000	5978	NA
P050v2	363	Response	101	6782530	8508	1
P050v2	365	Pulse	255	6810000	17163	NA
P050v2	367	Response	100	6836931	13894	1
P050v2	368	Pulse	255	6840000	2982	NA
P050v2	370	Pulse	255	6870000	2539	NA
P050v2	371	Response	101	6896131	18571	1
P050v2	372	Pulse	255	6900000	3782	NA
P050v2	374	Pulse	255	6930000	3465	NA
P050v2	375	Response	101	6949489	12856	1
P050v2	377	Pulse	255	6960000	178	NA
P050v2	378	Pulse	255	6990000	10096	NA
P050v2	379	Response	100	7005329	15242	1
P050v2	381	Pulse	255	7020000	4353	NA
P050v2	383	Pulse	255	7050000	4175	NA
P050v2	383	Pulse	255	7080000	34175	NA
P050v2	383	Response	100	7084688	38863	1
P050v2	385	Pulse	255	7110000	14997	NA
P050v2	387	Response	101	7136129	10945	1
P050v2	388	Pulse	255	7140000	3783	NA
P050v2	390	Pulse	255	7170000	3471	NA
P050v2	391	Response	101	7187650	11021	1
P050v2	393	Pulse	255	7200000	2023	NA
P050v2	395	Pulse	255	7230000	1842	NA
P050v2	395	Response	100	7239088	10930	1
P050v2	397	Pulse	255	7260000	10627	NA
P050v2	399	Pulse	255	7290000	10385	NA
P050v2	399	Pulse	255	7320000	40385	NA
P050v2	399	Response	101	7331809	52194	1
P050v2	401	Pulse	255	7350000	7878	NA
P050v2	403	Pulse	255	7380000	7597	NA
P050v2	403	Response	100	7403887	31484	1
P050v2	404	Pulse	255	7410000	6027	NA
P050v2	406	Pulse	255	7440000	5708	NA
P050v2	407	Response	101	7460289	15896	1
P050v2	408	Pulse	255	7470000	9665	NA
P050v2	410	Pulse	255	7500000	9341	NA
P050v2	411	Response	101	7516054	15270	1
P050v2	413	Pulse	255	7530000	3614	NA
P050v2	415	Pulse	255	7560000	3329	NA
P050v2	415	Response	100	7589088	32417	1
P050v2	416	Pulse	255	7590000	824	NA
P050v2	418	Pulse	255	7620000	516	NA
P050v2	419	Response	100	7647646	18043	1
P050v2	420	Pulse	255	7650000	2268	NA
P050v2	422	Pulse	255	7680000	1952	NA
P050v2	423	Pulse	255	7710000	21855	NA
P050v2	423	Response	101	7722286	34140	1
P050v2	425	Pulse	255	7740000	7378	NA
P050v2	427	Pulse	255	7770000	7189	NA
P050v2	427	Response	101	7782291	19480	1
P050v2	429	Pulse	255	7800000	7382	NA
P050v2	431	Pulse	255	7830000	7202	NA
P050v2	431	Response	100	7839169	16371	1
P050v2	433	Pulse	255	7860000	10495	NA
P050v2	435	Pulse	255	7890000	10314	NA
P050v2	435	Pulse	255	7920000	40314	NA
P050v2	435	Response	101	7921969	42283	1
P050v2	437	Pulse	255	7950000	17717	NA
P050v2	439	Pulse	255	7980000	17597	NA
P050v2	439	Response	101	7980849	18447	1
P050v2	441	Pulse	255	8010000	18820	NA
P050v2	443	Response	101	8033728	12399	1
P050v2	444	Pulse	255	8040000	6185	NA
P050v2	446	Pulse	255	8070000	5869	NA
P050v2	447	Response	100	8082767	8539	1
P050v2	449	Pulse	255	8100000	6852	NA
P050v2	451	Pulse	255	8130000	6667	NA
P050v2	451	Response	101	8135648	12315	1
P050v2	453	Pulse	255	8160000	14019	NA
P050v2	455	Pulse	255	8190000	13809	NA
P050v2	455	Response	100	8192286	16096	1
P050v2	457	Pulse	255	8220000	17393	NA
P050v2	459	Response	101	8239645	6855	1
P050v2	461	Pulse	255	8250000	31	NA
P050v2	462	Pulse	255	8280000	9837	NA
P050v2	463	Response	100	8298527	18263	1
P050v2	463	Response	101	8298529	18266	28
P050v2	465	Pulse	255	8310000	1148	NA
P050v2	467	Pulse	255	8340000	970	NA
P050v2	467	Response	100	8347967	8937	1
P050v2	467	Response	101	8347974	8945	21
P050v2	469	Pulse	255	8370000	11690	NA
P050v2	471	Response	101	8395807	7319	1
P050v2	472	Response	100	8396127	141	1
P050v2	472	Pulse	255	8400000	4014	NA
P050v2	474	Pulse	255	8430000	3687	NA
P050v2	475	Response	100	8444765	8264	1
P050v2	477	Pulse	255	8460000	4920	NA
P050v2	479	Pulse	255	8490000	4740	NA
P050v2	479	Response	100	8509969	24709	1
P050v2	479	Response	101	8509975	24715	12
P050v2	480	Pulse	255	8520000	9932	NA
P050v2	482	Pulse	255	8550000	9615	NA
P050v2	483	Picture	instruct_trial	8550513	0	1	16658	1	0	next	other	0
P050v2	483	Response	101	8567085	16573	1
P050v2	484	Pulse	255	8580000	12662	NA
P050v2	484	Pulse	255	8610000	42662	NA
P050v2	484	Response	100	8622286	54948	1
P050v2	486	Pulse	255	8640000	7408	NA
P050v2	488	Pulse	255	8670000	7206	NA
P050v2	488	Response	101	8679405	16611	1
P050v2	490	Pulse	255	8700000	10266	NA
P050v2	492	Pulse	255	8730000	10086	NA
P050v2	492	Response	101	8743966	24052	1
P050v2	494	Pulse	255	8760000	5711	NA
P050v2	496	Pulse	255	8790000	5530	NA
P050v2	496	Response	100	8814684	30215	1
P050v2	497	Pulse	255	8820000	5229	NA
P050v2	499	Pulse	255	8850000	4920	NA
P050v2	500	Response	100	8864688	9489	1
P050v2	502	Pulse	255	8880000	4920	NA
P050v2	504	Pulse	255	8910000	4693	NA
P050v2	504	Response	101	8920926	15618	1
P050v2	506	Pulse	255	8940000	8769	NA
P050v2	508	Pulse	255	8970000	8593	NA
P050v2	508	Response	101	8974925	13518	1
P050v2	510	Pulse	255	9000000	14764	NA
P050v2	512	Pulse	255	9030000	14513	NA
P050v2	512	Response	101	9037247	21761	1
P050v2	514	Pulse	255	9060000	12448	NA
P050v2	516	Pulse	255	9090000	12272	NA
P050v2	516	Response	101	9096845	19117	1
P050v2	518	Pulse	255	9120000	12891	NA
P050v2	520	Response	100	9144205	6935	1
P050v2	521	Pulse	255	9150000	5708	NA
P050v2	523	Pulse	255	9180000	5408	NA
P050v2	524	Response	101	9196768	12079	1
P050v2	526	Pulse	255	9210000	2925	NA
P050v2	528	Pulse	255	9240000	2789	NA
P050v2	528	Response	101	9248689	11478	1
P050v2	530	Pulse	255	9270000	10955	NA
P050v2	532	Pulse	255	9300000	10771	NA
P050v2	532	Pulse	255	9330000	40771	NA
P050v2	532	Response	100	9350526	61297	1
P050v2	533	Pulse	255	9360000	9389	NA
P050v2	535	Pulse	255	9390000	9087	NA
P050v2	536	Response	100	9398204	7191	1
P050v2	538	Pulse	255	9420000	11488	NA
P050v2	540	Pulse	255	9450000	11308	NA
P050v2	540	Response	100	9477886	39193	1
P050v2	541	Pulse	255	9480000	2027	NA
P050v2	543	Pulse	255	9510000	1648	NA
P050v2	544	Response	101	9530284	11832	1
P050v2	545	Pulse	255	9540000	9629	NA
P050v2	547	Pulse	255	9570000	9278	NA
P050v2	548	Response	100	9599005	28186	1
P050v2	549	Pulse	255	9600000	908	NA
P050v2	551	Pulse	255	9630000	586	NA
P050v2	552	Response	100	9649888	10280	1
P050v2	553	Pulse	255	9660000	10024	NA
P050v2	555	Pulse	255	9690000	9724	NA
P050v2	556	Response	101	9693884	3509	1
P050v2	558	Pulse	255	9720000	15810	NA
P050v2	560	Pulse	255	9750000	15630	NA
P050v2	560	Response	101	9750766	16396	1
P050v2	562	Pulse	255	9780000	18962	NA
P050v2	564	Pulse	255	9810000	18779	NA
P050v2	564	Response	101	9810287	19066	1
P050v2	566	Pulse	255	9840000	19393	NA
P050v2	568	Response	101	9867565	16778	1
P050v2	569	Pulse	255	9870000	2347	NA
P050v2	571	Pulse	255	9900000	1981	NA
P050v2	572	Response	100	9914286	6170	1
P050v2	574	Pulse	255	9930000	5400	NA
P050v2	576	Pulse	255	9960000	5163	NA
P050v2	576	Response	100	9975724	20887	1
P050v2	578	Pulse	255	9990000	3958	NA
P050v2	580	Pulse	255	10020000	3776	NA
P050v2	580	Pulse	255	10050000	33776	NA
P050v2	580	Response	100	10051163	34939	1
P050v2	580	Response	101	10051177	34953	1
P050v2	582	Pulse	255	10080000	18434	NA
P050v2	584	Response	101	10098124	6279	1
P050v2	586	Pulse	255	10110000	1557	NA
P050v2	588	Pulse	255	10140000	1377	NA
P050v2	588	Response	101	10145484	6861	1
P050v2	590	Pulse	255	10170000	14130	NA
P050v2	592	Pulse	255	10200000	13950	NA
P050v2	592	Response	101	10200044	13994	1
P050v2	594	Pulse	255	10230000	19628	NA
P050v2	596	Response	100	10249724	9171	1
P050v2	596	Response	101	10249730	9177	7
P050v2	597	Pulse	255	10260000	10187	NA
P050v2	599	Pulse	255	10290000	9876	NA
P050v2	600	Response	100	10306366	16143	1
P050v2	600	Response	101	10306371	16148	10
P050v2	602	Pulse	255	10320000	3282	NA
P050v2	604	Pulse	255	10350000	2986	NA
P050v2	604	Response	100	10365002	17989	1
P050v2	604	Response	101	10365010	17996	11
P050v2	606	Pulse	255	10380000	4711	NA
P050v2	608	Pulse	255	10410000	4513	NA
P050v2	608	Response	100	10412286	6799	1
P050v2	608	Response	101	10412293	6806	18
P050v2	610	Pulse	255	10440000	17380	NA
P050v2	612	Response	101	10458682	5882	1
P050v2	614	Pulse	255	10470000	916	NA
P050v2	616	Pulse	255	10500000	739	NA
P050v2	616	Response	101	10505163	5902	1
P050v2	618	Pulse	255	10530000	14486	NA
P050v2	620	Pulse	255	10560000	14307	NA
P050v2	620	Response	100	10565564	19871	1
P050v2	622	Pulse	255	10590000	14099	NA
P050v2	624	Response	100	10613326	7244	1
P050v2	625	Pulse	255	10620000	6589	NA
P050v2	627	Pulse	255	10650000	6331	NA
P050v2	628	Response	101	10672764	18999	1
P050v2	629	Pulse	255	10680000	7150	NA
P050v2	631	Pulse	255	10710000	6846	NA
P050v2	632	Response	101	10726844	13482	1
P050v2	634	Pulse	255	10740000	2816	NA
P050v2	636	Pulse	255	10770000	2621	NA
P050v2	636	Response	101	10775245	7865	1
P050v2	638	Pulse	255	10800000	14326	NA
P050v2	640	Pulse	255	10830000	14147	NA
P050v2	640	Response	100	10837161	21308	1
P050v2	642	Pulse	255	10860000	12523	NA
P050v2	644	Pulse	255	10890000	12340	NA
P050v2	644	Response	100	10890284	12623	1
P050v2	646	Pulse	255	10920000	19384	NA
P050v2	648	Response	100	10947801	17001	1
P050v2	649	Pulse	255	10950000	2111	NA
P050v2	651	Pulse	255	10980000	1787	NA
P050v2	652	Response	101	10995242	6932	1
P050v2	654	Pulse	255	11010000	4449	NA
P050v2	656	Pulse	255	11040000	4258	NA
P050v2	656	Response	100	11057566	21824	1
P050v2	656	Response	101	11057574	21832	10
P050v2	658	Pulse	255	11070000	2098	NA
P050v2	660	Pulse	255	11100000	1901	NA
P050v2	660	Response	101	11108121	10022	1
P050v2	661	Response	100	11108521	317	1
P050v2	662	Pulse	255	11130000	11553	NA
P050v2	664	Response	101	11157083	8453	1
P050v2	665	Pulse	255	11160000	2831	NA
P050v2	667	Pulse	255	11190000	2525	NA
P050v2	668	Response	100	11212201	14628	1
P050v2	669	Pulse	255	11220000	7713	NA
P050v2	671	Pulse	255	11250000	7395	NA
P050v2	672	Response	101	11271163	18460	1
P050v2	673	Pulse	255	11280000	8748	NA
P050v2	675	Pulse	255	11310000	8423	NA
P050v2	676	Response	100	11322522	10845	1
P050v2	678	Pulse	255	11340000	7114	NA
P050v2	680	Pulse	255	11370000	6829	NA
P050v2	680	Response	101	11372202	9031	1
P050v2	682	Pulse	255	11400000	17482	NA
P050v2	684	Response	100	11418763	6065	1
P050v2	686	Pulse	255	11430000	917	NA
P050v2	688	Pulse	255	11460000	736	NA
P050v2	688	Response	101	11466763	7499	1
P050v2	690	Pulse	255	11490000	12928	NA
P050v2	692	Response	100	11514444	7244	1
P050v2	693	Pulse	255	11520000	5468	NA
P050v2	695	Pulse	255	11550000	5163	NA
P050v2	696	Pulse	255	11580000	25043	NA
P050v2	696	Response	101	11582759	27802	1
P050v2	698	Pulse	255	11610000	16892	NA
P050v2	700	Response	101	11638123	14831	1
P050v2	701	Pulse	255	11640000	1713	NA
P050v2	703	Pulse	255	11670000	1394	NA
P050v2	704	Response	101	11689405	10702	1
P050v2	706	Pulse	255	11700000	276	NA
P050v2	708	Pulse	255	11730000	20	NA
P050v2	708	Response	100	11737160	7179	1
P050v2	710	Pulse	255	11760000	12485	NA
P050v2	712	Response	100	11787961	10173	1
P050v2	713	Pulse	255	11790000	1953	NA
P050v2	715	Pulse	255	11820000	1650	NA
P050v2	716	Response	101	11835161	6711	1
P050v2	718	Pulse	255	11850000	4523	NA
P050v2	720	Pulse	255	11880000	4355	NA
P050v2	720	Response	101	11880200	4555	1
P050v2	722	Pulse	255	11910000	19475	NA
P050v2	724	Picture	instruct_trial	11920706	0	1	40082	1	0	next	other	0
P050v2	724	Pulse	255	11940000	19294	NA
P050v2	724	Response	101	11955478	34772	1
