Scenario - learning_JJ_english
Logfile written - 06/17/2022 11:18:15

Subject	Trial	Event Type	Code	Time	TTime	Uncertainty	Duration	Uncertainty	ReqTime	ReqDur	Stim Type	Pair Index

p051v2	0	Pulse	255	0	0	NA
p051v2	1	Picture	instruct_trial	10333	0	1	317159	1	0	next	other	0
p051v2	1	Pulse	255	30000	19667	NA
p051v2	1	Pulse	255	60000	49667	NA
p051v2	1	Pulse	255	90000	79667	NA
p051v2	1	Pulse	255	120000	109667	NA
p051v2	1	Pulse	255	150000	139667	NA
p051v2	1	Pulse	255	180000	169667	NA
p051v2	1	Pulse	255	210000	199667	NA
p051v2	1	Pulse	255	240000	229667	NA
p051v2	1	Pulse	255	270000	259667	NA
p051v2	1	Pulse	255	300000	289667	NA
p051v2	1	Response	101	327399	317066	1
p051v2	1	Pulse	255	330000	319667	NA
p051v2	2	Response	101	350920	20762	1
p051v2	3	Pulse	255	360000	8995	NA
p051v2	5	Pulse	255	390000	8691	NA
p051v2	6	Response	100	416677	25312	1
p051v2	7	Pulse	255	420000	3236	NA
p051v2	9	Pulse	255	450000	2614	NA
p051v2	10	Pulse	255	480000	22513	NA
p051v2	10	Response	101	481398	23911	1
p051v2	12	Pulse	255	510000	18290	NA
p051v2	14	Pulse	255	540000	18109	NA
p051v2	14	Response	100	547878	25987	1
p051v2	16	Pulse	255	570000	11608	NA
p051v2	18	Pulse	255	600000	11389	NA
p051v2	18	Response	100	621637	33026	1
p051v2	19	Pulse	255	630000	8278	NA
p051v2	21	Pulse	255	660000	7979	NA
p051v2	22	Pulse	255	690000	27772	NA
p051v2	22	Response	101	708680	46452	1
p051v2	24	Pulse	255	720000	1015	NA
p051v2	26	Pulse	255	750000	834	NA
p051v2	26	Response	100	777319	28153	1
p051v2	27	Pulse	255	780000	2598	NA
p051v2	29	Pulse	255	810000	2279	NA
p051v2	30	Response	100	837879	20060	1
p051v2	31	Pulse	255	840000	2035	NA
p051v2	33	Pulse	255	870000	1724	NA
p051v2	34	Pulse	255	900000	21663	NA
p051v2	34	Response	101	900199	21861	1
p051v2	36	Pulse	255	930000	19478	NA
p051v2	38	Response	100	956599	15897	1
p051v2	39	Pulse	255	960000	3315	NA
p051v2	41	Pulse	255	990000	3001	NA
p051v2	42	Pulse	255	1020000	22904	NA
p051v2	42	Response	100	1021798	24702	1
p051v2	44	Pulse	255	1050000	17753	NA
p051v2	46	Pulse	255	1080000	17390	NA
p051v2	46	Response	101	1105159	42549	1
p051v2	47	Pulse	255	1110000	4757	NA
p051v2	49	Pulse	255	1140000	4401	NA
p051v2	50	Pulse	255	1170000	24261	NA
p051v2	50	Response	101	1174516	28777	1
p051v2	52	Pulse	255	1200000	15155	NA
p051v2	54	Pulse	255	1230000	14974	NA
p051v2	54	Response	101	1230038	15012	1
p051v2	56	Pulse	255	1260000	19631	NA
p051v2	58	Response	100	1281078	10529	1
p051v2	59	Pulse	255	1290000	8847	NA
p051v2	61	Pulse	255	1320000	8537	NA
p051v2	62	Response	101	1332278	10757	1
p051v2	64	Pulse	255	1350000	7396	NA
p051v2	66	Pulse	255	1380000	7238	NA
p051v2	66	Response	101	1388438	15675	1
p051v2	68	Pulse	255	1410000	11132	NA
p051v2	70	Pulse	255	1440000	10953	NA
p051v2	70	Response	101	1442677	13630	1
p051v2	72	Pulse	255	1470000	17004	NA
p051v2	74	Response	100	1496438	13263	1
p051v2	75	Pulse	255	1500000	3478	NA
p051v2	77	Pulse	255	1530000	3158	NA
p051v2	78	Response	100	1548917	11975	1
p051v2	80	Pulse	255	1560000	670	NA
p051v2	82	Pulse	255	1590000	493	NA
p051v2	82	Response	100	1600037	10530	1
p051v2	84	Pulse	255	1620000	9726	NA
p051v2	86	Response	101	1647075	6624	1
p051v2	87	Pulse	255	1650000	2841	NA
p051v2	89	Pulse	255	1680000	2580	NA
p051v2	90	Response	101	1706515	18997	1
p051v2	91	Pulse	255	1710000	3399	NA
p051v2	93	Pulse	255	1740000	3079	NA
p051v2	94	Response	100	1760038	13000	1
p051v2	95	Pulse	255	1770000	9875	NA
p051v2	97	Pulse	255	1800000	9549	NA
p051v2	98	Response	101	1817475	16880	1
p051v2	100	Pulse	255	1830000	2167	NA
p051v2	102	Pulse	255	1860000	1986	NA
p051v2	102	Response	100	1883637	25623	1
p051v2	103	Pulse	255	1890000	6278	NA
p051v2	105	Pulse	255	1920000	5967	NA
p051v2	106	Response	101	1945555	21424	1
p051v2	107	Pulse	255	1950000	4363	NA
p051v2	109	Pulse	255	1980000	4054	NA
p051v2	110	Response	100	1999397	13353	1
p051v2	112	Pulse	255	2010000	288	NA
p051v2	114	Pulse	255	2040000	107	NA
p051v2	114	Response	101	2058037	18143	1
p051v2	116	Pulse	255	2070000	1638	NA
p051v2	118	Pulse	255	2100000	1499	NA
p051v2	118	Response	100	2109956	11456	1
p051v2	120	Pulse	255	2130000	9711	NA
p051v2	122	Response	100	2159635	9167	1
p051v2	123	Pulse	255	2160000	280	NA
p051v2	124	Pulse	255	2190000	20033	NA
p051v2	126	Response	101	2208514	8347	1
p051v2	128	Pulse	255	2220000	1140	NA
p051v2	130	Pulse	255	2250000	994	NA
p051v2	130	Response	100	2255155	6148	1
p051v2	132	Pulse	255	2280000	14440	NA
p051v2	134	Response	101	2303874	8138	1
p051v2	135	Pulse	255	2310000	6040	NA
p051v2	137	Pulse	255	2340000	5730	NA
p051v2	138	Response	100	2348117	3749	1
p051v2	140	Pulse	255	2370000	11567	NA
p051v2	142	Response	100	2396036	7373	1
p051v2	143	Pulse	255	2400000	3877	NA
p051v2	145	Pulse	255	2430000	3568	NA
p051v2	146	Response	100	2445394	8844	1
p051v2	148	Pulse	255	2460000	4294	NA
p051v2	150	Pulse	255	2490000	4114	NA
p051v2	150	Response	101	2495156	9269	1
p051v2	152	Pulse	255	2520000	14529	NA
p051v2	154	Response	100	2544834	9181	1
p051v2	155	Pulse	255	2550000	5082	NA
p051v2	157	Pulse	255	2580000	4714	NA
p051v2	158	Response	101	2590517	5132	1
p051v2	160	Pulse	255	2610000	9166	NA
p051v2	162	Response	101	2637714	6697	1
p051v2	163	Pulse	255	2640000	2232	NA
p051v2	165	Pulse	255	2670000	1907	NA
p051v2	166	Response	100	2684594	6401	1
p051v2	168	Pulse	255	2700000	5132	NA
p051v2	170	Response	101	2728995	3948	1
p051v2	171	Pulse	255	2730000	921	NA
p051v2	173	Pulse	255	2760000	618	NA
p051v2	174	Response	100	2779235	9754	1
p051v2	176	Pulse	255	2790000	457	NA
p051v2	178	Pulse	255	2820000	257	NA
p051v2	178	Response	101	2829235	9492	1
p051v2	180	Pulse	255	2850000	10464	NA
p051v2	182	Response	101	2879395	9679	1
p051v2	183	Pulse	255	2880000	570	NA
p051v2	185	Pulse	255	2910000	270	NA
p051v2	186	Response	100	2930273	10447	1
p051v2	187	Pulse	255	2940000	9643	NA
p051v2	189	Pulse	255	2970000	9336	NA
p051v2	190	Response	101	2981233	10472	1
p051v2	192	Pulse	255	3000000	8437	NA
p051v2	194	Pulse	255	3030000	8259	NA
p051v2	194	Response	100	3030753	9012	1
p051v2	196	Pulse	255	3060000	18923	NA
p051v2	198	Response	100	3082675	11419	1
p051v2	199	Pulse	255	3090000	7235	NA
p051v2	201	Pulse	255	3120000	6871	NA
p051v2	202	Response	101	3131154	7926	1
p051v2	204	Pulse	255	3150000	8547	NA
p051v2	206	Pulse	255	3180000	8268	NA
p051v2	206	Response	100	3182436	10704	1
p051v2	208	Pulse	255	3210000	17260	NA
p051v2	210	Response	100	3237714	14794	1
p051v2	211	Pulse	255	3240000	2199	NA
p051v2	213	Pulse	255	3270000	1897	NA
p051v2	214	Response	101	3292193	13971	1
p051v2	215	Pulse	255	3300000	7723	NA
p051v2	217	Pulse	255	3330000	7411	NA
p051v2	218	Response	101	3345637	12950	1
p051v2	220	Pulse	255	3360000	4062	NA
p051v2	222	Pulse	255	3390000	3881	NA
p051v2	222	Response	100	3408753	22634	1
p051v2	224	Pulse	255	3420000	930	NA
p051v2	226	Pulse	255	3450000	739	NA
p051v2	226	Response	100	3472112	22852	1
p051v2	227	Pulse	255	3480000	7803	NA
p051v2	229	Pulse	255	3510000	7482	NA
p051v2	230	Response	101	3530913	18298	1
p051v2	231	Pulse	255	3540000	9002	NA
p051v2	233	Pulse	255	3570000	8584	NA
p051v2	234	Response	100	3579473	7945	1
p051v2	236	Pulse	255	3600000	10224	NA
p051v2	238	Response	101	3629872	9919	1
p051v2	239	Pulse	255	3630000	5	NA
p051v2	240	Pulse	255	3660000	19775	NA
p051v2	242	Picture	instruct_trial	3670375	0	1	25585	1	0	next	other	0
p051v2	242	Pulse	255	3690000	19625	NA
p051v2	242	Response	101	3695873	25498	1
p051v2	243	Pulse	255	3720000	23874	NA
p051v2	243	Response	101	3738352	42226	1
p051v2	245	Pulse	255	3750000	1368	NA
p051v2	247	Pulse	255	3780000	1188	NA
p051v2	247	Pulse	255	3810000	31188	NA
p051v2	247	Response	101	3827152	48340	1
p051v2	249	Pulse	255	3840000	2534	NA
p051v2	251	Pulse	255	3870000	2354	NA
p051v2	251	Response	100	3886672	19025	1
p051v2	253	Pulse	255	3900000	3005	NA
p051v2	255	Pulse	255	3930000	2866	NA
p051v2	255	Response	100	3939551	12417	1
p051v2	257	Pulse	255	3960000	10125	NA
p051v2	259	Pulse	255	3990000	9915	NA
p051v2	259	Response	100	3993312	13227	1
p051v2	261	Pulse	255	4020000	16367	NA
p051v2	263	Pulse	255	4050000	16187	NA
p051v2	263	Response	100	4054832	21019	1
p051v2	265	Pulse	255	4080000	14854	NA
p051v2	267	Pulse	255	4110000	14676	NA
p051v2	267	Response	101	4114191	18867	1
p051v2	269	Pulse	255	4140000	15487	NA
p051v2	271	Response	101	4168432	13731	1
p051v2	272	Pulse	255	4170000	1484	NA
p051v2	274	Pulse	255	4200000	1177	NA
p051v2	275	Response	101	4217551	8629	1
p051v2	277	Pulse	255	4230000	2134	NA
p051v2	279	Pulse	255	4260000	1956	NA
p051v2	279	Pulse	255	4290000	31956	NA
p051v2	279	Response	100	4296193	38149	1
p051v2	281	Pulse	255	4320000	13496	NA
p051v2	283	Pulse	255	4350000	13313	NA
p051v2	283	Response	101	4354351	17664	1
p051v2	285	Pulse	255	4380000	15337	NA
p051v2	287	Pulse	255	4410000	15159	NA
p051v2	287	Response	101	4410352	15511	1
p051v2	289	Pulse	255	4440000	19339	NA
p051v2	291	Response	100	4462191	11231	1
p051v2	292	Pulse	255	4470000	7723	NA
p051v2	294	Pulse	255	4500000	7414	NA
p051v2	295	Response	101	4513951	11267	1
p051v2	297	Pulse	255	4530000	5737	NA
p051v2	299	Pulse	255	4560000	5556	NA
p051v2	299	Response	101	4561070	6627	1
p051v2	301	Pulse	255	4590000	18548	NA
p051v2	303	Response	100	4612512	10881	1
p051v2	304	Pulse	255	4620000	7402	NA
p051v2	306	Pulse	255	4650000	7077	NA
p051v2	307	Response	100	4668032	15006	1
p051v2	309	Pulse	255	4680000	1643	NA
p051v2	311	Pulse	255	4710000	1464	NA
p051v2	311	Response	100	4719310	10774	1
p051v2	313	Pulse	255	4740000	10352	NA
p051v2	315	Pulse	255	4770000	10173	NA
p051v2	315	Response	101	4772510	12683	1
p051v2	317	Pulse	255	4800000	17225	NA
p051v2	319	Response	101	4823632	10676	1
p051v2	320	Pulse	255	4830000	6284	NA
p051v2	322	Pulse	255	4860000	5977	NA
p051v2	323	Response	100	4869871	5750	1
p051v2	325	Pulse	255	4890000	9805	NA
p051v2	327	Response	100	4916750	6377	1
p051v2	328	Pulse	255	4920000	3164	NA
p051v2	330	Pulse	255	4950000	2737	NA
p051v2	331	Response	100	4972190	14830	1
p051v2	332	Pulse	255	4980000	7725	NA
p051v2	334	Pulse	255	5010000	7390	NA
p051v2	335	Response	101	5020750	8023	1
p051v2	337	Pulse	255	5040000	8921	NA
p051v2	339	Response	100	5069150	7893	1
p051v2	340	Pulse	255	5070000	765	NA
p051v2	342	Pulse	255	5100000	359	NA
p051v2	343	Response	100	5117549	7811	1
p051v2	345	Pulse	255	5130000	1945	NA
p051v2	347	Pulse	255	5160000	1769	NA
p051v2	347	Response	100	5169389	11158	1
p051v2	349	Pulse	255	5190000	10297	NA
p051v2	351	Response	100	5215311	5429	1
p051v2	352	Pulse	255	5220000	4603	NA
p051v2	354	Pulse	255	5250000	4160	NA
p051v2	355	Response	101	5262830	6893	1
p051v2	357	Pulse	255	5280000	6890	NA
p051v2	359	Pulse	255	5310000	6653	NA
p051v2	359	Response	100	5310029	6683	1
p051v2	361	Pulse	255	5340000	19681	NA
p051v2	363	Response	101	5360991	10492	1
p051v2	364	Pulse	255	5370000	8923	NA
p051v2	366	Pulse	255	5400000	8624	NA
p051v2	367	Response	101	5412671	11178	1
p051v2	369	Pulse	255	5430000	7015	NA
p051v2	371	Response	101	5458748	5596	1
p051v2	372	Pulse	255	5460000	1170	NA
p051v2	374	Pulse	255	5490000	850	NA
p051v2	375	Response	100	5506912	7663	1
p051v2	377	Pulse	255	5520000	2765	NA
p051v2	379	Pulse	255	5550000	2542	NA
p051v2	379	Response	101	5556989	9530	1
p051v2	381	Pulse	255	5580000	12700	NA
p051v2	383	Response	100	5601549	4119	1
p051v2	384	Pulse	255	5610000	8266	NA
p051v2	386	Pulse	255	5640000	7966	NA
p051v2	387	Response	100	5649951	7824	1
p051v2	389	Pulse	255	5670000	9746	NA
p051v2	391	Pulse	255	5700000	9567	NA
p051v2	391	Response	101	5700030	9596	1
p051v2	393	Pulse	255	5730000	19662	NA
p051v2	395	Response	100	5751789	11276	1
p051v2	396	Pulse	255	5760000	8126	NA
p051v2	398	Pulse	255	5790000	7825	NA
p051v2	399	Response	101	5798988	6717	1
p051v2	401	Pulse	255	5820000	10698	NA
p051v2	403	Response	100	5849227	9788	1
p051v2	404	Pulse	255	5850000	687	NA
p051v2	406	Pulse	255	5880000	402	NA
p051v2	407	Response	101	5893389	3695	1
p051v2	409	Pulse	255	5910000	6219	NA
p051v2	411	Pulse	255	5940000	6040	NA
p051v2	411	Response	100	5940429	6469	1
p051v2	413	Pulse	255	5970000	19289	NA
p051v2	415	Response	100	5988670	7768	1
p051v2	417	Pulse	255	6000000	1000	NA
p051v2	419	Pulse	255	6030000	798	NA
p051v2	419	Response	101	6045389	16187	1
p051v2	421	Pulse	255	6060000	4286	NA
p051v2	423	Response	100	6089468	3504	1
p051v2	424	Pulse	255	6090000	383	NA
p051v2	426	Pulse	255	6120000	61	NA
p051v2	427	Response	101	6135148	5114	1
p051v2	429	Pulse	255	6150000	4538	NA
p051v2	431	Response	100	6178671	3028	1
p051v2	432	Pulse	255	6180000	1244	NA
p051v2	434	Pulse	255	6210000	925	NA
p051v2	435	Response	101	6223629	4458	1
p051v2	437	Pulse	255	6240000	6060	NA
p051v2	439	Pulse	255	6270000	5929	NA
p051v2	439	Response	100	6271628	7557	1
p051v2	441	Pulse	255	6300000	18060	NA
p051v2	443	Response	101	6322028	9907	1
p051v2	444	Pulse	255	6330000	7886	NA
p051v2	446	Pulse	255	6360000	7540	NA
p051v2	447	Response	100	6366829	4267	1
p051v2	449	Pulse	255	6390000	12855	NA
p051v2	451	Response	101	6410669	3344	1
p051v2	452	Pulse	255	6420000	9245	NA
p051v2	454	Pulse	255	6450000	8927	NA
p051v2	455	Response	101	6457068	5876	1
p051v2	457	Pulse	255	6480000	12687	NA
p051v2	459	Response	100	6503468	5979	1
p051v2	460	Pulse	255	6510000	6448	NA
p051v2	462	Pulse	255	6540000	6130	NA
p051v2	463	Response	101	6554509	10541	1
p051v2	465	Pulse	255	6570000	5180	NA
p051v2	467	Pulse	255	6600000	5001	NA
p051v2	467	Response	100	6605868	10869	1
p051v2	469	Pulse	255	6630000	13816	NA
p051v2	471	Response	100	6654267	7903	1
p051v2	472	Pulse	255	6660000	5647	NA
p051v2	474	Pulse	255	6690000	5253	NA
p051v2	475	Response	101	6698109	3265	1
p051v2	477	Pulse	255	6720000	11577	NA
p051v2	479	Response	100	6742428	3825	1
p051v2	480	Pulse	255	6750000	7488	NA
p051v2	482	Response	101	6776187	3367	1
p051v2	482	Pulse	255	6780000	7180	NA
p051v2	482	Response	101	6782186	9366	1
p051v2	483	Picture	instruct_trial	6782936	0	1	16139	1	0	next	other	0
p051v2	483	Response	101	6798989	16053	1
p051v2	484	Pulse	255	6810000	10758	NA
p051v2	484	Response	101	6828746	29504	1
p051v2	486	Pulse	255	6840000	912	NA
p051v2	488	Pulse	255	6870000	716	NA
p051v2	488	Response	100	6889387	20103	1
p051v2	490	Pulse	255	6900000	314	NA
p051v2	492	Pulse	255	6930000	89	NA
p051v2	492	Response	101	6941706	11795	1
p051v2	494	Pulse	255	6960000	7984	NA
p051v2	496	Pulse	255	6990000	7645	NA
p051v2	496	Response	101	7017228	34874	1
p051v2	497	Pulse	255	7020000	2687	NA
p051v2	499	Pulse	255	7050000	2382	NA
p051v2	500	Response	100	7077386	19650	1
p051v2	501	Pulse	255	7080000	2529	NA
p051v2	503	Pulse	255	7110000	2204	NA
p051v2	504	Pulse	255	7140000	22106	NA
p051v2	504	Response	101	7158185	40291	1
p051v2	506	Pulse	255	7170000	1525	NA
p051v2	508	Pulse	255	7200000	1313	NA
p051v2	508	Pulse	255	7230000	31313	NA
p051v2	508	Response	100	7235785	37098	1
p051v2	510	Pulse	255	7260000	13901	NA
p051v2	512	Response	100	7282186	5906	1
p051v2	513	Pulse	255	7290000	7730	NA
p051v2	515	Pulse	255	7320000	7414	NA
p051v2	516	Response	101	7344825	22140	1
p051v2	517	Pulse	255	7350000	5093	NA
p051v2	519	Pulse	255	7380000	4823	NA
p051v2	520	Response	100	7404108	18834	1
p051v2	521	Pulse	255	7410000	5806	NA
p051v2	523	Pulse	255	7440000	5488	NA
p051v2	524	Response	100	7465467	20857	1
p051v2	525	Pulse	255	7470000	4448	NA
p051v2	527	Pulse	255	7500000	4137	NA
p051v2	528	Response	100	7521386	15361	1
p051v2	529	Pulse	255	7530000	8530	NA
p051v2	531	Pulse	255	7560000	8229	NA
p051v2	532	Response	100	7580425	18557	1
p051v2	533	Pulse	255	7590000	9491	NA
p051v2	535	Pulse	255	7620000	9089	NA
p051v2	536	Response	100	7633865	12856	1
p051v2	538	Pulse	255	7650000	5867	NA
p051v2	540	Pulse	255	7680000	5687	NA
p051v2	540	Response	101	7689705	15392	1
p051v2	542	Pulse	255	7710000	9981	NA
p051v2	544	Pulse	255	7740000	9804	NA
p051v2	544	Response	100	7740793	10597	1
p051v2	546	Pulse	255	7770000	18891	NA
p051v2	548	Pulse	255	7800000	18711	NA
p051v2	548	Response	100	7818025	36737	1
p051v2	550	Pulse	255	7830000	1650	NA
p051v2	552	Pulse	255	7860000	1506	NA
p051v2	552	Response	100	7881785	23291	1
p051v2	553	Pulse	255	7890000	8130	NA
p051v2	555	Pulse	255	7920000	7827	NA
p051v2	556	Response	100	7939625	17352	1
p051v2	558	Pulse	255	7950000	61	NA
p051v2	559	Pulse	255	7980000	9979	NA
p051v2	560	Response	101	8002586	22465	1
p051v2	561	Pulse	255	8010000	7329	NA
p051v2	563	Pulse	255	8040000	7012	NA
p051v2	564	Response	100	8053145	10071	1
p051v2	566	Pulse	255	8070000	6534	NA
p051v2	568	Pulse	255	8100000	6287	NA
p051v2	568	Response	101	8100826	7113	1
p051v2	570	Pulse	255	8130000	18917	NA
p051v2	572	Response	100	8149065	7802	1
p051v2	574	Pulse	255	8160000	618	NA
p051v2	576	Pulse	255	8190000	419	NA
p051v2	576	Response	101	8208344	18763	1
p051v2	578	Pulse	255	8220000	1329	NA
p051v2	580	Pulse	255	8250000	1150	NA
p051v2	580	Response	100	8260423	11573	1
p051v2	582	Pulse	255	8280000	9275	NA
p051v2	584	Pulse	255	8310000	9153	NA
p051v2	584	Response	100	8314425	13579	1
p051v2	586	Pulse	255	8340000	15245	NA
p051v2	588	Response	101	8363706	8696	1
p051v2	589	Pulse	255	8370000	6209	NA
p051v2	591	Pulse	255	8400000	5904	NA
p051v2	592	Response	100	8417223	13028	1
p051v2	594	Pulse	255	8430000	2416	NA
p051v2	596	Pulse	255	8460000	2235	NA
p051v2	596	Response	100	8464664	6899	1
p051v2	598	Pulse	255	8490000	15016	NA
p051v2	600	Response	100	8518104	12968	1
p051v2	601	Pulse	255	8520000	1810	NA
p051v2	603	Pulse	255	8550000	1498	NA
p051v2	604	Response	101	8568344	9744	1
p051v2	606	Pulse	255	8580000	1272	NA
p051v2	608	Pulse	255	8610000	1010	NA
p051v2	608	Response	101	8618265	9276	1
p051v2	610	Pulse	255	8640000	11347	NA
p051v2	612	Response	101	8667705	8867	1
p051v2	613	Pulse	255	8670000	2209	NA
p051v2	615	Pulse	255	8700000	1864	NA
p051v2	616	Response	101	8721143	12912	1
p051v2	617	Pulse	255	8730000	8770	NA
p051v2	619	Pulse	255	8760000	8396	NA
p051v2	620	Response	101	8773304	11603	1
p051v2	622	Pulse	255	8790000	6368	NA
p051v2	624	Response	101	8819386	5571	1
p051v2	625	Pulse	255	8820000	530	NA
p051v2	627	Pulse	255	8850000	206	NA
p051v2	628	Response	100	8869305	9414	1
p051v2	630	Pulse	255	8880000	381	NA
p051v2	632	Pulse	255	8910000	203	NA
p051v2	632	Response	101	8920423	10625	1
p051v2	634	Pulse	255	8940000	9148	NA
p051v2	636	Pulse	255	8970000	8954	NA
p051v2	636	Response	101	8971623	10577	1
p051v2	638	Pulse	255	9000000	18059	NA
p051v2	640	Response	100	9025863	13784	1
p051v2	641	Pulse	255	9030000	4053	NA
p051v2	643	Pulse	255	9060000	3774	NA
p051v2	644	Response	100	9079944	13617	1
p051v2	645	Pulse	255	9090000	9973	NA
p051v2	647	Pulse	255	9120000	9661	NA
p051v2	648	Response	101	9131462	11022	1
p051v2	650	Pulse	255	9150000	8235	NA
p051v2	652	Pulse	255	9180000	8054	NA
p051v2	652	Response	100	9183064	11118	1
p051v2	654	Pulse	255	9210000	16540	NA
p051v2	656	Response	101	9233063	9422	1
p051v2	657	Pulse	255	9240000	6851	NA
p051v2	659	Pulse	255	9270000	6554	NA
p051v2	660	Response	100	9283543	9980	1
p051v2	662	Pulse	255	9300000	6125	NA
p051v2	664	Pulse	255	9330000	5947	NA
p051v2	664	Response	101	9334822	10769	1
p051v2	666	Pulse	255	9360000	14928	NA
p051v2	668	Response	101	9384502	9250	1
p051v2	669	Pulse	255	9390000	5316	NA
p051v2	671	Pulse	255	9420000	5002	NA
p051v2	672	Response	100	9433863	8810	1
p051v2	674	Pulse	255	9450000	5805	NA
p051v2	676	Pulse	255	9480000	5610	NA
p051v2	676	Response	101	9480904	6514	1
p051v2	678	Pulse	255	9510000	18645	NA
p051v2	680	Response	101	9530262	8648	1
p051v2	681	Pulse	255	9540000	9666	NA
p051v2	683	Pulse	255	9570000	9344	NA
p051v2	684	Response	100	9576503	5747	1
p051v2	686	Pulse	255	9600000	13180	NA
p051v2	688	Response	101	9624662	7648	1
p051v2	689	Pulse	255	9630000	5256	NA
p051v2	691	Pulse	255	9660000	4947	NA
p051v2	692	Response	101	9679623	14473	1
p051v2	694	Pulse	255	9690000	55	NA
p051v2	695	Pulse	255	9720000	9974	NA
p051v2	696	Response	100	9725062	4913	1
p051v2	698	Pulse	255	9750000	14630	NA
p051v2	700	Response	100	9774981	9431	1
p051v2	701	Pulse	255	9780000	4934	NA
p051v2	703	Pulse	255	9810000	4602	NA
p051v2	704	Response	101	9822981	7483	1
p051v2	706	Pulse	255	9840000	6709	NA
p051v2	708	Pulse	255	9870000	6531	NA
p051v2	708	Response	101	9872342	8874	1
p051v2	710	Pulse	255	9900000	17348	NA
p051v2	712	Response	100	9921541	8711	1
p051v2	713	Pulse	255	9930000	8376	NA
p051v2	715	Pulse	255	9960000	8079	NA
p051v2	716	Response	101	9968822	6803	1
p051v2	718	Pulse	255	9990000	10901	NA
p051v2	720	Response	100	10017781	8506	1
p051v2	721	Pulse	255	10020000	2136	NA
p051v2	723	Pulse	255	10050000	1835	NA
p051v2	724	Picture	instruct_trial	10058260	0	1	40083	1	0	next	other	0
p051v2	724	Pulse	255	10080000	21740	NA
p051v2	724	Response	101	10090343	32083	1
p051v2	724	Response	101	10095782	37521	1
