Scenario - learning_JJ_english
Logfile written - 06/10/2022 11:46:16

Subject	Trial	Event Type	Code	Time	TTime	Uncertainty	Duration	Uncertainty	ReqTime	ReqDur	Stim Type	Pair Index

P051v1	0	Pulse	255	0	0	NA
P051v1	1	Picture	instruct_trial	10500	0	1	119145	1	0	next	other	0
P051v1	1	Pulse	255	30000	19500	NA
P051v1	1	Pulse	255	60000	49500	NA
P051v1	1	Pulse	255	90000	79500	NA
P051v1	1	Pulse	255	120000	109500	NA
P051v1	1	Response	101	129482	118983	1
P051v1	1	Pulse	255	150000	139500	NA
P051v1	2	Pulse	255	180000	29859	NA
P051v1	2	Response	101	192920	42779	1
P051v1	4	Pulse	255	210000	6535	NA
P051v1	6	Pulse	255	240000	6207	NA
P051v1	6	Response	101	258200	24406	1
P051v1	8	Pulse	255	270000	1213	NA
P051v1	10	Pulse	255	300000	885	NA
P051v1	10	Response	101	310762	11647	1
P051v1	12	Pulse	255	330000	8723	NA
P051v1	14	Pulse	255	360000	8395	NA
P051v1	14	Response	101	365561	13956	1
P051v1	16	Pulse	255	390000	14232	NA
P051v1	18	Pulse	255	420000	13904	NA
P051v1	18	Response	101	434519	28424	1
P051v1	20	Pulse	255	450000	5245	NA
P051v1	22	Pulse	255	480000	4917	NA
P051v1	22	Response	101	497081	21998	1
P051v1	24	Pulse	255	510000	2589	NA
P051v1	26	Pulse	255	540000	2261	NA
P051v1	26	Response	100	550279	12540	1
P051v1	28	Pulse	255	570000	9432	NA
P051v1	30	Pulse	255	600000	9104	NA
P051v1	30	Response	100	606676	15780	1
P051v1	32	Pulse	255	630000	13109	NA
P051v1	34	Response	100	657798	10579	1
P051v1	35	Pulse	255	660000	2116	NA
P051v1	37	Pulse	255	690000	1621	NA
P051v1	38	Response	101	714359	15815	1
P051v1	39	Pulse	255	720000	5459	NA
P051v1	41	Pulse	255	750000	5131	NA
P051v1	42	Response	101	765639	10605	1
P051v1	44	Pulse	255	780000	4137	NA
P051v1	46	Pulse	255	810000	3809	NA
P051v1	46	Response	100	824756	18565	1
P051v1	48	Pulse	255	840000	4981	NA
P051v1	50	Pulse	255	870000	4653	NA
P051v1	50	Response	100	880040	14693	1
P051v1	52	Pulse	255	900000	9491	NA
P051v1	54	Pulse	255	930000	9163	NA
P051v1	54	Response	100	936199	15362	1
P051v1	56	Pulse	255	960000	13501	NA
P051v1	58	Pulse	255	990000	13173	NA
P051v1	58	Response	101	990119	13291	1
P051v1	60	Pulse	255	1020000	19677	NA
P051v1	62	Response	101	1047077	16426	1
P051v1	63	Pulse	255	1050000	2852	NA
P051v1	65	Pulse	255	1080000	2524	NA
P051v1	66	Response	101	1100997	13356	1
P051v1	67	Pulse	255	1110000	8861	NA
P051v1	69	Pulse	255	1140000	8534	NA
P051v1	70	Response	101	1156921	15289	1
P051v1	72	Pulse	255	1170000	2707	NA
P051v1	74	Pulse	255	1200000	2379	NA
P051v1	74	Response	100	1209959	12337	1
P051v1	76	Pulse	255	1230000	9716	NA
P051v1	78	Pulse	255	1260000	9388	NA
P051v1	78	Response	101	1266837	16225	1
P051v1	80	Pulse	255	1290000	12893	NA
P051v1	82	Pulse	255	1320000	12565	NA
P051v1	82	Response	101	1321240	13804	1
P051v1	84	Pulse	255	1350000	18403	NA
P051v1	86	Response	101	1376036	14111	1
P051v1	87	Pulse	255	1380000	3910	NA
P051v1	89	Pulse	255	1410000	3582	NA
P051v1	90	Response	101	1432117	15535	1
P051v1	91	Pulse	255	1440000	7754	NA
P051v1	93	Pulse	255	1470000	7426	NA
P051v1	94	Response	101	1489235	16496	1
P051v1	96	Pulse	255	1500000	432	NA
P051v1	98	Pulse	255	1530000	105	NA
P051v1	98	Pulse	255	1560000	30105	NA
P051v1	98	Response	101	1584197	54301	1
P051v1	99	Pulse	255	1590000	5614	NA
P051v1	101	Pulse	255	1620000	5120	NA
P051v1	102	Response	100	1644037	18992	1
P051v1	103	Pulse	255	1650000	5792	NA
P051v1	105	Pulse	255	1680000	5464	NA
P051v1	106	Response	100	1699955	15253	1
P051v1	107	Pulse	255	1710000	9968	NA
P051v1	109	Pulse	255	1740000	9640	NA
P051v1	110	Response	101	1751556	11031	1
P051v1	112	Pulse	255	1770000	8146	NA
P051v1	114	Pulse	255	1800000	7818	NA
P051v1	114	Response	101	1815157	22974	1
P051v1	116	Pulse	255	1830000	4490	NA
P051v1	118	Pulse	255	1860000	4163	NA
P051v1	118	Response	101	1878516	22678	1
P051v1	120	Pulse	255	1890000	1168	NA
P051v1	122	Pulse	255	1920000	841	NA
P051v1	122	Response	100	1932755	13595	1
P051v1	124	Pulse	255	1950000	7011	NA
P051v1	126	Pulse	255	1980000	6683	NA
P051v1	126	Response	101	1996197	22881	1
P051v1	128	Pulse	255	2010000	3523	NA
P051v1	130	Pulse	255	2040000	3195	NA
P051v1	130	Response	101	2056675	19870	1
P051v1	132	Pulse	255	2070000	2867	NA
P051v1	134	Pulse	255	2100000	2539	NA
P051v1	134	Response	100	2116598	19137	1
P051v1	136	Pulse	255	2130000	2878	NA
P051v1	138	Pulse	255	2160000	2550	NA
P051v1	138	Response	101	2163477	6027	1
P051v1	140	Pulse	255	2190000	16219	NA
P051v1	142	Response	100	2217794	13686	1
P051v1	143	Pulse	255	2220000	2060	NA
P051v1	145	Pulse	255	2250000	1732	NA
P051v1	146	Response	101	2276275	17842	1
P051v1	147	Pulse	255	2280000	3571	NA
P051v1	149	Pulse	255	2310000	3243	NA
P051v1	150	Response	101	2335236	18314	1
P051v1	151	Pulse	255	2340000	4581	NA
P051v1	153	Pulse	255	2370000	4253	NA
P051v1	154	Pulse	255	2400000	24089	NA
P051v1	154	Response	101	2411476	35565	1
P051v1	156	Pulse	255	2430000	8263	NA
P051v1	158	Pulse	255	2460000	7935	NA
P051v1	158	Response	101	2470040	17975	1
P051v1	160	Pulse	255	2490000	9441	NA
P051v1	162	Pulse	255	2520000	9113	NA
P051v1	162	Response	100	2520116	9228	1
P051v1	164	Pulse	255	2550000	19616	NA
P051v1	166	Response	101	2573395	12684	1
P051v1	167	Pulse	255	2580000	6457	NA
P051v1	169	Pulse	255	2610000	6129	NA
P051v1	170	Response	101	2628754	14718	1
P051v1	172	Pulse	255	2640000	969	NA
P051v1	174	Pulse	255	2670000	641	NA
P051v1	174	Response	100	2676200	6841	1
P051v1	176	Pulse	255	2700000	13477	NA
P051v1	178	Response	100	2726195	9344	1
P051v1	179	Pulse	255	2730000	3651	NA
P051v1	181	Pulse	255	2760000	3323	NA
P051v1	182	Response	100	2780194	13352	1
P051v1	183	Pulse	255	2790000	9661	NA
P051v1	185	Pulse	255	2820000	9333	NA
P051v1	186	Response	100	2828596	7763	1
P051v1	188	Pulse	255	2850000	11004	NA
P051v1	190	Pulse	255	2880000	10676	NA
P051v1	190	Response	100	2880513	11190	1
P051v1	192	Pulse	255	2910000	19180	NA
P051v1	194	Response	101	2935397	14249	1
P051v1	195	Pulse	255	2940000	4522	NA
P051v1	197	Pulse	255	2970000	4194	NA
P051v1	198	Response	101	2985314	9343	1
P051v1	200	Pulse	255	3000000	4366	NA
P051v1	202	Pulse	255	3030000	4038	NA
P051v1	202	Response	100	3032673	6711	1
P051v1	204	Pulse	255	3060000	17041	NA
P051v1	206	Response	100	3084513	11226	1
P051v1	207	Pulse	255	3090000	5381	NA
P051v1	209	Pulse	255	3120000	4887	NA
P051v1	210	Response	100	3135476	10198	1
P051v1	212	Pulse	255	3150000	4226	NA
P051v1	214	Pulse	255	3180000	3898	NA
P051v1	214	Response	101	3188833	12730	1
P051v1	216	Pulse	255	3210000	10902	NA
P051v1	218	Response	100	3239312	9886	1
P051v1	219	Pulse	255	3240000	576	NA
P051v1	221	Pulse	255	3270000	81	NA
P051v1	222	Response	101	3289873	9789	1
P051v1	223	Pulse	255	3300000	10085	NA
P051v1	225	Pulse	255	3330000	9757	NA
P051v1	226	Response	101	3339399	8991	1
P051v1	228	Pulse	255	3360000	10095	NA
P051v1	230	Response	100	3385472	5239	1
P051v1	231	Pulse	255	3390000	4435	NA
P051v1	233	Pulse	255	3420000	4107	NA
P051v1	234	Response	101	3430433	4375	1
P051v1	236	Pulse	255	3450000	9278	NA
P051v1	238	Pulse	255	3480000	8950	NA
P051v1	238	Response	101	3481473	10423	1
P051v1	240	Pulse	255	3510000	18121	NA
P051v1	242	Picture	instruct_trial	3522207	0	1	37327	1	0	next	other	0
P051v1	242	Pulse	255	3540000	17793	NA
P051v1	242	Response	101	3559472	37265	1
P051v1	243	Pulse	255	3570000	10299	NA
P051v1	243	Pulse	255	3600000	40299	NA
P051v1	243	Response	101	3619636	59935	1
P051v1	245	Pulse	255	3630000	145	NA
P051v1	245	Response	101	3644114	14259	1
P051v1	246	Pulse	255	3660000	9982	NA
P051v1	247	Pulse	255	3690000	29817	NA
P051v1	247	Response	100	3692515	32332	1
P051v1	249	Pulse	255	3720000	17158	NA
P051v1	251	Response	101	3742115	8945	1
P051v1	252	Pulse	255	3750000	7832	NA
P051v1	254	Pulse	255	3780000	7337	NA
P051v1	255	Response	101	3805952	23124	1
P051v1	256	Pulse	255	3810000	4010	NA
P051v1	258	Pulse	255	3840000	3682	NA
P051v1	259	Response	100	3862433	15950	1
P051v1	260	Pulse	255	3870000	7520	NA
P051v1	262	Pulse	255	3900000	7025	NA
P051v1	263	Response	100	3916593	13453	1
P051v1	265	Pulse	255	3930000	3198	NA
P051v1	267	Pulse	255	3960000	2870	NA
P051v1	267	Response	101	3972511	15382	1
P051v1	269	Pulse	255	3990000	7208	NA
P051v1	271	Pulse	255	4020000	6880	NA
P051v1	271	Response	100	4043876	30757	1
P051v1	272	Pulse	255	4050000	6052	NA
P051v1	274	Pulse	255	4080000	5558	NA
P051v1	275	Response	101	4103154	18547	1
P051v1	276	Pulse	255	4110000	6730	NA
P051v1	278	Pulse	255	4140000	6235	NA
P051v1	279	Pulse	255	4170000	26070	NA
P051v1	279	Response	100	4171632	27702	1
P051v1	281	Pulse	255	4200000	18077	NA
P051v1	283	Response	100	4228749	16498	1
P051v1	284	Pulse	255	4230000	1085	NA
P051v1	286	Pulse	255	4260000	757	NA
P051v1	287	Pulse	255	4290000	20593	NA
P051v1	287	Response	100	4301551	32143	1
P051v1	289	Pulse	255	4320000	8100	NA
P051v1	291	Pulse	255	4350000	7772	NA
P051v1	291	Response	100	4367394	25166	1
P051v1	293	Pulse	255	4380000	2278	NA
P051v1	295	Pulse	255	4410000	1951	NA
P051v1	295	Response	101	4425391	17341	1
P051v1	297	Pulse	255	4440000	4122	NA
P051v1	299	Pulse	255	4470000	3794	NA
P051v1	299	Response	101	4478190	11984	1
P051v1	301	Pulse	255	4500000	11465	NA
P051v1	303	Response	101	4528433	9570	1
P051v1	304	Pulse	255	4530000	1472	NA
P051v1	306	Pulse	255	4560000	977	NA
P051v1	307	Response	100	4576913	7725	1
P051v1	309	Pulse	255	4590000	2649	NA
P051v1	311	Pulse	255	4620000	2321	NA
P051v1	311	Response	100	4632274	14595	1
P051v1	313	Pulse	255	4650000	7492	NA
P051v1	315	Pulse	255	4680000	7164	NA
P051v1	315	Response	101	4682672	9836	1
P051v1	317	Pulse	255	4710000	17001	NA
P051v1	319	Response	101	4735725	12398	1
P051v1	320	Pulse	255	4740000	4176	NA
P051v1	322	Pulse	255	4770000	3848	NA
P051v1	323	Response	100	4788034	11717	1
P051v1	325	Pulse	255	4800000	1520	NA
P051v1	327	Pulse	255	4830000	1192	NA
P051v1	327	Response	101	4842511	13704	1
P051v1	329	Pulse	255	4860000	7196	NA
P051v1	331	Pulse	255	4890000	6869	NA
P051v1	331	Response	100	4893392	10260	1
P051v1	333	Pulse	255	4920000	16206	NA
P051v1	335	Response	101	4947552	13430	1
P051v1	336	Pulse	255	4950000	2380	NA
P051v1	338	Pulse	255	4980000	1885	NA
P051v1	339	Response	101	5004431	16151	1
P051v1	340	Pulse	255	5010000	5390	NA
P051v1	342	Pulse	255	5040000	5062	NA
P051v1	343	Response	101	5050113	5010	1
P051v1	345	Pulse	255	5070000	9567	NA
P051v1	347	Response	101	5098029	7268	1
P051v1	348	Pulse	255	5100000	1907	NA
P051v1	350	Pulse	255	5130000	1579	NA
P051v1	351	Response	101	5155953	17367	1
P051v1	352	Pulse	255	5160000	3917	NA
P051v1	354	Pulse	255	5190000	3589	NA
P051v1	355	Response	101	5202829	6254	1
P051v1	357	Pulse	255	5220000	6927	NA
P051v1	359	Pulse	255	5250000	6599	NA
P051v1	359	Response	100	5255629	12229	1
P051v1	361	Pulse	255	5280000	14103	NA
P051v1	363	Pulse	255	5310000	13775	NA
P051v1	363	Response	101	5328110	31886	1
P051v1	365	Pulse	255	5340000	1616	NA
P051v1	367	Pulse	255	5370000	1288	NA
P051v1	367	Response	100	5384191	15479	1
P051v1	369	Pulse	255	5400000	5293	NA
P051v1	371	Pulse	255	5430000	4965	NA
P051v1	371	Response	101	5439949	14914	1
P051v1	373	Pulse	255	5460000	9803	NA
P051v1	375	Pulse	255	5490000	9475	NA
P051v1	375	Response	101	5501389	20864	1
P051v1	377	Pulse	255	5520000	8314	NA
P051v1	379	Pulse	255	5550000	7986	NA
P051v1	379	Response	101	5554831	12817	1
P051v1	381	Pulse	255	5580000	14657	NA
P051v1	383	Pulse	255	5610000	14329	NA
P051v1	383	Response	100	5611869	16198	1
P051v1	385	Pulse	255	5640000	17667	NA
P051v1	387	Pulse	255	5670000	17339	NA
P051v1	387	Pulse	255	5700000	47339	NA
P051v1	387	Response	101	5705791	53130	1
P051v1	389	Pulse	255	5730000	14017	NA
P051v1	391	Pulse	255	5760000	13689	NA
P051v1	391	Response	101	5760670	14359	1
P051v1	393	Pulse	255	5790000	19027	NA
P051v1	395	Pulse	255	5820000	18699	NA
P051v1	395	Response	100	5832029	30728	1
P051v1	397	Pulse	255	5850000	7706	NA
P051v1	399	Pulse	255	5880000	7378	NA
P051v1	399	Response	101	5886750	14128	1
P051v1	401	Pulse	255	5910000	13049	NA
P051v1	403	Pulse	255	5940000	12721	NA
P051v1	403	Response	100	5953310	26031	1
P051v1	405	Pulse	255	5970000	6394	NA
P051v1	407	Pulse	255	6000000	6066	NA
P051v1	407	Response	100	6009788	15855	1
P051v1	409	Pulse	255	6030000	9904	NA
P051v1	411	Pulse	255	6060000	9576	NA
P051v1	411	Response	100	6064587	14164	1
P051v1	413	Pulse	255	6090000	15081	NA
P051v1	415	Pulse	255	6120000	14753	NA
P051v1	415	Response	101	6122430	17183	1
P051v1	417	Pulse	255	6150000	17258	NA
P051v1	419	Pulse	255	6180000	16930	NA
P051v1	419	Response	101	6187632	24561	1
P051v1	421	Pulse	255	6210000	12103	NA
P051v1	423	Pulse	255	6240000	11775	NA
P051v1	423	Response	100	6246031	17806	1
P051v1	425	Pulse	255	6270000	13613	NA
P051v1	427	Pulse	255	6300000	13285	NA
P051v1	427	Response	100	6305628	18913	1
P051v1	429	Pulse	255	6330000	14124	NA
P051v1	431	Pulse	255	6360000	13796	NA
P051v1	431	Response	100	6372510	26306	1
P051v1	433	Pulse	255	6390000	7136	NA
P051v1	435	Pulse	255	6420000	6808	NA
P051v1	435	Response	101	6426747	13555	1
P051v1	437	Pulse	255	6450000	12979	NA
P051v1	439	Pulse	255	6480000	12651	NA
P051v1	439	Response	101	6483709	16359	1
P051v1	441	Pulse	255	6510000	15989	NA
P051v1	443	Pulse	255	6540000	15661	NA
P051v1	443	Response	100	6543227	18888	1
P051v1	445	Pulse	255	6570000	16499	NA
P051v1	447	Response	101	6592747	8919	1
P051v1	448	Pulse	255	6600000	7173	NA
P051v1	450	Pulse	255	6630000	6845	NA
P051v1	451	Response	101	6643786	10467	1
P051v1	453	Pulse	255	6660000	6017	NA
P051v1	455	Response	100	6688429	4119	1
P051v1	456	Pulse	255	6690000	1523	NA
P051v1	458	Pulse	255	6720000	1196	NA
P051v1	459	Response	101	6736427	7457	1
P051v1	461	Pulse	255	6750000	3367	NA
P051v1	463	Pulse	255	6780000	3039	NA
P051v1	463	Response	100	6791708	14747	1
P051v1	465	Pulse	255	6810000	8044	NA
P051v1	467	Pulse	255	6840000	7716	NA
P051v1	467	Response	101	6848029	15745	1
P051v1	469	Pulse	255	6870000	11720	NA
P051v1	471	Pulse	255	6900000	11392	NA
P051v1	471	Response	100	6918268	29660	1
P051v1	473	Pulse	255	6930000	1400	NA
P051v1	475	Pulse	255	6960000	1072	NA
P051v1	475	Response	101	6980991	22063	1
P051v1	476	Pulse	255	6990000	8909	NA
P051v1	478	Pulse	255	7020000	8581	NA
P051v1	479	Pulse	255	7050000	28416	NA
P051v1	479	Response	100	7066188	44604	1
P051v1	481	Pulse	255	7080000	3593	NA
P051v1	483	Picture	instruct_trial	7106735	0	1	58823	1	0	next	other	0
P051v1	483	Pulse	255	7110000	3265	NA
P051v1	483	Pulse	255	7140000	33265	NA
P051v1	483	Response	101	7165388	58652	1
P051v1	484	Pulse	255	7170000	4275	NA
P051v1	484	Pulse	255	7200000	34275	NA
P051v1	484	Response	101	7210844	45120	1
P051v1	486	Pulse	255	7230000	8952	NA
P051v1	488	Pulse	255	7260000	8624	NA
P051v1	488	Pulse	255	7290000	38624	NA
P051v1	488	Response	100	7302346	50970	1
P051v1	490	Pulse	255	7320000	7301	NA
P051v1	492	Pulse	255	7350000	6973	NA
P051v1	492	Pulse	255	7380000	36973	NA
P051v1	492	Response	101	7380586	37559	1
P051v1	494	Pulse	255	7410000	19149	NA
P051v1	496	Pulse	255	7440000	18821	NA
P051v1	496	Pulse	255	7470000	48821	NA
P051v1	496	Response	100	7490508	69329	1
P051v1	497	Pulse	255	7500000	9333	NA
P051v1	499	Pulse	255	7530000	9005	NA
P051v1	500	Pulse	255	7560000	28840	NA
P051v1	500	Response	100	7561308	30148	1
P051v1	502	Pulse	255	7590000	18347	NA
P051v1	504	Pulse	255	7620000	18020	NA
P051v1	504	Response	100	7621466	19486	1
P051v1	506	Pulse	255	7650000	18192	NA
P051v1	508	Pulse	255	7680000	17864	NA
P051v1	508	Response	101	7701066	38929	1
P051v1	509	Pulse	255	7710000	8871	NA
P051v1	511	Pulse	255	7740000	8543	NA
P051v1	512	Response	100	7768108	26486	1
P051v1	513	Pulse	255	7770000	1716	NA
P051v1	515	Pulse	255	7800000	1221	NA
P051v1	516	Response	100	7815868	6924	1
P051v1	518	Pulse	255	7830000	3726	NA
P051v1	520	Pulse	255	7860000	3398	NA
P051v1	520	Response	101	7878586	21984	1
P051v1	522	Pulse	255	7890000	1071	NA
P051v1	524	Pulse	255	7920000	743	NA
P051v1	524	Response	101	7939145	19888	1
P051v1	526	Pulse	255	7950000	581	NA
P051v1	528	Pulse	255	7980000	254	NA
P051v1	528	Response	100	8001626	21880	1
P051v1	529	Pulse	255	8010000	8257	NA
P051v1	531	Pulse	255	8040000	7929	NA
P051v1	532	Response	100	8054826	12591	1
P051v1	534	Pulse	255	8070000	4935	NA
P051v1	536	Pulse	255	8100000	4607	NA
P051v1	536	Response	100	8108185	12793	1
P051v1	538	Pulse	255	8130000	11612	NA
P051v1	540	Response	101	8158347	9630	1
P051v1	541	Pulse	255	8160000	1619	NA
P051v1	543	Pulse	255	8190000	1291	NA
P051v1	544	Response	101	8216587	17713	1
P051v1	545	Pulse	255	8220000	3296	NA
P051v1	547	Pulse	255	8250000	2968	NA
P051v1	548	Response	101	8279385	22188	1
P051v1	549	Pulse	255	8280000	474	NA
P051v1	551	Pulse	255	8310000	146	NA
P051v1	552	Response	100	8330984	10965	1
P051v1	553	Pulse	255	8340000	8983	NA
P051v1	555	Pulse	255	8370000	8655	NA
P051v1	556	Response	101	8380587	9077	1
P051v1	558	Pulse	255	8400000	8993	NA
P051v1	560	Pulse	255	8430000	8666	NA
P051v1	560	Response	101	8455546	34212	1
P051v1	561	Pulse	255	8460000	4338	NA
P051v1	563	Pulse	255	8490000	4010	NA
P051v1	564	Response	101	8505464	9309	1
P051v1	566	Pulse	255	8520000	4182	NA
P051v1	568	Pulse	255	8550000	3854	NA
P051v1	568	Response	100	8558747	12601	1
P051v1	570	Pulse	255	8580000	11025	NA
P051v1	572	Response	101	8608184	8882	1
P051v1	573	Pulse	255	8610000	1699	NA
P051v1	575	Pulse	255	8640000	1371	NA
P051v1	576	Response	101	8658505	9711	1
P051v1	578	Pulse	255	8670000	1210	NA
P051v1	580	Pulse	255	8700000	882	NA
P051v1	580	Response	101	8707544	8426	1
P051v1	582	Pulse	255	8730000	12218	NA
P051v1	584	Pulse	255	8760000	11890	NA
P051v1	584	Response	101	8766985	18875	1
P051v1	586	Pulse	255	8790000	12729	NA
P051v1	588	Response	101	8818903	11304	1
P051v1	589	Pulse	255	8820000	1070	NA
P051v1	591	Pulse	255	8850000	575	NA
P051v1	592	Response	100	8874265	14675	1
P051v1	593	Pulse	255	8880000	5580	NA
P051v1	595	Pulse	255	8910000	5252	NA
P051v1	596	Response	100	8922584	7671	1
P051v1	598	Pulse	255	8940000	7090	NA
P051v1	600	Pulse	255	8970000	6762	NA
P051v1	600	Response	101	8973224	9986	1
P051v1	602	Pulse	255	9000000	16432	NA
P051v1	604	Response	101	9027064	13169	1
P051v1	605	Pulse	255	9030000	2773	NA
P051v1	607	Pulse	255	9060000	2279	NA
P051v1	608	Pulse	255	9090000	22114	NA
P051v1	608	Response	101	9113866	45980	1
P051v1	609	Pulse	255	9120000	5956	NA
P051v1	611	Pulse	255	9150000	5628	NA
P051v1	612	Response	101	9166423	11886	1
P051v1	614	Pulse	255	9180000	3300	NA
P051v1	616	Pulse	255	9210000	2972	NA
P051v1	616	Response	100	9213545	6517	1
P051v1	618	Pulse	255	9240000	16142	NA
P051v1	620	Response	101	9262105	7919	1
P051v1	621	Pulse	255	9270000	7815	NA
P051v1	623	Pulse	255	9300000	7487	NA
P051v1	624	Response	101	9309862	7184	1
P051v1	626	Pulse	255	9330000	9826	NA
P051v1	628	Response	100	9357784	7282	1
P051v1	629	Pulse	255	9360000	2166	NA
P051v1	631	Pulse	255	9390000	1671	NA
P051v1	632	Response	101	9411866	13372	1
P051v1	633	Pulse	255	9420000	8009	NA
P051v1	635	Pulse	255	9450000	7681	NA
P051v1	636	Response	100	9457543	5059	1
P051v1	638	Pulse	255	9480000	12185	NA
P051v1	640	Response	101	9504502	6359	1
P051v1	641	Pulse	255	9510000	5358	NA
P051v1	643	Pulse	255	9540000	5031	NA
P051v1	644	Response	101	9558102	12968	1
P051v1	646	Pulse	255	9570000	1703	NA
P051v1	648	Pulse	255	9600000	1375	NA
P051v1	648	Response	101	9604985	6360	1
P051v1	650	Pulse	255	9630000	14712	NA
P051v1	652	Pulse	255	9660000	14384	NA
P051v1	652	Response	101	9663384	17767	1
P051v1	654	Pulse	255	9690000	16389	NA
P051v1	656	Response	100	9713142	9202	1
P051v1	657	Pulse	255	9720000	6729	NA
P051v1	659	Pulse	255	9750000	6401	NA
P051v1	660	Response	101	9759143	5380	1
P051v1	662	Pulse	255	9780000	10572	NA
P051v1	664	Response	100	9809862	10107	1
P051v1	665	Pulse	255	9810000	80	NA
P051v1	666	Pulse	255	9840000	19915	NA
P051v1	668	Response	100	9857784	7370	1
P051v1	670	Pulse	255	9870000	1923	NA
P051v1	672	Pulse	255	9900000	1595	NA
P051v1	672	Response	100	9911781	13376	1
P051v1	674	Pulse	255	9930000	7933	NA
P051v1	676	Pulse	255	9960000	7605	NA
P051v1	676	Response	100	9961863	9468	1
P051v1	678	Pulse	255	9990000	17942	NA
P051v1	680	Response	100	10012262	9876	1
P051v1	681	Pulse	255	10020000	7616	NA
P051v1	683	Pulse	255	10050000	7288	NA
P051v1	684	Response	101	10058022	5145	1
P051v1	686	Pulse	255	10080000	11626	NA
P051v1	688	Response	100	10109460	10758	1
P051v1	689	Pulse	255	10110000	466	NA
P051v1	691	Pulse	255	10140000	138	NA
P051v1	692	Response	101	10158262	8236	1
P051v1	694	Pulse	255	10170000	1477	NA
P051v1	696	Pulse	255	10200000	1149	NA
P051v1	696	Response	101	10210903	12052	1
P051v1	698	Pulse	255	10230000	8819	NA
P051v1	700	Response	100	10259465	7956	1
P051v1	701	Pulse	255	10260000	493	NA
P051v1	702	Pulse	255	10290000	20161	NA
P051v1	704	Response	100	10307461	7295	1
P051v1	706	Pulse	255	10320000	2337	NA
P051v1	708	Pulse	255	10350000	2009	NA
P051v1	708	Response	100	10356823	8831	1
P051v1	710	Pulse	255	10380000	12845	NA
P051v1	712	Response	100	10403060	5577	1
P051v1	713	Pulse	255	10410000	6852	NA
P051v1	715	Pulse	255	10440000	6524	NA
P051v1	716	Response	100	10450822	7181	1
P051v1	718	Pulse	255	10470000	8862	NA
P051v1	720	Pulse	255	10500000	8534	NA
P051v1	720	Response	100	10500742	9276	1
P051v1	722	Pulse	255	10530000	19038	NA
P051v1	724	Picture	instruct_trial	10541290	0	1	40160	1	0	next	other	0
P051v1	724	Pulse	255	10560000	18710	NA
