Scenario - learning_JJ_english
Logfile written - 06/18/2022 12:13:45

Subject	Trial	Event Type	Code	Time	TTime	Uncertainty	Duration	Uncertainty	ReqTime	ReqDur	Stim Type	Pair Index

p052v2	0	Pulse	255	0	0	NA
p052v2	1	Picture	instruct_trial	10333	0	1	83336	1	0	next	other	0
p052v2	1	Pulse	255	30000	19667	NA
p052v2	1	Pulse	255	60000	49667	NA
p052v2	1	Pulse	255	90000	79667	NA
p052v2	1	Response	100	93583	83250	1
p052v2	1	Pulse	255	120000	109667	NA
p052v2	2	Pulse	255	150000	29777	NA
p052v2	2	Pulse	255	180000	59777	NA
p052v2	2	Response	100	200222	79999	1
p052v2	3	Pulse	255	210000	9694	NA
p052v2	5	Pulse	255	240000	9158	NA
p052v2	6	Response	100	267980	27034	1
p052v2	7	Pulse	255	270000	1934	NA
p052v2	9	Pulse	255	300000	1447	NA
p052v2	10	Response	100	321665	13011	1
p052v2	11	Pulse	255	330000	8249	NA
p052v2	13	Pulse	255	360000	7934	NA
p052v2	14	Response	101	370543	8377	1
p052v2	16	Pulse	255	390000	9156	NA
p052v2	18	Pulse	255	420000	8950	NA
p052v2	18	Response	100	422222	11171	1
p052v2	20	Pulse	255	450000	17457	NA
p052v2	22	Response	101	468863	6023	1
p052v2	24	Pulse	255	480000	807	NA
p052v2	26	Pulse	255	510000	630	NA
p052v2	26	Response	100	512541	3171	1
p052v2	28	Pulse	255	540000	17146	NA
p052v2	30	Response	100	558864	5866	1
p052v2	32	Pulse	255	570000	810	NA
p052v2	34	Pulse	255	600000	630	NA
p052v2	34	Response	101	607263	7892	1
p052v2	36	Pulse	255	630000	12393	NA
p052v2	38	Response	101	655901	8116	1
p052v2	39	Pulse	255	660000	4017	NA
p052v2	41	Pulse	255	690000	3701	NA
p052v2	42	Response	101	717100	20703	1
p052v2	43	Pulse	255	720000	2814	NA
p052v2	45	Pulse	255	750000	2498	NA
p052v2	46	Response	100	760943	3336	1
p052v2	48	Pulse	255	780000	8722	NA
p052v2	50	Response	100	802781	1321	1
p052v2	51	Pulse	255	810000	6987	NA
p052v2	53	Pulse	255	840000	6662	NA
p052v2	54	Response	100	843502	62	1
p052v2	56	Pulse	255	870000	16159	NA
p052v2	58	Response	101	886782	2738	1
p052v2	60	Pulse	255	900000	2899	NA
p052v2	62	Pulse	255	930000	2717	NA
p052v2	62	Response	100	932462	5179	1
p052v2	64	Pulse	255	960000	17203	NA
p052v2	66	Response	100	982380	9398	1
p052v2	67	Pulse	255	990000	7535	NA
p052v2	69	Pulse	255	1020000	7209	NA
p052v2	70	Response	101	1028540	5649	1
p052v2	72	Pulse	255	1050000	11130	NA
p052v2	74	Response	100	1071339	2290	1
p052v2	75	Pulse	255	1080000	8578	NA
p052v2	77	Pulse	255	1110000	8249	NA
p052v2	78	Response	101	1117660	5811	1
p052v2	80	Pulse	255	1140000	12007	NA
p052v2	82	Response	101	1161502	3332	1
p052v2	83	Pulse	255	1170000	8412	NA
p052v2	85	Pulse	255	1200000	8162	NA
p052v2	86	Response	100	1203181	1245	1
p052v2	88	Pulse	255	1230000	16500	NA
p052v2	90	Response	100	1243741	84	1
p052v2	92	Pulse	255	1260000	5935	NA
p052v2	94	Pulse	255	1290000	5729	NA
p052v2	94	Response	101	1293741	9470	1
p052v2	96	Pulse	255	1320000	15927	NA
p052v2	98	Response	101	1340860	6515	1
p052v2	99	Pulse	255	1350000	9055	NA
p052v2	101	Pulse	255	1380000	8762	NA
p052v2	102	Response	100	1383659	2320	1
p052v2	104	Pulse	255	1410000	16002	NA
p052v2	106	Response	100	1424939	762	1
p052v2	108	Pulse	255	1440000	4714	NA
p052v2	109	Response	100	1465101	9734	1
p052v2	110	Response	100	1469258	3790	1
p052v2	111	Pulse	255	1470000	656	NA
p052v2	113	Pulse	255	1500000	325	NA
p052v2	114	Response	101	1510461	686	1
p052v2	116	Pulse	255	1530000	9145	NA
p052v2	118	Response	101	1557100	6064	1
p052v2	119	Pulse	255	1560000	2815	NA
p052v2	121	Pulse	255	1590000	2498	NA
p052v2	122	Response	100	1600860	3269	1
p052v2	124	Pulse	255	1620000	8858	NA
p052v2	126	Response	100	1644700	3357	1
p052v2	127	Pulse	255	1650000	5202	NA
p052v2	129	Pulse	255	1680000	4878	NA
p052v2	130	Response	101	1690622	5402	1
p052v2	132	Pulse	255	1710000	9063	NA
p052v2	133	Response	101	1729589	8570	1
p052v2	134	Response	101	1733258	2034	1
p052v2	135	Pulse	255	1740000	6655	NA
p052v2	137	Pulse	255	1770000	6319	NA
p052v2	138	Response	100	1774459	679	1
p052v2	140	Pulse	255	1800000	15158	NA
p052v2	142	Response	101	1820700	5676	1
p052v2	143	Pulse	255	1830000	9215	NA
p052v2	145	Pulse	255	1860000	8892	NA
p052v2	146	Response	101	1863020	1816	1
p052v2	148	Pulse	255	1890000	16648	NA
p052v2	150	Response	100	1904300	767	1
p052v2	152	Pulse	255	1920000	5381	NA
p052v2	154	Response	101	1949500	4691	1
p052v2	155	Pulse	255	1950000	412	NA
p052v2	157	Pulse	255	1980000	88	NA
p052v2	158	Response	101	1997819	7808	1
p052v2	160	Pulse	255	2010000	1868	NA
p052v2	162	Response	100	2038699	280	1
p052v2	163	Pulse	255	2040000	1248	NA
p052v2	165	Pulse	255	2070000	937	NA
p052v2	165	Response	101	2076859	7796	1
p052v2	166	Response	101	2080379	1215	1
p052v2	168	Pulse	255	2100000	9222	NA
p052v2	169	Response	100	2120061	9201	1
p052v2	170	Response	100	2124059	2979	1
p052v2	171	Pulse	255	2130000	5857	NA
p052v2	173	Pulse	255	2160000	5516	NA
p052v2	174	Response	100	2168698	4116	1
p052v2	176	Pulse	255	2190000	10980	NA
p052v2	178	Response	101	2209818	592	1
p052v2	179	Pulse	255	2220000	10107	NA
p052v2	181	Pulse	255	2250000	9781	NA
p052v2	181	Response	101	2250222	10003	1
p052v2	182	Response	101	2254779	4458	1
p052v2	184	Pulse	255	2280000	14897	NA
p052v2	185	Response	100	2295178	9992	1
p052v2	186	Response	100	2300220	4939	1
p052v2	187	Pulse	255	2310000	9687	NA
p052v2	189	Pulse	255	2340000	9377	NA
p052v2	189	Response	100	2340778	10155	1
p052v2	190	Response	100	2348138	7326	1
p052v2	192	Pulse	255	2370000	11545	NA
p052v2	194	Response	100	2390298	1663	1
p052v2	195	Pulse	255	2400000	9617	NA
p052v2	197	Response	101	2429978	9254	1
p052v2	197	Pulse	255	2430000	9276	NA
p052v2	198	Response	101	2433577	2757	1
p052v2	200	Pulse	255	2460000	16016	NA
p052v2	202	Response	101	2475179	1012	1
p052v2	204	Pulse	255	2490000	4423	NA
p052v2	206	Response	100	2517338	1579	1
p052v2	207	Pulse	255	2520000	2588	NA
p052v2	209	Pulse	255	2550000	2265	NA
p052v2	209	Response	100	2557269	9534	1
p052v2	209	Response	101	2557416	9681	1
p052v2	210	Response	100	2561337	3495	1
p052v2	210	Response	101	2561339	3498	6
p052v2	212	Pulse	255	2580000	8341	NA
p052v2	213	Response	100	2601737	9997	1
p052v2	214	Response	100	2605416	3555	1
p052v2	215	Pulse	255	2610000	4502	NA
p052v2	217	Pulse	255	2640000	4188	NA
p052v2	218	Response	101	2646061	150	1
p052v2	220	Pulse	255	2670000	13520	NA
p052v2	221	Response	100	2686140	9578	1
p052v2	222	Response	100	2689338	2676	1
p052v2	224	Pulse	255	2700000	342	NA
p052v2	226	Pulse	255	2730000	158	NA
p052v2	226	Response	100	2732058	2216	1
p052v2	228	Pulse	255	2760000	17666	NA
p052v2	229	Response	101	2772217	9801	1
p052v2	230	Response	101	2775899	3386	1
p052v2	232	Pulse	255	2790000	3736	NA
p052v2	234	Response	100	2818939	2492	1
p052v2	235	Pulse	255	2820000	974	NA
p052v2	237	Pulse	255	2850000	660	NA
p052v2	238	Response	101	2859500	57	1
p052v2	240	Pulse	255	2880000	10160	NA
p052v2	242	Picture	instruct_trial	2900022	0	1	167	1	0	next	other	0
p052v2	242	Response	100	2900059	36	1
p052v2	243	Pulse	255	2910000	9644	NA
p052v2	243	Pulse	255	2940000	39644	NA
p052v2	243	Response	100	2945817	45461	1
p052v2	245	Pulse	255	2970000	13861	NA
p052v2	247	Response	100	2992857	6534	1
p052v2	248	Pulse	255	3000000	7056	NA
p052v2	250	Pulse	255	3030000	6746	NA
p052v2	251	Response	101	3033498	145	1
p052v2	253	Pulse	255	3060000	16116	NA
p052v2	255	Response	100	3081417	7355	1
p052v2	256	Pulse	255	3090000	8497	NA
p052v2	258	Pulse	255	3120000	8080	NA
p052v2	259	Response	100	3135097	13054	1
p052v2	261	Pulse	255	3150000	4570	NA
p052v2	263	Response	101	3179017	3407	1
p052v2	264	Pulse	255	3180000	895	NA
p052v2	266	Pulse	255	3210000	526	NA
p052v2	267	Response	100	3227577	8002	1
p052v2	269	Pulse	255	3240000	2068	NA
p052v2	271	Pulse	255	3270000	1886	NA
p052v2	271	Response	101	3272936	4822	1
p052v2	273	Pulse	255	3300000	16745	NA
p052v2	275	Response	101	3318057	4620	1
p052v2	277	Pulse	255	3330000	1653	NA
p052v2	278	Response	100	3356617	8189	1
p052v2	279	Pulse	255	3360000	1470	NA
p052v2	279	Response	100	3360615	2085	1
p052v2	281	Pulse	255	3390000	18954	NA
p052v2	283	Response	100	3403737	2423	1
p052v2	285	Pulse	255	3420000	6021	NA
p052v2	286	Response	100	3443899	9749	1
p052v2	287	Response	101	3449094	4761	1
p052v2	288	Pulse	255	3450000	835	NA
p052v2	290	Pulse	255	3480000	433	NA
p052v2	291	Response	100	3491659	1918	1
p052v2	293	Pulse	255	3510000	8094	NA
p052v2	295	Response	101	3534698	2475	1
p052v2	296	Pulse	255	3540000	5110	NA
p052v2	298	Pulse	255	3570000	4848	NA
p052v2	298	Response	100	3574216	9064	1
p052v2	299	Response	100	3577255	1913	1
p052v2	301	Pulse	255	3600000	12493	NA
p052v2	303	Response	100	3620140	2412	1
p052v2	304	Pulse	255	3630000	9775	NA
p052v2	306	Pulse	255	3660000	9459	NA
p052v2	307	Response	101	3678056	17420	1
p052v2	309	Pulse	255	3690000	1626	NA
p052v2	311	Response	100	3718775	266	1
p052v2	312	Pulse	255	3720000	1158	NA
p052v2	314	Pulse	255	3750000	701	NA
p052v2	315	Response	100	3759656	167	1
p052v2	317	Pulse	255	3780000	9945	NA
p052v2	319	Response	101	3800459	277	1
p052v2	320	Pulse	255	3810000	9484	NA
p052v2	322	Pulse	255	3840000	9161	NA
p052v2	323	Response	100	3845736	4798	1
p052v2	324	Response	101	3846135	308	1
p052v2	325	Pulse	255	3870000	13924	NA
p052v2	327	Response	100	3888695	2434	1
p052v2	329	Pulse	255	3900000	980	NA
p052v2	331	Pulse	255	3930000	799	NA
p052v2	331	Response	100	3933175	3974	1
p052v2	333	Pulse	255	3960000	16491	NA
p052v2	335	Response	100	3978217	4510	1
p052v2	337	Pulse	255	3990000	1461	NA
p052v2	339	Pulse	255	4020000	1275	NA
p052v2	339	Response	100	4021655	2930	1
p052v2	341	Pulse	255	4050000	18029	NA
p052v2	342	Response	101	4062135	10083	1
p052v2	343	Response	101	4065656	3444	1
p052v2	345	Pulse	255	4080000	4026	NA
p052v2	347	Response	100	4108782	2626	1
p052v2	348	Pulse	255	4110000	1134	NA
p052v2	350	Pulse	255	4140000	808	NA
p052v2	351	Response	100	4151578	2288	1
p052v2	353	Pulse	255	4170000	8095	NA
p052v2	355	Response	101	4196454	4369	1
p052v2	356	Response	100	4197015	474	1
p052v2	356	Pulse	255	4200000	3460	NA
p052v2	358	Pulse	255	4230000	3133	NA
p052v2	359	Response	100	4239175	2212	1
p052v2	361	Pulse	255	4260000	10412	NA
p052v2	363	Response	100	4284137	4369	1
p052v2	364	Pulse	255	4290000	5776	NA
p052v2	366	Pulse	255	4320000	5453	NA
p052v2	367	Response	100	4324696	21	1
p052v2	369	Pulse	255	4350000	14923	NA
p052v2	370	Response	101	4364137	8978	1
p052v2	371	Response	100	4370068	4812	1
p052v2	372	Pulse	255	4380000	9849	NA
p052v2	374	Pulse	255	4410000	9536	NA
p052v2	375	Response	100	4412535	1971	1
p052v2	377	Pulse	255	4440000	17099	NA
p052v2	379	Response	101	4454856	1771	1
p052v2	381	Pulse	255	4470000	4807	NA
p052v2	382	Response	101	4495177	9903	1
p052v2	383	Response	101	4498935	3560	1
p052v2	384	Pulse	255	4500000	980	NA
p052v2	386	Pulse	255	4530000	652	NA
p052v2	386	Response	100	4539097	9748	1
p052v2	387	Response	100	4542854	3408	1
p052v2	389	Pulse	255	4560000	6749	NA
p052v2	390	Response	100	4582456	9123	1
p052v2	391	Response	100	4586135	2641	1
p052v2	392	Pulse	255	4590000	3781	NA
p052v2	394	Pulse	255	4620000	3509	NA
p052v2	394	Response	100	4625493	9002	1
p052v2	395	Response	100	4627656	1105	1
p052v2	397	Pulse	255	4650000	12046	NA
p052v2	399	Response	100	4668693	561	1
p052v2	400	Response	100	4670532	1733	1
p052v2	401	Pulse	255	4680000	978	NA
p052v2	403	Response	101	4709497	296	1
p052v2	404	Pulse	255	4710000	465	NA
p052v2	406	Pulse	255	4740000	150	NA
p052v2	406	Response	100	4749175	9325	1
p052v2	407	Response	100	4752135	2055	1
p052v2	409	Pulse	255	4770000	7558	NA
p052v2	411	Response	101	4792695	67	1
p052v2	412	Response	101	4795413	2618	1
p052v2	412	Pulse	255	4800000	7206	NA
p052v2	414	Pulse	255	4830000	6905	NA
p052v2	414	Response	100	4832372	9277	1
p052v2	415	Response	100	4834773	1581	1
p052v2	417	Pulse	255	4860000	14919	NA
p052v2	418	Response	100	4875013	9851	1
p052v2	419	Response	100	4877412	2130	1
p052v2	421	Pulse	255	4890000	2280	NA
p052v2	423	Response	101	4918857	957	1
p052v2	424	Pulse	255	4920000	1100	NA
p052v2	426	Pulse	255	4950000	777	NA
p052v2	427	Response	100	4959813	488	1
p052v2	429	Pulse	255	4980000	9776	NA
p052v2	431	Response	101	5000535	131	1
p052v2	432	Pulse	255	5010000	9429	NA
p052v2	434	Pulse	255	5040000	9098	NA
p052v2	434	Response	100	5040453	9551	1
p052v2	435	Response	100	5043573	2574	1
p052v2	437	Pulse	255	5070000	16104	NA
p052v2	439	Response	101	5085415	1338	1
p052v2	441	Pulse	255	5100000	4148	NA
p052v2	443	Response	100	5127093	1062	1
p052v2	444	Pulse	255	5130000	2802	NA
p052v2	446	Pulse	255	5160000	2492	NA
p052v2	446	Response	101	5167253	9745	1
p052v2	447	Response	101	5169734	2128	1
p052v2	449	Pulse	255	5190000	9966	NA
p052v2	450	Response	100	5209334	9218	1
p052v2	451	Response	100	5214294	4081	1
p052v2	452	Pulse	255	5220000	5631	NA
p052v2	454	Pulse	255	5250000	5330	NA
p052v2	454	Response	100	5254697	10027	1
p052v2	455	Response	100	5258692	3903	1
p052v2	457	Pulse	255	5280000	10987	NA
p052v2	458	Response	101	5297092	7998	1
p052v2	459	Response	101	5299975	782	1
p052v2	460	Pulse	255	5310000	9974	NA
p052v2	462	Response	100	5339493	9160	1
p052v2	462	Pulse	255	5340000	9667	NA
p052v2	463	Response	100	5342133	1705	1
p052v2	465	Pulse	255	5370000	17540	NA
p052v2	467	Response	100	5382934	315	1
p052v2	469	Pulse	255	5400000	6634	NA
p052v2	471	Response	101	5426295	2795	1
p052v2	472	Pulse	255	5430000	3630	NA
p052v2	474	Pulse	255	5460000	3408	NA
p052v2	475	Response	100	5467412	717	1
p052v2	477	Pulse	255	5490000	12256	NA
p052v2	478	Response	100	5507574	9749	1
p052v2	479	Response	100	5511653	3728	1
p052v2	480	Pulse	255	5520000	8311	NA
p052v2	482	Pulse	255	5550000	8000	NA
p052v2	483	Picture	instruct_trial	5552183	0	1	30435	1	0	next	other	0
p052v2	483	Pulse	255	5580000	27817	NA
p052v2	483	Response	100	5582532	30349	1
p052v2	484	Response	100	5592052	9268	1
p052v2	486	Pulse	255	5610000	7636	NA
p052v2	488	Pulse	255	5640000	7454	NA
p052v2	488	Response	101	5655972	23426	1
p052v2	490	Pulse	255	5670000	3705	NA
p052v2	492	Pulse	255	5700000	3520	NA
p052v2	492	Response	100	5712932	16452	1
p052v2	494	Pulse	255	5730000	6742	NA
p052v2	496	Response	100	5759732	6292	1
p052v2	497	Pulse	255	5760000	182	NA
p052v2	498	Pulse	255	5790000	19941	NA
p052v2	500	Response	100	5802212	1950	1
p052v2	502	Pulse	255	5820000	7496	NA
p052v2	504	Response	101	5846212	3529	1
p052v2	505	Pulse	255	5850000	3702	NA
p052v2	507	Pulse	255	5880000	3400	NA
p052v2	508	Response	100	5892211	5513	1
p052v2	510	Pulse	255	5910000	7423	NA
p052v2	512	Response	101	5939254	6500	1
p052v2	513	Pulse	255	5940000	660	NA
p052v2	515	Pulse	255	5970000	358	NA
p052v2	516	Response	100	5981573	1832	1
p052v2	518	Pulse	255	6000000	8100	NA
p052v2	520	Response	101	6026371	4201	1
p052v2	521	Pulse	255	6030000	3543	NA
p052v2	523	Pulse	255	6060000	3203	NA
p052v2	523	Response	101	6065491	8694	1
p052v2	524	Response	101	6067973	1077	1
p052v2	526	Pulse	255	6090000	11707	NA
p052v2	528	Response	100	6111253	2694	1
p052v2	529	Pulse	255	6120000	8664	NA
p052v2	531	Pulse	255	6150000	8366	NA
p052v2	532	Response	100	6156051	4316	1
p052v2	534	Pulse	255	6180000	13609	NA
p052v2	535	Response	100	6194453	7980	1
p052v2	536	Response	100	6197970	1395	1
p052v2	537	Response	101	6198371	243	1
p052v2	538	Pulse	255	6210000	1612	NA
p052v2	539	Response	100	6237171	8701	1
p052v2	540	Response	100	6239573	1004	1
p052v2	541	Pulse	255	6240000	264	NA
p052v2	542	Pulse	255	6270000	20035	NA
p052v2	544	Response	100	6284134	3987	1
p052v2	546	Pulse	255	6300000	5548	NA
p052v2	548	Response	100	6328940	4308	1
p052v2	549	Pulse	255	6330000	960	NA
p052v2	551	Pulse	255	6360000	608	NA
p052v2	552	Response	100	6374532	5040	1
p052v2	554	Pulse	255	6390000	5164	NA
p052v2	555	Response	101	6413732	8816	1
p052v2	556	Response	101	6416611	1593	1
p052v2	557	Pulse	255	6420000	3304	NA
p052v2	559	Pulse	255	6450000	2993	NA
p052v2	559	Response	100	6456931	9924	1
p052v2	560	Response	100	6462532	5426	1
p052v2	562	Pulse	255	6480000	7165	NA
p052v2	564	Response	100	6505091	2076	1
p052v2	565	Pulse	255	6510000	4824	NA
p052v2	567	Pulse	255	6540000	4549	NA
p052v2	567	Response	101	6545411	9960	1
p052v2	568	Response	101	6550210	4660	1
p052v2	570	Pulse	255	6570000	9483	NA
p052v2	572	Response	100	6591092	316	1
p052v2	573	Pulse	255	6600000	8724	NA
p052v2	575	Pulse	255	6630000	8401	NA
p052v2	576	Response	100	6633650	1868	1
p052v2	578	Pulse	255	6660000	16106	NA
p052v2	580	Response	100	6680052	5980	1
p052v2	581	Pulse	255	6690000	9861	NA
p052v2	583	Pulse	255	6720000	9566	NA
p052v2	584	Response	100	6726371	5834	1
p052v2	586	Pulse	255	6750000	13309	NA
p052v2	587	Response	100	6766130	9396	1
p052v2	588	Response	100	6768050	1212	1
p052v2	590	Pulse	255	6780000	1597	NA
p052v2	591	Response	101	6807890	9373	1
p052v2	592	Pulse	255	6810000	1382	NA
p052v2	592	Response	101	6810769	2151	1
p052v2	594	Pulse	255	6840000	18936	NA
p052v2	596	Response	100	6853971	2722	1
p052v2	598	Pulse	255	6870000	5700	NA
p052v2	599	Response	100	6894451	10070	1
p052v2	600	Response	100	6899490	5011	1
p052v2	601	Pulse	255	6900000	426	NA
p052v2	603	Pulse	255	6930000	103	NA
p052v2	604	Response	101	6941331	1336	1
p052v2	606	Pulse	255	6960000	8219	NA
p052v2	607	Response	100	6981330	9467	1
p052v2	608	Response	100	6983650	1630	1
p052v2	609	Pulse	255	6990000	6265	NA
p052v2	611	Pulse	255	7020000	5943	NA
p052v2	612	Response	101	7025410	1254	1
p052v2	614	Pulse	255	7050000	14281	NA
p052v2	616	Response	100	7075649	9729	1
p052v2	617	Pulse	255	7080000	4279	NA
p052v2	619	Pulse	255	7110000	3978	NA
p052v2	619	Response	100	7115572	9550	1
p052v2	620	Response	100	7120209	4085	1
p052v2	622	Pulse	255	7140000	9487	NA
p052v2	623	Response	101	7158931	8336	1
p052v2	624	Response	101	7161329	636	1
p052v2	625	Pulse	255	7170000	8640	NA
p052v2	627	Pulse	255	7200000	8328	NA
p052v2	628	Response	101	7201891	122	1
p052v2	629	Response	101	7204529	2593	1
p052v2	630	Pulse	255	7230000	17826	NA
p052v2	631	Response	100	7241809	9553	1
p052v2	632	Response	100	7244290	1934	1
p052v2	634	Pulse	255	7260000	5409	NA
p052v2	635	Response	100	7284691	10018	1
p052v2	636	Response	100	7286690	1887	1
p052v2	637	Pulse	255	7290000	3225	NA
p052v2	639	Pulse	255	7320000	2925	NA
p052v2	640	Response	101	7327892	718	1
p052v2	641	Response	101	7329968	1962	1
p052v2	642	Pulse	255	7350000	11777	NA
p052v2	643	Response	101	7367889	9585	1
p052v2	644	Response	101	7369890	1481	1
p052v2	645	Pulse	255	7380000	10028	NA
p052v2	647	Pulse	255	7410000	9711	NA
p052v2	648	Response	100	7412209	1821	1
p052v2	650	Pulse	255	7440000	17476	NA
p052v2	652	Response	100	7455489	2786	1
p052v2	654	Pulse	255	7470000	4187	NA
p052v2	656	Pulse	255	7500000	4006	NA
p052v2	656	Response	100	7500610	4616	1
p052v2	658	Pulse	255	7530000	19065	NA
p052v2	660	Response	100	7542929	1790	1
p052v2	662	Pulse	255	7560000	6799	NA
p052v2	664	Response	101	7583570	183	1
p052v2	665	Pulse	255	7590000	6279	NA
p052v2	667	Pulse	255	7620000	6000	NA
p052v2	667	Response	100	7622851	8851	1
p052v2	668	Response	100	7625730	1631	1
p052v2	670	Pulse	255	7650000	13954	NA
p052v2	672	Response	100	7672528	6298	1
p052v2	673	Pulse	255	7680000	7386	NA
p052v2	675	Pulse	255	7710000	7086	NA
p052v2	675	Response	100	7712529	9615	1
p052v2	676	Response	100	7716368	3356	1
p052v2	678	Pulse	255	7740000	13308	NA
p052v2	680	Response	101	7757009	66	1
p052v2	682	Pulse	255	7770000	2668	NA
p052v2	683	Response	100	7796210	8742	1
p052v2	684	Pulse	255	7800000	2434	NA
p052v2	684	Response	100	7800850	3283	1
p052v2	686	Pulse	255	7830000	18765	NA
p052v2	688	Response	101	7842691	1275	1
p052v2	690	Pulse	255	7860000	7019	NA
p052v2	691	Response	100	7883081	10018	13
p052v2	692	Response	100	7887808	4647	1
p052v2	693	Pulse	255	7890000	2106	NA
p052v2	695	Pulse	255	7920000	1840	NA
p052v2	695	Response	101	7927730	9569	1
p052v2	696	Response	101	7930528	2250	1
p052v2	698	Pulse	255	7950000	9159	NA
p052v2	699	Response	100	7971012	10089	1
p052v2	700	Response	100	7975406	4381	1
p052v2	701	Pulse	255	7980000	4512	NA
p052v2	703	Pulse	255	8010000	4190	NA
p052v2	703	Response	101	8015331	9521	1
p052v2	704	Response	101	8017890	1982	1
p052v2	706	Pulse	255	8040000	11801	NA
p052v2	708	Response	100	8058688	307	1
p052v2	710	Pulse	255	8070000	1057	NA
p052v2	711	Response	100	8098768	9744	1
p052v2	712	Pulse	255	8100000	865	NA
p052v2	712	Response	100	8103570	4434	1
p052v2	714	Pulse	255	8130000	16097	NA
p052v2	716	Response	100	8149328	5243	1
p052v2	718	Pulse	255	8160000	351	NA
p052v2	720	Pulse	255	8190000	167	NA
p052v2	720	Response	101	8191809	1975	1
p052v2	722	Pulse	255	8220000	17875	NA
p052v2	723	Response	100	8231168	8962	1
p052v2	724	Picture	instruct_trial	8232305	0	1	40082	1	0	next	other	0
p052v2	724	Response	100	8234287	1982	1
p052v2	724	Pulse	255	8250000	17695	NA
