Scenario - learning_JJ_english
Logfile written - 06/14/2022 12:30:32

Subject	Trial	Event Type	Code	Time	TTime	Uncertainty	Duration	Uncertainty	ReqTime	ReqDur	Stim Type	Pair Index

P053v1	0	Pulse	255	0	0	NA
P053v1	1	Picture	instruct_trial	10500	0	1	198650	1	0	next	other	0
P053v1	1	Pulse	255	30000	19500	NA
P053v1	1	Pulse	255	60000	49500	NA
P053v1	1	Pulse	255	90000	79500	NA
P053v1	1	Pulse	255	120000	109500	NA
P053v1	1	Pulse	255	150000	139500	NA
P053v1	1	Pulse	255	180000	169500	NA
P053v1	1	Response	101	208985	198486	1
P053v1	1	Pulse	255	210000	199500	NA
P053v1	2	Response	100	228025	17876	1
P053v1	4	Pulse	255	240000	1520	NA
P053v1	6	Pulse	255	270000	1189	NA
P053v1	6	Response	101	280025	11214	1
P053v1	8	Pulse	255	300000	9524	NA
P053v1	10	Pulse	255	330000	9194	NA
P053v1	10	Response	101	331065	10259	1
P053v1	12	Pulse	255	360000	18529	NA
P053v1	14	Response	100	382745	10943	1
P053v1	15	Pulse	255	390000	7199	NA
P053v1	17	Pulse	255	420000	6702	NA
P053v1	18	Response	101	444345	20881	1
P053v1	19	Pulse	255	450000	5538	NA
P053v1	21	Pulse	255	480000	5040	NA
P053v1	22	Pulse	255	510000	24875	NA
P053v1	22	Response	100	516585	31459	1
P053v1	24	Pulse	255	540000	13045	NA
P053v1	26	Response	100	568825	11539	1
P053v1	27	Pulse	255	570000	1048	NA
P053v1	29	Pulse	255	600000	551	NA
P053v1	30	Pulse	255	630000	20385	NA
P053v1	30	Response	101	634265	24650	1
P053v1	32	Pulse	255	660000	15055	NA
P053v1	34	Pulse	255	690000	14724	NA
P053v1	34	Pulse	255	720000	44724	NA
P053v1	34	Response	101	723385	48109	1
P053v1	36	Pulse	255	750000	16229	NA
P053v1	38	Pulse	255	780000	15899	NA
P053v1	38	Response	101	791625	27523	1
P053v1	40	Pulse	255	810000	7902	NA
P053v1	42	Pulse	255	840000	7571	NA
P053v1	42	Response	100	850825	18396	1
P053v1	44	Pulse	255	870000	8740	NA
P053v1	46	Pulse	255	900000	8410	NA
P053v1	46	Pulse	255	930000	38410	NA
P053v1	46	Response	101	936425	44834	1
P053v1	48	Pulse	255	960000	13081	NA
P053v1	50	Pulse	255	990000	12750	NA
P053v1	50	Response	100	1003625	26375	1
P053v1	52	Pulse	255	1020000	5920	NA
P053v1	54	Pulse	255	1050000	5589	NA
P053v1	54	Response	101	1057064	12654	1
P053v1	56	Pulse	255	1080000	12425	NA
P053v1	58	Pulse	255	1110000	12094	NA
P053v1	58	Response	100	1116744	18838	1
P053v1	60	Pulse	255	1140000	12763	NA
P053v1	62	Pulse	255	1170000	12432	NA
P053v1	62	Response	100	1192744	35177	1
P053v1	63	Pulse	255	1200000	7102	NA
P053v1	65	Pulse	255	1230000	6605	NA
P053v1	66	Pulse	255	1260000	26439	NA
P053v1	66	Response	100	1268184	34623	1
P053v1	68	Pulse	255	1290000	11443	NA
P053v1	70	Pulse	255	1320000	11112	NA
P053v1	70	Pulse	255	1350000	41112	NA
P053v1	70	Response	101	1362584	53696	1
P053v1	72	Pulse	255	1380000	6951	NA
P053v1	74	Pulse	255	1410000	6620	NA
P053v1	74	Response	101	1438184	34805	1
P053v1	75	Pulse	255	1440000	1790	NA
P053v1	77	Pulse	255	1470000	1292	NA
P053v1	78	Pulse	255	1500000	21127	NA
P053v1	78	Pulse	255	1530000	51127	NA
P053v1	78	Response	100	1557224	78351	1
P053v1	79	Pulse	255	1560000	2633	NA
P053v1	81	Pulse	255	1590000	2136	NA
P053v1	82	Pulse	255	1620000	21970	NA
P053v1	82	Response	100	1625304	27274	1
P053v1	84	Pulse	255	1650000	14307	NA
P053v1	86	Pulse	255	1680000	13976	NA
P053v1	86	Response	101	1698424	32400	1
P053v1	88	Pulse	255	1710000	1146	NA
P053v1	90	Pulse	255	1740000	816	NA
P053v1	90	Response	101	1751784	12600	1
P053v1	92	Pulse	255	1770000	7818	NA
P053v1	94	Pulse	255	1800000	7487	NA
P053v1	94	Response	101	1805064	12551	1
P053v1	96	Pulse	255	1830000	14489	NA
P053v1	98	Pulse	255	1860000	14158	NA
P053v1	98	Pulse	255	1890000	44158	NA
P053v1	98	Response	101	1896904	51062	1
P053v1	100	Pulse	255	1920000	12663	NA
P053v1	102	Pulse	255	1950000	12333	NA
P053v1	102	Response	100	1964744	27077	1
P053v1	104	Pulse	255	1980000	4836	NA
P053v1	106	Pulse	255	2010000	4505	NA
P053v1	106	Response	100	2017463	11969	1
P053v1	108	Pulse	255	2040000	12174	NA
P053v1	110	Response	101	2067064	8907	1
P053v1	111	Pulse	255	2070000	2844	NA
P053v1	113	Pulse	255	2100000	2346	NA
P053v1	114	Pulse	255	2130000	22181	NA
P053v1	114	Pulse	255	2160000	52181	NA
P053v1	114	Response	101	2189784	81964	1
P053v1	115	Pulse	255	2190000	188	NA
P053v1	116	Pulse	255	2220000	19855	NA
P053v1	118	Pulse	255	2250000	19525	NA
P053v1	118	Response	101	2258424	27948	1
P053v1	120	Pulse	255	2280000	11195	NA
P053v1	122	Pulse	255	2310000	10864	NA
P053v1	122	Response	100	2312744	13607	1
P053v1	124	Pulse	255	2340000	16866	NA
P053v1	126	Response	100	2359783	6319	1
P053v1	127	Pulse	255	2370000	10036	NA
P053v1	129	Pulse	255	2400000	9538	NA
P053v1	130	Response	100	2411383	10756	1
P053v1	132	Pulse	255	2430000	8208	NA
P053v1	134	Pulse	255	2460000	7877	NA
P053v1	134	Response	101	2474183	22060	1
P053v1	136	Pulse	255	2490000	5380	NA
P053v1	138	Pulse	255	2520000	5049	NA
P053v1	138	Response	101	2522023	7072	1
P053v1	140	Pulse	255	2550000	17550	NA
P053v1	142	Pulse	255	2580000	17220	NA
P053v1	142	Pulse	255	2610000	47220	NA
P053v1	142	Response	100	2614183	51403	1
P053v1	144	Pulse	255	2640000	15392	NA
P053v1	146	Response	100	2667383	12444	1
P053v1	147	Pulse	255	2670000	2562	NA
P053v1	149	Pulse	255	2700000	2065	NA
P053v1	150	Pulse	255	2730000	21899	NA
P053v1	150	Response	101	2730663	22562	1
P053v1	152	Pulse	255	2760000	18902	NA
P053v1	154	Response	101	2783463	12034	1
P053v1	155	Pulse	255	2790000	6405	NA
P053v1	157	Pulse	255	2820000	5741	NA
P053v1	158	Response	100	2839223	14799	1
P053v1	160	Pulse	255	2850000	244	NA
P053v1	161	Pulse	255	2880000	10079	NA
P053v1	162	Response	101	2896262	16175	2
P053v1	164	Pulse	255	2910000	3083	NA
P053v1	166	Pulse	255	2940000	2752	NA
P053v1	166	Response	100	2947143	9895	1
P053v1	168	Pulse	255	2970000	12420	NA
P053v1	170	Pulse	255	3000000	12090	NA
P053v1	170	Response	101	3010823	22913	1
P053v1	172	Pulse	255	3030000	8759	NA
P053v1	174	Pulse	255	3060000	8428	NA
P053v1	174	Response	101	3060343	8771	1
P053v1	176	Pulse	255	3090000	19263	NA
P053v1	178	Response	101	3106583	5516	1
P053v1	180	Pulse	255	3120000	2934	NA
P053v1	182	Pulse	255	3150000	2603	NA
P053v1	182	Response	100	3177943	30546	1
P053v1	183	Pulse	255	3180000	1939	NA
P053v1	185	Pulse	255	3210000	442	NA
P053v1	186	Pulse	255	3240000	20276	NA
P053v1	186	Response	100	3242503	22779	1
P053v1	188	Pulse	255	3270000	17112	NA
P053v1	190	Response	101	3292903	9684	1
P053v1	191	Pulse	255	3300000	6949	NA
P053v1	193	Pulse	255	3330000	6452	NA
P053v1	194	Response	101	3354823	21109	1
P053v1	195	Pulse	255	3360000	5121	NA
P053v1	197	Pulse	255	3390000	4624	NA
P053v1	198	Response	101	3400103	4561	1
P053v1	200	Pulse	255	3420000	9459	NA
P053v1	202	Pulse	255	3450000	9129	NA
P053v1	202	Response	100	3474743	33871	1
P053v1	203	Pulse	255	3480000	5131	NA
P053v1	205	Pulse	255	3510000	4634	NA
P053v1	206	Response	101	3531863	16331	1
P053v1	207	Pulse	255	3540000	7970	NA
P053v1	209	Pulse	255	3570000	7472	NA
P053v1	210	Response	100	3593223	20529	1
P053v1	211	Pulse	255	3600000	6642	NA
P053v1	213	Pulse	255	3630000	6144	NA
P053v1	214	Response	101	3639943	5921	1
P053v1	216	Pulse	255	3660000	9647	NA
P053v1	218	Pulse	255	3690000	9316	NA
P053v1	218	Response	100	3695383	14698	1
P053v1	220	Pulse	255	3720000	14151	NA
P053v1	222	Pulse	255	3750000	13821	NA
P053v1	222	Pulse	255	3780000	43821	NA
P053v1	222	Response	100	3782822	46643	1
P053v1	224	Pulse	255	3810000	16659	NA
P053v1	226	Pulse	255	3840000	16328	NA
P053v1	226	Response	100	3850742	27071	1
P053v1	228	Pulse	255	3870000	8831	NA
P053v1	230	Pulse	255	3900000	8501	NA
P053v1	230	Response	101	3915142	23643	1
P053v1	232	Pulse	255	3930000	4504	NA
P053v1	234	Pulse	255	3960000	4173	NA
P053v1	234	Response	101	3964342	8515	1
P053v1	236	Pulse	255	3990000	15174	NA
P053v1	238	Pulse	255	4020000	14844	NA
P053v1	238	Response	100	4037622	32466	1
P053v1	240	Pulse	255	4050000	2014	NA
P053v1	242	Picture	instruct_trial	4078317	0	1	23498	1	0	next	other	0
P053v1	242	Pulse	255	4080000	1683	NA
P053v1	242	Response	101	4101782	23466	1
P053v1	243	Pulse	255	4110000	8019	NA
P053v1	243	Pulse	255	4140000	38019	NA
P053v1	243	Pulse	255	4170000	68019	NA
P053v1	243	Pulse	255	4200000	98019	NA
P053v1	243	Response	101	4224982	123001	1
P053v1	244	Pulse	255	4230000	4863	NA
P053v1	246	Pulse	255	4260000	4365	NA
P053v1	247	Pulse	255	4290000	24199	NA
P053v1	247	Response	101	4292662	26861	1
P053v1	249	Pulse	255	4320000	16869	NA
P053v1	249	Response	101	4322022	18891	1
P053v1	251	Pulse	255	4350000	16539	NA
P053v1	251	Response	101	4378022	44561	1
P053v1	252	Pulse	255	4380000	1876	NA
P053v1	254	Pulse	255	4410000	1378	NA
P053v1	255	Response	100	4427702	8915	1
P053v1	257	Pulse	255	4440000	1881	NA
P053v1	259	Pulse	255	4470000	1550	NA
P053v1	259	Response	100	4479302	10852	1
P053v1	261	Pulse	255	4500000	10219	NA
P053v1	263	Pulse	255	4530000	9888	NA
P053v1	263	Response	100	4535462	15350	1
P053v1	265	Pulse	255	4560000	14057	NA
P053v1	267	Response	101	4585062	8788	1
P053v1	268	Pulse	255	4590000	4894	NA
P053v1	270	Pulse	255	4620000	4396	NA
P053v1	271	Response	101	4635702	9932	1
P053v1	273	Pulse	255	4650000	3899	NA
P053v1	275	Pulse	255	4680000	3568	NA
P053v1	275	Response	101	4687462	11030	1
P053v1	277	Pulse	255	4710000	12070	NA
P053v1	279	Response	100	4737462	9201	1
P053v1	280	Pulse	255	4740000	2407	NA
P053v1	282	Pulse	255	4770000	1909	NA
P053v1	283	Response	101	4788662	10405	1
P053v1	285	Pulse	255	4800000	912	NA
P053v1	287	Pulse	255	4830000	581	NA
P053v1	287	Response	101	4842262	12843	1
P053v1	289	Pulse	255	4860000	7250	NA
P053v1	291	Pulse	255	4890000	6919	NA
P053v1	291	Response	100	4894741	11661	1
P053v1	293	Pulse	255	4920000	14754	NA
P053v1	295	Pulse	255	4950000	14424	NA
P053v1	295	Response	100	4958102	22526	1
P053v1	296	Response	100	4964981	6740	1
P053v1	297	Pulse	255	4980000	11426	NA
P053v1	299	Pulse	255	5010000	11096	NA
P053v1	299	Response	101	5039861	40957	1
P053v1	300	Pulse	255	5040000	99	NA
P053v1	301	Pulse	255	5070000	19767	NA
P053v1	303	Response	101	5090581	10018	1
P053v1	304	Pulse	255	5100000	9270	NA
P053v1	306	Pulse	255	5130000	8773	NA
P053v1	307	Pulse	255	5160000	28607	NA
P053v1	307	Pulse	255	5190000	58607	NA
P053v1	307	Response	100	5199541	68148	1
P053v1	309	Pulse	255	5220000	9947	NA
P053v1	311	Response	100	5249221	8838	1
P053v1	312	Pulse	255	5250000	617	NA
P053v1	314	Pulse	255	5280000	120	NA
P053v1	315	Pulse	255	5310000	19954	NA
P053v1	315	Response	101	5336421	46375	1
P053v1	316	Pulse	255	5340000	3458	NA
P053v1	318	Pulse	255	5370000	2961	NA
P053v1	319	Response	100	5390341	13136	1
P053v1	320	Pulse	255	5400000	9629	NA
P053v1	322	Pulse	255	5430000	9132	NA
P053v1	323	Response	100	5443141	12107	1
P053v1	325	Pulse	255	5460000	6468	NA
P053v1	327	Pulse	255	5490000	6137	NA
P053v1	327	Response	101	5491221	7359	1
P053v1	329	Pulse	255	5520000	18306	NA
P053v1	331	Pulse	255	5550000	17975	NA
P053v1	331	Response	100	5573461	41436	1
P053v1	332	Pulse	255	5580000	6478	NA
P053v1	334	Pulse	255	5610000	5981	NA
P053v1	335	Response	100	5624981	10796	1
P053v1	337	Pulse	255	5640000	4650	NA
P053v1	339	Pulse	255	5670000	4320	NA
P053v1	339	Response	101	5679941	14261	1
P053v1	341	Pulse	255	5700000	9655	NA
P053v1	343	Response	100	5728101	7425	1
P053v1	344	Pulse	255	5730000	1825	NA
P053v1	346	Pulse	255	5760000	1328	NA
P053v1	347	Pulse	255	5790000	21162	NA
P053v1	347	Response	100	5804261	35423	1
P053v1	349	Pulse	255	5820000	5333	NA
P053v1	351	Pulse	255	5850000	5002	NA
P053v1	351	Response	101	5850980	5982	1
P053v1	353	Pulse	255	5880000	18503	NA
P053v1	355	Pulse	255	5910000	18173	NA
P053v1	355	Response	101	5924101	32273	1
P053v1	357	Pulse	255	5940000	5510	NA
P053v1	359	Pulse	255	5970000	5179	NA
P053v1	359	Response	100	5970501	5680	1
P053v1	361	Pulse	255	6000000	19013	NA
P053v1	363	Pulse	255	6030000	18683	NA
P053v1	363	Response	100	6037301	25983	1
P053v1	365	Pulse	255	6060000	12186	NA
P053v1	367	Pulse	255	6090000	11855	NA
P053v1	367	Response	100	6097141	18996	1
P053v1	369	Pulse	255	6120000	12358	NA
P053v1	371	Response	100	6148101	10128	1
P053v1	372	Pulse	255	6150000	1861	NA
P053v1	374	Pulse	255	6180000	1364	NA
P053v1	375	Response	101	6196421	7619	1
P053v1	377	Pulse	255	6210000	3200	NA
P053v1	379	Pulse	255	6240000	2869	NA
P053v1	379	Response	101	6262261	25129	1
P053v1	380	Pulse	255	6270000	7704	NA
P053v1	382	Pulse	255	6300000	7207	NA
P053v1	383	Response	100	6314580	11622	1
P053v1	385	Pulse	255	6330000	5043	NA
P053v1	385	Response	101	6340821	15864	1
P053v1	387	Pulse	255	6360000	4712	NA
P053v1	387	Response	100	6375380	20092	1
P053v1	389	Pulse	255	6390000	4215	NA
P053v1	391	Pulse	255	6420000	3884	NA
P053v1	391	Response	101	6427140	11025	1
P053v1	393	Pulse	255	6450000	12386	NA
P053v1	395	Pulse	255	6480000	12055	NA
P053v1	395	Response	101	6486900	18956	1
P053v1	397	Pulse	255	6510000	12725	NA
P053v1	399	Pulse	255	6540000	12394	NA
P053v1	399	Response	101	6540980	13374	1
P053v1	401	Pulse	255	6570000	18562	NA
P053v1	403	Response	100	6588580	6812	1
P053v1	405	Pulse	255	6600000	900	NA
P053v1	407	Pulse	255	6630000	569	NA
P053v1	407	Pulse	255	6660000	30569	NA
P053v1	407	Response	100	6662660	33229	1
P053v1	409	Response	101	6679140	6047	1
P053v1	409	Pulse	255	6690000	16906	NA
P053v1	411	Response	101	6710740	7316	1
P053v1	412	Pulse	255	6720000	9076	NA
P053v1	414	Pulse	255	6750000	8579	NA
P053v1	415	Pulse	255	6780000	28413	NA
P053v1	415	Response	100	6799860	48273	1
P053v1	416	Pulse	255	6810000	10084	NA
P053v1	418	Pulse	255	6840000	9586	NA
P053v1	419	Response	101	6854580	14001	1
P053v1	421	Pulse	255	6870000	4923	NA
P053v1	423	Pulse	255	6900000	4592	NA
P053v1	423	Response	101	6904660	9252	1
P053v1	425	Pulse	255	6930000	14927	NA
P053v1	427	Pulse	255	6960000	14596	NA
P053v1	427	Response	100	6966420	21016	1
P053v1	429	Pulse	255	6990000	13099	NA
P053v1	431	Response	101	7013700	6468	1
P053v1	432	Pulse	255	7020000	6269	NA
P053v1	434	Pulse	255	7050000	5772	NA
P053v1	435	Response	100	7063460	9066	1
P053v1	437	Pulse	255	7080000	6107	NA
P053v1	439	Response	101	7109380	5157	1
P053v1	440	Pulse	255	7110000	444	NA
P053v1	441	Pulse	255	7140000	20111	NA
P053v1	443	Response	100	7167940	17720	1
P053v1	444	Pulse	255	7170000	1949	NA
P053v1	446	Pulse	255	7200000	1451	NA
P053v1	447	Pulse	255	7230000	21286	NA
P053v1	447	Response	100	7248660	39945	1
P053v1	449	Pulse	255	7260000	957	NA
P053v1	451	Pulse	255	7290000	626	NA
P053v1	451	Response	100	7296500	7126	1
P053v1	453	Pulse	255	7320000	13127	NA
P053v1	455	Response	100	7343460	6256	1
P053v1	456	Pulse	255	7350000	6464	NA
P053v1	458	Pulse	255	7380000	5967	NA
P053v1	459	Response	100	7398100	13900	1
P053v1	461	Pulse	255	7410000	1470	NA
P053v1	463	Pulse	255	7440000	1139	NA
P053v1	463	Response	101	7445860	6998	1
P053v1	465	Pulse	255	7470000	13640	NA
P053v1	467	Response	100	7494019	7329	1
P053v1	468	Pulse	255	7500000	5810	NA
P053v1	470	Pulse	255	7530000	5313	NA
P053v1	471	Response	100	7546260	11407	1
P053v1	473	Pulse	255	7560000	3316	NA
P053v1	475	Pulse	255	7590000	2985	NA
P053v1	475	Response	101	7600899	13884	1
P053v1	477	Pulse	255	7620000	8654	NA
P053v1	479	Response	101	7649219	7542	1
P053v1	480	Pulse	255	7650000	657	NA
P053v1	481	Response	101	7669300	9624	1
P053v1	482	Pulse	255	7680000	159	NA
P053v1	483	Picture	instruct_trial	7690006	0	1	24665	1	0	next	other	0
P053v1	483	Pulse	255	7710000	19994	NA
P053v1	483	Response	101	7714500	24494	1
P053v1	484	Pulse	255	7740000	25162	NA
P053v1	484	Response	101	7745539	30702	1
P053v1	486	Pulse	255	7770000	13999	NA
P053v1	488	Response	100	7798979	12648	1
P053v1	489	Pulse	255	7800000	836	NA
P053v1	491	Pulse	255	7830000	339	NA
P053v1	492	Response	100	7852899	13073	1
P053v1	493	Pulse	255	7860000	7008	NA
P053v1	495	Pulse	255	7890000	6510	NA
P053v1	496	Response	100	7919139	25484	1
P053v1	497	Pulse	255	7920000	680	NA
P053v1	499	Pulse	255	7950000	183	NA
P053v1	500	Pulse	255	7980000	20017	NA
P053v1	500	Response	101	7987859	27876	1
P053v1	502	Pulse	255	8010000	11687	NA
P053v1	504	Pulse	255	8040000	11356	NA
P053v1	504	Response	100	8056099	27455	1
P053v1	506	Pulse	255	8070000	3526	NA
P053v1	508	Pulse	255	8100000	3195	NA
P053v1	508	Pulse	255	8130000	33195	NA
P053v1	508	Response	100	8139939	43134	1
P053v1	510	Pulse	255	8160000	9700	NA
P053v1	512	Pulse	255	8190000	9369	NA
P053v1	512	Response	101	8191219	10588	1
P053v1	514	Pulse	255	8220000	18371	NA
P053v1	516	Response	101	8239059	7099	1
P053v1	518	Pulse	255	8250000	542	NA
P053v1	520	Pulse	255	8280000	211	NA
P053v1	520	Response	100	8286979	7190	1
P053v1	522	Pulse	255	8310000	12546	NA
P053v1	524	Pulse	255	8340000	12215	NA
P053v1	524	Pulse	255	8370000	42215	NA
P053v1	524	Response	100	8382739	54954	1
P053v1	526	Pulse	255	8400000	6887	NA
P053v1	528	Pulse	255	8430000	6557	NA
P053v1	528	Response	101	8435058	11615	1
P053v1	530	Pulse	255	8460000	14559	NA
P053v1	532	Pulse	255	8490000	14228	NA
P053v1	532	Response	100	8493779	18007	1
P053v1	534	Pulse	255	8520000	15730	NA
P053v1	536	Response	100	8546819	12218	1
P053v1	537	Pulse	255	8550000	3067	NA
P053v1	539	Pulse	255	8580000	2570	NA
P053v1	540	Response	100	8595219	7623	1
P053v1	542	Pulse	255	8610000	4406	NA
P053v1	544	Pulse	255	8640000	4075	NA
P053v1	544	Response	101	8652260	16335	1
P053v1	546	Pulse	255	8670000	7244	NA
P053v1	548	Pulse	255	8700000	6913	NA
P053v1	548	Response	100	8720579	27492	1
P053v1	549	Pulse	255	8730000	9249	NA
P053v1	551	Pulse	255	8760000	8752	NA
P053v1	552	Pulse	255	8790000	28586	NA
P053v1	552	Response	100	8794658	33244	1
P053v1	554	Pulse	255	8820000	14923	NA
P053v1	556	Pulse	255	8850000	14592	NA
P053v1	556	Response	101	8869059	33651	1
P053v1	558	Pulse	255	8880000	429	NA
P053v1	560	Pulse	255	8910000	98	NA
P053v1	560	Response	100	8919779	9877	1
P053v1	562	Pulse	255	8940000	9767	NA
P053v1	564	Pulse	255	8970000	9436	NA
P053v1	564	Response	100	8980258	19695	1
P053v1	566	Pulse	255	9000000	9272	NA
P053v1	568	Pulse	255	9030000	8941	NA
P053v1	568	Response	101	9036179	15120	1
P053v1	570	Pulse	255	9060000	13444	NA
P053v1	572	Pulse	255	9090000	13113	NA
P053v1	572	Response	100	9112818	35931	1
P053v1	573	Response	100	9114738	1854	1
P053v1	573	Pulse	255	9120000	7116	NA
P053v1	575	Pulse	255	9150000	6619	NA
P053v1	576	Response	101	9169378	15831	1
P053v1	578	Pulse	255	9180000	122	NA
P053v1	579	Pulse	255	9210000	9957	NA
P053v1	580	Response	101	9215860	5651	1
P053v1	582	Pulse	255	9240000	13626	NA
P053v1	584	Response	100	9262178	5473	1
P053v1	585	Pulse	255	9270000	7795	NA
P053v1	587	Pulse	255	9300000	7298	NA
P053v1	588	Response	100	9322658	19790	1
P053v1	589	Pulse	255	9330000	7301	NA
P053v1	591	Pulse	255	9360000	6803	NA
P053v1	592	Response	101	9371938	8576	1
P053v1	594	Pulse	255	9390000	7639	NA
P053v1	596	Pulse	255	9420000	7308	NA
P053v1	596	Response	101	9425458	12766	1
P053v1	598	Pulse	255	9450000	14144	NA
P053v1	600	Response	100	9472898	6711	1
P053v1	601	Pulse	255	9480000	6980	NA
P053v1	603	Pulse	255	9510000	6483	NA
P053v1	604	Pulse	255	9540000	26317	NA
P053v1	604	Response	100	9549858	36175	1
P053v1	606	Pulse	255	9570000	9654	NA
P053v1	608	Response	100	9598658	7982	1
P053v1	609	Pulse	255	9600000	1158	NA
P053v1	611	Pulse	255	9630000	660	NA
P053v1	612	Response	100	9646978	7472	1
P053v1	614	Pulse	255	9660000	2663	NA
P053v1	616	Pulse	255	9690000	2332	NA
P053v1	616	Response	101	9694258	6590	1
P053v1	618	Pulse	255	9720000	15333	NA
P053v1	620	Pulse	255	9750000	15003	NA
P053v1	620	Pulse	255	9780000	45003	NA
P053v1	620	Response	101	9797058	62061	1
P053v1	622	Pulse	255	9810000	2509	NA
P053v1	624	Pulse	255	9840000	2178	NA
P053v1	624	Response	100	9842578	4756	1
P053v1	626	Pulse	255	9870000	17013	NA
P053v1	628	Response	100	9898418	15100	1
P053v1	629	Pulse	255	9900000	1517	NA
P053v1	631	Pulse	255	9930000	1019	NA
P053v1	632	Response	101	9943138	3991	1
P053v1	634	Pulse	255	9960000	6355	NA
P053v1	636	Pulse	255	9990000	6024	NA
P053v1	636	Response	101	9997778	13802	1
P053v1	638	Pulse	255	10020000	11860	NA
P053v1	640	Response	101	10043938	5466	1
P053v1	641	Pulse	255	10050000	6029	NA
P053v1	643	Pulse	255	10080000	5532	NA
P053v1	644	Response	100	10090098	5464	1
P053v1	646	Pulse	255	10110000	9534	NA
P053v1	648	Pulse	255	10140000	9203	NA
P053v1	648	Response	100	10141378	10581	1
P053v1	650	Response	101	10164418	12623	1
P053v1	650	Pulse	255	10170000	18205	NA
P053v1	652	Response	101	10188738	6612	1
P053v1	654	Pulse	255	10200000	876	NA
P053v1	656	Pulse	255	10230000	545	NA
P053v1	656	Response	101	10248577	19123	1
P053v1	658	Pulse	255	10260000	1048	NA
P053v1	660	Pulse	255	10290000	717	NA
P053v1	660	Response	101	10296898	7615	1
P053v1	662	Pulse	255	10320000	12719	NA
P053v1	664	Response	101	10344097	6485	1
P053v1	665	Pulse	255	10350000	5722	NA
P053v1	667	Pulse	255	10380000	5224	NA
P053v1	668	Response	100	10397217	12276	1
P053v1	670	Pulse	255	10410000	2394	NA
P053v1	672	Pulse	255	10440000	2063	NA
P053v1	672	Pulse	255	10470000	32063	NA
P053v1	672	Response	101	10474337	36400	1
P053v1	674	Pulse	255	10500000	15234	NA
P053v1	676	Response	100	10521857	6760	1
P053v1	677	Pulse	255	10530000	8070	NA
P053v1	679	Pulse	255	10560000	7573	NA
P053v1	680	Response	101	10567057	4464	1
P053v1	682	Pulse	255	10590000	12575	NA
P053v1	684	Response	100	10619377	11622	1
P053v1	685	Pulse	255	10620000	579	NA
P053v1	687	Pulse	255	10650000	81	NA
P053v1	688	Response	101	10664897	4813	1
P053v1	690	Pulse	255	10680000	4584	NA
P053v1	692	Pulse	255	10710000	4253	NA
P053v1	692	Response	100	10714257	8510	1
P053v1	694	Pulse	255	10740000	15254	NA
P053v1	696	Response	100	10761057	5980	1
P053v1	697	Pulse	255	10770000	8758	NA
P053v1	699	Pulse	255	10800000	8260	NA
P053v1	700	Response	100	10809057	7151	1
P053v1	702	Pulse	255	10830000	10429	NA
P053v1	704	Response	101	10857537	7636	1
P053v1	705	Pulse	255	10860000	2433	NA
P053v1	707	Pulse	255	10890000	1935	NA
P053v1	708	Response	100	10904497	6266	1
P053v1	710	Pulse	255	10920000	5104	NA
P053v1	712	Pulse	255	10950000	4773	NA
P053v1	712	Pulse	255	10980000	34773	NA
P053v1	712	Response	100	10980577	35350	1
P053v1	714	Pulse	255	11010000	18944	NA
P053v1	716	Response	101	11038017	16630	1
P053v1	717	Pulse	255	11040000	1948	NA
P053v1	719	Pulse	255	11070000	1451	NA
P053v1	720	Response	101	11083137	4422	1
P053v1	722	Pulse	255	11100000	6453	NA
P053v1	724	Picture	instruct_trial	11123878	0	1	40163	1	0	next	other	0
P053v1	724	Pulse	255	11130000	6122	NA
P053v1	724	Pulse	255	11160000	36122	NA
