Scenario - learning_JJ_english
Logfile written - 06/21/2022 12:03:47

Subject	Trial	Event Type	Code	Time	TTime	Uncertainty	Duration	Uncertainty	ReqTime	ReqDur	Stim Type	Pair Index

p053v2	0	Pulse	255	0	0	NA
p053v2	1	Picture	instruct_trial	10500	0	1	198983	1	0	next	other	0
p053v2	1	Pulse	255	30000	19500	NA
p053v2	1	Pulse	255	60000	49500	NA
p053v2	1	Pulse	255	90000	79500	NA
p053v2	1	Pulse	255	120000	109500	NA
p053v2	1	Pulse	255	150000	139500	NA
p053v2	1	Pulse	255	180000	169500	NA
p053v2	1	Response	101	209374	198874	1
p053v2	1	Pulse	255	210000	199500	NA
p053v2	2	Response	101	224094	13944	1
p053v2	4	Pulse	255	240000	5353	NA
p053v2	6	Pulse	255	270000	5022	NA
p053v2	6	Response	100	286253	21275	1
p053v2	8	Pulse	255	300000	3192	NA
p053v2	10	Pulse	255	330000	2861	NA
p053v2	10	Response	101	354333	27194	1
p053v2	11	Pulse	255	360000	5530	NA
p053v2	13	Pulse	255	390000	4866	NA
p053v2	14	Response	100	416493	21193	1
p053v2	15	Pulse	255	420000	3369	NA
p053v2	17	Pulse	255	450000	2705	NA
p053v2	18	Response	101	475293	17832	1
p053v2	19	Pulse	255	480000	4540	NA
p053v2	21	Pulse	255	510000	3876	NA
p053v2	22	Response	101	522254	5965	1
p053v2	24	Pulse	255	540000	7379	NA
p053v2	26	Pulse	255	570000	7048	NA
p053v2	26	Response	100	570013	7061	1
p053v2	28	Pulse	255	600000	19383	NA
p053v2	30	Pulse	255	630000	19052	NA
p053v2	30	Response	100	631693	20745	1
p053v2	32	Pulse	255	660000	17888	NA
p053v2	34	Response	100	677853	5411	1
p053v2	36	Pulse	255	690000	1725	NA
p053v2	38	Pulse	255	720000	1395	NA
p053v2	38	Response	101	743133	24528	1
p053v2	39	Pulse	255	750000	6730	NA
p053v2	41	Pulse	255	780000	6233	NA
p053v2	42	Response	101	802493	18560	1
p053v2	43	Pulse	255	810000	7402	NA
p053v2	45	Pulse	255	840000	6904	NA
p053v2	46	Response	100	857693	14431	1
p053v2	48	Pulse	255	870000	1907	NA
p053v2	50	Pulse	255	900000	1577	NA
p053v2	50	Response	101	924493	26070	1
p053v2	51	Pulse	255	930000	5412	NA
p053v2	53	Pulse	255	960000	4915	NA
p053v2	54	Response	101	972733	7482	1
p053v2	56	Pulse	255	990000	6751	NA
p053v2	58	Pulse	255	1020000	6420	NA
p053v2	58	Response	100	1020253	6673	1
p053v2	60	Pulse	255	1050000	19255	NA
p053v2	62	Pulse	255	1080000	18924	NA
p053v2	62	Response	100	1082413	21337	1
p053v2	64	Pulse	255	1110000	17093	NA
p053v2	66	Response	100	1129773	6536	1
p053v2	67	Pulse	255	1140000	10097	NA
p053v2	69	Pulse	255	1170000	9599	NA
p053v2	70	Response	101	1183453	12886	1
p053v2	72	Pulse	255	1200000	6102	NA
p053v2	74	Pulse	255	1230000	5771	NA
p053v2	74	Response	101	1230413	6184	1
p053v2	76	Pulse	255	1260000	19106	NA
p053v2	78	Pulse	255	1290000	18775	NA
p053v2	78	Pulse	255	1320000	48775	NA
p053v2	78	Response	101	1322173	50948	1
p053v2	80	Pulse	255	1350000	17447	NA
p053v2	82	Response	101	1367533	4649	1
p053v2	84	Pulse	255	1380000	1951	NA
p053v2	86	Pulse	255	1410000	1621	NA
p053v2	86	Response	101	1422013	13633	1
p053v2	88	Pulse	255	1440000	7623	NA
p053v2	90	Response	100	1467373	4665	1
p053v2	91	Pulse	255	1470000	2459	NA
p053v2	93	Pulse	255	1500000	1795	NA
p053v2	94	Response	100	1514012	5642	1
p053v2	96	Pulse	255	1530000	5630	NA
p053v2	98	Pulse	255	1560000	5300	NA
p053v2	98	Response	100	1562893	8192	1
p053v2	100	Pulse	255	1590000	16635	NA
p053v2	102	Response	101	1612013	8317	1
p053v2	103	Pulse	255	1620000	7805	NA
p053v2	105	Pulse	255	1650000	6974	NA
p053v2	106	Response	101	1659692	6501	1
p053v2	108	Pulse	255	1680000	9810	NA
p053v2	110	Pulse	255	1710000	9479	NA
p053v2	110	Response	100	1719052	18531	1
p053v2	112	Pulse	255	1740000	10481	NA
p053v2	114	Response	100	1765452	5603	1
p053v2	115	Pulse	255	1770000	4485	NA
p053v2	117	Pulse	255	1800000	3987	NA
p053v2	118	Pulse	255	1830000	23821	NA
p053v2	118	Response	101	1833692	27514	1
p053v2	120	Pulse	255	1860000	15825	NA
p053v2	122	Response	101	1881052	6546	1
p053v2	123	Pulse	255	1890000	8828	NA
p053v2	125	Pulse	255	1920000	8330	NA
p053v2	126	Response	101	1928412	6577	1
p053v2	128	Pulse	255	1950000	11166	NA
p053v2	130	Pulse	255	1980000	10835	NA
p053v2	130	Response	100	1995052	25888	1
p053v2	132	Pulse	255	2010000	4505	NA
p053v2	134	Pulse	255	2040000	4174	NA
p053v2	134	Response	100	2064652	28827	1
p053v2	135	Pulse	255	2070000	5177	NA
p053v2	137	Pulse	255	2100000	4680	NA
p053v2	138	Response	100	2111372	5886	1
p053v2	140	Pulse	255	2130000	8182	NA
p053v2	142	Pulse	255	2160000	7851	NA
p053v2	142	Response	101	2168732	16583	1
p053v2	144	Pulse	255	2190000	10853	NA
p053v2	146	Response	101	2218732	9255	1
p053v2	147	Pulse	255	2220000	1190	NA
p053v2	149	Pulse	255	2250000	360	NA
p053v2	150	Pulse	255	2280000	20194	NA
p053v2	150	Response	101	2283612	23806	1
p053v2	152	Pulse	255	2310000	16030	NA
p053v2	154	Response	100	2330332	6031	1
p053v2	155	Pulse	255	2340000	9533	NA
p053v2	157	Pulse	255	2370000	9036	NA
p053v2	158	Response	100	2378653	7523	1
p053v2	160	Pulse	255	2400000	10872	NA
p053v2	162	Response	101	2429212	9753	1
p053v2	163	Pulse	255	2430000	708	NA
p053v2	165	Pulse	255	2460000	211	NA
p053v2	166	Response	101	2475612	5657	1
p053v2	168	Pulse	255	2490000	3880	NA
p053v2	170	Pulse	255	2520000	3549	NA
p053v2	170	Response	100	2520492	4041	1
p053v2	172	Pulse	255	2550000	18884	NA
p053v2	174	Response	100	2567132	5685	1
p053v2	176	Pulse	255	2580000	2388	NA
p053v2	178	Pulse	255	2610000	2057	NA
p053v2	178	Response	100	2613692	5749	1
p053v2	180	Pulse	255	2640000	15892	NA
p053v2	182	Pulse	255	2670000	15561	NA
p053v2	182	Pulse	255	2700000	45561	NA
p053v2	182	Response	100	2704732	50293	1
p053v2	184	Pulse	255	2730000	14900	NA
p053v2	186	Response	101	2749772	4340	1
p053v2	187	Pulse	255	2760000	10069	NA
p053v2	189	Pulse	255	2790000	9572	NA
p053v2	190	Response	100	2799052	8458	1
p053v2	192	Pulse	255	2820000	10574	NA
p053v2	194	Pulse	255	2850000	10244	NA
p053v2	194	Response	101	2857292	17535	1
p053v2	196	Pulse	255	2880000	12246	NA
p053v2	198	Response	100	2909772	11687	1
p053v2	199	Pulse	255	2910000	83	NA
p053v2	200	Pulse	255	2940000	19750	NA
p053v2	202	Response	101	2957771	7191	1
p053v2	204	Pulse	255	2970000	1755	NA
p053v2	206	Pulse	255	3000000	1424	NA
p053v2	206	Response	100	3005132	6556	1
p053v2	207	Response	101	3006971	1729	1
p053v2	208	Pulse	255	3030000	14425	NA
p053v2	210	Pulse	255	3060000	14095	NA
p053v2	210	Response	101	3068971	23066	1
p053v2	212	Pulse	255	3090000	10598	NA
p053v2	214	Pulse	255	3120000	10267	NA
p053v2	214	Response	100	3126891	17158	1
p053v2	216	Pulse	255	3150000	12602	NA
p053v2	218	Response	101	3174651	6923	1
p053v2	219	Pulse	255	3180000	5272	NA
p053v2	221	Pulse	255	3210000	4775	NA
p053v2	222	Response	101	3230811	15420	1
p053v2	223	Pulse	255	3240000	9110	NA
p053v2	225	Pulse	255	3270000	8613	NA
p053v2	226	Response	101	3280651	9099	1
p053v2	228	Pulse	255	3300000	8616	NA
p053v2	230	Pulse	255	3330000	8285	NA
p053v2	230	Response	101	3341771	20056	1
p053v2	232	Pulse	255	3360000	7788	NA
p053v2	234	Pulse	255	3390000	7457	NA
p053v2	234	Response	100	3397851	15308	1
p053v2	236	Pulse	255	3420000	11792	NA
p053v2	238	Pulse	255	3450000	11462	NA
p053v2	238	Response	100	3477211	38673	1
p053v2	239	Pulse	255	3480000	2632	NA
p053v2	241	Pulse	255	3510000	2134	NA
p053v2	242	Picture	instruct_trial	3518032	0	1	18165	1	0	next	other	0
p053v2	242	Response	100	3536011	17980	1
p053v2	243	Pulse	255	3540000	3637	NA
p053v2	243	Response	100	3553771	17408	1
p053v2	245	Pulse	255	3570000	5806	NA
p053v2	247	Pulse	255	3600000	5475	NA
p053v2	247	Response	101	3607851	13326	1
p053v2	249	Pulse	255	3630000	11644	NA
p053v2	251	Pulse	255	3660000	11313	NA
p053v2	251	Response	101	3683851	35164	1
p053v2	252	Pulse	255	3690000	5983	NA
p053v2	254	Pulse	255	3720000	5319	NA
p053v2	255	Pulse	255	3750000	25153	NA
p053v2	255	Response	100	3751771	26924	1
p053v2	257	Response	100	3778331	16154	1
p053v2	257	Pulse	255	3780000	17823	NA
p053v2	259	Response	100	3805531	13023	1
p053v2	260	Pulse	255	3810000	4327	NA
p053v2	262	Pulse	255	3840000	3829	NA
p053v2	263	Response	101	3859131	12794	1
p053v2	265	Pulse	255	3870000	499	NA
p053v2	267	Pulse	255	3900000	168	NA
p053v2	267	Response	100	3927051	27219	1
p053v2	268	Pulse	255	3930000	2837	NA
p053v2	270	Pulse	255	3960000	2340	NA
p053v2	271	Response	100	3984411	16584	1
p053v2	272	Pulse	255	3990000	5509	NA
p053v2	274	Pulse	255	4020000	5011	NA
p053v2	275	Response	100	4035931	10776	1
p053v2	277	Pulse	255	4050000	3681	NA
p053v2	279	Pulse	255	4080000	3350	NA
p053v2	279	Response	101	4084811	8160	1
p053v2	281	Pulse	255	4110000	14518	NA
p053v2	283	Response	101	4134491	8678	1
p053v2	284	Pulse	255	4140000	5355	NA
p053v2	286	Pulse	255	4170000	4857	NA
p053v2	287	Response	100	4179370	4062	1
p053v2	289	Pulse	255	4200000	10193	NA
p053v2	291	Pulse	255	4230000	9862	NA
p053v2	291	Response	101	4231370	11233	1
p053v2	293	Pulse	255	4260000	18197	NA
p053v2	295	Pulse	255	4290000	17867	NA
p053v2	295	Response	101	4290651	18517	1
p053v2	297	Pulse	255	4320000	18869	NA
p053v2	299	Pulse	255	4350000	18538	NA
p053v2	299	Response	100	4353611	22149	1
p053v2	301	Pulse	255	4380000	15875	NA
p053v2	303	Response	100	4402410	7954	1
p053v2	304	Pulse	255	4410000	7545	NA
p053v2	306	Pulse	255	4440000	7047	NA
p053v2	307	Response	100	4454170	11052	1
p053v2	309	Pulse	255	4470000	5383	NA
p053v2	311	Pulse	255	4500000	5052	NA
p053v2	311	Response	100	4505770	10823	1
p053v2	313	Pulse	255	4530000	13721	NA
p053v2	315	Response	101	4558650	12040	1
p053v2	316	Pulse	255	4560000	1225	NA
p053v2	318	Pulse	255	4590000	727	NA
p053v2	319	Response	101	4617130	17692	1
p053v2	320	Pulse	255	4620000	2730	NA
p053v2	322	Pulse	255	4650000	2232	NA
p053v2	323	Response	101	4668810	10876	1
p053v2	325	Pulse	255	4680000	735	NA
p053v2	327	Pulse	255	4710000	404	NA
p053v2	327	Response	100	4721210	11614	1
p053v2	329	Pulse	255	4740000	8406	NA
p053v2	331	Pulse	255	4770000	8075	NA
p053v2	331	Response	100	4770250	8326	1
p053v2	333	Pulse	255	4800000	19244	NA
p053v2	335	Response	100	4819530	8443	1
p053v2	337	Pulse	255	4830000	81	NA
p053v2	338	Pulse	255	4860000	9916	NA
p053v2	339	Response	100	4869850	9601	1
p053v2	341	Pulse	255	4890000	9752	NA
p053v2	343	Pulse	255	4920000	9422	NA
p053v2	343	Response	101	4924170	13592	1
p053v2	345	Pulse	255	4950000	15424	NA
p053v2	347	Pulse	255	4980000	15093	NA
p053v2	347	Pulse	255	5010000	45093	NA
p053v2	347	Response	101	5027210	62303	1
p053v2	349	Pulse	255	5040000	2432	NA
p053v2	351	Pulse	255	5070000	2102	NA
p053v2	351	Response	100	5088730	20831	1
p053v2	353	Pulse	255	5100000	771	NA
p053v2	355	Pulse	255	5130000	440	NA
p053v2	355	Response	100	5146650	17090	1
p053v2	357	Pulse	255	5160000	2943	NA
p053v2	359	Pulse	255	5190000	2612	NA
p053v2	359	Response	101	5198490	11102	1
p053v2	361	Pulse	255	5220000	11114	NA
p053v2	363	Response	101	5247049	7832	1
p053v2	364	Pulse	255	5250000	2784	NA
p053v2	366	Pulse	255	5280000	2286	NA
p053v2	367	Response	101	5296731	8851	1
p053v2	369	Pulse	255	5310000	2789	NA
p053v2	371	Pulse	255	5340000	2458	NA
p053v2	371	Response	101	5341930	4388	1
p053v2	373	Pulse	255	5370000	17626	NA
p053v2	375	Pulse	255	5400000	17295	NA
p053v2	375	Response	100	5402250	19545	1
p053v2	377	Pulse	255	5430000	17298	NA
p053v2	379	Response	100	5453450	10417	1
p053v2	380	Pulse	255	5460000	6468	NA
p053v2	382	Pulse	255	5490000	5971	NA
p053v2	383	Response	101	5515770	21575	1
p053v2	384	Pulse	255	5520000	4140	NA
p053v2	386	Pulse	255	5550000	3643	NA
p053v2	387	Response	101	5566969	10446	1
p053v2	389	Pulse	255	5580000	2645	NA
p053v2	391	Pulse	255	5610000	2315	NA
p053v2	391	Response	100	5617850	10164	1
p053v2	393	Pulse	255	5640000	11650	NA
p053v2	395	Response	100	5666809	8129	1
p053v2	396	Pulse	255	5670000	3153	NA
p053v2	398	Pulse	255	5700000	2656	NA
p053v2	399	Response	100	5718411	10901	1
p053v2	401	Pulse	255	5730000	1158	NA
p053v2	403	Pulse	255	5760000	828	NA
p053v2	403	Response	101	5768169	8997	1
p053v2	405	Pulse	255	5790000	11329	NA
p053v2	407	Response	101	5815609	6608	1
p053v2	408	Pulse	255	5820000	4333	NA
p053v2	410	Pulse	255	5850000	3835	NA
p053v2	411	Pulse	255	5880000	23669	NA
p053v2	411	Response	100	5886569	30239	1
p053v2	411	Response	101	5886571	30240	1
p053v2	413	Pulse	255	5910000	13006	NA
p053v2	415	Response	100	5933849	6525	1
p053v2	416	Pulse	255	5940000	6009	NA
p053v2	418	Pulse	255	5970000	5512	NA
p053v2	419	Response	100	5984970	10317	1
p053v2	421	Pulse	255	6000000	4515	NA
p053v2	423	Pulse	255	6030000	4184	NA
p053v2	423	Response	100	6033609	7793	1
p053v2	425	Pulse	255	6060000	16019	NA
p053v2	427	Response	101	6084409	10097	1
p053v2	428	Pulse	255	6090000	5522	NA
p053v2	430	Pulse	255	6120000	5025	NA
p053v2	431	Pulse	255	6150000	24859	NA
p053v2	431	Pulse	255	6180000	54859	NA
p053v2	431	Response	100	6198901	73760	1
p053v2	433	Pulse	255	6210000	700	NA
p053v2	435	Pulse	255	6240000	369	NA
p053v2	435	Response	101	6254649	15018	1
p053v2	437	Pulse	255	6270000	4871	NA
p053v2	439	Pulse	255	6300000	4541	NA
p053v2	439	Response	100	6305449	9989	1
p053v2	441	Pulse	255	6330000	14042	NA
p053v2	443	Response	101	6354809	8520	1
p053v2	444	Pulse	255	6360000	5046	NA
p053v2	446	Pulse	255	6390000	4548	NA
p053v2	447	Response	100	6407689	12071	1
p053v2	449	Pulse	255	6420000	1884	NA
p053v2	451	Pulse	255	6450000	1554	NA
p053v2	451	Response	101	6456489	8043	1
p053v2	453	Pulse	255	6480000	13055	NA
p053v2	455	Pulse	255	6510000	12725	NA
p053v2	455	Response	100	6526089	28813	1
p053v2	457	Pulse	255	6540000	3395	NA
p053v2	459	Pulse	255	6570000	3064	NA
p053v2	459	Response	101	6573689	6753	1
p053v2	461	Pulse	255	6600000	15899	NA
p053v2	463	Response	100	6621529	7097	1
p053v2	464	Pulse	255	6630000	8402	NA
p053v2	466	Pulse	255	6660000	7904	NA
p053v2	467	Response	101	6672649	10387	1
p053v2	469	Pulse	255	6690000	6907	NA
p053v2	471	Response	101	6719449	6025	1
p053v2	472	Pulse	255	6720000	410	NA
p053v2	473	Pulse	255	6750000	20078	NA
p053v2	475	Response	100	6765209	4956	1
p053v2	477	Pulse	255	6780000	4415	NA
p053v2	479	Pulse	255	6810000	4084	NA
p053v2	479	Response	100	6812089	6173	1
p053v2	481	Pulse	255	6840000	17419	NA
p053v2	483	Picture	instruct_trial	6852912	0	1	12832	1	0	next	other	0
p053v2	483	Response	100	6865689	12777	1
p053v2	484	Pulse	255	6870000	4090	NA
p053v2	484	Response	100	6881368	15458	1
p053v2	486	Pulse	255	6900000	8258	NA
p053v2	488	Pulse	255	6930000	7928	NA
p053v2	488	Response	101	6937208	15136	1
p053v2	490	Pulse	255	6960000	12430	NA
p053v2	492	Pulse	255	6990000	12099	NA
p053v2	492	Response	100	6993288	15388	1
p053v2	494	Pulse	255	7020000	16268	NA
p053v2	496	Response	100	7045448	11386	1
p053v2	497	Pulse	255	7050000	4438	NA
p053v2	499	Pulse	255	7080000	3941	NA
p053v2	500	Pulse	255	7110000	23775	NA
p053v2	500	Pulse	255	7140000	53775	NA
p053v2	500	Response	101	7143608	57383	1
p053v2	502	Pulse	255	7170000	15948	NA
p053v2	504	Response	101	7198008	13625	1
p053v2	505	Pulse	255	7200000	1951	NA
p053v2	507	Pulse	255	7230000	1454	NA
p053v2	508	Response	100	7248168	9456	1
p053v2	510	Pulse	255	7260000	1457	NA
p053v2	512	Pulse	255	7290000	1126	NA
p053v2	512	Response	101	7305768	16894	1
p053v2	514	Pulse	255	7320000	3795	NA
p053v2	516	Pulse	255	7350000	3464	NA
p053v2	516	Response	100	7354248	7712	1
p053v2	518	Pulse	255	7380000	15299	NA
p053v2	520	Response	101	7399688	4656	1
p053v2	521	Pulse	255	7410000	10135	NA
p053v2	523	Pulse	255	7440000	9638	NA
p053v2	524	Response	101	7448488	7960	1
p053v2	526	Pulse	255	7470000	11140	NA
p053v2	528	Pulse	255	7500000	10810	NA
p053v2	528	Response	100	7514968	25778	1
p053v2	530	Pulse	255	7530000	4646	NA
p053v2	532	Pulse	255	7560000	4315	NA
p053v2	532	Response	101	7571928	16244	1
p053v2	534	Pulse	255	7590000	7651	NA
p053v2	536	Pulse	255	7620000	7320	NA
p053v2	536	Response	101	7623448	10768	1
p053v2	538	Pulse	255	7650000	15989	NA
p053v2	540	Response	100	7676968	12626	1
p053v2	541	Pulse	255	7680000	2993	NA
p053v2	543	Pulse	255	7710000	2495	NA
p053v2	544	Response	100	7730968	13297	1
p053v2	545	Pulse	255	7740000	8997	NA
p053v2	547	Pulse	255	7770000	8500	NA
p053v2	548	Response	100	7785208	13542	1
p053v2	550	Pulse	255	7800000	4336	NA
p053v2	552	Pulse	255	7830000	4005	NA
p053v2	552	Response	101	7846568	20573	1
p053v2	554	Pulse	255	7860000	3008	NA
p053v2	556	Pulse	255	7890000	2677	NA
p053v2	556	Response	101	7912408	25085	1
p053v2	557	Pulse	255	7920000	7513	NA
p053v2	559	Pulse	255	7950000	6849	NA
p053v2	560	Response	101	7967768	14451	1
p053v2	562	Pulse	255	7980000	1852	NA
p053v2	564	Pulse	255	8010000	1521	NA
p053v2	564	Response	101	8015848	7369	1
p053v2	566	Pulse	255	8040000	13689	NA
p053v2	568	Response	100	8066088	9446	1
p053v2	569	Pulse	255	8070000	3859	NA
p053v2	571	Pulse	255	8100000	3362	NA
p053v2	572	Response	100	8124248	17444	1
p053v2	573	Pulse	255	8130000	5698	NA
p053v2	575	Pulse	255	8160000	5200	NA
p053v2	576	Response	100	8177287	12322	1
p053v2	578	Pulse	255	8190000	2036	NA
p053v2	580	Pulse	255	8220000	1706	NA
p053v2	580	Response	100	8231607	13313	1
p053v2	582	Pulse	255	8250000	7874	NA
p053v2	584	Pulse	255	8280000	7544	NA
p053v2	584	Response	101	8281527	9071	1
p053v2	586	Pulse	255	8310000	18045	NA
p053v2	588	Response	101	8333607	11322	1
p053v2	589	Pulse	255	8340000	6216	NA
p053v2	591	Pulse	255	8370000	5718	NA
p053v2	592	Response	100	8384727	10280	1
p053v2	594	Pulse	255	8400000	4888	NA
p053v2	596	Pulse	255	8430000	4557	NA
p053v2	596	Response	100	8431447	6004	1
p053v2	598	Pulse	255	8460000	18058	NA
p053v2	600	Response	101	8484087	11815	1
p053v2	601	Pulse	255	8490000	5729	NA
p053v2	603	Pulse	255	8520000	5231	NA
p053v2	604	Response	101	8531047	6113	1
p053v2	606	Pulse	255	8550000	8400	NA
p053v2	608	Pulse	255	8580000	8069	NA
p053v2	608	Response	101	8583447	11517	1
p053v2	610	Pulse	255	8610000	16071	NA
p053v2	612	Response	101	8637287	13028	1
p053v2	613	Pulse	255	8640000	2575	NA
p053v2	615	Pulse	255	8670000	2078	NA
p053v2	616	Response	100	8687607	9519	1
p053v2	618	Pulse	255	8700000	1914	NA
p053v2	620	Pulse	255	8730000	1583	NA
p053v2	620	Response	100	8736647	8230	1
p053v2	622	Pulse	255	8760000	12918	NA
p053v2	624	Response	101	8786327	8914	1
p053v2	625	Pulse	255	8790000	3588	NA
p053v2	627	Pulse	255	8820000	3091	NA
p053v2	628	Response	101	8838967	11892	1
p053v2	630	Pulse	255	8850000	593	NA
p053v2	632	Pulse	255	8880000	263	NA
p053v2	632	Response	100	8891607	11869	1
p053v2	634	Pulse	255	8910000	7931	NA
p053v2	636	Pulse	255	8940000	7600	NA
p053v2	636	Response	100	8959607	27207	1
p053v2	637	Pulse	255	8970000	10269	NA
p053v2	639	Pulse	255	9000000	9772	NA
p053v2	640	Response	100	9012247	11853	1
p053v2	642	Pulse	255	9030000	7275	NA
p053v2	644	Pulse	255	9060000	6944	NA
p053v2	644	Response	101	9066166	13111	1
p053v2	646	Pulse	255	9090000	13446	NA
p053v2	648	Response	101	9114487	7602	1
p053v2	649	Pulse	255	9120000	5449	NA
p053v2	651	Pulse	255	9150000	4952	NA
p053v2	652	Response	100	9166567	11353	1
p053v2	654	Pulse	255	9180000	2955	NA
p053v2	656	Pulse	255	9210000	2624	NA
p053v2	656	Response	100	9213687	6311	1
p053v2	658	Pulse	255	9240000	15792	NA
p053v2	660	Response	100	9259847	5308	1
p053v2	661	Pulse	255	9270000	10129	NA
p053v2	663	Pulse	255	9300000	9631	NA
p053v2	664	Pulse	255	9330000	29465	NA
p053v2	664	Response	100	9359207	58672	1
p053v2	665	Pulse	255	9360000	637	NA
p053v2	667	Pulse	255	9390000	140	NA
p053v2	668	Pulse	255	9420000	19974	NA
p053v2	668	Response	101	9433447	33420	1
p053v2	670	Pulse	255	9450000	6144	NA
p053v2	672	Pulse	255	9480000	5814	NA
p053v2	672	Response	100	9483846	9660	1
p053v2	674	Pulse	255	9510000	15649	NA
p053v2	676	Response	101	9533046	8364	1
p053v2	677	Pulse	255	9540000	6819	NA
p053v2	679	Pulse	255	9570000	6321	NA
p053v2	680	Response	100	9584566	10722	1
p053v2	682	Pulse	255	9600000	4991	NA
p053v2	684	Pulse	255	9630000	4660	NA
p053v2	684	Response	101	9631927	6587	1
p053v2	686	Pulse	255	9660000	17661	NA
p053v2	688	Response	100	9683526	10857	1
p053v2	689	Pulse	255	9690000	6332	NA
p053v2	691	Pulse	255	9720000	5834	NA
p053v2	692	Response	101	9732726	8395	1
p053v2	694	Pulse	255	9750000	6837	NA
p053v2	696	Pulse	255	9780000	6506	NA
p053v2	696	Response	101	9781446	7952	1
p053v2	698	Pulse	255	9810000	18174	NA
p053v2	700	Response	101	9831526	9370	1
p053v2	701	Pulse	255	9840000	8344	NA
p053v2	703	Pulse	255	9870000	7847	NA
p053v2	704	Response	100	9876806	4487	1
p053v2	706	Pulse	255	9900000	12682	NA
p053v2	708	Response	101	9926486	8838	1
p053v2	709	Pulse	255	9930000	3353	NA
p053v2	711	Pulse	255	9960000	2855	NA
p053v2	712	Response	101	9974806	7496	1
p053v2	714	Pulse	255	9990000	4524	NA
p053v2	716	Pulse	255	10020000	4194	NA
p053v2	716	Response	100	10021446	5640	1
p053v2	718	Pulse	255	10050000	18195	NA
p053v2	720	Response	100	10068166	6030	1
p053v2	722	Pulse	255	10080000	1366	NA
p053v2	724	Picture	instruct_trial	10108965	0	1	40163	1	0	next	other	0
p053v2	724	Pulse	255	10110000	1035	NA
p053v2	724	Pulse	255	10140000	31035	NA
