Scenario - learning_JJ_english
Logfile written - 06/15/2022 11:51:44

Subject	Trial	Event Type	Code	Time	TTime	Uncertainty	Duration	Uncertainty	ReqTime	ReqDur	Stim Type	Pair Index

P054v1	0	Pulse	255	0	0	NA
P054v1	1	Picture	instruct_trial	10500	0	1	79175	1	0	next	other	0
P054v1	1	Pulse	255	30000	19500	NA
P054v1	1	Pulse	255	60000	49500	NA
P054v1	1	Response	101	89213	78714	1
P054v1	1	Pulse	255	90000	79500	NA
P054v1	2	Pulse	255	120000	29825	NA
P054v1	2	Pulse	255	150000	59825	NA
P054v1	2	Pulse	255	180000	89825	NA
P054v1	2	Pulse	255	210000	119825	NA
P054v1	2	Pulse	255	240000	149825	NA
P054v1	2	Pulse	255	270000	179825	NA
P054v1	2	Response	101	286651	196477	1
P054v1	4	Pulse	255	300000	2157	NA
P054v1	6	Pulse	255	330000	1794	NA
P054v1	6	Response	101	350970	22764	1
P054v1	7	Pulse	255	360000	8946	NA
P054v1	9	Pulse	255	390000	8072	NA
P054v1	10	Response	101	406892	14865	1
P054v1	12	Pulse	255	420000	2761	NA
P054v1	14	Pulse	255	450000	2579	NA
P054v1	14	Response	101	465370	17949	1
P054v1	16	Pulse	255	480000	4283	NA
P054v1	18	Pulse	255	510000	4082	NA
P054v1	18	Response	100	520090	14172	1
P054v1	20	Pulse	255	540000	9542	NA
P054v1	22	Pulse	255	570000	9360	NA
P054v1	22	Response	101	578650	18009	1
P054v1	24	Pulse	255	600000	11103	NA
P054v1	26	Pulse	255	630000	10923	NA
P054v1	26	Response	100	632012	12934	1
P054v1	28	Pulse	255	660000	17663	NA
P054v1	30	Pulse	255	690000	17474	NA
P054v1	30	Response	100	704330	31804	1
P054v1	32	Pulse	255	720000	5342	NA
P054v1	34	Pulse	255	750000	5164	NA
P054v1	34	Response	100	759768	14933	1
P054v1	36	Pulse	255	780000	9865	NA
P054v1	38	Pulse	255	810000	9675	NA
P054v1	38	Pulse	255	840000	39675	NA
P054v1	38	Response	100	847368	47043	1
P054v1	40	Pulse	255	870000	12222	NA
P054v1	42	Pulse	255	900000	12024	NA
P054v1	42	Response	101	908889	20913	1
P054v1	44	Pulse	255	930000	10682	NA
P054v1	46	Pulse	255	960000	10448	NA
P054v1	46	Response	100	964568	15016	1
P054v1	48	Pulse	255	990000	15095	NA
P054v1	50	Pulse	255	1020000	14845	NA
P054v1	50	Response	100	1021530	16375	1
P054v1	52	Pulse	255	1050000	18034	NA
P054v1	54	Response	101	1073451	11301	1
P054v1	55	Pulse	255	1080000	6459	NA
P054v1	57	Pulse	255	1110000	6052	NA
P054v1	58	Response	100	1123128	8934	1
P054v1	60	Pulse	255	1140000	6540	NA
P054v1	62	Pulse	255	1170000	6359	NA
P054v1	62	Response	101	1177051	13410	1
P054v1	64	Pulse	255	1200000	12617	NA
P054v1	66	Pulse	255	1230000	12435	NA
P054v1	66	Response	100	1235449	17883	1
P054v1	68	Pulse	255	1260000	14137	NA
P054v1	70	Pulse	255	1290000	13901	NA
P054v1	70	Response	100	1300969	24869	1
P054v1	72	Pulse	255	1320000	8676	NA
P054v1	74	Pulse	255	1350000	8501	NA
P054v1	74	Response	101	1352010	10511	1
P054v1	76	Pulse	255	1380000	17603	NA
P054v1	78	Pulse	255	1410000	17417	NA
P054v1	78	Response	101	1413130	20547	1
P054v1	80	Pulse	255	1440000	16451	NA
P054v1	82	Response	101	1463448	9718	1
P054v1	83	Pulse	255	1470000	6467	NA
P054v1	85	Pulse	255	1500000	6136	NA
P054v1	86	Pulse	255	1530000	26030	NA
P054v1	86	Response	100	1538571	34601	1
P054v1	88	Pulse	255	1560000	11073	NA
P054v1	90	Pulse	255	1590000	10800	NA
P054v1	90	Response	100	1597528	18328	1
P054v1	92	Pulse	255	1620000	12139	NA
P054v1	94	Pulse	255	1650000	11927	NA
P054v1	94	Response	101	1650571	12498	1
P054v1	96	Pulse	255	1680000	19117	NA
P054v1	98	Pulse	255	1710000	18934	NA
P054v1	98	Response	100	1711847	20781	1
P054v1	100	Pulse	255	1740000	17793	NA
P054v1	102	Pulse	255	1770000	17651	NA
P054v1	102	Response	101	1792650	40300	1
P054v1	103	Pulse	255	1800000	7267	NA
P054v1	105	Pulse	255	1830000	6915	NA
P054v1	106	Response	101	1844170	10986	1
P054v1	108	Pulse	255	1860000	5503	NA
P054v1	110	Pulse	255	1890000	5331	NA
P054v1	110	Response	100	1896329	11659	1
P054v1	112	Pulse	255	1920000	13270	NA
P054v1	114	Response	100	1947448	10514	1
P054v1	115	Pulse	255	1950000	2469	NA
P054v1	117	Pulse	255	1980000	2166	NA
P054v1	118	Response	101	2008572	20638	1
P054v1	119	Pulse	255	2010000	1340	NA
P054v1	121	Pulse	255	2040000	892	NA
P054v1	122	Response	101	2057610	8401	1
P054v1	124	Pulse	255	2070000	2034	NA
P054v1	126	Pulse	255	2100000	1818	NA
P054v1	126	Response	101	2106090	7907	1
P054v1	128	Pulse	255	2130000	13595	NA
P054v1	130	Response	101	2157689	11033	1
P054v1	131	Pulse	255	2160000	2226	NA
P054v1	133	Pulse	255	2190000	1916	NA
P054v1	134	Response	100	2211448	13292	1
P054v1	135	Pulse	255	2220000	8380	NA
P054v1	137	Pulse	255	2250000	8060	NA
P054v1	138	Response	100	2260007	7964	1
P054v1	140	Pulse	255	2280000	9689	NA
P054v1	142	Pulse	255	2310000	9513	NA
P054v1	142	Response	100	2317609	17122	1
P054v1	144	Pulse	255	2340000	12049	NA
P054v1	146	Response	101	2369053	10977	1
P054v1	147	Pulse	255	2370000	865	NA
P054v1	149	Pulse	255	2400000	550	NA
P054v1	150	Response	100	2426567	17015	1
P054v1	151	Pulse	255	2430000	3348	NA
P054v1	153	Pulse	255	2460000	2920	NA
P054v1	154	Response	100	2478651	11468	1
P054v1	156	Pulse	255	2490000	1040	NA
P054v1	158	Pulse	255	2520000	839	NA
P054v1	158	Response	100	2534086	14925	1
P054v1	160	Pulse	255	2550000	5529	NA
P054v1	162	Pulse	255	2580000	5344	NA
P054v1	162	Response	100	2591771	17115	1
P054v1	164	Pulse	255	2610000	7869	NA
P054v1	166	Response	101	2638326	6015	1
P054v1	167	Pulse	255	2640000	1590	NA
P054v1	169	Pulse	255	2670000	1261	NA
P054v1	170	Pulse	255	2700000	21165	NA
P054v1	170	Response	100	2700808	21973	1
P054v1	172	Pulse	255	2730000	18878	NA
P054v1	174	Response	100	2755050	13744	1
P054v1	175	Pulse	255	2760000	4864	NA
P054v1	177	Pulse	255	2790000	4508	NA
P054v1	178	Response	100	2802327	6727	1
P054v1	180	Pulse	255	2820000	7324	NA
P054v1	182	Pulse	255	2850000	7148	NA
P054v1	182	Response	101	2853046	10193	1
P054v1	184	Response	101	2866486	3131	1
P054v1	184	Response	101	2877766	14410	1
P054v1	184	Pulse	255	2880000	16644	NA
P054v1	186	Response	101	2900087	6544	1
P054v1	187	Pulse	255	2910000	9790	NA
P054v1	189	Pulse	255	2940000	9424	NA
P054v1	190	Response	100	2948168	7494	1
P054v1	192	Pulse	255	2970000	11503	NA
P054v1	194	Response	100	2999608	10926	1
P054v1	195	Pulse	255	3000000	305	NA
P054v1	196	Pulse	255	3030000	20065	NA
P054v1	198	Response	101	3046087	5947	1
P054v1	200	Pulse	255	3060000	3561	NA
P054v1	202	Pulse	255	3090000	3409	NA
P054v1	202	Response	101	3090487	3896	1
P054v1	204	Pulse	255	3120000	19210	NA
P054v1	206	Response	100	3138488	7541	1
P054v1	208	Pulse	255	3150000	1156	NA
P054v1	210	Pulse	255	3180000	967	NA
P054v1	210	Response	101	3189049	10015	1
P054v1	212	Pulse	255	3210000	10447	NA
P054v1	214	Pulse	255	3240000	10180	NA
P054v1	214	Response	101	3240487	10667	1
P054v1	216	Pulse	255	3270000	19149	NA
P054v1	218	Pulse	255	3300000	18973	NA
P054v1	218	Response	101	3300727	19700	1
P054v1	220	Pulse	255	3330000	18968	NA
P054v1	222	Pulse	255	3360000	18788	NA
P054v1	222	Response	100	3366165	24954	1
P054v1	224	Pulse	255	3390000	13496	NA
P054v1	226	Pulse	255	3420000	13313	NA
P054v1	226	Response	101	3423048	16362	1
P054v1	228	Pulse	255	3450000	16624	NA
P054v1	230	Response	101	3472485	8925	1
P054v1	231	Pulse	255	3480000	7447	NA
P054v1	233	Pulse	255	3510000	7085	NA
P054v1	234	Response	100	3521527	8487	1
P054v1	236	Pulse	255	3540000	8134	NA
P054v1	238	Pulse	255	3570000	7954	NA
P054v1	238	Pulse	255	3600000	37954	NA
P054v1	238	Pulse	255	3630000	67954	NA
P054v1	238	Response	100	3634165	72118	1
P054v1	240	Pulse	255	3660000	15447	NA
P054v1	242	Picture	instruct_trial	3674767	0	1	22603	1	0	next	other	0
P054v1	242	Pulse	255	3690000	15233	NA
P054v1	242	Response	101	3697285	22518	1
P054v1	243	Pulse	255	3720000	22463	NA
P054v1	243	Response	100	3725768	28231	1
P054v1	245	Pulse	255	3750000	13877	NA
P054v1	247	Response	100	3779606	13286	1
P054v1	248	Pulse	255	3780000	308	NA
P054v1	249	Pulse	255	3810000	20074	NA
P054v1	251	Response	100	3831606	11486	1
P054v1	252	Pulse	255	3840000	8308	NA
P054v1	254	Pulse	255	3870000	7977	NA
P054v1	255	Response	100	3893284	21148	1
P054v1	256	Pulse	255	3900000	6632	NA
P054v1	258	Pulse	255	3930000	6301	NA
P054v1	259	Response	101	3946805	12987	1
P054v1	261	Pulse	255	3960000	2841	NA
P054v1	263	Pulse	255	3990000	2656	NA
P054v1	263	Response	101	4006085	18741	1
P054v1	265	Pulse	255	4020000	3606	NA
P054v1	267	Pulse	255	4050000	3445	NA
P054v1	267	Response	100	4057209	10653	1
P054v1	269	Pulse	255	4080000	12433	NA
P054v1	271	Response	101	4109044	11273	1
P054v1	272	Pulse	255	4110000	872	NA
P054v1	274	Pulse	255	4140000	561	NA
P054v1	275	Response	100	4157207	7663	1
P054v1	277	Pulse	255	4170000	2436	NA
P054v1	279	Pulse	255	4200000	2263	NA
P054v1	279	Response	101	4208727	10990	1
P054v1	281	Pulse	255	4230000	10920	NA
P054v1	283	Pulse	255	4260000	10735	NA
P054v1	283	Response	101	4263606	14340	1
P054v1	285	Pulse	255	4290000	16079	NA
P054v1	287	Response	101	4314482	10379	1
P054v1	288	Pulse	255	4320000	5434	NA
P054v1	290	Pulse	255	4350000	5078	NA
P054v1	291	Response	100	4371364	16346	1
P054v1	292	Pulse	255	4380000	8553	NA
P054v1	294	Pulse	255	4410000	8150	NA
P054v1	295	Response	101	4428164	16213	1
P054v1	297	Pulse	255	4440000	1507	NA
P054v1	299	Pulse	255	4470000	1330	NA
P054v1	299	Response	100	4479127	10457	1
P054v1	301	Pulse	255	4500000	10535	NA
P054v1	303	Response	100	4529285	9578	1
P054v1	304	Pulse	255	4530000	636	NA
P054v1	306	Pulse	255	4560000	325	NA
P054v1	307	Response	101	4583444	13663	1
P054v1	308	Pulse	255	4590000	6471	NA
P054v1	310	Pulse	255	4620000	6128	NA
P054v1	311	Response	100	4644644	20677	1
P054v1	312	Pulse	255	4650000	5281	NA
P054v1	314	Pulse	255	4680000	4972	NA
P054v1	315	Response	100	4701605	16476	1
P054v1	316	Pulse	255	4710000	8310	NA
P054v1	318	Pulse	255	4740000	7947	NA
P054v1	319	Response	100	4763444	21291	1
P054v1	320	Pulse	255	4770000	6471	NA
P054v1	322	Pulse	255	4800000	6114	NA
P054v1	323	Response	100	4815287	11295	1
P054v1	325	Pulse	255	4830000	4376	NA
P054v1	327	Pulse	255	4860000	4194	NA
P054v1	327	Response	100	4864562	8756	1
P054v1	329	Pulse	255	4890000	15079	NA
P054v1	331	Response	100	4912804	7702	1
P054v1	332	Pulse	255	4920000	7121	NA
P054v1	334	Pulse	255	4950000	6772	NA
P054v1	335	Response	100	4966087	12751	1
P054v1	337	Pulse	255	4980000	3556	NA
P054v1	339	Pulse	255	5010000	3375	NA
P054v1	339	Response	100	5016723	10098	1
P054v1	341	Pulse	255	5040000	12896	NA
P054v1	343	Response	101	5062402	5115	1
P054v1	344	Pulse	255	5070000	7508	NA
P054v1	346	Pulse	255	5100000	7153	NA
P054v1	347	Response	100	5110322	7379	1
P054v1	349	Pulse	255	5130000	9320	NA
P054v1	351	Pulse	255	5160000	9084	NA
P054v1	351	Response	100	5164562	13645	1
P054v1	353	Pulse	255	5190000	15078	NA
P054v1	355	Response	100	5212483	7391	1
P054v1	356	Pulse	255	5220000	7377	NA
P054v1	358	Pulse	255	5250000	7042	NA
P054v1	359	Response	100	5261444	8300	1
P054v1	361	Pulse	255	5280000	8185	NA
P054v1	363	Pulse	255	5310000	7989	NA
P054v1	363	Response	100	5312643	10632	1
P054v1	365	Pulse	255	5340000	17003	NA
P054v1	367	Response	100	5360885	7700	1
P054v1	368	Pulse	255	5370000	9028	NA
P054v1	370	Pulse	255	5400000	8714	NA
P054v1	371	Response	100	5406803	5414	1
P054v1	373	Pulse	255	5430000	12882	NA
P054v1	375	Response	100	5452563	5263	1
P054v1	376	Pulse	255	5460000	7411	NA
P054v1	378	Pulse	255	5490000	7049	NA
P054v1	379	Response	100	5506083	13030	1
P054v1	381	Pulse	255	5520000	3564	NA
P054v1	383	Pulse	255	5550000	3380	NA
P054v1	383	Response	101	5552721	6102	1
P054v1	385	Pulse	255	5580000	16921	NA
P054v1	387	Response	100	5599922	6653	1
P054v1	388	Pulse	255	5610000	9992	NA
P054v1	390	Pulse	255	5640000	9715	NA
P054v1	391	Response	100	5651685	11299	1
P054v1	393	Pulse	255	5670000	7960	NA
P054v1	395	Response	100	5699282	7056	1
P054v1	396	Pulse	255	5700000	633	NA
P054v1	398	Pulse	255	5730000	271	NA
P054v1	399	Response	101	5747043	7212	1
P054v1	401	Pulse	255	5760000	2666	NA
P054v1	403	Pulse	255	5790000	2483	NA
P054v1	403	Response	100	5792803	5286	1
P054v1	405	Pulse	255	5820000	16885	NA
P054v1	407	Response	100	5839362	5978	1
P054v1	409	Pulse	255	5850000	325	NA
P054v1	411	Pulse	255	5880000	148	NA
P054v1	411	Response	100	5884962	5110	1
P054v1	413	Pulse	255	5910000	14680	NA
P054v1	415	Response	101	5929202	3702	1
P054v1	417	Pulse	255	5940000	500	NA
P054v1	419	Pulse	255	5970000	253	NA
P054v1	419	Response	101	5978402	8655	1
P054v1	421	Pulse	255	6000000	11250	NA
P054v1	423	Response	100	6024561	5623	1
P054v1	424	Pulse	255	6030000	5356	NA
P054v1	426	Pulse	255	6060000	4999	NA
P054v1	427	Response	100	6074882	9765	1
P054v1	429	Pulse	255	6090000	4729	NA
P054v1	431	Pulse	255	6120000	4547	NA
P054v1	431	Response	101	6124721	9268	1
P054v1	433	Pulse	255	6150000	14917	NA
P054v1	435	Response	100	6169045	3779	1
P054v1	437	Pulse	255	6180000	586	NA
P054v1	439	Pulse	255	6210000	401	NA
P054v1	439	Response	100	6217680	8081	1
P054v1	441	Pulse	255	6240000	12006	NA
P054v1	443	Response	100	6264000	5822	1
P054v1	444	Pulse	255	6270000	5925	NA
P054v1	446	Pulse	255	6300000	5592	NA
P054v1	447	Response	100	6310880	6369	1
P054v1	449	Pulse	255	6330000	8784	NA
P054v1	451	Pulse	255	6360000	8596	NA
P054v1	451	Response	101	6361279	9875	1
P054v1	453	Pulse	255	6390000	18281	NA
P054v1	455	Response	100	6408643	6723	1
P054v1	457	Pulse	255	6420000	1021	NA
P054v1	459	Pulse	255	6450000	843	NA
P054v1	459	Response	100	6455279	6123	1
P054v1	461	Pulse	255	6480000	14430	NA
P054v1	463	Response	101	6503360	7612	1
P054v1	464	Pulse	255	6510000	6556	NA
P054v1	466	Pulse	255	6540000	6171	NA
P054v1	467	Response	100	6549599	5671	1
P054v1	469	Pulse	255	6570000	10032	NA
P054v1	471	Response	101	6593680	3530	1
P054v1	472	Pulse	255	6600000	6236	NA
P054v1	474	Pulse	255	6630000	5903	NA
P054v1	475	Response	100	6639761	5562	1
P054v1	477	Pulse	255	6660000	9790	NA
P054v1	479	Response	100	6686639	6252	1
P054v1	480	Pulse	255	6690000	3278	NA
P054v1	482	Pulse	255	6720000	2911	NA
P054v1	483	Picture	instruct_trial	6727219	0	1	19906	1	0	next	other	0
P054v1	483	Response	101	6747041	19822	1
P054v1	484	Pulse	255	6750000	2709	NA
P054v1	484	Response	100	6767523	20231	1
P054v1	486	Pulse	255	6780000	2118	NA
P054v1	488	Pulse	255	6810000	1938	NA
P054v1	488	Response	101	6831200	23138	1
P054v1	489	Pulse	255	6840000	8716	NA
P054v1	491	Pulse	255	6870000	8266	NA
P054v1	492	Response	100	6880080	8251	1
P054v1	494	Pulse	255	6900000	9586	NA
P054v1	496	Pulse	255	6930000	9399	NA
P054v1	496	Response	101	6932400	11798	1
P054v1	498	Pulse	255	6960000	17248	NA
P054v1	500	Response	101	6979999	7041	1
P054v1	501	Pulse	255	6990000	9926	NA
P054v1	503	Pulse	255	7020000	9566	NA
P054v1	504	Response	101	7032561	12015	1
P054v1	506	Pulse	255	7050000	7088	NA
P054v1	508	Pulse	255	7080000	6890	NA
P054v1	508	Response	101	7088078	14968	1
P054v1	510	Pulse	255	7110000	11604	NA
P054v1	512	Response	100	7137919	9341	1
P054v1	513	Pulse	255	7140000	1996	NA
P054v1	515	Pulse	255	7170000	1679	NA
P054v1	516	Response	101	7195039	16618	1
P054v1	517	Pulse	255	7200000	4877	NA
P054v1	519	Pulse	255	7230000	4487	NA
P054v1	520	Response	100	7251199	15585	1
P054v1	521	Pulse	255	7260000	8716	NA
P054v1	523	Pulse	255	7290000	8372	NA
P054v1	524	Response	100	7303038	11312	1
P054v1	526	Pulse	255	7320000	6603	NA
P054v1	528	Pulse	255	7350000	6422	NA
P054v1	528	Response	100	7351598	8020	1
P054v1	530	Pulse	255	7380000	17964	NA
P054v1	532	Response	101	7396320	4146	1
P054v1	534	Pulse	255	7410000	3189	NA
P054v1	536	Pulse	255	7440000	3003	NA
P054v1	536	Response	100	7449600	12603	1
P054v1	538	Pulse	255	7470000	10108	NA
P054v1	540	Pulse	255	7500000	9925	NA
P054v1	540	Response	100	7500240	10165	1
P054v1	542	Pulse	255	7530000	19393	NA
P054v1	544	Response	101	7547040	6251	1
P054v1	546	Pulse	255	7560000	2626	NA
P054v1	548	Pulse	255	7590000	2439	NA
P054v1	548	Response	101	7598880	11319	1
P054v1	550	Pulse	255	7620000	10828	NA
P054v1	552	Response	100	7646639	7286	1
P054v1	553	Pulse	255	7650000	3277	NA
P054v1	555	Pulse	255	7680000	2977	NA
P054v1	556	Response	100	7696479	9354	1
P054v1	558	Pulse	255	7710000	3177	NA
P054v1	560	Response	101	7738639	1640	1
P054v1	561	Pulse	255	7740000	1289	NA
P054v1	562	Response	101	7767999	18966	1
P054v1	563	Pulse	255	7770000	896	NA
P054v1	563	Response	101	7774318	5214	1
P054v1	564	Response	101	7780879	1676	1
P054v1	566	Pulse	255	7800000	8756	NA
P054v1	567	Response	100	7816959	5644	1
P054v1	568	Response	100	7823118	1703	1
P054v1	569	Pulse	255	7830000	6807	NA
P054v1	571	Response	100	7859360	5848	1
P054v1	571	Pulse	255	7860000	6488	NA
P054v1	572	Response	100	7864159	549	1
P054v1	574	Pulse	255	7890000	15480	NA
P054v1	575	Response	101	7901598	6996	1
P054v1	576	Response	100	7910318	5595	1
P054v1	577	Pulse	255	7920000	9598	NA
P054v1	578	Response	101	7935678	15050	1
P054v1	579	Pulse	255	7950000	9197	NA
P054v1	580	Response	101	7951197	291	1
P054v1	582	Pulse	255	7980000	18481	NA
P054v1	583	Response	101	7987277	5573	1
P054v1	584	Response	101	7994717	2906	1
P054v1	586	Pulse	255	8010000	4931	NA
P054v1	587	Response	100	8032082	6965	1
P054v1	588	Response	100	8037837	2618	1
P054v1	589	Pulse	255	8040000	1974	NA
P054v1	590	Response	101	8065757	17455	1
P054v1	591	Pulse	255	8070000	1617	NA
P054v1	591	Response	101	8071121	2738	1
P054v1	591	Response	101	8076477	8094	1
P054v1	592	Response	101	8081517	3035	1
P054v1	594	Pulse	255	8100000	8040	NA
P054v1	596	Response	101	8129438	7207	1
P054v1	597	Pulse	255	8130000	477	NA
P054v1	599	Pulse	255	8160000	120	NA
P054v1	600	Response	101	8173118	3134	1
P054v1	602	Pulse	255	8190000	6587	NA
P054v1	604	Response	101	8218159	4565	1
P054v1	605	Pulse	255	8220000	1801	NA
P054v1	607	Pulse	255	8250000	1463	NA
P054v1	608	Response	101	8262480	3886	1
P054v1	610	Pulse	255	8280000	7245	NA
P054v1	612	Pulse	255	8310000	7054	NA
P054v1	612	Response	101	8310719	7773	1
P054v1	614	Pulse	255	8340000	18916	NA
P054v1	616	Response	100	8356078	4795	1
P054v1	618	Pulse	255	8370000	3571	NA
P054v1	620	Pulse	255	8400000	3372	NA
P054v1	620	Response	101	8413596	16968	1
P054v1	622	Pulse	255	8430000	6052	NA
P054v1	624	Pulse	255	8460000	5862	NA
P054v1	624	Response	100	8462798	8661	1
P054v1	626	Pulse	255	8490000	16870	NA
P054v1	628	Response	100	8512397	9082	1
P054v1	629	Pulse	255	8520000	7520	NA
P054v1	631	Pulse	255	8550000	7172	NA
P054v1	632	Response	100	8560159	7229	1
P054v1	634	Pulse	255	8580000	9477	NA
P054v1	636	Response	100	8602958	2214	1
P054v1	637	Pulse	255	8610000	6958	NA
P054v1	639	Pulse	255	8640000	6716	NA
P054v1	640	Response	101	8647675	4287	1
P054v1	642	Pulse	255	8670000	11956	NA
P054v1	644	Response	100	8694878	6654	1
P054v1	645	Pulse	255	8700000	5036	NA
P054v1	647	Pulse	255	8730000	4689	NA
P054v1	648	Response	100	8744396	8985	1
P054v1	650	Pulse	255	8760000	5254	NA
P054v1	652	Response	101	8789757	4830	1
P054v1	653	Pulse	255	8790000	168	NA
P054v1	654	Pulse	255	8820000	19899	NA
P054v1	656	Response	101	8837436	7150	1
P054v1	658	Pulse	255	8850000	2306	NA
P054v1	660	Pulse	255	8880000	2105	NA
P054v1	660	Response	101	8884477	6582	1
P054v1	662	Pulse	255	8910000	15205	NA
P054v1	663	Response	100	8919117	4241	1
P054v1	663	Response	100	8924395	9519	1
P054v1	664	Response	100	8928075	3100	1
P054v1	666	Pulse	255	8940000	1562	NA
P054v1	668	Pulse	255	8970000	1375	NA
P054v1	668	Response	100	8974556	5931	1
P054v1	670	Pulse	255	9000000	15080	NA
P054v1	671	Response	100	9010876	5874	1
P054v1	672	Response	100	9019197	4128	1
P054v1	674	Pulse	255	9030000	518	NA
P054v1	675	Response	101	9054315	4751	1
P054v1	676	Response	101	9059916	256	1
P054v1	677	Pulse	255	9060000	7	NA
P054v1	678	Pulse	255	9090000	19645	NA
P054v1	680	Response	100	9112237	11700	1
P054v1	681	Pulse	255	9120000	7678	NA
P054v1	683	Pulse	255	9150000	7376	NA
P054v1	683	Response	101	9151036	8412	1
P054v1	684	Response	100	9166076	13357	1
P054v1	686	Pulse	255	9180000	3572	NA
P054v1	688	Response	101	9208477	1836	1
P054v1	689	Pulse	255	9210000	1451	NA
P054v1	691	Pulse	255	9240000	1113	NA
P054v1	692	Response	100	9252801	3808	1
P054v1	694	Pulse	255	9270000	6849	NA
P054v1	696	Pulse	255	9300000	6641	NA
P054v1	696	Response	100	9306235	12875	1
P054v1	698	Pulse	255	9330000	13414	NA
P054v1	700	Response	101	9358080	11328	1
P054v1	701	Pulse	255	9360000	1752	NA
P054v1	703	Pulse	255	9390000	1414	NA
P054v1	704	Response	100	9403356	4672	1
P054v1	706	Pulse	255	9420000	6249	NA
P054v1	708	Pulse	255	9450000	6067	NA
P054v1	708	Response	100	9453756	9823	1
P054v1	710	Pulse	255	9480000	15847	NA
P054v1	712	Pulse	255	9510000	15588	NA
P054v1	712	Response	100	9511036	16624	1
P054v1	714	Pulse	255	9540000	18605	NA
P054v1	716	Response	100	9556554	4973	1
P054v1	718	Pulse	255	9570000	3122	NA
P054v1	720	Pulse	255	9600000	2938	NA
P054v1	720	Response	101	9601035	3973	1
P054v1	722	Pulse	255	9630000	18606	NA
P054v1	724	Picture	instruct_trial	9641676	0	1	40082	1	0	next	other	0
P054v1	724	Pulse	255	9660000	18324	NA
P054v1	724	Response	101	9672714	31039	1
