Scenario - learning_JJ_english
Logfile written - 06/22/2022 12:36:56

Subject	Trial	Event Type	Code	Time	TTime	Uncertainty	Duration	Uncertainty	ReqTime	ReqDur	Stim Type	Pair Index

P054v2	0	Pulse	255	0	0	NA
P054v2	1	Picture	instruct_trial	10500	0	1	53495	1	0	next	other	0
P054v2	1	Pulse	255	30000	19500	NA
P054v2	1	Pulse	255	60000	49500	NA
P054v2	1	Response	101	63872	53372	1
P054v2	1	Pulse	255	90000	79500	NA
P054v2	2	Response	100	105151	14992	1
P054v2	4	Pulse	255	120000	4176	NA
P054v2	6	Pulse	255	150000	3845	NA
P054v2	6	Response	101	159631	13477	1
P054v2	8	Pulse	255	180000	9848	NA
P054v2	10	Pulse	255	210000	9517	NA
P054v2	10	Response	101	222191	21708	1
P054v2	12	Pulse	255	240000	7353	NA
P054v2	14	Pulse	255	270000	7022	NA
P054v2	14	Response	100	272671	9693	1
P054v2	16	Pulse	255	300000	16857	NA
P054v2	18	Response	101	325471	11998	1
P054v2	19	Pulse	255	330000	4361	NA
P054v2	21	Pulse	255	360000	3863	NA
P054v2	22	Response	101	380271	13969	1
P054v2	23	Pulse	255	390000	9699	NA
P054v2	25	Pulse	255	420000	9201	NA
P054v2	26	Response	101	434351	13387	1
P054v2	28	Pulse	255	450000	5204	NA
P054v2	30	Pulse	255	480000	4874	NA
P054v2	30	Response	100	490993	15867	1
P054v2	32	Pulse	255	510000	8543	NA
P054v2	34	Response	100	539791	8003	1
P054v2	35	Pulse	255	540000	46	NA
P054v2	36	Pulse	255	570000	19713	NA
P054v2	38	Response	101	593791	13174	1
P054v2	39	Pulse	255	600000	6051	NA
P054v2	41	Pulse	255	630000	5553	NA
P054v2	42	Response	101	646111	11498	1
P054v2	44	Pulse	255	660000	3223	NA
P054v2	46	Pulse	255	690000	2892	NA
P054v2	46	Response	100	697871	10763	1
P054v2	48	Pulse	255	720000	11560	NA
P054v2	50	Pulse	255	750000	11230	NA
P054v2	50	Response	100	756111	17340	1
P054v2	52	Pulse	255	780000	13399	NA
P054v2	54	Response	101	805871	8939	1
P054v2	55	Pulse	255	810000	4069	NA
P054v2	57	Pulse	255	840000	3571	NA
P054v2	58	Response	100	852351	5757	1
P054v2	60	Pulse	255	870000	7240	NA
P054v2	62	Pulse	255	900000	6910	NA
P054v2	62	Response	101	905871	12780	1
P054v2	64	Pulse	255	930000	13745	NA
P054v2	66	Response	100	955231	8645	1
P054v2	67	Pulse	255	960000	4582	NA
P054v2	69	Pulse	255	990000	4084	NA
P054v2	70	Response	100	1002271	6189	1
P054v2	72	Pulse	255	1020000	7253	NA
P054v2	74	Pulse	255	1050000	6922	NA
P054v2	74	Response	101	1051711	8633	1
P054v2	76	Pulse	255	1080000	17757	NA
P054v2	78	Response	101	1099470	6897	1
P054v2	80	Pulse	255	1110000	95	NA
P054v2	81	Pulse	255	1140000	9930	NA
P054v2	82	Response	101	1147231	6995	1
P054v2	84	Pulse	255	1170000	12266	NA
P054v2	86	Response	101	1198430	10365	1
P054v2	87	Pulse	255	1200000	1436	NA
P054v2	89	Pulse	255	1230000	938	NA
P054v2	90	Response	100	1249071	9843	1
P054v2	92	Pulse	255	1260000	441	NA
P054v2	94	Pulse	255	1290000	110	NA
P054v2	94	Response	100	1300990	11101	1
P054v2	96	Pulse	255	1320000	8446	NA
P054v2	98	Pulse	255	1350000	8115	NA
P054v2	98	Response	100	1352511	10625	1
P054v2	100	Pulse	255	1380000	17117	NA
P054v2	102	Response	101	1401311	8097	1
P054v2	103	Pulse	255	1410000	8620	NA
P054v2	105	Pulse	255	1440000	8123	NA
P054v2	106	Response	101	1447710	5667	1
P054v2	108	Pulse	255	1470000	11792	NA
P054v2	110	Response	101	1497870	9331	1
P054v2	111	Pulse	255	1500000	1962	NA
P054v2	113	Pulse	255	1530000	1464	NA
P054v2	114	Response	100	1550590	11888	1
P054v2	115	Pulse	255	1560000	9299	NA
P054v2	117	Pulse	255	1590000	8802	NA
P054v2	118	Response	100	1614510	23146	1
P054v2	119	Pulse	255	1620000	5305	NA
P054v2	121	Pulse	255	1650000	4808	NA
P054v2	122	Response	101	1663391	8033	1
P054v2	124	Pulse	255	1680000	5977	NA
P054v2	126	Pulse	255	1710000	5646	NA
P054v2	126	Response	101	1711550	7196	1
P054v2	128	Pulse	255	1740000	17814	NA
P054v2	130	Response	101	1762430	9913	1
P054v2	131	Pulse	255	1770000	7484	NA
P054v2	133	Pulse	255	1800000	6820	NA
P054v2	134	Response	100	1812830	9485	1
P054v2	136	Pulse	255	1830000	6656	NA
P054v2	138	Pulse	255	1860000	6325	NA
P054v2	138	Response	100	1860911	7236	1
P054v2	140	Pulse	255	1890000	18660	NA
P054v2	142	Response	101	1912030	10359	1
P054v2	143	Pulse	255	1920000	7830	NA
P054v2	145	Pulse	255	1950000	7333	NA
P054v2	146	Response	101	1960270	7437	1
P054v2	148	Pulse	255	1980000	9336	NA
P054v2	150	Response	101	2006270	5275	1
P054v2	151	Pulse	255	2010000	3672	NA
P054v2	153	Pulse	255	2040000	3175	NA
P054v2	154	Response	100	2055390	8399	1
P054v2	156	Pulse	255	2070000	4010	NA
P054v2	158	Pulse	255	2100000	3680	NA
P054v2	158	Response	101	2110030	13710	1
P054v2	160	Pulse	255	2130000	9515	NA
P054v2	162	Pulse	255	2160000	9184	NA
P054v2	162	Response	101	2166910	16095	1
P054v2	164	Pulse	255	2190000	12687	NA
P054v2	166	Response	101	2213229	5585	1
P054v2	167	Pulse	255	2220000	6690	NA
P054v2	169	Pulse	255	2250000	6192	NA
P054v2	170	Response	101	2261470	7496	1
P054v2	172	Pulse	255	2280000	8028	NA
P054v2	174	Pulse	255	2310000	7697	NA
P054v2	174	Response	100	2310270	7967	1
P054v2	176	Pulse	255	2340000	19366	NA
P054v2	178	Response	100	2355950	4984	1
P054v2	180	Pulse	255	2370000	3536	NA
P054v2	182	Pulse	255	2400000	3206	NA
P054v2	182	Response	100	2415950	19155	1
P054v2	183	Response	101	2417230	1104	1
P054v2	184	Pulse	255	2430000	3541	NA
P054v2	186	Pulse	255	2460000	3211	NA
P054v2	186	Response	101	2461710	4920	1
P054v2	188	Pulse	255	2490000	17879	NA
P054v2	190	Response	100	2516190	13738	1
P054v2	191	Pulse	255	2520000	3716	NA
P054v2	193	Pulse	255	2550000	3218	NA
P054v2	194	Pulse	255	2580000	23053	NA
P054v2	194	Response	100	2580029	23082	1
P054v2	196	Pulse	255	2610000	19555	NA
P054v2	198	Response	100	2632029	11254	1
P054v2	199	Pulse	255	2640000	7892	NA
P054v2	201	Pulse	255	2670000	7395	NA
P054v2	202	Response	101	2678910	6139	1
P054v2	204	Pulse	255	2700000	10731	NA
P054v2	206	Response	100	2725629	6029	1
P054v2	207	Pulse	255	2730000	4234	NA
P054v2	209	Pulse	255	2760000	3736	NA
P054v2	210	Response	100	2779709	13280	1
P054v2	211	Pulse	255	2790000	10238	NA
P054v2	213	Pulse	255	2820000	9741	NA
P054v2	214	Response	100	2824829	4405	1
P054v2	216	Pulse	255	2850000	14743	NA
P054v2	218	Response	101	2873789	8202	1
P054v2	219	Pulse	255	2880000	6080	NA
P054v2	221	Pulse	255	2910000	5582	NA
P054v2	222	Response	101	2922989	8406	1
P054v2	224	Pulse	255	2940000	6585	NA
P054v2	226	Pulse	255	2970000	6254	NA
P054v2	226	Response	101	2976109	12363	1
P054v2	228	Pulse	255	3000000	13423	NA
P054v2	230	Response	101	3022909	6001	1
P054v2	231	Pulse	255	3030000	6926	NA
P054v2	233	Pulse	255	3060000	6429	NA
P054v2	234	Response	100	3070509	6772	1
P054v2	236	Pulse	255	3090000	9098	NA
P054v2	238	Response	101	3116669	5436	1
P054v2	239	Pulse	255	3120000	3267	NA
P054v2	241	Pulse	255	3150000	2770	NA
P054v2	242	Picture	instruct_trial	3157396	0	1	96658	1	0	next	other	0
P054v2	242	Pulse	255	3180000	22604	NA
P054v2	242	Pulse	255	3210000	52604	NA
P054v2	242	Pulse	255	3240000	82604	NA
P054v2	242	Response	100	3253949	96553	1
P054v2	243	Response	100	3268989	14769	1
P054v2	244	Pulse	255	3270000	947	NA
P054v2	246	Pulse	255	3300000	450	NA
P054v2	247	Response	101	3316349	6633	1
P054v2	249	Pulse	255	3330000	3285	NA
P054v2	251	Pulse	255	3360000	2955	NA
P054v2	251	Response	101	3364509	7463	1
P054v2	253	Pulse	255	3390000	14956	NA
P054v2	255	Response	100	3413149	7775	1
P054v2	256	Pulse	255	3420000	6793	NA
P054v2	258	Pulse	255	3450000	6295	NA
P054v2	259	Response	101	3460349	6478	1
P054v2	261	Pulse	255	3480000	9131	NA
P054v2	263	Response	100	3508349	7150	1
P054v2	264	Pulse	255	3510000	1468	NA
P054v2	266	Pulse	255	3540000	970	NA
P054v2	267	Response	101	3556829	7633	1
P054v2	269	Pulse	255	3570000	2806	NA
P054v2	271	Pulse	255	3600000	2475	NA
P054v2	271	Response	101	3603949	6424	1
P054v2	273	Pulse	255	3630000	15643	NA
P054v2	275	Response	101	3651069	6382	1
P054v2	276	Pulse	255	3660000	8813	NA
P054v2	278	Pulse	255	3690000	8316	NA
P054v2	279	Response	101	3698909	7059	1
P054v2	281	Pulse	255	3720000	10652	NA
P054v2	283	Response	100	3746589	6910	1
P054v2	284	Pulse	255	3750000	3321	NA
P054v2	286	Pulse	255	3780000	2824	NA
P054v2	287	Response	100	3794909	7567	1
P054v2	289	Pulse	255	3810000	4660	NA
P054v2	291	Pulse	255	3840000	4329	NA
P054v2	291	Response	101	3841869	6198	1
P054v2	293	Pulse	255	3870000	17664	NA
P054v2	295	Response	101	3886828	4162	1
P054v2	297	Pulse	255	3900000	2668	NA
P054v2	299	Pulse	255	3930000	2337	NA
P054v2	299	Response	100	3934029	6366	1
P054v2	301	Pulse	255	3960000	15505	NA
P054v2	303	Response	101	3985868	11043	1
P054v2	304	Pulse	255	3990000	4009	NA
P054v2	306	Pulse	255	4020000	3511	NA
P054v2	307	Response	100	4043468	16814	1
P054v2	308	Pulse	255	4050000	6347	NA
P054v2	310	Pulse	255	4080000	5850	NA
P054v2	311	Response	101	4101068	16752	1
P054v2	312	Pulse	255	4110000	8852	NA
P054v2	314	Pulse	255	4140000	8355	NA
P054v2	315	Response	100	4153148	11337	1
P054v2	317	Pulse	255	4170000	6191	NA
P054v2	318	Response	101	4190029	6054	1
P054v2	319	Response	101	4197469	3328	1
P054v2	320	Pulse	255	4200000	2360	NA
P054v2	322	Pulse	255	4230000	1863	NA
P054v2	323	Response	101	4240908	2605	1
P054v2	325	Pulse	255	4260000	8698	NA
P054v2	327	Pulse	255	4290000	8367	NA
P054v2	327	Response	100	4297628	15996	1
P054v2	329	Pulse	255	4320000	11870	NA
P054v2	331	Pulse	255	4350000	11539	NA
P054v2	331	Response	101	4352268	13807	1
P054v2	333	Pulse	255	4380000	17208	NA
P054v2	335	Response	101	4400988	7865	1
P054v2	336	Pulse	255	4410000	8878	NA
P054v2	338	Pulse	255	4440000	8380	NA
P054v2	339	Response	101	4448668	6882	1
P054v2	341	Pulse	255	4470000	10883	NA
P054v2	343	Pulse	255	4500000	10552	NA
P054v2	343	Response	100	4502188	12740	1
P054v2	345	Pulse	255	4530000	17387	NA
P054v2	347	Response	101	4545948	3005	1
P054v2	349	Pulse	255	4560000	3558	NA
P054v2	351	Pulse	255	4590000	3227	NA
P054v2	351	Response	101	4592268	5495	1
P054v2	353	Pulse	255	4620000	17228	NA
P054v2	355	Response	100	4642108	9006	1
P054v2	356	Pulse	255	4650000	7732	NA
P054v2	358	Pulse	255	4680000	7234	NA
P054v2	359	Response	101	4691388	8457	1
P054v2	361	Pulse	255	4710000	8237	NA
P054v2	363	Pulse	255	4740000	7906	NA
P054v2	363	Response	101	4740988	8894	1
P054v2	365	Pulse	255	4770000	18575	NA
P054v2	367	Response	101	4788588	6831	1
P054v2	369	Pulse	255	4800000	912	NA
P054v2	371	Pulse	255	4830000	581	NA
P054v2	371	Response	101	4845068	15649	1
P054v2	373	Pulse	255	4860000	4417	NA
P054v2	375	Pulse	255	4890000	4086	NA
P054v2	375	Response	101	4893868	7954	1
P054v2	377	Pulse	255	4920000	15754	NA
P054v2	379	Response	101	4941868	7291	1
P054v2	380	Pulse	255	4950000	8091	NA
P054v2	382	Pulse	255	4980000	7594	NA
P054v2	383	Response	101	4993308	10735	1
P054v2	385	Pulse	255	5010000	6263	NA
P054v2	387	Pulse	255	5040000	5932	NA
P054v2	387	Response	100	5042268	8200	1
P054v2	389	Pulse	255	5070000	17267	NA
P054v2	391	Response	100	5093868	10804	1
P054v2	392	Pulse	255	5100000	6104	NA
P054v2	394	Pulse	255	5130000	5607	NA
P054v2	395	Response	101	5142347	7788	1
P054v2	397	Pulse	255	5160000	7276	NA
P054v2	399	Pulse	255	5190000	6945	NA
P054v2	399	Response	101	5191388	8333	1
P054v2	401	Pulse	255	5220000	18113	NA
P054v2	403	Response	101	5241867	9650	1
P054v2	404	Pulse	255	5250000	7950	NA
P054v2	406	Pulse	255	5280000	7453	NA
P054v2	407	Response	100	5292189	9476	1
P054v2	409	Pulse	255	5310000	7455	NA
P054v2	411	Pulse	255	5340000	7124	NA
P054v2	411	Response	100	5344907	12032	1
P054v2	413	Pulse	255	5370000	14626	NA
P054v2	415	Response	101	5393227	7523	1
P054v2	416	Pulse	255	5400000	6630	NA
P054v2	418	Pulse	255	5430000	6132	NA
P054v2	419	Response	101	5445147	11114	1
P054v2	421	Pulse	255	5460000	4468	NA
P054v2	423	Pulse	255	5490000	4138	NA
P054v2	423	Response	100	5498285	12423	1
P054v2	425	Pulse	255	5520000	11306	NA
P054v2	427	Pulse	255	5550000	10975	NA
P054v2	427	Response	101	5551467	12443	1
P054v2	429	Pulse	255	5580000	18144	NA
P054v2	431	Response	100	5605067	12881	1
P054v2	432	Pulse	255	5610000	4814	NA
P054v2	434	Pulse	255	5640000	4317	NA
P054v2	435	Response	101	5656507	10659	1
P054v2	437	Pulse	255	5670000	2986	NA
P054v2	439	Pulse	255	5700000	2656	NA
P054v2	439	Response	100	5714348	17004	1
P054v2	441	Pulse	255	5730000	5158	NA
P054v2	443	Pulse	255	5760000	4827	NA
P054v2	443	Response	100	5764667	9494	1
P054v2	445	Pulse	255	5790000	14662	NA
P054v2	447	Response	101	5809307	3639	1
P054v2	449	Pulse	255	5820000	166	NA
P054v2	450	Pulse	255	5850000	10001	NA
P054v2	451	Response	101	5865947	15782	1
P054v2	453	Pulse	255	5880000	3505	NA
P054v2	455	Pulse	255	5910000	3174	NA
P054v2	455	Response	101	5920587	13761	1
P054v2	457	Pulse	255	5940000	8842	NA
P054v2	459	Pulse	255	5970000	8512	NA
P054v2	459	Response	101	5977707	16219	1
P054v2	461	Pulse	255	6000000	11681	NA
P054v2	463	Response	100	6027707	9057	1
P054v2	464	Pulse	255	6030000	2184	NA
P054v2	466	Pulse	255	6060000	1687	NA
P054v2	467	Response	101	6088747	20268	1
P054v2	468	Pulse	255	6090000	1189	NA
P054v2	470	Pulse	255	6120000	525	NA
P054v2	471	Response	101	6147467	17827	1
P054v2	472	Pulse	255	6150000	2361	NA
P054v2	474	Pulse	255	6180000	1864	NA
P054v2	475	Response	100	6201707	13405	1
P054v2	476	Pulse	255	6210000	8199	NA
P054v2	478	Pulse	255	6240000	7702	NA
P054v2	479	Response	100	6256667	14203	1
P054v2	481	Pulse	255	6270000	2871	NA
P054v2	483	Picture	instruct_trial	6297459	0	1	371801	1	0	next	other	0
P054v2	483	Pulse	255	6300000	2541	NA
P054v2	483	Pulse	255	6330000	32541	NA
P054v2	483	Pulse	255	6360000	62541	NA
P054v2	483	Pulse	255	6390000	92541	NA
P054v2	483	Pulse	255	6420000	122541	NA
P054v2	483	Pulse	255	6450000	152541	NA
P054v2	483	Pulse	255	6480000	182541	NA
P054v2	483	Pulse	255	6510000	212541	NA
P054v2	483	Pulse	255	6540000	242541	NA
P054v2	483	Pulse	255	6570000	272541	NA
P054v2	483	Pulse	255	6600000	302541	NA
P054v2	483	Pulse	255	6630000	332541	NA
P054v2	483	Pulse	255	6660000	362541	NA
P054v2	483	Response	100	6669147	371687	1
P054v2	484	Response	100	6678827	9399	1
P054v2	486	Pulse	255	6690000	741	NA
P054v2	488	Pulse	255	6720000	410	NA
P054v2	488	Response	101	6734266	14676	1
P054v2	490	Pulse	255	6750000	5246	NA
P054v2	492	Pulse	255	6780000	4915	NA
P054v2	492	Response	100	6788666	13581	1
P054v2	494	Pulse	255	6810000	10917	NA
P054v2	496	Pulse	255	6840000	10586	NA
P054v2	496	Response	101	6857946	28532	1
P054v2	498	Pulse	255	6870000	1590	NA
P054v2	500	Pulse	255	6900000	1259	NA
P054v2	500	Response	101	6911066	12325	1
P054v2	502	Pulse	255	6930000	8428	NA
P054v2	504	Pulse	255	6960000	8097	NA
P054v2	504	Response	101	6974106	22203	1
P054v2	506	Pulse	255	6990000	5433	NA
P054v2	508	Pulse	255	7020000	5102	NA
P054v2	508	Response	100	7024826	9928	1
P054v2	510	Pulse	255	7050000	14771	NA
P054v2	512	Pulse	255	7080000	14440	NA
P054v2	512	Response	100	7089306	23746	1
P054v2	514	Pulse	255	7110000	10276	NA
P054v2	516	Pulse	255	7140000	9946	NA
P054v2	516	Response	101	7144666	14612	1
P054v2	518	Pulse	255	7170000	14948	NA
P054v2	520	Pulse	255	7200000	14617	NA
P054v2	520	Response	100	7204266	18883	1
P054v2	522	Pulse	255	7230000	15286	NA
P054v2	524	Pulse	255	7260000	14955	NA
P054v2	524	Response	101	7271386	26341	1
P054v2	526	Pulse	255	7290000	8125	NA
P054v2	528	Pulse	255	7320000	7794	NA
P054v2	528	Response	101	7326186	13980	1
P054v2	530	Pulse	255	7350000	13297	NA
P054v2	532	Response	100	7377306	10272	1
P054v2	533	Pulse	255	7380000	2633	NA
P054v2	535	Pulse	255	7410000	2136	NA
P054v2	536	Response	101	7436586	18556	1
P054v2	537	Pulse	255	7440000	3305	NA
P054v2	539	Pulse	255	7470000	2808	NA
P054v2	540	Response	100	7493786	16428	1
P054v2	541	Pulse	255	7500000	6143	NA
P054v2	543	Pulse	255	7530000	5646	NA
P054v2	544	Response	101	7544345	9826	1
P054v2	546	Pulse	255	7560000	5149	NA
P054v2	548	Pulse	255	7590000	4818	NA
P054v2	548	Response	101	7597546	12364	1
P054v2	550	Pulse	255	7620000	11987	NA
P054v2	552	Response	100	7649706	11361	1
P054v2	553	Pulse	255	7650000	157	NA
P054v2	554	Pulse	255	7680000	19824	NA
P054v2	556	Response	101	7703546	13040	1
P054v2	557	Pulse	255	7710000	6328	NA
P054v2	559	Pulse	255	7740000	5831	NA
P054v2	560	Response	100	7752426	8091	1
P054v2	562	Pulse	255	7770000	7167	NA
P054v2	564	Pulse	255	7800000	6840	NA
P054v2	564	Response	101	7803306	10146	1
P054v2	566	Pulse	255	7830000	16171	NA
P054v2	568	Pulse	255	7860000	15840	NA
P054v2	568	Response	101	7862265	18106	1
P054v2	570	Pulse	255	7890000	17343	NA
P054v2	572	Response	101	7913785	10797	1
P054v2	573	Pulse	255	7920000	6180	NA
P054v2	575	Pulse	255	7950000	5682	NA
P054v2	576	Response	100	7963385	8902	1
P054v2	578	Pulse	255	7980000	6185	NA
P054v2	580	Pulse	255	8010000	5854	NA
P054v2	580	Response	101	8010425	6279	1
P054v2	582	Pulse	255	8040000	19189	NA
P054v2	584	Response	100	8061945	10803	1
P054v2	585	Pulse	255	8070000	8026	NA
P054v2	587	Pulse	255	8100000	7528	NA
P054v2	588	Response	101	8125945	23308	1
P054v2	589	Pulse	255	8130000	4031	NA
P054v2	591	Pulse	255	8160000	3534	NA
P054v2	592	Response	101	8173065	6433	1
P054v2	594	Pulse	255	8190000	6536	NA
P054v2	596	Pulse	255	8220000	6205	NA
P054v2	596	Response	101	8220505	6711	1
P054v2	598	Pulse	255	8250000	19040	NA
P054v2	600	Response	100	8271305	10015	1
P054v2	601	Pulse	255	8280000	8544	NA
P054v2	603	Pulse	255	8310000	7880	NA
P054v2	604	Response	100	8338105	25819	1
P054v2	605	Pulse	255	8340000	1716	NA
P054v2	607	Pulse	255	8370000	1219	NA
P054v2	608	Response	100	8391305	12358	1
P054v2	609	Pulse	255	8400000	8554	NA
P054v2	611	Pulse	255	8430000	7890	NA
P054v2	612	Response	100	8438345	6069	1
P054v2	614	Pulse	255	8460000	11059	NA
P054v2	616	Response	101	8488745	9473	1
P054v2	617	Pulse	255	8490000	1229	NA
P054v2	619	Pulse	255	8520000	732	NA
P054v2	620	Response	101	8537865	8431	1
P054v2	622	Pulse	255	8550000	1734	NA
P054v2	624	Pulse	255	8580000	1403	NA
P054v2	624	Response	100	8586745	8148	1
P054v2	626	Pulse	255	8610000	12738	NA
P054v2	628	Response	101	8639545	11952	1
P054v2	629	Pulse	255	8640000	409	NA
P054v2	630	Pulse	255	8670000	20076	NA
P054v2	632	Response	101	8690665	10411	1
P054v2	633	Pulse	255	8700000	9246	NA
P054v2	635	Pulse	255	8730000	8749	NA
P054v2	636	Response	100	8745385	13968	1
P054v2	638	Pulse	255	8760000	4252	NA
P054v2	640	Pulse	255	8790000	3921	NA
P054v2	640	Response	101	8794265	8186	1
P054v2	642	Pulse	255	8820000	15256	NA
P054v2	644	Response	100	8849145	14070	1
P054v2	645	Pulse	255	8850000	760	NA
P054v2	647	Pulse	255	8880000	263	NA
P054v2	648	Response	101	8902025	12121	1
P054v2	649	Pulse	255	8910000	7931	NA
P054v2	651	Pulse	255	8940000	7434	NA
P054v2	652	Response	101	8950345	7612	1
P054v2	654	Pulse	255	8970000	9270	NA
P054v2	656	Pulse	255	9000000	8939	NA
P054v2	656	Response	101	9003305	12243	1
P054v2	658	Pulse	255	9030000	16274	NA
P054v2	660	Response	100	9051385	7328	1
P054v2	661	Pulse	255	9060000	8444	NA
P054v2	663	Pulse	255	9090000	7947	NA
P054v2	664	Response	101	9104105	11885	1
P054v2	666	Pulse	255	9120000	5449	NA
P054v2	668	Pulse	255	9150000	5119	NA
P054v2	668	Response	101	9154105	9223	1
P054v2	670	Pulse	255	9180000	15454	NA
P054v2	672	Response	101	9202905	8028	1
P054v2	673	Pulse	255	9210000	6957	NA
P054v2	675	Pulse	255	9240000	6460	NA
P054v2	676	Response	100	9249544	5838	1
P054v2	678	Pulse	255	9270000	9962	NA
P054v2	680	Pulse	255	9300000	9631	NA
P054v2	680	Response	101	9302425	12056	1
P054v2	682	Pulse	255	9330000	17133	NA
P054v2	684	Response	100	9356504	13307	1
P054v2	685	Pulse	255	9360000	3470	NA
P054v2	687	Pulse	255	9390000	2973	NA
P054v2	688	Response	100	9413704	16511	1
P054v2	689	Pulse	255	9420000	6142	NA
P054v2	691	Pulse	255	9450000	5644	NA
P054v2	692	Response	100	9466424	11903	1
P054v2	694	Pulse	255	9480000	3147	NA
P054v2	696	Pulse	255	9510000	2817	NA
P054v2	696	Response	100	9517305	10121	1
P054v2	698	Pulse	255	9540000	12318	NA
P054v2	700	Pulse	255	9570000	11988	NA
P054v2	700	Response	101	9571464	13452	1
P054v2	702	Pulse	255	9600000	18156	NA
P054v2	704	Response	101	9617704	5530	1
P054v2	706	Pulse	255	9630000	1827	NA
P054v2	708	Pulse	255	9660000	1496	NA
P054v2	708	Response	100	9663464	4960	1
P054v2	710	Pulse	255	9690000	16164	NA
P054v2	712	Response	100	9712504	8337	1
P054v2	713	Pulse	255	9720000	7334	NA
P054v2	715	Pulse	255	9750000	6837	NA
P054v2	716	Response	100	9763944	10615	1
P054v2	718	Pulse	255	9780000	5673	NA
P054v2	720	Pulse	255	9810000	5342	NA
P054v2	720	Response	101	9813464	8806	1
P054v2	722	Pulse	255	9840000	16177	NA
P054v2	724	Picture	instruct_trial	9854154	0	1	40163	1	0	next	other	0
P054v2	724	Pulse	255	9870000	15846	NA
